[2024-03-13T02:22:25.229+0000] {processor.py:161} INFO - Started process (PID=72) to work on /home/airflow/.local/lib/python3.8/site-packages/airflow/example_dags/example_datasets.py
[2024-03-13T02:22:25.230+0000] {processor.py:830} INFO - Processing file /home/airflow/.local/lib/python3.8/site-packages/airflow/example_dags/example_datasets.py for tasks to queue
[2024-03-13T02:22:25.232+0000] {logging_mixin.py:188} INFO - [2024-03-13T02:22:25.232+0000] {dagbag.py:540} INFO - Filling up the DagBag from /home/airflow/.local/lib/python3.8/site-packages/airflow/example_dags/example_datasets.py
[2024-03-13T02:22:25.242+0000] {processor.py:840} INFO - DAG(s) 'dataset_produces_2', 'dataset_consumes_1', 'dataset_produces_1', 'dataset_consumes_unknown_never_scheduled', 'dataset_consumes_1_and_2', 'dataset_consumes_1_never_scheduled' retrieved from /home/airflow/.local/lib/python3.8/site-packages/airflow/example_dags/example_datasets.py
[2024-03-13T02:22:25.324+0000] {logging_mixin.py:188} INFO - [2024-03-13T02:22:25.323+0000] {override.py:1769} INFO - Created Permission View: can delete on DAG:dataset_produces_2
[2024-03-13T02:22:25.334+0000] {logging_mixin.py:188} INFO - [2024-03-13T02:22:25.333+0000] {override.py:1769} INFO - Created Permission View: can read on DAG:dataset_produces_2
[2024-03-13T02:22:25.340+0000] {logging_mixin.py:188} INFO - [2024-03-13T02:22:25.340+0000] {override.py:1769} INFO - Created Permission View: can edit on DAG:dataset_produces_2
[2024-03-13T02:22:25.353+0000] {logging_mixin.py:188} INFO - [2024-03-13T02:22:25.353+0000] {override.py:1769} INFO - Created Permission View: can delete on DAG:dataset_consumes_1
[2024-03-13T02:22:25.360+0000] {logging_mixin.py:188} INFO - [2024-03-13T02:22:25.360+0000] {override.py:1769} INFO - Created Permission View: can read on DAG:dataset_consumes_1
[2024-03-13T02:22:25.366+0000] {logging_mixin.py:188} INFO - [2024-03-13T02:22:25.366+0000] {override.py:1769} INFO - Created Permission View: can edit on DAG:dataset_consumes_1
[2024-03-13T02:22:25.379+0000] {logging_mixin.py:188} INFO - [2024-03-13T02:22:25.379+0000] {override.py:1769} INFO - Created Permission View: can delete on DAG:dataset_produces_1
[2024-03-13T02:22:25.386+0000] {logging_mixin.py:188} INFO - [2024-03-13T02:22:25.385+0000] {override.py:1769} INFO - Created Permission View: can read on DAG:dataset_produces_1
[2024-03-13T02:22:25.391+0000] {logging_mixin.py:188} INFO - [2024-03-13T02:22:25.391+0000] {override.py:1769} INFO - Created Permission View: can edit on DAG:dataset_produces_1
[2024-03-13T02:22:25.402+0000] {logging_mixin.py:188} INFO - [2024-03-13T02:22:25.401+0000] {override.py:1769} INFO - Created Permission View: can delete on DAG:dataset_consumes_unknown_never_scheduled
[2024-03-13T02:22:25.408+0000] {logging_mixin.py:188} INFO - [2024-03-13T02:22:25.407+0000] {override.py:1769} INFO - Created Permission View: can read on DAG:dataset_consumes_unknown_never_scheduled
[2024-03-13T02:22:25.413+0000] {logging_mixin.py:188} INFO - [2024-03-13T02:22:25.413+0000] {override.py:1769} INFO - Created Permission View: can edit on DAG:dataset_consumes_unknown_never_scheduled
[2024-03-13T02:22:25.424+0000] {logging_mixin.py:188} INFO - [2024-03-13T02:22:25.424+0000] {override.py:1769} INFO - Created Permission View: can delete on DAG:dataset_consumes_1_and_2
[2024-03-13T02:22:25.431+0000] {logging_mixin.py:188} INFO - [2024-03-13T02:22:25.430+0000] {override.py:1769} INFO - Created Permission View: can read on DAG:dataset_consumes_1_and_2
[2024-03-13T02:22:25.437+0000] {logging_mixin.py:188} INFO - [2024-03-13T02:22:25.437+0000] {override.py:1769} INFO - Created Permission View: can edit on DAG:dataset_consumes_1_and_2
[2024-03-13T02:22:25.449+0000] {logging_mixin.py:188} INFO - [2024-03-13T02:22:25.449+0000] {override.py:1769} INFO - Created Permission View: can delete on DAG:dataset_consumes_1_never_scheduled
[2024-03-13T02:22:25.457+0000] {logging_mixin.py:188} INFO - [2024-03-13T02:22:25.456+0000] {override.py:1769} INFO - Created Permission View: can read on DAG:dataset_consumes_1_never_scheduled
[2024-03-13T02:22:25.462+0000] {logging_mixin.py:188} INFO - [2024-03-13T02:22:25.462+0000] {override.py:1769} INFO - Created Permission View: can edit on DAG:dataset_consumes_1_never_scheduled
[2024-03-13T02:22:25.462+0000] {logging_mixin.py:188} INFO - [2024-03-13T02:22:25.462+0000] {dag.py:3047} INFO - Sync 6 DAGs
[2024-03-13T02:22:25.471+0000] {logging_mixin.py:188} INFO - [2024-03-13T02:22:25.471+0000] {dag.py:3069} INFO - Creating ORM DAG for dataset_produces_1
[2024-03-13T02:22:25.472+0000] {logging_mixin.py:188} INFO - [2024-03-13T02:22:25.472+0000] {dag.py:3069} INFO - Creating ORM DAG for dataset_consumes_unknown_never_scheduled
[2024-03-13T02:22:25.472+0000] {logging_mixin.py:188} INFO - [2024-03-13T02:22:25.472+0000] {dag.py:3069} INFO - Creating ORM DAG for dataset_consumes_1
[2024-03-13T02:22:25.473+0000] {logging_mixin.py:188} INFO - [2024-03-13T02:22:25.473+0000] {dag.py:3069} INFO - Creating ORM DAG for dataset_produces_2
[2024-03-13T02:22:25.474+0000] {logging_mixin.py:188} INFO - [2024-03-13T02:22:25.473+0000] {dag.py:3069} INFO - Creating ORM DAG for dataset_consumes_1_and_2
[2024-03-13T02:22:25.474+0000] {logging_mixin.py:188} INFO - [2024-03-13T02:22:25.474+0000] {dag.py:3069} INFO - Creating ORM DAG for dataset_consumes_1_never_scheduled
[2024-03-13T02:22:25.482+0000] {logging_mixin.py:188} INFO - [2024-03-13T02:22:25.482+0000] {dag.py:3834} INFO - Setting next_dagrun for dataset_consumes_1 to None, run_after=None
[2024-03-13T02:22:25.483+0000] {logging_mixin.py:188} INFO - [2024-03-13T02:22:25.483+0000] {dag.py:3834} INFO - Setting next_dagrun for dataset_consumes_1_and_2 to None, run_after=None
[2024-03-13T02:22:25.484+0000] {logging_mixin.py:188} INFO - [2024-03-13T02:22:25.483+0000] {dag.py:3834} INFO - Setting next_dagrun for dataset_consumes_1_never_scheduled to None, run_after=None
[2024-03-13T02:22:25.484+0000] {logging_mixin.py:188} INFO - [2024-03-13T02:22:25.484+0000] {dag.py:3834} INFO - Setting next_dagrun for dataset_consumes_unknown_never_scheduled to None, run_after=None
[2024-03-13T02:22:25.487+0000] {logging_mixin.py:188} INFO - [2024-03-13T02:22:25.486+0000] {dag.py:3834} INFO - Setting next_dagrun for dataset_produces_1 to 2024-03-12 00:00:00+00:00, run_after=2024-03-13 00:00:00+00:00
[2024-03-13T02:22:25.487+0000] {logging_mixin.py:188} INFO - [2024-03-13T02:22:25.487+0000] {dag.py:3834} INFO - Setting next_dagrun for dataset_produces_2 to None, run_after=None
[2024-03-13T02:22:25.523+0000] {processor.py:183} INFO - Processing /home/airflow/.local/lib/python3.8/site-packages/airflow/example_dags/example_datasets.py took 0.296 seconds
[2024-03-13T02:22:56.000+0000] {processor.py:161} INFO - Started process (PID=127) to work on /home/airflow/.local/lib/python3.8/site-packages/airflow/example_dags/example_datasets.py
[2024-03-13T02:22:56.001+0000] {processor.py:830} INFO - Processing file /home/airflow/.local/lib/python3.8/site-packages/airflow/example_dags/example_datasets.py for tasks to queue
[2024-03-13T02:22:56.002+0000] {logging_mixin.py:188} INFO - [2024-03-13T02:22:56.002+0000] {dagbag.py:540} INFO - Filling up the DagBag from /home/airflow/.local/lib/python3.8/site-packages/airflow/example_dags/example_datasets.py
[2024-03-13T02:22:56.010+0000] {processor.py:840} INFO - DAG(s) 'dataset_consumes_unknown_never_scheduled', 'dataset_consumes_1_never_scheduled', 'dataset_produces_1', 'dataset_consumes_1_and_2', 'dataset_consumes_1', 'dataset_produces_2' retrieved from /home/airflow/.local/lib/python3.8/site-packages/airflow/example_dags/example_datasets.py
[2024-03-13T02:22:56.039+0000] {logging_mixin.py:188} INFO - [2024-03-13T02:22:56.039+0000] {dag.py:3047} INFO - Sync 6 DAGs
[2024-03-13T02:22:56.059+0000] {logging_mixin.py:188} INFO - [2024-03-13T02:22:56.059+0000] {dag.py:3834} INFO - Setting next_dagrun for dataset_consumes_1 to None, run_after=None
[2024-03-13T02:22:56.062+0000] {logging_mixin.py:188} INFO - [2024-03-13T02:22:56.062+0000] {dag.py:3834} INFO - Setting next_dagrun for dataset_consumes_1_and_2 to None, run_after=None
[2024-03-13T02:22:56.064+0000] {logging_mixin.py:188} INFO - [2024-03-13T02:22:56.064+0000] {dag.py:3834} INFO - Setting next_dagrun for dataset_consumes_1_never_scheduled to None, run_after=None
[2024-03-13T02:22:56.065+0000] {logging_mixin.py:188} INFO - [2024-03-13T02:22:56.065+0000] {dag.py:3834} INFO - Setting next_dagrun for dataset_consumes_unknown_never_scheduled to None, run_after=None
[2024-03-13T02:22:56.068+0000] {logging_mixin.py:188} INFO - [2024-03-13T02:22:56.067+0000] {dag.py:3834} INFO - Setting next_dagrun for dataset_produces_1 to 2024-03-12 00:00:00+00:00, run_after=2024-03-13 00:00:00+00:00
[2024-03-13T02:22:56.069+0000] {logging_mixin.py:188} INFO - [2024-03-13T02:22:56.069+0000] {dag.py:3834} INFO - Setting next_dagrun for dataset_produces_2 to None, run_after=None
[2024-03-13T02:22:56.094+0000] {processor.py:183} INFO - Processing /home/airflow/.local/lib/python3.8/site-packages/airflow/example_dags/example_datasets.py took 0.097 seconds
[2024-03-13T02:23:26.182+0000] {processor.py:161} INFO - Started process (PID=182) to work on /home/airflow/.local/lib/python3.8/site-packages/airflow/example_dags/example_datasets.py
[2024-03-13T02:23:26.183+0000] {processor.py:830} INFO - Processing file /home/airflow/.local/lib/python3.8/site-packages/airflow/example_dags/example_datasets.py for tasks to queue
[2024-03-13T02:23:26.185+0000] {logging_mixin.py:188} INFO - [2024-03-13T02:23:26.185+0000] {dagbag.py:540} INFO - Filling up the DagBag from /home/airflow/.local/lib/python3.8/site-packages/airflow/example_dags/example_datasets.py
[2024-03-13T02:23:26.194+0000] {processor.py:840} INFO - DAG(s) 'dataset_produces_2', 'dataset_produces_1', 'dataset_consumes_unknown_never_scheduled', 'dataset_consumes_1_and_2', 'dataset_consumes_1_never_scheduled', 'dataset_consumes_1' retrieved from /home/airflow/.local/lib/python3.8/site-packages/airflow/example_dags/example_datasets.py
[2024-03-13T02:23:26.230+0000] {logging_mixin.py:188} INFO - [2024-03-13T02:23:26.229+0000] {dag.py:3047} INFO - Sync 6 DAGs
[2024-03-13T02:23:26.251+0000] {logging_mixin.py:188} INFO - [2024-03-13T02:23:26.251+0000] {dag.py:3834} INFO - Setting next_dagrun for dataset_consumes_1 to None, run_after=None
[2024-03-13T02:23:26.256+0000] {logging_mixin.py:188} INFO - [2024-03-13T02:23:26.256+0000] {dag.py:3834} INFO - Setting next_dagrun for dataset_consumes_1_and_2 to None, run_after=None
[2024-03-13T02:23:26.258+0000] {logging_mixin.py:188} INFO - [2024-03-13T02:23:26.258+0000] {dag.py:3834} INFO - Setting next_dagrun for dataset_consumes_1_never_scheduled to None, run_after=None
[2024-03-13T02:23:26.260+0000] {logging_mixin.py:188} INFO - [2024-03-13T02:23:26.260+0000] {dag.py:3834} INFO - Setting next_dagrun for dataset_consumes_unknown_never_scheduled to None, run_after=None
[2024-03-13T02:23:26.262+0000] {logging_mixin.py:188} INFO - [2024-03-13T02:23:26.262+0000] {dag.py:3834} INFO - Setting next_dagrun for dataset_produces_1 to 2024-03-12 00:00:00+00:00, run_after=2024-03-13 00:00:00+00:00
[2024-03-13T02:23:26.264+0000] {logging_mixin.py:188} INFO - [2024-03-13T02:23:26.264+0000] {dag.py:3834} INFO - Setting next_dagrun for dataset_produces_2 to None, run_after=None
[2024-03-13T02:23:26.293+0000] {processor.py:183} INFO - Processing /home/airflow/.local/lib/python3.8/site-packages/airflow/example_dags/example_datasets.py took 0.113 seconds
[2024-03-13T02:23:56.497+0000] {processor.py:161} INFO - Started process (PID=237) to work on /home/airflow/.local/lib/python3.8/site-packages/airflow/example_dags/example_datasets.py
[2024-03-13T02:23:56.498+0000] {processor.py:830} INFO - Processing file /home/airflow/.local/lib/python3.8/site-packages/airflow/example_dags/example_datasets.py for tasks to queue
[2024-03-13T02:23:56.500+0000] {logging_mixin.py:188} INFO - [2024-03-13T02:23:56.500+0000] {dagbag.py:540} INFO - Filling up the DagBag from /home/airflow/.local/lib/python3.8/site-packages/airflow/example_dags/example_datasets.py
[2024-03-13T02:23:56.508+0000] {processor.py:840} INFO - DAG(s) 'dataset_produces_1', 'dataset_consumes_1_and_2', 'dataset_consumes_unknown_never_scheduled', 'dataset_consumes_1_never_scheduled', 'dataset_produces_2', 'dataset_consumes_1' retrieved from /home/airflow/.local/lib/python3.8/site-packages/airflow/example_dags/example_datasets.py
[2024-03-13T02:23:56.542+0000] {logging_mixin.py:188} INFO - [2024-03-13T02:23:56.541+0000] {dag.py:3047} INFO - Sync 6 DAGs
[2024-03-13T02:23:56.560+0000] {logging_mixin.py:188} INFO - [2024-03-13T02:23:56.560+0000] {dag.py:3834} INFO - Setting next_dagrun for dataset_consumes_1 to None, run_after=None
[2024-03-13T02:23:56.564+0000] {logging_mixin.py:188} INFO - [2024-03-13T02:23:56.564+0000] {dag.py:3834} INFO - Setting next_dagrun for dataset_consumes_1_and_2 to None, run_after=None
[2024-03-13T02:23:56.566+0000] {logging_mixin.py:188} INFO - [2024-03-13T02:23:56.566+0000] {dag.py:3834} INFO - Setting next_dagrun for dataset_consumes_1_never_scheduled to None, run_after=None
[2024-03-13T02:23:56.567+0000] {logging_mixin.py:188} INFO - [2024-03-13T02:23:56.567+0000] {dag.py:3834} INFO - Setting next_dagrun for dataset_consumes_unknown_never_scheduled to None, run_after=None
[2024-03-13T02:23:56.569+0000] {logging_mixin.py:188} INFO - [2024-03-13T02:23:56.569+0000] {dag.py:3834} INFO - Setting next_dagrun for dataset_produces_1 to 2024-03-12 00:00:00+00:00, run_after=2024-03-13 00:00:00+00:00
[2024-03-13T02:23:56.570+0000] {logging_mixin.py:188} INFO - [2024-03-13T02:23:56.570+0000] {dag.py:3834} INFO - Setting next_dagrun for dataset_produces_2 to None, run_after=None
[2024-03-13T02:23:56.598+0000] {processor.py:183} INFO - Processing /home/airflow/.local/lib/python3.8/site-packages/airflow/example_dags/example_datasets.py took 0.104 seconds
[2024-03-13T02:24:26.736+0000] {processor.py:161} INFO - Started process (PID=292) to work on /home/airflow/.local/lib/python3.8/site-packages/airflow/example_dags/example_datasets.py
[2024-03-13T02:24:26.737+0000] {processor.py:830} INFO - Processing file /home/airflow/.local/lib/python3.8/site-packages/airflow/example_dags/example_datasets.py for tasks to queue
[2024-03-13T02:24:26.739+0000] {logging_mixin.py:188} INFO - [2024-03-13T02:24:26.739+0000] {dagbag.py:540} INFO - Filling up the DagBag from /home/airflow/.local/lib/python3.8/site-packages/airflow/example_dags/example_datasets.py
[2024-03-13T02:24:26.746+0000] {processor.py:840} INFO - DAG(s) 'dataset_produces_1', 'dataset_consumes_1_and_2', 'dataset_produces_2', 'dataset_consumes_1_never_scheduled', 'dataset_consumes_1', 'dataset_consumes_unknown_never_scheduled' retrieved from /home/airflow/.local/lib/python3.8/site-packages/airflow/example_dags/example_datasets.py
[2024-03-13T02:24:26.777+0000] {logging_mixin.py:188} INFO - [2024-03-13T02:24:26.777+0000] {dag.py:3047} INFO - Sync 6 DAGs
[2024-03-13T02:24:26.797+0000] {logging_mixin.py:188} INFO - [2024-03-13T02:24:26.797+0000] {dag.py:3834} INFO - Setting next_dagrun for dataset_consumes_1 to None, run_after=None
[2024-03-13T02:24:26.800+0000] {logging_mixin.py:188} INFO - [2024-03-13T02:24:26.800+0000] {dag.py:3834} INFO - Setting next_dagrun for dataset_consumes_1_and_2 to None, run_after=None
[2024-03-13T02:24:26.802+0000] {logging_mixin.py:188} INFO - [2024-03-13T02:24:26.802+0000] {dag.py:3834} INFO - Setting next_dagrun for dataset_consumes_1_never_scheduled to None, run_after=None
[2024-03-13T02:24:26.804+0000] {logging_mixin.py:188} INFO - [2024-03-13T02:24:26.803+0000] {dag.py:3834} INFO - Setting next_dagrun for dataset_consumes_unknown_never_scheduled to None, run_after=None
[2024-03-13T02:24:26.807+0000] {logging_mixin.py:188} INFO - [2024-03-13T02:24:26.807+0000] {dag.py:3834} INFO - Setting next_dagrun for dataset_produces_1 to 2024-03-12 00:00:00+00:00, run_after=2024-03-13 00:00:00+00:00
[2024-03-13T02:24:26.808+0000] {logging_mixin.py:188} INFO - [2024-03-13T02:24:26.808+0000] {dag.py:3834} INFO - Setting next_dagrun for dataset_produces_2 to None, run_after=None
[2024-03-13T02:24:26.837+0000] {processor.py:183} INFO - Processing /home/airflow/.local/lib/python3.8/site-packages/airflow/example_dags/example_datasets.py took 0.103 seconds
[2024-03-13T02:24:56.984+0000] {processor.py:161} INFO - Started process (PID=347) to work on /home/airflow/.local/lib/python3.8/site-packages/airflow/example_dags/example_datasets.py
[2024-03-13T02:24:56.985+0000] {processor.py:830} INFO - Processing file /home/airflow/.local/lib/python3.8/site-packages/airflow/example_dags/example_datasets.py for tasks to queue
[2024-03-13T02:24:56.986+0000] {logging_mixin.py:188} INFO - [2024-03-13T02:24:56.986+0000] {dagbag.py:540} INFO - Filling up the DagBag from /home/airflow/.local/lib/python3.8/site-packages/airflow/example_dags/example_datasets.py
[2024-03-13T02:24:56.993+0000] {processor.py:840} INFO - DAG(s) 'dataset_consumes_1_and_2', 'dataset_consumes_1_never_scheduled', 'dataset_produces_1', 'dataset_produces_2', 'dataset_consumes_1', 'dataset_consumes_unknown_never_scheduled' retrieved from /home/airflow/.local/lib/python3.8/site-packages/airflow/example_dags/example_datasets.py
[2024-03-13T02:24:57.024+0000] {logging_mixin.py:188} INFO - [2024-03-13T02:24:57.024+0000] {dag.py:3047} INFO - Sync 6 DAGs
[2024-03-13T02:24:57.044+0000] {logging_mixin.py:188} INFO - [2024-03-13T02:24:57.044+0000] {dag.py:3834} INFO - Setting next_dagrun for dataset_consumes_1 to None, run_after=None
[2024-03-13T02:24:57.049+0000] {logging_mixin.py:188} INFO - [2024-03-13T02:24:57.049+0000] {dag.py:3834} INFO - Setting next_dagrun for dataset_consumes_1_and_2 to None, run_after=None
[2024-03-13T02:24:57.050+0000] {logging_mixin.py:188} INFO - [2024-03-13T02:24:57.050+0000] {dag.py:3834} INFO - Setting next_dagrun for dataset_consumes_1_never_scheduled to None, run_after=None
[2024-03-13T02:24:57.052+0000] {logging_mixin.py:188} INFO - [2024-03-13T02:24:57.051+0000] {dag.py:3834} INFO - Setting next_dagrun for dataset_consumes_unknown_never_scheduled to None, run_after=None
[2024-03-13T02:24:57.054+0000] {logging_mixin.py:188} INFO - [2024-03-13T02:24:57.054+0000] {dag.py:3834} INFO - Setting next_dagrun for dataset_produces_1 to 2024-03-12 00:00:00+00:00, run_after=2024-03-13 00:00:00+00:00
[2024-03-13T02:24:57.055+0000] {logging_mixin.py:188} INFO - [2024-03-13T02:24:57.055+0000] {dag.py:3834} INFO - Setting next_dagrun for dataset_produces_2 to None, run_after=None
[2024-03-13T02:24:57.084+0000] {processor.py:183} INFO - Processing /home/airflow/.local/lib/python3.8/site-packages/airflow/example_dags/example_datasets.py took 0.103 seconds
[2024-03-13T02:25:27.318+0000] {processor.py:161} INFO - Started process (PID=402) to work on /home/airflow/.local/lib/python3.8/site-packages/airflow/example_dags/example_datasets.py
[2024-03-13T02:25:27.319+0000] {processor.py:830} INFO - Processing file /home/airflow/.local/lib/python3.8/site-packages/airflow/example_dags/example_datasets.py for tasks to queue
[2024-03-13T02:25:27.321+0000] {logging_mixin.py:188} INFO - [2024-03-13T02:25:27.321+0000] {dagbag.py:540} INFO - Filling up the DagBag from /home/airflow/.local/lib/python3.8/site-packages/airflow/example_dags/example_datasets.py
[2024-03-13T02:25:27.329+0000] {processor.py:840} INFO - DAG(s) 'dataset_consumes_1_never_scheduled', 'dataset_consumes_unknown_never_scheduled', 'dataset_consumes_1_and_2', 'dataset_produces_2', 'dataset_produces_1', 'dataset_consumes_1' retrieved from /home/airflow/.local/lib/python3.8/site-packages/airflow/example_dags/example_datasets.py
[2024-03-13T02:25:27.364+0000] {logging_mixin.py:188} INFO - [2024-03-13T02:25:27.364+0000] {dag.py:3047} INFO - Sync 6 DAGs
[2024-03-13T02:25:27.386+0000] {logging_mixin.py:188} INFO - [2024-03-13T02:25:27.386+0000] {dag.py:3834} INFO - Setting next_dagrun for dataset_consumes_1 to None, run_after=None
[2024-03-13T02:25:27.391+0000] {logging_mixin.py:188} INFO - [2024-03-13T02:25:27.390+0000] {dag.py:3834} INFO - Setting next_dagrun for dataset_consumes_1_and_2 to None, run_after=None
[2024-03-13T02:25:27.393+0000] {logging_mixin.py:188} INFO - [2024-03-13T02:25:27.392+0000] {dag.py:3834} INFO - Setting next_dagrun for dataset_consumes_1_never_scheduled to None, run_after=None
[2024-03-13T02:25:27.395+0000] {logging_mixin.py:188} INFO - [2024-03-13T02:25:27.394+0000] {dag.py:3834} INFO - Setting next_dagrun for dataset_consumes_unknown_never_scheduled to None, run_after=None
[2024-03-13T02:25:27.398+0000] {logging_mixin.py:188} INFO - [2024-03-13T02:25:27.398+0000] {dag.py:3834} INFO - Setting next_dagrun for dataset_produces_1 to 2024-03-12 00:00:00+00:00, run_after=2024-03-13 00:00:00+00:00
[2024-03-13T02:25:27.400+0000] {logging_mixin.py:188} INFO - [2024-03-13T02:25:27.400+0000] {dag.py:3834} INFO - Setting next_dagrun for dataset_produces_2 to None, run_after=None
[2024-03-13T02:25:27.433+0000] {processor.py:183} INFO - Processing /home/airflow/.local/lib/python3.8/site-packages/airflow/example_dags/example_datasets.py took 0.117 seconds
[2024-03-13T02:25:57.658+0000] {processor.py:161} INFO - Started process (PID=457) to work on /home/airflow/.local/lib/python3.8/site-packages/airflow/example_dags/example_datasets.py
[2024-03-13T02:25:57.659+0000] {processor.py:830} INFO - Processing file /home/airflow/.local/lib/python3.8/site-packages/airflow/example_dags/example_datasets.py for tasks to queue
[2024-03-13T02:25:57.660+0000] {logging_mixin.py:188} INFO - [2024-03-13T02:25:57.660+0000] {dagbag.py:540} INFO - Filling up the DagBag from /home/airflow/.local/lib/python3.8/site-packages/airflow/example_dags/example_datasets.py
[2024-03-13T02:25:57.668+0000] {processor.py:840} INFO - DAG(s) 'dataset_consumes_1', 'dataset_consumes_1_never_scheduled', 'dataset_produces_1', 'dataset_produces_2', 'dataset_consumes_1_and_2', 'dataset_consumes_unknown_never_scheduled' retrieved from /home/airflow/.local/lib/python3.8/site-packages/airflow/example_dags/example_datasets.py
[2024-03-13T02:25:57.698+0000] {logging_mixin.py:188} INFO - [2024-03-13T02:25:57.698+0000] {dag.py:3047} INFO - Sync 6 DAGs
[2024-03-13T02:25:57.718+0000] {logging_mixin.py:188} INFO - [2024-03-13T02:25:57.717+0000] {dag.py:3834} INFO - Setting next_dagrun for dataset_consumes_1 to None, run_after=None
[2024-03-13T02:25:57.721+0000] {logging_mixin.py:188} INFO - [2024-03-13T02:25:57.721+0000] {dag.py:3834} INFO - Setting next_dagrun for dataset_consumes_1_and_2 to None, run_after=None
[2024-03-13T02:25:57.722+0000] {logging_mixin.py:188} INFO - [2024-03-13T02:25:57.722+0000] {dag.py:3834} INFO - Setting next_dagrun for dataset_consumes_1_never_scheduled to None, run_after=None
[2024-03-13T02:25:57.724+0000] {logging_mixin.py:188} INFO - [2024-03-13T02:25:57.724+0000] {dag.py:3834} INFO - Setting next_dagrun for dataset_consumes_unknown_never_scheduled to None, run_after=None
[2024-03-13T02:25:57.726+0000] {logging_mixin.py:188} INFO - [2024-03-13T02:25:57.726+0000] {dag.py:3834} INFO - Setting next_dagrun for dataset_produces_1 to 2024-03-12 00:00:00+00:00, run_after=2024-03-13 00:00:00+00:00
[2024-03-13T02:25:57.728+0000] {logging_mixin.py:188} INFO - [2024-03-13T02:25:57.728+0000] {dag.py:3834} INFO - Setting next_dagrun for dataset_produces_2 to None, run_after=None
[2024-03-13T02:25:57.755+0000] {processor.py:183} INFO - Processing /home/airflow/.local/lib/python3.8/site-packages/airflow/example_dags/example_datasets.py took 0.099 seconds
[2024-03-13T02:26:27.991+0000] {processor.py:161} INFO - Started process (PID=513) to work on /home/airflow/.local/lib/python3.8/site-packages/airflow/example_dags/example_datasets.py
[2024-03-13T02:26:27.992+0000] {processor.py:830} INFO - Processing file /home/airflow/.local/lib/python3.8/site-packages/airflow/example_dags/example_datasets.py for tasks to queue
[2024-03-13T02:26:27.994+0000] {logging_mixin.py:188} INFO - [2024-03-13T02:26:27.994+0000] {dagbag.py:540} INFO - Filling up the DagBag from /home/airflow/.local/lib/python3.8/site-packages/airflow/example_dags/example_datasets.py
[2024-03-13T02:26:28.002+0000] {processor.py:840} INFO - DAG(s) 'dataset_consumes_1_never_scheduled', 'dataset_consumes_1_and_2', 'dataset_consumes_unknown_never_scheduled', 'dataset_consumes_1', 'dataset_produces_2', 'dataset_produces_1' retrieved from /home/airflow/.local/lib/python3.8/site-packages/airflow/example_dags/example_datasets.py
[2024-03-13T02:26:28.035+0000] {logging_mixin.py:188} INFO - [2024-03-13T02:26:28.035+0000] {dag.py:3047} INFO - Sync 6 DAGs
[2024-03-13T02:26:28.058+0000] {logging_mixin.py:188} INFO - [2024-03-13T02:26:28.058+0000] {dag.py:3834} INFO - Setting next_dagrun for dataset_consumes_1 to None, run_after=None
[2024-03-13T02:26:28.063+0000] {logging_mixin.py:188} INFO - [2024-03-13T02:26:28.062+0000] {dag.py:3834} INFO - Setting next_dagrun for dataset_consumes_1_and_2 to None, run_after=None
[2024-03-13T02:26:28.065+0000] {logging_mixin.py:188} INFO - [2024-03-13T02:26:28.064+0000] {dag.py:3834} INFO - Setting next_dagrun for dataset_consumes_1_never_scheduled to None, run_after=None
[2024-03-13T02:26:28.066+0000] {logging_mixin.py:188} INFO - [2024-03-13T02:26:28.066+0000] {dag.py:3834} INFO - Setting next_dagrun for dataset_consumes_unknown_never_scheduled to None, run_after=None
[2024-03-13T02:26:28.069+0000] {logging_mixin.py:188} INFO - [2024-03-13T02:26:28.069+0000] {dag.py:3834} INFO - Setting next_dagrun for dataset_produces_1 to 2024-03-12 00:00:00+00:00, run_after=2024-03-13 00:00:00+00:00
[2024-03-13T02:26:28.071+0000] {logging_mixin.py:188} INFO - [2024-03-13T02:26:28.070+0000] {dag.py:3834} INFO - Setting next_dagrun for dataset_produces_2 to None, run_after=None
[2024-03-13T02:26:28.100+0000] {processor.py:183} INFO - Processing /home/airflow/.local/lib/python3.8/site-packages/airflow/example_dags/example_datasets.py took 0.111 seconds
[2024-03-13T02:26:58.356+0000] {processor.py:161} INFO - Started process (PID=568) to work on /home/airflow/.local/lib/python3.8/site-packages/airflow/example_dags/example_datasets.py
[2024-03-13T02:26:58.357+0000] {processor.py:830} INFO - Processing file /home/airflow/.local/lib/python3.8/site-packages/airflow/example_dags/example_datasets.py for tasks to queue
[2024-03-13T02:26:58.359+0000] {logging_mixin.py:188} INFO - [2024-03-13T02:26:58.359+0000] {dagbag.py:540} INFO - Filling up the DagBag from /home/airflow/.local/lib/python3.8/site-packages/airflow/example_dags/example_datasets.py
[2024-03-13T02:26:58.367+0000] {processor.py:840} INFO - DAG(s) 'dataset_consumes_1', 'dataset_produces_2', 'dataset_consumes_unknown_never_scheduled', 'dataset_consumes_1_never_scheduled', 'dataset_produces_1', 'dataset_consumes_1_and_2' retrieved from /home/airflow/.local/lib/python3.8/site-packages/airflow/example_dags/example_datasets.py
[2024-03-13T02:26:58.409+0000] {logging_mixin.py:188} INFO - [2024-03-13T02:26:58.408+0000] {dag.py:3047} INFO - Sync 6 DAGs
[2024-03-13T02:26:58.431+0000] {logging_mixin.py:188} INFO - [2024-03-13T02:26:58.431+0000] {dag.py:3834} INFO - Setting next_dagrun for dataset_consumes_1 to None, run_after=None
[2024-03-13T02:26:58.435+0000] {logging_mixin.py:188} INFO - [2024-03-13T02:26:58.435+0000] {dag.py:3834} INFO - Setting next_dagrun for dataset_consumes_1_and_2 to None, run_after=None
[2024-03-13T02:26:58.437+0000] {logging_mixin.py:188} INFO - [2024-03-13T02:26:58.437+0000] {dag.py:3834} INFO - Setting next_dagrun for dataset_consumes_1_never_scheduled to None, run_after=None
[2024-03-13T02:26:58.439+0000] {logging_mixin.py:188} INFO - [2024-03-13T02:26:58.439+0000] {dag.py:3834} INFO - Setting next_dagrun for dataset_consumes_unknown_never_scheduled to None, run_after=None
[2024-03-13T02:26:58.442+0000] {logging_mixin.py:188} INFO - [2024-03-13T02:26:58.442+0000] {dag.py:3834} INFO - Setting next_dagrun for dataset_produces_1 to 2024-03-12 00:00:00+00:00, run_after=2024-03-13 00:00:00+00:00
[2024-03-13T02:26:58.444+0000] {logging_mixin.py:188} INFO - [2024-03-13T02:26:58.444+0000] {dag.py:3834} INFO - Setting next_dagrun for dataset_produces_2 to None, run_after=None
[2024-03-13T02:26:58.483+0000] {processor.py:183} INFO - Processing /home/airflow/.local/lib/python3.8/site-packages/airflow/example_dags/example_datasets.py took 0.129 seconds
[2024-03-13T02:27:28.714+0000] {processor.py:161} INFO - Started process (PID=623) to work on /home/airflow/.local/lib/python3.8/site-packages/airflow/example_dags/example_datasets.py
[2024-03-13T02:27:28.715+0000] {processor.py:830} INFO - Processing file /home/airflow/.local/lib/python3.8/site-packages/airflow/example_dags/example_datasets.py for tasks to queue
[2024-03-13T02:27:28.717+0000] {logging_mixin.py:188} INFO - [2024-03-13T02:27:28.717+0000] {dagbag.py:540} INFO - Filling up the DagBag from /home/airflow/.local/lib/python3.8/site-packages/airflow/example_dags/example_datasets.py
[2024-03-13T02:27:28.725+0000] {processor.py:840} INFO - DAG(s) 'dataset_consumes_unknown_never_scheduled', 'dataset_produces_1', 'dataset_consumes_1', 'dataset_produces_2', 'dataset_consumes_1_and_2', 'dataset_consumes_1_never_scheduled' retrieved from /home/airflow/.local/lib/python3.8/site-packages/airflow/example_dags/example_datasets.py
[2024-03-13T02:27:28.759+0000] {logging_mixin.py:188} INFO - [2024-03-13T02:27:28.759+0000] {dag.py:3047} INFO - Sync 6 DAGs
[2024-03-13T02:27:28.780+0000] {logging_mixin.py:188} INFO - [2024-03-13T02:27:28.780+0000] {dag.py:3834} INFO - Setting next_dagrun for dataset_consumes_1 to None, run_after=None
[2024-03-13T02:27:28.784+0000] {logging_mixin.py:188} INFO - [2024-03-13T02:27:28.784+0000] {dag.py:3834} INFO - Setting next_dagrun for dataset_consumes_1_and_2 to None, run_after=None
[2024-03-13T02:27:28.785+0000] {logging_mixin.py:188} INFO - [2024-03-13T02:27:28.785+0000] {dag.py:3834} INFO - Setting next_dagrun for dataset_consumes_1_never_scheduled to None, run_after=None
[2024-03-13T02:27:28.787+0000] {logging_mixin.py:188} INFO - [2024-03-13T02:27:28.787+0000] {dag.py:3834} INFO - Setting next_dagrun for dataset_consumes_unknown_never_scheduled to None, run_after=None
[2024-03-13T02:27:28.790+0000] {logging_mixin.py:188} INFO - [2024-03-13T02:27:28.790+0000] {dag.py:3834} INFO - Setting next_dagrun for dataset_produces_1 to 2024-03-12 00:00:00+00:00, run_after=2024-03-13 00:00:00+00:00
[2024-03-13T02:27:28.792+0000] {logging_mixin.py:188} INFO - [2024-03-13T02:27:28.792+0000] {dag.py:3834} INFO - Setting next_dagrun for dataset_produces_2 to None, run_after=None
[2024-03-13T02:27:28.820+0000] {processor.py:183} INFO - Processing /home/airflow/.local/lib/python3.8/site-packages/airflow/example_dags/example_datasets.py took 0.108 seconds
[2024-03-13T02:27:58.983+0000] {processor.py:161} INFO - Started process (PID=678) to work on /home/airflow/.local/lib/python3.8/site-packages/airflow/example_dags/example_datasets.py
[2024-03-13T02:27:58.983+0000] {processor.py:830} INFO - Processing file /home/airflow/.local/lib/python3.8/site-packages/airflow/example_dags/example_datasets.py for tasks to queue
[2024-03-13T02:27:58.985+0000] {logging_mixin.py:188} INFO - [2024-03-13T02:27:58.985+0000] {dagbag.py:540} INFO - Filling up the DagBag from /home/airflow/.local/lib/python3.8/site-packages/airflow/example_dags/example_datasets.py
[2024-03-13T02:27:58.992+0000] {processor.py:840} INFO - DAG(s) 'dataset_produces_2', 'dataset_consumes_1_and_2', 'dataset_produces_1', 'dataset_consumes_1_never_scheduled', 'dataset_consumes_unknown_never_scheduled', 'dataset_consumes_1' retrieved from /home/airflow/.local/lib/python3.8/site-packages/airflow/example_dags/example_datasets.py
[2024-03-13T02:27:59.024+0000] {logging_mixin.py:188} INFO - [2024-03-13T02:27:59.024+0000] {dag.py:3047} INFO - Sync 6 DAGs
[2024-03-13T02:27:59.045+0000] {logging_mixin.py:188} INFO - [2024-03-13T02:27:59.044+0000] {dag.py:3834} INFO - Setting next_dagrun for dataset_consumes_1 to None, run_after=None
[2024-03-13T02:27:59.050+0000] {logging_mixin.py:188} INFO - [2024-03-13T02:27:59.050+0000] {dag.py:3834} INFO - Setting next_dagrun for dataset_consumes_1_and_2 to None, run_after=None
[2024-03-13T02:27:59.053+0000] {logging_mixin.py:188} INFO - [2024-03-13T02:27:59.053+0000] {dag.py:3834} INFO - Setting next_dagrun for dataset_consumes_1_never_scheduled to None, run_after=None
[2024-03-13T02:27:59.057+0000] {logging_mixin.py:188} INFO - [2024-03-13T02:27:59.057+0000] {dag.py:3834} INFO - Setting next_dagrun for dataset_consumes_unknown_never_scheduled to None, run_after=None
[2024-03-13T02:27:59.061+0000] {logging_mixin.py:188} INFO - [2024-03-13T02:27:59.060+0000] {dag.py:3834} INFO - Setting next_dagrun for dataset_produces_1 to 2024-03-12 00:00:00+00:00, run_after=2024-03-13 00:00:00+00:00
[2024-03-13T02:27:59.063+0000] {logging_mixin.py:188} INFO - [2024-03-13T02:27:59.062+0000] {dag.py:3834} INFO - Setting next_dagrun for dataset_produces_2 to None, run_after=None
[2024-03-13T02:27:59.098+0000] {processor.py:183} INFO - Processing /home/airflow/.local/lib/python3.8/site-packages/airflow/example_dags/example_datasets.py took 0.118 seconds
[2024-03-13T02:28:29.342+0000] {processor.py:161} INFO - Started process (PID=733) to work on /home/airflow/.local/lib/python3.8/site-packages/airflow/example_dags/example_datasets.py
[2024-03-13T02:28:29.343+0000] {processor.py:830} INFO - Processing file /home/airflow/.local/lib/python3.8/site-packages/airflow/example_dags/example_datasets.py for tasks to queue
[2024-03-13T02:28:29.344+0000] {logging_mixin.py:188} INFO - [2024-03-13T02:28:29.344+0000] {dagbag.py:540} INFO - Filling up the DagBag from /home/airflow/.local/lib/python3.8/site-packages/airflow/example_dags/example_datasets.py
[2024-03-13T02:28:29.351+0000] {processor.py:840} INFO - DAG(s) 'dataset_consumes_1', 'dataset_consumes_1_never_scheduled', 'dataset_produces_2', 'dataset_consumes_unknown_never_scheduled', 'dataset_consumes_1_and_2', 'dataset_produces_1' retrieved from /home/airflow/.local/lib/python3.8/site-packages/airflow/example_dags/example_datasets.py
[2024-03-13T02:28:29.381+0000] {logging_mixin.py:188} INFO - [2024-03-13T02:28:29.381+0000] {dag.py:3047} INFO - Sync 6 DAGs
[2024-03-13T02:28:29.402+0000] {logging_mixin.py:188} INFO - [2024-03-13T02:28:29.401+0000] {dag.py:3834} INFO - Setting next_dagrun for dataset_consumes_1 to None, run_after=None
[2024-03-13T02:28:29.405+0000] {logging_mixin.py:188} INFO - [2024-03-13T02:28:29.404+0000] {dag.py:3834} INFO - Setting next_dagrun for dataset_consumes_1_and_2 to None, run_after=None
[2024-03-13T02:28:29.406+0000] {logging_mixin.py:188} INFO - [2024-03-13T02:28:29.406+0000] {dag.py:3834} INFO - Setting next_dagrun for dataset_consumes_1_never_scheduled to None, run_after=None
[2024-03-13T02:28:29.407+0000] {logging_mixin.py:188} INFO - [2024-03-13T02:28:29.407+0000] {dag.py:3834} INFO - Setting next_dagrun for dataset_consumes_unknown_never_scheduled to None, run_after=None
[2024-03-13T02:28:29.410+0000] {logging_mixin.py:188} INFO - [2024-03-13T02:28:29.410+0000] {dag.py:3834} INFO - Setting next_dagrun for dataset_produces_1 to 2024-03-12 00:00:00+00:00, run_after=2024-03-13 00:00:00+00:00
[2024-03-13T02:28:29.412+0000] {logging_mixin.py:188} INFO - [2024-03-13T02:28:29.412+0000] {dag.py:3834} INFO - Setting next_dagrun for dataset_produces_2 to None, run_after=None
[2024-03-13T02:28:29.440+0000] {processor.py:183} INFO - Processing /home/airflow/.local/lib/python3.8/site-packages/airflow/example_dags/example_datasets.py took 0.100 seconds
[2024-03-13T02:28:59.557+0000] {processor.py:161} INFO - Started process (PID=788) to work on /home/airflow/.local/lib/python3.8/site-packages/airflow/example_dags/example_datasets.py
[2024-03-13T02:28:59.558+0000] {processor.py:830} INFO - Processing file /home/airflow/.local/lib/python3.8/site-packages/airflow/example_dags/example_datasets.py for tasks to queue
[2024-03-13T02:28:59.559+0000] {logging_mixin.py:188} INFO - [2024-03-13T02:28:59.559+0000] {dagbag.py:540} INFO - Filling up the DagBag from /home/airflow/.local/lib/python3.8/site-packages/airflow/example_dags/example_datasets.py
[2024-03-13T02:28:59.566+0000] {processor.py:840} INFO - DAG(s) 'dataset_consumes_1_never_scheduled', 'dataset_consumes_1', 'dataset_produces_2', 'dataset_consumes_1_and_2', 'dataset_consumes_unknown_never_scheduled', 'dataset_produces_1' retrieved from /home/airflow/.local/lib/python3.8/site-packages/airflow/example_dags/example_datasets.py
[2024-03-13T02:28:59.596+0000] {logging_mixin.py:188} INFO - [2024-03-13T02:28:59.596+0000] {dag.py:3047} INFO - Sync 6 DAGs
[2024-03-13T02:28:59.614+0000] {logging_mixin.py:188} INFO - [2024-03-13T02:28:59.614+0000] {dag.py:3834} INFO - Setting next_dagrun for dataset_consumes_1 to None, run_after=None
[2024-03-13T02:28:59.618+0000] {logging_mixin.py:188} INFO - [2024-03-13T02:28:59.618+0000] {dag.py:3834} INFO - Setting next_dagrun for dataset_consumes_1_and_2 to None, run_after=None
[2024-03-13T02:28:59.619+0000] {logging_mixin.py:188} INFO - [2024-03-13T02:28:59.619+0000] {dag.py:3834} INFO - Setting next_dagrun for dataset_consumes_1_never_scheduled to None, run_after=None
[2024-03-13T02:28:59.621+0000] {logging_mixin.py:188} INFO - [2024-03-13T02:28:59.621+0000] {dag.py:3834} INFO - Setting next_dagrun for dataset_consumes_unknown_never_scheduled to None, run_after=None
[2024-03-13T02:28:59.623+0000] {logging_mixin.py:188} INFO - [2024-03-13T02:28:59.623+0000] {dag.py:3834} INFO - Setting next_dagrun for dataset_produces_1 to 2024-03-12 00:00:00+00:00, run_after=2024-03-13 00:00:00+00:00
[2024-03-13T02:28:59.625+0000] {logging_mixin.py:188} INFO - [2024-03-13T02:28:59.624+0000] {dag.py:3834} INFO - Setting next_dagrun for dataset_produces_2 to None, run_after=None
[2024-03-13T02:28:59.652+0000] {processor.py:183} INFO - Processing /home/airflow/.local/lib/python3.8/site-packages/airflow/example_dags/example_datasets.py took 0.098 seconds
