[2024-03-13T02:22:22.572+0000] {processor.py:161} INFO - Started process (PID=47) to work on /home/airflow/.local/lib/python3.8/site-packages/airflow/example_dags/example_setup_teardown.py
[2024-03-13T02:22:22.573+0000] {processor.py:830} INFO - Processing file /home/airflow/.local/lib/python3.8/site-packages/airflow/example_dags/example_setup_teardown.py for tasks to queue
[2024-03-13T02:22:22.575+0000] {logging_mixin.py:188} INFO - [2024-03-13T02:22:22.574+0000] {dagbag.py:540} INFO - Filling up the DagBag from /home/airflow/.local/lib/python3.8/site-packages/airflow/example_dags/example_setup_teardown.py
[2024-03-13T02:22:22.585+0000] {processor.py:840} INFO - DAG(s) 'example_setup_teardown' retrieved from /home/airflow/.local/lib/python3.8/site-packages/airflow/example_dags/example_setup_teardown.py
[2024-03-13T02:22:22.692+0000] {logging_mixin.py:188} INFO - [2024-03-13T02:22:22.691+0000] {override.py:1769} INFO - Created Permission View: can delete on DAG:example_setup_teardown
[2024-03-13T02:22:22.702+0000] {logging_mixin.py:188} INFO - [2024-03-13T02:22:22.702+0000] {override.py:1769} INFO - Created Permission View: can read on DAG:example_setup_teardown
[2024-03-13T02:22:22.710+0000] {logging_mixin.py:188} INFO - [2024-03-13T02:22:22.710+0000] {override.py:1769} INFO - Created Permission View: can edit on DAG:example_setup_teardown
[2024-03-13T02:22:22.711+0000] {logging_mixin.py:188} INFO - [2024-03-13T02:22:22.711+0000] {dag.py:3047} INFO - Sync 1 DAGs
[2024-03-13T02:22:22.722+0000] {logging_mixin.py:188} INFO - [2024-03-13T02:22:22.722+0000] {dag.py:3069} INFO - Creating ORM DAG for example_setup_teardown
[2024-03-13T02:22:22.732+0000] {logging_mixin.py:188} INFO - [2024-03-13T02:22:22.732+0000] {dag.py:3834} INFO - Setting next_dagrun for example_setup_teardown to 2024-03-12 00:00:00+00:00, run_after=2024-03-13 00:00:00+00:00
[2024-03-13T02:22:22.754+0000] {processor.py:183} INFO - Processing /home/airflow/.local/lib/python3.8/site-packages/airflow/example_dags/example_setup_teardown.py took 0.185 seconds
[2024-03-13T02:22:53.652+0000] {processor.py:161} INFO - Started process (PID=102) to work on /home/airflow/.local/lib/python3.8/site-packages/airflow/example_dags/example_setup_teardown.py
[2024-03-13T02:22:53.653+0000] {processor.py:830} INFO - Processing file /home/airflow/.local/lib/python3.8/site-packages/airflow/example_dags/example_setup_teardown.py for tasks to queue
[2024-03-13T02:22:53.655+0000] {logging_mixin.py:188} INFO - [2024-03-13T02:22:53.654+0000] {dagbag.py:540} INFO - Filling up the DagBag from /home/airflow/.local/lib/python3.8/site-packages/airflow/example_dags/example_setup_teardown.py
[2024-03-13T02:22:53.661+0000] {processor.py:840} INFO - DAG(s) 'example_setup_teardown' retrieved from /home/airflow/.local/lib/python3.8/site-packages/airflow/example_dags/example_setup_teardown.py
[2024-03-13T02:22:53.677+0000] {logging_mixin.py:188} INFO - [2024-03-13T02:22:53.677+0000] {dag.py:3047} INFO - Sync 1 DAGs
[2024-03-13T02:22:53.696+0000] {logging_mixin.py:188} INFO - [2024-03-13T02:22:53.695+0000] {dag.py:3834} INFO - Setting next_dagrun for example_setup_teardown to 2024-03-12 00:00:00+00:00, run_after=2024-03-13 00:00:00+00:00
[2024-03-13T02:22:53.711+0000] {processor.py:183} INFO - Processing /home/airflow/.local/lib/python3.8/site-packages/airflow/example_dags/example_setup_teardown.py took 0.062 seconds
[2024-03-13T02:23:23.996+0000] {processor.py:161} INFO - Started process (PID=157) to work on /home/airflow/.local/lib/python3.8/site-packages/airflow/example_dags/example_setup_teardown.py
[2024-03-13T02:23:23.997+0000] {processor.py:830} INFO - Processing file /home/airflow/.local/lib/python3.8/site-packages/airflow/example_dags/example_setup_teardown.py for tasks to queue
[2024-03-13T02:23:23.999+0000] {logging_mixin.py:188} INFO - [2024-03-13T02:23:23.998+0000] {dagbag.py:540} INFO - Filling up the DagBag from /home/airflow/.local/lib/python3.8/site-packages/airflow/example_dags/example_setup_teardown.py
[2024-03-13T02:23:24.004+0000] {processor.py:840} INFO - DAG(s) 'example_setup_teardown' retrieved from /home/airflow/.local/lib/python3.8/site-packages/airflow/example_dags/example_setup_teardown.py
[2024-03-13T02:23:24.021+0000] {logging_mixin.py:188} INFO - [2024-03-13T02:23:24.021+0000] {dag.py:3047} INFO - Sync 1 DAGs
[2024-03-13T02:23:24.039+0000] {logging_mixin.py:188} INFO - [2024-03-13T02:23:24.039+0000] {dag.py:3834} INFO - Setting next_dagrun for example_setup_teardown to 2024-03-12 00:00:00+00:00, run_after=2024-03-13 00:00:00+00:00
[2024-03-13T02:23:24.056+0000] {processor.py:183} INFO - Processing /home/airflow/.local/lib/python3.8/site-packages/airflow/example_dags/example_setup_teardown.py took 0.062 seconds
[2024-03-13T02:23:54.243+0000] {processor.py:161} INFO - Started process (PID=212) to work on /home/airflow/.local/lib/python3.8/site-packages/airflow/example_dags/example_setup_teardown.py
[2024-03-13T02:23:54.244+0000] {processor.py:830} INFO - Processing file /home/airflow/.local/lib/python3.8/site-packages/airflow/example_dags/example_setup_teardown.py for tasks to queue
[2024-03-13T02:23:54.246+0000] {logging_mixin.py:188} INFO - [2024-03-13T02:23:54.246+0000] {dagbag.py:540} INFO - Filling up the DagBag from /home/airflow/.local/lib/python3.8/site-packages/airflow/example_dags/example_setup_teardown.py
[2024-03-13T02:23:54.252+0000] {processor.py:840} INFO - DAG(s) 'example_setup_teardown' retrieved from /home/airflow/.local/lib/python3.8/site-packages/airflow/example_dags/example_setup_teardown.py
[2024-03-13T02:23:54.269+0000] {logging_mixin.py:188} INFO - [2024-03-13T02:23:54.269+0000] {dag.py:3047} INFO - Sync 1 DAGs
[2024-03-13T02:23:54.289+0000] {logging_mixin.py:188} INFO - [2024-03-13T02:23:54.288+0000] {dag.py:3834} INFO - Setting next_dagrun for example_setup_teardown to 2024-03-12 00:00:00+00:00, run_after=2024-03-13 00:00:00+00:00
[2024-03-13T02:23:54.307+0000] {processor.py:183} INFO - Processing /home/airflow/.local/lib/python3.8/site-packages/airflow/example_dags/example_setup_teardown.py took 0.067 seconds
[2024-03-13T02:24:24.554+0000] {processor.py:161} INFO - Started process (PID=267) to work on /home/airflow/.local/lib/python3.8/site-packages/airflow/example_dags/example_setup_teardown.py
[2024-03-13T02:24:24.555+0000] {processor.py:830} INFO - Processing file /home/airflow/.local/lib/python3.8/site-packages/airflow/example_dags/example_setup_teardown.py for tasks to queue
[2024-03-13T02:24:24.557+0000] {logging_mixin.py:188} INFO - [2024-03-13T02:24:24.557+0000] {dagbag.py:540} INFO - Filling up the DagBag from /home/airflow/.local/lib/python3.8/site-packages/airflow/example_dags/example_setup_teardown.py
[2024-03-13T02:24:24.562+0000] {processor.py:840} INFO - DAG(s) 'example_setup_teardown' retrieved from /home/airflow/.local/lib/python3.8/site-packages/airflow/example_dags/example_setup_teardown.py
[2024-03-13T02:24:24.579+0000] {logging_mixin.py:188} INFO - [2024-03-13T02:24:24.578+0000] {dag.py:3047} INFO - Sync 1 DAGs
[2024-03-13T02:24:24.596+0000] {logging_mixin.py:188} INFO - [2024-03-13T02:24:24.595+0000] {dag.py:3834} INFO - Setting next_dagrun for example_setup_teardown to 2024-03-12 00:00:00+00:00, run_after=2024-03-13 00:00:00+00:00
[2024-03-13T02:24:24.612+0000] {processor.py:183} INFO - Processing /home/airflow/.local/lib/python3.8/site-packages/airflow/example_dags/example_setup_teardown.py took 0.060 seconds
[2024-03-13T02:24:54.805+0000] {processor.py:161} INFO - Started process (PID=322) to work on /home/airflow/.local/lib/python3.8/site-packages/airflow/example_dags/example_setup_teardown.py
[2024-03-13T02:24:54.806+0000] {processor.py:830} INFO - Processing file /home/airflow/.local/lib/python3.8/site-packages/airflow/example_dags/example_setup_teardown.py for tasks to queue
[2024-03-13T02:24:54.808+0000] {logging_mixin.py:188} INFO - [2024-03-13T02:24:54.808+0000] {dagbag.py:540} INFO - Filling up the DagBag from /home/airflow/.local/lib/python3.8/site-packages/airflow/example_dags/example_setup_teardown.py
[2024-03-13T02:24:54.814+0000] {processor.py:840} INFO - DAG(s) 'example_setup_teardown' retrieved from /home/airflow/.local/lib/python3.8/site-packages/airflow/example_dags/example_setup_teardown.py
[2024-03-13T02:24:54.830+0000] {logging_mixin.py:188} INFO - [2024-03-13T02:24:54.830+0000] {dag.py:3047} INFO - Sync 1 DAGs
[2024-03-13T02:24:54.848+0000] {logging_mixin.py:188} INFO - [2024-03-13T02:24:54.847+0000] {dag.py:3834} INFO - Setting next_dagrun for example_setup_teardown to 2024-03-12 00:00:00+00:00, run_after=2024-03-13 00:00:00+00:00
[2024-03-13T02:24:54.865+0000] {processor.py:183} INFO - Processing /home/airflow/.local/lib/python3.8/site-packages/airflow/example_dags/example_setup_teardown.py took 0.062 seconds
[2024-03-13T02:25:25.075+0000] {processor.py:161} INFO - Started process (PID=377) to work on /home/airflow/.local/lib/python3.8/site-packages/airflow/example_dags/example_setup_teardown.py
[2024-03-13T02:25:25.076+0000] {processor.py:830} INFO - Processing file /home/airflow/.local/lib/python3.8/site-packages/airflow/example_dags/example_setup_teardown.py for tasks to queue
[2024-03-13T02:25:25.077+0000] {logging_mixin.py:188} INFO - [2024-03-13T02:25:25.077+0000] {dagbag.py:540} INFO - Filling up the DagBag from /home/airflow/.local/lib/python3.8/site-packages/airflow/example_dags/example_setup_teardown.py
[2024-03-13T02:25:25.082+0000] {processor.py:840} INFO - DAG(s) 'example_setup_teardown' retrieved from /home/airflow/.local/lib/python3.8/site-packages/airflow/example_dags/example_setup_teardown.py
[2024-03-13T02:25:25.099+0000] {logging_mixin.py:188} INFO - [2024-03-13T02:25:25.099+0000] {dag.py:3047} INFO - Sync 1 DAGs
[2024-03-13T02:25:25.117+0000] {logging_mixin.py:188} INFO - [2024-03-13T02:25:25.117+0000] {dag.py:3834} INFO - Setting next_dagrun for example_setup_teardown to 2024-03-12 00:00:00+00:00, run_after=2024-03-13 00:00:00+00:00
[2024-03-13T02:25:25.134+0000] {processor.py:183} INFO - Processing /home/airflow/.local/lib/python3.8/site-packages/airflow/example_dags/example_setup_teardown.py took 0.062 seconds
[2024-03-13T02:25:55.364+0000] {processor.py:161} INFO - Started process (PID=432) to work on /home/airflow/.local/lib/python3.8/site-packages/airflow/example_dags/example_setup_teardown.py
[2024-03-13T02:25:55.365+0000] {processor.py:830} INFO - Processing file /home/airflow/.local/lib/python3.8/site-packages/airflow/example_dags/example_setup_teardown.py for tasks to queue
[2024-03-13T02:25:55.366+0000] {logging_mixin.py:188} INFO - [2024-03-13T02:25:55.366+0000] {dagbag.py:540} INFO - Filling up the DagBag from /home/airflow/.local/lib/python3.8/site-packages/airflow/example_dags/example_setup_teardown.py
[2024-03-13T02:25:55.372+0000] {processor.py:840} INFO - DAG(s) 'example_setup_teardown' retrieved from /home/airflow/.local/lib/python3.8/site-packages/airflow/example_dags/example_setup_teardown.py
[2024-03-13T02:25:55.391+0000] {logging_mixin.py:188} INFO - [2024-03-13T02:25:55.391+0000] {dag.py:3047} INFO - Sync 1 DAGs
[2024-03-13T02:25:55.412+0000] {logging_mixin.py:188} INFO - [2024-03-13T02:25:55.411+0000] {dag.py:3834} INFO - Setting next_dagrun for example_setup_teardown to 2024-03-12 00:00:00+00:00, run_after=2024-03-13 00:00:00+00:00
[2024-03-13T02:25:55.431+0000] {processor.py:183} INFO - Processing /home/airflow/.local/lib/python3.8/site-packages/airflow/example_dags/example_setup_teardown.py took 0.070 seconds
[2024-03-13T02:26:25.718+0000] {processor.py:161} INFO - Started process (PID=488) to work on /home/airflow/.local/lib/python3.8/site-packages/airflow/example_dags/example_setup_teardown.py
[2024-03-13T02:26:25.719+0000] {processor.py:830} INFO - Processing file /home/airflow/.local/lib/python3.8/site-packages/airflow/example_dags/example_setup_teardown.py for tasks to queue
[2024-03-13T02:26:25.721+0000] {logging_mixin.py:188} INFO - [2024-03-13T02:26:25.720+0000] {dagbag.py:540} INFO - Filling up the DagBag from /home/airflow/.local/lib/python3.8/site-packages/airflow/example_dags/example_setup_teardown.py
[2024-03-13T02:26:25.726+0000] {processor.py:840} INFO - DAG(s) 'example_setup_teardown' retrieved from /home/airflow/.local/lib/python3.8/site-packages/airflow/example_dags/example_setup_teardown.py
[2024-03-13T02:26:25.745+0000] {logging_mixin.py:188} INFO - [2024-03-13T02:26:25.745+0000] {dag.py:3047} INFO - Sync 1 DAGs
[2024-03-13T02:26:25.764+0000] {logging_mixin.py:188} INFO - [2024-03-13T02:26:25.763+0000] {dag.py:3834} INFO - Setting next_dagrun for example_setup_teardown to 2024-03-12 00:00:00+00:00, run_after=2024-03-13 00:00:00+00:00
[2024-03-13T02:26:25.781+0000] {processor.py:183} INFO - Processing /home/airflow/.local/lib/python3.8/site-packages/airflow/example_dags/example_setup_teardown.py took 0.066 seconds
[2024-03-13T02:26:56.040+0000] {processor.py:161} INFO - Started process (PID=543) to work on /home/airflow/.local/lib/python3.8/site-packages/airflow/example_dags/example_setup_teardown.py
[2024-03-13T02:26:56.041+0000] {processor.py:830} INFO - Processing file /home/airflow/.local/lib/python3.8/site-packages/airflow/example_dags/example_setup_teardown.py for tasks to queue
[2024-03-13T02:26:56.043+0000] {logging_mixin.py:188} INFO - [2024-03-13T02:26:56.042+0000] {dagbag.py:540} INFO - Filling up the DagBag from /home/airflow/.local/lib/python3.8/site-packages/airflow/example_dags/example_setup_teardown.py
[2024-03-13T02:26:56.048+0000] {processor.py:840} INFO - DAG(s) 'example_setup_teardown' retrieved from /home/airflow/.local/lib/python3.8/site-packages/airflow/example_dags/example_setup_teardown.py
[2024-03-13T02:26:56.065+0000] {logging_mixin.py:188} INFO - [2024-03-13T02:26:56.065+0000] {dag.py:3047} INFO - Sync 1 DAGs
[2024-03-13T02:26:56.083+0000] {logging_mixin.py:188} INFO - [2024-03-13T02:26:56.083+0000] {dag.py:3834} INFO - Setting next_dagrun for example_setup_teardown to 2024-03-12 00:00:00+00:00, run_after=2024-03-13 00:00:00+00:00
[2024-03-13T02:26:56.101+0000] {processor.py:183} INFO - Processing /home/airflow/.local/lib/python3.8/site-packages/airflow/example_dags/example_setup_teardown.py took 0.064 seconds
[2024-03-13T02:27:26.490+0000] {processor.py:161} INFO - Started process (PID=598) to work on /home/airflow/.local/lib/python3.8/site-packages/airflow/example_dags/example_setup_teardown.py
[2024-03-13T02:27:26.492+0000] {processor.py:830} INFO - Processing file /home/airflow/.local/lib/python3.8/site-packages/airflow/example_dags/example_setup_teardown.py for tasks to queue
[2024-03-13T02:27:26.493+0000] {logging_mixin.py:188} INFO - [2024-03-13T02:27:26.493+0000] {dagbag.py:540} INFO - Filling up the DagBag from /home/airflow/.local/lib/python3.8/site-packages/airflow/example_dags/example_setup_teardown.py
[2024-03-13T02:27:26.498+0000] {processor.py:840} INFO - DAG(s) 'example_setup_teardown' retrieved from /home/airflow/.local/lib/python3.8/site-packages/airflow/example_dags/example_setup_teardown.py
[2024-03-13T02:27:26.516+0000] {logging_mixin.py:188} INFO - [2024-03-13T02:27:26.516+0000] {dag.py:3047} INFO - Sync 1 DAGs
[2024-03-13T02:27:26.534+0000] {logging_mixin.py:188} INFO - [2024-03-13T02:27:26.534+0000] {dag.py:3834} INFO - Setting next_dagrun for example_setup_teardown to 2024-03-12 00:00:00+00:00, run_after=2024-03-13 00:00:00+00:00
[2024-03-13T02:27:26.551+0000] {processor.py:183} INFO - Processing /home/airflow/.local/lib/python3.8/site-packages/airflow/example_dags/example_setup_teardown.py took 0.063 seconds
[2024-03-13T02:27:56.775+0000] {processor.py:161} INFO - Started process (PID=653) to work on /home/airflow/.local/lib/python3.8/site-packages/airflow/example_dags/example_setup_teardown.py
[2024-03-13T02:27:56.776+0000] {processor.py:830} INFO - Processing file /home/airflow/.local/lib/python3.8/site-packages/airflow/example_dags/example_setup_teardown.py for tasks to queue
[2024-03-13T02:27:56.777+0000] {logging_mixin.py:188} INFO - [2024-03-13T02:27:56.777+0000] {dagbag.py:540} INFO - Filling up the DagBag from /home/airflow/.local/lib/python3.8/site-packages/airflow/example_dags/example_setup_teardown.py
[2024-03-13T02:27:56.783+0000] {processor.py:840} INFO - DAG(s) 'example_setup_teardown' retrieved from /home/airflow/.local/lib/python3.8/site-packages/airflow/example_dags/example_setup_teardown.py
[2024-03-13T02:27:56.801+0000] {logging_mixin.py:188} INFO - [2024-03-13T02:27:56.801+0000] {dag.py:3047} INFO - Sync 1 DAGs
[2024-03-13T02:27:56.821+0000] {logging_mixin.py:188} INFO - [2024-03-13T02:27:56.820+0000] {dag.py:3834} INFO - Setting next_dagrun for example_setup_teardown to 2024-03-12 00:00:00+00:00, run_after=2024-03-13 00:00:00+00:00
[2024-03-13T02:27:56.839+0000] {processor.py:183} INFO - Processing /home/airflow/.local/lib/python3.8/site-packages/airflow/example_dags/example_setup_teardown.py took 0.066 seconds
[2024-03-13T02:28:27.038+0000] {processor.py:161} INFO - Started process (PID=708) to work on /home/airflow/.local/lib/python3.8/site-packages/airflow/example_dags/example_setup_teardown.py
[2024-03-13T02:28:27.039+0000] {processor.py:830} INFO - Processing file /home/airflow/.local/lib/python3.8/site-packages/airflow/example_dags/example_setup_teardown.py for tasks to queue
[2024-03-13T02:28:27.040+0000] {logging_mixin.py:188} INFO - [2024-03-13T02:28:27.040+0000] {dagbag.py:540} INFO - Filling up the DagBag from /home/airflow/.local/lib/python3.8/site-packages/airflow/example_dags/example_setup_teardown.py
[2024-03-13T02:28:27.046+0000] {processor.py:840} INFO - DAG(s) 'example_setup_teardown' retrieved from /home/airflow/.local/lib/python3.8/site-packages/airflow/example_dags/example_setup_teardown.py
[2024-03-13T02:28:27.064+0000] {logging_mixin.py:188} INFO - [2024-03-13T02:28:27.063+0000] {dag.py:3047} INFO - Sync 1 DAGs
[2024-03-13T02:28:27.083+0000] {logging_mixin.py:188} INFO - [2024-03-13T02:28:27.083+0000] {dag.py:3834} INFO - Setting next_dagrun for example_setup_teardown to 2024-03-12 00:00:00+00:00, run_after=2024-03-13 00:00:00+00:00
[2024-03-13T02:28:27.103+0000] {processor.py:183} INFO - Processing /home/airflow/.local/lib/python3.8/site-packages/airflow/example_dags/example_setup_teardown.py took 0.068 seconds
[2024-03-13T02:28:57.359+0000] {processor.py:161} INFO - Started process (PID=763) to work on /home/airflow/.local/lib/python3.8/site-packages/airflow/example_dags/example_setup_teardown.py
[2024-03-13T02:28:57.359+0000] {processor.py:830} INFO - Processing file /home/airflow/.local/lib/python3.8/site-packages/airflow/example_dags/example_setup_teardown.py for tasks to queue
[2024-03-13T02:28:57.361+0000] {logging_mixin.py:188} INFO - [2024-03-13T02:28:57.361+0000] {dagbag.py:540} INFO - Filling up the DagBag from /home/airflow/.local/lib/python3.8/site-packages/airflow/example_dags/example_setup_teardown.py
[2024-03-13T02:28:57.367+0000] {processor.py:840} INFO - DAG(s) 'example_setup_teardown' retrieved from /home/airflow/.local/lib/python3.8/site-packages/airflow/example_dags/example_setup_teardown.py
[2024-03-13T02:28:57.387+0000] {logging_mixin.py:188} INFO - [2024-03-13T02:28:57.387+0000] {dag.py:3047} INFO - Sync 1 DAGs
[2024-03-13T02:28:57.410+0000] {logging_mixin.py:188} INFO - [2024-03-13T02:28:57.409+0000] {dag.py:3834} INFO - Setting next_dagrun for example_setup_teardown to 2024-03-12 00:00:00+00:00, run_after=2024-03-13 00:00:00+00:00
[2024-03-13T02:28:57.427+0000] {processor.py:183} INFO - Processing /home/airflow/.local/lib/python3.8/site-packages/airflow/example_dags/example_setup_teardown.py took 0.072 seconds
