[2024-03-13T02:22:25.205+0000] {processor.py:161} INFO - Started process (PID=71) to work on /home/airflow/.local/lib/python3.8/site-packages/airflow/example_dags/example_bash_operator.py
[2024-03-13T02:22:25.206+0000] {processor.py:830} INFO - Processing file /home/airflow/.local/lib/python3.8/site-packages/airflow/example_dags/example_bash_operator.py for tasks to queue
[2024-03-13T02:22:25.207+0000] {logging_mixin.py:188} INFO - [2024-03-13T02:22:25.207+0000] {dagbag.py:540} INFO - Filling up the DagBag from /home/airflow/.local/lib/python3.8/site-packages/airflow/example_dags/example_bash_operator.py
[2024-03-13T02:22:25.220+0000] {processor.py:840} INFO - DAG(s) 'example_bash_operator' retrieved from /home/airflow/.local/lib/python3.8/site-packages/airflow/example_dags/example_bash_operator.py
[2024-03-13T02:22:25.306+0000] {logging_mixin.py:188} INFO - [2024-03-13T02:22:25.306+0000] {override.py:1769} INFO - Created Permission View: can delete on DAG:example_bash_operator
[2024-03-13T02:22:25.316+0000] {logging_mixin.py:188} INFO - [2024-03-13T02:22:25.316+0000] {override.py:1769} INFO - Created Permission View: can read on DAG:example_bash_operator
[2024-03-13T02:22:25.325+0000] {logging_mixin.py:188} INFO - [2024-03-13T02:22:25.325+0000] {override.py:1769} INFO - Created Permission View: can edit on DAG:example_bash_operator
[2024-03-13T02:22:25.325+0000] {logging_mixin.py:188} INFO - [2024-03-13T02:22:25.325+0000] {dag.py:3047} INFO - Sync 1 DAGs
[2024-03-13T02:22:25.335+0000] {logging_mixin.py:188} INFO - [2024-03-13T02:22:25.334+0000] {dag.py:3069} INFO - Creating ORM DAG for example_bash_operator
[2024-03-13T02:22:25.344+0000] {logging_mixin.py:188} INFO - [2024-03-13T02:22:25.344+0000] {dag.py:3834} INFO - Setting next_dagrun for example_bash_operator to 2024-03-12 00:00:00+00:00, run_after=2024-03-13 00:00:00+00:00
[2024-03-13T02:22:25.362+0000] {processor.py:183} INFO - Processing /home/airflow/.local/lib/python3.8/site-packages/airflow/example_dags/example_bash_operator.py took 0.160 seconds
[2024-03-13T02:22:55.971+0000] {processor.py:161} INFO - Started process (PID=126) to work on /home/airflow/.local/lib/python3.8/site-packages/airflow/example_dags/example_bash_operator.py
[2024-03-13T02:22:55.972+0000] {processor.py:830} INFO - Processing file /home/airflow/.local/lib/python3.8/site-packages/airflow/example_dags/example_bash_operator.py for tasks to queue
[2024-03-13T02:22:55.974+0000] {logging_mixin.py:188} INFO - [2024-03-13T02:22:55.973+0000] {dagbag.py:540} INFO - Filling up the DagBag from /home/airflow/.local/lib/python3.8/site-packages/airflow/example_dags/example_bash_operator.py
[2024-03-13T02:22:55.983+0000] {processor.py:840} INFO - DAG(s) 'example_bash_operator' retrieved from /home/airflow/.local/lib/python3.8/site-packages/airflow/example_dags/example_bash_operator.py
[2024-03-13T02:22:56.007+0000] {logging_mixin.py:188} INFO - [2024-03-13T02:22:56.007+0000] {dag.py:3047} INFO - Sync 1 DAGs
[2024-03-13T02:22:56.025+0000] {logging_mixin.py:188} INFO - [2024-03-13T02:22:56.025+0000] {dag.py:3834} INFO - Setting next_dagrun for example_bash_operator to 2024-03-12 00:00:00+00:00, run_after=2024-03-13 00:00:00+00:00
[2024-03-13T02:22:56.042+0000] {processor.py:183} INFO - Processing /home/airflow/.local/lib/python3.8/site-packages/airflow/example_dags/example_bash_operator.py took 0.073 seconds
[2024-03-13T02:23:26.151+0000] {processor.py:161} INFO - Started process (PID=181) to work on /home/airflow/.local/lib/python3.8/site-packages/airflow/example_dags/example_bash_operator.py
[2024-03-13T02:23:26.152+0000] {processor.py:830} INFO - Processing file /home/airflow/.local/lib/python3.8/site-packages/airflow/example_dags/example_bash_operator.py for tasks to queue
[2024-03-13T02:23:26.154+0000] {logging_mixin.py:188} INFO - [2024-03-13T02:23:26.154+0000] {dagbag.py:540} INFO - Filling up the DagBag from /home/airflow/.local/lib/python3.8/site-packages/airflow/example_dags/example_bash_operator.py
[2024-03-13T02:23:26.164+0000] {processor.py:840} INFO - DAG(s) 'example_bash_operator' retrieved from /home/airflow/.local/lib/python3.8/site-packages/airflow/example_dags/example_bash_operator.py
[2024-03-13T02:23:26.191+0000] {logging_mixin.py:188} INFO - [2024-03-13T02:23:26.191+0000] {dag.py:3047} INFO - Sync 1 DAGs
[2024-03-13T02:23:26.210+0000] {logging_mixin.py:188} INFO - [2024-03-13T02:23:26.210+0000] {dag.py:3834} INFO - Setting next_dagrun for example_bash_operator to 2024-03-12 00:00:00+00:00, run_after=2024-03-13 00:00:00+00:00
[2024-03-13T02:23:26.229+0000] {processor.py:183} INFO - Processing /home/airflow/.local/lib/python3.8/site-packages/airflow/example_dags/example_bash_operator.py took 0.082 seconds
[2024-03-13T02:23:56.460+0000] {processor.py:161} INFO - Started process (PID=236) to work on /home/airflow/.local/lib/python3.8/site-packages/airflow/example_dags/example_bash_operator.py
[2024-03-13T02:23:56.462+0000] {processor.py:830} INFO - Processing file /home/airflow/.local/lib/python3.8/site-packages/airflow/example_dags/example_bash_operator.py for tasks to queue
[2024-03-13T02:23:56.463+0000] {logging_mixin.py:188} INFO - [2024-03-13T02:23:56.463+0000] {dagbag.py:540} INFO - Filling up the DagBag from /home/airflow/.local/lib/python3.8/site-packages/airflow/example_dags/example_bash_operator.py
[2024-03-13T02:23:56.473+0000] {processor.py:840} INFO - DAG(s) 'example_bash_operator' retrieved from /home/airflow/.local/lib/python3.8/site-packages/airflow/example_dags/example_bash_operator.py
[2024-03-13T02:23:56.503+0000] {logging_mixin.py:188} INFO - [2024-03-13T02:23:56.502+0000] {dag.py:3047} INFO - Sync 1 DAGs
[2024-03-13T02:23:56.525+0000] {logging_mixin.py:188} INFO - [2024-03-13T02:23:56.524+0000] {dag.py:3834} INFO - Setting next_dagrun for example_bash_operator to 2024-03-12 00:00:00+00:00, run_after=2024-03-13 00:00:00+00:00
[2024-03-13T02:23:56.542+0000] {processor.py:183} INFO - Processing /home/airflow/.local/lib/python3.8/site-packages/airflow/example_dags/example_bash_operator.py took 0.084 seconds
[2024-03-13T02:24:26.705+0000] {processor.py:161} INFO - Started process (PID=291) to work on /home/airflow/.local/lib/python3.8/site-packages/airflow/example_dags/example_bash_operator.py
[2024-03-13T02:24:26.706+0000] {processor.py:830} INFO - Processing file /home/airflow/.local/lib/python3.8/site-packages/airflow/example_dags/example_bash_operator.py for tasks to queue
[2024-03-13T02:24:26.708+0000] {logging_mixin.py:188} INFO - [2024-03-13T02:24:26.708+0000] {dagbag.py:540} INFO - Filling up the DagBag from /home/airflow/.local/lib/python3.8/site-packages/airflow/example_dags/example_bash_operator.py
[2024-03-13T02:24:26.718+0000] {processor.py:840} INFO - DAG(s) 'example_bash_operator' retrieved from /home/airflow/.local/lib/python3.8/site-packages/airflow/example_dags/example_bash_operator.py
[2024-03-13T02:24:26.742+0000] {logging_mixin.py:188} INFO - [2024-03-13T02:24:26.742+0000] {dag.py:3047} INFO - Sync 1 DAGs
[2024-03-13T02:24:26.761+0000] {logging_mixin.py:188} INFO - [2024-03-13T02:24:26.760+0000] {dag.py:3834} INFO - Setting next_dagrun for example_bash_operator to 2024-03-12 00:00:00+00:00, run_after=2024-03-13 00:00:00+00:00
[2024-03-13T02:24:26.778+0000] {processor.py:183} INFO - Processing /home/airflow/.local/lib/python3.8/site-packages/airflow/example_dags/example_bash_operator.py took 0.075 seconds
[2024-03-13T02:24:56.955+0000] {processor.py:161} INFO - Started process (PID=346) to work on /home/airflow/.local/lib/python3.8/site-packages/airflow/example_dags/example_bash_operator.py
[2024-03-13T02:24:56.956+0000] {processor.py:830} INFO - Processing file /home/airflow/.local/lib/python3.8/site-packages/airflow/example_dags/example_bash_operator.py for tasks to queue
[2024-03-13T02:24:56.958+0000] {logging_mixin.py:188} INFO - [2024-03-13T02:24:56.958+0000] {dagbag.py:540} INFO - Filling up the DagBag from /home/airflow/.local/lib/python3.8/site-packages/airflow/example_dags/example_bash_operator.py
[2024-03-13T02:24:56.968+0000] {processor.py:840} INFO - DAG(s) 'example_bash_operator' retrieved from /home/airflow/.local/lib/python3.8/site-packages/airflow/example_dags/example_bash_operator.py
[2024-03-13T02:24:56.992+0000] {logging_mixin.py:188} INFO - [2024-03-13T02:24:56.992+0000] {dag.py:3047} INFO - Sync 1 DAGs
[2024-03-13T02:24:57.011+0000] {logging_mixin.py:188} INFO - [2024-03-13T02:24:57.011+0000] {dag.py:3834} INFO - Setting next_dagrun for example_bash_operator to 2024-03-12 00:00:00+00:00, run_after=2024-03-13 00:00:00+00:00
[2024-03-13T02:24:57.027+0000] {processor.py:183} INFO - Processing /home/airflow/.local/lib/python3.8/site-packages/airflow/example_dags/example_bash_operator.py took 0.074 seconds
[2024-03-13T02:25:27.284+0000] {processor.py:161} INFO - Started process (PID=401) to work on /home/airflow/.local/lib/python3.8/site-packages/airflow/example_dags/example_bash_operator.py
[2024-03-13T02:25:27.285+0000] {processor.py:830} INFO - Processing file /home/airflow/.local/lib/python3.8/site-packages/airflow/example_dags/example_bash_operator.py for tasks to queue
[2024-03-13T02:25:27.287+0000] {logging_mixin.py:188} INFO - [2024-03-13T02:25:27.287+0000] {dagbag.py:540} INFO - Filling up the DagBag from /home/airflow/.local/lib/python3.8/site-packages/airflow/example_dags/example_bash_operator.py
[2024-03-13T02:25:27.300+0000] {processor.py:840} INFO - DAG(s) 'example_bash_operator' retrieved from /home/airflow/.local/lib/python3.8/site-packages/airflow/example_dags/example_bash_operator.py
[2024-03-13T02:25:27.328+0000] {logging_mixin.py:188} INFO - [2024-03-13T02:25:27.328+0000] {dag.py:3047} INFO - Sync 1 DAGs
[2024-03-13T02:25:27.350+0000] {logging_mixin.py:188} INFO - [2024-03-13T02:25:27.350+0000] {dag.py:3834} INFO - Setting next_dagrun for example_bash_operator to 2024-03-12 00:00:00+00:00, run_after=2024-03-13 00:00:00+00:00
[2024-03-13T02:25:27.368+0000] {processor.py:183} INFO - Processing /home/airflow/.local/lib/python3.8/site-packages/airflow/example_dags/example_bash_operator.py took 0.086 seconds
[2024-03-13T02:25:57.631+0000] {processor.py:161} INFO - Started process (PID=456) to work on /home/airflow/.local/lib/python3.8/site-packages/airflow/example_dags/example_bash_operator.py
[2024-03-13T02:25:57.632+0000] {processor.py:830} INFO - Processing file /home/airflow/.local/lib/python3.8/site-packages/airflow/example_dags/example_bash_operator.py for tasks to queue
[2024-03-13T02:25:57.634+0000] {logging_mixin.py:188} INFO - [2024-03-13T02:25:57.633+0000] {dagbag.py:540} INFO - Filling up the DagBag from /home/airflow/.local/lib/python3.8/site-packages/airflow/example_dags/example_bash_operator.py
[2024-03-13T02:25:57.642+0000] {processor.py:840} INFO - DAG(s) 'example_bash_operator' retrieved from /home/airflow/.local/lib/python3.8/site-packages/airflow/example_dags/example_bash_operator.py
[2024-03-13T02:25:57.667+0000] {logging_mixin.py:188} INFO - [2024-03-13T02:25:57.667+0000] {dag.py:3047} INFO - Sync 1 DAGs
[2024-03-13T02:25:57.685+0000] {logging_mixin.py:188} INFO - [2024-03-13T02:25:57.685+0000] {dag.py:3834} INFO - Setting next_dagrun for example_bash_operator to 2024-03-12 00:00:00+00:00, run_after=2024-03-13 00:00:00+00:00
[2024-03-13T02:25:57.702+0000] {processor.py:183} INFO - Processing /home/airflow/.local/lib/python3.8/site-packages/airflow/example_dags/example_bash_operator.py took 0.074 seconds
[2024-03-13T02:26:27.962+0000] {processor.py:161} INFO - Started process (PID=512) to work on /home/airflow/.local/lib/python3.8/site-packages/airflow/example_dags/example_bash_operator.py
[2024-03-13T02:26:27.963+0000] {processor.py:830} INFO - Processing file /home/airflow/.local/lib/python3.8/site-packages/airflow/example_dags/example_bash_operator.py for tasks to queue
[2024-03-13T02:26:27.965+0000] {logging_mixin.py:188} INFO - [2024-03-13T02:26:27.965+0000] {dagbag.py:540} INFO - Filling up the DagBag from /home/airflow/.local/lib/python3.8/site-packages/airflow/example_dags/example_bash_operator.py
[2024-03-13T02:26:27.978+0000] {processor.py:840} INFO - DAG(s) 'example_bash_operator' retrieved from /home/airflow/.local/lib/python3.8/site-packages/airflow/example_dags/example_bash_operator.py
[2024-03-13T02:26:28.002+0000] {logging_mixin.py:188} INFO - [2024-03-13T02:26:28.002+0000] {dag.py:3047} INFO - Sync 1 DAGs
[2024-03-13T02:26:28.022+0000] {logging_mixin.py:188} INFO - [2024-03-13T02:26:28.022+0000] {dag.py:3834} INFO - Setting next_dagrun for example_bash_operator to 2024-03-12 00:00:00+00:00, run_after=2024-03-13 00:00:00+00:00
[2024-03-13T02:26:28.039+0000] {processor.py:183} INFO - Processing /home/airflow/.local/lib/python3.8/site-packages/airflow/example_dags/example_bash_operator.py took 0.080 seconds
[2024-03-13T02:26:58.320+0000] {processor.py:161} INFO - Started process (PID=567) to work on /home/airflow/.local/lib/python3.8/site-packages/airflow/example_dags/example_bash_operator.py
[2024-03-13T02:26:58.321+0000] {processor.py:830} INFO - Processing file /home/airflow/.local/lib/python3.8/site-packages/airflow/example_dags/example_bash_operator.py for tasks to queue
[2024-03-13T02:26:58.323+0000] {logging_mixin.py:188} INFO - [2024-03-13T02:26:58.323+0000] {dagbag.py:540} INFO - Filling up the DagBag from /home/airflow/.local/lib/python3.8/site-packages/airflow/example_dags/example_bash_operator.py
[2024-03-13T02:26:58.333+0000] {processor.py:840} INFO - DAG(s) 'example_bash_operator' retrieved from /home/airflow/.local/lib/python3.8/site-packages/airflow/example_dags/example_bash_operator.py
[2024-03-13T02:26:58.360+0000] {logging_mixin.py:188} INFO - [2024-03-13T02:26:58.359+0000] {dag.py:3047} INFO - Sync 1 DAGs
[2024-03-13T02:26:58.380+0000] {logging_mixin.py:188} INFO - [2024-03-13T02:26:58.380+0000] {dag.py:3834} INFO - Setting next_dagrun for example_bash_operator to 2024-03-12 00:00:00+00:00, run_after=2024-03-13 00:00:00+00:00
[2024-03-13T02:26:58.405+0000] {processor.py:183} INFO - Processing /home/airflow/.local/lib/python3.8/site-packages/airflow/example_dags/example_bash_operator.py took 0.088 seconds
[2024-03-13T02:27:28.680+0000] {processor.py:161} INFO - Started process (PID=622) to work on /home/airflow/.local/lib/python3.8/site-packages/airflow/example_dags/example_bash_operator.py
[2024-03-13T02:27:28.681+0000] {processor.py:830} INFO - Processing file /home/airflow/.local/lib/python3.8/site-packages/airflow/example_dags/example_bash_operator.py for tasks to queue
[2024-03-13T02:27:28.683+0000] {logging_mixin.py:188} INFO - [2024-03-13T02:27:28.682+0000] {dagbag.py:540} INFO - Filling up the DagBag from /home/airflow/.local/lib/python3.8/site-packages/airflow/example_dags/example_bash_operator.py
[2024-03-13T02:27:28.694+0000] {processor.py:840} INFO - DAG(s) 'example_bash_operator' retrieved from /home/airflow/.local/lib/python3.8/site-packages/airflow/example_dags/example_bash_operator.py
[2024-03-13T02:27:28.727+0000] {logging_mixin.py:188} INFO - [2024-03-13T02:27:28.726+0000] {dag.py:3047} INFO - Sync 1 DAGs
[2024-03-13T02:27:28.749+0000] {logging_mixin.py:188} INFO - [2024-03-13T02:27:28.748+0000] {dag.py:3834} INFO - Setting next_dagrun for example_bash_operator to 2024-03-12 00:00:00+00:00, run_after=2024-03-13 00:00:00+00:00
[2024-03-13T02:27:28.765+0000] {processor.py:183} INFO - Processing /home/airflow/.local/lib/python3.8/site-packages/airflow/example_dags/example_bash_operator.py took 0.087 seconds
[2024-03-13T02:27:58.952+0000] {processor.py:161} INFO - Started process (PID=677) to work on /home/airflow/.local/lib/python3.8/site-packages/airflow/example_dags/example_bash_operator.py
[2024-03-13T02:27:58.953+0000] {processor.py:830} INFO - Processing file /home/airflow/.local/lib/python3.8/site-packages/airflow/example_dags/example_bash_operator.py for tasks to queue
[2024-03-13T02:27:58.955+0000] {logging_mixin.py:188} INFO - [2024-03-13T02:27:58.955+0000] {dagbag.py:540} INFO - Filling up the DagBag from /home/airflow/.local/lib/python3.8/site-packages/airflow/example_dags/example_bash_operator.py
[2024-03-13T02:27:58.965+0000] {processor.py:840} INFO - DAG(s) 'example_bash_operator' retrieved from /home/airflow/.local/lib/python3.8/site-packages/airflow/example_dags/example_bash_operator.py
[2024-03-13T02:27:58.993+0000] {logging_mixin.py:188} INFO - [2024-03-13T02:27:58.993+0000] {dag.py:3047} INFO - Sync 1 DAGs
[2024-03-13T02:27:59.013+0000] {logging_mixin.py:188} INFO - [2024-03-13T02:27:59.012+0000] {dag.py:3834} INFO - Setting next_dagrun for example_bash_operator to 2024-03-12 00:00:00+00:00, run_after=2024-03-13 00:00:00+00:00
[2024-03-13T02:27:59.030+0000] {processor.py:183} INFO - Processing /home/airflow/.local/lib/python3.8/site-packages/airflow/example_dags/example_bash_operator.py took 0.081 seconds
[2024-03-13T02:28:29.310+0000] {processor.py:161} INFO - Started process (PID=732) to work on /home/airflow/.local/lib/python3.8/site-packages/airflow/example_dags/example_bash_operator.py
[2024-03-13T02:28:29.311+0000] {processor.py:830} INFO - Processing file /home/airflow/.local/lib/python3.8/site-packages/airflow/example_dags/example_bash_operator.py for tasks to queue
[2024-03-13T02:28:29.313+0000] {logging_mixin.py:188} INFO - [2024-03-13T02:28:29.313+0000] {dagbag.py:540} INFO - Filling up the DagBag from /home/airflow/.local/lib/python3.8/site-packages/airflow/example_dags/example_bash_operator.py
[2024-03-13T02:28:29.322+0000] {processor.py:840} INFO - DAG(s) 'example_bash_operator' retrieved from /home/airflow/.local/lib/python3.8/site-packages/airflow/example_dags/example_bash_operator.py
[2024-03-13T02:28:29.348+0000] {logging_mixin.py:188} INFO - [2024-03-13T02:28:29.348+0000] {dag.py:3047} INFO - Sync 1 DAGs
[2024-03-13T02:28:29.366+0000] {logging_mixin.py:188} INFO - [2024-03-13T02:28:29.365+0000] {dag.py:3834} INFO - Setting next_dagrun for example_bash_operator to 2024-03-12 00:00:00+00:00, run_after=2024-03-13 00:00:00+00:00
[2024-03-13T02:28:29.382+0000] {processor.py:183} INFO - Processing /home/airflow/.local/lib/python3.8/site-packages/airflow/example_dags/example_bash_operator.py took 0.075 seconds
[2024-03-13T02:28:59.526+0000] {processor.py:161} INFO - Started process (PID=787) to work on /home/airflow/.local/lib/python3.8/site-packages/airflow/example_dags/example_bash_operator.py
[2024-03-13T02:28:59.527+0000] {processor.py:830} INFO - Processing file /home/airflow/.local/lib/python3.8/site-packages/airflow/example_dags/example_bash_operator.py for tasks to queue
[2024-03-13T02:28:59.529+0000] {logging_mixin.py:188} INFO - [2024-03-13T02:28:59.529+0000] {dagbag.py:540} INFO - Filling up the DagBag from /home/airflow/.local/lib/python3.8/site-packages/airflow/example_dags/example_bash_operator.py
[2024-03-13T02:28:59.539+0000] {processor.py:840} INFO - DAG(s) 'example_bash_operator' retrieved from /home/airflow/.local/lib/python3.8/site-packages/airflow/example_dags/example_bash_operator.py
[2024-03-13T02:28:59.564+0000] {logging_mixin.py:188} INFO - [2024-03-13T02:28:59.564+0000] {dag.py:3047} INFO - Sync 1 DAGs
[2024-03-13T02:28:59.583+0000] {logging_mixin.py:188} INFO - [2024-03-13T02:28:59.583+0000] {dag.py:3834} INFO - Setting next_dagrun for example_bash_operator to 2024-03-12 00:00:00+00:00, run_after=2024-03-13 00:00:00+00:00
[2024-03-13T02:28:59.598+0000] {processor.py:183} INFO - Processing /home/airflow/.local/lib/python3.8/site-packages/airflow/example_dags/example_bash_operator.py took 0.075 seconds
