[2024-03-13T02:22:23.419+0000] {processor.py:161} INFO - Started process (PID=54) to work on /home/airflow/.local/lib/python3.8/site-packages/airflow/example_dags/example_latest_only.py
[2024-03-13T02:22:23.420+0000] {processor.py:830} INFO - Processing file /home/airflow/.local/lib/python3.8/site-packages/airflow/example_dags/example_latest_only.py for tasks to queue
[2024-03-13T02:22:23.421+0000] {logging_mixin.py:188} INFO - [2024-03-13T02:22:23.421+0000] {dagbag.py:540} INFO - Filling up the DagBag from /home/airflow/.local/lib/python3.8/site-packages/airflow/example_dags/example_latest_only.py
[2024-03-13T02:22:23.428+0000] {processor.py:840} INFO - DAG(s) 'latest_only' retrieved from /home/airflow/.local/lib/python3.8/site-packages/airflow/example_dags/example_latest_only.py
[2024-03-13T02:22:23.526+0000] {logging_mixin.py:188} INFO - [2024-03-13T02:22:23.526+0000] {override.py:1769} INFO - Created Permission View: can delete on DAG:latest_only
[2024-03-13T02:22:23.538+0000] {logging_mixin.py:188} INFO - [2024-03-13T02:22:23.537+0000] {override.py:1769} INFO - Created Permission View: can read on DAG:latest_only
[2024-03-13T02:22:23.545+0000] {logging_mixin.py:188} INFO - [2024-03-13T02:22:23.545+0000] {override.py:1769} INFO - Created Permission View: can edit on DAG:latest_only
[2024-03-13T02:22:23.546+0000] {logging_mixin.py:188} INFO - [2024-03-13T02:22:23.546+0000] {dag.py:3047} INFO - Sync 1 DAGs
[2024-03-13T02:22:23.558+0000] {logging_mixin.py:188} INFO - [2024-03-13T02:22:23.557+0000] {dag.py:3069} INFO - Creating ORM DAG for latest_only
[2024-03-13T02:22:23.568+0000] {logging_mixin.py:188} INFO - [2024-03-13T02:22:23.568+0000] {dag.py:3834} INFO - Setting next_dagrun for latest_only to 2024-03-12 20:00:00+00:00, run_after=2024-03-13 00:00:00+00:00
[2024-03-13T02:22:23.587+0000] {processor.py:183} INFO - Processing /home/airflow/.local/lib/python3.8/site-packages/airflow/example_dags/example_latest_only.py took 0.171 seconds
[2024-03-13T02:22:53.922+0000] {processor.py:161} INFO - Started process (PID=108) to work on /home/airflow/.local/lib/python3.8/site-packages/airflow/example_dags/example_latest_only.py
[2024-03-13T02:22:53.923+0000] {processor.py:830} INFO - Processing file /home/airflow/.local/lib/python3.8/site-packages/airflow/example_dags/example_latest_only.py for tasks to queue
[2024-03-13T02:22:53.925+0000] {logging_mixin.py:188} INFO - [2024-03-13T02:22:53.925+0000] {dagbag.py:540} INFO - Filling up the DagBag from /home/airflow/.local/lib/python3.8/site-packages/airflow/example_dags/example_latest_only.py
[2024-03-13T02:22:53.929+0000] {processor.py:840} INFO - DAG(s) 'latest_only' retrieved from /home/airflow/.local/lib/python3.8/site-packages/airflow/example_dags/example_latest_only.py
[2024-03-13T02:22:53.944+0000] {logging_mixin.py:188} INFO - [2024-03-13T02:22:53.944+0000] {dag.py:3047} INFO - Sync 1 DAGs
[2024-03-13T02:22:53.962+0000] {logging_mixin.py:188} INFO - [2024-03-13T02:22:53.962+0000] {dag.py:3834} INFO - Setting next_dagrun for latest_only to 2024-03-12 20:00:00+00:00, run_after=2024-03-13 00:00:00+00:00
[2024-03-13T02:22:53.978+0000] {processor.py:183} INFO - Processing /home/airflow/.local/lib/python3.8/site-packages/airflow/example_dags/example_latest_only.py took 0.058 seconds
[2024-03-13T02:23:24.320+0000] {processor.py:161} INFO - Started process (PID=164) to work on /home/airflow/.local/lib/python3.8/site-packages/airflow/example_dags/example_latest_only.py
[2024-03-13T02:23:24.321+0000] {processor.py:830} INFO - Processing file /home/airflow/.local/lib/python3.8/site-packages/airflow/example_dags/example_latest_only.py for tasks to queue
[2024-03-13T02:23:24.322+0000] {logging_mixin.py:188} INFO - [2024-03-13T02:23:24.322+0000] {dagbag.py:540} INFO - Filling up the DagBag from /home/airflow/.local/lib/python3.8/site-packages/airflow/example_dags/example_latest_only.py
[2024-03-13T02:23:24.326+0000] {processor.py:840} INFO - DAG(s) 'latest_only' retrieved from /home/airflow/.local/lib/python3.8/site-packages/airflow/example_dags/example_latest_only.py
[2024-03-13T02:23:24.342+0000] {logging_mixin.py:188} INFO - [2024-03-13T02:23:24.342+0000] {dag.py:3047} INFO - Sync 1 DAGs
[2024-03-13T02:23:24.360+0000] {logging_mixin.py:188} INFO - [2024-03-13T02:23:24.359+0000] {dag.py:3834} INFO - Setting next_dagrun for latest_only to 2024-03-12 20:00:00+00:00, run_after=2024-03-13 00:00:00+00:00
[2024-03-13T02:23:24.375+0000] {processor.py:183} INFO - Processing /home/airflow/.local/lib/python3.8/site-packages/airflow/example_dags/example_latest_only.py took 0.058 seconds
[2024-03-13T02:23:54.593+0000] {processor.py:161} INFO - Started process (PID=218) to work on /home/airflow/.local/lib/python3.8/site-packages/airflow/example_dags/example_latest_only.py
[2024-03-13T02:23:54.594+0000] {processor.py:830} INFO - Processing file /home/airflow/.local/lib/python3.8/site-packages/airflow/example_dags/example_latest_only.py for tasks to queue
[2024-03-13T02:23:54.595+0000] {logging_mixin.py:188} INFO - [2024-03-13T02:23:54.595+0000] {dagbag.py:540} INFO - Filling up the DagBag from /home/airflow/.local/lib/python3.8/site-packages/airflow/example_dags/example_latest_only.py
[2024-03-13T02:23:54.600+0000] {processor.py:840} INFO - DAG(s) 'latest_only' retrieved from /home/airflow/.local/lib/python3.8/site-packages/airflow/example_dags/example_latest_only.py
[2024-03-13T02:23:54.616+0000] {logging_mixin.py:188} INFO - [2024-03-13T02:23:54.616+0000] {dag.py:3047} INFO - Sync 1 DAGs
[2024-03-13T02:23:54.635+0000] {logging_mixin.py:188} INFO - [2024-03-13T02:23:54.635+0000] {dag.py:3834} INFO - Setting next_dagrun for latest_only to 2024-03-12 20:00:00+00:00, run_after=2024-03-13 00:00:00+00:00
[2024-03-13T02:23:54.653+0000] {processor.py:183} INFO - Processing /home/airflow/.local/lib/python3.8/site-packages/airflow/example_dags/example_latest_only.py took 0.063 seconds
[2024-03-13T02:24:24.907+0000] {processor.py:161} INFO - Started process (PID=274) to work on /home/airflow/.local/lib/python3.8/site-packages/airflow/example_dags/example_latest_only.py
[2024-03-13T02:24:24.908+0000] {processor.py:830} INFO - Processing file /home/airflow/.local/lib/python3.8/site-packages/airflow/example_dags/example_latest_only.py for tasks to queue
[2024-03-13T02:24:24.909+0000] {logging_mixin.py:188} INFO - [2024-03-13T02:24:24.909+0000] {dagbag.py:540} INFO - Filling up the DagBag from /home/airflow/.local/lib/python3.8/site-packages/airflow/example_dags/example_latest_only.py
[2024-03-13T02:24:24.913+0000] {processor.py:840} INFO - DAG(s) 'latest_only' retrieved from /home/airflow/.local/lib/python3.8/site-packages/airflow/example_dags/example_latest_only.py
[2024-03-13T02:24:24.928+0000] {logging_mixin.py:188} INFO - [2024-03-13T02:24:24.927+0000] {dag.py:3047} INFO - Sync 1 DAGs
[2024-03-13T02:24:24.945+0000] {logging_mixin.py:188} INFO - [2024-03-13T02:24:24.945+0000] {dag.py:3834} INFO - Setting next_dagrun for latest_only to 2024-03-12 20:00:00+00:00, run_after=2024-03-13 00:00:00+00:00
[2024-03-13T02:24:24.962+0000] {processor.py:183} INFO - Processing /home/airflow/.local/lib/python3.8/site-packages/airflow/example_dags/example_latest_only.py took 0.057 seconds
[2024-03-13T02:24:55.116+0000] {processor.py:161} INFO - Started process (PID=328) to work on /home/airflow/.local/lib/python3.8/site-packages/airflow/example_dags/example_latest_only.py
[2024-03-13T02:24:55.116+0000] {processor.py:830} INFO - Processing file /home/airflow/.local/lib/python3.8/site-packages/airflow/example_dags/example_latest_only.py for tasks to queue
[2024-03-13T02:24:55.118+0000] {logging_mixin.py:188} INFO - [2024-03-13T02:24:55.118+0000] {dagbag.py:540} INFO - Filling up the DagBag from /home/airflow/.local/lib/python3.8/site-packages/airflow/example_dags/example_latest_only.py
[2024-03-13T02:24:55.122+0000] {processor.py:840} INFO - DAG(s) 'latest_only' retrieved from /home/airflow/.local/lib/python3.8/site-packages/airflow/example_dags/example_latest_only.py
[2024-03-13T02:24:55.137+0000] {logging_mixin.py:188} INFO - [2024-03-13T02:24:55.137+0000] {dag.py:3047} INFO - Sync 1 DAGs
[2024-03-13T02:24:55.155+0000] {logging_mixin.py:188} INFO - [2024-03-13T02:24:55.155+0000] {dag.py:3834} INFO - Setting next_dagrun for latest_only to 2024-03-12 20:00:00+00:00, run_after=2024-03-13 00:00:00+00:00
[2024-03-13T02:24:55.173+0000] {processor.py:183} INFO - Processing /home/airflow/.local/lib/python3.8/site-packages/airflow/example_dags/example_latest_only.py took 0.060 seconds
[2024-03-13T02:25:25.346+0000] {processor.py:161} INFO - Started process (PID=383) to work on /home/airflow/.local/lib/python3.8/site-packages/airflow/example_dags/example_latest_only.py
[2024-03-13T02:25:25.347+0000] {processor.py:830} INFO - Processing file /home/airflow/.local/lib/python3.8/site-packages/airflow/example_dags/example_latest_only.py for tasks to queue
[2024-03-13T02:25:25.349+0000] {logging_mixin.py:188} INFO - [2024-03-13T02:25:25.349+0000] {dagbag.py:540} INFO - Filling up the DagBag from /home/airflow/.local/lib/python3.8/site-packages/airflow/example_dags/example_latest_only.py
[2024-03-13T02:25:25.354+0000] {processor.py:840} INFO - DAG(s) 'latest_only' retrieved from /home/airflow/.local/lib/python3.8/site-packages/airflow/example_dags/example_latest_only.py
[2024-03-13T02:25:25.374+0000] {logging_mixin.py:188} INFO - [2024-03-13T02:25:25.374+0000] {dag.py:3047} INFO - Sync 1 DAGs
[2024-03-13T02:25:25.397+0000] {logging_mixin.py:188} INFO - [2024-03-13T02:25:25.396+0000] {dag.py:3834} INFO - Setting next_dagrun for latest_only to 2024-03-12 20:00:00+00:00, run_after=2024-03-13 00:00:00+00:00
[2024-03-13T02:25:25.418+0000] {processor.py:183} INFO - Processing /home/airflow/.local/lib/python3.8/site-packages/airflow/example_dags/example_latest_only.py took 0.074 seconds
[2024-03-13T02:25:55.822+0000] {processor.py:161} INFO - Started process (PID=439) to work on /home/airflow/.local/lib/python3.8/site-packages/airflow/example_dags/example_latest_only.py
[2024-03-13T02:25:55.823+0000] {processor.py:830} INFO - Processing file /home/airflow/.local/lib/python3.8/site-packages/airflow/example_dags/example_latest_only.py for tasks to queue
[2024-03-13T02:25:55.825+0000] {logging_mixin.py:188} INFO - [2024-03-13T02:25:55.825+0000] {dagbag.py:540} INFO - Filling up the DagBag from /home/airflow/.local/lib/python3.8/site-packages/airflow/example_dags/example_latest_only.py
[2024-03-13T02:25:55.830+0000] {processor.py:840} INFO - DAG(s) 'latest_only' retrieved from /home/airflow/.local/lib/python3.8/site-packages/airflow/example_dags/example_latest_only.py
[2024-03-13T02:25:55.849+0000] {logging_mixin.py:188} INFO - [2024-03-13T02:25:55.849+0000] {dag.py:3047} INFO - Sync 1 DAGs
[2024-03-13T02:25:55.871+0000] {logging_mixin.py:188} INFO - [2024-03-13T02:25:55.871+0000] {dag.py:3834} INFO - Setting next_dagrun for latest_only to 2024-03-12 20:00:00+00:00, run_after=2024-03-13 00:00:00+00:00
[2024-03-13T02:25:55.888+0000] {processor.py:183} INFO - Processing /home/airflow/.local/lib/python3.8/site-packages/airflow/example_dags/example_latest_only.py took 0.069 seconds
[2024-03-13T02:26:26.091+0000] {processor.py:161} INFO - Started process (PID=495) to work on /home/airflow/.local/lib/python3.8/site-packages/airflow/example_dags/example_latest_only.py
[2024-03-13T02:26:26.092+0000] {processor.py:830} INFO - Processing file /home/airflow/.local/lib/python3.8/site-packages/airflow/example_dags/example_latest_only.py for tasks to queue
[2024-03-13T02:26:26.093+0000] {logging_mixin.py:188} INFO - [2024-03-13T02:26:26.093+0000] {dagbag.py:540} INFO - Filling up the DagBag from /home/airflow/.local/lib/python3.8/site-packages/airflow/example_dags/example_latest_only.py
[2024-03-13T02:26:26.097+0000] {processor.py:840} INFO - DAG(s) 'latest_only' retrieved from /home/airflow/.local/lib/python3.8/site-packages/airflow/example_dags/example_latest_only.py
[2024-03-13T02:26:26.112+0000] {logging_mixin.py:188} INFO - [2024-03-13T02:26:26.112+0000] {dag.py:3047} INFO - Sync 1 DAGs
[2024-03-13T02:26:26.130+0000] {logging_mixin.py:188} INFO - [2024-03-13T02:26:26.130+0000] {dag.py:3834} INFO - Setting next_dagrun for latest_only to 2024-03-12 20:00:00+00:00, run_after=2024-03-13 00:00:00+00:00
[2024-03-13T02:26:26.145+0000] {processor.py:183} INFO - Processing /home/airflow/.local/lib/python3.8/site-packages/airflow/example_dags/example_latest_only.py took 0.056 seconds
[2024-03-13T02:26:56.442+0000] {processor.py:161} INFO - Started process (PID=550) to work on /home/airflow/.local/lib/python3.8/site-packages/airflow/example_dags/example_latest_only.py
[2024-03-13T02:26:56.443+0000] {processor.py:830} INFO - Processing file /home/airflow/.local/lib/python3.8/site-packages/airflow/example_dags/example_latest_only.py for tasks to queue
[2024-03-13T02:26:56.445+0000] {logging_mixin.py:188} INFO - [2024-03-13T02:26:56.444+0000] {dagbag.py:540} INFO - Filling up the DagBag from /home/airflow/.local/lib/python3.8/site-packages/airflow/example_dags/example_latest_only.py
[2024-03-13T02:26:56.450+0000] {processor.py:840} INFO - DAG(s) 'latest_only' retrieved from /home/airflow/.local/lib/python3.8/site-packages/airflow/example_dags/example_latest_only.py
[2024-03-13T02:26:56.469+0000] {logging_mixin.py:188} INFO - [2024-03-13T02:26:56.468+0000] {dag.py:3047} INFO - Sync 1 DAGs
[2024-03-13T02:26:56.489+0000] {logging_mixin.py:188} INFO - [2024-03-13T02:26:56.489+0000] {dag.py:3834} INFO - Setting next_dagrun for latest_only to 2024-03-12 20:00:00+00:00, run_after=2024-03-13 00:00:00+00:00
[2024-03-13T02:26:56.507+0000] {processor.py:183} INFO - Processing /home/airflow/.local/lib/python3.8/site-packages/airflow/example_dags/example_latest_only.py took 0.067 seconds
[2024-03-13T02:27:26.852+0000] {processor.py:161} INFO - Started process (PID=605) to work on /home/airflow/.local/lib/python3.8/site-packages/airflow/example_dags/example_latest_only.py
[2024-03-13T02:27:26.853+0000] {processor.py:830} INFO - Processing file /home/airflow/.local/lib/python3.8/site-packages/airflow/example_dags/example_latest_only.py for tasks to queue
[2024-03-13T02:27:26.854+0000] {logging_mixin.py:188} INFO - [2024-03-13T02:27:26.854+0000] {dagbag.py:540} INFO - Filling up the DagBag from /home/airflow/.local/lib/python3.8/site-packages/airflow/example_dags/example_latest_only.py
[2024-03-13T02:27:26.858+0000] {processor.py:840} INFO - DAG(s) 'latest_only' retrieved from /home/airflow/.local/lib/python3.8/site-packages/airflow/example_dags/example_latest_only.py
[2024-03-13T02:27:26.874+0000] {logging_mixin.py:188} INFO - [2024-03-13T02:27:26.873+0000] {dag.py:3047} INFO - Sync 1 DAGs
[2024-03-13T02:27:26.894+0000] {logging_mixin.py:188} INFO - [2024-03-13T02:27:26.893+0000] {dag.py:3834} INFO - Setting next_dagrun for latest_only to 2024-03-12 20:00:00+00:00, run_after=2024-03-13 00:00:00+00:00
[2024-03-13T02:27:26.913+0000] {processor.py:183} INFO - Processing /home/airflow/.local/lib/python3.8/site-packages/airflow/example_dags/example_latest_only.py took 0.063 seconds
[2024-03-13T02:27:57.133+0000] {processor.py:161} INFO - Started process (PID=659) to work on /home/airflow/.local/lib/python3.8/site-packages/airflow/example_dags/example_latest_only.py
[2024-03-13T02:27:57.134+0000] {processor.py:830} INFO - Processing file /home/airflow/.local/lib/python3.8/site-packages/airflow/example_dags/example_latest_only.py for tasks to queue
[2024-03-13T02:27:57.136+0000] {logging_mixin.py:188} INFO - [2024-03-13T02:27:57.136+0000] {dagbag.py:540} INFO - Filling up the DagBag from /home/airflow/.local/lib/python3.8/site-packages/airflow/example_dags/example_latest_only.py
[2024-03-13T02:27:57.140+0000] {processor.py:840} INFO - DAG(s) 'latest_only' retrieved from /home/airflow/.local/lib/python3.8/site-packages/airflow/example_dags/example_latest_only.py
[2024-03-13T02:27:57.156+0000] {logging_mixin.py:188} INFO - [2024-03-13T02:27:57.156+0000] {dag.py:3047} INFO - Sync 1 DAGs
[2024-03-13T02:27:57.174+0000] {logging_mixin.py:188} INFO - [2024-03-13T02:27:57.174+0000] {dag.py:3834} INFO - Setting next_dagrun for latest_only to 2024-03-12 20:00:00+00:00, run_after=2024-03-13 00:00:00+00:00
[2024-03-13T02:27:57.191+0000] {processor.py:183} INFO - Processing /home/airflow/.local/lib/python3.8/site-packages/airflow/example_dags/example_latest_only.py took 0.060 seconds
[2024-03-13T02:28:27.422+0000] {processor.py:161} INFO - Started process (PID=714) to work on /home/airflow/.local/lib/python3.8/site-packages/airflow/example_dags/example_latest_only.py
[2024-03-13T02:28:27.423+0000] {processor.py:830} INFO - Processing file /home/airflow/.local/lib/python3.8/site-packages/airflow/example_dags/example_latest_only.py for tasks to queue
[2024-03-13T02:28:27.426+0000] {logging_mixin.py:188} INFO - [2024-03-13T02:28:27.425+0000] {dagbag.py:540} INFO - Filling up the DagBag from /home/airflow/.local/lib/python3.8/site-packages/airflow/example_dags/example_latest_only.py
[2024-03-13T02:28:27.430+0000] {processor.py:840} INFO - DAG(s) 'latest_only' retrieved from /home/airflow/.local/lib/python3.8/site-packages/airflow/example_dags/example_latest_only.py
[2024-03-13T02:28:27.445+0000] {logging_mixin.py:188} INFO - [2024-03-13T02:28:27.445+0000] {dag.py:3047} INFO - Sync 1 DAGs
[2024-03-13T02:28:27.462+0000] {logging_mixin.py:188} INFO - [2024-03-13T02:28:27.462+0000] {dag.py:3834} INFO - Setting next_dagrun for latest_only to 2024-03-12 20:00:00+00:00, run_after=2024-03-13 00:00:00+00:00
[2024-03-13T02:28:27.480+0000] {processor.py:183} INFO - Processing /home/airflow/.local/lib/python3.8/site-packages/airflow/example_dags/example_latest_only.py took 0.060 seconds
[2024-03-13T02:28:57.713+0000] {processor.py:161} INFO - Started process (PID=769) to work on /home/airflow/.local/lib/python3.8/site-packages/airflow/example_dags/example_latest_only.py
[2024-03-13T02:28:57.713+0000] {processor.py:830} INFO - Processing file /home/airflow/.local/lib/python3.8/site-packages/airflow/example_dags/example_latest_only.py for tasks to queue
[2024-03-13T02:28:57.715+0000] {logging_mixin.py:188} INFO - [2024-03-13T02:28:57.715+0000] {dagbag.py:540} INFO - Filling up the DagBag from /home/airflow/.local/lib/python3.8/site-packages/airflow/example_dags/example_latest_only.py
[2024-03-13T02:28:57.719+0000] {processor.py:840} INFO - DAG(s) 'latest_only' retrieved from /home/airflow/.local/lib/python3.8/site-packages/airflow/example_dags/example_latest_only.py
[2024-03-13T02:28:57.733+0000] {logging_mixin.py:188} INFO - [2024-03-13T02:28:57.733+0000] {dag.py:3047} INFO - Sync 1 DAGs
[2024-03-13T02:28:57.750+0000] {logging_mixin.py:188} INFO - [2024-03-13T02:28:57.750+0000] {dag.py:3834} INFO - Setting next_dagrun for latest_only to 2024-03-12 20:00:00+00:00, run_after=2024-03-13 00:00:00+00:00
[2024-03-13T02:28:57.765+0000] {processor.py:183} INFO - Processing /home/airflow/.local/lib/python3.8/site-packages/airflow/example_dags/example_latest_only.py took 0.054 seconds
