[2024-03-13T02:22:22.779+0000] {processor.py:161} INFO - Started process (PID=49) to work on /home/airflow/.local/lib/python3.8/site-packages/airflow/example_dags/example_xcomargs.py
[2024-03-13T02:22:22.780+0000] {processor.py:830} INFO - Processing file /home/airflow/.local/lib/python3.8/site-packages/airflow/example_dags/example_xcomargs.py for tasks to queue
[2024-03-13T02:22:22.782+0000] {logging_mixin.py:188} INFO - [2024-03-13T02:22:22.782+0000] {dagbag.py:540} INFO - Filling up the DagBag from /home/airflow/.local/lib/python3.8/site-packages/airflow/example_dags/example_xcomargs.py
[2024-03-13T02:22:22.796+0000] {processor.py:840} INFO - DAG(s) 'example_xcom_args_with_operators', 'example_xcom_args' retrieved from /home/airflow/.local/lib/python3.8/site-packages/airflow/example_dags/example_xcomargs.py
[2024-03-13T02:22:22.897+0000] {logging_mixin.py:188} INFO - [2024-03-13T02:22:22.897+0000] {override.py:1769} INFO - Created Permission View: can delete on DAG:example_xcom_args_with_operators
[2024-03-13T02:22:22.909+0000] {logging_mixin.py:188} INFO - [2024-03-13T02:22:22.909+0000] {override.py:1769} INFO - Created Permission View: can read on DAG:example_xcom_args_with_operators
[2024-03-13T02:22:22.916+0000] {logging_mixin.py:188} INFO - [2024-03-13T02:22:22.916+0000] {override.py:1769} INFO - Created Permission View: can edit on DAG:example_xcom_args_with_operators
[2024-03-13T02:22:22.931+0000] {logging_mixin.py:188} INFO - [2024-03-13T02:22:22.930+0000] {override.py:1769} INFO - Created Permission View: can delete on DAG:example_xcom_args
[2024-03-13T02:22:22.939+0000] {logging_mixin.py:188} INFO - [2024-03-13T02:22:22.938+0000] {override.py:1769} INFO - Created Permission View: can read on DAG:example_xcom_args
[2024-03-13T02:22:22.946+0000] {logging_mixin.py:188} INFO - [2024-03-13T02:22:22.945+0000] {override.py:1769} INFO - Created Permission View: can edit on DAG:example_xcom_args
[2024-03-13T02:22:22.946+0000] {logging_mixin.py:188} INFO - [2024-03-13T02:22:22.946+0000] {dag.py:3047} INFO - Sync 2 DAGs
[2024-03-13T02:22:22.958+0000] {logging_mixin.py:188} INFO - [2024-03-13T02:22:22.958+0000] {dag.py:3069} INFO - Creating ORM DAG for example_xcom_args
[2024-03-13T02:22:22.959+0000] {logging_mixin.py:188} INFO - [2024-03-13T02:22:22.959+0000] {dag.py:3069} INFO - Creating ORM DAG for example_xcom_args_with_operators
[2024-03-13T02:22:22.959+0000] {logging_mixin.py:188} INFO - [2024-03-13T02:22:22.959+0000] {dag.py:3834} INFO - Setting next_dagrun for example_xcom_args to None, run_after=None
[2024-03-13T02:22:22.960+0000] {logging_mixin.py:188} INFO - [2024-03-13T02:22:22.960+0000] {dag.py:3834} INFO - Setting next_dagrun for example_xcom_args_with_operators to None, run_after=None
[2024-03-13T02:22:22.977+0000] {processor.py:183} INFO - Processing /home/airflow/.local/lib/python3.8/site-packages/airflow/example_dags/example_xcomargs.py took 0.200 seconds
[2024-03-13T02:22:53.745+0000] {processor.py:161} INFO - Started process (PID=104) to work on /home/airflow/.local/lib/python3.8/site-packages/airflow/example_dags/example_xcomargs.py
[2024-03-13T02:22:53.746+0000] {processor.py:830} INFO - Processing file /home/airflow/.local/lib/python3.8/site-packages/airflow/example_dags/example_xcomargs.py for tasks to queue
[2024-03-13T02:22:53.747+0000] {logging_mixin.py:188} INFO - [2024-03-13T02:22:53.747+0000] {dagbag.py:540} INFO - Filling up the DagBag from /home/airflow/.local/lib/python3.8/site-packages/airflow/example_dags/example_xcomargs.py
[2024-03-13T02:22:53.753+0000] {processor.py:840} INFO - DAG(s) 'example_xcom_args', 'example_xcom_args_with_operators' retrieved from /home/airflow/.local/lib/python3.8/site-packages/airflow/example_dags/example_xcomargs.py
[2024-03-13T02:22:53.772+0000] {logging_mixin.py:188} INFO - [2024-03-13T02:22:53.772+0000] {dag.py:3047} INFO - Sync 2 DAGs
[2024-03-13T02:22:53.783+0000] {logging_mixin.py:188} INFO - [2024-03-13T02:22:53.783+0000] {dag.py:3834} INFO - Setting next_dagrun for example_xcom_args to None, run_after=None
[2024-03-13T02:22:53.787+0000] {logging_mixin.py:188} INFO - [2024-03-13T02:22:53.786+0000] {dag.py:3834} INFO - Setting next_dagrun for example_xcom_args_with_operators to None, run_after=None
[2024-03-13T02:22:53.802+0000] {processor.py:183} INFO - Processing /home/airflow/.local/lib/python3.8/site-packages/airflow/example_dags/example_xcomargs.py took 0.061 seconds
[2024-03-13T02:23:24.092+0000] {processor.py:161} INFO - Started process (PID=159) to work on /home/airflow/.local/lib/python3.8/site-packages/airflow/example_dags/example_xcomargs.py
[2024-03-13T02:23:24.092+0000] {processor.py:830} INFO - Processing file /home/airflow/.local/lib/python3.8/site-packages/airflow/example_dags/example_xcomargs.py for tasks to queue
[2024-03-13T02:23:24.094+0000] {logging_mixin.py:188} INFO - [2024-03-13T02:23:24.094+0000] {dagbag.py:540} INFO - Filling up the DagBag from /home/airflow/.local/lib/python3.8/site-packages/airflow/example_dags/example_xcomargs.py
[2024-03-13T02:23:24.100+0000] {processor.py:840} INFO - DAG(s) 'example_xcom_args_with_operators', 'example_xcom_args' retrieved from /home/airflow/.local/lib/python3.8/site-packages/airflow/example_dags/example_xcomargs.py
[2024-03-13T02:23:24.122+0000] {logging_mixin.py:188} INFO - [2024-03-13T02:23:24.121+0000] {dag.py:3047} INFO - Sync 2 DAGs
[2024-03-13T02:23:24.131+0000] {logging_mixin.py:188} INFO - [2024-03-13T02:23:24.131+0000] {dag.py:3834} INFO - Setting next_dagrun for example_xcom_args to None, run_after=None
[2024-03-13T02:23:24.135+0000] {logging_mixin.py:188} INFO - [2024-03-13T02:23:24.135+0000] {dag.py:3834} INFO - Setting next_dagrun for example_xcom_args_with_operators to None, run_after=None
[2024-03-13T02:23:24.152+0000] {processor.py:183} INFO - Processing /home/airflow/.local/lib/python3.8/site-packages/airflow/example_dags/example_xcomargs.py took 0.062 seconds
[2024-03-13T02:23:54.341+0000] {processor.py:161} INFO - Started process (PID=214) to work on /home/airflow/.local/lib/python3.8/site-packages/airflow/example_dags/example_xcomargs.py
[2024-03-13T02:23:54.342+0000] {processor.py:830} INFO - Processing file /home/airflow/.local/lib/python3.8/site-packages/airflow/example_dags/example_xcomargs.py for tasks to queue
[2024-03-13T02:23:54.344+0000] {logging_mixin.py:188} INFO - [2024-03-13T02:23:54.343+0000] {dagbag.py:540} INFO - Filling up the DagBag from /home/airflow/.local/lib/python3.8/site-packages/airflow/example_dags/example_xcomargs.py
[2024-03-13T02:23:54.351+0000] {processor.py:840} INFO - DAG(s) 'example_xcom_args', 'example_xcom_args_with_operators' retrieved from /home/airflow/.local/lib/python3.8/site-packages/airflow/example_dags/example_xcomargs.py
[2024-03-13T02:23:54.372+0000] {logging_mixin.py:188} INFO - [2024-03-13T02:23:54.372+0000] {dag.py:3047} INFO - Sync 2 DAGs
[2024-03-13T02:23:54.383+0000] {logging_mixin.py:188} INFO - [2024-03-13T02:23:54.383+0000] {dag.py:3834} INFO - Setting next_dagrun for example_xcom_args to None, run_after=None
[2024-03-13T02:23:54.387+0000] {logging_mixin.py:188} INFO - [2024-03-13T02:23:54.386+0000] {dag.py:3834} INFO - Setting next_dagrun for example_xcom_args_with_operators to None, run_after=None
[2024-03-13T02:23:54.402+0000] {processor.py:183} INFO - Processing /home/airflow/.local/lib/python3.8/site-packages/airflow/example_dags/example_xcomargs.py took 0.064 seconds
[2024-03-13T02:24:24.644+0000] {processor.py:161} INFO - Started process (PID=269) to work on /home/airflow/.local/lib/python3.8/site-packages/airflow/example_dags/example_xcomargs.py
[2024-03-13T02:24:24.645+0000] {processor.py:830} INFO - Processing file /home/airflow/.local/lib/python3.8/site-packages/airflow/example_dags/example_xcomargs.py for tasks to queue
[2024-03-13T02:24:24.647+0000] {logging_mixin.py:188} INFO - [2024-03-13T02:24:24.646+0000] {dagbag.py:540} INFO - Filling up the DagBag from /home/airflow/.local/lib/python3.8/site-packages/airflow/example_dags/example_xcomargs.py
[2024-03-13T02:24:24.653+0000] {processor.py:840} INFO - DAG(s) 'example_xcom_args_with_operators', 'example_xcom_args' retrieved from /home/airflow/.local/lib/python3.8/site-packages/airflow/example_dags/example_xcomargs.py
[2024-03-13T02:24:24.674+0000] {logging_mixin.py:188} INFO - [2024-03-13T02:24:24.674+0000] {dag.py:3047} INFO - Sync 2 DAGs
[2024-03-13T02:24:24.684+0000] {logging_mixin.py:188} INFO - [2024-03-13T02:24:24.683+0000] {dag.py:3834} INFO - Setting next_dagrun for example_xcom_args to None, run_after=None
[2024-03-13T02:24:24.688+0000] {logging_mixin.py:188} INFO - [2024-03-13T02:24:24.687+0000] {dag.py:3834} INFO - Setting next_dagrun for example_xcom_args_with_operators to None, run_after=None
[2024-03-13T02:24:24.703+0000] {processor.py:183} INFO - Processing /home/airflow/.local/lib/python3.8/site-packages/airflow/example_dags/example_xcomargs.py took 0.061 seconds
[2024-03-13T02:24:54.912+0000] {processor.py:161} INFO - Started process (PID=324) to work on /home/airflow/.local/lib/python3.8/site-packages/airflow/example_dags/example_xcomargs.py
[2024-03-13T02:24:54.913+0000] {processor.py:830} INFO - Processing file /home/airflow/.local/lib/python3.8/site-packages/airflow/example_dags/example_xcomargs.py for tasks to queue
[2024-03-13T02:24:54.916+0000] {logging_mixin.py:188} INFO - [2024-03-13T02:24:54.915+0000] {dagbag.py:540} INFO - Filling up the DagBag from /home/airflow/.local/lib/python3.8/site-packages/airflow/example_dags/example_xcomargs.py
[2024-03-13T02:24:54.925+0000] {processor.py:840} INFO - DAG(s) 'example_xcom_args', 'example_xcom_args_with_operators' retrieved from /home/airflow/.local/lib/python3.8/site-packages/airflow/example_dags/example_xcomargs.py
[2024-03-13T02:24:54.956+0000] {logging_mixin.py:188} INFO - [2024-03-13T02:24:54.956+0000] {dag.py:3047} INFO - Sync 2 DAGs
[2024-03-13T02:24:54.970+0000] {logging_mixin.py:188} INFO - [2024-03-13T02:24:54.970+0000] {dag.py:3834} INFO - Setting next_dagrun for example_xcom_args to None, run_after=None
[2024-03-13T02:24:54.975+0000] {logging_mixin.py:188} INFO - [2024-03-13T02:24:54.975+0000] {dag.py:3834} INFO - Setting next_dagrun for example_xcom_args_with_operators to None, run_after=None
[2024-03-13T02:24:54.997+0000] {processor.py:183} INFO - Processing /home/airflow/.local/lib/python3.8/site-packages/airflow/example_dags/example_xcomargs.py took 0.091 seconds
[2024-03-13T02:25:25.164+0000] {processor.py:161} INFO - Started process (PID=379) to work on /home/airflow/.local/lib/python3.8/site-packages/airflow/example_dags/example_xcomargs.py
[2024-03-13T02:25:25.164+0000] {processor.py:830} INFO - Processing file /home/airflow/.local/lib/python3.8/site-packages/airflow/example_dags/example_xcomargs.py for tasks to queue
[2024-03-13T02:25:25.166+0000] {logging_mixin.py:188} INFO - [2024-03-13T02:25:25.165+0000] {dagbag.py:540} INFO - Filling up the DagBag from /home/airflow/.local/lib/python3.8/site-packages/airflow/example_dags/example_xcomargs.py
[2024-03-13T02:25:25.171+0000] {processor.py:840} INFO - DAG(s) 'example_xcom_args', 'example_xcom_args_with_operators' retrieved from /home/airflow/.local/lib/python3.8/site-packages/airflow/example_dags/example_xcomargs.py
[2024-03-13T02:25:25.190+0000] {logging_mixin.py:188} INFO - [2024-03-13T02:25:25.190+0000] {dag.py:3047} INFO - Sync 2 DAGs
[2024-03-13T02:25:25.203+0000] {logging_mixin.py:188} INFO - [2024-03-13T02:25:25.202+0000] {dag.py:3834} INFO - Setting next_dagrun for example_xcom_args to None, run_after=None
[2024-03-13T02:25:25.206+0000] {logging_mixin.py:188} INFO - [2024-03-13T02:25:25.206+0000] {dag.py:3834} INFO - Setting next_dagrun for example_xcom_args_with_operators to None, run_after=None
[2024-03-13T02:25:25.221+0000] {processor.py:183} INFO - Processing /home/airflow/.local/lib/python3.8/site-packages/airflow/example_dags/example_xcomargs.py took 0.060 seconds
[2024-03-13T02:25:55.464+0000] {processor.py:161} INFO - Started process (PID=434) to work on /home/airflow/.local/lib/python3.8/site-packages/airflow/example_dags/example_xcomargs.py
[2024-03-13T02:25:55.464+0000] {processor.py:830} INFO - Processing file /home/airflow/.local/lib/python3.8/site-packages/airflow/example_dags/example_xcomargs.py for tasks to queue
[2024-03-13T02:25:55.467+0000] {logging_mixin.py:188} INFO - [2024-03-13T02:25:55.466+0000] {dagbag.py:540} INFO - Filling up the DagBag from /home/airflow/.local/lib/python3.8/site-packages/airflow/example_dags/example_xcomargs.py
[2024-03-13T02:25:55.473+0000] {processor.py:840} INFO - DAG(s) 'example_xcom_args', 'example_xcom_args_with_operators' retrieved from /home/airflow/.local/lib/python3.8/site-packages/airflow/example_dags/example_xcomargs.py
[2024-03-13T02:25:55.492+0000] {logging_mixin.py:188} INFO - [2024-03-13T02:25:55.491+0000] {dag.py:3047} INFO - Sync 2 DAGs
[2024-03-13T02:25:55.502+0000] {logging_mixin.py:188} INFO - [2024-03-13T02:25:55.502+0000] {dag.py:3834} INFO - Setting next_dagrun for example_xcom_args to None, run_after=None
[2024-03-13T02:25:55.505+0000] {logging_mixin.py:188} INFO - [2024-03-13T02:25:55.505+0000] {dag.py:3834} INFO - Setting next_dagrun for example_xcom_args_with_operators to None, run_after=None
[2024-03-13T02:25:55.519+0000] {processor.py:183} INFO - Processing /home/airflow/.local/lib/python3.8/site-packages/airflow/example_dags/example_xcomargs.py took 0.058 seconds
[2024-03-13T02:26:25.818+0000] {processor.py:161} INFO - Started process (PID=490) to work on /home/airflow/.local/lib/python3.8/site-packages/airflow/example_dags/example_xcomargs.py
[2024-03-13T02:26:25.818+0000] {processor.py:830} INFO - Processing file /home/airflow/.local/lib/python3.8/site-packages/airflow/example_dags/example_xcomargs.py for tasks to queue
[2024-03-13T02:26:25.820+0000] {logging_mixin.py:188} INFO - [2024-03-13T02:26:25.820+0000] {dagbag.py:540} INFO - Filling up the DagBag from /home/airflow/.local/lib/python3.8/site-packages/airflow/example_dags/example_xcomargs.py
[2024-03-13T02:26:25.828+0000] {processor.py:840} INFO - DAG(s) 'example_xcom_args', 'example_xcom_args_with_operators' retrieved from /home/airflow/.local/lib/python3.8/site-packages/airflow/example_dags/example_xcomargs.py
[2024-03-13T02:26:25.849+0000] {logging_mixin.py:188} INFO - [2024-03-13T02:26:25.849+0000] {dag.py:3047} INFO - Sync 2 DAGs
[2024-03-13T02:26:25.860+0000] {logging_mixin.py:188} INFO - [2024-03-13T02:26:25.860+0000] {dag.py:3834} INFO - Setting next_dagrun for example_xcom_args to None, run_after=None
[2024-03-13T02:26:25.864+0000] {logging_mixin.py:188} INFO - [2024-03-13T02:26:25.863+0000] {dag.py:3834} INFO - Setting next_dagrun for example_xcom_args_with_operators to None, run_after=None
[2024-03-13T02:26:25.881+0000] {processor.py:183} INFO - Processing /home/airflow/.local/lib/python3.8/site-packages/airflow/example_dags/example_xcomargs.py took 0.066 seconds
[2024-03-13T02:26:56.132+0000] {processor.py:161} INFO - Started process (PID=545) to work on /home/airflow/.local/lib/python3.8/site-packages/airflow/example_dags/example_xcomargs.py
[2024-03-13T02:26:56.134+0000] {processor.py:830} INFO - Processing file /home/airflow/.local/lib/python3.8/site-packages/airflow/example_dags/example_xcomargs.py for tasks to queue
[2024-03-13T02:26:56.135+0000] {logging_mixin.py:188} INFO - [2024-03-13T02:26:56.135+0000] {dagbag.py:540} INFO - Filling up the DagBag from /home/airflow/.local/lib/python3.8/site-packages/airflow/example_dags/example_xcomargs.py
[2024-03-13T02:26:56.143+0000] {processor.py:840} INFO - DAG(s) 'example_xcom_args', 'example_xcom_args_with_operators' retrieved from /home/airflow/.local/lib/python3.8/site-packages/airflow/example_dags/example_xcomargs.py
[2024-03-13T02:26:56.165+0000] {logging_mixin.py:188} INFO - [2024-03-13T02:26:56.165+0000] {dag.py:3047} INFO - Sync 2 DAGs
[2024-03-13T02:26:56.176+0000] {logging_mixin.py:188} INFO - [2024-03-13T02:26:56.175+0000] {dag.py:3834} INFO - Setting next_dagrun for example_xcom_args to None, run_after=None
[2024-03-13T02:26:56.179+0000] {logging_mixin.py:188} INFO - [2024-03-13T02:26:56.179+0000] {dag.py:3834} INFO - Setting next_dagrun for example_xcom_args_with_operators to None, run_after=None
[2024-03-13T02:26:56.197+0000] {processor.py:183} INFO - Processing /home/airflow/.local/lib/python3.8/site-packages/airflow/example_dags/example_xcomargs.py took 0.067 seconds
[2024-03-13T02:27:26.582+0000] {processor.py:161} INFO - Started process (PID=600) to work on /home/airflow/.local/lib/python3.8/site-packages/airflow/example_dags/example_xcomargs.py
[2024-03-13T02:27:26.583+0000] {processor.py:830} INFO - Processing file /home/airflow/.local/lib/python3.8/site-packages/airflow/example_dags/example_xcomargs.py for tasks to queue
[2024-03-13T02:27:26.585+0000] {logging_mixin.py:188} INFO - [2024-03-13T02:27:26.585+0000] {dagbag.py:540} INFO - Filling up the DagBag from /home/airflow/.local/lib/python3.8/site-packages/airflow/example_dags/example_xcomargs.py
[2024-03-13T02:27:26.594+0000] {processor.py:840} INFO - DAG(s) 'example_xcom_args_with_operators', 'example_xcom_args' retrieved from /home/airflow/.local/lib/python3.8/site-packages/airflow/example_dags/example_xcomargs.py
[2024-03-13T02:27:26.615+0000] {logging_mixin.py:188} INFO - [2024-03-13T02:27:26.615+0000] {dag.py:3047} INFO - Sync 2 DAGs
[2024-03-13T02:27:26.625+0000] {logging_mixin.py:188} INFO - [2024-03-13T02:27:26.625+0000] {dag.py:3834} INFO - Setting next_dagrun for example_xcom_args to None, run_after=None
[2024-03-13T02:27:26.628+0000] {logging_mixin.py:188} INFO - [2024-03-13T02:27:26.628+0000] {dag.py:3834} INFO - Setting next_dagrun for example_xcom_args_with_operators to None, run_after=None
[2024-03-13T02:27:26.642+0000] {processor.py:183} INFO - Processing /home/airflow/.local/lib/python3.8/site-packages/airflow/example_dags/example_xcomargs.py took 0.062 seconds
[2024-03-13T02:27:56.873+0000] {processor.py:161} INFO - Started process (PID=655) to work on /home/airflow/.local/lib/python3.8/site-packages/airflow/example_dags/example_xcomargs.py
[2024-03-13T02:27:56.874+0000] {processor.py:830} INFO - Processing file /home/airflow/.local/lib/python3.8/site-packages/airflow/example_dags/example_xcomargs.py for tasks to queue
[2024-03-13T02:27:56.875+0000] {logging_mixin.py:188} INFO - [2024-03-13T02:27:56.875+0000] {dagbag.py:540} INFO - Filling up the DagBag from /home/airflow/.local/lib/python3.8/site-packages/airflow/example_dags/example_xcomargs.py
[2024-03-13T02:27:56.882+0000] {processor.py:840} INFO - DAG(s) 'example_xcom_args_with_operators', 'example_xcom_args' retrieved from /home/airflow/.local/lib/python3.8/site-packages/airflow/example_dags/example_xcomargs.py
[2024-03-13T02:27:56.904+0000] {logging_mixin.py:188} INFO - [2024-03-13T02:27:56.904+0000] {dag.py:3047} INFO - Sync 2 DAGs
[2024-03-13T02:27:56.914+0000] {logging_mixin.py:188} INFO - [2024-03-13T02:27:56.914+0000] {dag.py:3834} INFO - Setting next_dagrun for example_xcom_args to None, run_after=None
[2024-03-13T02:27:56.919+0000] {logging_mixin.py:188} INFO - [2024-03-13T02:27:56.919+0000] {dag.py:3834} INFO - Setting next_dagrun for example_xcom_args_with_operators to None, run_after=None
[2024-03-13T02:27:56.936+0000] {processor.py:183} INFO - Processing /home/airflow/.local/lib/python3.8/site-packages/airflow/example_dags/example_xcomargs.py took 0.066 seconds
[2024-03-13T02:28:27.137+0000] {processor.py:161} INFO - Started process (PID=710) to work on /home/airflow/.local/lib/python3.8/site-packages/airflow/example_dags/example_xcomargs.py
[2024-03-13T02:28:27.139+0000] {processor.py:830} INFO - Processing file /home/airflow/.local/lib/python3.8/site-packages/airflow/example_dags/example_xcomargs.py for tasks to queue
[2024-03-13T02:28:27.141+0000] {logging_mixin.py:188} INFO - [2024-03-13T02:28:27.140+0000] {dagbag.py:540} INFO - Filling up the DagBag from /home/airflow/.local/lib/python3.8/site-packages/airflow/example_dags/example_xcomargs.py
[2024-03-13T02:28:27.148+0000] {processor.py:840} INFO - DAG(s) 'example_xcom_args_with_operators', 'example_xcom_args' retrieved from /home/airflow/.local/lib/python3.8/site-packages/airflow/example_dags/example_xcomargs.py
[2024-03-13T02:28:27.169+0000] {logging_mixin.py:188} INFO - [2024-03-13T02:28:27.169+0000] {dag.py:3047} INFO - Sync 2 DAGs
[2024-03-13T02:28:27.181+0000] {logging_mixin.py:188} INFO - [2024-03-13T02:28:27.181+0000] {dag.py:3834} INFO - Setting next_dagrun for example_xcom_args to None, run_after=None
[2024-03-13T02:28:27.185+0000] {logging_mixin.py:188} INFO - [2024-03-13T02:28:27.185+0000] {dag.py:3834} INFO - Setting next_dagrun for example_xcom_args_with_operators to None, run_after=None
[2024-03-13T02:28:27.205+0000] {processor.py:183} INFO - Processing /home/airflow/.local/lib/python3.8/site-packages/airflow/example_dags/example_xcomargs.py took 0.070 seconds
[2024-03-13T02:28:57.460+0000] {processor.py:161} INFO - Started process (PID=765) to work on /home/airflow/.local/lib/python3.8/site-packages/airflow/example_dags/example_xcomargs.py
[2024-03-13T02:28:57.461+0000] {processor.py:830} INFO - Processing file /home/airflow/.local/lib/python3.8/site-packages/airflow/example_dags/example_xcomargs.py for tasks to queue
[2024-03-13T02:28:57.463+0000] {logging_mixin.py:188} INFO - [2024-03-13T02:28:57.463+0000] {dagbag.py:540} INFO - Filling up the DagBag from /home/airflow/.local/lib/python3.8/site-packages/airflow/example_dags/example_xcomargs.py
[2024-03-13T02:28:57.470+0000] {processor.py:840} INFO - DAG(s) 'example_xcom_args', 'example_xcom_args_with_operators' retrieved from /home/airflow/.local/lib/python3.8/site-packages/airflow/example_dags/example_xcomargs.py
[2024-03-13T02:28:57.490+0000] {logging_mixin.py:188} INFO - [2024-03-13T02:28:57.490+0000] {dag.py:3047} INFO - Sync 2 DAGs
[2024-03-13T02:28:57.501+0000] {logging_mixin.py:188} INFO - [2024-03-13T02:28:57.500+0000] {dag.py:3834} INFO - Setting next_dagrun for example_xcom_args to None, run_after=None
[2024-03-13T02:28:57.504+0000] {logging_mixin.py:188} INFO - [2024-03-13T02:28:57.504+0000] {dag.py:3834} INFO - Setting next_dagrun for example_xcom_args_with_operators to None, run_after=None
[2024-03-13T02:28:57.520+0000] {processor.py:183} INFO - Processing /home/airflow/.local/lib/python3.8/site-packages/airflow/example_dags/example_xcomargs.py took 0.062 seconds
