[2024-03-13T02:22:25.775+0000] {processor.py:161} INFO - Started process (PID=77) to work on /home/airflow/.local/lib/python3.8/site-packages/airflow/example_dags/example_branch_datetime_operator.py
[2024-03-13T02:22:25.776+0000] {processor.py:830} INFO - Processing file /home/airflow/.local/lib/python3.8/site-packages/airflow/example_dags/example_branch_datetime_operator.py for tasks to queue
[2024-03-13T02:22:25.777+0000] {logging_mixin.py:188} INFO - [2024-03-13T02:22:25.777+0000] {dagbag.py:540} INFO - Filling up the DagBag from /home/airflow/.local/lib/python3.8/site-packages/airflow/example_dags/example_branch_datetime_operator.py
[2024-03-13T02:22:25.786+0000] {processor.py:840} INFO - DAG(s) 'example_branch_datetime_operator_3', 'example_branch_datetime_operator_2', 'example_branch_datetime_operator' retrieved from /home/airflow/.local/lib/python3.8/site-packages/airflow/example_dags/example_branch_datetime_operator.py
[2024-03-13T02:22:25.874+0000] {logging_mixin.py:188} INFO - [2024-03-13T02:22:25.873+0000] {override.py:1769} INFO - Created Permission View: can delete on DAG:example_branch_datetime_operator_3
[2024-03-13T02:22:25.883+0000] {logging_mixin.py:188} INFO - [2024-03-13T02:22:25.883+0000] {override.py:1769} INFO - Created Permission View: can read on DAG:example_branch_datetime_operator_3
[2024-03-13T02:22:25.891+0000] {logging_mixin.py:188} INFO - [2024-03-13T02:22:25.890+0000] {override.py:1769} INFO - Created Permission View: can edit on DAG:example_branch_datetime_operator_3
[2024-03-13T02:22:25.902+0000] {logging_mixin.py:188} INFO - [2024-03-13T02:22:25.902+0000] {override.py:1769} INFO - Created Permission View: can delete on DAG:example_branch_datetime_operator_2
[2024-03-13T02:22:25.909+0000] {logging_mixin.py:188} INFO - [2024-03-13T02:22:25.909+0000] {override.py:1769} INFO - Created Permission View: can read on DAG:example_branch_datetime_operator_2
[2024-03-13T02:22:25.916+0000] {logging_mixin.py:188} INFO - [2024-03-13T02:22:25.915+0000] {override.py:1769} INFO - Created Permission View: can edit on DAG:example_branch_datetime_operator_2
[2024-03-13T02:22:25.927+0000] {logging_mixin.py:188} INFO - [2024-03-13T02:22:25.927+0000] {override.py:1769} INFO - Created Permission View: can delete on DAG:example_branch_datetime_operator
[2024-03-13T02:22:25.932+0000] {logging_mixin.py:188} INFO - [2024-03-13T02:22:25.932+0000] {override.py:1769} INFO - Created Permission View: can read on DAG:example_branch_datetime_operator
[2024-03-13T02:22:25.939+0000] {logging_mixin.py:188} INFO - [2024-03-13T02:22:25.939+0000] {override.py:1769} INFO - Created Permission View: can edit on DAG:example_branch_datetime_operator
[2024-03-13T02:22:25.939+0000] {logging_mixin.py:188} INFO - [2024-03-13T02:22:25.939+0000] {dag.py:3047} INFO - Sync 3 DAGs
[2024-03-13T02:22:25.948+0000] {logging_mixin.py:188} INFO - [2024-03-13T02:22:25.948+0000] {dag.py:3069} INFO - Creating ORM DAG for example_branch_datetime_operator
[2024-03-13T02:22:25.949+0000] {logging_mixin.py:188} INFO - [2024-03-13T02:22:25.949+0000] {dag.py:3069} INFO - Creating ORM DAG for example_branch_datetime_operator_2
[2024-03-13T02:22:25.950+0000] {logging_mixin.py:188} INFO - [2024-03-13T02:22:25.950+0000] {dag.py:3069} INFO - Creating ORM DAG for example_branch_datetime_operator_3
[2024-03-13T02:22:25.961+0000] {logging_mixin.py:188} INFO - [2024-03-13T02:22:25.960+0000] {dag.py:3834} INFO - Setting next_dagrun for example_branch_datetime_operator to 2024-03-12 00:00:00+00:00, run_after=2024-03-13 00:00:00+00:00
[2024-03-13T02:22:25.963+0000] {logging_mixin.py:188} INFO - [2024-03-13T02:22:25.963+0000] {dag.py:3834} INFO - Setting next_dagrun for example_branch_datetime_operator_2 to 2024-03-12 00:00:00+00:00, run_after=2024-03-13 00:00:00+00:00
[2024-03-13T02:22:25.965+0000] {logging_mixin.py:188} INFO - [2024-03-13T02:22:25.965+0000] {dag.py:3834} INFO - Setting next_dagrun for example_branch_datetime_operator_3 to 2024-03-12 00:00:00+00:00, run_after=2024-03-13 00:00:00+00:00
[2024-03-13T02:22:25.983+0000] {processor.py:183} INFO - Processing /home/airflow/.local/lib/python3.8/site-packages/airflow/example_dags/example_branch_datetime_operator.py took 0.210 seconds
[2024-03-13T02:22:56.251+0000] {processor.py:161} INFO - Started process (PID=132) to work on /home/airflow/.local/lib/python3.8/site-packages/airflow/example_dags/example_branch_datetime_operator.py
[2024-03-13T02:22:56.252+0000] {processor.py:830} INFO - Processing file /home/airflow/.local/lib/python3.8/site-packages/airflow/example_dags/example_branch_datetime_operator.py for tasks to queue
[2024-03-13T02:22:56.253+0000] {logging_mixin.py:188} INFO - [2024-03-13T02:22:56.253+0000] {dagbag.py:540} INFO - Filling up the DagBag from /home/airflow/.local/lib/python3.8/site-packages/airflow/example_dags/example_branch_datetime_operator.py
[2024-03-13T02:22:56.263+0000] {processor.py:840} INFO - DAG(s) 'example_branch_datetime_operator_3', 'example_branch_datetime_operator_2', 'example_branch_datetime_operator' retrieved from /home/airflow/.local/lib/python3.8/site-packages/airflow/example_dags/example_branch_datetime_operator.py
[2024-03-13T02:22:56.285+0000] {logging_mixin.py:188} INFO - [2024-03-13T02:22:56.285+0000] {dag.py:3047} INFO - Sync 3 DAGs
[2024-03-13T02:22:56.303+0000] {logging_mixin.py:188} INFO - [2024-03-13T02:22:56.303+0000] {dag.py:3834} INFO - Setting next_dagrun for example_branch_datetime_operator to 2024-03-12 00:00:00+00:00, run_after=2024-03-13 00:00:00+00:00
[2024-03-13T02:22:56.307+0000] {logging_mixin.py:188} INFO - [2024-03-13T02:22:56.307+0000] {dag.py:3834} INFO - Setting next_dagrun for example_branch_datetime_operator_2 to 2024-03-12 00:00:00+00:00, run_after=2024-03-13 00:00:00+00:00
[2024-03-13T02:22:56.310+0000] {logging_mixin.py:188} INFO - [2024-03-13T02:22:56.310+0000] {dag.py:3834} INFO - Setting next_dagrun for example_branch_datetime_operator_3 to 2024-03-12 00:00:00+00:00, run_after=2024-03-13 00:00:00+00:00
[2024-03-13T02:22:56.323+0000] {processor.py:183} INFO - Processing /home/airflow/.local/lib/python3.8/site-packages/airflow/example_dags/example_branch_datetime_operator.py took 0.075 seconds
[2024-03-13T02:23:26.489+0000] {processor.py:161} INFO - Started process (PID=187) to work on /home/airflow/.local/lib/python3.8/site-packages/airflow/example_dags/example_branch_datetime_operator.py
[2024-03-13T02:23:26.490+0000] {processor.py:830} INFO - Processing file /home/airflow/.local/lib/python3.8/site-packages/airflow/example_dags/example_branch_datetime_operator.py for tasks to queue
[2024-03-13T02:23:26.492+0000] {logging_mixin.py:188} INFO - [2024-03-13T02:23:26.491+0000] {dagbag.py:540} INFO - Filling up the DagBag from /home/airflow/.local/lib/python3.8/site-packages/airflow/example_dags/example_branch_datetime_operator.py
[2024-03-13T02:23:26.501+0000] {processor.py:840} INFO - DAG(s) 'example_branch_datetime_operator_3', 'example_branch_datetime_operator_2', 'example_branch_datetime_operator' retrieved from /home/airflow/.local/lib/python3.8/site-packages/airflow/example_dags/example_branch_datetime_operator.py
[2024-03-13T02:23:26.527+0000] {logging_mixin.py:188} INFO - [2024-03-13T02:23:26.527+0000] {dag.py:3047} INFO - Sync 3 DAGs
[2024-03-13T02:23:26.547+0000] {logging_mixin.py:188} INFO - [2024-03-13T02:23:26.547+0000] {dag.py:3834} INFO - Setting next_dagrun for example_branch_datetime_operator to 2024-03-12 00:00:00+00:00, run_after=2024-03-13 00:00:00+00:00
[2024-03-13T02:23:26.552+0000] {logging_mixin.py:188} INFO - [2024-03-13T02:23:26.552+0000] {dag.py:3834} INFO - Setting next_dagrun for example_branch_datetime_operator_2 to 2024-03-12 00:00:00+00:00, run_after=2024-03-13 00:00:00+00:00
[2024-03-13T02:23:26.556+0000] {logging_mixin.py:188} INFO - [2024-03-13T02:23:26.556+0000] {dag.py:3834} INFO - Setting next_dagrun for example_branch_datetime_operator_3 to 2024-03-12 00:00:00+00:00, run_after=2024-03-13 00:00:00+00:00
[2024-03-13T02:23:26.572+0000] {processor.py:183} INFO - Processing /home/airflow/.local/lib/python3.8/site-packages/airflow/example_dags/example_branch_datetime_operator.py took 0.087 seconds
[2024-03-13T02:23:56.765+0000] {processor.py:161} INFO - Started process (PID=242) to work on /home/airflow/.local/lib/python3.8/site-packages/airflow/example_dags/example_branch_datetime_operator.py
[2024-03-13T02:23:56.766+0000] {processor.py:830} INFO - Processing file /home/airflow/.local/lib/python3.8/site-packages/airflow/example_dags/example_branch_datetime_operator.py for tasks to queue
[2024-03-13T02:23:56.768+0000] {logging_mixin.py:188} INFO - [2024-03-13T02:23:56.767+0000] {dagbag.py:540} INFO - Filling up the DagBag from /home/airflow/.local/lib/python3.8/site-packages/airflow/example_dags/example_branch_datetime_operator.py
[2024-03-13T02:23:56.776+0000] {processor.py:840} INFO - DAG(s) 'example_branch_datetime_operator_3', 'example_branch_datetime_operator', 'example_branch_datetime_operator_2' retrieved from /home/airflow/.local/lib/python3.8/site-packages/airflow/example_dags/example_branch_datetime_operator.py
[2024-03-13T02:23:56.801+0000] {logging_mixin.py:188} INFO - [2024-03-13T02:23:56.801+0000] {dag.py:3047} INFO - Sync 3 DAGs
[2024-03-13T02:23:56.821+0000] {logging_mixin.py:188} INFO - [2024-03-13T02:23:56.820+0000] {dag.py:3834} INFO - Setting next_dagrun for example_branch_datetime_operator to 2024-03-12 00:00:00+00:00, run_after=2024-03-13 00:00:00+00:00
[2024-03-13T02:23:56.825+0000] {logging_mixin.py:188} INFO - [2024-03-13T02:23:56.825+0000] {dag.py:3834} INFO - Setting next_dagrun for example_branch_datetime_operator_2 to 2024-03-12 00:00:00+00:00, run_after=2024-03-13 00:00:00+00:00
[2024-03-13T02:23:56.828+0000] {logging_mixin.py:188} INFO - [2024-03-13T02:23:56.828+0000] {dag.py:3834} INFO - Setting next_dagrun for example_branch_datetime_operator_3 to 2024-03-12 00:00:00+00:00, run_after=2024-03-13 00:00:00+00:00
[2024-03-13T02:23:56.843+0000] {processor.py:183} INFO - Processing /home/airflow/.local/lib/python3.8/site-packages/airflow/example_dags/example_branch_datetime_operator.py took 0.081 seconds
[2024-03-13T02:24:27.010+0000] {processor.py:161} INFO - Started process (PID=297) to work on /home/airflow/.local/lib/python3.8/site-packages/airflow/example_dags/example_branch_datetime_operator.py
[2024-03-13T02:24:27.010+0000] {processor.py:830} INFO - Processing file /home/airflow/.local/lib/python3.8/site-packages/airflow/example_dags/example_branch_datetime_operator.py for tasks to queue
[2024-03-13T02:24:27.012+0000] {logging_mixin.py:188} INFO - [2024-03-13T02:24:27.012+0000] {dagbag.py:540} INFO - Filling up the DagBag from /home/airflow/.local/lib/python3.8/site-packages/airflow/example_dags/example_branch_datetime_operator.py
[2024-03-13T02:24:27.020+0000] {processor.py:840} INFO - DAG(s) 'example_branch_datetime_operator_3', 'example_branch_datetime_operator_2', 'example_branch_datetime_operator' retrieved from /home/airflow/.local/lib/python3.8/site-packages/airflow/example_dags/example_branch_datetime_operator.py
[2024-03-13T02:24:27.044+0000] {logging_mixin.py:188} INFO - [2024-03-13T02:24:27.043+0000] {dag.py:3047} INFO - Sync 3 DAGs
[2024-03-13T02:24:27.064+0000] {logging_mixin.py:188} INFO - [2024-03-13T02:24:27.064+0000] {dag.py:3834} INFO - Setting next_dagrun for example_branch_datetime_operator to 2024-03-12 00:00:00+00:00, run_after=2024-03-13 00:00:00+00:00
[2024-03-13T02:24:27.069+0000] {logging_mixin.py:188} INFO - [2024-03-13T02:24:27.069+0000] {dag.py:3834} INFO - Setting next_dagrun for example_branch_datetime_operator_2 to 2024-03-12 00:00:00+00:00, run_after=2024-03-13 00:00:00+00:00
[2024-03-13T02:24:27.072+0000] {logging_mixin.py:188} INFO - [2024-03-13T02:24:27.071+0000] {dag.py:3834} INFO - Setting next_dagrun for example_branch_datetime_operator_3 to 2024-03-12 00:00:00+00:00, run_after=2024-03-13 00:00:00+00:00
[2024-03-13T02:24:27.086+0000] {processor.py:183} INFO - Processing /home/airflow/.local/lib/python3.8/site-packages/airflow/example_dags/example_branch_datetime_operator.py took 0.078 seconds
[2024-03-13T02:24:57.250+0000] {processor.py:161} INFO - Started process (PID=352) to work on /home/airflow/.local/lib/python3.8/site-packages/airflow/example_dags/example_branch_datetime_operator.py
[2024-03-13T02:24:57.251+0000] {processor.py:830} INFO - Processing file /home/airflow/.local/lib/python3.8/site-packages/airflow/example_dags/example_branch_datetime_operator.py for tasks to queue
[2024-03-13T02:24:57.252+0000] {logging_mixin.py:188} INFO - [2024-03-13T02:24:57.252+0000] {dagbag.py:540} INFO - Filling up the DagBag from /home/airflow/.local/lib/python3.8/site-packages/airflow/example_dags/example_branch_datetime_operator.py
[2024-03-13T02:24:57.262+0000] {processor.py:840} INFO - DAG(s) 'example_branch_datetime_operator', 'example_branch_datetime_operator_3', 'example_branch_datetime_operator_2' retrieved from /home/airflow/.local/lib/python3.8/site-packages/airflow/example_dags/example_branch_datetime_operator.py
[2024-03-13T02:24:57.286+0000] {logging_mixin.py:188} INFO - [2024-03-13T02:24:57.285+0000] {dag.py:3047} INFO - Sync 3 DAGs
[2024-03-13T02:24:57.305+0000] {logging_mixin.py:188} INFO - [2024-03-13T02:24:57.305+0000] {dag.py:3834} INFO - Setting next_dagrun for example_branch_datetime_operator to 2024-03-12 00:00:00+00:00, run_after=2024-03-13 00:00:00+00:00
[2024-03-13T02:24:57.310+0000] {logging_mixin.py:188} INFO - [2024-03-13T02:24:57.310+0000] {dag.py:3834} INFO - Setting next_dagrun for example_branch_datetime_operator_2 to 2024-03-12 00:00:00+00:00, run_after=2024-03-13 00:00:00+00:00
[2024-03-13T02:24:57.313+0000] {logging_mixin.py:188} INFO - [2024-03-13T02:24:57.313+0000] {dag.py:3834} INFO - Setting next_dagrun for example_branch_datetime_operator_3 to 2024-03-12 00:00:00+00:00, run_after=2024-03-13 00:00:00+00:00
[2024-03-13T02:24:57.329+0000] {processor.py:183} INFO - Processing /home/airflow/.local/lib/python3.8/site-packages/airflow/example_dags/example_branch_datetime_operator.py took 0.083 seconds
[2024-03-13T02:25:27.603+0000] {processor.py:161} INFO - Started process (PID=407) to work on /home/airflow/.local/lib/python3.8/site-packages/airflow/example_dags/example_branch_datetime_operator.py
[2024-03-13T02:25:27.604+0000] {processor.py:830} INFO - Processing file /home/airflow/.local/lib/python3.8/site-packages/airflow/example_dags/example_branch_datetime_operator.py for tasks to queue
[2024-03-13T02:25:27.606+0000] {logging_mixin.py:188} INFO - [2024-03-13T02:25:27.606+0000] {dagbag.py:540} INFO - Filling up the DagBag from /home/airflow/.local/lib/python3.8/site-packages/airflow/example_dags/example_branch_datetime_operator.py
[2024-03-13T02:25:27.614+0000] {processor.py:840} INFO - DAG(s) 'example_branch_datetime_operator', 'example_branch_datetime_operator_3', 'example_branch_datetime_operator_2' retrieved from /home/airflow/.local/lib/python3.8/site-packages/airflow/example_dags/example_branch_datetime_operator.py
[2024-03-13T02:25:27.638+0000] {logging_mixin.py:188} INFO - [2024-03-13T02:25:27.637+0000] {dag.py:3047} INFO - Sync 3 DAGs
[2024-03-13T02:25:27.656+0000] {logging_mixin.py:188} INFO - [2024-03-13T02:25:27.656+0000] {dag.py:3834} INFO - Setting next_dagrun for example_branch_datetime_operator to 2024-03-12 00:00:00+00:00, run_after=2024-03-13 00:00:00+00:00
[2024-03-13T02:25:27.661+0000] {logging_mixin.py:188} INFO - [2024-03-13T02:25:27.661+0000] {dag.py:3834} INFO - Setting next_dagrun for example_branch_datetime_operator_2 to 2024-03-12 00:00:00+00:00, run_after=2024-03-13 00:00:00+00:00
[2024-03-13T02:25:27.663+0000] {logging_mixin.py:188} INFO - [2024-03-13T02:25:27.663+0000] {dag.py:3834} INFO - Setting next_dagrun for example_branch_datetime_operator_3 to 2024-03-12 00:00:00+00:00, run_after=2024-03-13 00:00:00+00:00
[2024-03-13T02:25:27.679+0000] {processor.py:183} INFO - Processing /home/airflow/.local/lib/python3.8/site-packages/airflow/example_dags/example_branch_datetime_operator.py took 0.079 seconds
[2024-03-13T02:25:57.926+0000] {processor.py:161} INFO - Started process (PID=462) to work on /home/airflow/.local/lib/python3.8/site-packages/airflow/example_dags/example_branch_datetime_operator.py
[2024-03-13T02:25:57.927+0000] {processor.py:830} INFO - Processing file /home/airflow/.local/lib/python3.8/site-packages/airflow/example_dags/example_branch_datetime_operator.py for tasks to queue
[2024-03-13T02:25:57.928+0000] {logging_mixin.py:188} INFO - [2024-03-13T02:25:57.928+0000] {dagbag.py:540} INFO - Filling up the DagBag from /home/airflow/.local/lib/python3.8/site-packages/airflow/example_dags/example_branch_datetime_operator.py
[2024-03-13T02:25:57.936+0000] {processor.py:840} INFO - DAG(s) 'example_branch_datetime_operator_3', 'example_branch_datetime_operator_2', 'example_branch_datetime_operator' retrieved from /home/airflow/.local/lib/python3.8/site-packages/airflow/example_dags/example_branch_datetime_operator.py
[2024-03-13T02:25:57.960+0000] {logging_mixin.py:188} INFO - [2024-03-13T02:25:57.960+0000] {dag.py:3047} INFO - Sync 3 DAGs
[2024-03-13T02:25:57.979+0000] {logging_mixin.py:188} INFO - [2024-03-13T02:25:57.979+0000] {dag.py:3834} INFO - Setting next_dagrun for example_branch_datetime_operator to 2024-03-12 00:00:00+00:00, run_after=2024-03-13 00:00:00+00:00
[2024-03-13T02:25:57.984+0000] {logging_mixin.py:188} INFO - [2024-03-13T02:25:57.984+0000] {dag.py:3834} INFO - Setting next_dagrun for example_branch_datetime_operator_2 to 2024-03-12 00:00:00+00:00, run_after=2024-03-13 00:00:00+00:00
[2024-03-13T02:25:57.987+0000] {logging_mixin.py:188} INFO - [2024-03-13T02:25:57.987+0000] {dag.py:3834} INFO - Setting next_dagrun for example_branch_datetime_operator_3 to 2024-03-12 00:00:00+00:00, run_after=2024-03-13 00:00:00+00:00
[2024-03-13T02:25:58.002+0000] {processor.py:183} INFO - Processing /home/airflow/.local/lib/python3.8/site-packages/airflow/example_dags/example_branch_datetime_operator.py took 0.079 seconds
[2024-03-13T02:26:28.263+0000] {processor.py:161} INFO - Started process (PID=518) to work on /home/airflow/.local/lib/python3.8/site-packages/airflow/example_dags/example_branch_datetime_operator.py
[2024-03-13T02:26:28.264+0000] {processor.py:830} INFO - Processing file /home/airflow/.local/lib/python3.8/site-packages/airflow/example_dags/example_branch_datetime_operator.py for tasks to queue
[2024-03-13T02:26:28.266+0000] {logging_mixin.py:188} INFO - [2024-03-13T02:26:28.265+0000] {dagbag.py:540} INFO - Filling up the DagBag from /home/airflow/.local/lib/python3.8/site-packages/airflow/example_dags/example_branch_datetime_operator.py
[2024-03-13T02:26:28.275+0000] {processor.py:840} INFO - DAG(s) 'example_branch_datetime_operator_2', 'example_branch_datetime_operator_3', 'example_branch_datetime_operator' retrieved from /home/airflow/.local/lib/python3.8/site-packages/airflow/example_dags/example_branch_datetime_operator.py
[2024-03-13T02:26:28.298+0000] {logging_mixin.py:188} INFO - [2024-03-13T02:26:28.298+0000] {dag.py:3047} INFO - Sync 3 DAGs
[2024-03-13T02:26:28.318+0000] {logging_mixin.py:188} INFO - [2024-03-13T02:26:28.318+0000] {dag.py:3834} INFO - Setting next_dagrun for example_branch_datetime_operator to 2024-03-12 00:00:00+00:00, run_after=2024-03-13 00:00:00+00:00
[2024-03-13T02:26:28.324+0000] {logging_mixin.py:188} INFO - [2024-03-13T02:26:28.324+0000] {dag.py:3834} INFO - Setting next_dagrun for example_branch_datetime_operator_2 to 2024-03-12 00:00:00+00:00, run_after=2024-03-13 00:00:00+00:00
[2024-03-13T02:26:28.327+0000] {logging_mixin.py:188} INFO - [2024-03-13T02:26:28.327+0000] {dag.py:3834} INFO - Setting next_dagrun for example_branch_datetime_operator_3 to 2024-03-12 00:00:00+00:00, run_after=2024-03-13 00:00:00+00:00
[2024-03-13T02:26:28.348+0000] {processor.py:183} INFO - Processing /home/airflow/.local/lib/python3.8/site-packages/airflow/example_dags/example_branch_datetime_operator.py took 0.087 seconds
[2024-03-13T02:26:58.681+0000] {processor.py:161} INFO - Started process (PID=573) to work on /home/airflow/.local/lib/python3.8/site-packages/airflow/example_dags/example_branch_datetime_operator.py
[2024-03-13T02:26:58.682+0000] {processor.py:830} INFO - Processing file /home/airflow/.local/lib/python3.8/site-packages/airflow/example_dags/example_branch_datetime_operator.py for tasks to queue
[2024-03-13T02:26:58.685+0000] {logging_mixin.py:188} INFO - [2024-03-13T02:26:58.684+0000] {dagbag.py:540} INFO - Filling up the DagBag from /home/airflow/.local/lib/python3.8/site-packages/airflow/example_dags/example_branch_datetime_operator.py
[2024-03-13T02:26:58.696+0000] {processor.py:840} INFO - DAG(s) 'example_branch_datetime_operator', 'example_branch_datetime_operator_2', 'example_branch_datetime_operator_3' retrieved from /home/airflow/.local/lib/python3.8/site-packages/airflow/example_dags/example_branch_datetime_operator.py
[2024-03-13T02:26:58.725+0000] {logging_mixin.py:188} INFO - [2024-03-13T02:26:58.725+0000] {dag.py:3047} INFO - Sync 3 DAGs
[2024-03-13T02:26:58.747+0000] {logging_mixin.py:188} INFO - [2024-03-13T02:26:58.747+0000] {dag.py:3834} INFO - Setting next_dagrun for example_branch_datetime_operator to 2024-03-12 00:00:00+00:00, run_after=2024-03-13 00:00:00+00:00
[2024-03-13T02:26:58.753+0000] {logging_mixin.py:188} INFO - [2024-03-13T02:26:58.753+0000] {dag.py:3834} INFO - Setting next_dagrun for example_branch_datetime_operator_2 to 2024-03-12 00:00:00+00:00, run_after=2024-03-13 00:00:00+00:00
[2024-03-13T02:26:58.756+0000] {logging_mixin.py:188} INFO - [2024-03-13T02:26:58.756+0000] {dag.py:3834} INFO - Setting next_dagrun for example_branch_datetime_operator_3 to 2024-03-12 00:00:00+00:00, run_after=2024-03-13 00:00:00+00:00
[2024-03-13T02:26:58.773+0000] {processor.py:183} INFO - Processing /home/airflow/.local/lib/python3.8/site-packages/airflow/example_dags/example_branch_datetime_operator.py took 0.095 seconds
[2024-03-13T02:27:29.001+0000] {processor.py:161} INFO - Started process (PID=628) to work on /home/airflow/.local/lib/python3.8/site-packages/airflow/example_dags/example_branch_datetime_operator.py
[2024-03-13T02:27:29.002+0000] {processor.py:830} INFO - Processing file /home/airflow/.local/lib/python3.8/site-packages/airflow/example_dags/example_branch_datetime_operator.py for tasks to queue
[2024-03-13T02:27:29.004+0000] {logging_mixin.py:188} INFO - [2024-03-13T02:27:29.003+0000] {dagbag.py:540} INFO - Filling up the DagBag from /home/airflow/.local/lib/python3.8/site-packages/airflow/example_dags/example_branch_datetime_operator.py
[2024-03-13T02:27:29.015+0000] {processor.py:840} INFO - DAG(s) 'example_branch_datetime_operator_3', 'example_branch_datetime_operator', 'example_branch_datetime_operator_2' retrieved from /home/airflow/.local/lib/python3.8/site-packages/airflow/example_dags/example_branch_datetime_operator.py
[2024-03-13T02:27:29.038+0000] {logging_mixin.py:188} INFO - [2024-03-13T02:27:29.038+0000] {dag.py:3047} INFO - Sync 3 DAGs
[2024-03-13T02:27:29.060+0000] {logging_mixin.py:188} INFO - [2024-03-13T02:27:29.059+0000] {dag.py:3834} INFO - Setting next_dagrun for example_branch_datetime_operator to 2024-03-12 00:00:00+00:00, run_after=2024-03-13 00:00:00+00:00
[2024-03-13T02:27:29.064+0000] {logging_mixin.py:188} INFO - [2024-03-13T02:27:29.064+0000] {dag.py:3834} INFO - Setting next_dagrun for example_branch_datetime_operator_2 to 2024-03-12 00:00:00+00:00, run_after=2024-03-13 00:00:00+00:00
[2024-03-13T02:27:29.066+0000] {logging_mixin.py:188} INFO - [2024-03-13T02:27:29.066+0000] {dag.py:3834} INFO - Setting next_dagrun for example_branch_datetime_operator_3 to 2024-03-12 00:00:00+00:00, run_after=2024-03-13 00:00:00+00:00
[2024-03-13T02:27:29.080+0000] {processor.py:183} INFO - Processing /home/airflow/.local/lib/python3.8/site-packages/airflow/example_dags/example_branch_datetime_operator.py took 0.082 seconds
[2024-03-13T02:27:59.260+0000] {processor.py:161} INFO - Started process (PID=683) to work on /home/airflow/.local/lib/python3.8/site-packages/airflow/example_dags/example_branch_datetime_operator.py
[2024-03-13T02:27:59.261+0000] {processor.py:830} INFO - Processing file /home/airflow/.local/lib/python3.8/site-packages/airflow/example_dags/example_branch_datetime_operator.py for tasks to queue
[2024-03-13T02:27:59.263+0000] {logging_mixin.py:188} INFO - [2024-03-13T02:27:59.263+0000] {dagbag.py:540} INFO - Filling up the DagBag from /home/airflow/.local/lib/python3.8/site-packages/airflow/example_dags/example_branch_datetime_operator.py
[2024-03-13T02:27:59.273+0000] {processor.py:840} INFO - DAG(s) 'example_branch_datetime_operator_2', 'example_branch_datetime_operator_3', 'example_branch_datetime_operator' retrieved from /home/airflow/.local/lib/python3.8/site-packages/airflow/example_dags/example_branch_datetime_operator.py
[2024-03-13T02:27:59.295+0000] {logging_mixin.py:188} INFO - [2024-03-13T02:27:59.295+0000] {dag.py:3047} INFO - Sync 3 DAGs
[2024-03-13T02:27:59.314+0000] {logging_mixin.py:188} INFO - [2024-03-13T02:27:59.314+0000] {dag.py:3834} INFO - Setting next_dagrun for example_branch_datetime_operator to 2024-03-12 00:00:00+00:00, run_after=2024-03-13 00:00:00+00:00
[2024-03-13T02:27:59.319+0000] {logging_mixin.py:188} INFO - [2024-03-13T02:27:59.319+0000] {dag.py:3834} INFO - Setting next_dagrun for example_branch_datetime_operator_2 to 2024-03-12 00:00:00+00:00, run_after=2024-03-13 00:00:00+00:00
[2024-03-13T02:27:59.323+0000] {logging_mixin.py:188} INFO - [2024-03-13T02:27:59.322+0000] {dag.py:3834} INFO - Setting next_dagrun for example_branch_datetime_operator_3 to 2024-03-12 00:00:00+00:00, run_after=2024-03-13 00:00:00+00:00
[2024-03-13T02:27:59.338+0000] {processor.py:183} INFO - Processing /home/airflow/.local/lib/python3.8/site-packages/airflow/example_dags/example_branch_datetime_operator.py took 0.080 seconds
[2024-03-13T02:28:29.602+0000] {processor.py:161} INFO - Started process (PID=738) to work on /home/airflow/.local/lib/python3.8/site-packages/airflow/example_dags/example_branch_datetime_operator.py
[2024-03-13T02:28:29.603+0000] {processor.py:830} INFO - Processing file /home/airflow/.local/lib/python3.8/site-packages/airflow/example_dags/example_branch_datetime_operator.py for tasks to queue
[2024-03-13T02:28:29.605+0000] {logging_mixin.py:188} INFO - [2024-03-13T02:28:29.605+0000] {dagbag.py:540} INFO - Filling up the DagBag from /home/airflow/.local/lib/python3.8/site-packages/airflow/example_dags/example_branch_datetime_operator.py
[2024-03-13T02:28:29.614+0000] {processor.py:840} INFO - DAG(s) 'example_branch_datetime_operator_3', 'example_branch_datetime_operator', 'example_branch_datetime_operator_2' retrieved from /home/airflow/.local/lib/python3.8/site-packages/airflow/example_dags/example_branch_datetime_operator.py
[2024-03-13T02:28:29.637+0000] {logging_mixin.py:188} INFO - [2024-03-13T02:28:29.636+0000] {dag.py:3047} INFO - Sync 3 DAGs
[2024-03-13T02:28:29.655+0000] {logging_mixin.py:188} INFO - [2024-03-13T02:28:29.655+0000] {dag.py:3834} INFO - Setting next_dagrun for example_branch_datetime_operator to 2024-03-12 00:00:00+00:00, run_after=2024-03-13 00:00:00+00:00
[2024-03-13T02:28:29.659+0000] {logging_mixin.py:188} INFO - [2024-03-13T02:28:29.659+0000] {dag.py:3834} INFO - Setting next_dagrun for example_branch_datetime_operator_2 to 2024-03-12 00:00:00+00:00, run_after=2024-03-13 00:00:00+00:00
[2024-03-13T02:28:29.662+0000] {logging_mixin.py:188} INFO - [2024-03-13T02:28:29.662+0000] {dag.py:3834} INFO - Setting next_dagrun for example_branch_datetime_operator_3 to 2024-03-12 00:00:00+00:00, run_after=2024-03-13 00:00:00+00:00
[2024-03-13T02:28:29.678+0000] {processor.py:183} INFO - Processing /home/airflow/.local/lib/python3.8/site-packages/airflow/example_dags/example_branch_datetime_operator.py took 0.078 seconds
[2024-03-13T02:28:59.818+0000] {processor.py:161} INFO - Started process (PID=793) to work on /home/airflow/.local/lib/python3.8/site-packages/airflow/example_dags/example_branch_datetime_operator.py
[2024-03-13T02:28:59.819+0000] {processor.py:830} INFO - Processing file /home/airflow/.local/lib/python3.8/site-packages/airflow/example_dags/example_branch_datetime_operator.py for tasks to queue
[2024-03-13T02:28:59.820+0000] {logging_mixin.py:188} INFO - [2024-03-13T02:28:59.820+0000] {dagbag.py:540} INFO - Filling up the DagBag from /home/airflow/.local/lib/python3.8/site-packages/airflow/example_dags/example_branch_datetime_operator.py
[2024-03-13T02:28:59.828+0000] {processor.py:840} INFO - DAG(s) 'example_branch_datetime_operator_2', 'example_branch_datetime_operator_3', 'example_branch_datetime_operator' retrieved from /home/airflow/.local/lib/python3.8/site-packages/airflow/example_dags/example_branch_datetime_operator.py
[2024-03-13T02:28:59.849+0000] {logging_mixin.py:188} INFO - [2024-03-13T02:28:59.849+0000] {dag.py:3047} INFO - Sync 3 DAGs
[2024-03-13T02:28:59.867+0000] {logging_mixin.py:188} INFO - [2024-03-13T02:28:59.867+0000] {dag.py:3834} INFO - Setting next_dagrun for example_branch_datetime_operator to 2024-03-12 00:00:00+00:00, run_after=2024-03-13 00:00:00+00:00
[2024-03-13T02:28:59.872+0000] {logging_mixin.py:188} INFO - [2024-03-13T02:28:59.872+0000] {dag.py:3834} INFO - Setting next_dagrun for example_branch_datetime_operator_2 to 2024-03-12 00:00:00+00:00, run_after=2024-03-13 00:00:00+00:00
[2024-03-13T02:28:59.874+0000] {logging_mixin.py:188} INFO - [2024-03-13T02:28:59.874+0000] {dag.py:3834} INFO - Setting next_dagrun for example_branch_datetime_operator_3 to 2024-03-12 00:00:00+00:00, run_after=2024-03-13 00:00:00+00:00
[2024-03-13T02:28:59.891+0000] {processor.py:183} INFO - Processing /home/airflow/.local/lib/python3.8/site-packages/airflow/example_dags/example_branch_datetime_operator.py took 0.076 seconds
