[2024-03-13T02:22:24.540+0000] {processor.py:161} INFO - Started process (PID=65) to work on /home/airflow/.local/lib/python3.8/site-packages/airflow/example_dags/example_nested_branch_dag.py
[2024-03-13T02:22:24.541+0000] {processor.py:830} INFO - Processing file /home/airflow/.local/lib/python3.8/site-packages/airflow/example_dags/example_nested_branch_dag.py for tasks to queue
[2024-03-13T02:22:24.542+0000] {logging_mixin.py:188} INFO - [2024-03-13T02:22:24.542+0000] {dagbag.py:540} INFO - Filling up the DagBag from /home/airflow/.local/lib/python3.8/site-packages/airflow/example_dags/example_nested_branch_dag.py
[2024-03-13T02:22:24.553+0000] {processor.py:840} INFO - DAG(s) 'example_nested_branch_dag' retrieved from /home/airflow/.local/lib/python3.8/site-packages/airflow/example_dags/example_nested_branch_dag.py
[2024-03-13T02:22:24.637+0000] {logging_mixin.py:188} INFO - [2024-03-13T02:22:24.636+0000] {override.py:1769} INFO - Created Permission View: can delete on DAG:example_nested_branch_dag
[2024-03-13T02:22:24.645+0000] {logging_mixin.py:188} INFO - [2024-03-13T02:22:24.645+0000] {override.py:1769} INFO - Created Permission View: can read on DAG:example_nested_branch_dag
[2024-03-13T02:22:24.652+0000] {logging_mixin.py:188} INFO - [2024-03-13T02:22:24.651+0000] {override.py:1769} INFO - Created Permission View: can edit on DAG:example_nested_branch_dag
[2024-03-13T02:22:24.652+0000] {logging_mixin.py:188} INFO - [2024-03-13T02:22:24.652+0000] {dag.py:3047} INFO - Sync 1 DAGs
[2024-03-13T02:22:24.662+0000] {logging_mixin.py:188} INFO - [2024-03-13T02:22:24.661+0000] {dag.py:3069} INFO - Creating ORM DAG for example_nested_branch_dag
[2024-03-13T02:22:24.672+0000] {logging_mixin.py:188} INFO - [2024-03-13T02:22:24.672+0000] {dag.py:3834} INFO - Setting next_dagrun for example_nested_branch_dag to 2024-03-12 00:00:00+00:00, run_after=2024-03-13 00:00:00+00:00
[2024-03-13T02:22:24.688+0000] {processor.py:183} INFO - Processing /home/airflow/.local/lib/python3.8/site-packages/airflow/example_dags/example_nested_branch_dag.py took 0.151 seconds
[2024-03-13T02:22:54.777+0000] {processor.py:161} INFO - Started process (PID=120) to work on /home/airflow/.local/lib/python3.8/site-packages/airflow/example_dags/example_nested_branch_dag.py
[2024-03-13T02:22:54.778+0000] {processor.py:830} INFO - Processing file /home/airflow/.local/lib/python3.8/site-packages/airflow/example_dags/example_nested_branch_dag.py for tasks to queue
[2024-03-13T02:22:54.780+0000] {logging_mixin.py:188} INFO - [2024-03-13T02:22:54.780+0000] {dagbag.py:540} INFO - Filling up the DagBag from /home/airflow/.local/lib/python3.8/site-packages/airflow/example_dags/example_nested_branch_dag.py
[2024-03-13T02:22:54.788+0000] {processor.py:840} INFO - DAG(s) 'example_nested_branch_dag' retrieved from /home/airflow/.local/lib/python3.8/site-packages/airflow/example_dags/example_nested_branch_dag.py
[2024-03-13T02:22:54.804+0000] {logging_mixin.py:188} INFO - [2024-03-13T02:22:54.804+0000] {dag.py:3047} INFO - Sync 1 DAGs
[2024-03-13T02:22:54.824+0000] {logging_mixin.py:188} INFO - [2024-03-13T02:22:54.823+0000] {dag.py:3834} INFO - Setting next_dagrun for example_nested_branch_dag to 2024-03-12 00:00:00+00:00, run_after=2024-03-13 00:00:00+00:00
[2024-03-13T02:22:54.840+0000] {processor.py:183} INFO - Processing /home/airflow/.local/lib/python3.8/site-packages/airflow/example_dags/example_nested_branch_dag.py took 0.065 seconds
[2024-03-13T02:23:24.868+0000] {processor.py:161} INFO - Started process (PID=175) to work on /home/airflow/.local/lib/python3.8/site-packages/airflow/example_dags/example_nested_branch_dag.py
[2024-03-13T02:23:24.869+0000] {processor.py:830} INFO - Processing file /home/airflow/.local/lib/python3.8/site-packages/airflow/example_dags/example_nested_branch_dag.py for tasks to queue
[2024-03-13T02:23:24.871+0000] {logging_mixin.py:188} INFO - [2024-03-13T02:23:24.871+0000] {dagbag.py:540} INFO - Filling up the DagBag from /home/airflow/.local/lib/python3.8/site-packages/airflow/example_dags/example_nested_branch_dag.py
[2024-03-13T02:23:24.879+0000] {processor.py:840} INFO - DAG(s) 'example_nested_branch_dag' retrieved from /home/airflow/.local/lib/python3.8/site-packages/airflow/example_dags/example_nested_branch_dag.py
[2024-03-13T02:23:24.897+0000] {logging_mixin.py:188} INFO - [2024-03-13T02:23:24.897+0000] {dag.py:3047} INFO - Sync 1 DAGs
[2024-03-13T02:23:24.917+0000] {logging_mixin.py:188} INFO - [2024-03-13T02:23:24.917+0000] {dag.py:3834} INFO - Setting next_dagrun for example_nested_branch_dag to 2024-03-12 00:00:00+00:00, run_after=2024-03-13 00:00:00+00:00
[2024-03-13T02:23:24.932+0000] {processor.py:183} INFO - Processing /home/airflow/.local/lib/python3.8/site-packages/airflow/example_dags/example_nested_branch_dag.py took 0.067 seconds
[2024-03-13T02:23:55.208+0000] {processor.py:161} INFO - Started process (PID=230) to work on /home/airflow/.local/lib/python3.8/site-packages/airflow/example_dags/example_nested_branch_dag.py
[2024-03-13T02:23:55.209+0000] {processor.py:830} INFO - Processing file /home/airflow/.local/lib/python3.8/site-packages/airflow/example_dags/example_nested_branch_dag.py for tasks to queue
[2024-03-13T02:23:55.210+0000] {logging_mixin.py:188} INFO - [2024-03-13T02:23:55.210+0000] {dagbag.py:540} INFO - Filling up the DagBag from /home/airflow/.local/lib/python3.8/site-packages/airflow/example_dags/example_nested_branch_dag.py
[2024-03-13T02:23:55.219+0000] {processor.py:840} INFO - DAG(s) 'example_nested_branch_dag' retrieved from /home/airflow/.local/lib/python3.8/site-packages/airflow/example_dags/example_nested_branch_dag.py
[2024-03-13T02:23:55.237+0000] {logging_mixin.py:188} INFO - [2024-03-13T02:23:55.237+0000] {dag.py:3047} INFO - Sync 1 DAGs
[2024-03-13T02:23:55.255+0000] {logging_mixin.py:188} INFO - [2024-03-13T02:23:55.255+0000] {dag.py:3834} INFO - Setting next_dagrun for example_nested_branch_dag to 2024-03-12 00:00:00+00:00, run_after=2024-03-13 00:00:00+00:00
[2024-03-13T02:23:55.272+0000] {processor.py:183} INFO - Processing /home/airflow/.local/lib/python3.8/site-packages/airflow/example_dags/example_nested_branch_dag.py took 0.066 seconds
[2024-03-13T02:24:25.494+0000] {processor.py:161} INFO - Started process (PID=285) to work on /home/airflow/.local/lib/python3.8/site-packages/airflow/example_dags/example_nested_branch_dag.py
[2024-03-13T02:24:25.495+0000] {processor.py:830} INFO - Processing file /home/airflow/.local/lib/python3.8/site-packages/airflow/example_dags/example_nested_branch_dag.py for tasks to queue
[2024-03-13T02:24:25.496+0000] {logging_mixin.py:188} INFO - [2024-03-13T02:24:25.496+0000] {dagbag.py:540} INFO - Filling up the DagBag from /home/airflow/.local/lib/python3.8/site-packages/airflow/example_dags/example_nested_branch_dag.py
[2024-03-13T02:24:25.504+0000] {processor.py:840} INFO - DAG(s) 'example_nested_branch_dag' retrieved from /home/airflow/.local/lib/python3.8/site-packages/airflow/example_dags/example_nested_branch_dag.py
[2024-03-13T02:24:25.522+0000] {logging_mixin.py:188} INFO - [2024-03-13T02:24:25.522+0000] {dag.py:3047} INFO - Sync 1 DAGs
[2024-03-13T02:24:25.542+0000] {logging_mixin.py:188} INFO - [2024-03-13T02:24:25.542+0000] {dag.py:3834} INFO - Setting next_dagrun for example_nested_branch_dag to 2024-03-12 00:00:00+00:00, run_after=2024-03-13 00:00:00+00:00
[2024-03-13T02:24:25.559+0000] {processor.py:183} INFO - Processing /home/airflow/.local/lib/python3.8/site-packages/airflow/example_dags/example_nested_branch_dag.py took 0.068 seconds
[2024-03-13T02:24:55.750+0000] {processor.py:161} INFO - Started process (PID=340) to work on /home/airflow/.local/lib/python3.8/site-packages/airflow/example_dags/example_nested_branch_dag.py
[2024-03-13T02:24:55.751+0000] {processor.py:830} INFO - Processing file /home/airflow/.local/lib/python3.8/site-packages/airflow/example_dags/example_nested_branch_dag.py for tasks to queue
[2024-03-13T02:24:55.753+0000] {logging_mixin.py:188} INFO - [2024-03-13T02:24:55.752+0000] {dagbag.py:540} INFO - Filling up the DagBag from /home/airflow/.local/lib/python3.8/site-packages/airflow/example_dags/example_nested_branch_dag.py
[2024-03-13T02:24:55.760+0000] {processor.py:840} INFO - DAG(s) 'example_nested_branch_dag' retrieved from /home/airflow/.local/lib/python3.8/site-packages/airflow/example_dags/example_nested_branch_dag.py
[2024-03-13T02:24:55.780+0000] {logging_mixin.py:188} INFO - [2024-03-13T02:24:55.779+0000] {dag.py:3047} INFO - Sync 1 DAGs
[2024-03-13T02:24:55.802+0000] {logging_mixin.py:188} INFO - [2024-03-13T02:24:55.802+0000] {dag.py:3834} INFO - Setting next_dagrun for example_nested_branch_dag to 2024-03-12 00:00:00+00:00, run_after=2024-03-13 00:00:00+00:00
[2024-03-13T02:24:55.820+0000] {processor.py:183} INFO - Processing /home/airflow/.local/lib/python3.8/site-packages/airflow/example_dags/example_nested_branch_dag.py took 0.072 seconds
[2024-03-13T02:25:26.063+0000] {processor.py:161} INFO - Started process (PID=395) to work on /home/airflow/.local/lib/python3.8/site-packages/airflow/example_dags/example_nested_branch_dag.py
[2024-03-13T02:25:26.064+0000] {processor.py:830} INFO - Processing file /home/airflow/.local/lib/python3.8/site-packages/airflow/example_dags/example_nested_branch_dag.py for tasks to queue
[2024-03-13T02:25:26.065+0000] {logging_mixin.py:188} INFO - [2024-03-13T02:25:26.065+0000] {dagbag.py:540} INFO - Filling up the DagBag from /home/airflow/.local/lib/python3.8/site-packages/airflow/example_dags/example_nested_branch_dag.py
[2024-03-13T02:25:26.075+0000] {processor.py:840} INFO - DAG(s) 'example_nested_branch_dag' retrieved from /home/airflow/.local/lib/python3.8/site-packages/airflow/example_dags/example_nested_branch_dag.py
[2024-03-13T02:25:26.091+0000] {logging_mixin.py:188} INFO - [2024-03-13T02:25:26.090+0000] {dag.py:3047} INFO - Sync 1 DAGs
[2024-03-13T02:25:26.109+0000] {logging_mixin.py:188} INFO - [2024-03-13T02:25:26.109+0000] {dag.py:3834} INFO - Setting next_dagrun for example_nested_branch_dag to 2024-03-12 00:00:00+00:00, run_after=2024-03-13 00:00:00+00:00
[2024-03-13T02:25:26.123+0000] {processor.py:183} INFO - Processing /home/airflow/.local/lib/python3.8/site-packages/airflow/example_dags/example_nested_branch_dag.py took 0.062 seconds
[2024-03-13T02:25:56.407+0000] {processor.py:161} INFO - Started process (PID=450) to work on /home/airflow/.local/lib/python3.8/site-packages/airflow/example_dags/example_nested_branch_dag.py
[2024-03-13T02:25:56.408+0000] {processor.py:830} INFO - Processing file /home/airflow/.local/lib/python3.8/site-packages/airflow/example_dags/example_nested_branch_dag.py for tasks to queue
[2024-03-13T02:25:56.410+0000] {logging_mixin.py:188} INFO - [2024-03-13T02:25:56.409+0000] {dagbag.py:540} INFO - Filling up the DagBag from /home/airflow/.local/lib/python3.8/site-packages/airflow/example_dags/example_nested_branch_dag.py
[2024-03-13T02:25:56.418+0000] {processor.py:840} INFO - DAG(s) 'example_nested_branch_dag' retrieved from /home/airflow/.local/lib/python3.8/site-packages/airflow/example_dags/example_nested_branch_dag.py
[2024-03-13T02:25:56.434+0000] {logging_mixin.py:188} INFO - [2024-03-13T02:25:56.434+0000] {dag.py:3047} INFO - Sync 1 DAGs
[2024-03-13T02:25:56.453+0000] {logging_mixin.py:188} INFO - [2024-03-13T02:25:56.453+0000] {dag.py:3834} INFO - Setting next_dagrun for example_nested_branch_dag to 2024-03-12 00:00:00+00:00, run_after=2024-03-13 00:00:00+00:00
[2024-03-13T02:25:56.469+0000] {processor.py:183} INFO - Processing /home/airflow/.local/lib/python3.8/site-packages/airflow/example_dags/example_nested_branch_dag.py took 0.064 seconds
[2024-03-13T02:26:26.742+0000] {processor.py:161} INFO - Started process (PID=506) to work on /home/airflow/.local/lib/python3.8/site-packages/airflow/example_dags/example_nested_branch_dag.py
[2024-03-13T02:26:26.743+0000] {processor.py:830} INFO - Processing file /home/airflow/.local/lib/python3.8/site-packages/airflow/example_dags/example_nested_branch_dag.py for tasks to queue
[2024-03-13T02:26:26.744+0000] {logging_mixin.py:188} INFO - [2024-03-13T02:26:26.744+0000] {dagbag.py:540} INFO - Filling up the DagBag from /home/airflow/.local/lib/python3.8/site-packages/airflow/example_dags/example_nested_branch_dag.py
[2024-03-13T02:26:26.752+0000] {processor.py:840} INFO - DAG(s) 'example_nested_branch_dag' retrieved from /home/airflow/.local/lib/python3.8/site-packages/airflow/example_dags/example_nested_branch_dag.py
[2024-03-13T02:26:26.769+0000] {logging_mixin.py:188} INFO - [2024-03-13T02:26:26.769+0000] {dag.py:3047} INFO - Sync 1 DAGs
[2024-03-13T02:26:26.791+0000] {logging_mixin.py:188} INFO - [2024-03-13T02:26:26.791+0000] {dag.py:3834} INFO - Setting next_dagrun for example_nested_branch_dag to 2024-03-12 00:00:00+00:00, run_after=2024-03-13 00:00:00+00:00
[2024-03-13T02:26:26.806+0000] {processor.py:183} INFO - Processing /home/airflow/.local/lib/python3.8/site-packages/airflow/example_dags/example_nested_branch_dag.py took 0.067 seconds
[2024-03-13T02:26:57.106+0000] {processor.py:161} INFO - Started process (PID=561) to work on /home/airflow/.local/lib/python3.8/site-packages/airflow/example_dags/example_nested_branch_dag.py
[2024-03-13T02:26:57.107+0000] {processor.py:830} INFO - Processing file /home/airflow/.local/lib/python3.8/site-packages/airflow/example_dags/example_nested_branch_dag.py for tasks to queue
[2024-03-13T02:26:57.108+0000] {logging_mixin.py:188} INFO - [2024-03-13T02:26:57.108+0000] {dagbag.py:540} INFO - Filling up the DagBag from /home/airflow/.local/lib/python3.8/site-packages/airflow/example_dags/example_nested_branch_dag.py
[2024-03-13T02:26:57.116+0000] {processor.py:840} INFO - DAG(s) 'example_nested_branch_dag' retrieved from /home/airflow/.local/lib/python3.8/site-packages/airflow/example_dags/example_nested_branch_dag.py
[2024-03-13T02:26:57.134+0000] {logging_mixin.py:188} INFO - [2024-03-13T02:26:57.134+0000] {dag.py:3047} INFO - Sync 1 DAGs
[2024-03-13T02:26:57.153+0000] {logging_mixin.py:188} INFO - [2024-03-13T02:26:57.153+0000] {dag.py:3834} INFO - Setting next_dagrun for example_nested_branch_dag to 2024-03-12 00:00:00+00:00, run_after=2024-03-13 00:00:00+00:00
[2024-03-13T02:26:57.171+0000] {processor.py:183} INFO - Processing /home/airflow/.local/lib/python3.8/site-packages/airflow/example_dags/example_nested_branch_dag.py took 0.067 seconds
[2024-03-13T02:27:27.455+0000] {processor.py:161} INFO - Started process (PID=616) to work on /home/airflow/.local/lib/python3.8/site-packages/airflow/example_dags/example_nested_branch_dag.py
[2024-03-13T02:27:27.456+0000] {processor.py:830} INFO - Processing file /home/airflow/.local/lib/python3.8/site-packages/airflow/example_dags/example_nested_branch_dag.py for tasks to queue
[2024-03-13T02:27:27.457+0000] {logging_mixin.py:188} INFO - [2024-03-13T02:27:27.457+0000] {dagbag.py:540} INFO - Filling up the DagBag from /home/airflow/.local/lib/python3.8/site-packages/airflow/example_dags/example_nested_branch_dag.py
[2024-03-13T02:27:27.467+0000] {processor.py:840} INFO - DAG(s) 'example_nested_branch_dag' retrieved from /home/airflow/.local/lib/python3.8/site-packages/airflow/example_dags/example_nested_branch_dag.py
[2024-03-13T02:27:27.485+0000] {logging_mixin.py:188} INFO - [2024-03-13T02:27:27.485+0000] {dag.py:3047} INFO - Sync 1 DAGs
[2024-03-13T02:27:27.505+0000] {logging_mixin.py:188} INFO - [2024-03-13T02:27:27.505+0000] {dag.py:3834} INFO - Setting next_dagrun for example_nested_branch_dag to 2024-03-12 00:00:00+00:00, run_after=2024-03-13 00:00:00+00:00
[2024-03-13T02:27:27.525+0000] {processor.py:183} INFO - Processing /home/airflow/.local/lib/python3.8/site-packages/airflow/example_dags/example_nested_branch_dag.py took 0.072 seconds
[2024-03-13T02:27:57.688+0000] {processor.py:161} INFO - Started process (PID=671) to work on /home/airflow/.local/lib/python3.8/site-packages/airflow/example_dags/example_nested_branch_dag.py
[2024-03-13T02:27:57.689+0000] {processor.py:830} INFO - Processing file /home/airflow/.local/lib/python3.8/site-packages/airflow/example_dags/example_nested_branch_dag.py for tasks to queue
[2024-03-13T02:27:57.690+0000] {logging_mixin.py:188} INFO - [2024-03-13T02:27:57.690+0000] {dagbag.py:540} INFO - Filling up the DagBag from /home/airflow/.local/lib/python3.8/site-packages/airflow/example_dags/example_nested_branch_dag.py
[2024-03-13T02:27:57.698+0000] {processor.py:840} INFO - DAG(s) 'example_nested_branch_dag' retrieved from /home/airflow/.local/lib/python3.8/site-packages/airflow/example_dags/example_nested_branch_dag.py
[2024-03-13T02:27:57.716+0000] {logging_mixin.py:188} INFO - [2024-03-13T02:27:57.716+0000] {dag.py:3047} INFO - Sync 1 DAGs
[2024-03-13T02:27:57.736+0000] {logging_mixin.py:188} INFO - [2024-03-13T02:27:57.736+0000] {dag.py:3834} INFO - Setting next_dagrun for example_nested_branch_dag to 2024-03-12 00:00:00+00:00, run_after=2024-03-13 00:00:00+00:00
[2024-03-13T02:27:57.754+0000] {processor.py:183} INFO - Processing /home/airflow/.local/lib/python3.8/site-packages/airflow/example_dags/example_nested_branch_dag.py took 0.068 seconds
[2024-03-13T02:28:28.096+0000] {processor.py:161} INFO - Started process (PID=726) to work on /home/airflow/.local/lib/python3.8/site-packages/airflow/example_dags/example_nested_branch_dag.py
[2024-03-13T02:28:28.097+0000] {processor.py:830} INFO - Processing file /home/airflow/.local/lib/python3.8/site-packages/airflow/example_dags/example_nested_branch_dag.py for tasks to queue
[2024-03-13T02:28:28.098+0000] {logging_mixin.py:188} INFO - [2024-03-13T02:28:28.098+0000] {dagbag.py:540} INFO - Filling up the DagBag from /home/airflow/.local/lib/python3.8/site-packages/airflow/example_dags/example_nested_branch_dag.py
[2024-03-13T02:28:28.106+0000] {processor.py:840} INFO - DAG(s) 'example_nested_branch_dag' retrieved from /home/airflow/.local/lib/python3.8/site-packages/airflow/example_dags/example_nested_branch_dag.py
[2024-03-13T02:28:28.124+0000] {logging_mixin.py:188} INFO - [2024-03-13T02:28:28.124+0000] {dag.py:3047} INFO - Sync 1 DAGs
[2024-03-13T02:28:28.142+0000] {logging_mixin.py:188} INFO - [2024-03-13T02:28:28.142+0000] {dag.py:3834} INFO - Setting next_dagrun for example_nested_branch_dag to 2024-03-12 00:00:00+00:00, run_after=2024-03-13 00:00:00+00:00
[2024-03-13T02:28:28.157+0000] {processor.py:183} INFO - Processing /home/airflow/.local/lib/python3.8/site-packages/airflow/example_dags/example_nested_branch_dag.py took 0.064 seconds
[2024-03-13T02:28:58.268+0000] {processor.py:161} INFO - Started process (PID=781) to work on /home/airflow/.local/lib/python3.8/site-packages/airflow/example_dags/example_nested_branch_dag.py
[2024-03-13T02:28:58.269+0000] {processor.py:830} INFO - Processing file /home/airflow/.local/lib/python3.8/site-packages/airflow/example_dags/example_nested_branch_dag.py for tasks to queue
[2024-03-13T02:28:58.271+0000] {logging_mixin.py:188} INFO - [2024-03-13T02:28:58.270+0000] {dagbag.py:540} INFO - Filling up the DagBag from /home/airflow/.local/lib/python3.8/site-packages/airflow/example_dags/example_nested_branch_dag.py
[2024-03-13T02:28:58.279+0000] {processor.py:840} INFO - DAG(s) 'example_nested_branch_dag' retrieved from /home/airflow/.local/lib/python3.8/site-packages/airflow/example_dags/example_nested_branch_dag.py
[2024-03-13T02:28:58.297+0000] {logging_mixin.py:188} INFO - [2024-03-13T02:28:58.297+0000] {dag.py:3047} INFO - Sync 1 DAGs
[2024-03-13T02:28:58.322+0000] {logging_mixin.py:188} INFO - [2024-03-13T02:28:58.321+0000] {dag.py:3834} INFO - Setting next_dagrun for example_nested_branch_dag to 2024-03-12 00:00:00+00:00, run_after=2024-03-13 00:00:00+00:00
[2024-03-13T02:28:58.340+0000] {processor.py:183} INFO - Processing /home/airflow/.local/lib/python3.8/site-packages/airflow/example_dags/example_nested_branch_dag.py took 0.075 seconds
