[2024-03-13T02:22:23.804+0000] {processor.py:161} INFO - Started process (PID=57) to work on /home/airflow/.local/lib/python3.8/site-packages/airflow/example_dags/example_params_trigger_ui.py
[2024-03-13T02:22:23.805+0000] {processor.py:830} INFO - Processing file /home/airflow/.local/lib/python3.8/site-packages/airflow/example_dags/example_params_trigger_ui.py for tasks to queue
[2024-03-13T02:22:23.807+0000] {logging_mixin.py:188} INFO - [2024-03-13T02:22:23.806+0000] {dagbag.py:540} INFO - Filling up the DagBag from /home/airflow/.local/lib/python3.8/site-packages/airflow/example_dags/example_params_trigger_ui.py
[2024-03-13T02:22:23.821+0000] {processor.py:840} INFO - DAG(s) 'example_params_trigger_ui' retrieved from /home/airflow/.local/lib/python3.8/site-packages/airflow/example_dags/example_params_trigger_ui.py
[2024-03-13T02:22:23.943+0000] {logging_mixin.py:188} INFO - [2024-03-13T02:22:23.943+0000] {override.py:1769} INFO - Created Permission View: can delete on DAG:example_params_trigger_ui
[2024-03-13T02:22:23.955+0000] {logging_mixin.py:188} INFO - [2024-03-13T02:22:23.955+0000] {override.py:1769} INFO - Created Permission View: can read on DAG:example_params_trigger_ui
[2024-03-13T02:22:23.964+0000] {logging_mixin.py:188} INFO - [2024-03-13T02:22:23.963+0000] {override.py:1769} INFO - Created Permission View: can edit on DAG:example_params_trigger_ui
[2024-03-13T02:22:23.964+0000] {logging_mixin.py:188} INFO - [2024-03-13T02:22:23.964+0000] {dag.py:3047} INFO - Sync 1 DAGs
[2024-03-13T02:22:23.975+0000] {logging_mixin.py:188} INFO - [2024-03-13T02:22:23.975+0000] {dag.py:3069} INFO - Creating ORM DAG for example_params_trigger_ui
[2024-03-13T02:22:23.976+0000] {logging_mixin.py:188} INFO - [2024-03-13T02:22:23.976+0000] {dag.py:3834} INFO - Setting next_dagrun for example_params_trigger_ui to None, run_after=None
[2024-03-13T02:22:23.994+0000] {processor.py:183} INFO - Processing /home/airflow/.local/lib/python3.8/site-packages/airflow/example_dags/example_params_trigger_ui.py took 0.193 seconds
[2024-03-13T02:22:54.167+0000] {processor.py:161} INFO - Started process (PID=112) to work on /home/airflow/.local/lib/python3.8/site-packages/airflow/example_dags/example_params_trigger_ui.py
[2024-03-13T02:22:54.168+0000] {processor.py:830} INFO - Processing file /home/airflow/.local/lib/python3.8/site-packages/airflow/example_dags/example_params_trigger_ui.py for tasks to queue
[2024-03-13T02:22:54.170+0000] {logging_mixin.py:188} INFO - [2024-03-13T02:22:54.169+0000] {dagbag.py:540} INFO - Filling up the DagBag from /home/airflow/.local/lib/python3.8/site-packages/airflow/example_dags/example_params_trigger_ui.py
[2024-03-13T02:22:54.181+0000] {processor.py:840} INFO - DAG(s) 'example_params_trigger_ui' retrieved from /home/airflow/.local/lib/python3.8/site-packages/airflow/example_dags/example_params_trigger_ui.py
[2024-03-13T02:22:54.223+0000] {logging_mixin.py:188} INFO - [2024-03-13T02:22:54.223+0000] {dag.py:3047} INFO - Sync 1 DAGs
[2024-03-13T02:22:54.233+0000] {logging_mixin.py:188} INFO - [2024-03-13T02:22:54.233+0000] {dag.py:3834} INFO - Setting next_dagrun for example_params_trigger_ui to None, run_after=None
[2024-03-13T02:22:54.250+0000] {processor.py:183} INFO - Processing /home/airflow/.local/lib/python3.8/site-packages/airflow/example_dags/example_params_trigger_ui.py took 0.086 seconds
[2024-03-13T02:23:24.563+0000] {processor.py:161} INFO - Started process (PID=168) to work on /home/airflow/.local/lib/python3.8/site-packages/airflow/example_dags/example_params_trigger_ui.py
[2024-03-13T02:23:24.564+0000] {processor.py:830} INFO - Processing file /home/airflow/.local/lib/python3.8/site-packages/airflow/example_dags/example_params_trigger_ui.py for tasks to queue
[2024-03-13T02:23:24.565+0000] {logging_mixin.py:188} INFO - [2024-03-13T02:23:24.565+0000] {dagbag.py:540} INFO - Filling up the DagBag from /home/airflow/.local/lib/python3.8/site-packages/airflow/example_dags/example_params_trigger_ui.py
[2024-03-13T02:23:24.578+0000] {processor.py:840} INFO - DAG(s) 'example_params_trigger_ui' retrieved from /home/airflow/.local/lib/python3.8/site-packages/airflow/example_dags/example_params_trigger_ui.py
[2024-03-13T02:23:24.630+0000] {logging_mixin.py:188} INFO - [2024-03-13T02:23:24.630+0000] {dag.py:3047} INFO - Sync 1 DAGs
[2024-03-13T02:23:24.641+0000] {logging_mixin.py:188} INFO - [2024-03-13T02:23:24.641+0000] {dag.py:3834} INFO - Setting next_dagrun for example_params_trigger_ui to None, run_after=None
[2024-03-13T02:23:24.660+0000] {processor.py:183} INFO - Processing /home/airflow/.local/lib/python3.8/site-packages/airflow/example_dags/example_params_trigger_ui.py took 0.100 seconds
[2024-03-13T02:23:54.857+0000] {processor.py:161} INFO - Started process (PID=223) to work on /home/airflow/.local/lib/python3.8/site-packages/airflow/example_dags/example_params_trigger_ui.py
[2024-03-13T02:23:54.857+0000] {processor.py:830} INFO - Processing file /home/airflow/.local/lib/python3.8/site-packages/airflow/example_dags/example_params_trigger_ui.py for tasks to queue
[2024-03-13T02:23:54.859+0000] {logging_mixin.py:188} INFO - [2024-03-13T02:23:54.859+0000] {dagbag.py:540} INFO - Filling up the DagBag from /home/airflow/.local/lib/python3.8/site-packages/airflow/example_dags/example_params_trigger_ui.py
[2024-03-13T02:23:54.871+0000] {processor.py:840} INFO - DAG(s) 'example_params_trigger_ui' retrieved from /home/airflow/.local/lib/python3.8/site-packages/airflow/example_dags/example_params_trigger_ui.py
[2024-03-13T02:23:54.928+0000] {logging_mixin.py:188} INFO - [2024-03-13T02:23:54.927+0000] {dag.py:3047} INFO - Sync 1 DAGs
[2024-03-13T02:23:54.941+0000] {logging_mixin.py:188} INFO - [2024-03-13T02:23:54.941+0000] {dag.py:3834} INFO - Setting next_dagrun for example_params_trigger_ui to None, run_after=None
[2024-03-13T02:23:54.966+0000] {processor.py:183} INFO - Processing /home/airflow/.local/lib/python3.8/site-packages/airflow/example_dags/example_params_trigger_ui.py took 0.112 seconds
[2024-03-13T02:24:25.110+0000] {processor.py:161} INFO - Started process (PID=277) to work on /home/airflow/.local/lib/python3.8/site-packages/airflow/example_dags/example_params_trigger_ui.py
[2024-03-13T02:24:25.111+0000] {processor.py:830} INFO - Processing file /home/airflow/.local/lib/python3.8/site-packages/airflow/example_dags/example_params_trigger_ui.py for tasks to queue
[2024-03-13T02:24:25.112+0000] {logging_mixin.py:188} INFO - [2024-03-13T02:24:25.112+0000] {dagbag.py:540} INFO - Filling up the DagBag from /home/airflow/.local/lib/python3.8/site-packages/airflow/example_dags/example_params_trigger_ui.py
[2024-03-13T02:24:25.122+0000] {processor.py:840} INFO - DAG(s) 'example_params_trigger_ui' retrieved from /home/airflow/.local/lib/python3.8/site-packages/airflow/example_dags/example_params_trigger_ui.py
[2024-03-13T02:24:25.171+0000] {logging_mixin.py:188} INFO - [2024-03-13T02:24:25.170+0000] {dag.py:3047} INFO - Sync 1 DAGs
[2024-03-13T02:24:25.181+0000] {logging_mixin.py:188} INFO - [2024-03-13T02:24:25.181+0000] {dag.py:3834} INFO - Setting next_dagrun for example_params_trigger_ui to None, run_after=None
[2024-03-13T02:24:25.199+0000] {processor.py:183} INFO - Processing /home/airflow/.local/lib/python3.8/site-packages/airflow/example_dags/example_params_trigger_ui.py took 0.092 seconds
[2024-03-13T02:24:55.372+0000] {processor.py:161} INFO - Started process (PID=332) to work on /home/airflow/.local/lib/python3.8/site-packages/airflow/example_dags/example_params_trigger_ui.py
[2024-03-13T02:24:55.373+0000] {processor.py:830} INFO - Processing file /home/airflow/.local/lib/python3.8/site-packages/airflow/example_dags/example_params_trigger_ui.py for tasks to queue
[2024-03-13T02:24:55.375+0000] {logging_mixin.py:188} INFO - [2024-03-13T02:24:55.375+0000] {dagbag.py:540} INFO - Filling up the DagBag from /home/airflow/.local/lib/python3.8/site-packages/airflow/example_dags/example_params_trigger_ui.py
[2024-03-13T02:24:55.387+0000] {processor.py:840} INFO - DAG(s) 'example_params_trigger_ui' retrieved from /home/airflow/.local/lib/python3.8/site-packages/airflow/example_dags/example_params_trigger_ui.py
[2024-03-13T02:24:55.435+0000] {logging_mixin.py:188} INFO - [2024-03-13T02:24:55.435+0000] {dag.py:3047} INFO - Sync 1 DAGs
[2024-03-13T02:24:55.446+0000] {logging_mixin.py:188} INFO - [2024-03-13T02:24:55.446+0000] {dag.py:3834} INFO - Setting next_dagrun for example_params_trigger_ui to None, run_after=None
[2024-03-13T02:24:55.465+0000] {processor.py:183} INFO - Processing /home/airflow/.local/lib/python3.8/site-packages/airflow/example_dags/example_params_trigger_ui.py took 0.095 seconds
[2024-03-13T02:25:25.604+0000] {processor.py:161} INFO - Started process (PID=387) to work on /home/airflow/.local/lib/python3.8/site-packages/airflow/example_dags/example_params_trigger_ui.py
[2024-03-13T02:25:25.605+0000] {processor.py:830} INFO - Processing file /home/airflow/.local/lib/python3.8/site-packages/airflow/example_dags/example_params_trigger_ui.py for tasks to queue
[2024-03-13T02:25:25.607+0000] {logging_mixin.py:188} INFO - [2024-03-13T02:25:25.607+0000] {dagbag.py:540} INFO - Filling up the DagBag from /home/airflow/.local/lib/python3.8/site-packages/airflow/example_dags/example_params_trigger_ui.py
[2024-03-13T02:25:25.617+0000] {processor.py:840} INFO - DAG(s) 'example_params_trigger_ui' retrieved from /home/airflow/.local/lib/python3.8/site-packages/airflow/example_dags/example_params_trigger_ui.py
[2024-03-13T02:25:25.662+0000] {logging_mixin.py:188} INFO - [2024-03-13T02:25:25.662+0000] {dag.py:3047} INFO - Sync 1 DAGs
[2024-03-13T02:25:25.676+0000] {logging_mixin.py:188} INFO - [2024-03-13T02:25:25.676+0000] {dag.py:3834} INFO - Setting next_dagrun for example_params_trigger_ui to None, run_after=None
[2024-03-13T02:25:25.692+0000] {processor.py:183} INFO - Processing /home/airflow/.local/lib/python3.8/site-packages/airflow/example_dags/example_params_trigger_ui.py took 0.090 seconds
[2024-03-13T02:25:56.019+0000] {processor.py:161} INFO - Started process (PID=442) to work on /home/airflow/.local/lib/python3.8/site-packages/airflow/example_dags/example_params_trigger_ui.py
[2024-03-13T02:25:56.020+0000] {processor.py:830} INFO - Processing file /home/airflow/.local/lib/python3.8/site-packages/airflow/example_dags/example_params_trigger_ui.py for tasks to queue
[2024-03-13T02:25:56.022+0000] {logging_mixin.py:188} INFO - [2024-03-13T02:25:56.022+0000] {dagbag.py:540} INFO - Filling up the DagBag from /home/airflow/.local/lib/python3.8/site-packages/airflow/example_dags/example_params_trigger_ui.py
[2024-03-13T02:25:56.036+0000] {processor.py:840} INFO - DAG(s) 'example_params_trigger_ui' retrieved from /home/airflow/.local/lib/python3.8/site-packages/airflow/example_dags/example_params_trigger_ui.py
[2024-03-13T02:25:56.105+0000] {logging_mixin.py:188} INFO - [2024-03-13T02:25:56.105+0000] {dag.py:3047} INFO - Sync 1 DAGs
[2024-03-13T02:25:56.120+0000] {logging_mixin.py:188} INFO - [2024-03-13T02:25:56.120+0000] {dag.py:3834} INFO - Setting next_dagrun for example_params_trigger_ui to None, run_after=None
[2024-03-13T02:25:56.140+0000] {processor.py:183} INFO - Processing /home/airflow/.local/lib/python3.8/site-packages/airflow/example_dags/example_params_trigger_ui.py took 0.124 seconds
[2024-03-13T02:26:26.300+0000] {processor.py:161} INFO - Started process (PID=498) to work on /home/airflow/.local/lib/python3.8/site-packages/airflow/example_dags/example_params_trigger_ui.py
[2024-03-13T02:26:26.300+0000] {processor.py:830} INFO - Processing file /home/airflow/.local/lib/python3.8/site-packages/airflow/example_dags/example_params_trigger_ui.py for tasks to queue
[2024-03-13T02:26:26.302+0000] {logging_mixin.py:188} INFO - [2024-03-13T02:26:26.302+0000] {dagbag.py:540} INFO - Filling up the DagBag from /home/airflow/.local/lib/python3.8/site-packages/airflow/example_dags/example_params_trigger_ui.py
[2024-03-13T02:26:26.313+0000] {processor.py:840} INFO - DAG(s) 'example_params_trigger_ui' retrieved from /home/airflow/.local/lib/python3.8/site-packages/airflow/example_dags/example_params_trigger_ui.py
[2024-03-13T02:26:26.362+0000] {logging_mixin.py:188} INFO - [2024-03-13T02:26:26.362+0000] {dag.py:3047} INFO - Sync 1 DAGs
[2024-03-13T02:26:26.372+0000] {logging_mixin.py:188} INFO - [2024-03-13T02:26:26.372+0000] {dag.py:3834} INFO - Setting next_dagrun for example_params_trigger_ui to None, run_after=None
[2024-03-13T02:26:26.389+0000] {processor.py:183} INFO - Processing /home/airflow/.local/lib/python3.8/site-packages/airflow/example_dags/example_params_trigger_ui.py took 0.092 seconds
[2024-03-13T02:26:56.666+0000] {processor.py:161} INFO - Started process (PID=553) to work on /home/airflow/.local/lib/python3.8/site-packages/airflow/example_dags/example_params_trigger_ui.py
[2024-03-13T02:26:56.667+0000] {processor.py:830} INFO - Processing file /home/airflow/.local/lib/python3.8/site-packages/airflow/example_dags/example_params_trigger_ui.py for tasks to queue
[2024-03-13T02:26:56.669+0000] {logging_mixin.py:188} INFO - [2024-03-13T02:26:56.669+0000] {dagbag.py:540} INFO - Filling up the DagBag from /home/airflow/.local/lib/python3.8/site-packages/airflow/example_dags/example_params_trigger_ui.py
[2024-03-13T02:26:56.682+0000] {processor.py:840} INFO - DAG(s) 'example_params_trigger_ui' retrieved from /home/airflow/.local/lib/python3.8/site-packages/airflow/example_dags/example_params_trigger_ui.py
[2024-03-13T02:26:56.736+0000] {logging_mixin.py:188} INFO - [2024-03-13T02:26:56.736+0000] {dag.py:3047} INFO - Sync 1 DAGs
[2024-03-13T02:26:56.752+0000] {logging_mixin.py:188} INFO - [2024-03-13T02:26:56.752+0000] {dag.py:3834} INFO - Setting next_dagrun for example_params_trigger_ui to None, run_after=None
[2024-03-13T02:26:56.776+0000] {processor.py:183} INFO - Processing /home/airflow/.local/lib/python3.8/site-packages/airflow/example_dags/example_params_trigger_ui.py took 0.114 seconds
[2024-03-13T02:27:27.079+0000] {processor.py:161} INFO - Started process (PID=608) to work on /home/airflow/.local/lib/python3.8/site-packages/airflow/example_dags/example_params_trigger_ui.py
[2024-03-13T02:27:27.081+0000] {processor.py:830} INFO - Processing file /home/airflow/.local/lib/python3.8/site-packages/airflow/example_dags/example_params_trigger_ui.py for tasks to queue
[2024-03-13T02:27:27.082+0000] {logging_mixin.py:188} INFO - [2024-03-13T02:27:27.082+0000] {dagbag.py:540} INFO - Filling up the DagBag from /home/airflow/.local/lib/python3.8/site-packages/airflow/example_dags/example_params_trigger_ui.py
[2024-03-13T02:27:27.096+0000] {processor.py:840} INFO - DAG(s) 'example_params_trigger_ui' retrieved from /home/airflow/.local/lib/python3.8/site-packages/airflow/example_dags/example_params_trigger_ui.py
[2024-03-13T02:27:27.147+0000] {logging_mixin.py:188} INFO - [2024-03-13T02:27:27.147+0000] {dag.py:3047} INFO - Sync 1 DAGs
[2024-03-13T02:27:27.157+0000] {logging_mixin.py:188} INFO - [2024-03-13T02:27:27.157+0000] {dag.py:3834} INFO - Setting next_dagrun for example_params_trigger_ui to None, run_after=None
[2024-03-13T02:27:27.175+0000] {processor.py:183} INFO - Processing /home/airflow/.local/lib/python3.8/site-packages/airflow/example_dags/example_params_trigger_ui.py took 0.099 seconds
[2024-03-13T02:27:57.313+0000] {processor.py:161} INFO - Started process (PID=663) to work on /home/airflow/.local/lib/python3.8/site-packages/airflow/example_dags/example_params_trigger_ui.py
[2024-03-13T02:27:57.314+0000] {processor.py:830} INFO - Processing file /home/airflow/.local/lib/python3.8/site-packages/airflow/example_dags/example_params_trigger_ui.py for tasks to queue
[2024-03-13T02:27:57.315+0000] {logging_mixin.py:188} INFO - [2024-03-13T02:27:57.315+0000] {dagbag.py:540} INFO - Filling up the DagBag from /home/airflow/.local/lib/python3.8/site-packages/airflow/example_dags/example_params_trigger_ui.py
[2024-03-13T02:27:57.326+0000] {processor.py:840} INFO - DAG(s) 'example_params_trigger_ui' retrieved from /home/airflow/.local/lib/python3.8/site-packages/airflow/example_dags/example_params_trigger_ui.py
[2024-03-13T02:27:57.370+0000] {logging_mixin.py:188} INFO - [2024-03-13T02:27:57.370+0000] {dag.py:3047} INFO - Sync 1 DAGs
[2024-03-13T02:27:57.380+0000] {logging_mixin.py:188} INFO - [2024-03-13T02:27:57.380+0000] {dag.py:3834} INFO - Setting next_dagrun for example_params_trigger_ui to None, run_after=None
[2024-03-13T02:27:57.398+0000] {processor.py:183} INFO - Processing /home/airflow/.local/lib/python3.8/site-packages/airflow/example_dags/example_params_trigger_ui.py took 0.088 seconds
[2024-03-13T02:28:27.651+0000] {processor.py:161} INFO - Started process (PID=718) to work on /home/airflow/.local/lib/python3.8/site-packages/airflow/example_dags/example_params_trigger_ui.py
[2024-03-13T02:28:27.652+0000] {processor.py:830} INFO - Processing file /home/airflow/.local/lib/python3.8/site-packages/airflow/example_dags/example_params_trigger_ui.py for tasks to queue
[2024-03-13T02:28:27.654+0000] {logging_mixin.py:188} INFO - [2024-03-13T02:28:27.653+0000] {dagbag.py:540} INFO - Filling up the DagBag from /home/airflow/.local/lib/python3.8/site-packages/airflow/example_dags/example_params_trigger_ui.py
[2024-03-13T02:28:27.665+0000] {processor.py:840} INFO - DAG(s) 'example_params_trigger_ui' retrieved from /home/airflow/.local/lib/python3.8/site-packages/airflow/example_dags/example_params_trigger_ui.py
[2024-03-13T02:28:27.709+0000] {logging_mixin.py:188} INFO - [2024-03-13T02:28:27.709+0000] {dag.py:3047} INFO - Sync 1 DAGs
[2024-03-13T02:28:27.719+0000] {logging_mixin.py:188} INFO - [2024-03-13T02:28:27.719+0000] {dag.py:3834} INFO - Setting next_dagrun for example_params_trigger_ui to None, run_after=None
[2024-03-13T02:28:27.737+0000] {processor.py:183} INFO - Processing /home/airflow/.local/lib/python3.8/site-packages/airflow/example_dags/example_params_trigger_ui.py took 0.088 seconds
[2024-03-13T02:28:57.885+0000] {processor.py:161} INFO - Started process (PID=773) to work on /home/airflow/.local/lib/python3.8/site-packages/airflow/example_dags/example_params_trigger_ui.py
[2024-03-13T02:28:57.886+0000] {processor.py:830} INFO - Processing file /home/airflow/.local/lib/python3.8/site-packages/airflow/example_dags/example_params_trigger_ui.py for tasks to queue
[2024-03-13T02:28:57.887+0000] {logging_mixin.py:188} INFO - [2024-03-13T02:28:57.887+0000] {dagbag.py:540} INFO - Filling up the DagBag from /home/airflow/.local/lib/python3.8/site-packages/airflow/example_dags/example_params_trigger_ui.py
[2024-03-13T02:28:57.898+0000] {processor.py:840} INFO - DAG(s) 'example_params_trigger_ui' retrieved from /home/airflow/.local/lib/python3.8/site-packages/airflow/example_dags/example_params_trigger_ui.py
[2024-03-13T02:28:57.943+0000] {logging_mixin.py:188} INFO - [2024-03-13T02:28:57.942+0000] {dag.py:3047} INFO - Sync 1 DAGs
[2024-03-13T02:28:57.953+0000] {logging_mixin.py:188} INFO - [2024-03-13T02:28:57.952+0000] {dag.py:3834} INFO - Setting next_dagrun for example_params_trigger_ui to None, run_after=None
[2024-03-13T02:28:57.971+0000] {processor.py:183} INFO - Processing /home/airflow/.local/lib/python3.8/site-packages/airflow/example_dags/example_params_trigger_ui.py took 0.089 seconds
