[2024-03-13T02:22:23.967+0000] {processor.py:161} INFO - Started process (PID=58) to work on /home/airflow/.local/lib/python3.8/site-packages/airflow/example_dags/example_external_task_marker_dag.py
[2024-03-13T02:22:23.968+0000] {processor.py:830} INFO - Processing file /home/airflow/.local/lib/python3.8/site-packages/airflow/example_dags/example_external_task_marker_dag.py for tasks to queue
[2024-03-13T02:22:23.970+0000] {logging_mixin.py:188} INFO - [2024-03-13T02:22:23.969+0000] {dagbag.py:540} INFO - Filling up the DagBag from /home/airflow/.local/lib/python3.8/site-packages/airflow/example_dags/example_external_task_marker_dag.py
[2024-03-13T02:22:23.978+0000] {processor.py:840} INFO - DAG(s) 'example_external_task_marker_parent', 'example_external_task_marker_child' retrieved from /home/airflow/.local/lib/python3.8/site-packages/airflow/example_dags/example_external_task_marker_dag.py
[2024-03-13T02:22:24.068+0000] {logging_mixin.py:188} INFO - [2024-03-13T02:22:24.067+0000] {override.py:1769} INFO - Created Permission View: can delete on DAG:example_external_task_marker_parent
[2024-03-13T02:22:24.077+0000] {logging_mixin.py:188} INFO - [2024-03-13T02:22:24.077+0000] {override.py:1769} INFO - Created Permission View: can read on DAG:example_external_task_marker_parent
[2024-03-13T02:22:24.084+0000] {logging_mixin.py:188} INFO - [2024-03-13T02:22:24.084+0000] {override.py:1769} INFO - Created Permission View: can edit on DAG:example_external_task_marker_parent
[2024-03-13T02:22:24.098+0000] {logging_mixin.py:188} INFO - [2024-03-13T02:22:24.097+0000] {override.py:1769} INFO - Created Permission View: can delete on DAG:example_external_task_marker_child
[2024-03-13T02:22:24.105+0000] {logging_mixin.py:188} INFO - [2024-03-13T02:22:24.105+0000] {override.py:1769} INFO - Created Permission View: can read on DAG:example_external_task_marker_child
[2024-03-13T02:22:24.112+0000] {logging_mixin.py:188} INFO - [2024-03-13T02:22:24.112+0000] {override.py:1769} INFO - Created Permission View: can edit on DAG:example_external_task_marker_child
[2024-03-13T02:22:24.113+0000] {logging_mixin.py:188} INFO - [2024-03-13T02:22:24.113+0000] {dag.py:3047} INFO - Sync 2 DAGs
[2024-03-13T02:22:24.124+0000] {logging_mixin.py:188} INFO - [2024-03-13T02:22:24.123+0000] {dag.py:3069} INFO - Creating ORM DAG for example_external_task_marker_child
[2024-03-13T02:22:24.124+0000] {logging_mixin.py:188} INFO - [2024-03-13T02:22:24.124+0000] {dag.py:3069} INFO - Creating ORM DAG for example_external_task_marker_parent
[2024-03-13T02:22:24.125+0000] {logging_mixin.py:188} INFO - [2024-03-13T02:22:24.125+0000] {dag.py:3834} INFO - Setting next_dagrun for example_external_task_marker_child to None, run_after=None
[2024-03-13T02:22:24.126+0000] {logging_mixin.py:188} INFO - [2024-03-13T02:22:24.126+0000] {dag.py:3834} INFO - Setting next_dagrun for example_external_task_marker_parent to None, run_after=None
[2024-03-13T02:22:24.143+0000] {processor.py:183} INFO - Processing /home/airflow/.local/lib/python3.8/site-packages/airflow/example_dags/example_external_task_marker_dag.py took 0.180 seconds
[2024-03-13T02:22:54.190+0000] {processor.py:161} INFO - Started process (PID=113) to work on /home/airflow/.local/lib/python3.8/site-packages/airflow/example_dags/example_external_task_marker_dag.py
[2024-03-13T02:22:54.191+0000] {processor.py:830} INFO - Processing file /home/airflow/.local/lib/python3.8/site-packages/airflow/example_dags/example_external_task_marker_dag.py for tasks to queue
[2024-03-13T02:22:54.193+0000] {logging_mixin.py:188} INFO - [2024-03-13T02:22:54.193+0000] {dagbag.py:540} INFO - Filling up the DagBag from /home/airflow/.local/lib/python3.8/site-packages/airflow/example_dags/example_external_task_marker_dag.py
[2024-03-13T02:22:54.198+0000] {processor.py:840} INFO - DAG(s) 'example_external_task_marker_child', 'example_external_task_marker_parent' retrieved from /home/airflow/.local/lib/python3.8/site-packages/airflow/example_dags/example_external_task_marker_dag.py
[2024-03-13T02:22:54.216+0000] {logging_mixin.py:188} INFO - [2024-03-13T02:22:54.216+0000] {dag.py:3047} INFO - Sync 2 DAGs
[2024-03-13T02:22:54.226+0000] {logging_mixin.py:188} INFO - [2024-03-13T02:22:54.226+0000] {dag.py:3834} INFO - Setting next_dagrun for example_external_task_marker_child to None, run_after=None
[2024-03-13T02:22:54.230+0000] {logging_mixin.py:188} INFO - [2024-03-13T02:22:54.229+0000] {dag.py:3834} INFO - Setting next_dagrun for example_external_task_marker_parent to None, run_after=None
[2024-03-13T02:22:54.245+0000] {processor.py:183} INFO - Processing /home/airflow/.local/lib/python3.8/site-packages/airflow/example_dags/example_external_task_marker_dag.py took 0.057 seconds
[2024-03-13T02:23:24.489+0000] {processor.py:161} INFO - Started process (PID=167) to work on /home/airflow/.local/lib/python3.8/site-packages/airflow/example_dags/example_external_task_marker_dag.py
[2024-03-13T02:23:24.490+0000] {processor.py:830} INFO - Processing file /home/airflow/.local/lib/python3.8/site-packages/airflow/example_dags/example_external_task_marker_dag.py for tasks to queue
[2024-03-13T02:23:24.491+0000] {logging_mixin.py:188} INFO - [2024-03-13T02:23:24.491+0000] {dagbag.py:540} INFO - Filling up the DagBag from /home/airflow/.local/lib/python3.8/site-packages/airflow/example_dags/example_external_task_marker_dag.py
[2024-03-13T02:23:24.496+0000] {processor.py:840} INFO - DAG(s) 'example_external_task_marker_parent', 'example_external_task_marker_child' retrieved from /home/airflow/.local/lib/python3.8/site-packages/airflow/example_dags/example_external_task_marker_dag.py
[2024-03-13T02:23:24.517+0000] {logging_mixin.py:188} INFO - [2024-03-13T02:23:24.516+0000] {dag.py:3047} INFO - Sync 2 DAGs
[2024-03-13T02:23:24.530+0000] {logging_mixin.py:188} INFO - [2024-03-13T02:23:24.529+0000] {dag.py:3834} INFO - Setting next_dagrun for example_external_task_marker_child to None, run_after=None
[2024-03-13T02:23:24.533+0000] {logging_mixin.py:188} INFO - [2024-03-13T02:23:24.533+0000] {dag.py:3834} INFO - Setting next_dagrun for example_external_task_marker_parent to None, run_after=None
[2024-03-13T02:23:24.549+0000] {processor.py:183} INFO - Processing /home/airflow/.local/lib/python3.8/site-packages/airflow/example_dags/example_external_task_marker_dag.py took 0.063 seconds
[2024-03-13T02:23:54.821+0000] {processor.py:161} INFO - Started process (PID=222) to work on /home/airflow/.local/lib/python3.8/site-packages/airflow/example_dags/example_external_task_marker_dag.py
[2024-03-13T02:23:54.822+0000] {processor.py:830} INFO - Processing file /home/airflow/.local/lib/python3.8/site-packages/airflow/example_dags/example_external_task_marker_dag.py for tasks to queue
[2024-03-13T02:23:54.824+0000] {logging_mixin.py:188} INFO - [2024-03-13T02:23:54.823+0000] {dagbag.py:540} INFO - Filling up the DagBag from /home/airflow/.local/lib/python3.8/site-packages/airflow/example_dags/example_external_task_marker_dag.py
[2024-03-13T02:23:54.829+0000] {processor.py:840} INFO - DAG(s) 'example_external_task_marker_child', 'example_external_task_marker_parent' retrieved from /home/airflow/.local/lib/python3.8/site-packages/airflow/example_dags/example_external_task_marker_dag.py
[2024-03-13T02:23:54.850+0000] {logging_mixin.py:188} INFO - [2024-03-13T02:23:54.850+0000] {dag.py:3047} INFO - Sync 2 DAGs
[2024-03-13T02:23:54.861+0000] {logging_mixin.py:188} INFO - [2024-03-13T02:23:54.861+0000] {dag.py:3834} INFO - Setting next_dagrun for example_external_task_marker_child to None, run_after=None
[2024-03-13T02:23:54.866+0000] {logging_mixin.py:188} INFO - [2024-03-13T02:23:54.865+0000] {dag.py:3834} INFO - Setting next_dagrun for example_external_task_marker_parent to None, run_after=None
[2024-03-13T02:23:54.883+0000] {processor.py:183} INFO - Processing /home/airflow/.local/lib/python3.8/site-packages/airflow/example_dags/example_external_task_marker_dag.py took 0.065 seconds
[2024-03-13T02:24:25.147+0000] {processor.py:161} INFO - Started process (PID=278) to work on /home/airflow/.local/lib/python3.8/site-packages/airflow/example_dags/example_external_task_marker_dag.py
[2024-03-13T02:24:25.148+0000] {processor.py:830} INFO - Processing file /home/airflow/.local/lib/python3.8/site-packages/airflow/example_dags/example_external_task_marker_dag.py for tasks to queue
[2024-03-13T02:24:25.150+0000] {logging_mixin.py:188} INFO - [2024-03-13T02:24:25.149+0000] {dagbag.py:540} INFO - Filling up the DagBag from /home/airflow/.local/lib/python3.8/site-packages/airflow/example_dags/example_external_task_marker_dag.py
[2024-03-13T02:24:25.158+0000] {processor.py:840} INFO - DAG(s) 'example_external_task_marker_child', 'example_external_task_marker_parent' retrieved from /home/airflow/.local/lib/python3.8/site-packages/airflow/example_dags/example_external_task_marker_dag.py
[2024-03-13T02:24:25.178+0000] {logging_mixin.py:188} INFO - [2024-03-13T02:24:25.178+0000] {dag.py:3047} INFO - Sync 2 DAGs
[2024-03-13T02:24:25.189+0000] {logging_mixin.py:188} INFO - [2024-03-13T02:24:25.189+0000] {dag.py:3834} INFO - Setting next_dagrun for example_external_task_marker_child to None, run_after=None
[2024-03-13T02:24:25.193+0000] {logging_mixin.py:188} INFO - [2024-03-13T02:24:25.193+0000] {dag.py:3834} INFO - Setting next_dagrun for example_external_task_marker_parent to None, run_after=None
[2024-03-13T02:24:25.210+0000] {processor.py:183} INFO - Processing /home/airflow/.local/lib/python3.8/site-packages/airflow/example_dags/example_external_task_marker_dag.py took 0.065 seconds
[2024-03-13T02:24:55.412+0000] {processor.py:161} INFO - Started process (PID=333) to work on /home/airflow/.local/lib/python3.8/site-packages/airflow/example_dags/example_external_task_marker_dag.py
[2024-03-13T02:24:55.413+0000] {processor.py:830} INFO - Processing file /home/airflow/.local/lib/python3.8/site-packages/airflow/example_dags/example_external_task_marker_dag.py for tasks to queue
[2024-03-13T02:24:55.415+0000] {logging_mixin.py:188} INFO - [2024-03-13T02:24:55.415+0000] {dagbag.py:540} INFO - Filling up the DagBag from /home/airflow/.local/lib/python3.8/site-packages/airflow/example_dags/example_external_task_marker_dag.py
[2024-03-13T02:24:55.420+0000] {processor.py:840} INFO - DAG(s) 'example_external_task_marker_parent', 'example_external_task_marker_child' retrieved from /home/airflow/.local/lib/python3.8/site-packages/airflow/example_dags/example_external_task_marker_dag.py
[2024-03-13T02:24:55.441+0000] {logging_mixin.py:188} INFO - [2024-03-13T02:24:55.441+0000] {dag.py:3047} INFO - Sync 2 DAGs
[2024-03-13T02:24:55.452+0000] {logging_mixin.py:188} INFO - [2024-03-13T02:24:55.451+0000] {dag.py:3834} INFO - Setting next_dagrun for example_external_task_marker_child to None, run_after=None
[2024-03-13T02:24:55.455+0000] {logging_mixin.py:188} INFO - [2024-03-13T02:24:55.455+0000] {dag.py:3834} INFO - Setting next_dagrun for example_external_task_marker_parent to None, run_after=None
[2024-03-13T02:24:55.472+0000] {processor.py:183} INFO - Processing /home/airflow/.local/lib/python3.8/site-packages/airflow/example_dags/example_external_task_marker_dag.py took 0.063 seconds
[2024-03-13T02:25:25.631+0000] {processor.py:161} INFO - Started process (PID=388) to work on /home/airflow/.local/lib/python3.8/site-packages/airflow/example_dags/example_external_task_marker_dag.py
[2024-03-13T02:25:25.632+0000] {processor.py:830} INFO - Processing file /home/airflow/.local/lib/python3.8/site-packages/airflow/example_dags/example_external_task_marker_dag.py for tasks to queue
[2024-03-13T02:25:25.633+0000] {logging_mixin.py:188} INFO - [2024-03-13T02:25:25.633+0000] {dagbag.py:540} INFO - Filling up the DagBag from /home/airflow/.local/lib/python3.8/site-packages/airflow/example_dags/example_external_task_marker_dag.py
[2024-03-13T02:25:25.638+0000] {processor.py:840} INFO - DAG(s) 'example_external_task_marker_parent', 'example_external_task_marker_child' retrieved from /home/airflow/.local/lib/python3.8/site-packages/airflow/example_dags/example_external_task_marker_dag.py
[2024-03-13T02:25:25.658+0000] {logging_mixin.py:188} INFO - [2024-03-13T02:25:25.658+0000] {dag.py:3047} INFO - Sync 2 DAGs
[2024-03-13T02:25:25.668+0000] {logging_mixin.py:188} INFO - [2024-03-13T02:25:25.668+0000] {dag.py:3834} INFO - Setting next_dagrun for example_external_task_marker_child to None, run_after=None
[2024-03-13T02:25:25.672+0000] {logging_mixin.py:188} INFO - [2024-03-13T02:25:25.672+0000] {dag.py:3834} INFO - Setting next_dagrun for example_external_task_marker_parent to None, run_after=None
[2024-03-13T02:25:25.688+0000] {processor.py:183} INFO - Processing /home/airflow/.local/lib/python3.8/site-packages/airflow/example_dags/example_external_task_marker_dag.py took 0.059 seconds
[2024-03-13T02:25:56.107+0000] {processor.py:161} INFO - Started process (PID=443) to work on /home/airflow/.local/lib/python3.8/site-packages/airflow/example_dags/example_external_task_marker_dag.py
[2024-03-13T02:25:56.108+0000] {processor.py:830} INFO - Processing file /home/airflow/.local/lib/python3.8/site-packages/airflow/example_dags/example_external_task_marker_dag.py for tasks to queue
[2024-03-13T02:25:56.110+0000] {logging_mixin.py:188} INFO - [2024-03-13T02:25:56.110+0000] {dagbag.py:540} INFO - Filling up the DagBag from /home/airflow/.local/lib/python3.8/site-packages/airflow/example_dags/example_external_task_marker_dag.py
[2024-03-13T02:25:56.117+0000] {processor.py:840} INFO - DAG(s) 'example_external_task_marker_parent', 'example_external_task_marker_child' retrieved from /home/airflow/.local/lib/python3.8/site-packages/airflow/example_dags/example_external_task_marker_dag.py
[2024-03-13T02:25:56.142+0000] {logging_mixin.py:188} INFO - [2024-03-13T02:25:56.142+0000] {dag.py:3047} INFO - Sync 2 DAGs
[2024-03-13T02:25:56.158+0000] {logging_mixin.py:188} INFO - [2024-03-13T02:25:56.158+0000] {dag.py:3834} INFO - Setting next_dagrun for example_external_task_marker_child to None, run_after=None
[2024-03-13T02:25:56.162+0000] {logging_mixin.py:188} INFO - [2024-03-13T02:25:56.161+0000] {dag.py:3834} INFO - Setting next_dagrun for example_external_task_marker_parent to None, run_after=None
[2024-03-13T02:25:56.176+0000] {processor.py:183} INFO - Processing /home/airflow/.local/lib/python3.8/site-packages/airflow/example_dags/example_external_task_marker_dag.py took 0.073 seconds
[2024-03-13T02:26:26.330+0000] {processor.py:161} INFO - Started process (PID=499) to work on /home/airflow/.local/lib/python3.8/site-packages/airflow/example_dags/example_external_task_marker_dag.py
[2024-03-13T02:26:26.331+0000] {processor.py:830} INFO - Processing file /home/airflow/.local/lib/python3.8/site-packages/airflow/example_dags/example_external_task_marker_dag.py for tasks to queue
[2024-03-13T02:26:26.332+0000] {logging_mixin.py:188} INFO - [2024-03-13T02:26:26.332+0000] {dagbag.py:540} INFO - Filling up the DagBag from /home/airflow/.local/lib/python3.8/site-packages/airflow/example_dags/example_external_task_marker_dag.py
[2024-03-13T02:26:26.337+0000] {processor.py:840} INFO - DAG(s) 'example_external_task_marker_parent', 'example_external_task_marker_child' retrieved from /home/airflow/.local/lib/python3.8/site-packages/airflow/example_dags/example_external_task_marker_dag.py
[2024-03-13T02:26:26.356+0000] {logging_mixin.py:188} INFO - [2024-03-13T02:26:26.356+0000] {dag.py:3047} INFO - Sync 2 DAGs
[2024-03-13T02:26:26.366+0000] {logging_mixin.py:188} INFO - [2024-03-13T02:26:26.366+0000] {dag.py:3834} INFO - Setting next_dagrun for example_external_task_marker_child to None, run_after=None
[2024-03-13T02:26:26.370+0000] {logging_mixin.py:188} INFO - [2024-03-13T02:26:26.370+0000] {dag.py:3834} INFO - Setting next_dagrun for example_external_task_marker_parent to None, run_after=None
[2024-03-13T02:26:26.385+0000] {processor.py:183} INFO - Processing /home/airflow/.local/lib/python3.8/site-packages/airflow/example_dags/example_external_task_marker_dag.py took 0.058 seconds
[2024-03-13T02:26:56.712+0000] {processor.py:161} INFO - Started process (PID=554) to work on /home/airflow/.local/lib/python3.8/site-packages/airflow/example_dags/example_external_task_marker_dag.py
[2024-03-13T02:26:56.713+0000] {processor.py:830} INFO - Processing file /home/airflow/.local/lib/python3.8/site-packages/airflow/example_dags/example_external_task_marker_dag.py for tasks to queue
[2024-03-13T02:26:56.716+0000] {logging_mixin.py:188} INFO - [2024-03-13T02:26:56.715+0000] {dagbag.py:540} INFO - Filling up the DagBag from /home/airflow/.local/lib/python3.8/site-packages/airflow/example_dags/example_external_task_marker_dag.py
[2024-03-13T02:26:56.722+0000] {processor.py:840} INFO - DAG(s) 'example_external_task_marker_child', 'example_external_task_marker_parent' retrieved from /home/airflow/.local/lib/python3.8/site-packages/airflow/example_dags/example_external_task_marker_dag.py
[2024-03-13T02:26:56.750+0000] {logging_mixin.py:188} INFO - [2024-03-13T02:26:56.750+0000] {dag.py:3047} INFO - Sync 2 DAGs
[2024-03-13T02:26:56.767+0000] {logging_mixin.py:188} INFO - [2024-03-13T02:26:56.767+0000] {dag.py:3834} INFO - Setting next_dagrun for example_external_task_marker_child to None, run_after=None
[2024-03-13T02:26:56.775+0000] {logging_mixin.py:188} INFO - [2024-03-13T02:26:56.774+0000] {dag.py:3834} INFO - Setting next_dagrun for example_external_task_marker_parent to None, run_after=None
[2024-03-13T02:26:56.805+0000] {processor.py:183} INFO - Processing /home/airflow/.local/lib/python3.8/site-packages/airflow/example_dags/example_external_task_marker_dag.py took 0.095 seconds
[2024-03-13T02:27:27.125+0000] {processor.py:161} INFO - Started process (PID=609) to work on /home/airflow/.local/lib/python3.8/site-packages/airflow/example_dags/example_external_task_marker_dag.py
[2024-03-13T02:27:27.127+0000] {processor.py:830} INFO - Processing file /home/airflow/.local/lib/python3.8/site-packages/airflow/example_dags/example_external_task_marker_dag.py for tasks to queue
[2024-03-13T02:27:27.129+0000] {logging_mixin.py:188} INFO - [2024-03-13T02:27:27.129+0000] {dagbag.py:540} INFO - Filling up the DagBag from /home/airflow/.local/lib/python3.8/site-packages/airflow/example_dags/example_external_task_marker_dag.py
[2024-03-13T02:27:27.135+0000] {processor.py:840} INFO - DAG(s) 'example_external_task_marker_child', 'example_external_task_marker_parent' retrieved from /home/airflow/.local/lib/python3.8/site-packages/airflow/example_dags/example_external_task_marker_dag.py
[2024-03-13T02:27:27.154+0000] {logging_mixin.py:188} INFO - [2024-03-13T02:27:27.154+0000] {dag.py:3047} INFO - Sync 2 DAGs
[2024-03-13T02:27:27.165+0000] {logging_mixin.py:188} INFO - [2024-03-13T02:27:27.165+0000] {dag.py:3834} INFO - Setting next_dagrun for example_external_task_marker_child to None, run_after=None
[2024-03-13T02:27:27.168+0000] {logging_mixin.py:188} INFO - [2024-03-13T02:27:27.168+0000] {dag.py:3834} INFO - Setting next_dagrun for example_external_task_marker_parent to None, run_after=None
[2024-03-13T02:27:27.185+0000] {processor.py:183} INFO - Processing /home/airflow/.local/lib/python3.8/site-packages/airflow/example_dags/example_external_task_marker_dag.py took 0.064 seconds
[2024-03-13T02:27:57.426+0000] {processor.py:161} INFO - Started process (PID=664) to work on /home/airflow/.local/lib/python3.8/site-packages/airflow/example_dags/example_external_task_marker_dag.py
[2024-03-13T02:27:57.427+0000] {processor.py:830} INFO - Processing file /home/airflow/.local/lib/python3.8/site-packages/airflow/example_dags/example_external_task_marker_dag.py for tasks to queue
[2024-03-13T02:27:57.429+0000] {logging_mixin.py:188} INFO - [2024-03-13T02:27:57.429+0000] {dagbag.py:540} INFO - Filling up the DagBag from /home/airflow/.local/lib/python3.8/site-packages/airflow/example_dags/example_external_task_marker_dag.py
[2024-03-13T02:27:57.434+0000] {processor.py:840} INFO - DAG(s) 'example_external_task_marker_child', 'example_external_task_marker_parent' retrieved from /home/airflow/.local/lib/python3.8/site-packages/airflow/example_dags/example_external_task_marker_dag.py
[2024-03-13T02:27:57.454+0000] {logging_mixin.py:188} INFO - [2024-03-13T02:27:57.454+0000] {dag.py:3047} INFO - Sync 2 DAGs
[2024-03-13T02:27:57.464+0000] {logging_mixin.py:188} INFO - [2024-03-13T02:27:57.464+0000] {dag.py:3834} INFO - Setting next_dagrun for example_external_task_marker_child to None, run_after=None
[2024-03-13T02:27:57.468+0000] {logging_mixin.py:188} INFO - [2024-03-13T02:27:57.467+0000] {dag.py:3834} INFO - Setting next_dagrun for example_external_task_marker_parent to None, run_after=None
[2024-03-13T02:27:57.483+0000] {processor.py:183} INFO - Processing /home/airflow/.local/lib/python3.8/site-packages/airflow/example_dags/example_external_task_marker_dag.py took 0.060 seconds
[2024-03-13T02:28:27.679+0000] {processor.py:161} INFO - Started process (PID=719) to work on /home/airflow/.local/lib/python3.8/site-packages/airflow/example_dags/example_external_task_marker_dag.py
[2024-03-13T02:28:27.680+0000] {processor.py:830} INFO - Processing file /home/airflow/.local/lib/python3.8/site-packages/airflow/example_dags/example_external_task_marker_dag.py for tasks to queue
[2024-03-13T02:28:27.682+0000] {logging_mixin.py:188} INFO - [2024-03-13T02:28:27.681+0000] {dagbag.py:540} INFO - Filling up the DagBag from /home/airflow/.local/lib/python3.8/site-packages/airflow/example_dags/example_external_task_marker_dag.py
[2024-03-13T02:28:27.686+0000] {processor.py:840} INFO - DAG(s) 'example_external_task_marker_child', 'example_external_task_marker_parent' retrieved from /home/airflow/.local/lib/python3.8/site-packages/airflow/example_dags/example_external_task_marker_dag.py
[2024-03-13T02:28:27.706+0000] {logging_mixin.py:188} INFO - [2024-03-13T02:28:27.706+0000] {dag.py:3047} INFO - Sync 2 DAGs
[2024-03-13T02:28:27.717+0000] {logging_mixin.py:188} INFO - [2024-03-13T02:28:27.716+0000] {dag.py:3834} INFO - Setting next_dagrun for example_external_task_marker_child to None, run_after=None
[2024-03-13T02:28:27.720+0000] {logging_mixin.py:188} INFO - [2024-03-13T02:28:27.720+0000] {dag.py:3834} INFO - Setting next_dagrun for example_external_task_marker_parent to None, run_after=None
[2024-03-13T02:28:27.737+0000] {processor.py:183} INFO - Processing /home/airflow/.local/lib/python3.8/site-packages/airflow/example_dags/example_external_task_marker_dag.py took 0.060 seconds
[2024-03-13T02:28:57.992+0000] {processor.py:161} INFO - Started process (PID=774) to work on /home/airflow/.local/lib/python3.8/site-packages/airflow/example_dags/example_external_task_marker_dag.py
[2024-03-13T02:28:57.993+0000] {processor.py:830} INFO - Processing file /home/airflow/.local/lib/python3.8/site-packages/airflow/example_dags/example_external_task_marker_dag.py for tasks to queue
[2024-03-13T02:28:57.995+0000] {logging_mixin.py:188} INFO - [2024-03-13T02:28:57.995+0000] {dagbag.py:540} INFO - Filling up the DagBag from /home/airflow/.local/lib/python3.8/site-packages/airflow/example_dags/example_external_task_marker_dag.py
[2024-03-13T02:28:58.000+0000] {processor.py:840} INFO - DAG(s) 'example_external_task_marker_parent', 'example_external_task_marker_child' retrieved from /home/airflow/.local/lib/python3.8/site-packages/airflow/example_dags/example_external_task_marker_dag.py
[2024-03-13T02:28:58.020+0000] {logging_mixin.py:188} INFO - [2024-03-13T02:28:58.020+0000] {dag.py:3047} INFO - Sync 2 DAGs
[2024-03-13T02:28:58.030+0000] {logging_mixin.py:188} INFO - [2024-03-13T02:28:58.030+0000] {dag.py:3834} INFO - Setting next_dagrun for example_external_task_marker_child to None, run_after=None
[2024-03-13T02:28:58.033+0000] {logging_mixin.py:188} INFO - [2024-03-13T02:28:58.033+0000] {dag.py:3834} INFO - Setting next_dagrun for example_external_task_marker_parent to None, run_after=None
[2024-03-13T02:28:58.049+0000] {processor.py:183} INFO - Processing /home/airflow/.local/lib/python3.8/site-packages/airflow/example_dags/example_external_task_marker_dag.py took 0.058 seconds
