[2024-03-13T02:22:24.020+0000] {processor.py:161} INFO - Started process (PID=59) to work on /home/airflow/.local/lib/python3.8/site-packages/airflow/example_dags/example_branch_python_dop_operator_3.py
[2024-03-13T02:22:24.021+0000] {processor.py:830} INFO - Processing file /home/airflow/.local/lib/python3.8/site-packages/airflow/example_dags/example_branch_python_dop_operator_3.py for tasks to queue
[2024-03-13T02:22:24.022+0000] {logging_mixin.py:188} INFO - [2024-03-13T02:22:24.022+0000] {dagbag.py:540} INFO - Filling up the DagBag from /home/airflow/.local/lib/python3.8/site-packages/airflow/example_dags/example_branch_python_dop_operator_3.py
[2024-03-13T02:22:24.032+0000] {processor.py:840} INFO - DAG(s) 'example_branch_dop_operator_v3' retrieved from /home/airflow/.local/lib/python3.8/site-packages/airflow/example_dags/example_branch_python_dop_operator_3.py
[2024-03-13T02:22:24.123+0000] {logging_mixin.py:188} INFO - [2024-03-13T02:22:24.123+0000] {override.py:1769} INFO - Created Permission View: can delete on DAG:example_branch_dop_operator_v3
[2024-03-13T02:22:24.133+0000] {logging_mixin.py:188} INFO - [2024-03-13T02:22:24.133+0000] {override.py:1769} INFO - Created Permission View: can read on DAG:example_branch_dop_operator_v3
[2024-03-13T02:22:24.141+0000] {logging_mixin.py:188} INFO - [2024-03-13T02:22:24.141+0000] {override.py:1769} INFO - Created Permission View: can edit on DAG:example_branch_dop_operator_v3
[2024-03-13T02:22:24.142+0000] {logging_mixin.py:188} INFO - [2024-03-13T02:22:24.142+0000] {dag.py:3047} INFO - Sync 1 DAGs
[2024-03-13T02:22:24.152+0000] {logging_mixin.py:188} INFO - [2024-03-13T02:22:24.151+0000] {dag.py:3069} INFO - Creating ORM DAG for example_branch_dop_operator_v3
[2024-03-13T02:22:24.165+0000] {logging_mixin.py:188} INFO - [2024-03-13T02:22:24.165+0000] {dag.py:3834} INFO - Setting next_dagrun for example_branch_dop_operator_v3 to 2024-03-13 02:21:00+00:00, run_after=2024-03-13 02:22:00+00:00
[2024-03-13T02:22:24.182+0000] {processor.py:183} INFO - Processing /home/airflow/.local/lib/python3.8/site-packages/airflow/example_dags/example_branch_python_dop_operator_3.py took 0.165 seconds
[2024-03-13T02:22:54.270+0000] {processor.py:161} INFO - Started process (PID=114) to work on /home/airflow/.local/lib/python3.8/site-packages/airflow/example_dags/example_branch_python_dop_operator_3.py
[2024-03-13T02:22:54.271+0000] {processor.py:830} INFO - Processing file /home/airflow/.local/lib/python3.8/site-packages/airflow/example_dags/example_branch_python_dop_operator_3.py for tasks to queue
[2024-03-13T02:22:54.273+0000] {logging_mixin.py:188} INFO - [2024-03-13T02:22:54.272+0000] {dagbag.py:540} INFO - Filling up the DagBag from /home/airflow/.local/lib/python3.8/site-packages/airflow/example_dags/example_branch_python_dop_operator_3.py
[2024-03-13T02:22:54.280+0000] {processor.py:840} INFO - DAG(s) 'example_branch_dop_operator_v3' retrieved from /home/airflow/.local/lib/python3.8/site-packages/airflow/example_dags/example_branch_python_dop_operator_3.py
[2024-03-13T02:22:54.297+0000] {logging_mixin.py:188} INFO - [2024-03-13T02:22:54.296+0000] {dag.py:3047} INFO - Sync 1 DAGs
[2024-03-13T02:22:54.316+0000] {logging_mixin.py:188} INFO - [2024-03-13T02:22:54.316+0000] {dag.py:3834} INFO - Setting next_dagrun for example_branch_dop_operator_v3 to 2024-03-13 02:21:00+00:00, run_after=2024-03-13 02:22:00+00:00
[2024-03-13T02:22:54.332+0000] {processor.py:183} INFO - Processing /home/airflow/.local/lib/python3.8/site-packages/airflow/example_dags/example_branch_python_dop_operator_3.py took 0.064 seconds
[2024-03-13T02:23:24.573+0000] {processor.py:161} INFO - Started process (PID=169) to work on /home/airflow/.local/lib/python3.8/site-packages/airflow/example_dags/example_branch_python_dop_operator_3.py
[2024-03-13T02:23:24.574+0000] {processor.py:830} INFO - Processing file /home/airflow/.local/lib/python3.8/site-packages/airflow/example_dags/example_branch_python_dop_operator_3.py for tasks to queue
[2024-03-13T02:23:24.575+0000] {logging_mixin.py:188} INFO - [2024-03-13T02:23:24.575+0000] {dagbag.py:540} INFO - Filling up the DagBag from /home/airflow/.local/lib/python3.8/site-packages/airflow/example_dags/example_branch_python_dop_operator_3.py
[2024-03-13T02:23:24.584+0000] {processor.py:840} INFO - DAG(s) 'example_branch_dop_operator_v3' retrieved from /home/airflow/.local/lib/python3.8/site-packages/airflow/example_dags/example_branch_python_dop_operator_3.py
[2024-03-13T02:23:24.602+0000] {logging_mixin.py:188} INFO - [2024-03-13T02:23:24.601+0000] {dag.py:3047} INFO - Sync 1 DAGs
[2024-03-13T02:23:24.626+0000] {logging_mixin.py:188} INFO - [2024-03-13T02:23:24.626+0000] {dag.py:3834} INFO - Setting next_dagrun for example_branch_dop_operator_v3 to 2024-03-13 02:22:00+00:00, run_after=2024-03-13 02:23:00+00:00
[2024-03-13T02:23:24.644+0000] {processor.py:183} INFO - Processing /home/airflow/.local/lib/python3.8/site-packages/airflow/example_dags/example_branch_python_dop_operator_3.py took 0.075 seconds
[2024-03-13T02:23:54.906+0000] {processor.py:161} INFO - Started process (PID=224) to work on /home/airflow/.local/lib/python3.8/site-packages/airflow/example_dags/example_branch_python_dop_operator_3.py
[2024-03-13T02:23:54.908+0000] {processor.py:830} INFO - Processing file /home/airflow/.local/lib/python3.8/site-packages/airflow/example_dags/example_branch_python_dop_operator_3.py for tasks to queue
[2024-03-13T02:23:54.910+0000] {logging_mixin.py:188} INFO - [2024-03-13T02:23:54.909+0000] {dagbag.py:540} INFO - Filling up the DagBag from /home/airflow/.local/lib/python3.8/site-packages/airflow/example_dags/example_branch_python_dop_operator_3.py
[2024-03-13T02:23:54.918+0000] {processor.py:840} INFO - DAG(s) 'example_branch_dop_operator_v3' retrieved from /home/airflow/.local/lib/python3.8/site-packages/airflow/example_dags/example_branch_python_dop_operator_3.py
[2024-03-13T02:23:54.939+0000] {logging_mixin.py:188} INFO - [2024-03-13T02:23:54.939+0000] {dag.py:3047} INFO - Sync 1 DAGs
[2024-03-13T02:23:54.973+0000] {logging_mixin.py:188} INFO - [2024-03-13T02:23:54.973+0000] {dag.py:3834} INFO - Setting next_dagrun for example_branch_dop_operator_v3 to 2024-03-13 02:22:00+00:00, run_after=2024-03-13 02:23:00+00:00
[2024-03-13T02:23:55.003+0000] {processor.py:183} INFO - Processing /home/airflow/.local/lib/python3.8/site-packages/airflow/example_dags/example_branch_python_dop_operator_3.py took 0.099 seconds
[2024-03-13T02:24:25.221+0000] {processor.py:161} INFO - Started process (PID=279) to work on /home/airflow/.local/lib/python3.8/site-packages/airflow/example_dags/example_branch_python_dop_operator_3.py
[2024-03-13T02:24:25.222+0000] {processor.py:830} INFO - Processing file /home/airflow/.local/lib/python3.8/site-packages/airflow/example_dags/example_branch_python_dop_operator_3.py for tasks to queue
[2024-03-13T02:24:25.223+0000] {logging_mixin.py:188} INFO - [2024-03-13T02:24:25.223+0000] {dagbag.py:540} INFO - Filling up the DagBag from /home/airflow/.local/lib/python3.8/site-packages/airflow/example_dags/example_branch_python_dop_operator_3.py
[2024-03-13T02:24:25.231+0000] {processor.py:840} INFO - DAG(s) 'example_branch_dop_operator_v3' retrieved from /home/airflow/.local/lib/python3.8/site-packages/airflow/example_dags/example_branch_python_dop_operator_3.py
[2024-03-13T02:24:25.248+0000] {logging_mixin.py:188} INFO - [2024-03-13T02:24:25.248+0000] {dag.py:3047} INFO - Sync 1 DAGs
[2024-03-13T02:24:25.273+0000] {logging_mixin.py:188} INFO - [2024-03-13T02:24:25.273+0000] {dag.py:3834} INFO - Setting next_dagrun for example_branch_dop_operator_v3 to 2024-03-13 02:23:00+00:00, run_after=2024-03-13 02:24:00+00:00
[2024-03-13T02:24:25.294+0000] {processor.py:183} INFO - Processing /home/airflow/.local/lib/python3.8/site-packages/airflow/example_dags/example_branch_python_dop_operator_3.py took 0.075 seconds
[2024-03-13T02:24:55.488+0000] {processor.py:161} INFO - Started process (PID=334) to work on /home/airflow/.local/lib/python3.8/site-packages/airflow/example_dags/example_branch_python_dop_operator_3.py
[2024-03-13T02:24:55.489+0000] {processor.py:830} INFO - Processing file /home/airflow/.local/lib/python3.8/site-packages/airflow/example_dags/example_branch_python_dop_operator_3.py for tasks to queue
[2024-03-13T02:24:55.491+0000] {logging_mixin.py:188} INFO - [2024-03-13T02:24:55.490+0000] {dagbag.py:540} INFO - Filling up the DagBag from /home/airflow/.local/lib/python3.8/site-packages/airflow/example_dags/example_branch_python_dop_operator_3.py
[2024-03-13T02:24:55.497+0000] {processor.py:840} INFO - DAG(s) 'example_branch_dop_operator_v3' retrieved from /home/airflow/.local/lib/python3.8/site-packages/airflow/example_dags/example_branch_python_dop_operator_3.py
[2024-03-13T02:24:55.513+0000] {logging_mixin.py:188} INFO - [2024-03-13T02:24:55.513+0000] {dag.py:3047} INFO - Sync 1 DAGs
[2024-03-13T02:24:55.536+0000] {logging_mixin.py:188} INFO - [2024-03-13T02:24:55.536+0000] {dag.py:3834} INFO - Setting next_dagrun for example_branch_dop_operator_v3 to 2024-03-13 02:23:00+00:00, run_after=2024-03-13 02:24:00+00:00
[2024-03-13T02:24:55.554+0000] {processor.py:183} INFO - Processing /home/airflow/.local/lib/python3.8/site-packages/airflow/example_dags/example_branch_python_dop_operator_3.py took 0.068 seconds
[2024-03-13T02:25:25.713+0000] {processor.py:161} INFO - Started process (PID=389) to work on /home/airflow/.local/lib/python3.8/site-packages/airflow/example_dags/example_branch_python_dop_operator_3.py
[2024-03-13T02:25:25.714+0000] {processor.py:830} INFO - Processing file /home/airflow/.local/lib/python3.8/site-packages/airflow/example_dags/example_branch_python_dop_operator_3.py for tasks to queue
[2024-03-13T02:25:25.716+0000] {logging_mixin.py:188} INFO - [2024-03-13T02:25:25.716+0000] {dagbag.py:540} INFO - Filling up the DagBag from /home/airflow/.local/lib/python3.8/site-packages/airflow/example_dags/example_branch_python_dop_operator_3.py
[2024-03-13T02:25:25.723+0000] {processor.py:840} INFO - DAG(s) 'example_branch_dop_operator_v3' retrieved from /home/airflow/.local/lib/python3.8/site-packages/airflow/example_dags/example_branch_python_dop_operator_3.py
[2024-03-13T02:25:25.740+0000] {logging_mixin.py:188} INFO - [2024-03-13T02:25:25.739+0000] {dag.py:3047} INFO - Sync 1 DAGs
[2024-03-13T02:25:25.762+0000] {logging_mixin.py:188} INFO - [2024-03-13T02:25:25.762+0000] {dag.py:3834} INFO - Setting next_dagrun for example_branch_dop_operator_v3 to 2024-03-13 02:24:00+00:00, run_after=2024-03-13 02:25:00+00:00
[2024-03-13T02:25:25.779+0000] {processor.py:183} INFO - Processing /home/airflow/.local/lib/python3.8/site-packages/airflow/example_dags/example_branch_python_dop_operator_3.py took 0.069 seconds
[2024-03-13T02:25:56.165+0000] {processor.py:161} INFO - Started process (PID=444) to work on /home/airflow/.local/lib/python3.8/site-packages/airflow/example_dags/example_branch_python_dop_operator_3.py
[2024-03-13T02:25:56.166+0000] {processor.py:830} INFO - Processing file /home/airflow/.local/lib/python3.8/site-packages/airflow/example_dags/example_branch_python_dop_operator_3.py for tasks to queue
[2024-03-13T02:25:56.168+0000] {logging_mixin.py:188} INFO - [2024-03-13T02:25:56.168+0000] {dagbag.py:540} INFO - Filling up the DagBag from /home/airflow/.local/lib/python3.8/site-packages/airflow/example_dags/example_branch_python_dop_operator_3.py
[2024-03-13T02:25:56.175+0000] {processor.py:840} INFO - DAG(s) 'example_branch_dop_operator_v3' retrieved from /home/airflow/.local/lib/python3.8/site-packages/airflow/example_dags/example_branch_python_dop_operator_3.py
[2024-03-13T02:25:56.192+0000] {logging_mixin.py:188} INFO - [2024-03-13T02:25:56.192+0000] {dag.py:3047} INFO - Sync 1 DAGs
[2024-03-13T02:25:56.213+0000] {logging_mixin.py:188} INFO - [2024-03-13T02:25:56.212+0000] {dag.py:3834} INFO - Setting next_dagrun for example_branch_dop_operator_v3 to 2024-03-13 02:24:00+00:00, run_after=2024-03-13 02:25:00+00:00
[2024-03-13T02:25:56.227+0000] {processor.py:183} INFO - Processing /home/airflow/.local/lib/python3.8/site-packages/airflow/example_dags/example_branch_python_dop_operator_3.py took 0.065 seconds
[2024-03-13T02:26:26.412+0000] {processor.py:161} INFO - Started process (PID=500) to work on /home/airflow/.local/lib/python3.8/site-packages/airflow/example_dags/example_branch_python_dop_operator_3.py
[2024-03-13T02:26:26.413+0000] {processor.py:830} INFO - Processing file /home/airflow/.local/lib/python3.8/site-packages/airflow/example_dags/example_branch_python_dop_operator_3.py for tasks to queue
[2024-03-13T02:26:26.415+0000] {logging_mixin.py:188} INFO - [2024-03-13T02:26:26.415+0000] {dagbag.py:540} INFO - Filling up the DagBag from /home/airflow/.local/lib/python3.8/site-packages/airflow/example_dags/example_branch_python_dop_operator_3.py
[2024-03-13T02:26:26.423+0000] {processor.py:840} INFO - DAG(s) 'example_branch_dop_operator_v3' retrieved from /home/airflow/.local/lib/python3.8/site-packages/airflow/example_dags/example_branch_python_dop_operator_3.py
[2024-03-13T02:26:26.438+0000] {logging_mixin.py:188} INFO - [2024-03-13T02:26:26.438+0000] {dag.py:3047} INFO - Sync 1 DAGs
[2024-03-13T02:26:26.460+0000] {logging_mixin.py:188} INFO - [2024-03-13T02:26:26.460+0000] {dag.py:3834} INFO - Setting next_dagrun for example_branch_dop_operator_v3 to 2024-03-13 02:25:00+00:00, run_after=2024-03-13 02:26:00+00:00
[2024-03-13T02:26:26.476+0000] {processor.py:183} INFO - Processing /home/airflow/.local/lib/python3.8/site-packages/airflow/example_dags/example_branch_python_dop_operator_3.py took 0.066 seconds
[2024-03-13T02:26:56.810+0000] {processor.py:161} INFO - Started process (PID=555) to work on /home/airflow/.local/lib/python3.8/site-packages/airflow/example_dags/example_branch_python_dop_operator_3.py
[2024-03-13T02:26:56.811+0000] {processor.py:830} INFO - Processing file /home/airflow/.local/lib/python3.8/site-packages/airflow/example_dags/example_branch_python_dop_operator_3.py for tasks to queue
[2024-03-13T02:26:56.814+0000] {logging_mixin.py:188} INFO - [2024-03-13T02:26:56.813+0000] {dagbag.py:540} INFO - Filling up the DagBag from /home/airflow/.local/lib/python3.8/site-packages/airflow/example_dags/example_branch_python_dop_operator_3.py
[2024-03-13T02:26:56.823+0000] {processor.py:840} INFO - DAG(s) 'example_branch_dop_operator_v3' retrieved from /home/airflow/.local/lib/python3.8/site-packages/airflow/example_dags/example_branch_python_dop_operator_3.py
[2024-03-13T02:26:56.840+0000] {logging_mixin.py:188} INFO - [2024-03-13T02:26:56.840+0000] {dag.py:3047} INFO - Sync 1 DAGs
[2024-03-13T02:26:56.864+0000] {logging_mixin.py:188} INFO - [2024-03-13T02:26:56.864+0000] {dag.py:3834} INFO - Setting next_dagrun for example_branch_dop_operator_v3 to 2024-03-13 02:25:00+00:00, run_after=2024-03-13 02:26:00+00:00
[2024-03-13T02:26:56.886+0000] {processor.py:183} INFO - Processing /home/airflow/.local/lib/python3.8/site-packages/airflow/example_dags/example_branch_python_dop_operator_3.py took 0.079 seconds
[2024-03-13T02:27:27.198+0000] {processor.py:161} INFO - Started process (PID=610) to work on /home/airflow/.local/lib/python3.8/site-packages/airflow/example_dags/example_branch_python_dop_operator_3.py
[2024-03-13T02:27:27.199+0000] {processor.py:830} INFO - Processing file /home/airflow/.local/lib/python3.8/site-packages/airflow/example_dags/example_branch_python_dop_operator_3.py for tasks to queue
[2024-03-13T02:27:27.201+0000] {logging_mixin.py:188} INFO - [2024-03-13T02:27:27.201+0000] {dagbag.py:540} INFO - Filling up the DagBag from /home/airflow/.local/lib/python3.8/site-packages/airflow/example_dags/example_branch_python_dop_operator_3.py
[2024-03-13T02:27:27.208+0000] {processor.py:840} INFO - DAG(s) 'example_branch_dop_operator_v3' retrieved from /home/airflow/.local/lib/python3.8/site-packages/airflow/example_dags/example_branch_python_dop_operator_3.py
[2024-03-13T02:27:27.225+0000] {logging_mixin.py:188} INFO - [2024-03-13T02:27:27.225+0000] {dag.py:3047} INFO - Sync 1 DAGs
[2024-03-13T02:27:27.247+0000] {logging_mixin.py:188} INFO - [2024-03-13T02:27:27.247+0000] {dag.py:3834} INFO - Setting next_dagrun for example_branch_dop_operator_v3 to 2024-03-13 02:26:00+00:00, run_after=2024-03-13 02:27:00+00:00
[2024-03-13T02:27:27.265+0000] {processor.py:183} INFO - Processing /home/airflow/.local/lib/python3.8/site-packages/airflow/example_dags/example_branch_python_dop_operator_3.py took 0.069 seconds
[2024-03-13T02:27:57.432+0000] {processor.py:161} INFO - Started process (PID=665) to work on /home/airflow/.local/lib/python3.8/site-packages/airflow/example_dags/example_branch_python_dop_operator_3.py
[2024-03-13T02:27:57.433+0000] {processor.py:830} INFO - Processing file /home/airflow/.local/lib/python3.8/site-packages/airflow/example_dags/example_branch_python_dop_operator_3.py for tasks to queue
[2024-03-13T02:27:57.435+0000] {logging_mixin.py:188} INFO - [2024-03-13T02:27:57.434+0000] {dagbag.py:540} INFO - Filling up the DagBag from /home/airflow/.local/lib/python3.8/site-packages/airflow/example_dags/example_branch_python_dop_operator_3.py
[2024-03-13T02:27:57.442+0000] {processor.py:840} INFO - DAG(s) 'example_branch_dop_operator_v3' retrieved from /home/airflow/.local/lib/python3.8/site-packages/airflow/example_dags/example_branch_python_dop_operator_3.py
[2024-03-13T02:27:57.458+0000] {logging_mixin.py:188} INFO - [2024-03-13T02:27:57.458+0000] {dag.py:3047} INFO - Sync 1 DAGs
[2024-03-13T02:27:57.481+0000] {logging_mixin.py:188} INFO - [2024-03-13T02:27:57.481+0000] {dag.py:3834} INFO - Setting next_dagrun for example_branch_dop_operator_v3 to 2024-03-13 02:26:00+00:00, run_after=2024-03-13 02:27:00+00:00
[2024-03-13T02:27:57.499+0000] {processor.py:183} INFO - Processing /home/airflow/.local/lib/python3.8/site-packages/airflow/example_dags/example_branch_python_dop_operator_3.py took 0.069 seconds
[2024-03-13T02:28:27.763+0000] {processor.py:161} INFO - Started process (PID=720) to work on /home/airflow/.local/lib/python3.8/site-packages/airflow/example_dags/example_branch_python_dop_operator_3.py
[2024-03-13T02:28:27.764+0000] {processor.py:830} INFO - Processing file /home/airflow/.local/lib/python3.8/site-packages/airflow/example_dags/example_branch_python_dop_operator_3.py for tasks to queue
[2024-03-13T02:28:27.765+0000] {logging_mixin.py:188} INFO - [2024-03-13T02:28:27.765+0000] {dagbag.py:540} INFO - Filling up the DagBag from /home/airflow/.local/lib/python3.8/site-packages/airflow/example_dags/example_branch_python_dop_operator_3.py
[2024-03-13T02:28:27.771+0000] {processor.py:840} INFO - DAG(s) 'example_branch_dop_operator_v3' retrieved from /home/airflow/.local/lib/python3.8/site-packages/airflow/example_dags/example_branch_python_dop_operator_3.py
[2024-03-13T02:28:27.788+0000] {logging_mixin.py:188} INFO - [2024-03-13T02:28:27.788+0000] {dag.py:3047} INFO - Sync 1 DAGs
[2024-03-13T02:28:27.810+0000] {logging_mixin.py:188} INFO - [2024-03-13T02:28:27.810+0000] {dag.py:3834} INFO - Setting next_dagrun for example_branch_dop_operator_v3 to 2024-03-13 02:27:00+00:00, run_after=2024-03-13 02:28:00+00:00
[2024-03-13T02:28:27.829+0000] {processor.py:183} INFO - Processing /home/airflow/.local/lib/python3.8/site-packages/airflow/example_dags/example_branch_python_dop_operator_3.py took 0.069 seconds
[2024-03-13T02:28:58.002+0000] {processor.py:161} INFO - Started process (PID=775) to work on /home/airflow/.local/lib/python3.8/site-packages/airflow/example_dags/example_branch_python_dop_operator_3.py
[2024-03-13T02:28:58.003+0000] {processor.py:830} INFO - Processing file /home/airflow/.local/lib/python3.8/site-packages/airflow/example_dags/example_branch_python_dop_operator_3.py for tasks to queue
[2024-03-13T02:28:58.005+0000] {logging_mixin.py:188} INFO - [2024-03-13T02:28:58.004+0000] {dagbag.py:540} INFO - Filling up the DagBag from /home/airflow/.local/lib/python3.8/site-packages/airflow/example_dags/example_branch_python_dop_operator_3.py
[2024-03-13T02:28:58.012+0000] {processor.py:840} INFO - DAG(s) 'example_branch_dop_operator_v3' retrieved from /home/airflow/.local/lib/python3.8/site-packages/airflow/example_dags/example_branch_python_dop_operator_3.py
[2024-03-13T02:28:58.029+0000] {logging_mixin.py:188} INFO - [2024-03-13T02:28:58.029+0000] {dag.py:3047} INFO - Sync 1 DAGs
[2024-03-13T02:28:58.051+0000] {logging_mixin.py:188} INFO - [2024-03-13T02:28:58.050+0000] {dag.py:3834} INFO - Setting next_dagrun for example_branch_dop_operator_v3 to 2024-03-13 02:27:00+00:00, run_after=2024-03-13 02:28:00+00:00
[2024-03-13T02:28:58.071+0000] {processor.py:183} INFO - Processing /home/airflow/.local/lib/python3.8/site-packages/airflow/example_dags/example_branch_python_dop_operator_3.py took 0.071 seconds
