[2024-03-13T02:22:23.418+0000] {processor.py:161} INFO - Started process (PID=53) to work on /home/airflow/.local/lib/python3.8/site-packages/airflow/example_dags/example_dag_decorator.py
[2024-03-13T02:22:23.419+0000] {processor.py:830} INFO - Processing file /home/airflow/.local/lib/python3.8/site-packages/airflow/example_dags/example_dag_decorator.py for tasks to queue
[2024-03-13T02:22:23.421+0000] {logging_mixin.py:188} INFO - [2024-03-13T02:22:23.420+0000] {dagbag.py:540} INFO - Filling up the DagBag from /home/airflow/.local/lib/python3.8/site-packages/airflow/example_dags/example_dag_decorator.py
[2024-03-13T02:22:23.614+0000] {processor.py:840} INFO - DAG(s) 'example_dag_decorator' retrieved from /home/airflow/.local/lib/python3.8/site-packages/airflow/example_dags/example_dag_decorator.py
[2024-03-13T02:22:23.708+0000] {logging_mixin.py:188} INFO - [2024-03-13T02:22:23.707+0000] {override.py:1769} INFO - Created Permission View: can delete on DAG:example_dag_decorator
[2024-03-13T02:22:23.718+0000] {logging_mixin.py:188} INFO - [2024-03-13T02:22:23.718+0000] {override.py:1769} INFO - Created Permission View: can read on DAG:example_dag_decorator
[2024-03-13T02:22:23.725+0000] {logging_mixin.py:188} INFO - [2024-03-13T02:22:23.725+0000] {override.py:1769} INFO - Created Permission View: can edit on DAG:example_dag_decorator
[2024-03-13T02:22:23.726+0000] {logging_mixin.py:188} INFO - [2024-03-13T02:22:23.726+0000] {dag.py:3047} INFO - Sync 1 DAGs
[2024-03-13T02:22:23.736+0000] {logging_mixin.py:188} INFO - [2024-03-13T02:22:23.736+0000] {dag.py:3069} INFO - Creating ORM DAG for example_dag_decorator
[2024-03-13T02:22:23.737+0000] {logging_mixin.py:188} INFO - [2024-03-13T02:22:23.737+0000] {dag.py:3834} INFO - Setting next_dagrun for example_dag_decorator to None, run_after=None
[2024-03-13T02:22:23.753+0000] {processor.py:183} INFO - Processing /home/airflow/.local/lib/python3.8/site-packages/airflow/example_dags/example_dag_decorator.py took 0.337 seconds
[2024-03-13T02:22:53.980+0000] {processor.py:161} INFO - Started process (PID=109) to work on /home/airflow/.local/lib/python3.8/site-packages/airflow/example_dags/example_dag_decorator.py
[2024-03-13T02:22:53.981+0000] {processor.py:830} INFO - Processing file /home/airflow/.local/lib/python3.8/site-packages/airflow/example_dags/example_dag_decorator.py for tasks to queue
[2024-03-13T02:22:53.983+0000] {logging_mixin.py:188} INFO - [2024-03-13T02:22:53.983+0000] {dagbag.py:540} INFO - Filling up the DagBag from /home/airflow/.local/lib/python3.8/site-packages/airflow/example_dags/example_dag_decorator.py
[2024-03-13T02:22:54.055+0000] {processor.py:840} INFO - DAG(s) 'example_dag_decorator' retrieved from /home/airflow/.local/lib/python3.8/site-packages/airflow/example_dags/example_dag_decorator.py
[2024-03-13T02:22:54.139+0000] {logging_mixin.py:188} INFO - [2024-03-13T02:22:54.139+0000] {dag.py:3047} INFO - Sync 1 DAGs
[2024-03-13T02:22:54.149+0000] {logging_mixin.py:188} INFO - [2024-03-13T02:22:54.149+0000] {dag.py:3834} INFO - Setting next_dagrun for example_dag_decorator to None, run_after=None
[2024-03-13T02:22:54.167+0000] {processor.py:183} INFO - Processing /home/airflow/.local/lib/python3.8/site-packages/airflow/example_dags/example_dag_decorator.py took 0.189 seconds
[2024-03-13T02:23:24.264+0000] {processor.py:161} INFO - Started process (PID=163) to work on /home/airflow/.local/lib/python3.8/site-packages/airflow/example_dags/example_dag_decorator.py
[2024-03-13T02:23:24.265+0000] {processor.py:830} INFO - Processing file /home/airflow/.local/lib/python3.8/site-packages/airflow/example_dags/example_dag_decorator.py for tasks to queue
[2024-03-13T02:23:24.266+0000] {logging_mixin.py:188} INFO - [2024-03-13T02:23:24.266+0000] {dagbag.py:540} INFO - Filling up the DagBag from /home/airflow/.local/lib/python3.8/site-packages/airflow/example_dags/example_dag_decorator.py
[2024-03-13T02:23:24.342+0000] {processor.py:840} INFO - DAG(s) 'example_dag_decorator' retrieved from /home/airflow/.local/lib/python3.8/site-packages/airflow/example_dags/example_dag_decorator.py
[2024-03-13T02:23:24.425+0000] {logging_mixin.py:188} INFO - [2024-03-13T02:23:24.425+0000] {dag.py:3047} INFO - Sync 1 DAGs
[2024-03-13T02:23:24.435+0000] {logging_mixin.py:188} INFO - [2024-03-13T02:23:24.434+0000] {dag.py:3834} INFO - Setting next_dagrun for example_dag_decorator to None, run_after=None
[2024-03-13T02:23:24.454+0000] {processor.py:183} INFO - Processing /home/airflow/.local/lib/python3.8/site-packages/airflow/example_dags/example_dag_decorator.py took 0.193 seconds
[2024-03-13T02:23:54.604+0000] {processor.py:161} INFO - Started process (PID=219) to work on /home/airflow/.local/lib/python3.8/site-packages/airflow/example_dags/example_dag_decorator.py
[2024-03-13T02:23:54.605+0000] {processor.py:830} INFO - Processing file /home/airflow/.local/lib/python3.8/site-packages/airflow/example_dags/example_dag_decorator.py for tasks to queue
[2024-03-13T02:23:54.606+0000] {logging_mixin.py:188} INFO - [2024-03-13T02:23:54.606+0000] {dagbag.py:540} INFO - Filling up the DagBag from /home/airflow/.local/lib/python3.8/site-packages/airflow/example_dags/example_dag_decorator.py
[2024-03-13T02:23:54.687+0000] {processor.py:840} INFO - DAG(s) 'example_dag_decorator' retrieved from /home/airflow/.local/lib/python3.8/site-packages/airflow/example_dags/example_dag_decorator.py
[2024-03-13T02:23:54.774+0000] {logging_mixin.py:188} INFO - [2024-03-13T02:23:54.774+0000] {dag.py:3047} INFO - Sync 1 DAGs
[2024-03-13T02:23:54.783+0000] {logging_mixin.py:188} INFO - [2024-03-13T02:23:54.783+0000] {dag.py:3834} INFO - Setting next_dagrun for example_dag_decorator to None, run_after=None
[2024-03-13T02:23:54.800+0000] {processor.py:183} INFO - Processing /home/airflow/.local/lib/python3.8/site-packages/airflow/example_dags/example_dag_decorator.py took 0.199 seconds
[2024-03-13T02:24:24.903+0000] {processor.py:161} INFO - Started process (PID=273) to work on /home/airflow/.local/lib/python3.8/site-packages/airflow/example_dags/example_dag_decorator.py
[2024-03-13T02:24:24.904+0000] {processor.py:830} INFO - Processing file /home/airflow/.local/lib/python3.8/site-packages/airflow/example_dags/example_dag_decorator.py for tasks to queue
[2024-03-13T02:24:24.905+0000] {logging_mixin.py:188} INFO - [2024-03-13T02:24:24.905+0000] {dagbag.py:540} INFO - Filling up the DagBag from /home/airflow/.local/lib/python3.8/site-packages/airflow/example_dags/example_dag_decorator.py
[2024-03-13T02:24:24.978+0000] {processor.py:840} INFO - DAG(s) 'example_dag_decorator' retrieved from /home/airflow/.local/lib/python3.8/site-packages/airflow/example_dags/example_dag_decorator.py
[2024-03-13T02:24:25.061+0000] {logging_mixin.py:188} INFO - [2024-03-13T02:24:25.060+0000] {dag.py:3047} INFO - Sync 1 DAGs
[2024-03-13T02:24:25.069+0000] {logging_mixin.py:188} INFO - [2024-03-13T02:24:25.069+0000] {dag.py:3834} INFO - Setting next_dagrun for example_dag_decorator to None, run_after=None
[2024-03-13T02:24:25.088+0000] {processor.py:183} INFO - Processing /home/airflow/.local/lib/python3.8/site-packages/airflow/example_dags/example_dag_decorator.py took 0.188 seconds
[2024-03-13T02:24:55.184+0000] {processor.py:161} INFO - Started process (PID=329) to work on /home/airflow/.local/lib/python3.8/site-packages/airflow/example_dags/example_dag_decorator.py
[2024-03-13T02:24:55.185+0000] {processor.py:830} INFO - Processing file /home/airflow/.local/lib/python3.8/site-packages/airflow/example_dags/example_dag_decorator.py for tasks to queue
[2024-03-13T02:24:55.186+0000] {logging_mixin.py:188} INFO - [2024-03-13T02:24:55.186+0000] {dagbag.py:540} INFO - Filling up the DagBag from /home/airflow/.local/lib/python3.8/site-packages/airflow/example_dags/example_dag_decorator.py
[2024-03-13T02:24:55.263+0000] {processor.py:840} INFO - DAG(s) 'example_dag_decorator' retrieved from /home/airflow/.local/lib/python3.8/site-packages/airflow/example_dags/example_dag_decorator.py
[2024-03-13T02:24:55.356+0000] {logging_mixin.py:188} INFO - [2024-03-13T02:24:55.356+0000] {dag.py:3047} INFO - Sync 1 DAGs
[2024-03-13T02:24:55.368+0000] {logging_mixin.py:188} INFO - [2024-03-13T02:24:55.367+0000] {dag.py:3834} INFO - Setting next_dagrun for example_dag_decorator to None, run_after=None
[2024-03-13T02:24:55.388+0000] {processor.py:183} INFO - Processing /home/airflow/.local/lib/python3.8/site-packages/airflow/example_dags/example_dag_decorator.py took 0.207 seconds
[2024-03-13T02:25:25.415+0000] {processor.py:161} INFO - Started process (PID=384) to work on /home/airflow/.local/lib/python3.8/site-packages/airflow/example_dags/example_dag_decorator.py
[2024-03-13T02:25:25.416+0000] {processor.py:830} INFO - Processing file /home/airflow/.local/lib/python3.8/site-packages/airflow/example_dags/example_dag_decorator.py for tasks to queue
[2024-03-13T02:25:25.418+0000] {logging_mixin.py:188} INFO - [2024-03-13T02:25:25.417+0000] {dagbag.py:540} INFO - Filling up the DagBag from /home/airflow/.local/lib/python3.8/site-packages/airflow/example_dags/example_dag_decorator.py
[2024-03-13T02:25:25.497+0000] {processor.py:840} INFO - DAG(s) 'example_dag_decorator' retrieved from /home/airflow/.local/lib/python3.8/site-packages/airflow/example_dags/example_dag_decorator.py
[2024-03-13T02:25:25.582+0000] {logging_mixin.py:188} INFO - [2024-03-13T02:25:25.581+0000] {dag.py:3047} INFO - Sync 1 DAGs
[2024-03-13T02:25:25.591+0000] {logging_mixin.py:188} INFO - [2024-03-13T02:25:25.591+0000] {dag.py:3834} INFO - Setting next_dagrun for example_dag_decorator to None, run_after=None
[2024-03-13T02:25:25.610+0000] {processor.py:183} INFO - Processing /home/airflow/.local/lib/python3.8/site-packages/airflow/example_dags/example_dag_decorator.py took 0.199 seconds
[2024-03-13T02:25:55.729+0000] {processor.py:161} INFO - Started process (PID=438) to work on /home/airflow/.local/lib/python3.8/site-packages/airflow/example_dags/example_dag_decorator.py
[2024-03-13T02:25:55.730+0000] {processor.py:830} INFO - Processing file /home/airflow/.local/lib/python3.8/site-packages/airflow/example_dags/example_dag_decorator.py for tasks to queue
[2024-03-13T02:25:55.731+0000] {logging_mixin.py:188} INFO - [2024-03-13T02:25:55.731+0000] {dagbag.py:540} INFO - Filling up the DagBag from /home/airflow/.local/lib/python3.8/site-packages/airflow/example_dags/example_dag_decorator.py
[2024-03-13T02:25:55.827+0000] {processor.py:840} INFO - DAG(s) 'example_dag_decorator' retrieved from /home/airflow/.local/lib/python3.8/site-packages/airflow/example_dags/example_dag_decorator.py
[2024-03-13T02:25:55.933+0000] {logging_mixin.py:188} INFO - [2024-03-13T02:25:55.933+0000] {dag.py:3047} INFO - Sync 1 DAGs
[2024-03-13T02:25:55.943+0000] {logging_mixin.py:188} INFO - [2024-03-13T02:25:55.942+0000] {dag.py:3834} INFO - Setting next_dagrun for example_dag_decorator to None, run_after=None
[2024-03-13T02:25:55.960+0000] {processor.py:183} INFO - Processing /home/airflow/.local/lib/python3.8/site-packages/airflow/example_dags/example_dag_decorator.py took 0.234 seconds
[2024-03-13T02:26:26.089+0000] {processor.py:161} INFO - Started process (PID=494) to work on /home/airflow/.local/lib/python3.8/site-packages/airflow/example_dags/example_dag_decorator.py
[2024-03-13T02:26:26.090+0000] {processor.py:830} INFO - Processing file /home/airflow/.local/lib/python3.8/site-packages/airflow/example_dags/example_dag_decorator.py for tasks to queue
[2024-03-13T02:26:26.091+0000] {logging_mixin.py:188} INFO - [2024-03-13T02:26:26.091+0000] {dagbag.py:540} INFO - Filling up the DagBag from /home/airflow/.local/lib/python3.8/site-packages/airflow/example_dags/example_dag_decorator.py
[2024-03-13T02:26:26.164+0000] {processor.py:840} INFO - DAG(s) 'example_dag_decorator' retrieved from /home/airflow/.local/lib/python3.8/site-packages/airflow/example_dags/example_dag_decorator.py
[2024-03-13T02:26:26.250+0000] {logging_mixin.py:188} INFO - [2024-03-13T02:26:26.250+0000] {dag.py:3047} INFO - Sync 1 DAGs
[2024-03-13T02:26:26.260+0000] {logging_mixin.py:188} INFO - [2024-03-13T02:26:26.259+0000] {dag.py:3834} INFO - Setting next_dagrun for example_dag_decorator to None, run_after=None
[2024-03-13T02:26:26.277+0000] {processor.py:183} INFO - Processing /home/airflow/.local/lib/python3.8/site-packages/airflow/example_dags/example_dag_decorator.py took 0.191 seconds
[2024-03-13T02:26:56.433+0000] {processor.py:161} INFO - Started process (PID=549) to work on /home/airflow/.local/lib/python3.8/site-packages/airflow/example_dags/example_dag_decorator.py
[2024-03-13T02:26:56.434+0000] {processor.py:830} INFO - Processing file /home/airflow/.local/lib/python3.8/site-packages/airflow/example_dags/example_dag_decorator.py for tasks to queue
[2024-03-13T02:26:56.436+0000] {logging_mixin.py:188} INFO - [2024-03-13T02:26:56.436+0000] {dagbag.py:540} INFO - Filling up the DagBag from /home/airflow/.local/lib/python3.8/site-packages/airflow/example_dags/example_dag_decorator.py
[2024-03-13T02:26:56.518+0000] {processor.py:840} INFO - DAG(s) 'example_dag_decorator' retrieved from /home/airflow/.local/lib/python3.8/site-packages/airflow/example_dags/example_dag_decorator.py
[2024-03-13T02:26:56.609+0000] {logging_mixin.py:188} INFO - [2024-03-13T02:26:56.609+0000] {dag.py:3047} INFO - Sync 1 DAGs
[2024-03-13T02:26:56.620+0000] {logging_mixin.py:188} INFO - [2024-03-13T02:26:56.620+0000] {dag.py:3834} INFO - Setting next_dagrun for example_dag_decorator to None, run_after=None
[2024-03-13T02:26:56.643+0000] {processor.py:183} INFO - Processing /home/airflow/.local/lib/python3.8/site-packages/airflow/example_dags/example_dag_decorator.py took 0.212 seconds
[2024-03-13T02:27:26.844+0000] {processor.py:161} INFO - Started process (PID=604) to work on /home/airflow/.local/lib/python3.8/site-packages/airflow/example_dags/example_dag_decorator.py
[2024-03-13T02:27:26.845+0000] {processor.py:830} INFO - Processing file /home/airflow/.local/lib/python3.8/site-packages/airflow/example_dags/example_dag_decorator.py for tasks to queue
[2024-03-13T02:27:26.846+0000] {logging_mixin.py:188} INFO - [2024-03-13T02:27:26.846+0000] {dagbag.py:540} INFO - Filling up the DagBag from /home/airflow/.local/lib/python3.8/site-packages/airflow/example_dags/example_dag_decorator.py
[2024-03-13T02:27:26.923+0000] {processor.py:840} INFO - DAG(s) 'example_dag_decorator' retrieved from /home/airflow/.local/lib/python3.8/site-packages/airflow/example_dags/example_dag_decorator.py
[2024-03-13T02:27:27.013+0000] {logging_mixin.py:188} INFO - [2024-03-13T02:27:27.013+0000] {dag.py:3047} INFO - Sync 1 DAGs
[2024-03-13T02:27:27.023+0000] {logging_mixin.py:188} INFO - [2024-03-13T02:27:27.023+0000] {dag.py:3834} INFO - Setting next_dagrun for example_dag_decorator to None, run_after=None
[2024-03-13T02:27:27.053+0000] {processor.py:183} INFO - Processing /home/airflow/.local/lib/python3.8/site-packages/airflow/example_dags/example_dag_decorator.py took 0.212 seconds
[2024-03-13T02:27:57.216+0000] {processor.py:161} INFO - Started process (PID=661) to work on /home/airflow/.local/lib/python3.8/site-packages/airflow/example_dags/example_dag_decorator.py
[2024-03-13T02:27:57.217+0000] {processor.py:830} INFO - Processing file /home/airflow/.local/lib/python3.8/site-packages/airflow/example_dags/example_dag_decorator.py for tasks to queue
[2024-03-13T02:27:57.219+0000] {logging_mixin.py:188} INFO - [2024-03-13T02:27:57.219+0000] {dagbag.py:540} INFO - Filling up the DagBag from /home/airflow/.local/lib/python3.8/site-packages/airflow/example_dags/example_dag_decorator.py
[2024-03-13T02:27:57.297+0000] {processor.py:840} INFO - DAG(s) 'example_dag_decorator' retrieved from /home/airflow/.local/lib/python3.8/site-packages/airflow/example_dags/example_dag_decorator.py
[2024-03-13T02:27:57.379+0000] {logging_mixin.py:188} INFO - [2024-03-13T02:27:57.379+0000] {dag.py:3047} INFO - Sync 1 DAGs
[2024-03-13T02:27:57.389+0000] {logging_mixin.py:188} INFO - [2024-03-13T02:27:57.389+0000] {dag.py:3834} INFO - Setting next_dagrun for example_dag_decorator to None, run_after=None
[2024-03-13T02:27:57.406+0000] {processor.py:183} INFO - Processing /home/airflow/.local/lib/python3.8/site-packages/airflow/example_dags/example_dag_decorator.py took 0.192 seconds
[2024-03-13T02:28:27.434+0000] {processor.py:161} INFO - Started process (PID=715) to work on /home/airflow/.local/lib/python3.8/site-packages/airflow/example_dags/example_dag_decorator.py
[2024-03-13T02:28:27.435+0000] {processor.py:830} INFO - Processing file /home/airflow/.local/lib/python3.8/site-packages/airflow/example_dags/example_dag_decorator.py for tasks to queue
[2024-03-13T02:28:27.437+0000] {logging_mixin.py:188} INFO - [2024-03-13T02:28:27.436+0000] {dagbag.py:540} INFO - Filling up the DagBag from /home/airflow/.local/lib/python3.8/site-packages/airflow/example_dags/example_dag_decorator.py
[2024-03-13T02:28:27.515+0000] {processor.py:840} INFO - DAG(s) 'example_dag_decorator' retrieved from /home/airflow/.local/lib/python3.8/site-packages/airflow/example_dags/example_dag_decorator.py
[2024-03-13T02:28:27.600+0000] {logging_mixin.py:188} INFO - [2024-03-13T02:28:27.599+0000] {dag.py:3047} INFO - Sync 1 DAGs
[2024-03-13T02:28:27.608+0000] {logging_mixin.py:188} INFO - [2024-03-13T02:28:27.608+0000] {dag.py:3834} INFO - Setting next_dagrun for example_dag_decorator to None, run_after=None
[2024-03-13T02:28:27.627+0000] {processor.py:183} INFO - Processing /home/airflow/.local/lib/python3.8/site-packages/airflow/example_dags/example_dag_decorator.py took 0.195 seconds
[2024-03-13T02:28:57.787+0000] {processor.py:161} INFO - Started process (PID=771) to work on /home/airflow/.local/lib/python3.8/site-packages/airflow/example_dags/example_dag_decorator.py
[2024-03-13T02:28:57.788+0000] {processor.py:830} INFO - Processing file /home/airflow/.local/lib/python3.8/site-packages/airflow/example_dags/example_dag_decorator.py for tasks to queue
[2024-03-13T02:28:57.790+0000] {logging_mixin.py:188} INFO - [2024-03-13T02:28:57.790+0000] {dagbag.py:540} INFO - Filling up the DagBag from /home/airflow/.local/lib/python3.8/site-packages/airflow/example_dags/example_dag_decorator.py
[2024-03-13T02:28:57.863+0000] {processor.py:840} INFO - DAG(s) 'example_dag_decorator' retrieved from /home/airflow/.local/lib/python3.8/site-packages/airflow/example_dags/example_dag_decorator.py
[2024-03-13T02:28:57.950+0000] {logging_mixin.py:188} INFO - [2024-03-13T02:28:57.950+0000] {dag.py:3047} INFO - Sync 1 DAGs
[2024-03-13T02:28:57.959+0000] {logging_mixin.py:188} INFO - [2024-03-13T02:28:57.959+0000] {dag.py:3834} INFO - Setting next_dagrun for example_dag_decorator to None, run_after=None
[2024-03-13T02:28:57.979+0000] {processor.py:183} INFO - Processing /home/airflow/.local/lib/python3.8/site-packages/airflow/example_dags/example_dag_decorator.py took 0.194 seconds
