[2024-03-13T02:22:23.612+0000] {processor.py:161} INFO - Started process (PID=55) to work on /home/airflow/.local/lib/python3.8/site-packages/airflow/example_dags/example_complex.py
[2024-03-13T02:22:23.613+0000] {processor.py:830} INFO - Processing file /home/airflow/.local/lib/python3.8/site-packages/airflow/example_dags/example_complex.py for tasks to queue
[2024-03-13T02:22:23.615+0000] {logging_mixin.py:188} INFO - [2024-03-13T02:22:23.614+0000] {dagbag.py:540} INFO - Filling up the DagBag from /home/airflow/.local/lib/python3.8/site-packages/airflow/example_dags/example_complex.py
[2024-03-13T02:22:23.628+0000] {processor.py:840} INFO - DAG(s) 'example_complex' retrieved from /home/airflow/.local/lib/python3.8/site-packages/airflow/example_dags/example_complex.py
[2024-03-13T02:22:23.731+0000] {logging_mixin.py:188} INFO - [2024-03-13T02:22:23.730+0000] {override.py:1769} INFO - Created Permission View: can delete on DAG:example_complex
[2024-03-13T02:22:23.741+0000] {logging_mixin.py:188} INFO - [2024-03-13T02:22:23.741+0000] {override.py:1769} INFO - Created Permission View: can read on DAG:example_complex
[2024-03-13T02:22:23.748+0000] {logging_mixin.py:188} INFO - [2024-03-13T02:22:23.747+0000] {override.py:1769} INFO - Created Permission View: can edit on DAG:example_complex
[2024-03-13T02:22:23.748+0000] {logging_mixin.py:188} INFO - [2024-03-13T02:22:23.748+0000] {dag.py:3047} INFO - Sync 1 DAGs
[2024-03-13T02:22:23.758+0000] {logging_mixin.py:188} INFO - [2024-03-13T02:22:23.758+0000] {dag.py:3069} INFO - Creating ORM DAG for example_complex
[2024-03-13T02:22:23.759+0000] {logging_mixin.py:188} INFO - [2024-03-13T02:22:23.758+0000] {dag.py:3834} INFO - Setting next_dagrun for example_complex to None, run_after=None
[2024-03-13T02:22:23.777+0000] {processor.py:183} INFO - Processing /home/airflow/.local/lib/python3.8/site-packages/airflow/example_dags/example_complex.py took 0.167 seconds
[2024-03-13T02:22:54.000+0000] {processor.py:161} INFO - Started process (PID=110) to work on /home/airflow/.local/lib/python3.8/site-packages/airflow/example_dags/example_complex.py
[2024-03-13T02:22:54.001+0000] {processor.py:830} INFO - Processing file /home/airflow/.local/lib/python3.8/site-packages/airflow/example_dags/example_complex.py for tasks to queue
[2024-03-13T02:22:54.003+0000] {logging_mixin.py:188} INFO - [2024-03-13T02:22:54.002+0000] {dagbag.py:540} INFO - Filling up the DagBag from /home/airflow/.local/lib/python3.8/site-packages/airflow/example_dags/example_complex.py
[2024-03-13T02:22:54.011+0000] {processor.py:840} INFO - DAG(s) 'example_complex' retrieved from /home/airflow/.local/lib/python3.8/site-packages/airflow/example_dags/example_complex.py
[2024-03-13T02:22:54.037+0000] {logging_mixin.py:188} INFO - [2024-03-13T02:22:54.037+0000] {dag.py:3047} INFO - Sync 1 DAGs
[2024-03-13T02:22:54.046+0000] {logging_mixin.py:188} INFO - [2024-03-13T02:22:54.046+0000] {dag.py:3834} INFO - Setting next_dagrun for example_complex to None, run_after=None
[2024-03-13T02:22:54.062+0000] {processor.py:183} INFO - Processing /home/airflow/.local/lib/python3.8/site-packages/airflow/example_dags/example_complex.py took 0.065 seconds
[2024-03-13T02:23:24.395+0000] {processor.py:161} INFO - Started process (PID=165) to work on /home/airflow/.local/lib/python3.8/site-packages/airflow/example_dags/example_complex.py
[2024-03-13T02:23:24.396+0000] {processor.py:830} INFO - Processing file /home/airflow/.local/lib/python3.8/site-packages/airflow/example_dags/example_complex.py for tasks to queue
[2024-03-13T02:23:24.397+0000] {logging_mixin.py:188} INFO - [2024-03-13T02:23:24.397+0000] {dagbag.py:540} INFO - Filling up the DagBag from /home/airflow/.local/lib/python3.8/site-packages/airflow/example_dags/example_complex.py
[2024-03-13T02:23:24.406+0000] {processor.py:840} INFO - DAG(s) 'example_complex' retrieved from /home/airflow/.local/lib/python3.8/site-packages/airflow/example_dags/example_complex.py
[2024-03-13T02:23:24.432+0000] {logging_mixin.py:188} INFO - [2024-03-13T02:23:24.432+0000] {dag.py:3047} INFO - Sync 1 DAGs
[2024-03-13T02:23:24.443+0000] {logging_mixin.py:188} INFO - [2024-03-13T02:23:24.443+0000] {dag.py:3834} INFO - Setting next_dagrun for example_complex to None, run_after=None
[2024-03-13T02:23:24.463+0000] {processor.py:183} INFO - Processing /home/airflow/.local/lib/python3.8/site-packages/airflow/example_dags/example_complex.py took 0.070 seconds
[2024-03-13T02:23:54.678+0000] {processor.py:161} INFO - Started process (PID=220) to work on /home/airflow/.local/lib/python3.8/site-packages/airflow/example_dags/example_complex.py
[2024-03-13T02:23:54.679+0000] {processor.py:830} INFO - Processing file /home/airflow/.local/lib/python3.8/site-packages/airflow/example_dags/example_complex.py for tasks to queue
[2024-03-13T02:23:54.680+0000] {logging_mixin.py:188} INFO - [2024-03-13T02:23:54.680+0000] {dagbag.py:540} INFO - Filling up the DagBag from /home/airflow/.local/lib/python3.8/site-packages/airflow/example_dags/example_complex.py
[2024-03-13T02:23:54.690+0000] {processor.py:840} INFO - DAG(s) 'example_complex' retrieved from /home/airflow/.local/lib/python3.8/site-packages/airflow/example_dags/example_complex.py
[2024-03-13T02:23:54.720+0000] {logging_mixin.py:188} INFO - [2024-03-13T02:23:54.720+0000] {dag.py:3047} INFO - Sync 1 DAGs
[2024-03-13T02:23:54.730+0000] {logging_mixin.py:188} INFO - [2024-03-13T02:23:54.730+0000] {dag.py:3834} INFO - Setting next_dagrun for example_complex to None, run_after=None
[2024-03-13T02:23:54.750+0000] {processor.py:183} INFO - Processing /home/airflow/.local/lib/python3.8/site-packages/airflow/example_dags/example_complex.py took 0.075 seconds
[2024-03-13T02:24:24.983+0000] {processor.py:161} INFO - Started process (PID=275) to work on /home/airflow/.local/lib/python3.8/site-packages/airflow/example_dags/example_complex.py
[2024-03-13T02:24:24.983+0000] {processor.py:830} INFO - Processing file /home/airflow/.local/lib/python3.8/site-packages/airflow/example_dags/example_complex.py for tasks to queue
[2024-03-13T02:24:24.985+0000] {logging_mixin.py:188} INFO - [2024-03-13T02:24:24.985+0000] {dagbag.py:540} INFO - Filling up the DagBag from /home/airflow/.local/lib/python3.8/site-packages/airflow/example_dags/example_complex.py
[2024-03-13T02:24:24.994+0000] {processor.py:840} INFO - DAG(s) 'example_complex' retrieved from /home/airflow/.local/lib/python3.8/site-packages/airflow/example_dags/example_complex.py
[2024-03-13T02:24:25.019+0000] {logging_mixin.py:188} INFO - [2024-03-13T02:24:25.019+0000] {dag.py:3047} INFO - Sync 1 DAGs
[2024-03-13T02:24:25.029+0000] {logging_mixin.py:188} INFO - [2024-03-13T02:24:25.028+0000] {dag.py:3834} INFO - Setting next_dagrun for example_complex to None, run_after=None
[2024-03-13T02:24:25.046+0000] {processor.py:183} INFO - Processing /home/airflow/.local/lib/python3.8/site-packages/airflow/example_dags/example_complex.py took 0.066 seconds
[2024-03-13T02:24:55.197+0000] {processor.py:161} INFO - Started process (PID=330) to work on /home/airflow/.local/lib/python3.8/site-packages/airflow/example_dags/example_complex.py
[2024-03-13T02:24:55.198+0000] {processor.py:830} INFO - Processing file /home/airflow/.local/lib/python3.8/site-packages/airflow/example_dags/example_complex.py for tasks to queue
[2024-03-13T02:24:55.200+0000] {logging_mixin.py:188} INFO - [2024-03-13T02:24:55.199+0000] {dagbag.py:540} INFO - Filling up the DagBag from /home/airflow/.local/lib/python3.8/site-packages/airflow/example_dags/example_complex.py
[2024-03-13T02:24:55.208+0000] {processor.py:840} INFO - DAG(s) 'example_complex' retrieved from /home/airflow/.local/lib/python3.8/site-packages/airflow/example_dags/example_complex.py
[2024-03-13T02:24:55.232+0000] {logging_mixin.py:188} INFO - [2024-03-13T02:24:55.232+0000] {dag.py:3047} INFO - Sync 1 DAGs
[2024-03-13T02:24:55.242+0000] {logging_mixin.py:188} INFO - [2024-03-13T02:24:55.242+0000] {dag.py:3834} INFO - Setting next_dagrun for example_complex to None, run_after=None
[2024-03-13T02:24:55.261+0000] {processor.py:183} INFO - Processing /home/airflow/.local/lib/python3.8/site-packages/airflow/example_dags/example_complex.py took 0.066 seconds
[2024-03-13T02:25:25.441+0000] {processor.py:161} INFO - Started process (PID=385) to work on /home/airflow/.local/lib/python3.8/site-packages/airflow/example_dags/example_complex.py
[2024-03-13T02:25:25.442+0000] {processor.py:830} INFO - Processing file /home/airflow/.local/lib/python3.8/site-packages/airflow/example_dags/example_complex.py for tasks to queue
[2024-03-13T02:25:25.443+0000] {logging_mixin.py:188} INFO - [2024-03-13T02:25:25.443+0000] {dagbag.py:540} INFO - Filling up the DagBag from /home/airflow/.local/lib/python3.8/site-packages/airflow/example_dags/example_complex.py
[2024-03-13T02:25:25.452+0000] {processor.py:840} INFO - DAG(s) 'example_complex' retrieved from /home/airflow/.local/lib/python3.8/site-packages/airflow/example_dags/example_complex.py
[2024-03-13T02:25:25.478+0000] {logging_mixin.py:188} INFO - [2024-03-13T02:25:25.477+0000] {dag.py:3047} INFO - Sync 1 DAGs
[2024-03-13T02:25:25.487+0000] {logging_mixin.py:188} INFO - [2024-03-13T02:25:25.487+0000] {dag.py:3834} INFO - Setting next_dagrun for example_complex to None, run_after=None
[2024-03-13T02:25:25.504+0000] {processor.py:183} INFO - Processing /home/airflow/.local/lib/python3.8/site-packages/airflow/example_dags/example_complex.py took 0.065 seconds
[2024-03-13T02:25:55.911+0000] {processor.py:161} INFO - Started process (PID=440) to work on /home/airflow/.local/lib/python3.8/site-packages/airflow/example_dags/example_complex.py
[2024-03-13T02:25:55.912+0000] {processor.py:830} INFO - Processing file /home/airflow/.local/lib/python3.8/site-packages/airflow/example_dags/example_complex.py for tasks to queue
[2024-03-13T02:25:55.914+0000] {logging_mixin.py:188} INFO - [2024-03-13T02:25:55.913+0000] {dagbag.py:540} INFO - Filling up the DagBag from /home/airflow/.local/lib/python3.8/site-packages/airflow/example_dags/example_complex.py
[2024-03-13T02:25:55.923+0000] {processor.py:840} INFO - DAG(s) 'example_complex' retrieved from /home/airflow/.local/lib/python3.8/site-packages/airflow/example_dags/example_complex.py
[2024-03-13T02:25:55.951+0000] {logging_mixin.py:188} INFO - [2024-03-13T02:25:55.951+0000] {dag.py:3047} INFO - Sync 1 DAGs
[2024-03-13T02:25:55.963+0000] {logging_mixin.py:188} INFO - [2024-03-13T02:25:55.963+0000] {dag.py:3834} INFO - Setting next_dagrun for example_complex to None, run_after=None
[2024-03-13T02:25:55.989+0000] {processor.py:183} INFO - Processing /home/airflow/.local/lib/python3.8/site-packages/airflow/example_dags/example_complex.py took 0.080 seconds
[2024-03-13T02:26:26.165+0000] {processor.py:161} INFO - Started process (PID=496) to work on /home/airflow/.local/lib/python3.8/site-packages/airflow/example_dags/example_complex.py
[2024-03-13T02:26:26.166+0000] {processor.py:830} INFO - Processing file /home/airflow/.local/lib/python3.8/site-packages/airflow/example_dags/example_complex.py for tasks to queue
[2024-03-13T02:26:26.167+0000] {logging_mixin.py:188} INFO - [2024-03-13T02:26:26.167+0000] {dagbag.py:540} INFO - Filling up the DagBag from /home/airflow/.local/lib/python3.8/site-packages/airflow/example_dags/example_complex.py
[2024-03-13T02:26:26.176+0000] {processor.py:840} INFO - DAG(s) 'example_complex' retrieved from /home/airflow/.local/lib/python3.8/site-packages/airflow/example_dags/example_complex.py
[2024-03-13T02:26:26.201+0000] {logging_mixin.py:188} INFO - [2024-03-13T02:26:26.200+0000] {dag.py:3047} INFO - Sync 1 DAGs
[2024-03-13T02:26:26.211+0000] {logging_mixin.py:188} INFO - [2024-03-13T02:26:26.211+0000] {dag.py:3834} INFO - Setting next_dagrun for example_complex to None, run_after=None
[2024-03-13T02:26:26.229+0000] {processor.py:183} INFO - Processing /home/airflow/.local/lib/python3.8/site-packages/airflow/example_dags/example_complex.py took 0.067 seconds
[2024-03-13T02:26:56.530+0000] {processor.py:161} INFO - Started process (PID=551) to work on /home/airflow/.local/lib/python3.8/site-packages/airflow/example_dags/example_complex.py
[2024-03-13T02:26:56.531+0000] {processor.py:830} INFO - Processing file /home/airflow/.local/lib/python3.8/site-packages/airflow/example_dags/example_complex.py for tasks to queue
[2024-03-13T02:26:56.532+0000] {logging_mixin.py:188} INFO - [2024-03-13T02:26:56.532+0000] {dagbag.py:540} INFO - Filling up the DagBag from /home/airflow/.local/lib/python3.8/site-packages/airflow/example_dags/example_complex.py
[2024-03-13T02:26:56.542+0000] {processor.py:840} INFO - DAG(s) 'example_complex' retrieved from /home/airflow/.local/lib/python3.8/site-packages/airflow/example_dags/example_complex.py
[2024-03-13T02:26:56.569+0000] {logging_mixin.py:188} INFO - [2024-03-13T02:26:56.569+0000] {dag.py:3047} INFO - Sync 1 DAGs
[2024-03-13T02:26:56.579+0000] {logging_mixin.py:188} INFO - [2024-03-13T02:26:56.579+0000] {dag.py:3834} INFO - Setting next_dagrun for example_complex to None, run_after=None
[2024-03-13T02:26:56.597+0000] {processor.py:183} INFO - Processing /home/airflow/.local/lib/python3.8/site-packages/airflow/example_dags/example_complex.py took 0.070 seconds
[2024-03-13T02:27:26.934+0000] {processor.py:161} INFO - Started process (PID=606) to work on /home/airflow/.local/lib/python3.8/site-packages/airflow/example_dags/example_complex.py
[2024-03-13T02:27:26.935+0000] {processor.py:830} INFO - Processing file /home/airflow/.local/lib/python3.8/site-packages/airflow/example_dags/example_complex.py for tasks to queue
[2024-03-13T02:27:26.937+0000] {logging_mixin.py:188} INFO - [2024-03-13T02:27:26.937+0000] {dagbag.py:540} INFO - Filling up the DagBag from /home/airflow/.local/lib/python3.8/site-packages/airflow/example_dags/example_complex.py
[2024-03-13T02:27:26.947+0000] {processor.py:840} INFO - DAG(s) 'example_complex' retrieved from /home/airflow/.local/lib/python3.8/site-packages/airflow/example_dags/example_complex.py
[2024-03-13T02:27:26.972+0000] {logging_mixin.py:188} INFO - [2024-03-13T02:27:26.972+0000] {dag.py:3047} INFO - Sync 1 DAGs
[2024-03-13T02:27:26.982+0000] {logging_mixin.py:188} INFO - [2024-03-13T02:27:26.982+0000] {dag.py:3834} INFO - Setting next_dagrun for example_complex to None, run_after=None
[2024-03-13T02:27:26.999+0000] {processor.py:183} INFO - Processing /home/airflow/.local/lib/python3.8/site-packages/airflow/example_dags/example_complex.py took 0.067 seconds
[2024-03-13T02:27:57.141+0000] {processor.py:161} INFO - Started process (PID=660) to work on /home/airflow/.local/lib/python3.8/site-packages/airflow/example_dags/example_complex.py
[2024-03-13T02:27:57.142+0000] {processor.py:830} INFO - Processing file /home/airflow/.local/lib/python3.8/site-packages/airflow/example_dags/example_complex.py for tasks to queue
[2024-03-13T02:27:57.143+0000] {logging_mixin.py:188} INFO - [2024-03-13T02:27:57.143+0000] {dagbag.py:540} INFO - Filling up the DagBag from /home/airflow/.local/lib/python3.8/site-packages/airflow/example_dags/example_complex.py
[2024-03-13T02:27:57.154+0000] {processor.py:840} INFO - DAG(s) 'example_complex' retrieved from /home/airflow/.local/lib/python3.8/site-packages/airflow/example_dags/example_complex.py
[2024-03-13T02:27:57.180+0000] {logging_mixin.py:188} INFO - [2024-03-13T02:27:57.180+0000] {dag.py:3047} INFO - Sync 1 DAGs
[2024-03-13T02:27:57.190+0000] {logging_mixin.py:188} INFO - [2024-03-13T02:27:57.190+0000] {dag.py:3834} INFO - Setting next_dagrun for example_complex to None, run_after=None
[2024-03-13T02:27:57.211+0000] {processor.py:183} INFO - Processing /home/airflow/.local/lib/python3.8/site-packages/airflow/example_dags/example_complex.py took 0.072 seconds
[2024-03-13T02:28:27.503+0000] {processor.py:161} INFO - Started process (PID=716) to work on /home/airflow/.local/lib/python3.8/site-packages/airflow/example_dags/example_complex.py
[2024-03-13T02:28:27.504+0000] {processor.py:830} INFO - Processing file /home/airflow/.local/lib/python3.8/site-packages/airflow/example_dags/example_complex.py for tasks to queue
[2024-03-13T02:28:27.506+0000] {logging_mixin.py:188} INFO - [2024-03-13T02:28:27.506+0000] {dagbag.py:540} INFO - Filling up the DagBag from /home/airflow/.local/lib/python3.8/site-packages/airflow/example_dags/example_complex.py
[2024-03-13T02:28:27.517+0000] {processor.py:840} INFO - DAG(s) 'example_complex' retrieved from /home/airflow/.local/lib/python3.8/site-packages/airflow/example_dags/example_complex.py
[2024-03-13T02:28:27.543+0000] {logging_mixin.py:188} INFO - [2024-03-13T02:28:27.543+0000] {dag.py:3047} INFO - Sync 1 DAGs
[2024-03-13T02:28:27.553+0000] {logging_mixin.py:188} INFO - [2024-03-13T02:28:27.553+0000] {dag.py:3834} INFO - Setting next_dagrun for example_complex to None, run_after=None
[2024-03-13T02:28:27.571+0000] {processor.py:183} INFO - Processing /home/airflow/.local/lib/python3.8/site-packages/airflow/example_dags/example_complex.py took 0.070 seconds
[2024-03-13T02:28:57.722+0000] {processor.py:161} INFO - Started process (PID=770) to work on /home/airflow/.local/lib/python3.8/site-packages/airflow/example_dags/example_complex.py
[2024-03-13T02:28:57.722+0000] {processor.py:830} INFO - Processing file /home/airflow/.local/lib/python3.8/site-packages/airflow/example_dags/example_complex.py for tasks to queue
[2024-03-13T02:28:57.724+0000] {logging_mixin.py:188} INFO - [2024-03-13T02:28:57.724+0000] {dagbag.py:540} INFO - Filling up the DagBag from /home/airflow/.local/lib/python3.8/site-packages/airflow/example_dags/example_complex.py
[2024-03-13T02:28:57.733+0000] {processor.py:840} INFO - DAG(s) 'example_complex' retrieved from /home/airflow/.local/lib/python3.8/site-packages/airflow/example_dags/example_complex.py
[2024-03-13T02:28:57.757+0000] {logging_mixin.py:188} INFO - [2024-03-13T02:28:57.757+0000] {dag.py:3047} INFO - Sync 1 DAGs
[2024-03-13T02:28:57.767+0000] {logging_mixin.py:188} INFO - [2024-03-13T02:28:57.766+0000] {dag.py:3834} INFO - Setting next_dagrun for example_complex to None, run_after=None
[2024-03-13T02:28:57.783+0000] {processor.py:183} INFO - Processing /home/airflow/.local/lib/python3.8/site-packages/airflow/example_dags/example_complex.py took 0.064 seconds
