[2024-03-13T02:22:26.175+0000] {processor.py:161} INFO - Started process (PID=81) to work on /home/airflow/.local/lib/python3.8/site-packages/airflow/example_dags/example_python_operator.py
[2024-03-13T02:22:26.176+0000] {processor.py:830} INFO - Processing file /home/airflow/.local/lib/python3.8/site-packages/airflow/example_dags/example_python_operator.py for tasks to queue
[2024-03-13T02:22:26.177+0000] {logging_mixin.py:188} INFO - [2024-03-13T02:22:26.177+0000] {dagbag.py:540} INFO - Filling up the DagBag from /home/airflow/.local/lib/python3.8/site-packages/airflow/example_dags/example_python_operator.py
[2024-03-13T02:22:26.187+0000] {processor.py:840} INFO - DAG(s) 'example_python_operator' retrieved from /home/airflow/.local/lib/python3.8/site-packages/airflow/example_dags/example_python_operator.py
[2024-03-13T02:22:26.273+0000] {logging_mixin.py:188} INFO - [2024-03-13T02:22:26.272+0000] {override.py:1769} INFO - Created Permission View: can delete on DAG:example_python_operator
[2024-03-13T02:22:26.284+0000] {logging_mixin.py:188} INFO - [2024-03-13T02:22:26.284+0000] {override.py:1769} INFO - Created Permission View: can read on DAG:example_python_operator
[2024-03-13T02:22:26.292+0000] {logging_mixin.py:188} INFO - [2024-03-13T02:22:26.292+0000] {override.py:1769} INFO - Created Permission View: can edit on DAG:example_python_operator
[2024-03-13T02:22:26.292+0000] {logging_mixin.py:188} INFO - [2024-03-13T02:22:26.292+0000] {dag.py:3047} INFO - Sync 1 DAGs
[2024-03-13T02:22:26.301+0000] {logging_mixin.py:188} INFO - [2024-03-13T02:22:26.301+0000] {dag.py:3069} INFO - Creating ORM DAG for example_python_operator
[2024-03-13T02:22:26.302+0000] {logging_mixin.py:188} INFO - [2024-03-13T02:22:26.302+0000] {dag.py:3834} INFO - Setting next_dagrun for example_python_operator to None, run_after=None
[2024-03-13T02:22:26.320+0000] {processor.py:183} INFO - Processing /home/airflow/.local/lib/python3.8/site-packages/airflow/example_dags/example_python_operator.py took 0.148 seconds
[2024-03-13T02:22:56.429+0000] {processor.py:161} INFO - Started process (PID=136) to work on /home/airflow/.local/lib/python3.8/site-packages/airflow/example_dags/example_python_operator.py
[2024-03-13T02:22:56.430+0000] {processor.py:830} INFO - Processing file /home/airflow/.local/lib/python3.8/site-packages/airflow/example_dags/example_python_operator.py for tasks to queue
[2024-03-13T02:22:56.431+0000] {logging_mixin.py:188} INFO - [2024-03-13T02:22:56.431+0000] {dagbag.py:540} INFO - Filling up the DagBag from /home/airflow/.local/lib/python3.8/site-packages/airflow/example_dags/example_python_operator.py
[2024-03-13T02:22:56.438+0000] {processor.py:840} INFO - DAG(s) 'example_python_operator' retrieved from /home/airflow/.local/lib/python3.8/site-packages/airflow/example_dags/example_python_operator.py
[2024-03-13T02:22:56.456+0000] {logging_mixin.py:188} INFO - [2024-03-13T02:22:56.455+0000] {dag.py:3047} INFO - Sync 1 DAGs
[2024-03-13T02:22:56.466+0000] {logging_mixin.py:188} INFO - [2024-03-13T02:22:56.465+0000] {dag.py:3834} INFO - Setting next_dagrun for example_python_operator to None, run_after=None
[2024-03-13T02:22:56.483+0000] {processor.py:183} INFO - Processing /home/airflow/.local/lib/python3.8/site-packages/airflow/example_dags/example_python_operator.py took 0.057 seconds
[2024-03-13T02:23:26.677+0000] {processor.py:161} INFO - Started process (PID=191) to work on /home/airflow/.local/lib/python3.8/site-packages/airflow/example_dags/example_python_operator.py
[2024-03-13T02:23:26.678+0000] {processor.py:830} INFO - Processing file /home/airflow/.local/lib/python3.8/site-packages/airflow/example_dags/example_python_operator.py for tasks to queue
[2024-03-13T02:23:26.680+0000] {logging_mixin.py:188} INFO - [2024-03-13T02:23:26.680+0000] {dagbag.py:540} INFO - Filling up the DagBag from /home/airflow/.local/lib/python3.8/site-packages/airflow/example_dags/example_python_operator.py
[2024-03-13T02:23:26.690+0000] {processor.py:840} INFO - DAG(s) 'example_python_operator' retrieved from /home/airflow/.local/lib/python3.8/site-packages/airflow/example_dags/example_python_operator.py
[2024-03-13T02:23:26.711+0000] {logging_mixin.py:188} INFO - [2024-03-13T02:23:26.710+0000] {dag.py:3047} INFO - Sync 1 DAGs
[2024-03-13T02:23:26.723+0000] {logging_mixin.py:188} INFO - [2024-03-13T02:23:26.723+0000] {dag.py:3834} INFO - Setting next_dagrun for example_python_operator to None, run_after=None
[2024-03-13T02:23:26.740+0000] {processor.py:183} INFO - Processing /home/airflow/.local/lib/python3.8/site-packages/airflow/example_dags/example_python_operator.py took 0.066 seconds
[2024-03-13T02:23:56.950+0000] {processor.py:161} INFO - Started process (PID=246) to work on /home/airflow/.local/lib/python3.8/site-packages/airflow/example_dags/example_python_operator.py
[2024-03-13T02:23:56.951+0000] {processor.py:830} INFO - Processing file /home/airflow/.local/lib/python3.8/site-packages/airflow/example_dags/example_python_operator.py for tasks to queue
[2024-03-13T02:23:56.952+0000] {logging_mixin.py:188} INFO - [2024-03-13T02:23:56.952+0000] {dagbag.py:540} INFO - Filling up the DagBag from /home/airflow/.local/lib/python3.8/site-packages/airflow/example_dags/example_python_operator.py
[2024-03-13T02:23:56.959+0000] {processor.py:840} INFO - DAG(s) 'example_python_operator' retrieved from /home/airflow/.local/lib/python3.8/site-packages/airflow/example_dags/example_python_operator.py
[2024-03-13T02:23:56.976+0000] {logging_mixin.py:188} INFO - [2024-03-13T02:23:56.976+0000] {dag.py:3047} INFO - Sync 1 DAGs
[2024-03-13T02:23:56.987+0000] {logging_mixin.py:188} INFO - [2024-03-13T02:23:56.987+0000] {dag.py:3834} INFO - Setting next_dagrun for example_python_operator to None, run_after=None
[2024-03-13T02:23:57.004+0000] {processor.py:183} INFO - Processing /home/airflow/.local/lib/python3.8/site-packages/airflow/example_dags/example_python_operator.py took 0.057 seconds
[2024-03-13T02:24:27.190+0000] {processor.py:161} INFO - Started process (PID=301) to work on /home/airflow/.local/lib/python3.8/site-packages/airflow/example_dags/example_python_operator.py
[2024-03-13T02:24:27.191+0000] {processor.py:830} INFO - Processing file /home/airflow/.local/lib/python3.8/site-packages/airflow/example_dags/example_python_operator.py for tasks to queue
[2024-03-13T02:24:27.192+0000] {logging_mixin.py:188} INFO - [2024-03-13T02:24:27.192+0000] {dagbag.py:540} INFO - Filling up the DagBag from /home/airflow/.local/lib/python3.8/site-packages/airflow/example_dags/example_python_operator.py
[2024-03-13T02:24:27.200+0000] {processor.py:840} INFO - DAG(s) 'example_python_operator' retrieved from /home/airflow/.local/lib/python3.8/site-packages/airflow/example_dags/example_python_operator.py
[2024-03-13T02:24:27.219+0000] {logging_mixin.py:188} INFO - [2024-03-13T02:24:27.219+0000] {dag.py:3047} INFO - Sync 1 DAGs
[2024-03-13T02:24:27.229+0000] {logging_mixin.py:188} INFO - [2024-03-13T02:24:27.229+0000] {dag.py:3834} INFO - Setting next_dagrun for example_python_operator to None, run_after=None
[2024-03-13T02:24:27.245+0000] {processor.py:183} INFO - Processing /home/airflow/.local/lib/python3.8/site-packages/airflow/example_dags/example_python_operator.py took 0.058 seconds
[2024-03-13T02:24:57.428+0000] {processor.py:161} INFO - Started process (PID=356) to work on /home/airflow/.local/lib/python3.8/site-packages/airflow/example_dags/example_python_operator.py
[2024-03-13T02:24:57.429+0000] {processor.py:830} INFO - Processing file /home/airflow/.local/lib/python3.8/site-packages/airflow/example_dags/example_python_operator.py for tasks to queue
[2024-03-13T02:24:57.431+0000] {logging_mixin.py:188} INFO - [2024-03-13T02:24:57.430+0000] {dagbag.py:540} INFO - Filling up the DagBag from /home/airflow/.local/lib/python3.8/site-packages/airflow/example_dags/example_python_operator.py
[2024-03-13T02:24:57.438+0000] {processor.py:840} INFO - DAG(s) 'example_python_operator' retrieved from /home/airflow/.local/lib/python3.8/site-packages/airflow/example_dags/example_python_operator.py
[2024-03-13T02:24:57.456+0000] {logging_mixin.py:188} INFO - [2024-03-13T02:24:57.455+0000] {dag.py:3047} INFO - Sync 1 DAGs
[2024-03-13T02:24:57.466+0000] {logging_mixin.py:188} INFO - [2024-03-13T02:24:57.466+0000] {dag.py:3834} INFO - Setting next_dagrun for example_python_operator to None, run_after=None
[2024-03-13T02:24:57.483+0000] {processor.py:183} INFO - Processing /home/airflow/.local/lib/python3.8/site-packages/airflow/example_dags/example_python_operator.py took 0.058 seconds
[2024-03-13T02:25:27.782+0000] {processor.py:161} INFO - Started process (PID=411) to work on /home/airflow/.local/lib/python3.8/site-packages/airflow/example_dags/example_python_operator.py
[2024-03-13T02:25:27.783+0000] {processor.py:830} INFO - Processing file /home/airflow/.local/lib/python3.8/site-packages/airflow/example_dags/example_python_operator.py for tasks to queue
[2024-03-13T02:25:27.784+0000] {logging_mixin.py:188} INFO - [2024-03-13T02:25:27.784+0000] {dagbag.py:540} INFO - Filling up the DagBag from /home/airflow/.local/lib/python3.8/site-packages/airflow/example_dags/example_python_operator.py
[2024-03-13T02:25:27.793+0000] {processor.py:840} INFO - DAG(s) 'example_python_operator' retrieved from /home/airflow/.local/lib/python3.8/site-packages/airflow/example_dags/example_python_operator.py
[2024-03-13T02:25:27.810+0000] {logging_mixin.py:188} INFO - [2024-03-13T02:25:27.810+0000] {dag.py:3047} INFO - Sync 1 DAGs
[2024-03-13T02:25:27.820+0000] {logging_mixin.py:188} INFO - [2024-03-13T02:25:27.820+0000] {dag.py:3834} INFO - Setting next_dagrun for example_python_operator to None, run_after=None
[2024-03-13T02:25:27.837+0000] {processor.py:183} INFO - Processing /home/airflow/.local/lib/python3.8/site-packages/airflow/example_dags/example_python_operator.py took 0.058 seconds
[2024-03-13T02:25:58.111+0000] {processor.py:161} INFO - Started process (PID=466) to work on /home/airflow/.local/lib/python3.8/site-packages/airflow/example_dags/example_python_operator.py
[2024-03-13T02:25:58.112+0000] {processor.py:830} INFO - Processing file /home/airflow/.local/lib/python3.8/site-packages/airflow/example_dags/example_python_operator.py for tasks to queue
[2024-03-13T02:25:58.113+0000] {logging_mixin.py:188} INFO - [2024-03-13T02:25:58.113+0000] {dagbag.py:540} INFO - Filling up the DagBag from /home/airflow/.local/lib/python3.8/site-packages/airflow/example_dags/example_python_operator.py
[2024-03-13T02:25:58.121+0000] {processor.py:840} INFO - DAG(s) 'example_python_operator' retrieved from /home/airflow/.local/lib/python3.8/site-packages/airflow/example_dags/example_python_operator.py
[2024-03-13T02:25:58.137+0000] {logging_mixin.py:188} INFO - [2024-03-13T02:25:58.137+0000] {dag.py:3047} INFO - Sync 1 DAGs
[2024-03-13T02:25:58.147+0000] {logging_mixin.py:188} INFO - [2024-03-13T02:25:58.147+0000] {dag.py:3834} INFO - Setting next_dagrun for example_python_operator to None, run_after=None
[2024-03-13T02:25:58.165+0000] {processor.py:183} INFO - Processing /home/airflow/.local/lib/python3.8/site-packages/airflow/example_dags/example_python_operator.py took 0.056 seconds
[2024-03-13T02:26:28.459+0000] {processor.py:161} INFO - Started process (PID=522) to work on /home/airflow/.local/lib/python3.8/site-packages/airflow/example_dags/example_python_operator.py
[2024-03-13T02:26:28.460+0000] {processor.py:830} INFO - Processing file /home/airflow/.local/lib/python3.8/site-packages/airflow/example_dags/example_python_operator.py for tasks to queue
[2024-03-13T02:26:28.462+0000] {logging_mixin.py:188} INFO - [2024-03-13T02:26:28.461+0000] {dagbag.py:540} INFO - Filling up the DagBag from /home/airflow/.local/lib/python3.8/site-packages/airflow/example_dags/example_python_operator.py
[2024-03-13T02:26:28.470+0000] {processor.py:840} INFO - DAG(s) 'example_python_operator' retrieved from /home/airflow/.local/lib/python3.8/site-packages/airflow/example_dags/example_python_operator.py
[2024-03-13T02:26:28.488+0000] {logging_mixin.py:188} INFO - [2024-03-13T02:26:28.487+0000] {dag.py:3047} INFO - Sync 1 DAGs
[2024-03-13T02:26:28.498+0000] {logging_mixin.py:188} INFO - [2024-03-13T02:26:28.498+0000] {dag.py:3834} INFO - Setting next_dagrun for example_python_operator to None, run_after=None
[2024-03-13T02:26:28.517+0000] {processor.py:183} INFO - Processing /home/airflow/.local/lib/python3.8/site-packages/airflow/example_dags/example_python_operator.py took 0.061 seconds
[2024-03-13T02:26:58.898+0000] {processor.py:161} INFO - Started process (PID=577) to work on /home/airflow/.local/lib/python3.8/site-packages/airflow/example_dags/example_python_operator.py
[2024-03-13T02:26:58.899+0000] {processor.py:830} INFO - Processing file /home/airflow/.local/lib/python3.8/site-packages/airflow/example_dags/example_python_operator.py for tasks to queue
[2024-03-13T02:26:58.901+0000] {logging_mixin.py:188} INFO - [2024-03-13T02:26:58.901+0000] {dagbag.py:540} INFO - Filling up the DagBag from /home/airflow/.local/lib/python3.8/site-packages/airflow/example_dags/example_python_operator.py
[2024-03-13T02:26:58.910+0000] {processor.py:840} INFO - DAG(s) 'example_python_operator' retrieved from /home/airflow/.local/lib/python3.8/site-packages/airflow/example_dags/example_python_operator.py
[2024-03-13T02:26:58.928+0000] {logging_mixin.py:188} INFO - [2024-03-13T02:26:58.927+0000] {dag.py:3047} INFO - Sync 1 DAGs
[2024-03-13T02:26:58.939+0000] {logging_mixin.py:188} INFO - [2024-03-13T02:26:58.938+0000] {dag.py:3834} INFO - Setting next_dagrun for example_python_operator to None, run_after=None
[2024-03-13T02:26:58.956+0000] {processor.py:183} INFO - Processing /home/airflow/.local/lib/python3.8/site-packages/airflow/example_dags/example_python_operator.py took 0.060 seconds
[2024-03-13T02:27:29.252+0000] {processor.py:161} INFO - Started process (PID=632) to work on /home/airflow/.local/lib/python3.8/site-packages/airflow/example_dags/example_python_operator.py
[2024-03-13T02:27:29.252+0000] {processor.py:830} INFO - Processing file /home/airflow/.local/lib/python3.8/site-packages/airflow/example_dags/example_python_operator.py for tasks to queue
[2024-03-13T02:27:29.254+0000] {logging_mixin.py:188} INFO - [2024-03-13T02:27:29.253+0000] {dagbag.py:540} INFO - Filling up the DagBag from /home/airflow/.local/lib/python3.8/site-packages/airflow/example_dags/example_python_operator.py
[2024-03-13T02:27:29.261+0000] {processor.py:840} INFO - DAG(s) 'example_python_operator' retrieved from /home/airflow/.local/lib/python3.8/site-packages/airflow/example_dags/example_python_operator.py
[2024-03-13T02:27:29.280+0000] {logging_mixin.py:188} INFO - [2024-03-13T02:27:29.280+0000] {dag.py:3047} INFO - Sync 1 DAGs
[2024-03-13T02:27:29.290+0000] {logging_mixin.py:188} INFO - [2024-03-13T02:27:29.290+0000] {dag.py:3834} INFO - Setting next_dagrun for example_python_operator to None, run_after=None
[2024-03-13T02:27:29.308+0000] {processor.py:183} INFO - Processing /home/airflow/.local/lib/python3.8/site-packages/airflow/example_dags/example_python_operator.py took 0.059 seconds
[2024-03-13T02:27:59.449+0000] {processor.py:161} INFO - Started process (PID=687) to work on /home/airflow/.local/lib/python3.8/site-packages/airflow/example_dags/example_python_operator.py
[2024-03-13T02:27:59.450+0000] {processor.py:830} INFO - Processing file /home/airflow/.local/lib/python3.8/site-packages/airflow/example_dags/example_python_operator.py for tasks to queue
[2024-03-13T02:27:59.451+0000] {logging_mixin.py:188} INFO - [2024-03-13T02:27:59.451+0000] {dagbag.py:540} INFO - Filling up the DagBag from /home/airflow/.local/lib/python3.8/site-packages/airflow/example_dags/example_python_operator.py
[2024-03-13T02:27:59.459+0000] {processor.py:840} INFO - DAG(s) 'example_python_operator' retrieved from /home/airflow/.local/lib/python3.8/site-packages/airflow/example_dags/example_python_operator.py
[2024-03-13T02:27:59.477+0000] {logging_mixin.py:188} INFO - [2024-03-13T02:27:59.477+0000] {dag.py:3047} INFO - Sync 1 DAGs
[2024-03-13T02:27:59.491+0000] {logging_mixin.py:188} INFO - [2024-03-13T02:27:59.491+0000] {dag.py:3834} INFO - Setting next_dagrun for example_python_operator to None, run_after=None
[2024-03-13T02:27:59.509+0000] {processor.py:183} INFO - Processing /home/airflow/.local/lib/python3.8/site-packages/airflow/example_dags/example_python_operator.py took 0.063 seconds
[2024-03-13T02:28:29.780+0000] {processor.py:161} INFO - Started process (PID=742) to work on /home/airflow/.local/lib/python3.8/site-packages/airflow/example_dags/example_python_operator.py
[2024-03-13T02:28:29.781+0000] {processor.py:830} INFO - Processing file /home/airflow/.local/lib/python3.8/site-packages/airflow/example_dags/example_python_operator.py for tasks to queue
[2024-03-13T02:28:29.783+0000] {logging_mixin.py:188} INFO - [2024-03-13T02:28:29.782+0000] {dagbag.py:540} INFO - Filling up the DagBag from /home/airflow/.local/lib/python3.8/site-packages/airflow/example_dags/example_python_operator.py
[2024-03-13T02:28:29.790+0000] {processor.py:840} INFO - DAG(s) 'example_python_operator' retrieved from /home/airflow/.local/lib/python3.8/site-packages/airflow/example_dags/example_python_operator.py
[2024-03-13T02:28:29.808+0000] {logging_mixin.py:188} INFO - [2024-03-13T02:28:29.807+0000] {dag.py:3047} INFO - Sync 1 DAGs
[2024-03-13T02:28:29.817+0000] {logging_mixin.py:188} INFO - [2024-03-13T02:28:29.817+0000] {dag.py:3834} INFO - Setting next_dagrun for example_python_operator to None, run_after=None
[2024-03-13T02:28:29.834+0000] {processor.py:183} INFO - Processing /home/airflow/.local/lib/python3.8/site-packages/airflow/example_dags/example_python_operator.py took 0.056 seconds
[2024-03-13T02:28:59.993+0000] {processor.py:161} INFO - Started process (PID=797) to work on /home/airflow/.local/lib/python3.8/site-packages/airflow/example_dags/example_python_operator.py
[2024-03-13T02:28:59.994+0000] {processor.py:830} INFO - Processing file /home/airflow/.local/lib/python3.8/site-packages/airflow/example_dags/example_python_operator.py for tasks to queue
[2024-03-13T02:28:59.995+0000] {logging_mixin.py:188} INFO - [2024-03-13T02:28:59.995+0000] {dagbag.py:540} INFO - Filling up the DagBag from /home/airflow/.local/lib/python3.8/site-packages/airflow/example_dags/example_python_operator.py
[2024-03-13T02:29:00.005+0000] {processor.py:840} INFO - DAG(s) 'example_python_operator' retrieved from /home/airflow/.local/lib/python3.8/site-packages/airflow/example_dags/example_python_operator.py
[2024-03-13T02:29:00.027+0000] {logging_mixin.py:188} INFO - [2024-03-13T02:29:00.027+0000] {dag.py:3047} INFO - Sync 1 DAGs
[2024-03-13T02:29:00.038+0000] {logging_mixin.py:188} INFO - [2024-03-13T02:29:00.038+0000] {dag.py:3834} INFO - Setting next_dagrun for example_python_operator to None, run_after=None
[2024-03-13T02:29:00.056+0000] {processor.py:183} INFO - Processing /home/airflow/.local/lib/python3.8/site-packages/airflow/example_dags/example_python_operator.py took 0.066 seconds
