[2024-03-13T02:22:21.943+0000] {processor.py:161} INFO - Started process (PID=41) to work on /home/airflow/.local/lib/python3.8/site-packages/airflow/example_dags/example_branch_operator.py
[2024-03-13T02:22:21.944+0000] {processor.py:830} INFO - Processing file /home/airflow/.local/lib/python3.8/site-packages/airflow/example_dags/example_branch_operator.py for tasks to queue
[2024-03-13T02:22:21.946+0000] {logging_mixin.py:188} INFO - [2024-03-13T02:22:21.946+0000] {dagbag.py:540} INFO - Filling up the DagBag from /home/airflow/.local/lib/python3.8/site-packages/airflow/example_dags/example_branch_operator.py
[2024-03-13T02:22:21.965+0000] {processor.py:840} INFO - DAG(s) 'example_branch_operator' retrieved from /home/airflow/.local/lib/python3.8/site-packages/airflow/example_dags/example_branch_operator.py
[2024-03-13T02:22:22.071+0000] {logging_mixin.py:188} INFO - [2024-03-13T02:22:22.070+0000] {override.py:1769} INFO - Created Permission View: can delete on DAG:example_branch_operator
[2024-03-13T02:22:22.082+0000] {logging_mixin.py:188} INFO - [2024-03-13T02:22:22.081+0000] {override.py:1769} INFO - Created Permission View: can read on DAG:example_branch_operator
[2024-03-13T02:22:22.090+0000] {logging_mixin.py:188} INFO - [2024-03-13T02:22:22.089+0000] {override.py:1769} INFO - Created Permission View: can edit on DAG:example_branch_operator
[2024-03-13T02:22:22.091+0000] {logging_mixin.py:188} INFO - [2024-03-13T02:22:22.090+0000] {dag.py:3047} INFO - Sync 1 DAGs
[2024-03-13T02:22:22.101+0000] {logging_mixin.py:188} INFO - [2024-03-13T02:22:22.101+0000] {dag.py:3069} INFO - Creating ORM DAG for example_branch_operator
[2024-03-13T02:22:22.115+0000] {logging_mixin.py:188} INFO - [2024-03-13T02:22:22.115+0000] {dag.py:3834} INFO - Setting next_dagrun for example_branch_operator to 2024-03-12 00:00:00+00:00, run_after=2024-03-13 00:00:00+00:00
[2024-03-13T02:22:22.138+0000] {processor.py:183} INFO - Processing /home/airflow/.local/lib/python3.8/site-packages/airflow/example_dags/example_branch_operator.py took 0.198 seconds
[2024-03-13T02:22:52.280+0000] {processor.py:161} INFO - Started process (PID=96) to work on /home/airflow/.local/lib/python3.8/site-packages/airflow/example_dags/example_branch_operator.py
[2024-03-13T02:22:52.281+0000] {processor.py:830} INFO - Processing file /home/airflow/.local/lib/python3.8/site-packages/airflow/example_dags/example_branch_operator.py for tasks to queue
[2024-03-13T02:22:52.282+0000] {logging_mixin.py:188} INFO - [2024-03-13T02:22:52.282+0000] {dagbag.py:540} INFO - Filling up the DagBag from /home/airflow/.local/lib/python3.8/site-packages/airflow/example_dags/example_branch_operator.py
[2024-03-13T02:22:52.296+0000] {processor.py:840} INFO - DAG(s) 'example_branch_operator' retrieved from /home/airflow/.local/lib/python3.8/site-packages/airflow/example_dags/example_branch_operator.py
[2024-03-13T02:22:52.320+0000] {logging_mixin.py:188} INFO - [2024-03-13T02:22:52.320+0000] {dag.py:3047} INFO - Sync 1 DAGs
[2024-03-13T02:22:52.339+0000] {logging_mixin.py:188} INFO - [2024-03-13T02:22:52.339+0000] {dag.py:3834} INFO - Setting next_dagrun for example_branch_operator to 2024-03-12 00:00:00+00:00, run_after=2024-03-13 00:00:00+00:00
[2024-03-13T02:22:52.355+0000] {processor.py:183} INFO - Processing /home/airflow/.local/lib/python3.8/site-packages/airflow/example_dags/example_branch_operator.py took 0.078 seconds
[2024-03-13T02:23:22.766+0000] {processor.py:161} INFO - Started process (PID=151) to work on /home/airflow/.local/lib/python3.8/site-packages/airflow/example_dags/example_branch_operator.py
[2024-03-13T02:23:22.767+0000] {processor.py:830} INFO - Processing file /home/airflow/.local/lib/python3.8/site-packages/airflow/example_dags/example_branch_operator.py for tasks to queue
[2024-03-13T02:23:22.768+0000] {logging_mixin.py:188} INFO - [2024-03-13T02:23:22.768+0000] {dagbag.py:540} INFO - Filling up the DagBag from /home/airflow/.local/lib/python3.8/site-packages/airflow/example_dags/example_branch_operator.py
[2024-03-13T02:23:22.782+0000] {processor.py:840} INFO - DAG(s) 'example_branch_operator' retrieved from /home/airflow/.local/lib/python3.8/site-packages/airflow/example_dags/example_branch_operator.py
[2024-03-13T02:23:22.804+0000] {logging_mixin.py:188} INFO - [2024-03-13T02:23:22.804+0000] {dag.py:3047} INFO - Sync 1 DAGs
[2024-03-13T02:23:22.825+0000] {logging_mixin.py:188} INFO - [2024-03-13T02:23:22.824+0000] {dag.py:3834} INFO - Setting next_dagrun for example_branch_operator to 2024-03-12 00:00:00+00:00, run_after=2024-03-13 00:00:00+00:00
[2024-03-13T02:23:22.840+0000] {processor.py:183} INFO - Processing /home/airflow/.local/lib/python3.8/site-packages/airflow/example_dags/example_branch_operator.py took 0.077 seconds
[2024-03-13T02:23:52.990+0000] {processor.py:161} INFO - Started process (PID=206) to work on /home/airflow/.local/lib/python3.8/site-packages/airflow/example_dags/example_branch_operator.py
[2024-03-13T02:23:52.990+0000] {processor.py:830} INFO - Processing file /home/airflow/.local/lib/python3.8/site-packages/airflow/example_dags/example_branch_operator.py for tasks to queue
[2024-03-13T02:23:52.993+0000] {logging_mixin.py:188} INFO - [2024-03-13T02:23:52.992+0000] {dagbag.py:540} INFO - Filling up the DagBag from /home/airflow/.local/lib/python3.8/site-packages/airflow/example_dags/example_branch_operator.py
[2024-03-13T02:23:53.008+0000] {processor.py:840} INFO - DAG(s) 'example_branch_operator' retrieved from /home/airflow/.local/lib/python3.8/site-packages/airflow/example_dags/example_branch_operator.py
[2024-03-13T02:23:53.036+0000] {logging_mixin.py:188} INFO - [2024-03-13T02:23:53.035+0000] {dag.py:3047} INFO - Sync 1 DAGs
[2024-03-13T02:23:53.057+0000] {logging_mixin.py:188} INFO - [2024-03-13T02:23:53.057+0000] {dag.py:3834} INFO - Setting next_dagrun for example_branch_operator to 2024-03-12 00:00:00+00:00, run_after=2024-03-13 00:00:00+00:00
[2024-03-13T02:23:53.076+0000] {processor.py:183} INFO - Processing /home/airflow/.local/lib/python3.8/site-packages/airflow/example_dags/example_branch_operator.py took 0.089 seconds
[2024-03-13T02:24:23.314+0000] {processor.py:161} INFO - Started process (PID=261) to work on /home/airflow/.local/lib/python3.8/site-packages/airflow/example_dags/example_branch_operator.py
[2024-03-13T02:24:23.314+0000] {processor.py:830} INFO - Processing file /home/airflow/.local/lib/python3.8/site-packages/airflow/example_dags/example_branch_operator.py for tasks to queue
[2024-03-13T02:24:23.316+0000] {logging_mixin.py:188} INFO - [2024-03-13T02:24:23.316+0000] {dagbag.py:540} INFO - Filling up the DagBag from /home/airflow/.local/lib/python3.8/site-packages/airflow/example_dags/example_branch_operator.py
[2024-03-13T02:24:23.330+0000] {processor.py:840} INFO - DAG(s) 'example_branch_operator' retrieved from /home/airflow/.local/lib/python3.8/site-packages/airflow/example_dags/example_branch_operator.py
[2024-03-13T02:24:23.353+0000] {logging_mixin.py:188} INFO - [2024-03-13T02:24:23.353+0000] {dag.py:3047} INFO - Sync 1 DAGs
[2024-03-13T02:24:23.375+0000] {logging_mixin.py:188} INFO - [2024-03-13T02:24:23.375+0000] {dag.py:3834} INFO - Setting next_dagrun for example_branch_operator to 2024-03-12 00:00:00+00:00, run_after=2024-03-13 00:00:00+00:00
[2024-03-13T02:24:23.394+0000] {processor.py:183} INFO - Processing /home/airflow/.local/lib/python3.8/site-packages/airflow/example_dags/example_branch_operator.py took 0.083 seconds
[2024-03-13T02:24:53.521+0000] {processor.py:161} INFO - Started process (PID=316) to work on /home/airflow/.local/lib/python3.8/site-packages/airflow/example_dags/example_branch_operator.py
[2024-03-13T02:24:53.522+0000] {processor.py:830} INFO - Processing file /home/airflow/.local/lib/python3.8/site-packages/airflow/example_dags/example_branch_operator.py for tasks to queue
[2024-03-13T02:24:53.524+0000] {logging_mixin.py:188} INFO - [2024-03-13T02:24:53.524+0000] {dagbag.py:540} INFO - Filling up the DagBag from /home/airflow/.local/lib/python3.8/site-packages/airflow/example_dags/example_branch_operator.py
[2024-03-13T02:24:53.539+0000] {processor.py:840} INFO - DAG(s) 'example_branch_operator' retrieved from /home/airflow/.local/lib/python3.8/site-packages/airflow/example_dags/example_branch_operator.py
[2024-03-13T02:24:53.566+0000] {logging_mixin.py:188} INFO - [2024-03-13T02:24:53.566+0000] {dag.py:3047} INFO - Sync 1 DAGs
[2024-03-13T02:24:53.588+0000] {logging_mixin.py:188} INFO - [2024-03-13T02:24:53.588+0000] {dag.py:3834} INFO - Setting next_dagrun for example_branch_operator to 2024-03-12 00:00:00+00:00, run_after=2024-03-13 00:00:00+00:00
[2024-03-13T02:24:53.609+0000] {processor.py:183} INFO - Processing /home/airflow/.local/lib/python3.8/site-packages/airflow/example_dags/example_branch_operator.py took 0.090 seconds
[2024-03-13T02:25:23.768+0000] {processor.py:161} INFO - Started process (PID=371) to work on /home/airflow/.local/lib/python3.8/site-packages/airflow/example_dags/example_branch_operator.py
[2024-03-13T02:25:23.769+0000] {processor.py:830} INFO - Processing file /home/airflow/.local/lib/python3.8/site-packages/airflow/example_dags/example_branch_operator.py for tasks to queue
[2024-03-13T02:25:23.770+0000] {logging_mixin.py:188} INFO - [2024-03-13T02:25:23.770+0000] {dagbag.py:540} INFO - Filling up the DagBag from /home/airflow/.local/lib/python3.8/site-packages/airflow/example_dags/example_branch_operator.py
[2024-03-13T02:25:23.783+0000] {processor.py:840} INFO - DAG(s) 'example_branch_operator' retrieved from /home/airflow/.local/lib/python3.8/site-packages/airflow/example_dags/example_branch_operator.py
[2024-03-13T02:25:23.810+0000] {logging_mixin.py:188} INFO - [2024-03-13T02:25:23.810+0000] {dag.py:3047} INFO - Sync 1 DAGs
[2024-03-13T02:25:23.837+0000] {logging_mixin.py:188} INFO - [2024-03-13T02:25:23.837+0000] {dag.py:3834} INFO - Setting next_dagrun for example_branch_operator to 2024-03-12 00:00:00+00:00, run_after=2024-03-13 00:00:00+00:00
[2024-03-13T02:25:23.860+0000] {processor.py:183} INFO - Processing /home/airflow/.local/lib/python3.8/site-packages/airflow/example_dags/example_branch_operator.py took 0.094 seconds
[2024-03-13T02:25:54.118+0000] {processor.py:161} INFO - Started process (PID=426) to work on /home/airflow/.local/lib/python3.8/site-packages/airflow/example_dags/example_branch_operator.py
[2024-03-13T02:25:54.119+0000] {processor.py:830} INFO - Processing file /home/airflow/.local/lib/python3.8/site-packages/airflow/example_dags/example_branch_operator.py for tasks to queue
[2024-03-13T02:25:54.120+0000] {logging_mixin.py:188} INFO - [2024-03-13T02:25:54.120+0000] {dagbag.py:540} INFO - Filling up the DagBag from /home/airflow/.local/lib/python3.8/site-packages/airflow/example_dags/example_branch_operator.py
[2024-03-13T02:25:54.135+0000] {processor.py:840} INFO - DAG(s) 'example_branch_operator' retrieved from /home/airflow/.local/lib/python3.8/site-packages/airflow/example_dags/example_branch_operator.py
[2024-03-13T02:25:54.160+0000] {logging_mixin.py:188} INFO - [2024-03-13T02:25:54.159+0000] {dag.py:3047} INFO - Sync 1 DAGs
[2024-03-13T02:25:54.182+0000] {logging_mixin.py:188} INFO - [2024-03-13T02:25:54.181+0000] {dag.py:3834} INFO - Setting next_dagrun for example_branch_operator to 2024-03-12 00:00:00+00:00, run_after=2024-03-13 00:00:00+00:00
[2024-03-13T02:25:54.200+0000] {processor.py:183} INFO - Processing /home/airflow/.local/lib/python3.8/site-packages/airflow/example_dags/example_branch_operator.py took 0.085 seconds
[2024-03-13T02:26:24.469+0000] {processor.py:161} INFO - Started process (PID=482) to work on /home/airflow/.local/lib/python3.8/site-packages/airflow/example_dags/example_branch_operator.py
[2024-03-13T02:26:24.471+0000] {processor.py:830} INFO - Processing file /home/airflow/.local/lib/python3.8/site-packages/airflow/example_dags/example_branch_operator.py for tasks to queue
[2024-03-13T02:26:24.473+0000] {logging_mixin.py:188} INFO - [2024-03-13T02:26:24.473+0000] {dagbag.py:540} INFO - Filling up the DagBag from /home/airflow/.local/lib/python3.8/site-packages/airflow/example_dags/example_branch_operator.py
[2024-03-13T02:26:24.493+0000] {processor.py:840} INFO - DAG(s) 'example_branch_operator' retrieved from /home/airflow/.local/lib/python3.8/site-packages/airflow/example_dags/example_branch_operator.py
[2024-03-13T02:26:24.523+0000] {logging_mixin.py:188} INFO - [2024-03-13T02:26:24.522+0000] {dag.py:3047} INFO - Sync 1 DAGs
[2024-03-13T02:26:24.543+0000] {logging_mixin.py:188} INFO - [2024-03-13T02:26:24.543+0000] {dag.py:3834} INFO - Setting next_dagrun for example_branch_operator to 2024-03-12 00:00:00+00:00, run_after=2024-03-13 00:00:00+00:00
[2024-03-13T02:26:24.563+0000] {processor.py:183} INFO - Processing /home/airflow/.local/lib/python3.8/site-packages/airflow/example_dags/example_branch_operator.py took 0.097 seconds
[2024-03-13T02:26:54.801+0000] {processor.py:161} INFO - Started process (PID=537) to work on /home/airflow/.local/lib/python3.8/site-packages/airflow/example_dags/example_branch_operator.py
[2024-03-13T02:26:54.802+0000] {processor.py:830} INFO - Processing file /home/airflow/.local/lib/python3.8/site-packages/airflow/example_dags/example_branch_operator.py for tasks to queue
[2024-03-13T02:26:54.803+0000] {logging_mixin.py:188} INFO - [2024-03-13T02:26:54.803+0000] {dagbag.py:540} INFO - Filling up the DagBag from /home/airflow/.local/lib/python3.8/site-packages/airflow/example_dags/example_branch_operator.py
[2024-03-13T02:26:54.816+0000] {processor.py:840} INFO - DAG(s) 'example_branch_operator' retrieved from /home/airflow/.local/lib/python3.8/site-packages/airflow/example_dags/example_branch_operator.py
[2024-03-13T02:26:54.838+0000] {logging_mixin.py:188} INFO - [2024-03-13T02:26:54.838+0000] {dag.py:3047} INFO - Sync 1 DAGs
[2024-03-13T02:26:54.857+0000] {logging_mixin.py:188} INFO - [2024-03-13T02:26:54.857+0000] {dag.py:3834} INFO - Setting next_dagrun for example_branch_operator to 2024-03-12 00:00:00+00:00, run_after=2024-03-13 00:00:00+00:00
[2024-03-13T02:26:54.876+0000] {processor.py:183} INFO - Processing /home/airflow/.local/lib/python3.8/site-packages/airflow/example_dags/example_branch_operator.py took 0.077 seconds
[2024-03-13T02:27:25.237+0000] {processor.py:161} INFO - Started process (PID=592) to work on /home/airflow/.local/lib/python3.8/site-packages/airflow/example_dags/example_branch_operator.py
[2024-03-13T02:27:25.238+0000] {processor.py:830} INFO - Processing file /home/airflow/.local/lib/python3.8/site-packages/airflow/example_dags/example_branch_operator.py for tasks to queue
[2024-03-13T02:27:25.240+0000] {logging_mixin.py:188} INFO - [2024-03-13T02:27:25.240+0000] {dagbag.py:540} INFO - Filling up the DagBag from /home/airflow/.local/lib/python3.8/site-packages/airflow/example_dags/example_branch_operator.py
[2024-03-13T02:27:25.254+0000] {processor.py:840} INFO - DAG(s) 'example_branch_operator' retrieved from /home/airflow/.local/lib/python3.8/site-packages/airflow/example_dags/example_branch_operator.py
[2024-03-13T02:27:25.278+0000] {logging_mixin.py:188} INFO - [2024-03-13T02:27:25.277+0000] {dag.py:3047} INFO - Sync 1 DAGs
[2024-03-13T02:27:25.302+0000] {logging_mixin.py:188} INFO - [2024-03-13T02:27:25.302+0000] {dag.py:3834} INFO - Setting next_dagrun for example_branch_operator to 2024-03-12 00:00:00+00:00, run_after=2024-03-13 00:00:00+00:00
[2024-03-13T02:27:25.322+0000] {processor.py:183} INFO - Processing /home/airflow/.local/lib/python3.8/site-packages/airflow/example_dags/example_branch_operator.py took 0.088 seconds
[2024-03-13T02:27:55.543+0000] {processor.py:161} INFO - Started process (PID=647) to work on /home/airflow/.local/lib/python3.8/site-packages/airflow/example_dags/example_branch_operator.py
[2024-03-13T02:27:55.544+0000] {processor.py:830} INFO - Processing file /home/airflow/.local/lib/python3.8/site-packages/airflow/example_dags/example_branch_operator.py for tasks to queue
[2024-03-13T02:27:55.545+0000] {logging_mixin.py:188} INFO - [2024-03-13T02:27:55.545+0000] {dagbag.py:540} INFO - Filling up the DagBag from /home/airflow/.local/lib/python3.8/site-packages/airflow/example_dags/example_branch_operator.py
[2024-03-13T02:27:55.558+0000] {processor.py:840} INFO - DAG(s) 'example_branch_operator' retrieved from /home/airflow/.local/lib/python3.8/site-packages/airflow/example_dags/example_branch_operator.py
[2024-03-13T02:27:55.582+0000] {logging_mixin.py:188} INFO - [2024-03-13T02:27:55.582+0000] {dag.py:3047} INFO - Sync 1 DAGs
[2024-03-13T02:27:55.602+0000] {logging_mixin.py:188} INFO - [2024-03-13T02:27:55.602+0000] {dag.py:3834} INFO - Setting next_dagrun for example_branch_operator to 2024-03-12 00:00:00+00:00, run_after=2024-03-13 00:00:00+00:00
[2024-03-13T02:27:55.619+0000] {processor.py:183} INFO - Processing /home/airflow/.local/lib/python3.8/site-packages/airflow/example_dags/example_branch_operator.py took 0.078 seconds
[2024-03-13T02:28:25.788+0000] {processor.py:161} INFO - Started process (PID=702) to work on /home/airflow/.local/lib/python3.8/site-packages/airflow/example_dags/example_branch_operator.py
[2024-03-13T02:28:25.789+0000] {processor.py:830} INFO - Processing file /home/airflow/.local/lib/python3.8/site-packages/airflow/example_dags/example_branch_operator.py for tasks to queue
[2024-03-13T02:28:25.790+0000] {logging_mixin.py:188} INFO - [2024-03-13T02:28:25.790+0000] {dagbag.py:540} INFO - Filling up the DagBag from /home/airflow/.local/lib/python3.8/site-packages/airflow/example_dags/example_branch_operator.py
[2024-03-13T02:28:25.804+0000] {processor.py:840} INFO - DAG(s) 'example_branch_operator' retrieved from /home/airflow/.local/lib/python3.8/site-packages/airflow/example_dags/example_branch_operator.py
[2024-03-13T02:28:25.827+0000] {logging_mixin.py:188} INFO - [2024-03-13T02:28:25.827+0000] {dag.py:3047} INFO - Sync 1 DAGs
[2024-03-13T02:28:25.846+0000] {logging_mixin.py:188} INFO - [2024-03-13T02:28:25.846+0000] {dag.py:3834} INFO - Setting next_dagrun for example_branch_operator to 2024-03-12 00:00:00+00:00, run_after=2024-03-13 00:00:00+00:00
[2024-03-13T02:28:25.863+0000] {processor.py:183} INFO - Processing /home/airflow/.local/lib/python3.8/site-packages/airflow/example_dags/example_branch_operator.py took 0.078 seconds
[2024-03-13T02:28:56.123+0000] {processor.py:161} INFO - Started process (PID=757) to work on /home/airflow/.local/lib/python3.8/site-packages/airflow/example_dags/example_branch_operator.py
[2024-03-13T02:28:56.124+0000] {processor.py:830} INFO - Processing file /home/airflow/.local/lib/python3.8/site-packages/airflow/example_dags/example_branch_operator.py for tasks to queue
[2024-03-13T02:28:56.125+0000] {logging_mixin.py:188} INFO - [2024-03-13T02:28:56.125+0000] {dagbag.py:540} INFO - Filling up the DagBag from /home/airflow/.local/lib/python3.8/site-packages/airflow/example_dags/example_branch_operator.py
[2024-03-13T02:28:56.139+0000] {processor.py:840} INFO - DAG(s) 'example_branch_operator' retrieved from /home/airflow/.local/lib/python3.8/site-packages/airflow/example_dags/example_branch_operator.py
[2024-03-13T02:28:56.162+0000] {logging_mixin.py:188} INFO - [2024-03-13T02:28:56.162+0000] {dag.py:3047} INFO - Sync 1 DAGs
[2024-03-13T02:28:56.182+0000] {logging_mixin.py:188} INFO - [2024-03-13T02:28:56.182+0000] {dag.py:3834} INFO - Setting next_dagrun for example_branch_operator to 2024-03-12 00:00:00+00:00, run_after=2024-03-13 00:00:00+00:00
[2024-03-13T02:28:56.197+0000] {processor.py:183} INFO - Processing /home/airflow/.local/lib/python3.8/site-packages/airflow/example_dags/example_branch_operator.py took 0.077 seconds
