[2024-03-13T02:22:22.168+0000] {processor.py:161} INFO - Started process (PID=43) to work on /home/airflow/.local/lib/python3.8/site-packages/airflow/example_dags/example_short_circuit_operator.py
[2024-03-13T02:22:22.172+0000] {processor.py:830} INFO - Processing file /home/airflow/.local/lib/python3.8/site-packages/airflow/example_dags/example_short_circuit_operator.py for tasks to queue
[2024-03-13T02:22:22.175+0000] {logging_mixin.py:188} INFO - [2024-03-13T02:22:22.174+0000] {dagbag.py:540} INFO - Filling up the DagBag from /home/airflow/.local/lib/python3.8/site-packages/airflow/example_dags/example_short_circuit_operator.py
[2024-03-13T02:22:22.186+0000] {processor.py:840} INFO - DAG(s) 'example_short_circuit_operator' retrieved from /home/airflow/.local/lib/python3.8/site-packages/airflow/example_dags/example_short_circuit_operator.py
[2024-03-13T02:22:22.304+0000] {logging_mixin.py:188} INFO - [2024-03-13T02:22:22.303+0000] {override.py:1769} INFO - Created Permission View: can delete on DAG:example_short_circuit_operator
[2024-03-13T02:22:22.315+0000] {logging_mixin.py:188} INFO - [2024-03-13T02:22:22.315+0000] {override.py:1769} INFO - Created Permission View: can read on DAG:example_short_circuit_operator
[2024-03-13T02:22:22.323+0000] {logging_mixin.py:188} INFO - [2024-03-13T02:22:22.323+0000] {override.py:1769} INFO - Created Permission View: can edit on DAG:example_short_circuit_operator
[2024-03-13T02:22:22.324+0000] {logging_mixin.py:188} INFO - [2024-03-13T02:22:22.323+0000] {dag.py:3047} INFO - Sync 1 DAGs
[2024-03-13T02:22:22.334+0000] {logging_mixin.py:188} INFO - [2024-03-13T02:22:22.334+0000] {dag.py:3069} INFO - Creating ORM DAG for example_short_circuit_operator
[2024-03-13T02:22:22.344+0000] {logging_mixin.py:188} INFO - [2024-03-13T02:22:22.343+0000] {dag.py:3834} INFO - Setting next_dagrun for example_short_circuit_operator to 2024-03-12 00:00:00+00:00, run_after=2024-03-13 00:00:00+00:00
[2024-03-13T02:22:22.362+0000] {processor.py:183} INFO - Processing /home/airflow/.local/lib/python3.8/site-packages/airflow/example_dags/example_short_circuit_operator.py took 0.198 seconds
[2024-03-13T02:22:52.475+0000] {processor.py:161} INFO - Started process (PID=98) to work on /home/airflow/.local/lib/python3.8/site-packages/airflow/example_dags/example_short_circuit_operator.py
[2024-03-13T02:22:52.477+0000] {processor.py:830} INFO - Processing file /home/airflow/.local/lib/python3.8/site-packages/airflow/example_dags/example_short_circuit_operator.py for tasks to queue
[2024-03-13T02:22:52.479+0000] {logging_mixin.py:188} INFO - [2024-03-13T02:22:52.478+0000] {dagbag.py:540} INFO - Filling up the DagBag from /home/airflow/.local/lib/python3.8/site-packages/airflow/example_dags/example_short_circuit_operator.py
[2024-03-13T02:22:52.485+0000] {processor.py:840} INFO - DAG(s) 'example_short_circuit_operator' retrieved from /home/airflow/.local/lib/python3.8/site-packages/airflow/example_dags/example_short_circuit_operator.py
[2024-03-13T02:22:52.506+0000] {logging_mixin.py:188} INFO - [2024-03-13T02:22:52.505+0000] {dag.py:3047} INFO - Sync 1 DAGs
[2024-03-13T02:22:52.526+0000] {logging_mixin.py:188} INFO - [2024-03-13T02:22:52.526+0000] {dag.py:3834} INFO - Setting next_dagrun for example_short_circuit_operator to 2024-03-12 00:00:00+00:00, run_after=2024-03-13 00:00:00+00:00
[2024-03-13T02:22:52.543+0000] {processor.py:183} INFO - Processing /home/airflow/.local/lib/python3.8/site-packages/airflow/example_dags/example_short_circuit_operator.py took 0.071 seconds
[2024-03-13T02:23:22.861+0000] {processor.py:161} INFO - Started process (PID=153) to work on /home/airflow/.local/lib/python3.8/site-packages/airflow/example_dags/example_short_circuit_operator.py
[2024-03-13T02:23:22.862+0000] {processor.py:830} INFO - Processing file /home/airflow/.local/lib/python3.8/site-packages/airflow/example_dags/example_short_circuit_operator.py for tasks to queue
[2024-03-13T02:23:22.863+0000] {logging_mixin.py:188} INFO - [2024-03-13T02:23:22.863+0000] {dagbag.py:540} INFO - Filling up the DagBag from /home/airflow/.local/lib/python3.8/site-packages/airflow/example_dags/example_short_circuit_operator.py
[2024-03-13T02:23:22.869+0000] {processor.py:840} INFO - DAG(s) 'example_short_circuit_operator' retrieved from /home/airflow/.local/lib/python3.8/site-packages/airflow/example_dags/example_short_circuit_operator.py
[2024-03-13T02:23:22.889+0000] {logging_mixin.py:188} INFO - [2024-03-13T02:23:22.888+0000] {dag.py:3047} INFO - Sync 1 DAGs
[2024-03-13T02:23:22.908+0000] {logging_mixin.py:188} INFO - [2024-03-13T02:23:22.908+0000] {dag.py:3834} INFO - Setting next_dagrun for example_short_circuit_operator to 2024-03-12 00:00:00+00:00, run_after=2024-03-13 00:00:00+00:00
[2024-03-13T02:23:22.924+0000] {processor.py:183} INFO - Processing /home/airflow/.local/lib/python3.8/site-packages/airflow/example_dags/example_short_circuit_operator.py took 0.066 seconds
[2024-03-13T02:23:53.098+0000] {processor.py:161} INFO - Started process (PID=208) to work on /home/airflow/.local/lib/python3.8/site-packages/airflow/example_dags/example_short_circuit_operator.py
[2024-03-13T02:23:53.099+0000] {processor.py:830} INFO - Processing file /home/airflow/.local/lib/python3.8/site-packages/airflow/example_dags/example_short_circuit_operator.py for tasks to queue
[2024-03-13T02:23:53.101+0000] {logging_mixin.py:188} INFO - [2024-03-13T02:23:53.101+0000] {dagbag.py:540} INFO - Filling up the DagBag from /home/airflow/.local/lib/python3.8/site-packages/airflow/example_dags/example_short_circuit_operator.py
[2024-03-13T02:23:53.108+0000] {processor.py:840} INFO - DAG(s) 'example_short_circuit_operator' retrieved from /home/airflow/.local/lib/python3.8/site-packages/airflow/example_dags/example_short_circuit_operator.py
[2024-03-13T02:23:53.132+0000] {logging_mixin.py:188} INFO - [2024-03-13T02:23:53.132+0000] {dag.py:3047} INFO - Sync 1 DAGs
[2024-03-13T02:23:53.154+0000] {logging_mixin.py:188} INFO - [2024-03-13T02:23:53.154+0000] {dag.py:3834} INFO - Setting next_dagrun for example_short_circuit_operator to 2024-03-12 00:00:00+00:00, run_after=2024-03-13 00:00:00+00:00
[2024-03-13T02:23:53.171+0000] {processor.py:183} INFO - Processing /home/airflow/.local/lib/python3.8/site-packages/airflow/example_dags/example_short_circuit_operator.py took 0.075 seconds
[2024-03-13T02:24:23.417+0000] {processor.py:161} INFO - Started process (PID=263) to work on /home/airflow/.local/lib/python3.8/site-packages/airflow/example_dags/example_short_circuit_operator.py
[2024-03-13T02:24:23.418+0000] {processor.py:830} INFO - Processing file /home/airflow/.local/lib/python3.8/site-packages/airflow/example_dags/example_short_circuit_operator.py for tasks to queue
[2024-03-13T02:24:23.420+0000] {logging_mixin.py:188} INFO - [2024-03-13T02:24:23.420+0000] {dagbag.py:540} INFO - Filling up the DagBag from /home/airflow/.local/lib/python3.8/site-packages/airflow/example_dags/example_short_circuit_operator.py
[2024-03-13T02:24:23.426+0000] {processor.py:840} INFO - DAG(s) 'example_short_circuit_operator' retrieved from /home/airflow/.local/lib/python3.8/site-packages/airflow/example_dags/example_short_circuit_operator.py
[2024-03-13T02:24:23.446+0000] {logging_mixin.py:188} INFO - [2024-03-13T02:24:23.446+0000] {dag.py:3047} INFO - Sync 1 DAGs
[2024-03-13T02:24:23.470+0000] {logging_mixin.py:188} INFO - [2024-03-13T02:24:23.470+0000] {dag.py:3834} INFO - Setting next_dagrun for example_short_circuit_operator to 2024-03-12 00:00:00+00:00, run_after=2024-03-13 00:00:00+00:00
[2024-03-13T02:24:23.489+0000] {processor.py:183} INFO - Processing /home/airflow/.local/lib/python3.8/site-packages/airflow/example_dags/example_short_circuit_operator.py took 0.074 seconds
[2024-03-13T02:24:53.635+0000] {processor.py:161} INFO - Started process (PID=318) to work on /home/airflow/.local/lib/python3.8/site-packages/airflow/example_dags/example_short_circuit_operator.py
[2024-03-13T02:24:53.636+0000] {processor.py:830} INFO - Processing file /home/airflow/.local/lib/python3.8/site-packages/airflow/example_dags/example_short_circuit_operator.py for tasks to queue
[2024-03-13T02:24:53.638+0000] {logging_mixin.py:188} INFO - [2024-03-13T02:24:53.638+0000] {dagbag.py:540} INFO - Filling up the DagBag from /home/airflow/.local/lib/python3.8/site-packages/airflow/example_dags/example_short_circuit_operator.py
[2024-03-13T02:24:53.646+0000] {processor.py:840} INFO - DAG(s) 'example_short_circuit_operator' retrieved from /home/airflow/.local/lib/python3.8/site-packages/airflow/example_dags/example_short_circuit_operator.py
[2024-03-13T02:24:53.670+0000] {logging_mixin.py:188} INFO - [2024-03-13T02:24:53.670+0000] {dag.py:3047} INFO - Sync 1 DAGs
[2024-03-13T02:24:53.691+0000] {logging_mixin.py:188} INFO - [2024-03-13T02:24:53.691+0000] {dag.py:3834} INFO - Setting next_dagrun for example_short_circuit_operator to 2024-03-12 00:00:00+00:00, run_after=2024-03-13 00:00:00+00:00
[2024-03-13T02:24:53.712+0000] {processor.py:183} INFO - Processing /home/airflow/.local/lib/python3.8/site-packages/airflow/example_dags/example_short_circuit_operator.py took 0.080 seconds
[2024-03-13T02:25:23.893+0000] {processor.py:161} INFO - Started process (PID=373) to work on /home/airflow/.local/lib/python3.8/site-packages/airflow/example_dags/example_short_circuit_operator.py
[2024-03-13T02:25:23.894+0000] {processor.py:830} INFO - Processing file /home/airflow/.local/lib/python3.8/site-packages/airflow/example_dags/example_short_circuit_operator.py for tasks to queue
[2024-03-13T02:25:23.896+0000] {logging_mixin.py:188} INFO - [2024-03-13T02:25:23.896+0000] {dagbag.py:540} INFO - Filling up the DagBag from /home/airflow/.local/lib/python3.8/site-packages/airflow/example_dags/example_short_circuit_operator.py
[2024-03-13T02:25:23.905+0000] {processor.py:840} INFO - DAG(s) 'example_short_circuit_operator' retrieved from /home/airflow/.local/lib/python3.8/site-packages/airflow/example_dags/example_short_circuit_operator.py
[2024-03-13T02:25:23.930+0000] {logging_mixin.py:188} INFO - [2024-03-13T02:25:23.930+0000] {dag.py:3047} INFO - Sync 1 DAGs
[2024-03-13T02:25:23.959+0000] {logging_mixin.py:188} INFO - [2024-03-13T02:25:23.958+0000] {dag.py:3834} INFO - Setting next_dagrun for example_short_circuit_operator to 2024-03-12 00:00:00+00:00, run_after=2024-03-13 00:00:00+00:00
[2024-03-13T02:25:23.981+0000] {processor.py:183} INFO - Processing /home/airflow/.local/lib/python3.8/site-packages/airflow/example_dags/example_short_circuit_operator.py took 0.091 seconds
[2024-03-13T02:25:54.224+0000] {processor.py:161} INFO - Started process (PID=428) to work on /home/airflow/.local/lib/python3.8/site-packages/airflow/example_dags/example_short_circuit_operator.py
[2024-03-13T02:25:54.225+0000] {processor.py:830} INFO - Processing file /home/airflow/.local/lib/python3.8/site-packages/airflow/example_dags/example_short_circuit_operator.py for tasks to queue
[2024-03-13T02:25:54.227+0000] {logging_mixin.py:188} INFO - [2024-03-13T02:25:54.226+0000] {dagbag.py:540} INFO - Filling up the DagBag from /home/airflow/.local/lib/python3.8/site-packages/airflow/example_dags/example_short_circuit_operator.py
[2024-03-13T02:25:54.233+0000] {processor.py:840} INFO - DAG(s) 'example_short_circuit_operator' retrieved from /home/airflow/.local/lib/python3.8/site-packages/airflow/example_dags/example_short_circuit_operator.py
[2024-03-13T02:25:54.254+0000] {logging_mixin.py:188} INFO - [2024-03-13T02:25:54.253+0000] {dag.py:3047} INFO - Sync 1 DAGs
[2024-03-13T02:25:54.275+0000] {logging_mixin.py:188} INFO - [2024-03-13T02:25:54.275+0000] {dag.py:3834} INFO - Setting next_dagrun for example_short_circuit_operator to 2024-03-12 00:00:00+00:00, run_after=2024-03-13 00:00:00+00:00
[2024-03-13T02:25:54.292+0000] {processor.py:183} INFO - Processing /home/airflow/.local/lib/python3.8/site-packages/airflow/example_dags/example_short_circuit_operator.py took 0.071 seconds
[2024-03-13T02:26:24.587+0000] {processor.py:161} INFO - Started process (PID=484) to work on /home/airflow/.local/lib/python3.8/site-packages/airflow/example_dags/example_short_circuit_operator.py
[2024-03-13T02:26:24.588+0000] {processor.py:830} INFO - Processing file /home/airflow/.local/lib/python3.8/site-packages/airflow/example_dags/example_short_circuit_operator.py for tasks to queue
[2024-03-13T02:26:24.590+0000] {logging_mixin.py:188} INFO - [2024-03-13T02:26:24.590+0000] {dagbag.py:540} INFO - Filling up the DagBag from /home/airflow/.local/lib/python3.8/site-packages/airflow/example_dags/example_short_circuit_operator.py
[2024-03-13T02:26:24.596+0000] {processor.py:840} INFO - DAG(s) 'example_short_circuit_operator' retrieved from /home/airflow/.local/lib/python3.8/site-packages/airflow/example_dags/example_short_circuit_operator.py
[2024-03-13T02:26:24.616+0000] {logging_mixin.py:188} INFO - [2024-03-13T02:26:24.615+0000] {dag.py:3047} INFO - Sync 1 DAGs
[2024-03-13T02:26:24.634+0000] {logging_mixin.py:188} INFO - [2024-03-13T02:26:24.634+0000] {dag.py:3834} INFO - Setting next_dagrun for example_short_circuit_operator to 2024-03-12 00:00:00+00:00, run_after=2024-03-13 00:00:00+00:00
[2024-03-13T02:26:24.652+0000] {processor.py:183} INFO - Processing /home/airflow/.local/lib/python3.8/site-packages/airflow/example_dags/example_short_circuit_operator.py took 0.068 seconds
[2024-03-13T02:26:54.897+0000] {processor.py:161} INFO - Started process (PID=539) to work on /home/airflow/.local/lib/python3.8/site-packages/airflow/example_dags/example_short_circuit_operator.py
[2024-03-13T02:26:54.898+0000] {processor.py:830} INFO - Processing file /home/airflow/.local/lib/python3.8/site-packages/airflow/example_dags/example_short_circuit_operator.py for tasks to queue
[2024-03-13T02:26:54.900+0000] {logging_mixin.py:188} INFO - [2024-03-13T02:26:54.899+0000] {dagbag.py:540} INFO - Filling up the DagBag from /home/airflow/.local/lib/python3.8/site-packages/airflow/example_dags/example_short_circuit_operator.py
[2024-03-13T02:26:54.905+0000] {processor.py:840} INFO - DAG(s) 'example_short_circuit_operator' retrieved from /home/airflow/.local/lib/python3.8/site-packages/airflow/example_dags/example_short_circuit_operator.py
[2024-03-13T02:26:54.924+0000] {logging_mixin.py:188} INFO - [2024-03-13T02:26:54.924+0000] {dag.py:3047} INFO - Sync 1 DAGs
[2024-03-13T02:26:54.942+0000] {logging_mixin.py:188} INFO - [2024-03-13T02:26:54.942+0000] {dag.py:3834} INFO - Setting next_dagrun for example_short_circuit_operator to 2024-03-12 00:00:00+00:00, run_after=2024-03-13 00:00:00+00:00
[2024-03-13T02:26:54.958+0000] {processor.py:183} INFO - Processing /home/airflow/.local/lib/python3.8/site-packages/airflow/example_dags/example_short_circuit_operator.py took 0.064 seconds
[2024-03-13T02:27:25.346+0000] {processor.py:161} INFO - Started process (PID=594) to work on /home/airflow/.local/lib/python3.8/site-packages/airflow/example_dags/example_short_circuit_operator.py
[2024-03-13T02:27:25.346+0000] {processor.py:830} INFO - Processing file /home/airflow/.local/lib/python3.8/site-packages/airflow/example_dags/example_short_circuit_operator.py for tasks to queue
[2024-03-13T02:27:25.348+0000] {logging_mixin.py:188} INFO - [2024-03-13T02:27:25.348+0000] {dagbag.py:540} INFO - Filling up the DagBag from /home/airflow/.local/lib/python3.8/site-packages/airflow/example_dags/example_short_circuit_operator.py
[2024-03-13T02:27:25.354+0000] {processor.py:840} INFO - DAG(s) 'example_short_circuit_operator' retrieved from /home/airflow/.local/lib/python3.8/site-packages/airflow/example_dags/example_short_circuit_operator.py
[2024-03-13T02:27:25.375+0000] {logging_mixin.py:188} INFO - [2024-03-13T02:27:25.374+0000] {dag.py:3047} INFO - Sync 1 DAGs
[2024-03-13T02:27:25.394+0000] {logging_mixin.py:188} INFO - [2024-03-13T02:27:25.394+0000] {dag.py:3834} INFO - Setting next_dagrun for example_short_circuit_operator to 2024-03-12 00:00:00+00:00, run_after=2024-03-13 00:00:00+00:00
[2024-03-13T02:27:25.411+0000] {processor.py:183} INFO - Processing /home/airflow/.local/lib/python3.8/site-packages/airflow/example_dags/example_short_circuit_operator.py took 0.068 seconds
[2024-03-13T02:27:55.639+0000] {processor.py:161} INFO - Started process (PID=649) to work on /home/airflow/.local/lib/python3.8/site-packages/airflow/example_dags/example_short_circuit_operator.py
[2024-03-13T02:27:55.640+0000] {processor.py:830} INFO - Processing file /home/airflow/.local/lib/python3.8/site-packages/airflow/example_dags/example_short_circuit_operator.py for tasks to queue
[2024-03-13T02:27:55.642+0000] {logging_mixin.py:188} INFO - [2024-03-13T02:27:55.641+0000] {dagbag.py:540} INFO - Filling up the DagBag from /home/airflow/.local/lib/python3.8/site-packages/airflow/example_dags/example_short_circuit_operator.py
[2024-03-13T02:27:55.647+0000] {processor.py:840} INFO - DAG(s) 'example_short_circuit_operator' retrieved from /home/airflow/.local/lib/python3.8/site-packages/airflow/example_dags/example_short_circuit_operator.py
[2024-03-13T02:27:55.668+0000] {logging_mixin.py:188} INFO - [2024-03-13T02:27:55.668+0000] {dag.py:3047} INFO - Sync 1 DAGs
[2024-03-13T02:27:55.687+0000] {logging_mixin.py:188} INFO - [2024-03-13T02:27:55.687+0000] {dag.py:3834} INFO - Setting next_dagrun for example_short_circuit_operator to 2024-03-12 00:00:00+00:00, run_after=2024-03-13 00:00:00+00:00
[2024-03-13T02:27:55.704+0000] {processor.py:183} INFO - Processing /home/airflow/.local/lib/python3.8/site-packages/airflow/example_dags/example_short_circuit_operator.py took 0.067 seconds
[2024-03-13T02:28:25.887+0000] {processor.py:161} INFO - Started process (PID=704) to work on /home/airflow/.local/lib/python3.8/site-packages/airflow/example_dags/example_short_circuit_operator.py
[2024-03-13T02:28:25.888+0000] {processor.py:830} INFO - Processing file /home/airflow/.local/lib/python3.8/site-packages/airflow/example_dags/example_short_circuit_operator.py for tasks to queue
[2024-03-13T02:28:25.890+0000] {logging_mixin.py:188} INFO - [2024-03-13T02:28:25.890+0000] {dagbag.py:540} INFO - Filling up the DagBag from /home/airflow/.local/lib/python3.8/site-packages/airflow/example_dags/example_short_circuit_operator.py
[2024-03-13T02:28:25.896+0000] {processor.py:840} INFO - DAG(s) 'example_short_circuit_operator' retrieved from /home/airflow/.local/lib/python3.8/site-packages/airflow/example_dags/example_short_circuit_operator.py
[2024-03-13T02:28:25.917+0000] {logging_mixin.py:188} INFO - [2024-03-13T02:28:25.917+0000] {dag.py:3047} INFO - Sync 1 DAGs
[2024-03-13T02:28:25.936+0000] {logging_mixin.py:188} INFO - [2024-03-13T02:28:25.936+0000] {dag.py:3834} INFO - Setting next_dagrun for example_short_circuit_operator to 2024-03-12 00:00:00+00:00, run_after=2024-03-13 00:00:00+00:00
[2024-03-13T02:28:25.957+0000] {processor.py:183} INFO - Processing /home/airflow/.local/lib/python3.8/site-packages/airflow/example_dags/example_short_circuit_operator.py took 0.072 seconds
[2024-03-13T02:28:56.221+0000] {processor.py:161} INFO - Started process (PID=759) to work on /home/airflow/.local/lib/python3.8/site-packages/airflow/example_dags/example_short_circuit_operator.py
[2024-03-13T02:28:56.222+0000] {processor.py:830} INFO - Processing file /home/airflow/.local/lib/python3.8/site-packages/airflow/example_dags/example_short_circuit_operator.py for tasks to queue
[2024-03-13T02:28:56.223+0000] {logging_mixin.py:188} INFO - [2024-03-13T02:28:56.223+0000] {dagbag.py:540} INFO - Filling up the DagBag from /home/airflow/.local/lib/python3.8/site-packages/airflow/example_dags/example_short_circuit_operator.py
[2024-03-13T02:28:56.228+0000] {processor.py:840} INFO - DAG(s) 'example_short_circuit_operator' retrieved from /home/airflow/.local/lib/python3.8/site-packages/airflow/example_dags/example_short_circuit_operator.py
[2024-03-13T02:28:56.249+0000] {logging_mixin.py:188} INFO - [2024-03-13T02:28:56.248+0000] {dag.py:3047} INFO - Sync 1 DAGs
[2024-03-13T02:28:56.269+0000] {logging_mixin.py:188} INFO - [2024-03-13T02:28:56.269+0000] {dag.py:3834} INFO - Setting next_dagrun for example_short_circuit_operator to 2024-03-12 00:00:00+00:00, run_after=2024-03-13 00:00:00+00:00
[2024-03-13T02:28:56.285+0000] {processor.py:183} INFO - Processing /home/airflow/.local/lib/python3.8/site-packages/airflow/example_dags/example_short_circuit_operator.py took 0.068 seconds
