[2024-03-13T02:22:23.777+0000] {processor.py:161} INFO - Started process (PID=56) to work on /home/airflow/.local/lib/python3.8/site-packages/airflow/example_dags/example_xcom.py
[2024-03-13T02:22:23.778+0000] {processor.py:830} INFO - Processing file /home/airflow/.local/lib/python3.8/site-packages/airflow/example_dags/example_xcom.py for tasks to queue
[2024-03-13T02:22:23.780+0000] {logging_mixin.py:188} INFO - [2024-03-13T02:22:23.780+0000] {dagbag.py:540} INFO - Filling up the DagBag from /home/airflow/.local/lib/python3.8/site-packages/airflow/example_dags/example_xcom.py
[2024-03-13T02:22:23.789+0000] {processor.py:840} INFO - DAG(s) 'example_xcom' retrieved from /home/airflow/.local/lib/python3.8/site-packages/airflow/example_dags/example_xcom.py
[2024-03-13T02:22:23.881+0000] {logging_mixin.py:188} INFO - [2024-03-13T02:22:23.880+0000] {override.py:1769} INFO - Created Permission View: can delete on DAG:example_xcom
[2024-03-13T02:22:23.892+0000] {logging_mixin.py:188} INFO - [2024-03-13T02:22:23.892+0000] {override.py:1769} INFO - Created Permission View: can read on DAG:example_xcom
[2024-03-13T02:22:23.900+0000] {logging_mixin.py:188} INFO - [2024-03-13T02:22:23.900+0000] {override.py:1769} INFO - Created Permission View: can edit on DAG:example_xcom
[2024-03-13T02:22:23.901+0000] {logging_mixin.py:188} INFO - [2024-03-13T02:22:23.901+0000] {dag.py:3047} INFO - Sync 1 DAGs
[2024-03-13T02:22:23.911+0000] {logging_mixin.py:188} INFO - [2024-03-13T02:22:23.911+0000] {dag.py:3069} INFO - Creating ORM DAG for example_xcom
[2024-03-13T02:22:23.920+0000] {logging_mixin.py:188} INFO - [2024-03-13T02:22:23.920+0000] {dag.py:3834} INFO - Setting next_dagrun for example_xcom to 2021-01-01 00:00:00+00:00, run_after=2021-01-01 00:00:00+00:00
[2024-03-13T02:22:23.938+0000] {processor.py:183} INFO - Processing /home/airflow/.local/lib/python3.8/site-packages/airflow/example_dags/example_xcom.py took 0.164 seconds
[2024-03-13T02:22:54.085+0000] {processor.py:161} INFO - Started process (PID=111) to work on /home/airflow/.local/lib/python3.8/site-packages/airflow/example_dags/example_xcom.py
[2024-03-13T02:22:54.086+0000] {processor.py:830} INFO - Processing file /home/airflow/.local/lib/python3.8/site-packages/airflow/example_dags/example_xcom.py for tasks to queue
[2024-03-13T02:22:54.087+0000] {logging_mixin.py:188} INFO - [2024-03-13T02:22:54.087+0000] {dagbag.py:540} INFO - Filling up the DagBag from /home/airflow/.local/lib/python3.8/site-packages/airflow/example_dags/example_xcom.py
[2024-03-13T02:22:54.093+0000] {processor.py:840} INFO - DAG(s) 'example_xcom' retrieved from /home/airflow/.local/lib/python3.8/site-packages/airflow/example_dags/example_xcom.py
[2024-03-13T02:22:54.110+0000] {logging_mixin.py:188} INFO - [2024-03-13T02:22:54.110+0000] {dag.py:3047} INFO - Sync 1 DAGs
[2024-03-13T02:22:54.127+0000] {logging_mixin.py:188} INFO - [2024-03-13T02:22:54.127+0000] {dag.py:3834} INFO - Setting next_dagrun for example_xcom to 2021-01-01 00:00:00+00:00, run_after=2021-01-01 00:00:00+00:00
[2024-03-13T02:22:54.143+0000] {processor.py:183} INFO - Processing /home/airflow/.local/lib/python3.8/site-packages/airflow/example_dags/example_xcom.py took 0.060 seconds
[2024-03-13T02:23:24.478+0000] {processor.py:161} INFO - Started process (PID=166) to work on /home/airflow/.local/lib/python3.8/site-packages/airflow/example_dags/example_xcom.py
[2024-03-13T02:23:24.479+0000] {processor.py:830} INFO - Processing file /home/airflow/.local/lib/python3.8/site-packages/airflow/example_dags/example_xcom.py for tasks to queue
[2024-03-13T02:23:24.481+0000] {logging_mixin.py:188} INFO - [2024-03-13T02:23:24.481+0000] {dagbag.py:540} INFO - Filling up the DagBag from /home/airflow/.local/lib/python3.8/site-packages/airflow/example_dags/example_xcom.py
[2024-03-13T02:23:24.489+0000] {processor.py:840} INFO - DAG(s) 'example_xcom' retrieved from /home/airflow/.local/lib/python3.8/site-packages/airflow/example_dags/example_xcom.py
[2024-03-13T02:23:24.507+0000] {logging_mixin.py:188} INFO - [2024-03-13T02:23:24.506+0000] {dag.py:3047} INFO - Sync 1 DAGs
[2024-03-13T02:23:24.526+0000] {logging_mixin.py:188} INFO - [2024-03-13T02:23:24.525+0000] {dag.py:3834} INFO - Setting next_dagrun for example_xcom to 2021-01-01 00:00:00+00:00, run_after=2021-01-01 00:00:00+00:00
[2024-03-13T02:23:24.541+0000] {processor.py:183} INFO - Processing /home/airflow/.local/lib/python3.8/site-packages/airflow/example_dags/example_xcom.py took 0.066 seconds
[2024-03-13T02:23:54.771+0000] {processor.py:161} INFO - Started process (PID=221) to work on /home/airflow/.local/lib/python3.8/site-packages/airflow/example_dags/example_xcom.py
[2024-03-13T02:23:54.772+0000] {processor.py:830} INFO - Processing file /home/airflow/.local/lib/python3.8/site-packages/airflow/example_dags/example_xcom.py for tasks to queue
[2024-03-13T02:23:54.774+0000] {logging_mixin.py:188} INFO - [2024-03-13T02:23:54.773+0000] {dagbag.py:540} INFO - Filling up the DagBag from /home/airflow/.local/lib/python3.8/site-packages/airflow/example_dags/example_xcom.py
[2024-03-13T02:23:54.780+0000] {processor.py:840} INFO - DAG(s) 'example_xcom' retrieved from /home/airflow/.local/lib/python3.8/site-packages/airflow/example_dags/example_xcom.py
[2024-03-13T02:23:54.796+0000] {logging_mixin.py:188} INFO - [2024-03-13T02:23:54.796+0000] {dag.py:3047} INFO - Sync 1 DAGs
[2024-03-13T02:23:54.816+0000] {logging_mixin.py:188} INFO - [2024-03-13T02:23:54.816+0000] {dag.py:3834} INFO - Setting next_dagrun for example_xcom to 2021-01-01 00:00:00+00:00, run_after=2021-01-01 00:00:00+00:00
[2024-03-13T02:23:54.834+0000] {processor.py:183} INFO - Processing /home/airflow/.local/lib/python3.8/site-packages/airflow/example_dags/example_xcom.py took 0.065 seconds
[2024-03-13T02:24:25.068+0000] {processor.py:161} INFO - Started process (PID=276) to work on /home/airflow/.local/lib/python3.8/site-packages/airflow/example_dags/example_xcom.py
[2024-03-13T02:24:25.069+0000] {processor.py:830} INFO - Processing file /home/airflow/.local/lib/python3.8/site-packages/airflow/example_dags/example_xcom.py for tasks to queue
[2024-03-13T02:24:25.071+0000] {logging_mixin.py:188} INFO - [2024-03-13T02:24:25.071+0000] {dagbag.py:540} INFO - Filling up the DagBag from /home/airflow/.local/lib/python3.8/site-packages/airflow/example_dags/example_xcom.py
[2024-03-13T02:24:25.077+0000] {processor.py:840} INFO - DAG(s) 'example_xcom' retrieved from /home/airflow/.local/lib/python3.8/site-packages/airflow/example_dags/example_xcom.py
[2024-03-13T02:24:25.094+0000] {logging_mixin.py:188} INFO - [2024-03-13T02:24:25.094+0000] {dag.py:3047} INFO - Sync 1 DAGs
[2024-03-13T02:24:25.111+0000] {logging_mixin.py:188} INFO - [2024-03-13T02:24:25.111+0000] {dag.py:3834} INFO - Setting next_dagrun for example_xcom to 2021-01-01 00:00:00+00:00, run_after=2021-01-01 00:00:00+00:00
[2024-03-13T02:24:25.127+0000] {processor.py:183} INFO - Processing /home/airflow/.local/lib/python3.8/site-packages/airflow/example_dags/example_xcom.py took 0.061 seconds
[2024-03-13T02:24:55.283+0000] {processor.py:161} INFO - Started process (PID=331) to work on /home/airflow/.local/lib/python3.8/site-packages/airflow/example_dags/example_xcom.py
[2024-03-13T02:24:55.284+0000] {processor.py:830} INFO - Processing file /home/airflow/.local/lib/python3.8/site-packages/airflow/example_dags/example_xcom.py for tasks to queue
[2024-03-13T02:24:55.286+0000] {logging_mixin.py:188} INFO - [2024-03-13T02:24:55.285+0000] {dagbag.py:540} INFO - Filling up the DagBag from /home/airflow/.local/lib/python3.8/site-packages/airflow/example_dags/example_xcom.py
[2024-03-13T02:24:55.291+0000] {processor.py:840} INFO - DAG(s) 'example_xcom' retrieved from /home/airflow/.local/lib/python3.8/site-packages/airflow/example_dags/example_xcom.py
[2024-03-13T02:24:55.309+0000] {logging_mixin.py:188} INFO - [2024-03-13T02:24:55.308+0000] {dag.py:3047} INFO - Sync 1 DAGs
[2024-03-13T02:24:55.327+0000] {logging_mixin.py:188} INFO - [2024-03-13T02:24:55.327+0000] {dag.py:3834} INFO - Setting next_dagrun for example_xcom to 2021-01-01 00:00:00+00:00, run_after=2021-01-01 00:00:00+00:00
[2024-03-13T02:24:55.346+0000] {processor.py:183} INFO - Processing /home/airflow/.local/lib/python3.8/site-packages/airflow/example_dags/example_xcom.py took 0.066 seconds
[2024-03-13T02:25:25.526+0000] {processor.py:161} INFO - Started process (PID=386) to work on /home/airflow/.local/lib/python3.8/site-packages/airflow/example_dags/example_xcom.py
[2024-03-13T02:25:25.527+0000] {processor.py:830} INFO - Processing file /home/airflow/.local/lib/python3.8/site-packages/airflow/example_dags/example_xcom.py for tasks to queue
[2024-03-13T02:25:25.529+0000] {logging_mixin.py:188} INFO - [2024-03-13T02:25:25.529+0000] {dagbag.py:540} INFO - Filling up the DagBag from /home/airflow/.local/lib/python3.8/site-packages/airflow/example_dags/example_xcom.py
[2024-03-13T02:25:25.534+0000] {processor.py:840} INFO - DAG(s) 'example_xcom' retrieved from /home/airflow/.local/lib/python3.8/site-packages/airflow/example_dags/example_xcom.py
[2024-03-13T02:25:25.550+0000] {logging_mixin.py:188} INFO - [2024-03-13T02:25:25.550+0000] {dag.py:3047} INFO - Sync 1 DAGs
[2024-03-13T02:25:25.568+0000] {logging_mixin.py:188} INFO - [2024-03-13T02:25:25.568+0000] {dag.py:3834} INFO - Setting next_dagrun for example_xcom to 2021-01-01 00:00:00+00:00, run_after=2021-01-01 00:00:00+00:00
[2024-03-13T02:25:25.585+0000] {processor.py:183} INFO - Processing /home/airflow/.local/lib/python3.8/site-packages/airflow/example_dags/example_xcom.py took 0.061 seconds
[2024-03-13T02:25:55.986+0000] {processor.py:161} INFO - Started process (PID=441) to work on /home/airflow/.local/lib/python3.8/site-packages/airflow/example_dags/example_xcom.py
[2024-03-13T02:25:55.987+0000] {processor.py:830} INFO - Processing file /home/airflow/.local/lib/python3.8/site-packages/airflow/example_dags/example_xcom.py for tasks to queue
[2024-03-13T02:25:55.989+0000] {logging_mixin.py:188} INFO - [2024-03-13T02:25:55.989+0000] {dagbag.py:540} INFO - Filling up the DagBag from /home/airflow/.local/lib/python3.8/site-packages/airflow/example_dags/example_xcom.py
[2024-03-13T02:25:56.000+0000] {processor.py:840} INFO - DAG(s) 'example_xcom' retrieved from /home/airflow/.local/lib/python3.8/site-packages/airflow/example_dags/example_xcom.py
[2024-03-13T02:25:56.025+0000] {logging_mixin.py:188} INFO - [2024-03-13T02:25:56.025+0000] {dag.py:3047} INFO - Sync 1 DAGs
[2024-03-13T02:25:56.051+0000] {logging_mixin.py:188} INFO - [2024-03-13T02:25:56.050+0000] {dag.py:3834} INFO - Setting next_dagrun for example_xcom to 2021-01-01 00:00:00+00:00, run_after=2021-01-01 00:00:00+00:00
[2024-03-13T02:25:56.078+0000] {processor.py:183} INFO - Processing /home/airflow/.local/lib/python3.8/site-packages/airflow/example_dags/example_xcom.py took 0.095 seconds
[2024-03-13T02:26:26.249+0000] {processor.py:161} INFO - Started process (PID=497) to work on /home/airflow/.local/lib/python3.8/site-packages/airflow/example_dags/example_xcom.py
[2024-03-13T02:26:26.250+0000] {processor.py:830} INFO - Processing file /home/airflow/.local/lib/python3.8/site-packages/airflow/example_dags/example_xcom.py for tasks to queue
[2024-03-13T02:26:26.251+0000] {logging_mixin.py:188} INFO - [2024-03-13T02:26:26.251+0000] {dagbag.py:540} INFO - Filling up the DagBag from /home/airflow/.local/lib/python3.8/site-packages/airflow/example_dags/example_xcom.py
[2024-03-13T02:26:26.257+0000] {processor.py:840} INFO - DAG(s) 'example_xcom' retrieved from /home/airflow/.local/lib/python3.8/site-packages/airflow/example_dags/example_xcom.py
[2024-03-13T02:26:26.275+0000] {logging_mixin.py:188} INFO - [2024-03-13T02:26:26.274+0000] {dag.py:3047} INFO - Sync 1 DAGs
[2024-03-13T02:26:26.294+0000] {logging_mixin.py:188} INFO - [2024-03-13T02:26:26.293+0000] {dag.py:3834} INFO - Setting next_dagrun for example_xcom to 2021-01-01 00:00:00+00:00, run_after=2021-01-01 00:00:00+00:00
[2024-03-13T02:26:26.310+0000] {processor.py:183} INFO - Processing /home/airflow/.local/lib/python3.8/site-packages/airflow/example_dags/example_xcom.py took 0.063 seconds
[2024-03-13T02:26:56.618+0000] {processor.py:161} INFO - Started process (PID=552) to work on /home/airflow/.local/lib/python3.8/site-packages/airflow/example_dags/example_xcom.py
[2024-03-13T02:26:56.619+0000] {processor.py:830} INFO - Processing file /home/airflow/.local/lib/python3.8/site-packages/airflow/example_dags/example_xcom.py for tasks to queue
[2024-03-13T02:26:56.621+0000] {logging_mixin.py:188} INFO - [2024-03-13T02:26:56.621+0000] {dagbag.py:540} INFO - Filling up the DagBag from /home/airflow/.local/lib/python3.8/site-packages/airflow/example_dags/example_xcom.py
[2024-03-13T02:26:56.628+0000] {processor.py:840} INFO - DAG(s) 'example_xcom' retrieved from /home/airflow/.local/lib/python3.8/site-packages/airflow/example_dags/example_xcom.py
[2024-03-13T02:26:56.651+0000] {logging_mixin.py:188} INFO - [2024-03-13T02:26:56.650+0000] {dag.py:3047} INFO - Sync 1 DAGs
[2024-03-13T02:26:56.672+0000] {logging_mixin.py:188} INFO - [2024-03-13T02:26:56.671+0000] {dag.py:3834} INFO - Setting next_dagrun for example_xcom to 2021-01-01 00:00:00+00:00, run_after=2021-01-01 00:00:00+00:00
[2024-03-13T02:26:56.692+0000] {processor.py:183} INFO - Processing /home/airflow/.local/lib/python3.8/site-packages/airflow/example_dags/example_xcom.py took 0.076 seconds
[2024-03-13T02:27:27.021+0000] {processor.py:161} INFO - Started process (PID=607) to work on /home/airflow/.local/lib/python3.8/site-packages/airflow/example_dags/example_xcom.py
[2024-03-13T02:27:27.022+0000] {processor.py:830} INFO - Processing file /home/airflow/.local/lib/python3.8/site-packages/airflow/example_dags/example_xcom.py for tasks to queue
[2024-03-13T02:27:27.023+0000] {logging_mixin.py:188} INFO - [2024-03-13T02:27:27.023+0000] {dagbag.py:540} INFO - Filling up the DagBag from /home/airflow/.local/lib/python3.8/site-packages/airflow/example_dags/example_xcom.py
[2024-03-13T02:27:27.030+0000] {processor.py:840} INFO - DAG(s) 'example_xcom' retrieved from /home/airflow/.local/lib/python3.8/site-packages/airflow/example_dags/example_xcom.py
[2024-03-13T02:27:27.054+0000] {logging_mixin.py:188} INFO - [2024-03-13T02:27:27.054+0000] {dag.py:3047} INFO - Sync 1 DAGs
[2024-03-13T02:27:27.077+0000] {logging_mixin.py:188} INFO - [2024-03-13T02:27:27.077+0000] {dag.py:3834} INFO - Setting next_dagrun for example_xcom to 2021-01-01 00:00:00+00:00, run_after=2021-01-01 00:00:00+00:00
[2024-03-13T02:27:27.100+0000] {processor.py:183} INFO - Processing /home/airflow/.local/lib/python3.8/site-packages/airflow/example_dags/example_xcom.py took 0.082 seconds
[2024-03-13T02:27:57.233+0000] {processor.py:161} INFO - Started process (PID=662) to work on /home/airflow/.local/lib/python3.8/site-packages/airflow/example_dags/example_xcom.py
[2024-03-13T02:27:57.234+0000] {processor.py:830} INFO - Processing file /home/airflow/.local/lib/python3.8/site-packages/airflow/example_dags/example_xcom.py for tasks to queue
[2024-03-13T02:27:57.236+0000] {logging_mixin.py:188} INFO - [2024-03-13T02:27:57.235+0000] {dagbag.py:540} INFO - Filling up the DagBag from /home/airflow/.local/lib/python3.8/site-packages/airflow/example_dags/example_xcom.py
[2024-03-13T02:27:57.242+0000] {processor.py:840} INFO - DAG(s) 'example_xcom' retrieved from /home/airflow/.local/lib/python3.8/site-packages/airflow/example_dags/example_xcom.py
[2024-03-13T02:27:57.258+0000] {logging_mixin.py:188} INFO - [2024-03-13T02:27:57.257+0000] {dag.py:3047} INFO - Sync 1 DAGs
[2024-03-13T02:27:57.277+0000] {logging_mixin.py:188} INFO - [2024-03-13T02:27:57.276+0000] {dag.py:3834} INFO - Setting next_dagrun for example_xcom to 2021-01-01 00:00:00+00:00, run_after=2021-01-01 00:00:00+00:00
[2024-03-13T02:27:57.294+0000] {processor.py:183} INFO - Processing /home/airflow/.local/lib/python3.8/site-packages/airflow/example_dags/example_xcom.py took 0.064 seconds
[2024-03-13T02:28:27.593+0000] {processor.py:161} INFO - Started process (PID=717) to work on /home/airflow/.local/lib/python3.8/site-packages/airflow/example_dags/example_xcom.py
[2024-03-13T02:28:27.594+0000] {processor.py:830} INFO - Processing file /home/airflow/.local/lib/python3.8/site-packages/airflow/example_dags/example_xcom.py for tasks to queue
[2024-03-13T02:28:27.595+0000] {logging_mixin.py:188} INFO - [2024-03-13T02:28:27.595+0000] {dagbag.py:540} INFO - Filling up the DagBag from /home/airflow/.local/lib/python3.8/site-packages/airflow/example_dags/example_xcom.py
[2024-03-13T02:28:27.601+0000] {processor.py:840} INFO - DAG(s) 'example_xcom' retrieved from /home/airflow/.local/lib/python3.8/site-packages/airflow/example_dags/example_xcom.py
[2024-03-13T02:28:27.619+0000] {logging_mixin.py:188} INFO - [2024-03-13T02:28:27.619+0000] {dag.py:3047} INFO - Sync 1 DAGs
[2024-03-13T02:28:27.639+0000] {logging_mixin.py:188} INFO - [2024-03-13T02:28:27.639+0000] {dag.py:3834} INFO - Setting next_dagrun for example_xcom to 2021-01-01 00:00:00+00:00, run_after=2021-01-01 00:00:00+00:00
[2024-03-13T02:28:27.657+0000] {processor.py:183} INFO - Processing /home/airflow/.local/lib/python3.8/site-packages/airflow/example_dags/example_xcom.py took 0.066 seconds
[2024-03-13T02:28:57.805+0000] {processor.py:161} INFO - Started process (PID=772) to work on /home/airflow/.local/lib/python3.8/site-packages/airflow/example_dags/example_xcom.py
[2024-03-13T02:28:57.806+0000] {processor.py:830} INFO - Processing file /home/airflow/.local/lib/python3.8/site-packages/airflow/example_dags/example_xcom.py for tasks to queue
[2024-03-13T02:28:57.808+0000] {logging_mixin.py:188} INFO - [2024-03-13T02:28:57.807+0000] {dagbag.py:540} INFO - Filling up the DagBag from /home/airflow/.local/lib/python3.8/site-packages/airflow/example_dags/example_xcom.py
[2024-03-13T02:28:57.813+0000] {processor.py:840} INFO - DAG(s) 'example_xcom' retrieved from /home/airflow/.local/lib/python3.8/site-packages/airflow/example_dags/example_xcom.py
[2024-03-13T02:28:57.830+0000] {logging_mixin.py:188} INFO - [2024-03-13T02:28:57.830+0000] {dag.py:3047} INFO - Sync 1 DAGs
[2024-03-13T02:28:57.847+0000] {logging_mixin.py:188} INFO - [2024-03-13T02:28:57.846+0000] {dag.py:3834} INFO - Setting next_dagrun for example_xcom to 2021-01-01 00:00:00+00:00, run_after=2021-01-01 00:00:00+00:00
[2024-03-13T02:28:57.863+0000] {processor.py:183} INFO - Processing /home/airflow/.local/lib/python3.8/site-packages/airflow/example_dags/example_xcom.py took 0.061 seconds
