[2024-03-13T02:22:24.711+0000] {processor.py:161} INFO - Started process (PID=67) to work on /home/airflow/.local/lib/python3.8/site-packages/airflow/example_dags/example_task_group.py
[2024-03-13T02:22:24.712+0000] {processor.py:830} INFO - Processing file /home/airflow/.local/lib/python3.8/site-packages/airflow/example_dags/example_task_group.py for tasks to queue
[2024-03-13T02:22:24.713+0000] {logging_mixin.py:188} INFO - [2024-03-13T02:22:24.713+0000] {dagbag.py:540} INFO - Filling up the DagBag from /home/airflow/.local/lib/python3.8/site-packages/airflow/example_dags/example_task_group.py
[2024-03-13T02:22:24.722+0000] {processor.py:840} INFO - DAG(s) 'example_task_group' retrieved from /home/airflow/.local/lib/python3.8/site-packages/airflow/example_dags/example_task_group.py
[2024-03-13T02:22:24.809+0000] {logging_mixin.py:188} INFO - [2024-03-13T02:22:24.808+0000] {override.py:1769} INFO - Created Permission View: can delete on DAG:example_task_group
[2024-03-13T02:22:24.818+0000] {logging_mixin.py:188} INFO - [2024-03-13T02:22:24.817+0000] {override.py:1769} INFO - Created Permission View: can read on DAG:example_task_group
[2024-03-13T02:22:24.825+0000] {logging_mixin.py:188} INFO - [2024-03-13T02:22:24.825+0000] {override.py:1769} INFO - Created Permission View: can edit on DAG:example_task_group
[2024-03-13T02:22:24.825+0000] {logging_mixin.py:188} INFO - [2024-03-13T02:22:24.825+0000] {dag.py:3047} INFO - Sync 1 DAGs
[2024-03-13T02:22:24.835+0000] {logging_mixin.py:188} INFO - [2024-03-13T02:22:24.834+0000] {dag.py:3069} INFO - Creating ORM DAG for example_task_group
[2024-03-13T02:22:24.843+0000] {logging_mixin.py:188} INFO - [2024-03-13T02:22:24.843+0000] {dag.py:3834} INFO - Setting next_dagrun for example_task_group to 2024-03-12 00:00:00+00:00, run_after=2024-03-13 00:00:00+00:00
[2024-03-13T02:22:24.860+0000] {processor.py:183} INFO - Processing /home/airflow/.local/lib/python3.8/site-packages/airflow/example_dags/example_task_group.py took 0.151 seconds
[2024-03-13T02:22:55.782+0000] {processor.py:161} INFO - Started process (PID=122) to work on /home/airflow/.local/lib/python3.8/site-packages/airflow/example_dags/example_task_group.py
[2024-03-13T02:22:55.783+0000] {processor.py:830} INFO - Processing file /home/airflow/.local/lib/python3.8/site-packages/airflow/example_dags/example_task_group.py for tasks to queue
[2024-03-13T02:22:55.785+0000] {logging_mixin.py:188} INFO - [2024-03-13T02:22:55.784+0000] {dagbag.py:540} INFO - Filling up the DagBag from /home/airflow/.local/lib/python3.8/site-packages/airflow/example_dags/example_task_group.py
[2024-03-13T02:22:55.790+0000] {processor.py:840} INFO - DAG(s) 'example_task_group' retrieved from /home/airflow/.local/lib/python3.8/site-packages/airflow/example_dags/example_task_group.py
[2024-03-13T02:22:55.807+0000] {logging_mixin.py:188} INFO - [2024-03-13T02:22:55.807+0000] {dag.py:3047} INFO - Sync 1 DAGs
[2024-03-13T02:22:55.825+0000] {logging_mixin.py:188} INFO - [2024-03-13T02:22:55.825+0000] {dag.py:3834} INFO - Setting next_dagrun for example_task_group to 2024-03-12 00:00:00+00:00, run_after=2024-03-13 00:00:00+00:00
[2024-03-13T02:22:55.841+0000] {processor.py:183} INFO - Processing /home/airflow/.local/lib/python3.8/site-packages/airflow/example_dags/example_task_group.py took 0.061 seconds
[2024-03-13T02:23:25.927+0000] {processor.py:161} INFO - Started process (PID=177) to work on /home/airflow/.local/lib/python3.8/site-packages/airflow/example_dags/example_task_group.py
[2024-03-13T02:23:25.928+0000] {processor.py:830} INFO - Processing file /home/airflow/.local/lib/python3.8/site-packages/airflow/example_dags/example_task_group.py for tasks to queue
[2024-03-13T02:23:25.929+0000] {logging_mixin.py:188} INFO - [2024-03-13T02:23:25.929+0000] {dagbag.py:540} INFO - Filling up the DagBag from /home/airflow/.local/lib/python3.8/site-packages/airflow/example_dags/example_task_group.py
[2024-03-13T02:23:25.936+0000] {processor.py:840} INFO - DAG(s) 'example_task_group' retrieved from /home/airflow/.local/lib/python3.8/site-packages/airflow/example_dags/example_task_group.py
[2024-03-13T02:23:25.957+0000] {logging_mixin.py:188} INFO - [2024-03-13T02:23:25.957+0000] {dag.py:3047} INFO - Sync 1 DAGs
[2024-03-13T02:23:25.985+0000] {logging_mixin.py:188} INFO - [2024-03-13T02:23:25.985+0000] {dag.py:3834} INFO - Setting next_dagrun for example_task_group to 2024-03-12 00:00:00+00:00, run_after=2024-03-13 00:00:00+00:00
[2024-03-13T02:23:26.005+0000] {processor.py:183} INFO - Processing /home/airflow/.local/lib/python3.8/site-packages/airflow/example_dags/example_task_group.py took 0.081 seconds
[2024-03-13T02:23:56.263+0000] {processor.py:161} INFO - Started process (PID=232) to work on /home/airflow/.local/lib/python3.8/site-packages/airflow/example_dags/example_task_group.py
[2024-03-13T02:23:56.264+0000] {processor.py:830} INFO - Processing file /home/airflow/.local/lib/python3.8/site-packages/airflow/example_dags/example_task_group.py for tasks to queue
[2024-03-13T02:23:56.266+0000] {logging_mixin.py:188} INFO - [2024-03-13T02:23:56.265+0000] {dagbag.py:540} INFO - Filling up the DagBag from /home/airflow/.local/lib/python3.8/site-packages/airflow/example_dags/example_task_group.py
[2024-03-13T02:23:56.271+0000] {processor.py:840} INFO - DAG(s) 'example_task_group' retrieved from /home/airflow/.local/lib/python3.8/site-packages/airflow/example_dags/example_task_group.py
[2024-03-13T02:23:56.288+0000] {logging_mixin.py:188} INFO - [2024-03-13T02:23:56.288+0000] {dag.py:3047} INFO - Sync 1 DAGs
[2024-03-13T02:23:56.306+0000] {logging_mixin.py:188} INFO - [2024-03-13T02:23:56.306+0000] {dag.py:3834} INFO - Setting next_dagrun for example_task_group to 2024-03-12 00:00:00+00:00, run_after=2024-03-13 00:00:00+00:00
[2024-03-13T02:23:56.323+0000] {processor.py:183} INFO - Processing /home/airflow/.local/lib/python3.8/site-packages/airflow/example_dags/example_task_group.py took 0.062 seconds
[2024-03-13T02:24:26.502+0000] {processor.py:161} INFO - Started process (PID=287) to work on /home/airflow/.local/lib/python3.8/site-packages/airflow/example_dags/example_task_group.py
[2024-03-13T02:24:26.503+0000] {processor.py:830} INFO - Processing file /home/airflow/.local/lib/python3.8/site-packages/airflow/example_dags/example_task_group.py for tasks to queue
[2024-03-13T02:24:26.505+0000] {logging_mixin.py:188} INFO - [2024-03-13T02:24:26.504+0000] {dagbag.py:540} INFO - Filling up the DagBag from /home/airflow/.local/lib/python3.8/site-packages/airflow/example_dags/example_task_group.py
[2024-03-13T02:24:26.510+0000] {processor.py:840} INFO - DAG(s) 'example_task_group' retrieved from /home/airflow/.local/lib/python3.8/site-packages/airflow/example_dags/example_task_group.py
[2024-03-13T02:24:26.528+0000] {logging_mixin.py:188} INFO - [2024-03-13T02:24:26.528+0000] {dag.py:3047} INFO - Sync 1 DAGs
[2024-03-13T02:24:26.549+0000] {logging_mixin.py:188} INFO - [2024-03-13T02:24:26.549+0000] {dag.py:3834} INFO - Setting next_dagrun for example_task_group to 2024-03-12 00:00:00+00:00, run_after=2024-03-13 00:00:00+00:00
[2024-03-13T02:24:26.567+0000] {processor.py:183} INFO - Processing /home/airflow/.local/lib/python3.8/site-packages/airflow/example_dags/example_task_group.py took 0.067 seconds
[2024-03-13T02:24:56.755+0000] {processor.py:161} INFO - Started process (PID=342) to work on /home/airflow/.local/lib/python3.8/site-packages/airflow/example_dags/example_task_group.py
[2024-03-13T02:24:56.756+0000] {processor.py:830} INFO - Processing file /home/airflow/.local/lib/python3.8/site-packages/airflow/example_dags/example_task_group.py for tasks to queue
[2024-03-13T02:24:56.757+0000] {logging_mixin.py:188} INFO - [2024-03-13T02:24:56.757+0000] {dagbag.py:540} INFO - Filling up the DagBag from /home/airflow/.local/lib/python3.8/site-packages/airflow/example_dags/example_task_group.py
[2024-03-13T02:24:56.762+0000] {processor.py:840} INFO - DAG(s) 'example_task_group' retrieved from /home/airflow/.local/lib/python3.8/site-packages/airflow/example_dags/example_task_group.py
[2024-03-13T02:24:56.781+0000] {logging_mixin.py:188} INFO - [2024-03-13T02:24:56.781+0000] {dag.py:3047} INFO - Sync 1 DAGs
[2024-03-13T02:24:56.800+0000] {logging_mixin.py:188} INFO - [2024-03-13T02:24:56.799+0000] {dag.py:3834} INFO - Setting next_dagrun for example_task_group to 2024-03-12 00:00:00+00:00, run_after=2024-03-13 00:00:00+00:00
[2024-03-13T02:24:56.816+0000] {processor.py:183} INFO - Processing /home/airflow/.local/lib/python3.8/site-packages/airflow/example_dags/example_task_group.py took 0.064 seconds
[2024-03-13T02:25:27.082+0000] {processor.py:161} INFO - Started process (PID=397) to work on /home/airflow/.local/lib/python3.8/site-packages/airflow/example_dags/example_task_group.py
[2024-03-13T02:25:27.083+0000] {processor.py:830} INFO - Processing file /home/airflow/.local/lib/python3.8/site-packages/airflow/example_dags/example_task_group.py for tasks to queue
[2024-03-13T02:25:27.085+0000] {logging_mixin.py:188} INFO - [2024-03-13T02:25:27.085+0000] {dagbag.py:540} INFO - Filling up the DagBag from /home/airflow/.local/lib/python3.8/site-packages/airflow/example_dags/example_task_group.py
[2024-03-13T02:25:27.091+0000] {processor.py:840} INFO - DAG(s) 'example_task_group' retrieved from /home/airflow/.local/lib/python3.8/site-packages/airflow/example_dags/example_task_group.py
[2024-03-13T02:25:27.109+0000] {logging_mixin.py:188} INFO - [2024-03-13T02:25:27.109+0000] {dag.py:3047} INFO - Sync 1 DAGs
[2024-03-13T02:25:27.128+0000] {logging_mixin.py:188} INFO - [2024-03-13T02:25:27.128+0000] {dag.py:3834} INFO - Setting next_dagrun for example_task_group to 2024-03-12 00:00:00+00:00, run_after=2024-03-13 00:00:00+00:00
[2024-03-13T02:25:27.145+0000] {processor.py:183} INFO - Processing /home/airflow/.local/lib/python3.8/site-packages/airflow/example_dags/example_task_group.py took 0.066 seconds
[2024-03-13T02:25:57.433+0000] {processor.py:161} INFO - Started process (PID=452) to work on /home/airflow/.local/lib/python3.8/site-packages/airflow/example_dags/example_task_group.py
[2024-03-13T02:25:57.434+0000] {processor.py:830} INFO - Processing file /home/airflow/.local/lib/python3.8/site-packages/airflow/example_dags/example_task_group.py for tasks to queue
[2024-03-13T02:25:57.435+0000] {logging_mixin.py:188} INFO - [2024-03-13T02:25:57.435+0000] {dagbag.py:540} INFO - Filling up the DagBag from /home/airflow/.local/lib/python3.8/site-packages/airflow/example_dags/example_task_group.py
[2024-03-13T02:25:57.440+0000] {processor.py:840} INFO - DAG(s) 'example_task_group' retrieved from /home/airflow/.local/lib/python3.8/site-packages/airflow/example_dags/example_task_group.py
[2024-03-13T02:25:57.459+0000] {logging_mixin.py:188} INFO - [2024-03-13T02:25:57.459+0000] {dag.py:3047} INFO - Sync 1 DAGs
[2024-03-13T02:25:57.476+0000] {logging_mixin.py:188} INFO - [2024-03-13T02:25:57.476+0000] {dag.py:3834} INFO - Setting next_dagrun for example_task_group to 2024-03-12 00:00:00+00:00, run_after=2024-03-13 00:00:00+00:00
[2024-03-13T02:25:57.494+0000] {processor.py:183} INFO - Processing /home/airflow/.local/lib/python3.8/site-packages/airflow/example_dags/example_task_group.py took 0.063 seconds
[2024-03-13T02:26:27.762+0000] {processor.py:161} INFO - Started process (PID=508) to work on /home/airflow/.local/lib/python3.8/site-packages/airflow/example_dags/example_task_group.py
[2024-03-13T02:26:27.763+0000] {processor.py:830} INFO - Processing file /home/airflow/.local/lib/python3.8/site-packages/airflow/example_dags/example_task_group.py for tasks to queue
[2024-03-13T02:26:27.764+0000] {logging_mixin.py:188} INFO - [2024-03-13T02:26:27.764+0000] {dagbag.py:540} INFO - Filling up the DagBag from /home/airflow/.local/lib/python3.8/site-packages/airflow/example_dags/example_task_group.py
[2024-03-13T02:26:27.769+0000] {processor.py:840} INFO - DAG(s) 'example_task_group' retrieved from /home/airflow/.local/lib/python3.8/site-packages/airflow/example_dags/example_task_group.py
[2024-03-13T02:26:27.788+0000] {logging_mixin.py:188} INFO - [2024-03-13T02:26:27.788+0000] {dag.py:3047} INFO - Sync 1 DAGs
[2024-03-13T02:26:27.806+0000] {logging_mixin.py:188} INFO - [2024-03-13T02:26:27.805+0000] {dag.py:3834} INFO - Setting next_dagrun for example_task_group to 2024-03-12 00:00:00+00:00, run_after=2024-03-13 00:00:00+00:00
[2024-03-13T02:26:27.823+0000] {processor.py:183} INFO - Processing /home/airflow/.local/lib/python3.8/site-packages/airflow/example_dags/example_task_group.py took 0.064 seconds
[2024-03-13T02:26:58.120+0000] {processor.py:161} INFO - Started process (PID=563) to work on /home/airflow/.local/lib/python3.8/site-packages/airflow/example_dags/example_task_group.py
[2024-03-13T02:26:58.120+0000] {processor.py:830} INFO - Processing file /home/airflow/.local/lib/python3.8/site-packages/airflow/example_dags/example_task_group.py for tasks to queue
[2024-03-13T02:26:58.122+0000] {logging_mixin.py:188} INFO - [2024-03-13T02:26:58.122+0000] {dagbag.py:540} INFO - Filling up the DagBag from /home/airflow/.local/lib/python3.8/site-packages/airflow/example_dags/example_task_group.py
[2024-03-13T02:26:58.127+0000] {processor.py:840} INFO - DAG(s) 'example_task_group' retrieved from /home/airflow/.local/lib/python3.8/site-packages/airflow/example_dags/example_task_group.py
[2024-03-13T02:26:58.145+0000] {logging_mixin.py:188} INFO - [2024-03-13T02:26:58.145+0000] {dag.py:3047} INFO - Sync 1 DAGs
[2024-03-13T02:26:58.162+0000] {logging_mixin.py:188} INFO - [2024-03-13T02:26:58.162+0000] {dag.py:3834} INFO - Setting next_dagrun for example_task_group to 2024-03-12 00:00:00+00:00, run_after=2024-03-13 00:00:00+00:00
[2024-03-13T02:26:58.178+0000] {processor.py:183} INFO - Processing /home/airflow/.local/lib/python3.8/site-packages/airflow/example_dags/example_task_group.py took 0.060 seconds
[2024-03-13T02:27:28.468+0000] {processor.py:161} INFO - Started process (PID=618) to work on /home/airflow/.local/lib/python3.8/site-packages/airflow/example_dags/example_task_group.py
[2024-03-13T02:27:28.469+0000] {processor.py:830} INFO - Processing file /home/airflow/.local/lib/python3.8/site-packages/airflow/example_dags/example_task_group.py for tasks to queue
[2024-03-13T02:27:28.470+0000] {logging_mixin.py:188} INFO - [2024-03-13T02:27:28.470+0000] {dagbag.py:540} INFO - Filling up the DagBag from /home/airflow/.local/lib/python3.8/site-packages/airflow/example_dags/example_task_group.py
[2024-03-13T02:27:28.477+0000] {processor.py:840} INFO - DAG(s) 'example_task_group' retrieved from /home/airflow/.local/lib/python3.8/site-packages/airflow/example_dags/example_task_group.py
[2024-03-13T02:27:28.499+0000] {logging_mixin.py:188} INFO - [2024-03-13T02:27:28.499+0000] {dag.py:3047} INFO - Sync 1 DAGs
[2024-03-13T02:27:28.518+0000] {logging_mixin.py:188} INFO - [2024-03-13T02:27:28.518+0000] {dag.py:3834} INFO - Setting next_dagrun for example_task_group to 2024-03-12 00:00:00+00:00, run_after=2024-03-13 00:00:00+00:00
[2024-03-13T02:27:28.537+0000] {processor.py:183} INFO - Processing /home/airflow/.local/lib/python3.8/site-packages/airflow/example_dags/example_task_group.py took 0.073 seconds
[2024-03-13T02:27:58.753+0000] {processor.py:161} INFO - Started process (PID=673) to work on /home/airflow/.local/lib/python3.8/site-packages/airflow/example_dags/example_task_group.py
[2024-03-13T02:27:58.754+0000] {processor.py:830} INFO - Processing file /home/airflow/.local/lib/python3.8/site-packages/airflow/example_dags/example_task_group.py for tasks to queue
[2024-03-13T02:27:58.755+0000] {logging_mixin.py:188} INFO - [2024-03-13T02:27:58.755+0000] {dagbag.py:540} INFO - Filling up the DagBag from /home/airflow/.local/lib/python3.8/site-packages/airflow/example_dags/example_task_group.py
[2024-03-13T02:27:58.761+0000] {processor.py:840} INFO - DAG(s) 'example_task_group' retrieved from /home/airflow/.local/lib/python3.8/site-packages/airflow/example_dags/example_task_group.py
[2024-03-13T02:27:58.777+0000] {logging_mixin.py:188} INFO - [2024-03-13T02:27:58.777+0000] {dag.py:3047} INFO - Sync 1 DAGs
[2024-03-13T02:27:58.794+0000] {logging_mixin.py:188} INFO - [2024-03-13T02:27:58.794+0000] {dag.py:3834} INFO - Setting next_dagrun for example_task_group to 2024-03-12 00:00:00+00:00, run_after=2024-03-13 00:00:00+00:00
[2024-03-13T02:27:58.813+0000] {processor.py:183} INFO - Processing /home/airflow/.local/lib/python3.8/site-packages/airflow/example_dags/example_task_group.py took 0.062 seconds
[2024-03-13T02:28:29.115+0000] {processor.py:161} INFO - Started process (PID=728) to work on /home/airflow/.local/lib/python3.8/site-packages/airflow/example_dags/example_task_group.py
[2024-03-13T02:28:29.116+0000] {processor.py:830} INFO - Processing file /home/airflow/.local/lib/python3.8/site-packages/airflow/example_dags/example_task_group.py for tasks to queue
[2024-03-13T02:28:29.118+0000] {logging_mixin.py:188} INFO - [2024-03-13T02:28:29.118+0000] {dagbag.py:540} INFO - Filling up the DagBag from /home/airflow/.local/lib/python3.8/site-packages/airflow/example_dags/example_task_group.py
[2024-03-13T02:28:29.123+0000] {processor.py:840} INFO - DAG(s) 'example_task_group' retrieved from /home/airflow/.local/lib/python3.8/site-packages/airflow/example_dags/example_task_group.py
[2024-03-13T02:28:29.141+0000] {logging_mixin.py:188} INFO - [2024-03-13T02:28:29.140+0000] {dag.py:3047} INFO - Sync 1 DAGs
[2024-03-13T02:28:29.157+0000] {logging_mixin.py:188} INFO - [2024-03-13T02:28:29.157+0000] {dag.py:3834} INFO - Setting next_dagrun for example_task_group to 2024-03-12 00:00:00+00:00, run_after=2024-03-13 00:00:00+00:00
[2024-03-13T02:28:29.174+0000] {processor.py:183} INFO - Processing /home/airflow/.local/lib/python3.8/site-packages/airflow/example_dags/example_task_group.py took 0.061 seconds
[2024-03-13T02:28:59.333+0000] {processor.py:161} INFO - Started process (PID=783) to work on /home/airflow/.local/lib/python3.8/site-packages/airflow/example_dags/example_task_group.py
[2024-03-13T02:28:59.334+0000] {processor.py:830} INFO - Processing file /home/airflow/.local/lib/python3.8/site-packages/airflow/example_dags/example_task_group.py for tasks to queue
[2024-03-13T02:28:59.336+0000] {logging_mixin.py:188} INFO - [2024-03-13T02:28:59.336+0000] {dagbag.py:540} INFO - Filling up the DagBag from /home/airflow/.local/lib/python3.8/site-packages/airflow/example_dags/example_task_group.py
[2024-03-13T02:28:59.341+0000] {processor.py:840} INFO - DAG(s) 'example_task_group' retrieved from /home/airflow/.local/lib/python3.8/site-packages/airflow/example_dags/example_task_group.py
[2024-03-13T02:28:59.360+0000] {logging_mixin.py:188} INFO - [2024-03-13T02:28:59.359+0000] {dag.py:3047} INFO - Sync 1 DAGs
[2024-03-13T02:28:59.376+0000] {logging_mixin.py:188} INFO - [2024-03-13T02:28:59.376+0000] {dag.py:3834} INFO - Setting next_dagrun for example_task_group to 2024-03-12 00:00:00+00:00, run_after=2024-03-13 00:00:00+00:00
[2024-03-13T02:28:59.392+0000] {processor.py:183} INFO - Processing /home/airflow/.local/lib/python3.8/site-packages/airflow/example_dags/example_task_group.py took 0.061 seconds
