[2024-03-13T02:22:22.549+0000] {processor.py:161} INFO - Started process (PID=46) to work on /home/airflow/.local/lib/python3.8/site-packages/airflow/example_dags/example_task_group_decorator.py
[2024-03-13T02:22:22.550+0000] {processor.py:830} INFO - Processing file /home/airflow/.local/lib/python3.8/site-packages/airflow/example_dags/example_task_group_decorator.py for tasks to queue
[2024-03-13T02:22:22.551+0000] {logging_mixin.py:188} INFO - [2024-03-13T02:22:22.551+0000] {dagbag.py:540} INFO - Filling up the DagBag from /home/airflow/.local/lib/python3.8/site-packages/airflow/example_dags/example_task_group_decorator.py
[2024-03-13T02:22:22.569+0000] {processor.py:840} INFO - DAG(s) 'example_task_group_decorator' retrieved from /home/airflow/.local/lib/python3.8/site-packages/airflow/example_dags/example_task_group_decorator.py
[2024-03-13T02:22:22.671+0000] {logging_mixin.py:188} INFO - [2024-03-13T02:22:22.670+0000] {override.py:1769} INFO - Created Permission View: can delete on DAG:example_task_group_decorator
[2024-03-13T02:22:22.680+0000] {logging_mixin.py:188} INFO - [2024-03-13T02:22:22.680+0000] {override.py:1769} INFO - Created Permission View: can read on DAG:example_task_group_decorator
[2024-03-13T02:22:22.689+0000] {logging_mixin.py:188} INFO - [2024-03-13T02:22:22.689+0000] {override.py:1769} INFO - Created Permission View: can edit on DAG:example_task_group_decorator
[2024-03-13T02:22:22.690+0000] {logging_mixin.py:188} INFO - [2024-03-13T02:22:22.690+0000] {dag.py:3047} INFO - Sync 1 DAGs
[2024-03-13T02:22:22.700+0000] {logging_mixin.py:188} INFO - [2024-03-13T02:22:22.700+0000] {dag.py:3069} INFO - Creating ORM DAG for example_task_group_decorator
[2024-03-13T02:22:22.709+0000] {logging_mixin.py:188} INFO - [2024-03-13T02:22:22.709+0000] {dag.py:3834} INFO - Setting next_dagrun for example_task_group_decorator to 2024-03-12 00:00:00+00:00, run_after=2024-03-13 00:00:00+00:00
[2024-03-13T02:22:22.729+0000] {processor.py:183} INFO - Processing /home/airflow/.local/lib/python3.8/site-packages/airflow/example_dags/example_task_group_decorator.py took 0.183 seconds
[2024-03-13T02:22:53.652+0000] {processor.py:161} INFO - Started process (PID=101) to work on /home/airflow/.local/lib/python3.8/site-packages/airflow/example_dags/example_task_group_decorator.py
[2024-03-13T02:22:53.653+0000] {processor.py:830} INFO - Processing file /home/airflow/.local/lib/python3.8/site-packages/airflow/example_dags/example_task_group_decorator.py for tasks to queue
[2024-03-13T02:22:53.655+0000] {logging_mixin.py:188} INFO - [2024-03-13T02:22:53.654+0000] {dagbag.py:540} INFO - Filling up the DagBag from /home/airflow/.local/lib/python3.8/site-packages/airflow/example_dags/example_task_group_decorator.py
[2024-03-13T02:22:53.665+0000] {processor.py:840} INFO - DAG(s) 'example_task_group_decorator' retrieved from /home/airflow/.local/lib/python3.8/site-packages/airflow/example_dags/example_task_group_decorator.py
[2024-03-13T02:22:53.684+0000] {logging_mixin.py:188} INFO - [2024-03-13T02:22:53.684+0000] {dag.py:3047} INFO - Sync 1 DAGs
[2024-03-13T02:22:53.702+0000] {logging_mixin.py:188} INFO - [2024-03-13T02:22:53.702+0000] {dag.py:3834} INFO - Setting next_dagrun for example_task_group_decorator to 2024-03-12 00:00:00+00:00, run_after=2024-03-13 00:00:00+00:00
[2024-03-13T02:22:53.719+0000] {processor.py:183} INFO - Processing /home/airflow/.local/lib/python3.8/site-packages/airflow/example_dags/example_task_group_decorator.py took 0.069 seconds
[2024-03-13T02:23:23.996+0000] {processor.py:161} INFO - Started process (PID=156) to work on /home/airflow/.local/lib/python3.8/site-packages/airflow/example_dags/example_task_group_decorator.py
[2024-03-13T02:23:23.997+0000] {processor.py:830} INFO - Processing file /home/airflow/.local/lib/python3.8/site-packages/airflow/example_dags/example_task_group_decorator.py for tasks to queue
[2024-03-13T02:23:23.999+0000] {logging_mixin.py:188} INFO - [2024-03-13T02:23:23.998+0000] {dagbag.py:540} INFO - Filling up the DagBag from /home/airflow/.local/lib/python3.8/site-packages/airflow/example_dags/example_task_group_decorator.py
[2024-03-13T02:23:24.012+0000] {processor.py:840} INFO - DAG(s) 'example_task_group_decorator' retrieved from /home/airflow/.local/lib/python3.8/site-packages/airflow/example_dags/example_task_group_decorator.py
[2024-03-13T02:23:24.032+0000] {logging_mixin.py:188} INFO - [2024-03-13T02:23:24.032+0000] {dag.py:3047} INFO - Sync 1 DAGs
[2024-03-13T02:23:24.053+0000] {logging_mixin.py:188} INFO - [2024-03-13T02:23:24.053+0000] {dag.py:3834} INFO - Setting next_dagrun for example_task_group_decorator to 2024-03-12 00:00:00+00:00, run_after=2024-03-13 00:00:00+00:00
[2024-03-13T02:23:24.070+0000] {processor.py:183} INFO - Processing /home/airflow/.local/lib/python3.8/site-packages/airflow/example_dags/example_task_group_decorator.py took 0.076 seconds
[2024-03-13T02:23:54.242+0000] {processor.py:161} INFO - Started process (PID=211) to work on /home/airflow/.local/lib/python3.8/site-packages/airflow/example_dags/example_task_group_decorator.py
[2024-03-13T02:23:54.243+0000] {processor.py:830} INFO - Processing file /home/airflow/.local/lib/python3.8/site-packages/airflow/example_dags/example_task_group_decorator.py for tasks to queue
[2024-03-13T02:23:54.245+0000] {logging_mixin.py:188} INFO - [2024-03-13T02:23:54.244+0000] {dagbag.py:540} INFO - Filling up the DagBag from /home/airflow/.local/lib/python3.8/site-packages/airflow/example_dags/example_task_group_decorator.py
[2024-03-13T02:23:54.257+0000] {processor.py:840} INFO - DAG(s) 'example_task_group_decorator' retrieved from /home/airflow/.local/lib/python3.8/site-packages/airflow/example_dags/example_task_group_decorator.py
[2024-03-13T02:23:54.279+0000] {logging_mixin.py:188} INFO - [2024-03-13T02:23:54.278+0000] {dag.py:3047} INFO - Sync 1 DAGs
[2024-03-13T02:23:54.297+0000] {logging_mixin.py:188} INFO - [2024-03-13T02:23:54.297+0000] {dag.py:3834} INFO - Setting next_dagrun for example_task_group_decorator to 2024-03-12 00:00:00+00:00, run_after=2024-03-13 00:00:00+00:00
[2024-03-13T02:23:54.318+0000] {processor.py:183} INFO - Processing /home/airflow/.local/lib/python3.8/site-packages/airflow/example_dags/example_task_group_decorator.py took 0.079 seconds
[2024-03-13T02:24:24.554+0000] {processor.py:161} INFO - Started process (PID=266) to work on /home/airflow/.local/lib/python3.8/site-packages/airflow/example_dags/example_task_group_decorator.py
[2024-03-13T02:24:24.555+0000] {processor.py:830} INFO - Processing file /home/airflow/.local/lib/python3.8/site-packages/airflow/example_dags/example_task_group_decorator.py for tasks to queue
[2024-03-13T02:24:24.557+0000] {logging_mixin.py:188} INFO - [2024-03-13T02:24:24.557+0000] {dagbag.py:540} INFO - Filling up the DagBag from /home/airflow/.local/lib/python3.8/site-packages/airflow/example_dags/example_task_group_decorator.py
[2024-03-13T02:24:24.568+0000] {processor.py:840} INFO - DAG(s) 'example_task_group_decorator' retrieved from /home/airflow/.local/lib/python3.8/site-packages/airflow/example_dags/example_task_group_decorator.py
[2024-03-13T02:24:24.587+0000] {logging_mixin.py:188} INFO - [2024-03-13T02:24:24.587+0000] {dag.py:3047} INFO - Sync 1 DAGs
[2024-03-13T02:24:24.605+0000] {logging_mixin.py:188} INFO - [2024-03-13T02:24:24.605+0000] {dag.py:3834} INFO - Setting next_dagrun for example_task_group_decorator to 2024-03-12 00:00:00+00:00, run_after=2024-03-13 00:00:00+00:00
[2024-03-13T02:24:24.623+0000] {processor.py:183} INFO - Processing /home/airflow/.local/lib/python3.8/site-packages/airflow/example_dags/example_task_group_decorator.py took 0.071 seconds
[2024-03-13T02:24:54.805+0000] {processor.py:161} INFO - Started process (PID=321) to work on /home/airflow/.local/lib/python3.8/site-packages/airflow/example_dags/example_task_group_decorator.py
[2024-03-13T02:24:54.806+0000] {processor.py:830} INFO - Processing file /home/airflow/.local/lib/python3.8/site-packages/airflow/example_dags/example_task_group_decorator.py for tasks to queue
[2024-03-13T02:24:54.808+0000] {logging_mixin.py:188} INFO - [2024-03-13T02:24:54.808+0000] {dagbag.py:540} INFO - Filling up the DagBag from /home/airflow/.local/lib/python3.8/site-packages/airflow/example_dags/example_task_group_decorator.py
[2024-03-13T02:24:54.819+0000] {processor.py:840} INFO - DAG(s) 'example_task_group_decorator' retrieved from /home/airflow/.local/lib/python3.8/site-packages/airflow/example_dags/example_task_group_decorator.py
[2024-03-13T02:24:54.838+0000] {logging_mixin.py:188} INFO - [2024-03-13T02:24:54.838+0000] {dag.py:3047} INFO - Sync 1 DAGs
[2024-03-13T02:24:54.856+0000] {logging_mixin.py:188} INFO - [2024-03-13T02:24:54.856+0000] {dag.py:3834} INFO - Setting next_dagrun for example_task_group_decorator to 2024-03-12 00:00:00+00:00, run_after=2024-03-13 00:00:00+00:00
[2024-03-13T02:24:54.874+0000] {processor.py:183} INFO - Processing /home/airflow/.local/lib/python3.8/site-packages/airflow/example_dags/example_task_group_decorator.py took 0.071 seconds
[2024-03-13T02:25:25.075+0000] {processor.py:161} INFO - Started process (PID=376) to work on /home/airflow/.local/lib/python3.8/site-packages/airflow/example_dags/example_task_group_decorator.py
[2024-03-13T02:25:25.076+0000] {processor.py:830} INFO - Processing file /home/airflow/.local/lib/python3.8/site-packages/airflow/example_dags/example_task_group_decorator.py for tasks to queue
[2024-03-13T02:25:25.077+0000] {logging_mixin.py:188} INFO - [2024-03-13T02:25:25.077+0000] {dagbag.py:540} INFO - Filling up the DagBag from /home/airflow/.local/lib/python3.8/site-packages/airflow/example_dags/example_task_group_decorator.py
[2024-03-13T02:25:25.088+0000] {processor.py:840} INFO - DAG(s) 'example_task_group_decorator' retrieved from /home/airflow/.local/lib/python3.8/site-packages/airflow/example_dags/example_task_group_decorator.py
[2024-03-13T02:25:25.107+0000] {logging_mixin.py:188} INFO - [2024-03-13T02:25:25.107+0000] {dag.py:3047} INFO - Sync 1 DAGs
[2024-03-13T02:25:25.125+0000] {logging_mixin.py:188} INFO - [2024-03-13T02:25:25.124+0000] {dag.py:3834} INFO - Setting next_dagrun for example_task_group_decorator to 2024-03-12 00:00:00+00:00, run_after=2024-03-13 00:00:00+00:00
[2024-03-13T02:25:25.141+0000] {processor.py:183} INFO - Processing /home/airflow/.local/lib/python3.8/site-packages/airflow/example_dags/example_task_group_decorator.py took 0.069 seconds
[2024-03-13T02:25:55.364+0000] {processor.py:161} INFO - Started process (PID=431) to work on /home/airflow/.local/lib/python3.8/site-packages/airflow/example_dags/example_task_group_decorator.py
[2024-03-13T02:25:55.365+0000] {processor.py:830} INFO - Processing file /home/airflow/.local/lib/python3.8/site-packages/airflow/example_dags/example_task_group_decorator.py for tasks to queue
[2024-03-13T02:25:55.366+0000] {logging_mixin.py:188} INFO - [2024-03-13T02:25:55.366+0000] {dagbag.py:540} INFO - Filling up the DagBag from /home/airflow/.local/lib/python3.8/site-packages/airflow/example_dags/example_task_group_decorator.py
[2024-03-13T02:25:55.379+0000] {processor.py:840} INFO - DAG(s) 'example_task_group_decorator' retrieved from /home/airflow/.local/lib/python3.8/site-packages/airflow/example_dags/example_task_group_decorator.py
[2024-03-13T02:25:55.401+0000] {logging_mixin.py:188} INFO - [2024-03-13T02:25:55.401+0000] {dag.py:3047} INFO - Sync 1 DAGs
[2024-03-13T02:25:55.421+0000] {logging_mixin.py:188} INFO - [2024-03-13T02:25:55.421+0000] {dag.py:3834} INFO - Setting next_dagrun for example_task_group_decorator to 2024-03-12 00:00:00+00:00, run_after=2024-03-13 00:00:00+00:00
[2024-03-13T02:25:55.441+0000] {processor.py:183} INFO - Processing /home/airflow/.local/lib/python3.8/site-packages/airflow/example_dags/example_task_group_decorator.py took 0.080 seconds
[2024-03-13T02:26:25.718+0000] {processor.py:161} INFO - Started process (PID=487) to work on /home/airflow/.local/lib/python3.8/site-packages/airflow/example_dags/example_task_group_decorator.py
[2024-03-13T02:26:25.719+0000] {processor.py:830} INFO - Processing file /home/airflow/.local/lib/python3.8/site-packages/airflow/example_dags/example_task_group_decorator.py for tasks to queue
[2024-03-13T02:26:25.721+0000] {logging_mixin.py:188} INFO - [2024-03-13T02:26:25.720+0000] {dagbag.py:540} INFO - Filling up the DagBag from /home/airflow/.local/lib/python3.8/site-packages/airflow/example_dags/example_task_group_decorator.py
[2024-03-13T02:26:25.734+0000] {processor.py:840} INFO - DAG(s) 'example_task_group_decorator' retrieved from /home/airflow/.local/lib/python3.8/site-packages/airflow/example_dags/example_task_group_decorator.py
[2024-03-13T02:26:25.759+0000] {logging_mixin.py:188} INFO - [2024-03-13T02:26:25.759+0000] {dag.py:3047} INFO - Sync 1 DAGs
[2024-03-13T02:26:25.778+0000] {logging_mixin.py:188} INFO - [2024-03-13T02:26:25.778+0000] {dag.py:3834} INFO - Setting next_dagrun for example_task_group_decorator to 2024-03-12 00:00:00+00:00, run_after=2024-03-13 00:00:00+00:00
[2024-03-13T02:26:25.795+0000] {processor.py:183} INFO - Processing /home/airflow/.local/lib/python3.8/site-packages/airflow/example_dags/example_task_group_decorator.py took 0.079 seconds
[2024-03-13T02:26:56.039+0000] {processor.py:161} INFO - Started process (PID=542) to work on /home/airflow/.local/lib/python3.8/site-packages/airflow/example_dags/example_task_group_decorator.py
[2024-03-13T02:26:56.040+0000] {processor.py:830} INFO - Processing file /home/airflow/.local/lib/python3.8/site-packages/airflow/example_dags/example_task_group_decorator.py for tasks to queue
[2024-03-13T02:26:56.042+0000] {logging_mixin.py:188} INFO - [2024-03-13T02:26:56.041+0000] {dagbag.py:540} INFO - Filling up the DagBag from /home/airflow/.local/lib/python3.8/site-packages/airflow/example_dags/example_task_group_decorator.py
[2024-03-13T02:26:56.053+0000] {processor.py:840} INFO - DAG(s) 'example_task_group_decorator' retrieved from /home/airflow/.local/lib/python3.8/site-packages/airflow/example_dags/example_task_group_decorator.py
[2024-03-13T02:26:56.072+0000] {logging_mixin.py:188} INFO - [2024-03-13T02:26:56.072+0000] {dag.py:3047} INFO - Sync 1 DAGs
[2024-03-13T02:26:56.090+0000] {logging_mixin.py:188} INFO - [2024-03-13T02:26:56.090+0000] {dag.py:3834} INFO - Setting next_dagrun for example_task_group_decorator to 2024-03-12 00:00:00+00:00, run_after=2024-03-13 00:00:00+00:00
[2024-03-13T02:26:56.110+0000] {processor.py:183} INFO - Processing /home/airflow/.local/lib/python3.8/site-packages/airflow/example_dags/example_task_group_decorator.py took 0.073 seconds
[2024-03-13T02:27:26.490+0000] {processor.py:161} INFO - Started process (PID=597) to work on /home/airflow/.local/lib/python3.8/site-packages/airflow/example_dags/example_task_group_decorator.py
[2024-03-13T02:27:26.491+0000] {processor.py:830} INFO - Processing file /home/airflow/.local/lib/python3.8/site-packages/airflow/example_dags/example_task_group_decorator.py for tasks to queue
[2024-03-13T02:27:26.493+0000] {logging_mixin.py:188} INFO - [2024-03-13T02:27:26.492+0000] {dagbag.py:540} INFO - Filling up the DagBag from /home/airflow/.local/lib/python3.8/site-packages/airflow/example_dags/example_task_group_decorator.py
[2024-03-13T02:27:26.504+0000] {processor.py:840} INFO - DAG(s) 'example_task_group_decorator' retrieved from /home/airflow/.local/lib/python3.8/site-packages/airflow/example_dags/example_task_group_decorator.py
[2024-03-13T02:27:26.526+0000] {logging_mixin.py:188} INFO - [2024-03-13T02:27:26.526+0000] {dag.py:3047} INFO - Sync 1 DAGs
[2024-03-13T02:27:26.544+0000] {logging_mixin.py:188} INFO - [2024-03-13T02:27:26.544+0000] {dag.py:3834} INFO - Setting next_dagrun for example_task_group_decorator to 2024-03-12 00:00:00+00:00, run_after=2024-03-13 00:00:00+00:00
[2024-03-13T02:27:26.561+0000] {processor.py:183} INFO - Processing /home/airflow/.local/lib/python3.8/site-packages/airflow/example_dags/example_task_group_decorator.py took 0.074 seconds
[2024-03-13T02:27:56.775+0000] {processor.py:161} INFO - Started process (PID=652) to work on /home/airflow/.local/lib/python3.8/site-packages/airflow/example_dags/example_task_group_decorator.py
[2024-03-13T02:27:56.776+0000] {processor.py:830} INFO - Processing file /home/airflow/.local/lib/python3.8/site-packages/airflow/example_dags/example_task_group_decorator.py for tasks to queue
[2024-03-13T02:27:56.777+0000] {logging_mixin.py:188} INFO - [2024-03-13T02:27:56.777+0000] {dagbag.py:540} INFO - Filling up the DagBag from /home/airflow/.local/lib/python3.8/site-packages/airflow/example_dags/example_task_group_decorator.py
[2024-03-13T02:27:56.791+0000] {processor.py:840} INFO - DAG(s) 'example_task_group_decorator' retrieved from /home/airflow/.local/lib/python3.8/site-packages/airflow/example_dags/example_task_group_decorator.py
[2024-03-13T02:27:56.812+0000] {logging_mixin.py:188} INFO - [2024-03-13T02:27:56.812+0000] {dag.py:3047} INFO - Sync 1 DAGs
[2024-03-13T02:27:56.830+0000] {logging_mixin.py:188} INFO - [2024-03-13T02:27:56.830+0000] {dag.py:3834} INFO - Setting next_dagrun for example_task_group_decorator to 2024-03-12 00:00:00+00:00, run_after=2024-03-13 00:00:00+00:00
[2024-03-13T02:27:56.849+0000] {processor.py:183} INFO - Processing /home/airflow/.local/lib/python3.8/site-packages/airflow/example_dags/example_task_group_decorator.py took 0.077 seconds
[2024-03-13T02:28:27.034+0000] {processor.py:161} INFO - Started process (PID=707) to work on /home/airflow/.local/lib/python3.8/site-packages/airflow/example_dags/example_task_group_decorator.py
[2024-03-13T02:28:27.035+0000] {processor.py:830} INFO - Processing file /home/airflow/.local/lib/python3.8/site-packages/airflow/example_dags/example_task_group_decorator.py for tasks to queue
[2024-03-13T02:28:27.037+0000] {logging_mixin.py:188} INFO - [2024-03-13T02:28:27.036+0000] {dagbag.py:540} INFO - Filling up the DagBag from /home/airflow/.local/lib/python3.8/site-packages/airflow/example_dags/example_task_group_decorator.py
[2024-03-13T02:28:27.050+0000] {processor.py:840} INFO - DAG(s) 'example_task_group_decorator' retrieved from /home/airflow/.local/lib/python3.8/site-packages/airflow/example_dags/example_task_group_decorator.py
[2024-03-13T02:28:27.071+0000] {logging_mixin.py:188} INFO - [2024-03-13T02:28:27.071+0000] {dag.py:3047} INFO - Sync 1 DAGs
[2024-03-13T02:28:27.092+0000] {logging_mixin.py:188} INFO - [2024-03-13T02:28:27.092+0000] {dag.py:3834} INFO - Setting next_dagrun for example_task_group_decorator to 2024-03-12 00:00:00+00:00, run_after=2024-03-13 00:00:00+00:00
[2024-03-13T02:28:27.112+0000] {processor.py:183} INFO - Processing /home/airflow/.local/lib/python3.8/site-packages/airflow/example_dags/example_task_group_decorator.py took 0.080 seconds
[2024-03-13T02:28:57.358+0000] {processor.py:161} INFO - Started process (PID=762) to work on /home/airflow/.local/lib/python3.8/site-packages/airflow/example_dags/example_task_group_decorator.py
[2024-03-13T02:28:57.358+0000] {processor.py:830} INFO - Processing file /home/airflow/.local/lib/python3.8/site-packages/airflow/example_dags/example_task_group_decorator.py for tasks to queue
[2024-03-13T02:28:57.360+0000] {logging_mixin.py:188} INFO - [2024-03-13T02:28:57.360+0000] {dagbag.py:540} INFO - Filling up the DagBag from /home/airflow/.local/lib/python3.8/site-packages/airflow/example_dags/example_task_group_decorator.py
[2024-03-13T02:28:57.374+0000] {processor.py:840} INFO - DAG(s) 'example_task_group_decorator' retrieved from /home/airflow/.local/lib/python3.8/site-packages/airflow/example_dags/example_task_group_decorator.py
[2024-03-13T02:28:57.397+0000] {logging_mixin.py:188} INFO - [2024-03-13T02:28:57.397+0000] {dag.py:3047} INFO - Sync 1 DAGs
[2024-03-13T02:28:57.420+0000] {logging_mixin.py:188} INFO - [2024-03-13T02:28:57.420+0000] {dag.py:3834} INFO - Setting next_dagrun for example_task_group_decorator to 2024-03-12 00:00:00+00:00, run_after=2024-03-13 00:00:00+00:00
[2024-03-13T02:28:57.439+0000] {processor.py:183} INFO - Processing /home/airflow/.local/lib/python3.8/site-packages/airflow/example_dags/example_task_group_decorator.py took 0.084 seconds
