[2024-03-13T02:22:24.343+0000] {processor.py:161} INFO - Started process (PID=62) to work on /home/airflow/.local/lib/python3.8/site-packages/airflow/example_dags/example_python_decorator.py
[2024-03-13T02:22:24.344+0000] {processor.py:830} INFO - Processing file /home/airflow/.local/lib/python3.8/site-packages/airflow/example_dags/example_python_decorator.py for tasks to queue
[2024-03-13T02:22:24.346+0000] {logging_mixin.py:188} INFO - [2024-03-13T02:22:24.345+0000] {dagbag.py:540} INFO - Filling up the DagBag from /home/airflow/.local/lib/python3.8/site-packages/airflow/example_dags/example_python_decorator.py
[2024-03-13T02:22:24.359+0000] {processor.py:840} INFO - DAG(s) 'example_python_decorator' retrieved from /home/airflow/.local/lib/python3.8/site-packages/airflow/example_dags/example_python_decorator.py
[2024-03-13T02:22:24.448+0000] {logging_mixin.py:188} INFO - [2024-03-13T02:22:24.447+0000] {override.py:1769} INFO - Created Permission View: can delete on DAG:example_python_decorator
[2024-03-13T02:22:24.458+0000] {logging_mixin.py:188} INFO - [2024-03-13T02:22:24.458+0000] {override.py:1769} INFO - Created Permission View: can read on DAG:example_python_decorator
[2024-03-13T02:22:24.465+0000] {logging_mixin.py:188} INFO - [2024-03-13T02:22:24.465+0000] {override.py:1769} INFO - Created Permission View: can edit on DAG:example_python_decorator
[2024-03-13T02:22:24.465+0000] {logging_mixin.py:188} INFO - [2024-03-13T02:22:24.465+0000] {dag.py:3047} INFO - Sync 1 DAGs
[2024-03-13T02:22:24.474+0000] {logging_mixin.py:188} INFO - [2024-03-13T02:22:24.474+0000] {dag.py:3069} INFO - Creating ORM DAG for example_python_decorator
[2024-03-13T02:22:24.475+0000] {logging_mixin.py:188} INFO - [2024-03-13T02:22:24.475+0000] {dag.py:3834} INFO - Setting next_dagrun for example_python_decorator to None, run_after=None
[2024-03-13T02:22:24.491+0000] {processor.py:183} INFO - Processing /home/airflow/.local/lib/python3.8/site-packages/airflow/example_dags/example_python_decorator.py took 0.150 seconds
[2024-03-13T02:22:54.521+0000] {processor.py:161} INFO - Started process (PID=117) to work on /home/airflow/.local/lib/python3.8/site-packages/airflow/example_dags/example_python_decorator.py
[2024-03-13T02:22:54.522+0000] {processor.py:830} INFO - Processing file /home/airflow/.local/lib/python3.8/site-packages/airflow/example_dags/example_python_decorator.py for tasks to queue
[2024-03-13T02:22:54.524+0000] {logging_mixin.py:188} INFO - [2024-03-13T02:22:54.523+0000] {dagbag.py:540} INFO - Filling up the DagBag from /home/airflow/.local/lib/python3.8/site-packages/airflow/example_dags/example_python_decorator.py
[2024-03-13T02:22:54.534+0000] {processor.py:840} INFO - DAG(s) 'example_python_decorator' retrieved from /home/airflow/.local/lib/python3.8/site-packages/airflow/example_dags/example_python_decorator.py
[2024-03-13T02:22:54.554+0000] {logging_mixin.py:188} INFO - [2024-03-13T02:22:54.554+0000] {dag.py:3047} INFO - Sync 1 DAGs
[2024-03-13T02:22:54.565+0000] {logging_mixin.py:188} INFO - [2024-03-13T02:22:54.565+0000] {dag.py:3834} INFO - Setting next_dagrun for example_python_decorator to None, run_after=None
[2024-03-13T02:22:54.583+0000] {processor.py:183} INFO - Processing /home/airflow/.local/lib/python3.8/site-packages/airflow/example_dags/example_python_decorator.py took 0.064 seconds
[2024-03-13T02:23:24.756+0000] {processor.py:161} INFO - Started process (PID=172) to work on /home/airflow/.local/lib/python3.8/site-packages/airflow/example_dags/example_python_decorator.py
[2024-03-13T02:23:24.757+0000] {processor.py:830} INFO - Processing file /home/airflow/.local/lib/python3.8/site-packages/airflow/example_dags/example_python_decorator.py for tasks to queue
[2024-03-13T02:23:24.759+0000] {logging_mixin.py:188} INFO - [2024-03-13T02:23:24.759+0000] {dagbag.py:540} INFO - Filling up the DagBag from /home/airflow/.local/lib/python3.8/site-packages/airflow/example_dags/example_python_decorator.py
[2024-03-13T02:23:24.769+0000] {processor.py:840} INFO - DAG(s) 'example_python_decorator' retrieved from /home/airflow/.local/lib/python3.8/site-packages/airflow/example_dags/example_python_decorator.py
[2024-03-13T02:23:24.789+0000] {logging_mixin.py:188} INFO - [2024-03-13T02:23:24.788+0000] {dag.py:3047} INFO - Sync 1 DAGs
[2024-03-13T02:23:24.799+0000] {logging_mixin.py:188} INFO - [2024-03-13T02:23:24.799+0000] {dag.py:3834} INFO - Setting next_dagrun for example_python_decorator to None, run_after=None
[2024-03-13T02:23:24.818+0000] {processor.py:183} INFO - Processing /home/airflow/.local/lib/python3.8/site-packages/airflow/example_dags/example_python_decorator.py took 0.064 seconds
[2024-03-13T02:23:55.099+0000] {processor.py:161} INFO - Started process (PID=227) to work on /home/airflow/.local/lib/python3.8/site-packages/airflow/example_dags/example_python_decorator.py
[2024-03-13T02:23:55.099+0000] {processor.py:830} INFO - Processing file /home/airflow/.local/lib/python3.8/site-packages/airflow/example_dags/example_python_decorator.py for tasks to queue
[2024-03-13T02:23:55.101+0000] {logging_mixin.py:188} INFO - [2024-03-13T02:23:55.101+0000] {dagbag.py:540} INFO - Filling up the DagBag from /home/airflow/.local/lib/python3.8/site-packages/airflow/example_dags/example_python_decorator.py
[2024-03-13T02:23:55.113+0000] {processor.py:840} INFO - DAG(s) 'example_python_decorator' retrieved from /home/airflow/.local/lib/python3.8/site-packages/airflow/example_dags/example_python_decorator.py
[2024-03-13T02:23:55.130+0000] {logging_mixin.py:188} INFO - [2024-03-13T02:23:55.130+0000] {dag.py:3047} INFO - Sync 1 DAGs
[2024-03-13T02:23:55.141+0000] {logging_mixin.py:188} INFO - [2024-03-13T02:23:55.141+0000] {dag.py:3834} INFO - Setting next_dagrun for example_python_decorator to None, run_after=None
[2024-03-13T02:23:55.162+0000] {processor.py:183} INFO - Processing /home/airflow/.local/lib/python3.8/site-packages/airflow/example_dags/example_python_decorator.py took 0.066 seconds
[2024-03-13T02:24:25.332+0000] {processor.py:161} INFO - Started process (PID=282) to work on /home/airflow/.local/lib/python3.8/site-packages/airflow/example_dags/example_python_decorator.py
[2024-03-13T02:24:25.333+0000] {processor.py:830} INFO - Processing file /home/airflow/.local/lib/python3.8/site-packages/airflow/example_dags/example_python_decorator.py for tasks to queue
[2024-03-13T02:24:25.335+0000] {logging_mixin.py:188} INFO - [2024-03-13T02:24:25.334+0000] {dagbag.py:540} INFO - Filling up the DagBag from /home/airflow/.local/lib/python3.8/site-packages/airflow/example_dags/example_python_decorator.py
[2024-03-13T02:24:25.346+0000] {processor.py:840} INFO - DAG(s) 'example_python_decorator' retrieved from /home/airflow/.local/lib/python3.8/site-packages/airflow/example_dags/example_python_decorator.py
[2024-03-13T02:24:25.363+0000] {logging_mixin.py:188} INFO - [2024-03-13T02:24:25.363+0000] {dag.py:3047} INFO - Sync 1 DAGs
[2024-03-13T02:24:25.373+0000] {logging_mixin.py:188} INFO - [2024-03-13T02:24:25.373+0000] {dag.py:3834} INFO - Setting next_dagrun for example_python_decorator to None, run_after=None
[2024-03-13T02:24:25.391+0000] {processor.py:183} INFO - Processing /home/airflow/.local/lib/python3.8/site-packages/airflow/example_dags/example_python_decorator.py took 0.061 seconds
[2024-03-13T02:24:55.594+0000] {processor.py:161} INFO - Started process (PID=337) to work on /home/airflow/.local/lib/python3.8/site-packages/airflow/example_dags/example_python_decorator.py
[2024-03-13T02:24:55.595+0000] {processor.py:830} INFO - Processing file /home/airflow/.local/lib/python3.8/site-packages/airflow/example_dags/example_python_decorator.py for tasks to queue
[2024-03-13T02:24:55.597+0000] {logging_mixin.py:188} INFO - [2024-03-13T02:24:55.596+0000] {dagbag.py:540} INFO - Filling up the DagBag from /home/airflow/.local/lib/python3.8/site-packages/airflow/example_dags/example_python_decorator.py
[2024-03-13T02:24:55.606+0000] {processor.py:840} INFO - DAG(s) 'example_python_decorator' retrieved from /home/airflow/.local/lib/python3.8/site-packages/airflow/example_dags/example_python_decorator.py
[2024-03-13T02:24:55.624+0000] {logging_mixin.py:188} INFO - [2024-03-13T02:24:55.624+0000] {dag.py:3047} INFO - Sync 1 DAGs
[2024-03-13T02:24:55.636+0000] {logging_mixin.py:188} INFO - [2024-03-13T02:24:55.635+0000] {dag.py:3834} INFO - Setting next_dagrun for example_python_decorator to None, run_after=None
[2024-03-13T02:24:55.653+0000] {processor.py:183} INFO - Processing /home/airflow/.local/lib/python3.8/site-packages/airflow/example_dags/example_python_decorator.py took 0.062 seconds
[2024-03-13T02:25:25.908+0000] {processor.py:161} INFO - Started process (PID=392) to work on /home/airflow/.local/lib/python3.8/site-packages/airflow/example_dags/example_python_decorator.py
[2024-03-13T02:25:25.909+0000] {processor.py:830} INFO - Processing file /home/airflow/.local/lib/python3.8/site-packages/airflow/example_dags/example_python_decorator.py for tasks to queue
[2024-03-13T02:25:25.910+0000] {logging_mixin.py:188} INFO - [2024-03-13T02:25:25.910+0000] {dagbag.py:540} INFO - Filling up the DagBag from /home/airflow/.local/lib/python3.8/site-packages/airflow/example_dags/example_python_decorator.py
[2024-03-13T02:25:25.923+0000] {processor.py:840} INFO - DAG(s) 'example_python_decorator' retrieved from /home/airflow/.local/lib/python3.8/site-packages/airflow/example_dags/example_python_decorator.py
[2024-03-13T02:25:25.941+0000] {logging_mixin.py:188} INFO - [2024-03-13T02:25:25.941+0000] {dag.py:3047} INFO - Sync 1 DAGs
[2024-03-13T02:25:25.953+0000] {logging_mixin.py:188} INFO - [2024-03-13T02:25:25.953+0000] {dag.py:3834} INFO - Setting next_dagrun for example_python_decorator to None, run_after=None
[2024-03-13T02:25:25.969+0000] {processor.py:183} INFO - Processing /home/airflow/.local/lib/python3.8/site-packages/airflow/example_dags/example_python_decorator.py took 0.063 seconds
[2024-03-13T02:25:56.277+0000] {processor.py:161} INFO - Started process (PID=447) to work on /home/airflow/.local/lib/python3.8/site-packages/airflow/example_dags/example_python_decorator.py
[2024-03-13T02:25:56.278+0000] {processor.py:830} INFO - Processing file /home/airflow/.local/lib/python3.8/site-packages/airflow/example_dags/example_python_decorator.py for tasks to queue
[2024-03-13T02:25:56.279+0000] {logging_mixin.py:188} INFO - [2024-03-13T02:25:56.279+0000] {dagbag.py:540} INFO - Filling up the DagBag from /home/airflow/.local/lib/python3.8/site-packages/airflow/example_dags/example_python_decorator.py
[2024-03-13T02:25:56.289+0000] {processor.py:840} INFO - DAG(s) 'example_python_decorator' retrieved from /home/airflow/.local/lib/python3.8/site-packages/airflow/example_dags/example_python_decorator.py
[2024-03-13T02:25:56.308+0000] {logging_mixin.py:188} INFO - [2024-03-13T02:25:56.307+0000] {dag.py:3047} INFO - Sync 1 DAGs
[2024-03-13T02:25:56.320+0000] {logging_mixin.py:188} INFO - [2024-03-13T02:25:56.319+0000] {dag.py:3834} INFO - Setting next_dagrun for example_python_decorator to None, run_after=None
[2024-03-13T02:25:56.335+0000] {processor.py:183} INFO - Processing /home/airflow/.local/lib/python3.8/site-packages/airflow/example_dags/example_python_decorator.py took 0.061 seconds
[2024-03-13T02:26:26.588+0000] {processor.py:161} INFO - Started process (PID=503) to work on /home/airflow/.local/lib/python3.8/site-packages/airflow/example_dags/example_python_decorator.py
[2024-03-13T02:26:26.590+0000] {processor.py:830} INFO - Processing file /home/airflow/.local/lib/python3.8/site-packages/airflow/example_dags/example_python_decorator.py for tasks to queue
[2024-03-13T02:26:26.591+0000] {logging_mixin.py:188} INFO - [2024-03-13T02:26:26.591+0000] {dagbag.py:540} INFO - Filling up the DagBag from /home/airflow/.local/lib/python3.8/site-packages/airflow/example_dags/example_python_decorator.py
[2024-03-13T02:26:26.601+0000] {processor.py:840} INFO - DAG(s) 'example_python_decorator' retrieved from /home/airflow/.local/lib/python3.8/site-packages/airflow/example_dags/example_python_decorator.py
[2024-03-13T02:26:26.619+0000] {logging_mixin.py:188} INFO - [2024-03-13T02:26:26.618+0000] {dag.py:3047} INFO - Sync 1 DAGs
[2024-03-13T02:26:26.629+0000] {logging_mixin.py:188} INFO - [2024-03-13T02:26:26.628+0000] {dag.py:3834} INFO - Setting next_dagrun for example_python_decorator to None, run_after=None
[2024-03-13T02:26:26.644+0000] {processor.py:183} INFO - Processing /home/airflow/.local/lib/python3.8/site-packages/airflow/example_dags/example_python_decorator.py took 0.058 seconds
[2024-03-13T02:26:56.931+0000] {processor.py:161} INFO - Started process (PID=558) to work on /home/airflow/.local/lib/python3.8/site-packages/airflow/example_dags/example_python_decorator.py
[2024-03-13T02:26:56.932+0000] {processor.py:830} INFO - Processing file /home/airflow/.local/lib/python3.8/site-packages/airflow/example_dags/example_python_decorator.py for tasks to queue
[2024-03-13T02:26:56.934+0000] {logging_mixin.py:188} INFO - [2024-03-13T02:26:56.934+0000] {dagbag.py:540} INFO - Filling up the DagBag from /home/airflow/.local/lib/python3.8/site-packages/airflow/example_dags/example_python_decorator.py
[2024-03-13T02:26:56.946+0000] {processor.py:840} INFO - DAG(s) 'example_python_decorator' retrieved from /home/airflow/.local/lib/python3.8/site-packages/airflow/example_dags/example_python_decorator.py
[2024-03-13T02:26:56.967+0000] {logging_mixin.py:188} INFO - [2024-03-13T02:26:56.967+0000] {dag.py:3047} INFO - Sync 1 DAGs
[2024-03-13T02:26:56.978+0000] {logging_mixin.py:188} INFO - [2024-03-13T02:26:56.978+0000] {dag.py:3834} INFO - Setting next_dagrun for example_python_decorator to None, run_after=None
[2024-03-13T02:26:57.001+0000] {processor.py:183} INFO - Processing /home/airflow/.local/lib/python3.8/site-packages/airflow/example_dags/example_python_decorator.py took 0.074 seconds
[2024-03-13T02:27:27.302+0000] {processor.py:161} INFO - Started process (PID=613) to work on /home/airflow/.local/lib/python3.8/site-packages/airflow/example_dags/example_python_decorator.py
[2024-03-13T02:27:27.303+0000] {processor.py:830} INFO - Processing file /home/airflow/.local/lib/python3.8/site-packages/airflow/example_dags/example_python_decorator.py for tasks to queue
[2024-03-13T02:27:27.304+0000] {logging_mixin.py:188} INFO - [2024-03-13T02:27:27.304+0000] {dagbag.py:540} INFO - Filling up the DagBag from /home/airflow/.local/lib/python3.8/site-packages/airflow/example_dags/example_python_decorator.py
[2024-03-13T02:27:27.316+0000] {processor.py:840} INFO - DAG(s) 'example_python_decorator' retrieved from /home/airflow/.local/lib/python3.8/site-packages/airflow/example_dags/example_python_decorator.py
[2024-03-13T02:27:27.336+0000] {logging_mixin.py:188} INFO - [2024-03-13T02:27:27.336+0000] {dag.py:3047} INFO - Sync 1 DAGs
[2024-03-13T02:27:27.347+0000] {logging_mixin.py:188} INFO - [2024-03-13T02:27:27.346+0000] {dag.py:3834} INFO - Setting next_dagrun for example_python_decorator to None, run_after=None
[2024-03-13T02:27:27.365+0000] {processor.py:183} INFO - Processing /home/airflow/.local/lib/python3.8/site-packages/airflow/example_dags/example_python_decorator.py took 0.066 seconds
[2024-03-13T02:27:57.594+0000] {processor.py:161} INFO - Started process (PID=668) to work on /home/airflow/.local/lib/python3.8/site-packages/airflow/example_dags/example_python_decorator.py
[2024-03-13T02:27:57.595+0000] {processor.py:830} INFO - Processing file /home/airflow/.local/lib/python3.8/site-packages/airflow/example_dags/example_python_decorator.py for tasks to queue
[2024-03-13T02:27:57.597+0000] {logging_mixin.py:188} INFO - [2024-03-13T02:27:57.596+0000] {dagbag.py:540} INFO - Filling up the DagBag from /home/airflow/.local/lib/python3.8/site-packages/airflow/example_dags/example_python_decorator.py
[2024-03-13T02:27:57.609+0000] {processor.py:840} INFO - DAG(s) 'example_python_decorator' retrieved from /home/airflow/.local/lib/python3.8/site-packages/airflow/example_dags/example_python_decorator.py
[2024-03-13T02:27:57.626+0000] {logging_mixin.py:188} INFO - [2024-03-13T02:27:57.626+0000] {dag.py:3047} INFO - Sync 1 DAGs
[2024-03-13T02:27:57.637+0000] {logging_mixin.py:188} INFO - [2024-03-13T02:27:57.637+0000] {dag.py:3834} INFO - Setting next_dagrun for example_python_decorator to None, run_after=None
[2024-03-13T02:27:57.653+0000] {processor.py:183} INFO - Processing /home/airflow/.local/lib/python3.8/site-packages/airflow/example_dags/example_python_decorator.py took 0.061 seconds
[2024-03-13T02:28:27.937+0000] {processor.py:161} INFO - Started process (PID=723) to work on /home/airflow/.local/lib/python3.8/site-packages/airflow/example_dags/example_python_decorator.py
[2024-03-13T02:28:27.938+0000] {processor.py:830} INFO - Processing file /home/airflow/.local/lib/python3.8/site-packages/airflow/example_dags/example_python_decorator.py for tasks to queue
[2024-03-13T02:28:27.940+0000] {logging_mixin.py:188} INFO - [2024-03-13T02:28:27.940+0000] {dagbag.py:540} INFO - Filling up the DagBag from /home/airflow/.local/lib/python3.8/site-packages/airflow/example_dags/example_python_decorator.py
[2024-03-13T02:28:27.951+0000] {processor.py:840} INFO - DAG(s) 'example_python_decorator' retrieved from /home/airflow/.local/lib/python3.8/site-packages/airflow/example_dags/example_python_decorator.py
[2024-03-13T02:28:27.970+0000] {logging_mixin.py:188} INFO - [2024-03-13T02:28:27.970+0000] {dag.py:3047} INFO - Sync 1 DAGs
[2024-03-13T02:28:27.981+0000] {logging_mixin.py:188} INFO - [2024-03-13T02:28:27.980+0000] {dag.py:3834} INFO - Setting next_dagrun for example_python_decorator to None, run_after=None
[2024-03-13T02:28:27.997+0000] {processor.py:183} INFO - Processing /home/airflow/.local/lib/python3.8/site-packages/airflow/example_dags/example_python_decorator.py took 0.062 seconds
[2024-03-13T02:28:58.162+0000] {processor.py:161} INFO - Started process (PID=778) to work on /home/airflow/.local/lib/python3.8/site-packages/airflow/example_dags/example_python_decorator.py
[2024-03-13T02:28:58.163+0000] {processor.py:830} INFO - Processing file /home/airflow/.local/lib/python3.8/site-packages/airflow/example_dags/example_python_decorator.py for tasks to queue
[2024-03-13T02:28:58.165+0000] {logging_mixin.py:188} INFO - [2024-03-13T02:28:58.164+0000] {dagbag.py:540} INFO - Filling up the DagBag from /home/airflow/.local/lib/python3.8/site-packages/airflow/example_dags/example_python_decorator.py
[2024-03-13T02:28:58.177+0000] {processor.py:840} INFO - DAG(s) 'example_python_decorator' retrieved from /home/airflow/.local/lib/python3.8/site-packages/airflow/example_dags/example_python_decorator.py
[2024-03-13T02:28:58.195+0000] {logging_mixin.py:188} INFO - [2024-03-13T02:28:58.195+0000] {dag.py:3047} INFO - Sync 1 DAGs
[2024-03-13T02:28:58.204+0000] {logging_mixin.py:188} INFO - [2024-03-13T02:28:58.204+0000] {dag.py:3834} INFO - Setting next_dagrun for example_python_decorator to None, run_after=None
[2024-03-13T02:28:58.222+0000] {processor.py:183} INFO - Processing /home/airflow/.local/lib/python3.8/site-packages/airflow/example_dags/example_python_decorator.py took 0.063 seconds
