[2024-03-13T02:22:23.000+0000] {processor.py:161} INFO - Started process (PID=51) to work on /home/airflow/.local/lib/python3.8/site-packages/airflow/example_dags/tutorial.py
[2024-03-13T02:22:23.002+0000] {processor.py:830} INFO - Processing file /home/airflow/.local/lib/python3.8/site-packages/airflow/example_dags/tutorial.py for tasks to queue
[2024-03-13T02:22:23.003+0000] {logging_mixin.py:188} INFO - [2024-03-13T02:22:23.003+0000] {dagbag.py:540} INFO - Filling up the DagBag from /home/airflow/.local/lib/python3.8/site-packages/airflow/example_dags/tutorial.py
[2024-03-13T02:22:23.011+0000] {processor.py:840} INFO - DAG(s) 'tutorial' retrieved from /home/airflow/.local/lib/python3.8/site-packages/airflow/example_dags/tutorial.py
[2024-03-13T02:22:23.101+0000] {logging_mixin.py:188} INFO - [2024-03-13T02:22:23.100+0000] {override.py:1769} INFO - Created Permission View: can delete on DAG:tutorial
[2024-03-13T02:22:23.110+0000] {logging_mixin.py:188} INFO - [2024-03-13T02:22:23.110+0000] {override.py:1769} INFO - Created Permission View: can read on DAG:tutorial
[2024-03-13T02:22:23.117+0000] {logging_mixin.py:188} INFO - [2024-03-13T02:22:23.117+0000] {override.py:1769} INFO - Created Permission View: can edit on DAG:tutorial
[2024-03-13T02:22:23.118+0000] {logging_mixin.py:188} INFO - [2024-03-13T02:22:23.117+0000] {dag.py:3047} INFO - Sync 1 DAGs
[2024-03-13T02:22:23.129+0000] {logging_mixin.py:188} INFO - [2024-03-13T02:22:23.129+0000] {dag.py:3069} INFO - Creating ORM DAG for tutorial
[2024-03-13T02:22:23.140+0000] {logging_mixin.py:188} INFO - [2024-03-13T02:22:23.139+0000] {dag.py:3834} INFO - Setting next_dagrun for tutorial to 2024-03-12 00:00:00+00:00, run_after=2024-03-13 00:00:00+00:00
[2024-03-13T02:22:23.158+0000] {processor.py:183} INFO - Processing /home/airflow/.local/lib/python3.8/site-packages/airflow/example_dags/tutorial.py took 0.161 seconds
[2024-03-13T02:22:53.833+0000] {processor.py:161} INFO - Started process (PID=106) to work on /home/airflow/.local/lib/python3.8/site-packages/airflow/example_dags/tutorial.py
[2024-03-13T02:22:53.834+0000] {processor.py:830} INFO - Processing file /home/airflow/.local/lib/python3.8/site-packages/airflow/example_dags/tutorial.py for tasks to queue
[2024-03-13T02:22:53.835+0000] {logging_mixin.py:188} INFO - [2024-03-13T02:22:53.835+0000] {dagbag.py:540} INFO - Filling up the DagBag from /home/airflow/.local/lib/python3.8/site-packages/airflow/example_dags/tutorial.py
[2024-03-13T02:22:53.840+0000] {processor.py:840} INFO - DAG(s) 'tutorial' retrieved from /home/airflow/.local/lib/python3.8/site-packages/airflow/example_dags/tutorial.py
[2024-03-13T02:22:53.857+0000] {logging_mixin.py:188} INFO - [2024-03-13T02:22:53.857+0000] {dag.py:3047} INFO - Sync 1 DAGs
[2024-03-13T02:22:53.876+0000] {logging_mixin.py:188} INFO - [2024-03-13T02:22:53.876+0000] {dag.py:3834} INFO - Setting next_dagrun for tutorial to 2024-03-12 00:00:00+00:00, run_after=2024-03-13 00:00:00+00:00
[2024-03-13T02:22:53.892+0000] {processor.py:183} INFO - Processing /home/airflow/.local/lib/python3.8/site-packages/airflow/example_dags/tutorial.py took 0.061 seconds
[2024-03-13T02:23:24.175+0000] {processor.py:161} INFO - Started process (PID=161) to work on /home/airflow/.local/lib/python3.8/site-packages/airflow/example_dags/tutorial.py
[2024-03-13T02:23:24.176+0000] {processor.py:830} INFO - Processing file /home/airflow/.local/lib/python3.8/site-packages/airflow/example_dags/tutorial.py for tasks to queue
[2024-03-13T02:23:24.177+0000] {logging_mixin.py:188} INFO - [2024-03-13T02:23:24.177+0000] {dagbag.py:540} INFO - Filling up the DagBag from /home/airflow/.local/lib/python3.8/site-packages/airflow/example_dags/tutorial.py
[2024-03-13T02:23:24.182+0000] {processor.py:840} INFO - DAG(s) 'tutorial' retrieved from /home/airflow/.local/lib/python3.8/site-packages/airflow/example_dags/tutorial.py
[2024-03-13T02:23:24.198+0000] {logging_mixin.py:188} INFO - [2024-03-13T02:23:24.198+0000] {dag.py:3047} INFO - Sync 1 DAGs
[2024-03-13T02:23:24.218+0000] {logging_mixin.py:188} INFO - [2024-03-13T02:23:24.218+0000] {dag.py:3834} INFO - Setting next_dagrun for tutorial to 2024-03-12 00:00:00+00:00, run_after=2024-03-13 00:00:00+00:00
[2024-03-13T02:23:24.233+0000] {processor.py:183} INFO - Processing /home/airflow/.local/lib/python3.8/site-packages/airflow/example_dags/tutorial.py took 0.061 seconds
[2024-03-13T02:23:54.525+0000] {processor.py:161} INFO - Started process (PID=216) to work on /home/airflow/.local/lib/python3.8/site-packages/airflow/example_dags/tutorial.py
[2024-03-13T02:23:54.526+0000] {processor.py:830} INFO - Processing file /home/airflow/.local/lib/python3.8/site-packages/airflow/example_dags/tutorial.py for tasks to queue
[2024-03-13T02:23:54.527+0000] {logging_mixin.py:188} INFO - [2024-03-13T02:23:54.527+0000] {dagbag.py:540} INFO - Filling up the DagBag from /home/airflow/.local/lib/python3.8/site-packages/airflow/example_dags/tutorial.py
[2024-03-13T02:23:54.531+0000] {processor.py:840} INFO - DAG(s) 'tutorial' retrieved from /home/airflow/.local/lib/python3.8/site-packages/airflow/example_dags/tutorial.py
[2024-03-13T02:23:54.547+0000] {logging_mixin.py:188} INFO - [2024-03-13T02:23:54.546+0000] {dag.py:3047} INFO - Sync 1 DAGs
[2024-03-13T02:23:54.563+0000] {logging_mixin.py:188} INFO - [2024-03-13T02:23:54.563+0000] {dag.py:3834} INFO - Setting next_dagrun for tutorial to 2024-03-12 00:00:00+00:00, run_after=2024-03-13 00:00:00+00:00
[2024-03-13T02:23:54.582+0000] {processor.py:183} INFO - Processing /home/airflow/.local/lib/python3.8/site-packages/airflow/example_dags/tutorial.py took 0.060 seconds
[2024-03-13T02:24:24.828+0000] {processor.py:161} INFO - Started process (PID=271) to work on /home/airflow/.local/lib/python3.8/site-packages/airflow/example_dags/tutorial.py
[2024-03-13T02:24:24.829+0000] {processor.py:830} INFO - Processing file /home/airflow/.local/lib/python3.8/site-packages/airflow/example_dags/tutorial.py for tasks to queue
[2024-03-13T02:24:24.830+0000] {logging_mixin.py:188} INFO - [2024-03-13T02:24:24.830+0000] {dagbag.py:540} INFO - Filling up the DagBag from /home/airflow/.local/lib/python3.8/site-packages/airflow/example_dags/tutorial.py
[2024-03-13T02:24:24.834+0000] {processor.py:840} INFO - DAG(s) 'tutorial' retrieved from /home/airflow/.local/lib/python3.8/site-packages/airflow/example_dags/tutorial.py
[2024-03-13T02:24:24.850+0000] {logging_mixin.py:188} INFO - [2024-03-13T02:24:24.850+0000] {dag.py:3047} INFO - Sync 1 DAGs
[2024-03-13T02:24:24.868+0000] {logging_mixin.py:188} INFO - [2024-03-13T02:24:24.868+0000] {dag.py:3834} INFO - Setting next_dagrun for tutorial to 2024-03-12 00:00:00+00:00, run_after=2024-03-13 00:00:00+00:00
[2024-03-13T02:24:24.886+0000] {processor.py:183} INFO - Processing /home/airflow/.local/lib/python3.8/site-packages/airflow/example_dags/tutorial.py took 0.061 seconds
[2024-03-13T02:24:55.027+0000] {processor.py:161} INFO - Started process (PID=326) to work on /home/airflow/.local/lib/python3.8/site-packages/airflow/example_dags/tutorial.py
[2024-03-13T02:24:55.028+0000] {processor.py:830} INFO - Processing file /home/airflow/.local/lib/python3.8/site-packages/airflow/example_dags/tutorial.py for tasks to queue
[2024-03-13T02:24:55.030+0000] {logging_mixin.py:188} INFO - [2024-03-13T02:24:55.030+0000] {dagbag.py:540} INFO - Filling up the DagBag from /home/airflow/.local/lib/python3.8/site-packages/airflow/example_dags/tutorial.py
[2024-03-13T02:24:55.035+0000] {processor.py:840} INFO - DAG(s) 'tutorial' retrieved from /home/airflow/.local/lib/python3.8/site-packages/airflow/example_dags/tutorial.py
[2024-03-13T02:24:55.053+0000] {logging_mixin.py:188} INFO - [2024-03-13T02:24:55.053+0000] {dag.py:3047} INFO - Sync 1 DAGs
[2024-03-13T02:24:55.073+0000] {logging_mixin.py:188} INFO - [2024-03-13T02:24:55.073+0000] {dag.py:3834} INFO - Setting next_dagrun for tutorial to 2024-03-12 00:00:00+00:00, run_after=2024-03-13 00:00:00+00:00
[2024-03-13T02:24:55.088+0000] {processor.py:183} INFO - Processing /home/airflow/.local/lib/python3.8/site-packages/airflow/example_dags/tutorial.py took 0.063 seconds
[2024-03-13T02:25:25.255+0000] {processor.py:161} INFO - Started process (PID=381) to work on /home/airflow/.local/lib/python3.8/site-packages/airflow/example_dags/tutorial.py
[2024-03-13T02:25:25.256+0000] {processor.py:830} INFO - Processing file /home/airflow/.local/lib/python3.8/site-packages/airflow/example_dags/tutorial.py for tasks to queue
[2024-03-13T02:25:25.257+0000] {logging_mixin.py:188} INFO - [2024-03-13T02:25:25.257+0000] {dagbag.py:540} INFO - Filling up the DagBag from /home/airflow/.local/lib/python3.8/site-packages/airflow/example_dags/tutorial.py
[2024-03-13T02:25:25.261+0000] {processor.py:840} INFO - DAG(s) 'tutorial' retrieved from /home/airflow/.local/lib/python3.8/site-packages/airflow/example_dags/tutorial.py
[2024-03-13T02:25:25.278+0000] {logging_mixin.py:188} INFO - [2024-03-13T02:25:25.278+0000] {dag.py:3047} INFO - Sync 1 DAGs
[2024-03-13T02:25:25.296+0000] {logging_mixin.py:188} INFO - [2024-03-13T02:25:25.295+0000] {dag.py:3834} INFO - Setting next_dagrun for tutorial to 2024-03-12 00:00:00+00:00, run_after=2024-03-13 00:00:00+00:00
[2024-03-13T02:25:25.312+0000] {processor.py:183} INFO - Processing /home/airflow/.local/lib/python3.8/site-packages/airflow/example_dags/tutorial.py took 0.060 seconds
[2024-03-13T02:25:55.642+0000] {processor.py:161} INFO - Started process (PID=436) to work on /home/airflow/.local/lib/python3.8/site-packages/airflow/example_dags/tutorial.py
[2024-03-13T02:25:55.643+0000] {processor.py:830} INFO - Processing file /home/airflow/.local/lib/python3.8/site-packages/airflow/example_dags/tutorial.py for tasks to queue
[2024-03-13T02:25:55.645+0000] {logging_mixin.py:188} INFO - [2024-03-13T02:25:55.644+0000] {dagbag.py:540} INFO - Filling up the DagBag from /home/airflow/.local/lib/python3.8/site-packages/airflow/example_dags/tutorial.py
[2024-03-13T02:25:55.649+0000] {processor.py:840} INFO - DAG(s) 'tutorial' retrieved from /home/airflow/.local/lib/python3.8/site-packages/airflow/example_dags/tutorial.py
[2024-03-13T02:25:55.666+0000] {logging_mixin.py:188} INFO - [2024-03-13T02:25:55.665+0000] {dag.py:3047} INFO - Sync 1 DAGs
[2024-03-13T02:25:55.683+0000] {logging_mixin.py:188} INFO - [2024-03-13T02:25:55.683+0000] {dag.py:3834} INFO - Setting next_dagrun for tutorial to 2024-03-12 00:00:00+00:00, run_after=2024-03-13 00:00:00+00:00
[2024-03-13T02:25:55.701+0000] {processor.py:183} INFO - Processing /home/airflow/.local/lib/python3.8/site-packages/airflow/example_dags/tutorial.py took 0.062 seconds
[2024-03-13T02:26:26.013+0000] {processor.py:161} INFO - Started process (PID=492) to work on /home/airflow/.local/lib/python3.8/site-packages/airflow/example_dags/tutorial.py
[2024-03-13T02:26:26.014+0000] {processor.py:830} INFO - Processing file /home/airflow/.local/lib/python3.8/site-packages/airflow/example_dags/tutorial.py for tasks to queue
[2024-03-13T02:26:26.016+0000] {logging_mixin.py:188} INFO - [2024-03-13T02:26:26.016+0000] {dagbag.py:540} INFO - Filling up the DagBag from /home/airflow/.local/lib/python3.8/site-packages/airflow/example_dags/tutorial.py
[2024-03-13T02:26:26.020+0000] {processor.py:840} INFO - DAG(s) 'tutorial' retrieved from /home/airflow/.local/lib/python3.8/site-packages/airflow/example_dags/tutorial.py
[2024-03-13T02:26:26.036+0000] {logging_mixin.py:188} INFO - [2024-03-13T02:26:26.036+0000] {dag.py:3047} INFO - Sync 1 DAGs
[2024-03-13T02:26:26.053+0000] {logging_mixin.py:188} INFO - [2024-03-13T02:26:26.053+0000] {dag.py:3834} INFO - Setting next_dagrun for tutorial to 2024-03-12 00:00:00+00:00, run_after=2024-03-13 00:00:00+00:00
[2024-03-13T02:26:26.069+0000] {processor.py:183} INFO - Processing /home/airflow/.local/lib/python3.8/site-packages/airflow/example_dags/tutorial.py took 0.059 seconds
[2024-03-13T02:26:56.348+0000] {processor.py:161} INFO - Started process (PID=547) to work on /home/airflow/.local/lib/python3.8/site-packages/airflow/example_dags/tutorial.py
[2024-03-13T02:26:56.349+0000] {processor.py:830} INFO - Processing file /home/airflow/.local/lib/python3.8/site-packages/airflow/example_dags/tutorial.py for tasks to queue
[2024-03-13T02:26:56.351+0000] {logging_mixin.py:188} INFO - [2024-03-13T02:26:56.350+0000] {dagbag.py:540} INFO - Filling up the DagBag from /home/airflow/.local/lib/python3.8/site-packages/airflow/example_dags/tutorial.py
[2024-03-13T02:26:56.355+0000] {processor.py:840} INFO - DAG(s) 'tutorial' retrieved from /home/airflow/.local/lib/python3.8/site-packages/airflow/example_dags/tutorial.py
[2024-03-13T02:26:56.374+0000] {logging_mixin.py:188} INFO - [2024-03-13T02:26:56.374+0000] {dag.py:3047} INFO - Sync 1 DAGs
[2024-03-13T02:26:56.397+0000] {logging_mixin.py:188} INFO - [2024-03-13T02:26:56.397+0000] {dag.py:3834} INFO - Setting next_dagrun for tutorial to 2024-03-12 00:00:00+00:00, run_after=2024-03-13 00:00:00+00:00
[2024-03-13T02:26:56.418+0000] {processor.py:183} INFO - Processing /home/airflow/.local/lib/python3.8/site-packages/airflow/example_dags/tutorial.py took 0.074 seconds
[2024-03-13T02:27:26.764+0000] {processor.py:161} INFO - Started process (PID=602) to work on /home/airflow/.local/lib/python3.8/site-packages/airflow/example_dags/tutorial.py
[2024-03-13T02:27:26.765+0000] {processor.py:830} INFO - Processing file /home/airflow/.local/lib/python3.8/site-packages/airflow/example_dags/tutorial.py for tasks to queue
[2024-03-13T02:27:26.766+0000] {logging_mixin.py:188} INFO - [2024-03-13T02:27:26.766+0000] {dagbag.py:540} INFO - Filling up the DagBag from /home/airflow/.local/lib/python3.8/site-packages/airflow/example_dags/tutorial.py
[2024-03-13T02:27:26.771+0000] {processor.py:840} INFO - DAG(s) 'tutorial' retrieved from /home/airflow/.local/lib/python3.8/site-packages/airflow/example_dags/tutorial.py
[2024-03-13T02:27:26.787+0000] {logging_mixin.py:188} INFO - [2024-03-13T02:27:26.786+0000] {dag.py:3047} INFO - Sync 1 DAGs
[2024-03-13T02:27:26.807+0000] {logging_mixin.py:188} INFO - [2024-03-13T02:27:26.807+0000] {dag.py:3834} INFO - Setting next_dagrun for tutorial to 2024-03-12 00:00:00+00:00, run_after=2024-03-13 00:00:00+00:00
[2024-03-13T02:27:26.828+0000] {processor.py:183} INFO - Processing /home/airflow/.local/lib/python3.8/site-packages/airflow/example_dags/tutorial.py took 0.066 seconds
[2024-03-13T02:27:57.059+0000] {processor.py:161} INFO - Started process (PID=657) to work on /home/airflow/.local/lib/python3.8/site-packages/airflow/example_dags/tutorial.py
[2024-03-13T02:27:57.060+0000] {processor.py:830} INFO - Processing file /home/airflow/.local/lib/python3.8/site-packages/airflow/example_dags/tutorial.py for tasks to queue
[2024-03-13T02:27:57.061+0000] {logging_mixin.py:188} INFO - [2024-03-13T02:27:57.061+0000] {dagbag.py:540} INFO - Filling up the DagBag from /home/airflow/.local/lib/python3.8/site-packages/airflow/example_dags/tutorial.py
[2024-03-13T02:27:57.066+0000] {processor.py:840} INFO - DAG(s) 'tutorial' retrieved from /home/airflow/.local/lib/python3.8/site-packages/airflow/example_dags/tutorial.py
[2024-03-13T02:27:57.081+0000] {logging_mixin.py:188} INFO - [2024-03-13T02:27:57.081+0000] {dag.py:3047} INFO - Sync 1 DAGs
[2024-03-13T02:27:57.100+0000] {logging_mixin.py:188} INFO - [2024-03-13T02:27:57.099+0000] {dag.py:3834} INFO - Setting next_dagrun for tutorial to 2024-03-12 00:00:00+00:00, run_after=2024-03-13 00:00:00+00:00
[2024-03-13T02:27:57.117+0000] {processor.py:183} INFO - Processing /home/airflow/.local/lib/python3.8/site-packages/airflow/example_dags/tutorial.py took 0.061 seconds
[2024-03-13T02:28:27.346+0000] {processor.py:161} INFO - Started process (PID=712) to work on /home/airflow/.local/lib/python3.8/site-packages/airflow/example_dags/tutorial.py
[2024-03-13T02:28:27.347+0000] {processor.py:830} INFO - Processing file /home/airflow/.local/lib/python3.8/site-packages/airflow/example_dags/tutorial.py for tasks to queue
[2024-03-13T02:28:27.349+0000] {logging_mixin.py:188} INFO - [2024-03-13T02:28:27.349+0000] {dagbag.py:540} INFO - Filling up the DagBag from /home/airflow/.local/lib/python3.8/site-packages/airflow/example_dags/tutorial.py
[2024-03-13T02:28:27.353+0000] {processor.py:840} INFO - DAG(s) 'tutorial' retrieved from /home/airflow/.local/lib/python3.8/site-packages/airflow/example_dags/tutorial.py
[2024-03-13T02:28:27.369+0000] {logging_mixin.py:188} INFO - [2024-03-13T02:28:27.369+0000] {dag.py:3047} INFO - Sync 1 DAGs
[2024-03-13T02:28:27.389+0000] {logging_mixin.py:188} INFO - [2024-03-13T02:28:27.389+0000] {dag.py:3834} INFO - Setting next_dagrun for tutorial to 2024-03-12 00:00:00+00:00, run_after=2024-03-13 00:00:00+00:00
[2024-03-13T02:28:27.409+0000] {processor.py:183} INFO - Processing /home/airflow/.local/lib/python3.8/site-packages/airflow/example_dags/tutorial.py took 0.065 seconds
[2024-03-13T02:28:57.643+0000] {processor.py:161} INFO - Started process (PID=767) to work on /home/airflow/.local/lib/python3.8/site-packages/airflow/example_dags/tutorial.py
[2024-03-13T02:28:57.644+0000] {processor.py:830} INFO - Processing file /home/airflow/.local/lib/python3.8/site-packages/airflow/example_dags/tutorial.py for tasks to queue
[2024-03-13T02:28:57.646+0000] {logging_mixin.py:188} INFO - [2024-03-13T02:28:57.645+0000] {dagbag.py:540} INFO - Filling up the DagBag from /home/airflow/.local/lib/python3.8/site-packages/airflow/example_dags/tutorial.py
[2024-03-13T02:28:57.650+0000] {processor.py:840} INFO - DAG(s) 'tutorial' retrieved from /home/airflow/.local/lib/python3.8/site-packages/airflow/example_dags/tutorial.py
[2024-03-13T02:28:57.665+0000] {logging_mixin.py:188} INFO - [2024-03-13T02:28:57.665+0000] {dag.py:3047} INFO - Sync 1 DAGs
[2024-03-13T02:28:57.682+0000] {logging_mixin.py:188} INFO - [2024-03-13T02:28:57.682+0000] {dag.py:3834} INFO - Setting next_dagrun for tutorial to 2024-03-12 00:00:00+00:00, run_after=2024-03-13 00:00:00+00:00
[2024-03-13T02:28:57.698+0000] {processor.py:183} INFO - Processing /home/airflow/.local/lib/python3.8/site-packages/airflow/example_dags/tutorial.py took 0.057 seconds
