[2024-03-13T02:22:21.675+0000] {processor.py:161} INFO - Started process (PID=38) to work on /home/airflow/.local/lib/python3.8/site-packages/airflow/example_dags/tutorial_taskflow_api.py
[2024-03-13T02:22:21.676+0000] {processor.py:830} INFO - Processing file /home/airflow/.local/lib/python3.8/site-packages/airflow/example_dags/tutorial_taskflow_api.py for tasks to queue
[2024-03-13T02:22:21.678+0000] {logging_mixin.py:188} INFO - [2024-03-13T02:22:21.678+0000] {dagbag.py:540} INFO - Filling up the DagBag from /home/airflow/.local/lib/python3.8/site-packages/airflow/example_dags/tutorial_taskflow_api.py
[2024-03-13T02:22:21.689+0000] {processor.py:840} INFO - DAG(s) 'tutorial_taskflow_api' retrieved from /home/airflow/.local/lib/python3.8/site-packages/airflow/example_dags/tutorial_taskflow_api.py
[2024-03-13T02:22:21.870+0000] {logging_mixin.py:188} INFO - [2024-03-13T02:22:21.869+0000] {override.py:1769} INFO - Created Permission View: can delete on DAG:tutorial_taskflow_api
[2024-03-13T02:22:21.878+0000] {logging_mixin.py:188} INFO - [2024-03-13T02:22:21.878+0000] {override.py:1769} INFO - Created Permission View: can read on DAG:tutorial_taskflow_api
[2024-03-13T02:22:21.885+0000] {logging_mixin.py:188} INFO - [2024-03-13T02:22:21.885+0000] {override.py:1769} INFO - Created Permission View: can edit on DAG:tutorial_taskflow_api
[2024-03-13T02:22:21.886+0000] {logging_mixin.py:188} INFO - [2024-03-13T02:22:21.886+0000] {dag.py:3047} INFO - Sync 1 DAGs
[2024-03-13T02:22:21.894+0000] {logging_mixin.py:188} INFO - [2024-03-13T02:22:21.894+0000] {dag.py:3069} INFO - Creating ORM DAG for tutorial_taskflow_api
[2024-03-13T02:22:21.895+0000] {logging_mixin.py:188} INFO - [2024-03-13T02:22:21.895+0000] {dag.py:3834} INFO - Setting next_dagrun for tutorial_taskflow_api to None, run_after=None
[2024-03-13T02:22:21.911+0000] {processor.py:183} INFO - Processing /home/airflow/.local/lib/python3.8/site-packages/airflow/example_dags/tutorial_taskflow_api.py took 0.239 seconds
[2024-03-13T02:22:52.198+0000] {processor.py:161} INFO - Started process (PID=93) to work on /home/airflow/.local/lib/python3.8/site-packages/airflow/example_dags/tutorial_taskflow_api.py
[2024-03-13T02:22:52.199+0000] {processor.py:830} INFO - Processing file /home/airflow/.local/lib/python3.8/site-packages/airflow/example_dags/tutorial_taskflow_api.py for tasks to queue
[2024-03-13T02:22:52.200+0000] {logging_mixin.py:188} INFO - [2024-03-13T02:22:52.200+0000] {dagbag.py:540} INFO - Filling up the DagBag from /home/airflow/.local/lib/python3.8/site-packages/airflow/example_dags/tutorial_taskflow_api.py
[2024-03-13T02:22:52.205+0000] {processor.py:840} INFO - DAG(s) 'tutorial_taskflow_api' retrieved from /home/airflow/.local/lib/python3.8/site-packages/airflow/example_dags/tutorial_taskflow_api.py
[2024-03-13T02:22:52.221+0000] {logging_mixin.py:188} INFO - [2024-03-13T02:22:52.220+0000] {dag.py:3047} INFO - Sync 1 DAGs
[2024-03-13T02:22:52.231+0000] {logging_mixin.py:188} INFO - [2024-03-13T02:22:52.231+0000] {dag.py:3834} INFO - Setting next_dagrun for tutorial_taskflow_api to None, run_after=None
[2024-03-13T02:22:52.248+0000] {processor.py:183} INFO - Processing /home/airflow/.local/lib/python3.8/site-packages/airflow/example_dags/tutorial_taskflow_api.py took 0.054 seconds
[2024-03-13T02:23:22.682+0000] {processor.py:161} INFO - Started process (PID=148) to work on /home/airflow/.local/lib/python3.8/site-packages/airflow/example_dags/tutorial_taskflow_api.py
[2024-03-13T02:23:22.683+0000] {processor.py:830} INFO - Processing file /home/airflow/.local/lib/python3.8/site-packages/airflow/example_dags/tutorial_taskflow_api.py for tasks to queue
[2024-03-13T02:23:22.685+0000] {logging_mixin.py:188} INFO - [2024-03-13T02:23:22.684+0000] {dagbag.py:540} INFO - Filling up the DagBag from /home/airflow/.local/lib/python3.8/site-packages/airflow/example_dags/tutorial_taskflow_api.py
[2024-03-13T02:23:22.690+0000] {processor.py:840} INFO - DAG(s) 'tutorial_taskflow_api' retrieved from /home/airflow/.local/lib/python3.8/site-packages/airflow/example_dags/tutorial_taskflow_api.py
[2024-03-13T02:23:22.706+0000] {logging_mixin.py:188} INFO - [2024-03-13T02:23:22.706+0000] {dag.py:3047} INFO - Sync 1 DAGs
[2024-03-13T02:23:22.716+0000] {logging_mixin.py:188} INFO - [2024-03-13T02:23:22.715+0000] {dag.py:3834} INFO - Setting next_dagrun for tutorial_taskflow_api to None, run_after=None
[2024-03-13T02:23:22.733+0000] {processor.py:183} INFO - Processing /home/airflow/.local/lib/python3.8/site-packages/airflow/example_dags/tutorial_taskflow_api.py took 0.054 seconds
[2024-03-13T02:23:52.900+0000] {processor.py:161} INFO - Started process (PID=203) to work on /home/airflow/.local/lib/python3.8/site-packages/airflow/example_dags/tutorial_taskflow_api.py
[2024-03-13T02:23:52.901+0000] {processor.py:830} INFO - Processing file /home/airflow/.local/lib/python3.8/site-packages/airflow/example_dags/tutorial_taskflow_api.py for tasks to queue
[2024-03-13T02:23:52.903+0000] {logging_mixin.py:188} INFO - [2024-03-13T02:23:52.903+0000] {dagbag.py:540} INFO - Filling up the DagBag from /home/airflow/.local/lib/python3.8/site-packages/airflow/example_dags/tutorial_taskflow_api.py
[2024-03-13T02:23:52.908+0000] {processor.py:840} INFO - DAG(s) 'tutorial_taskflow_api' retrieved from /home/airflow/.local/lib/python3.8/site-packages/airflow/example_dags/tutorial_taskflow_api.py
[2024-03-13T02:23:52.926+0000] {logging_mixin.py:188} INFO - [2024-03-13T02:23:52.926+0000] {dag.py:3047} INFO - Sync 1 DAGs
[2024-03-13T02:23:52.938+0000] {logging_mixin.py:188} INFO - [2024-03-13T02:23:52.938+0000] {dag.py:3834} INFO - Setting next_dagrun for tutorial_taskflow_api to None, run_after=None
[2024-03-13T02:23:52.956+0000] {processor.py:183} INFO - Processing /home/airflow/.local/lib/python3.8/site-packages/airflow/example_dags/tutorial_taskflow_api.py took 0.058 seconds
[2024-03-13T02:24:23.226+0000] {processor.py:161} INFO - Started process (PID=258) to work on /home/airflow/.local/lib/python3.8/site-packages/airflow/example_dags/tutorial_taskflow_api.py
[2024-03-13T02:24:23.226+0000] {processor.py:830} INFO - Processing file /home/airflow/.local/lib/python3.8/site-packages/airflow/example_dags/tutorial_taskflow_api.py for tasks to queue
[2024-03-13T02:24:23.228+0000] {logging_mixin.py:188} INFO - [2024-03-13T02:24:23.228+0000] {dagbag.py:540} INFO - Filling up the DagBag from /home/airflow/.local/lib/python3.8/site-packages/airflow/example_dags/tutorial_taskflow_api.py
[2024-03-13T02:24:23.234+0000] {processor.py:840} INFO - DAG(s) 'tutorial_taskflow_api' retrieved from /home/airflow/.local/lib/python3.8/site-packages/airflow/example_dags/tutorial_taskflow_api.py
[2024-03-13T02:24:23.250+0000] {logging_mixin.py:188} INFO - [2024-03-13T02:24:23.250+0000] {dag.py:3047} INFO - Sync 1 DAGs
[2024-03-13T02:24:23.262+0000] {logging_mixin.py:188} INFO - [2024-03-13T02:24:23.261+0000] {dag.py:3834} INFO - Setting next_dagrun for tutorial_taskflow_api to None, run_after=None
[2024-03-13T02:24:23.279+0000] {processor.py:183} INFO - Processing /home/airflow/.local/lib/python3.8/site-packages/airflow/example_dags/tutorial_taskflow_api.py took 0.056 seconds
[2024-03-13T02:24:53.433+0000] {processor.py:161} INFO - Started process (PID=313) to work on /home/airflow/.local/lib/python3.8/site-packages/airflow/example_dags/tutorial_taskflow_api.py
[2024-03-13T02:24:53.434+0000] {processor.py:830} INFO - Processing file /home/airflow/.local/lib/python3.8/site-packages/airflow/example_dags/tutorial_taskflow_api.py for tasks to queue
[2024-03-13T02:24:53.436+0000] {logging_mixin.py:188} INFO - [2024-03-13T02:24:53.436+0000] {dagbag.py:540} INFO - Filling up the DagBag from /home/airflow/.local/lib/python3.8/site-packages/airflow/example_dags/tutorial_taskflow_api.py
[2024-03-13T02:24:53.441+0000] {processor.py:840} INFO - DAG(s) 'tutorial_taskflow_api' retrieved from /home/airflow/.local/lib/python3.8/site-packages/airflow/example_dags/tutorial_taskflow_api.py
[2024-03-13T02:24:53.458+0000] {logging_mixin.py:188} INFO - [2024-03-13T02:24:53.458+0000] {dag.py:3047} INFO - Sync 1 DAGs
[2024-03-13T02:24:53.468+0000] {logging_mixin.py:188} INFO - [2024-03-13T02:24:53.468+0000] {dag.py:3834} INFO - Setting next_dagrun for tutorial_taskflow_api to None, run_after=None
[2024-03-13T02:24:53.488+0000] {processor.py:183} INFO - Processing /home/airflow/.local/lib/python3.8/site-packages/airflow/example_dags/tutorial_taskflow_api.py took 0.057 seconds
[2024-03-13T02:25:23.675+0000] {processor.py:161} INFO - Started process (PID=368) to work on /home/airflow/.local/lib/python3.8/site-packages/airflow/example_dags/tutorial_taskflow_api.py
[2024-03-13T02:25:23.676+0000] {processor.py:830} INFO - Processing file /home/airflow/.local/lib/python3.8/site-packages/airflow/example_dags/tutorial_taskflow_api.py for tasks to queue
[2024-03-13T02:25:23.678+0000] {logging_mixin.py:188} INFO - [2024-03-13T02:25:23.678+0000] {dagbag.py:540} INFO - Filling up the DagBag from /home/airflow/.local/lib/python3.8/site-packages/airflow/example_dags/tutorial_taskflow_api.py
[2024-03-13T02:25:23.682+0000] {processor.py:840} INFO - DAG(s) 'tutorial_taskflow_api' retrieved from /home/airflow/.local/lib/python3.8/site-packages/airflow/example_dags/tutorial_taskflow_api.py
[2024-03-13T02:25:23.699+0000] {logging_mixin.py:188} INFO - [2024-03-13T02:25:23.698+0000] {dag.py:3047} INFO - Sync 1 DAGs
[2024-03-13T02:25:23.709+0000] {logging_mixin.py:188} INFO - [2024-03-13T02:25:23.709+0000] {dag.py:3834} INFO - Setting next_dagrun for tutorial_taskflow_api to None, run_after=None
[2024-03-13T02:25:23.727+0000] {processor.py:183} INFO - Processing /home/airflow/.local/lib/python3.8/site-packages/airflow/example_dags/tutorial_taskflow_api.py took 0.055 seconds
[2024-03-13T02:25:54.036+0000] {processor.py:161} INFO - Started process (PID=423) to work on /home/airflow/.local/lib/python3.8/site-packages/airflow/example_dags/tutorial_taskflow_api.py
[2024-03-13T02:25:54.037+0000] {processor.py:830} INFO - Processing file /home/airflow/.local/lib/python3.8/site-packages/airflow/example_dags/tutorial_taskflow_api.py for tasks to queue
[2024-03-13T02:25:54.039+0000] {logging_mixin.py:188} INFO - [2024-03-13T02:25:54.038+0000] {dagbag.py:540} INFO - Filling up the DagBag from /home/airflow/.local/lib/python3.8/site-packages/airflow/example_dags/tutorial_taskflow_api.py
[2024-03-13T02:25:54.043+0000] {processor.py:840} INFO - DAG(s) 'tutorial_taskflow_api' retrieved from /home/airflow/.local/lib/python3.8/site-packages/airflow/example_dags/tutorial_taskflow_api.py
[2024-03-13T02:25:54.059+0000] {logging_mixin.py:188} INFO - [2024-03-13T02:25:54.059+0000] {dag.py:3047} INFO - Sync 1 DAGs
[2024-03-13T02:25:54.069+0000] {logging_mixin.py:188} INFO - [2024-03-13T02:25:54.069+0000] {dag.py:3834} INFO - Setting next_dagrun for tutorial_taskflow_api to None, run_after=None
[2024-03-13T02:25:54.085+0000] {processor.py:183} INFO - Processing /home/airflow/.local/lib/python3.8/site-packages/airflow/example_dags/tutorial_taskflow_api.py took 0.052 seconds
[2024-03-13T02:26:24.364+0000] {processor.py:161} INFO - Started process (PID=479) to work on /home/airflow/.local/lib/python3.8/site-packages/airflow/example_dags/tutorial_taskflow_api.py
[2024-03-13T02:26:24.365+0000] {processor.py:830} INFO - Processing file /home/airflow/.local/lib/python3.8/site-packages/airflow/example_dags/tutorial_taskflow_api.py for tasks to queue
[2024-03-13T02:26:24.368+0000] {logging_mixin.py:188} INFO - [2024-03-13T02:26:24.367+0000] {dagbag.py:540} INFO - Filling up the DagBag from /home/airflow/.local/lib/python3.8/site-packages/airflow/example_dags/tutorial_taskflow_api.py
[2024-03-13T02:26:24.373+0000] {processor.py:840} INFO - DAG(s) 'tutorial_taskflow_api' retrieved from /home/airflow/.local/lib/python3.8/site-packages/airflow/example_dags/tutorial_taskflow_api.py
[2024-03-13T02:26:24.391+0000] {logging_mixin.py:188} INFO - [2024-03-13T02:26:24.391+0000] {dag.py:3047} INFO - Sync 1 DAGs
[2024-03-13T02:26:24.402+0000] {logging_mixin.py:188} INFO - [2024-03-13T02:26:24.402+0000] {dag.py:3834} INFO - Setting next_dagrun for tutorial_taskflow_api to None, run_after=None
[2024-03-13T02:26:24.425+0000] {processor.py:183} INFO - Processing /home/airflow/.local/lib/python3.8/site-packages/airflow/example_dags/tutorial_taskflow_api.py took 0.063 seconds
[2024-03-13T02:26:54.716+0000] {processor.py:161} INFO - Started process (PID=534) to work on /home/airflow/.local/lib/python3.8/site-packages/airflow/example_dags/tutorial_taskflow_api.py
[2024-03-13T02:26:54.717+0000] {processor.py:830} INFO - Processing file /home/airflow/.local/lib/python3.8/site-packages/airflow/example_dags/tutorial_taskflow_api.py for tasks to queue
[2024-03-13T02:26:54.719+0000] {logging_mixin.py:188} INFO - [2024-03-13T02:26:54.719+0000] {dagbag.py:540} INFO - Filling up the DagBag from /home/airflow/.local/lib/python3.8/site-packages/airflow/example_dags/tutorial_taskflow_api.py
[2024-03-13T02:26:54.724+0000] {processor.py:840} INFO - DAG(s) 'tutorial_taskflow_api' retrieved from /home/airflow/.local/lib/python3.8/site-packages/airflow/example_dags/tutorial_taskflow_api.py
[2024-03-13T02:26:54.741+0000] {logging_mixin.py:188} INFO - [2024-03-13T02:26:54.740+0000] {dag.py:3047} INFO - Sync 1 DAGs
[2024-03-13T02:26:54.751+0000] {logging_mixin.py:188} INFO - [2024-03-13T02:26:54.751+0000] {dag.py:3834} INFO - Setting next_dagrun for tutorial_taskflow_api to None, run_after=None
[2024-03-13T02:26:54.769+0000] {processor.py:183} INFO - Processing /home/airflow/.local/lib/python3.8/site-packages/airflow/example_dags/tutorial_taskflow_api.py took 0.057 seconds
[2024-03-13T02:27:25.143+0000] {processor.py:161} INFO - Started process (PID=589) to work on /home/airflow/.local/lib/python3.8/site-packages/airflow/example_dags/tutorial_taskflow_api.py
[2024-03-13T02:27:25.144+0000] {processor.py:830} INFO - Processing file /home/airflow/.local/lib/python3.8/site-packages/airflow/example_dags/tutorial_taskflow_api.py for tasks to queue
[2024-03-13T02:27:25.146+0000] {logging_mixin.py:188} INFO - [2024-03-13T02:27:25.146+0000] {dagbag.py:540} INFO - Filling up the DagBag from /home/airflow/.local/lib/python3.8/site-packages/airflow/example_dags/tutorial_taskflow_api.py
[2024-03-13T02:27:25.151+0000] {processor.py:840} INFO - DAG(s) 'tutorial_taskflow_api' retrieved from /home/airflow/.local/lib/python3.8/site-packages/airflow/example_dags/tutorial_taskflow_api.py
[2024-03-13T02:27:25.169+0000] {logging_mixin.py:188} INFO - [2024-03-13T02:27:25.169+0000] {dag.py:3047} INFO - Sync 1 DAGs
[2024-03-13T02:27:25.181+0000] {logging_mixin.py:188} INFO - [2024-03-13T02:27:25.181+0000] {dag.py:3834} INFO - Setting next_dagrun for tutorial_taskflow_api to None, run_after=None
[2024-03-13T02:27:25.200+0000] {processor.py:183} INFO - Processing /home/airflow/.local/lib/python3.8/site-packages/airflow/example_dags/tutorial_taskflow_api.py took 0.059 seconds
[2024-03-13T02:27:55.457+0000] {processor.py:161} INFO - Started process (PID=644) to work on /home/airflow/.local/lib/python3.8/site-packages/airflow/example_dags/tutorial_taskflow_api.py
[2024-03-13T02:27:55.458+0000] {processor.py:830} INFO - Processing file /home/airflow/.local/lib/python3.8/site-packages/airflow/example_dags/tutorial_taskflow_api.py for tasks to queue
[2024-03-13T02:27:55.460+0000] {logging_mixin.py:188} INFO - [2024-03-13T02:27:55.460+0000] {dagbag.py:540} INFO - Filling up the DagBag from /home/airflow/.local/lib/python3.8/site-packages/airflow/example_dags/tutorial_taskflow_api.py
[2024-03-13T02:27:55.465+0000] {processor.py:840} INFO - DAG(s) 'tutorial_taskflow_api' retrieved from /home/airflow/.local/lib/python3.8/site-packages/airflow/example_dags/tutorial_taskflow_api.py
[2024-03-13T02:27:55.480+0000] {logging_mixin.py:188} INFO - [2024-03-13T02:27:55.480+0000] {dag.py:3047} INFO - Sync 1 DAGs
[2024-03-13T02:27:55.490+0000] {logging_mixin.py:188} INFO - [2024-03-13T02:27:55.490+0000] {dag.py:3834} INFO - Setting next_dagrun for tutorial_taskflow_api to None, run_after=None
[2024-03-13T02:27:55.506+0000] {processor.py:183} INFO - Processing /home/airflow/.local/lib/python3.8/site-packages/airflow/example_dags/tutorial_taskflow_api.py took 0.051 seconds
[2024-03-13T02:28:25.706+0000] {processor.py:161} INFO - Started process (PID=699) to work on /home/airflow/.local/lib/python3.8/site-packages/airflow/example_dags/tutorial_taskflow_api.py
[2024-03-13T02:28:25.707+0000] {processor.py:830} INFO - Processing file /home/airflow/.local/lib/python3.8/site-packages/airflow/example_dags/tutorial_taskflow_api.py for tasks to queue
[2024-03-13T02:28:25.709+0000] {logging_mixin.py:188} INFO - [2024-03-13T02:28:25.709+0000] {dagbag.py:540} INFO - Filling up the DagBag from /home/airflow/.local/lib/python3.8/site-packages/airflow/example_dags/tutorial_taskflow_api.py
[2024-03-13T02:28:25.714+0000] {processor.py:840} INFO - DAG(s) 'tutorial_taskflow_api' retrieved from /home/airflow/.local/lib/python3.8/site-packages/airflow/example_dags/tutorial_taskflow_api.py
[2024-03-13T02:28:25.729+0000] {logging_mixin.py:188} INFO - [2024-03-13T02:28:25.729+0000] {dag.py:3047} INFO - Sync 1 DAGs
[2024-03-13T02:28:25.738+0000] {logging_mixin.py:188} INFO - [2024-03-13T02:28:25.738+0000] {dag.py:3834} INFO - Setting next_dagrun for tutorial_taskflow_api to None, run_after=None
[2024-03-13T02:28:25.755+0000] {processor.py:183} INFO - Processing /home/airflow/.local/lib/python3.8/site-packages/airflow/example_dags/tutorial_taskflow_api.py took 0.051 seconds
[2024-03-13T02:28:56.038+0000] {processor.py:161} INFO - Started process (PID=754) to work on /home/airflow/.local/lib/python3.8/site-packages/airflow/example_dags/tutorial_taskflow_api.py
[2024-03-13T02:28:56.039+0000] {processor.py:830} INFO - Processing file /home/airflow/.local/lib/python3.8/site-packages/airflow/example_dags/tutorial_taskflow_api.py for tasks to queue
[2024-03-13T02:28:56.041+0000] {logging_mixin.py:188} INFO - [2024-03-13T02:28:56.041+0000] {dagbag.py:540} INFO - Filling up the DagBag from /home/airflow/.local/lib/python3.8/site-packages/airflow/example_dags/tutorial_taskflow_api.py
[2024-03-13T02:28:56.045+0000] {processor.py:840} INFO - DAG(s) 'tutorial_taskflow_api' retrieved from /home/airflow/.local/lib/python3.8/site-packages/airflow/example_dags/tutorial_taskflow_api.py
[2024-03-13T02:28:56.061+0000] {logging_mixin.py:188} INFO - [2024-03-13T02:28:56.060+0000] {dag.py:3047} INFO - Sync 1 DAGs
[2024-03-13T02:28:56.072+0000] {logging_mixin.py:188} INFO - [2024-03-13T02:28:56.071+0000] {dag.py:3834} INFO - Setting next_dagrun for tutorial_taskflow_api to None, run_after=None
[2024-03-13T02:28:56.089+0000] {processor.py:183} INFO - Processing /home/airflow/.local/lib/python3.8/site-packages/airflow/example_dags/tutorial_taskflow_api.py took 0.054 seconds
