[2024-03-13T02:22:24.886+0000] {processor.py:161} INFO - Started process (PID=68) to work on /home/airflow/.local/lib/python3.8/site-packages/airflow/example_dags/tutorial_dag.py
[2024-03-13T02:22:24.887+0000] {processor.py:830} INFO - Processing file /home/airflow/.local/lib/python3.8/site-packages/airflow/example_dags/tutorial_dag.py for tasks to queue
[2024-03-13T02:22:24.889+0000] {logging_mixin.py:188} INFO - [2024-03-13T02:22:24.888+0000] {dagbag.py:540} INFO - Filling up the DagBag from /home/airflow/.local/lib/python3.8/site-packages/airflow/example_dags/tutorial_dag.py
[2024-03-13T02:22:24.894+0000] {processor.py:840} INFO - DAG(s) 'tutorial_dag' retrieved from /home/airflow/.local/lib/python3.8/site-packages/airflow/example_dags/tutorial_dag.py
[2024-03-13T02:22:24.973+0000] {logging_mixin.py:188} INFO - [2024-03-13T02:22:24.973+0000] {override.py:1769} INFO - Created Permission View: can delete on DAG:tutorial_dag
[2024-03-13T02:22:24.984+0000] {logging_mixin.py:188} INFO - [2024-03-13T02:22:24.984+0000] {override.py:1769} INFO - Created Permission View: can read on DAG:tutorial_dag
[2024-03-13T02:22:24.990+0000] {logging_mixin.py:188} INFO - [2024-03-13T02:22:24.990+0000] {override.py:1769} INFO - Created Permission View: can edit on DAG:tutorial_dag
[2024-03-13T02:22:24.991+0000] {logging_mixin.py:188} INFO - [2024-03-13T02:22:24.991+0000] {dag.py:3047} INFO - Sync 1 DAGs
[2024-03-13T02:22:25.000+0000] {logging_mixin.py:188} INFO - [2024-03-13T02:22:24.999+0000] {dag.py:3069} INFO - Creating ORM DAG for tutorial_dag
[2024-03-13T02:22:25.001+0000] {logging_mixin.py:188} INFO - [2024-03-13T02:22:25.001+0000] {dag.py:3834} INFO - Setting next_dagrun for tutorial_dag to None, run_after=None
[2024-03-13T02:22:25.016+0000] {processor.py:183} INFO - Processing /home/airflow/.local/lib/python3.8/site-packages/airflow/example_dags/tutorial_dag.py took 0.132 seconds
[2024-03-13T02:22:55.862+0000] {processor.py:161} INFO - Started process (PID=123) to work on /home/airflow/.local/lib/python3.8/site-packages/airflow/example_dags/tutorial_dag.py
[2024-03-13T02:22:55.863+0000] {processor.py:830} INFO - Processing file /home/airflow/.local/lib/python3.8/site-packages/airflow/example_dags/tutorial_dag.py for tasks to queue
[2024-03-13T02:22:55.865+0000] {logging_mixin.py:188} INFO - [2024-03-13T02:22:55.864+0000] {dagbag.py:540} INFO - Filling up the DagBag from /home/airflow/.local/lib/python3.8/site-packages/airflow/example_dags/tutorial_dag.py
[2024-03-13T02:22:55.870+0000] {processor.py:840} INFO - DAG(s) 'tutorial_dag' retrieved from /home/airflow/.local/lib/python3.8/site-packages/airflow/example_dags/tutorial_dag.py
[2024-03-13T02:22:55.887+0000] {logging_mixin.py:188} INFO - [2024-03-13T02:22:55.886+0000] {dag.py:3047} INFO - Sync 1 DAGs
[2024-03-13T02:22:55.897+0000] {logging_mixin.py:188} INFO - [2024-03-13T02:22:55.897+0000] {dag.py:3834} INFO - Setting next_dagrun for tutorial_dag to None, run_after=None
[2024-03-13T02:22:55.913+0000] {processor.py:183} INFO - Processing /home/airflow/.local/lib/python3.8/site-packages/airflow/example_dags/tutorial_dag.py took 0.054 seconds
[2024-03-13T02:23:26.028+0000] {processor.py:161} INFO - Started process (PID=178) to work on /home/airflow/.local/lib/python3.8/site-packages/airflow/example_dags/tutorial_dag.py
[2024-03-13T02:23:26.029+0000] {processor.py:830} INFO - Processing file /home/airflow/.local/lib/python3.8/site-packages/airflow/example_dags/tutorial_dag.py for tasks to queue
[2024-03-13T02:23:26.030+0000] {logging_mixin.py:188} INFO - [2024-03-13T02:23:26.030+0000] {dagbag.py:540} INFO - Filling up the DagBag from /home/airflow/.local/lib/python3.8/site-packages/airflow/example_dags/tutorial_dag.py
[2024-03-13T02:23:26.035+0000] {processor.py:840} INFO - DAG(s) 'tutorial_dag' retrieved from /home/airflow/.local/lib/python3.8/site-packages/airflow/example_dags/tutorial_dag.py
[2024-03-13T02:23:26.053+0000] {logging_mixin.py:188} INFO - [2024-03-13T02:23:26.053+0000] {dag.py:3047} INFO - Sync 1 DAGs
[2024-03-13T02:23:26.064+0000] {logging_mixin.py:188} INFO - [2024-03-13T02:23:26.064+0000] {dag.py:3834} INFO - Setting next_dagrun for tutorial_dag to None, run_after=None
[2024-03-13T02:23:26.083+0000] {processor.py:183} INFO - Processing /home/airflow/.local/lib/python3.8/site-packages/airflow/example_dags/tutorial_dag.py took 0.058 seconds
[2024-03-13T02:23:56.346+0000] {processor.py:161} INFO - Started process (PID=233) to work on /home/airflow/.local/lib/python3.8/site-packages/airflow/example_dags/tutorial_dag.py
[2024-03-13T02:23:56.347+0000] {processor.py:830} INFO - Processing file /home/airflow/.local/lib/python3.8/site-packages/airflow/example_dags/tutorial_dag.py for tasks to queue
[2024-03-13T02:23:56.348+0000] {logging_mixin.py:188} INFO - [2024-03-13T02:23:56.348+0000] {dagbag.py:540} INFO - Filling up the DagBag from /home/airflow/.local/lib/python3.8/site-packages/airflow/example_dags/tutorial_dag.py
[2024-03-13T02:23:56.352+0000] {processor.py:840} INFO - DAG(s) 'tutorial_dag' retrieved from /home/airflow/.local/lib/python3.8/site-packages/airflow/example_dags/tutorial_dag.py
[2024-03-13T02:23:56.371+0000] {logging_mixin.py:188} INFO - [2024-03-13T02:23:56.370+0000] {dag.py:3047} INFO - Sync 1 DAGs
[2024-03-13T02:23:56.380+0000] {logging_mixin.py:188} INFO - [2024-03-13T02:23:56.380+0000] {dag.py:3834} INFO - Setting next_dagrun for tutorial_dag to None, run_after=None
[2024-03-13T02:23:56.398+0000] {processor.py:183} INFO - Processing /home/airflow/.local/lib/python3.8/site-packages/airflow/example_dags/tutorial_dag.py took 0.054 seconds
[2024-03-13T02:24:26.589+0000] {processor.py:161} INFO - Started process (PID=288) to work on /home/airflow/.local/lib/python3.8/site-packages/airflow/example_dags/tutorial_dag.py
[2024-03-13T02:24:26.590+0000] {processor.py:830} INFO - Processing file /home/airflow/.local/lib/python3.8/site-packages/airflow/example_dags/tutorial_dag.py for tasks to queue
[2024-03-13T02:24:26.592+0000] {logging_mixin.py:188} INFO - [2024-03-13T02:24:26.592+0000] {dagbag.py:540} INFO - Filling up the DagBag from /home/airflow/.local/lib/python3.8/site-packages/airflow/example_dags/tutorial_dag.py
[2024-03-13T02:24:26.596+0000] {processor.py:840} INFO - DAG(s) 'tutorial_dag' retrieved from /home/airflow/.local/lib/python3.8/site-packages/airflow/example_dags/tutorial_dag.py
[2024-03-13T02:24:26.615+0000] {logging_mixin.py:188} INFO - [2024-03-13T02:24:26.614+0000] {dag.py:3047} INFO - Sync 1 DAGs
[2024-03-13T02:24:26.626+0000] {logging_mixin.py:188} INFO - [2024-03-13T02:24:26.625+0000] {dag.py:3834} INFO - Setting next_dagrun for tutorial_dag to None, run_after=None
[2024-03-13T02:24:26.641+0000] {processor.py:183} INFO - Processing /home/airflow/.local/lib/python3.8/site-packages/airflow/example_dags/tutorial_dag.py took 0.055 seconds
[2024-03-13T02:24:56.839+0000] {processor.py:161} INFO - Started process (PID=343) to work on /home/airflow/.local/lib/python3.8/site-packages/airflow/example_dags/tutorial_dag.py
[2024-03-13T02:24:56.840+0000] {processor.py:830} INFO - Processing file /home/airflow/.local/lib/python3.8/site-packages/airflow/example_dags/tutorial_dag.py for tasks to queue
[2024-03-13T02:24:56.842+0000] {logging_mixin.py:188} INFO - [2024-03-13T02:24:56.842+0000] {dagbag.py:540} INFO - Filling up the DagBag from /home/airflow/.local/lib/python3.8/site-packages/airflow/example_dags/tutorial_dag.py
[2024-03-13T02:24:56.846+0000] {processor.py:840} INFO - DAG(s) 'tutorial_dag' retrieved from /home/airflow/.local/lib/python3.8/site-packages/airflow/example_dags/tutorial_dag.py
[2024-03-13T02:24:56.863+0000] {logging_mixin.py:188} INFO - [2024-03-13T02:24:56.863+0000] {dag.py:3047} INFO - Sync 1 DAGs
[2024-03-13T02:24:56.873+0000] {logging_mixin.py:188} INFO - [2024-03-13T02:24:56.873+0000] {dag.py:3834} INFO - Setting next_dagrun for tutorial_dag to None, run_after=None
[2024-03-13T02:24:56.889+0000] {processor.py:183} INFO - Processing /home/airflow/.local/lib/python3.8/site-packages/airflow/example_dags/tutorial_dag.py took 0.052 seconds
[2024-03-13T02:25:27.167+0000] {processor.py:161} INFO - Started process (PID=398) to work on /home/airflow/.local/lib/python3.8/site-packages/airflow/example_dags/tutorial_dag.py
[2024-03-13T02:25:27.168+0000] {processor.py:830} INFO - Processing file /home/airflow/.local/lib/python3.8/site-packages/airflow/example_dags/tutorial_dag.py for tasks to queue
[2024-03-13T02:25:27.169+0000] {logging_mixin.py:188} INFO - [2024-03-13T02:25:27.169+0000] {dagbag.py:540} INFO - Filling up the DagBag from /home/airflow/.local/lib/python3.8/site-packages/airflow/example_dags/tutorial_dag.py
[2024-03-13T02:25:27.174+0000] {processor.py:840} INFO - DAG(s) 'tutorial_dag' retrieved from /home/airflow/.local/lib/python3.8/site-packages/airflow/example_dags/tutorial_dag.py
[2024-03-13T02:25:27.191+0000] {logging_mixin.py:188} INFO - [2024-03-13T02:25:27.190+0000] {dag.py:3047} INFO - Sync 1 DAGs
[2024-03-13T02:25:27.200+0000] {logging_mixin.py:188} INFO - [2024-03-13T02:25:27.200+0000] {dag.py:3834} INFO - Setting next_dagrun for tutorial_dag to None, run_after=None
[2024-03-13T02:25:27.217+0000] {processor.py:183} INFO - Processing /home/airflow/.local/lib/python3.8/site-packages/airflow/example_dags/tutorial_dag.py took 0.052 seconds
[2024-03-13T02:25:57.515+0000] {processor.py:161} INFO - Started process (PID=453) to work on /home/airflow/.local/lib/python3.8/site-packages/airflow/example_dags/tutorial_dag.py
[2024-03-13T02:25:57.516+0000] {processor.py:830} INFO - Processing file /home/airflow/.local/lib/python3.8/site-packages/airflow/example_dags/tutorial_dag.py for tasks to queue
[2024-03-13T02:25:57.517+0000] {logging_mixin.py:188} INFO - [2024-03-13T02:25:57.517+0000] {dagbag.py:540} INFO - Filling up the DagBag from /home/airflow/.local/lib/python3.8/site-packages/airflow/example_dags/tutorial_dag.py
[2024-03-13T02:25:57.522+0000] {processor.py:840} INFO - DAG(s) 'tutorial_dag' retrieved from /home/airflow/.local/lib/python3.8/site-packages/airflow/example_dags/tutorial_dag.py
[2024-03-13T02:25:57.539+0000] {logging_mixin.py:188} INFO - [2024-03-13T02:25:57.539+0000] {dag.py:3047} INFO - Sync 1 DAGs
[2024-03-13T02:25:57.549+0000] {logging_mixin.py:188} INFO - [2024-03-13T02:25:57.549+0000] {dag.py:3834} INFO - Setting next_dagrun for tutorial_dag to None, run_after=None
[2024-03-13T02:25:57.565+0000] {processor.py:183} INFO - Processing /home/airflow/.local/lib/python3.8/site-packages/airflow/example_dags/tutorial_dag.py took 0.053 seconds
[2024-03-13T02:26:27.845+0000] {processor.py:161} INFO - Started process (PID=509) to work on /home/airflow/.local/lib/python3.8/site-packages/airflow/example_dags/tutorial_dag.py
[2024-03-13T02:26:27.846+0000] {processor.py:830} INFO - Processing file /home/airflow/.local/lib/python3.8/site-packages/airflow/example_dags/tutorial_dag.py for tasks to queue
[2024-03-13T02:26:27.847+0000] {logging_mixin.py:188} INFO - [2024-03-13T02:26:27.847+0000] {dagbag.py:540} INFO - Filling up the DagBag from /home/airflow/.local/lib/python3.8/site-packages/airflow/example_dags/tutorial_dag.py
[2024-03-13T02:26:27.852+0000] {processor.py:840} INFO - DAG(s) 'tutorial_dag' retrieved from /home/airflow/.local/lib/python3.8/site-packages/airflow/example_dags/tutorial_dag.py
[2024-03-13T02:26:27.870+0000] {logging_mixin.py:188} INFO - [2024-03-13T02:26:27.869+0000] {dag.py:3047} INFO - Sync 1 DAGs
[2024-03-13T02:26:27.879+0000] {logging_mixin.py:188} INFO - [2024-03-13T02:26:27.879+0000] {dag.py:3834} INFO - Setting next_dagrun for tutorial_dag to None, run_after=None
[2024-03-13T02:26:27.895+0000] {processor.py:183} INFO - Processing /home/airflow/.local/lib/python3.8/site-packages/airflow/example_dags/tutorial_dag.py took 0.053 seconds
[2024-03-13T02:26:58.201+0000] {processor.py:161} INFO - Started process (PID=564) to work on /home/airflow/.local/lib/python3.8/site-packages/airflow/example_dags/tutorial_dag.py
[2024-03-13T02:26:58.201+0000] {processor.py:830} INFO - Processing file /home/airflow/.local/lib/python3.8/site-packages/airflow/example_dags/tutorial_dag.py for tasks to queue
[2024-03-13T02:26:58.203+0000] {logging_mixin.py:188} INFO - [2024-03-13T02:26:58.203+0000] {dagbag.py:540} INFO - Filling up the DagBag from /home/airflow/.local/lib/python3.8/site-packages/airflow/example_dags/tutorial_dag.py
[2024-03-13T02:26:58.208+0000] {processor.py:840} INFO - DAG(s) 'tutorial_dag' retrieved from /home/airflow/.local/lib/python3.8/site-packages/airflow/example_dags/tutorial_dag.py
[2024-03-13T02:26:58.225+0000] {logging_mixin.py:188} INFO - [2024-03-13T02:26:58.224+0000] {dag.py:3047} INFO - Sync 1 DAGs
[2024-03-13T02:26:58.235+0000] {logging_mixin.py:188} INFO - [2024-03-13T02:26:58.235+0000] {dag.py:3834} INFO - Setting next_dagrun for tutorial_dag to None, run_after=None
[2024-03-13T02:26:58.253+0000] {processor.py:183} INFO - Processing /home/airflow/.local/lib/python3.8/site-packages/airflow/example_dags/tutorial_dag.py took 0.056 seconds
[2024-03-13T02:27:28.558+0000] {processor.py:161} INFO - Started process (PID=619) to work on /home/airflow/.local/lib/python3.8/site-packages/airflow/example_dags/tutorial_dag.py
[2024-03-13T02:27:28.559+0000] {processor.py:830} INFO - Processing file /home/airflow/.local/lib/python3.8/site-packages/airflow/example_dags/tutorial_dag.py for tasks to queue
[2024-03-13T02:27:28.561+0000] {logging_mixin.py:188} INFO - [2024-03-13T02:27:28.561+0000] {dagbag.py:540} INFO - Filling up the DagBag from /home/airflow/.local/lib/python3.8/site-packages/airflow/example_dags/tutorial_dag.py
[2024-03-13T02:27:28.566+0000] {processor.py:840} INFO - DAG(s) 'tutorial_dag' retrieved from /home/airflow/.local/lib/python3.8/site-packages/airflow/example_dags/tutorial_dag.py
[2024-03-13T02:27:28.584+0000] {logging_mixin.py:188} INFO - [2024-03-13T02:27:28.584+0000] {dag.py:3047} INFO - Sync 1 DAGs
[2024-03-13T02:27:28.596+0000] {logging_mixin.py:188} INFO - [2024-03-13T02:27:28.595+0000] {dag.py:3834} INFO - Setting next_dagrun for tutorial_dag to None, run_after=None
[2024-03-13T02:27:28.615+0000] {processor.py:183} INFO - Processing /home/airflow/.local/lib/python3.8/site-packages/airflow/example_dags/tutorial_dag.py took 0.060 seconds
[2024-03-13T02:27:58.834+0000] {processor.py:161} INFO - Started process (PID=674) to work on /home/airflow/.local/lib/python3.8/site-packages/airflow/example_dags/tutorial_dag.py
[2024-03-13T02:27:58.835+0000] {processor.py:830} INFO - Processing file /home/airflow/.local/lib/python3.8/site-packages/airflow/example_dags/tutorial_dag.py for tasks to queue
[2024-03-13T02:27:58.837+0000] {logging_mixin.py:188} INFO - [2024-03-13T02:27:58.836+0000] {dagbag.py:540} INFO - Filling up the DagBag from /home/airflow/.local/lib/python3.8/site-packages/airflow/example_dags/tutorial_dag.py
[2024-03-13T02:27:58.841+0000] {processor.py:840} INFO - DAG(s) 'tutorial_dag' retrieved from /home/airflow/.local/lib/python3.8/site-packages/airflow/example_dags/tutorial_dag.py
[2024-03-13T02:27:58.859+0000] {logging_mixin.py:188} INFO - [2024-03-13T02:27:58.858+0000] {dag.py:3047} INFO - Sync 1 DAGs
[2024-03-13T02:27:58.868+0000] {logging_mixin.py:188} INFO - [2024-03-13T02:27:58.868+0000] {dag.py:3834} INFO - Setting next_dagrun for tutorial_dag to None, run_after=None
[2024-03-13T02:27:58.885+0000] {processor.py:183} INFO - Processing /home/airflow/.local/lib/python3.8/site-packages/airflow/example_dags/tutorial_dag.py took 0.054 seconds
[2024-03-13T02:28:29.197+0000] {processor.py:161} INFO - Started process (PID=729) to work on /home/airflow/.local/lib/python3.8/site-packages/airflow/example_dags/tutorial_dag.py
[2024-03-13T02:28:29.198+0000] {processor.py:830} INFO - Processing file /home/airflow/.local/lib/python3.8/site-packages/airflow/example_dags/tutorial_dag.py for tasks to queue
[2024-03-13T02:28:29.200+0000] {logging_mixin.py:188} INFO - [2024-03-13T02:28:29.200+0000] {dagbag.py:540} INFO - Filling up the DagBag from /home/airflow/.local/lib/python3.8/site-packages/airflow/example_dags/tutorial_dag.py
[2024-03-13T02:28:29.205+0000] {processor.py:840} INFO - DAG(s) 'tutorial_dag' retrieved from /home/airflow/.local/lib/python3.8/site-packages/airflow/example_dags/tutorial_dag.py
[2024-03-13T02:28:29.221+0000] {logging_mixin.py:188} INFO - [2024-03-13T02:28:29.221+0000] {dag.py:3047} INFO - Sync 1 DAGs
[2024-03-13T02:28:29.233+0000] {logging_mixin.py:188} INFO - [2024-03-13T02:28:29.232+0000] {dag.py:3834} INFO - Setting next_dagrun for tutorial_dag to None, run_after=None
[2024-03-13T02:28:29.250+0000] {processor.py:183} INFO - Processing /home/airflow/.local/lib/python3.8/site-packages/airflow/example_dags/tutorial_dag.py took 0.057 seconds
[2024-03-13T02:28:59.413+0000] {processor.py:161} INFO - Started process (PID=784) to work on /home/airflow/.local/lib/python3.8/site-packages/airflow/example_dags/tutorial_dag.py
[2024-03-13T02:28:59.414+0000] {processor.py:830} INFO - Processing file /home/airflow/.local/lib/python3.8/site-packages/airflow/example_dags/tutorial_dag.py for tasks to queue
[2024-03-13T02:28:59.415+0000] {logging_mixin.py:188} INFO - [2024-03-13T02:28:59.415+0000] {dagbag.py:540} INFO - Filling up the DagBag from /home/airflow/.local/lib/python3.8/site-packages/airflow/example_dags/tutorial_dag.py
[2024-03-13T02:28:59.420+0000] {processor.py:840} INFO - DAG(s) 'tutorial_dag' retrieved from /home/airflow/.local/lib/python3.8/site-packages/airflow/example_dags/tutorial_dag.py
[2024-03-13T02:28:59.437+0000] {logging_mixin.py:188} INFO - [2024-03-13T02:28:59.436+0000] {dag.py:3047} INFO - Sync 1 DAGs
[2024-03-13T02:28:59.447+0000] {logging_mixin.py:188} INFO - [2024-03-13T02:28:59.446+0000] {dag.py:3834} INFO - Setting next_dagrun for tutorial_dag to None, run_after=None
[2024-03-13T02:28:59.463+0000] {processor.py:183} INFO - Processing /home/airflow/.local/lib/python3.8/site-packages/airflow/example_dags/tutorial_dag.py took 0.053 seconds
