[2024-05-14T09:02:13.637+0000] {local_task_job_runner.py:120} INFO - ::group::Pre task execution logs
[2024-05-14T09:02:13.661+0000] {taskinstance.py:2076} INFO - Dependencies all met for dep_context=non-requeueable deps ti=<TaskInstance: data_pipeline_jobs104.data_crawler_detail manual__2024-05-14T09:02:04.753439+00:00 [queued]>
[2024-05-14T09:02:13.668+0000] {taskinstance.py:2076} INFO - Dependencies all met for dep_context=requeueable deps ti=<TaskInstance: data_pipeline_jobs104.data_crawler_detail manual__2024-05-14T09:02:04.753439+00:00 [queued]>
[2024-05-14T09:02:13.669+0000] {taskinstance.py:2306} INFO - Starting attempt 1 of 1
[2024-05-14T09:02:13.679+0000] {taskinstance.py:2330} INFO - Executing <Task(PythonOperator): data_crawler_detail> on 2024-05-14 09:02:04.753439+00:00
[2024-05-14T09:02:13.684+0000] {warnings.py:110} WARNING - /home/***/.local/lib/python3.12/site-packages/***/task/task_runner/standard_task_runner.py:61: DeprecationWarning: This process (pid=62) is multi-threaded, use of fork() may lead to deadlocks in the child.
  pid = os.fork()

[2024-05-14T09:02:13.685+0000] {standard_task_runner.py:63} INFO - Started process 64 to run task
[2024-05-14T09:02:13.686+0000] {standard_task_runner.py:90} INFO - Running: ['***', 'tasks', 'run', 'data_pipeline_jobs104', 'data_crawler_detail', 'manual__2024-05-14T09:02:04.753439+00:00', '--job-id', '107', '--raw', '--subdir', 'DAGS_FOLDER/data_pipeline_jobs104.py', '--cfg-path', '/tmp/tmp_wetexaq']
[2024-05-14T09:02:13.687+0000] {standard_task_runner.py:91} INFO - Job 107: Subtask data_crawler_detail
[2024-05-14T09:02:13.713+0000] {task_command.py:426} INFO - Running <TaskInstance: data_pipeline_jobs104.data_crawler_detail manual__2024-05-14T09:02:04.753439+00:00 [running]> on host 64cecfa2af77
[2024-05-14T09:02:13.770+0000] {taskinstance.py:2648} INFO - Exporting env vars: AIRFLOW_CTX_DAG_OWNER='***' AIRFLOW_CTX_DAG_ID='data_pipeline_jobs104' AIRFLOW_CTX_TASK_ID='data_crawler_detail' AIRFLOW_CTX_EXECUTION_DATE='2024-05-14T09:02:04.753439+00:00' AIRFLOW_CTX_TRY_NUMBER='1' AIRFLOW_CTX_DAG_RUN_ID='manual__2024-05-14T09:02:04.753439+00:00'
[2024-05-14T09:02:13.771+0000] {taskinstance.py:430} INFO - ::endgroup::
[2024-05-14T09:02:13.779+0000] {logging_mixin.py:188} INFO - data_crawler_detail !!!
[2024-05-14T09:02:13.779+0000] {python.py:237} INFO - Done. Returned value was: None
[2024-05-14T09:02:13.780+0000] {taskinstance.py:441} INFO - ::group::Post task execution logs
[2024-05-14T09:02:13.785+0000] {taskinstance.py:1206} INFO - Marking task as SUCCESS. dag_id=data_pipeline_jobs104, task_id=data_crawler_detail, run_id=manual__2024-05-14T09:02:04.753439+00:00, execution_date=20240514T090204, start_date=20240514T090213, end_date=20240514T090213
[2024-05-14T09:02:13.826+0000] {local_task_job_runner.py:240} INFO - Task exited with return code 0
[2024-05-14T09:02:13.850+0000] {taskinstance.py:3498} INFO - 1 downstream tasks scheduled from follow-on schedule check
[2024-05-14T09:02:13.851+0000] {local_task_job_runner.py:222} INFO - ::endgroup::
