[2024-05-14T01:54:04.797+0000] {processor.py:161} INFO - Started process (PID=46) to work on /home/airflow/.local/lib/python3.12/site-packages/airflow/example_dags/example_branch_labels.py
[2024-05-14T01:54:04.805+0000] {processor.py:830} INFO - Processing file /home/airflow/.local/lib/python3.12/site-packages/airflow/example_dags/example_branch_labels.py for tasks to queue
[2024-05-14T01:54:04.817+0000] {logging_mixin.py:188} INFO - [2024-05-14T01:54:04.817+0000] {dagbag.py:545} INFO - Filling up the DagBag from /home/airflow/.local/lib/python3.12/site-packages/airflow/example_dags/example_branch_labels.py
[2024-05-14T01:54:04.830+0000] {processor.py:840} INFO - DAG(s) 'example_branch_labels' retrieved from /home/airflow/.local/lib/python3.12/site-packages/airflow/example_dags/example_branch_labels.py
[2024-05-14T01:54:04.847+0000] {logging_mixin.py:188} INFO - [2024-05-14T01:54:04.846+0000] {dag.py:3096} INFO - Sync 1 DAGs
[2024-05-14T01:54:04.882+0000] {logging_mixin.py:188} INFO - [2024-05-14T01:54:04.882+0000] {dag.py:3954} INFO - Setting next_dagrun for example_branch_labels to 2024-05-13 00:00:00+00:00, run_after=2024-05-14 00:00:00+00:00
[2024-05-14T01:54:04.908+0000] {processor.py:183} INFO - Processing /home/airflow/.local/lib/python3.12/site-packages/airflow/example_dags/example_branch_labels.py took 0.122 seconds
[2024-05-14T01:54:35.707+0000] {processor.py:161} INFO - Started process (PID=105) to work on /home/airflow/.local/lib/python3.12/site-packages/airflow/example_dags/example_branch_labels.py
[2024-05-14T01:54:35.708+0000] {processor.py:830} INFO - Processing file /home/airflow/.local/lib/python3.12/site-packages/airflow/example_dags/example_branch_labels.py for tasks to queue
[2024-05-14T01:54:35.709+0000] {logging_mixin.py:188} INFO - [2024-05-14T01:54:35.709+0000] {dagbag.py:545} INFO - Filling up the DagBag from /home/airflow/.local/lib/python3.12/site-packages/airflow/example_dags/example_branch_labels.py
[2024-05-14T01:54:35.713+0000] {processor.py:840} INFO - DAG(s) 'example_branch_labels' retrieved from /home/airflow/.local/lib/python3.12/site-packages/airflow/example_dags/example_branch_labels.py
[2024-05-14T01:54:35.759+0000] {logging_mixin.py:188} INFO - [2024-05-14T01:54:35.759+0000] {dag.py:3096} INFO - Sync 1 DAGs
[2024-05-14T01:54:35.768+0000] {logging_mixin.py:188} INFO - [2024-05-14T01:54:35.768+0000] {dag.py:3954} INFO - Setting next_dagrun for example_branch_labels to 2024-05-13 00:00:00+00:00, run_after=2024-05-14 00:00:00+00:00
[2024-05-14T01:54:35.778+0000] {processor.py:183} INFO - Processing /home/airflow/.local/lib/python3.12/site-packages/airflow/example_dags/example_branch_labels.py took 0.073 seconds
[2024-05-14T01:55:06.187+0000] {processor.py:161} INFO - Started process (PID=164) to work on /home/airflow/.local/lib/python3.12/site-packages/airflow/example_dags/example_branch_labels.py
[2024-05-14T01:55:06.188+0000] {processor.py:830} INFO - Processing file /home/airflow/.local/lib/python3.12/site-packages/airflow/example_dags/example_branch_labels.py for tasks to queue
[2024-05-14T01:55:06.189+0000] {logging_mixin.py:188} INFO - [2024-05-14T01:55:06.189+0000] {dagbag.py:545} INFO - Filling up the DagBag from /home/airflow/.local/lib/python3.12/site-packages/airflow/example_dags/example_branch_labels.py
[2024-05-14T01:55:06.193+0000] {processor.py:840} INFO - DAG(s) 'example_branch_labels' retrieved from /home/airflow/.local/lib/python3.12/site-packages/airflow/example_dags/example_branch_labels.py
[2024-05-14T01:55:06.205+0000] {logging_mixin.py:188} INFO - [2024-05-14T01:55:06.204+0000] {dag.py:3096} INFO - Sync 1 DAGs
[2024-05-14T01:55:06.215+0000] {logging_mixin.py:188} INFO - [2024-05-14T01:55:06.215+0000] {dag.py:3954} INFO - Setting next_dagrun for example_branch_labels to 2024-05-13 00:00:00+00:00, run_after=2024-05-14 00:00:00+00:00
[2024-05-14T01:55:06.227+0000] {processor.py:183} INFO - Processing /home/airflow/.local/lib/python3.12/site-packages/airflow/example_dags/example_branch_labels.py took 0.042 seconds
[2024-05-14T01:55:36.265+0000] {processor.py:161} INFO - Started process (PID=223) to work on /home/airflow/.local/lib/python3.12/site-packages/airflow/example_dags/example_branch_labels.py
[2024-05-14T01:55:36.266+0000] {processor.py:830} INFO - Processing file /home/airflow/.local/lib/python3.12/site-packages/airflow/example_dags/example_branch_labels.py for tasks to queue
[2024-05-14T01:55:36.267+0000] {logging_mixin.py:188} INFO - [2024-05-14T01:55:36.267+0000] {dagbag.py:545} INFO - Filling up the DagBag from /home/airflow/.local/lib/python3.12/site-packages/airflow/example_dags/example_branch_labels.py
[2024-05-14T01:55:36.271+0000] {processor.py:840} INFO - DAG(s) 'example_branch_labels' retrieved from /home/airflow/.local/lib/python3.12/site-packages/airflow/example_dags/example_branch_labels.py
[2024-05-14T01:55:36.281+0000] {logging_mixin.py:188} INFO - [2024-05-14T01:55:36.281+0000] {dag.py:3096} INFO - Sync 1 DAGs
[2024-05-14T01:55:36.290+0000] {logging_mixin.py:188} INFO - [2024-05-14T01:55:36.290+0000] {dag.py:3954} INFO - Setting next_dagrun for example_branch_labels to 2024-05-13 00:00:00+00:00, run_after=2024-05-14 00:00:00+00:00
[2024-05-14T01:55:36.298+0000] {processor.py:183} INFO - Processing /home/airflow/.local/lib/python3.12/site-packages/airflow/example_dags/example_branch_labels.py took 0.036 seconds
[2024-05-14T01:56:06.591+0000] {processor.py:161} INFO - Started process (PID=282) to work on /home/airflow/.local/lib/python3.12/site-packages/airflow/example_dags/example_branch_labels.py
[2024-05-14T01:56:06.591+0000] {processor.py:830} INFO - Processing file /home/airflow/.local/lib/python3.12/site-packages/airflow/example_dags/example_branch_labels.py for tasks to queue
[2024-05-14T01:56:06.592+0000] {logging_mixin.py:188} INFO - [2024-05-14T01:56:06.592+0000] {dagbag.py:545} INFO - Filling up the DagBag from /home/airflow/.local/lib/python3.12/site-packages/airflow/example_dags/example_branch_labels.py
[2024-05-14T01:56:06.597+0000] {processor.py:840} INFO - DAG(s) 'example_branch_labels' retrieved from /home/airflow/.local/lib/python3.12/site-packages/airflow/example_dags/example_branch_labels.py
[2024-05-14T01:56:06.609+0000] {logging_mixin.py:188} INFO - [2024-05-14T01:56:06.609+0000] {dag.py:3096} INFO - Sync 1 DAGs
[2024-05-14T01:56:06.622+0000] {logging_mixin.py:188} INFO - [2024-05-14T01:56:06.621+0000] {dag.py:3954} INFO - Setting next_dagrun for example_branch_labels to 2024-05-13 00:00:00+00:00, run_after=2024-05-14 00:00:00+00:00
[2024-05-14T01:56:06.631+0000] {processor.py:183} INFO - Processing /home/airflow/.local/lib/python3.12/site-packages/airflow/example_dags/example_branch_labels.py took 0.043 seconds
[2024-05-14T01:56:36.714+0000] {processor.py:161} INFO - Started process (PID=340) to work on /home/airflow/.local/lib/python3.12/site-packages/airflow/example_dags/example_branch_labels.py
[2024-05-14T01:56:36.715+0000] {processor.py:830} INFO - Processing file /home/airflow/.local/lib/python3.12/site-packages/airflow/example_dags/example_branch_labels.py for tasks to queue
[2024-05-14T01:56:36.716+0000] {logging_mixin.py:188} INFO - [2024-05-14T01:56:36.715+0000] {dagbag.py:545} INFO - Filling up the DagBag from /home/airflow/.local/lib/python3.12/site-packages/airflow/example_dags/example_branch_labels.py
[2024-05-14T01:56:36.720+0000] {processor.py:840} INFO - DAG(s) 'example_branch_labels' retrieved from /home/airflow/.local/lib/python3.12/site-packages/airflow/example_dags/example_branch_labels.py
[2024-05-14T01:56:36.730+0000] {logging_mixin.py:188} INFO - [2024-05-14T01:56:36.730+0000] {dag.py:3096} INFO - Sync 1 DAGs
[2024-05-14T01:56:36.742+0000] {logging_mixin.py:188} INFO - [2024-05-14T01:56:36.741+0000] {dag.py:3954} INFO - Setting next_dagrun for example_branch_labels to 2024-05-13 00:00:00+00:00, run_after=2024-05-14 00:00:00+00:00
[2024-05-14T01:56:36.751+0000] {processor.py:183} INFO - Processing /home/airflow/.local/lib/python3.12/site-packages/airflow/example_dags/example_branch_labels.py took 0.040 seconds
[2024-05-14T01:57:07.751+0000] {processor.py:161} INFO - Started process (PID=399) to work on /home/airflow/.local/lib/python3.12/site-packages/airflow/example_dags/example_branch_labels.py
[2024-05-14T01:57:07.752+0000] {processor.py:830} INFO - Processing file /home/airflow/.local/lib/python3.12/site-packages/airflow/example_dags/example_branch_labels.py for tasks to queue
[2024-05-14T01:57:07.753+0000] {logging_mixin.py:188} INFO - [2024-05-14T01:57:07.753+0000] {dagbag.py:545} INFO - Filling up the DagBag from /home/airflow/.local/lib/python3.12/site-packages/airflow/example_dags/example_branch_labels.py
[2024-05-14T01:57:07.758+0000] {processor.py:840} INFO - DAG(s) 'example_branch_labels' retrieved from /home/airflow/.local/lib/python3.12/site-packages/airflow/example_dags/example_branch_labels.py
[2024-05-14T01:57:07.769+0000] {logging_mixin.py:188} INFO - [2024-05-14T01:57:07.769+0000] {dag.py:3096} INFO - Sync 1 DAGs
[2024-05-14T01:57:07.781+0000] {logging_mixin.py:188} INFO - [2024-05-14T01:57:07.781+0000] {dag.py:3954} INFO - Setting next_dagrun for example_branch_labels to 2024-05-13 00:00:00+00:00, run_after=2024-05-14 00:00:00+00:00
[2024-05-14T01:57:07.797+0000] {processor.py:183} INFO - Processing /home/airflow/.local/lib/python3.12/site-packages/airflow/example_dags/example_branch_labels.py took 0.049 seconds
[2024-05-14T01:57:38.531+0000] {processor.py:161} INFO - Started process (PID=458) to work on /home/airflow/.local/lib/python3.12/site-packages/airflow/example_dags/example_branch_labels.py
[2024-05-14T01:57:38.531+0000] {processor.py:830} INFO - Processing file /home/airflow/.local/lib/python3.12/site-packages/airflow/example_dags/example_branch_labels.py for tasks to queue
[2024-05-14T01:57:38.533+0000] {logging_mixin.py:188} INFO - [2024-05-14T01:57:38.533+0000] {dagbag.py:545} INFO - Filling up the DagBag from /home/airflow/.local/lib/python3.12/site-packages/airflow/example_dags/example_branch_labels.py
[2024-05-14T01:57:38.538+0000] {processor.py:840} INFO - DAG(s) 'example_branch_labels' retrieved from /home/airflow/.local/lib/python3.12/site-packages/airflow/example_dags/example_branch_labels.py
[2024-05-14T01:57:38.549+0000] {logging_mixin.py:188} INFO - [2024-05-14T01:57:38.549+0000] {dag.py:3096} INFO - Sync 1 DAGs
[2024-05-14T01:57:38.561+0000] {logging_mixin.py:188} INFO - [2024-05-14T01:57:38.560+0000] {dag.py:3954} INFO - Setting next_dagrun for example_branch_labels to 2024-05-13 00:00:00+00:00, run_after=2024-05-14 00:00:00+00:00
[2024-05-14T01:57:38.571+0000] {processor.py:183} INFO - Processing /home/airflow/.local/lib/python3.12/site-packages/airflow/example_dags/example_branch_labels.py took 0.043 seconds
[2024-05-14T01:58:09.237+0000] {processor.py:161} INFO - Started process (PID=517) to work on /home/airflow/.local/lib/python3.12/site-packages/airflow/example_dags/example_branch_labels.py
[2024-05-14T01:58:09.237+0000] {processor.py:830} INFO - Processing file /home/airflow/.local/lib/python3.12/site-packages/airflow/example_dags/example_branch_labels.py for tasks to queue
[2024-05-14T01:58:09.238+0000] {logging_mixin.py:188} INFO - [2024-05-14T01:58:09.238+0000] {dagbag.py:545} INFO - Filling up the DagBag from /home/airflow/.local/lib/python3.12/site-packages/airflow/example_dags/example_branch_labels.py
[2024-05-14T01:58:09.242+0000] {processor.py:840} INFO - DAG(s) 'example_branch_labels' retrieved from /home/airflow/.local/lib/python3.12/site-packages/airflow/example_dags/example_branch_labels.py
[2024-05-14T01:58:09.252+0000] {logging_mixin.py:188} INFO - [2024-05-14T01:58:09.252+0000] {dag.py:3096} INFO - Sync 1 DAGs
[2024-05-14T01:58:09.263+0000] {logging_mixin.py:188} INFO - [2024-05-14T01:58:09.263+0000] {dag.py:3954} INFO - Setting next_dagrun for example_branch_labels to 2024-05-13 00:00:00+00:00, run_after=2024-05-14 00:00:00+00:00
[2024-05-14T01:58:09.272+0000] {processor.py:183} INFO - Processing /home/airflow/.local/lib/python3.12/site-packages/airflow/example_dags/example_branch_labels.py took 0.038 seconds
[2024-05-14T01:58:39.986+0000] {processor.py:161} INFO - Started process (PID=575) to work on /home/airflow/.local/lib/python3.12/site-packages/airflow/example_dags/example_branch_labels.py
[2024-05-14T01:58:39.987+0000] {processor.py:830} INFO - Processing file /home/airflow/.local/lib/python3.12/site-packages/airflow/example_dags/example_branch_labels.py for tasks to queue
[2024-05-14T01:58:39.988+0000] {logging_mixin.py:188} INFO - [2024-05-14T01:58:39.987+0000] {dagbag.py:545} INFO - Filling up the DagBag from /home/airflow/.local/lib/python3.12/site-packages/airflow/example_dags/example_branch_labels.py
[2024-05-14T01:58:39.992+0000] {processor.py:840} INFO - DAG(s) 'example_branch_labels' retrieved from /home/airflow/.local/lib/python3.12/site-packages/airflow/example_dags/example_branch_labels.py
[2024-05-14T01:58:40.002+0000] {logging_mixin.py:188} INFO - [2024-05-14T01:58:40.002+0000] {dag.py:3096} INFO - Sync 1 DAGs
[2024-05-14T01:58:40.013+0000] {logging_mixin.py:188} INFO - [2024-05-14T01:58:40.013+0000] {dag.py:3954} INFO - Setting next_dagrun for example_branch_labels to 2024-05-13 00:00:00+00:00, run_after=2024-05-14 00:00:00+00:00
[2024-05-14T01:58:40.023+0000] {processor.py:183} INFO - Processing /home/airflow/.local/lib/python3.12/site-packages/airflow/example_dags/example_branch_labels.py took 0.040 seconds
[2024-05-14T01:59:10.873+0000] {processor.py:161} INFO - Started process (PID=634) to work on /home/airflow/.local/lib/python3.12/site-packages/airflow/example_dags/example_branch_labels.py
[2024-05-14T01:59:10.874+0000] {processor.py:830} INFO - Processing file /home/airflow/.local/lib/python3.12/site-packages/airflow/example_dags/example_branch_labels.py for tasks to queue
[2024-05-14T01:59:10.875+0000] {logging_mixin.py:188} INFO - [2024-05-14T01:59:10.875+0000] {dagbag.py:545} INFO - Filling up the DagBag from /home/airflow/.local/lib/python3.12/site-packages/airflow/example_dags/example_branch_labels.py
[2024-05-14T01:59:10.880+0000] {processor.py:840} INFO - DAG(s) 'example_branch_labels' retrieved from /home/airflow/.local/lib/python3.12/site-packages/airflow/example_dags/example_branch_labels.py
[2024-05-14T01:59:10.892+0000] {logging_mixin.py:188} INFO - [2024-05-14T01:59:10.892+0000] {dag.py:3096} INFO - Sync 1 DAGs
[2024-05-14T01:59:10.904+0000] {logging_mixin.py:188} INFO - [2024-05-14T01:59:10.904+0000] {dag.py:3954} INFO - Setting next_dagrun for example_branch_labels to 2024-05-13 00:00:00+00:00, run_after=2024-05-14 00:00:00+00:00
[2024-05-14T01:59:10.912+0000] {processor.py:183} INFO - Processing /home/airflow/.local/lib/python3.12/site-packages/airflow/example_dags/example_branch_labels.py took 0.042 seconds
[2024-05-14T01:59:41.571+0000] {processor.py:161} INFO - Started process (PID=693) to work on /home/airflow/.local/lib/python3.12/site-packages/airflow/example_dags/example_branch_labels.py
[2024-05-14T01:59:41.571+0000] {processor.py:830} INFO - Processing file /home/airflow/.local/lib/python3.12/site-packages/airflow/example_dags/example_branch_labels.py for tasks to queue
[2024-05-14T01:59:41.573+0000] {logging_mixin.py:188} INFO - [2024-05-14T01:59:41.573+0000] {dagbag.py:545} INFO - Filling up the DagBag from /home/airflow/.local/lib/python3.12/site-packages/airflow/example_dags/example_branch_labels.py
[2024-05-14T01:59:41.578+0000] {processor.py:840} INFO - DAG(s) 'example_branch_labels' retrieved from /home/airflow/.local/lib/python3.12/site-packages/airflow/example_dags/example_branch_labels.py
[2024-05-14T01:59:41.596+0000] {logging_mixin.py:188} INFO - [2024-05-14T01:59:41.595+0000] {dag.py:3096} INFO - Sync 1 DAGs
[2024-05-14T01:59:41.608+0000] {logging_mixin.py:188} INFO - [2024-05-14T01:59:41.608+0000] {dag.py:3954} INFO - Setting next_dagrun for example_branch_labels to 2024-05-13 00:00:00+00:00, run_after=2024-05-14 00:00:00+00:00
[2024-05-14T01:59:41.619+0000] {processor.py:183} INFO - Processing /home/airflow/.local/lib/python3.12/site-packages/airflow/example_dags/example_branch_labels.py took 0.052 seconds
[2024-05-14T02:00:12.424+0000] {processor.py:161} INFO - Started process (PID=752) to work on /home/airflow/.local/lib/python3.12/site-packages/airflow/example_dags/example_branch_labels.py
[2024-05-14T02:00:12.425+0000] {processor.py:830} INFO - Processing file /home/airflow/.local/lib/python3.12/site-packages/airflow/example_dags/example_branch_labels.py for tasks to queue
[2024-05-14T02:00:12.426+0000] {logging_mixin.py:188} INFO - [2024-05-14T02:00:12.426+0000] {dagbag.py:545} INFO - Filling up the DagBag from /home/airflow/.local/lib/python3.12/site-packages/airflow/example_dags/example_branch_labels.py
[2024-05-14T02:00:12.430+0000] {processor.py:840} INFO - DAG(s) 'example_branch_labels' retrieved from /home/airflow/.local/lib/python3.12/site-packages/airflow/example_dags/example_branch_labels.py
[2024-05-14T02:00:12.441+0000] {logging_mixin.py:188} INFO - [2024-05-14T02:00:12.441+0000] {dag.py:3096} INFO - Sync 1 DAGs
[2024-05-14T02:00:12.452+0000] {logging_mixin.py:188} INFO - [2024-05-14T02:00:12.451+0000] {dag.py:3954} INFO - Setting next_dagrun for example_branch_labels to 2024-05-13 00:00:00+00:00, run_after=2024-05-14 00:00:00+00:00
[2024-05-14T02:00:12.460+0000] {processor.py:183} INFO - Processing /home/airflow/.local/lib/python3.12/site-packages/airflow/example_dags/example_branch_labels.py took 0.039 seconds
[2024-05-14T02:00:43.196+0000] {processor.py:161} INFO - Started process (PID=811) to work on /home/airflow/.local/lib/python3.12/site-packages/airflow/example_dags/example_branch_labels.py
[2024-05-14T02:00:43.198+0000] {processor.py:830} INFO - Processing file /home/airflow/.local/lib/python3.12/site-packages/airflow/example_dags/example_branch_labels.py for tasks to queue
[2024-05-14T02:00:43.200+0000] {logging_mixin.py:188} INFO - [2024-05-14T02:00:43.199+0000] {dagbag.py:545} INFO - Filling up the DagBag from /home/airflow/.local/lib/python3.12/site-packages/airflow/example_dags/example_branch_labels.py
[2024-05-14T02:00:43.204+0000] {processor.py:840} INFO - DAG(s) 'example_branch_labels' retrieved from /home/airflow/.local/lib/python3.12/site-packages/airflow/example_dags/example_branch_labels.py
[2024-05-14T02:00:43.215+0000] {logging_mixin.py:188} INFO - [2024-05-14T02:00:43.215+0000] {dag.py:3096} INFO - Sync 1 DAGs
[2024-05-14T02:00:43.226+0000] {logging_mixin.py:188} INFO - [2024-05-14T02:00:43.225+0000] {dag.py:3954} INFO - Setting next_dagrun for example_branch_labels to 2024-05-13 00:00:00+00:00, run_after=2024-05-14 00:00:00+00:00
[2024-05-14T02:00:43.234+0000] {processor.py:183} INFO - Processing /home/airflow/.local/lib/python3.12/site-packages/airflow/example_dags/example_branch_labels.py took 0.040 seconds
[2024-05-14T02:01:13.467+0000] {processor.py:161} INFO - Started process (PID=870) to work on /home/airflow/.local/lib/python3.12/site-packages/airflow/example_dags/example_branch_labels.py
[2024-05-14T02:01:13.468+0000] {processor.py:830} INFO - Processing file /home/airflow/.local/lib/python3.12/site-packages/airflow/example_dags/example_branch_labels.py for tasks to queue
[2024-05-14T02:01:13.469+0000] {logging_mixin.py:188} INFO - [2024-05-14T02:01:13.469+0000] {dagbag.py:545} INFO - Filling up the DagBag from /home/airflow/.local/lib/python3.12/site-packages/airflow/example_dags/example_branch_labels.py
[2024-05-14T02:01:13.473+0000] {processor.py:840} INFO - DAG(s) 'example_branch_labels' retrieved from /home/airflow/.local/lib/python3.12/site-packages/airflow/example_dags/example_branch_labels.py
[2024-05-14T02:01:13.484+0000] {logging_mixin.py:188} INFO - [2024-05-14T02:01:13.484+0000] {dag.py:3096} INFO - Sync 1 DAGs
[2024-05-14T02:01:13.496+0000] {logging_mixin.py:188} INFO - [2024-05-14T02:01:13.495+0000] {dag.py:3954} INFO - Setting next_dagrun for example_branch_labels to 2024-05-13 00:00:00+00:00, run_after=2024-05-14 00:00:00+00:00
[2024-05-14T02:01:13.504+0000] {processor.py:183} INFO - Processing /home/airflow/.local/lib/python3.12/site-packages/airflow/example_dags/example_branch_labels.py took 0.040 seconds
[2024-05-14T02:01:44.549+0000] {processor.py:161} INFO - Started process (PID=929) to work on /home/airflow/.local/lib/python3.12/site-packages/airflow/example_dags/example_branch_labels.py
[2024-05-14T02:01:44.550+0000] {processor.py:830} INFO - Processing file /home/airflow/.local/lib/python3.12/site-packages/airflow/example_dags/example_branch_labels.py for tasks to queue
[2024-05-14T02:01:44.551+0000] {logging_mixin.py:188} INFO - [2024-05-14T02:01:44.551+0000] {dagbag.py:545} INFO - Filling up the DagBag from /home/airflow/.local/lib/python3.12/site-packages/airflow/example_dags/example_branch_labels.py
[2024-05-14T02:01:44.556+0000] {processor.py:840} INFO - DAG(s) 'example_branch_labels' retrieved from /home/airflow/.local/lib/python3.12/site-packages/airflow/example_dags/example_branch_labels.py
[2024-05-14T02:01:44.568+0000] {logging_mixin.py:188} INFO - [2024-05-14T02:01:44.568+0000] {dag.py:3096} INFO - Sync 1 DAGs
[2024-05-14T02:01:44.580+0000] {logging_mixin.py:188} INFO - [2024-05-14T02:01:44.580+0000] {dag.py:3954} INFO - Setting next_dagrun for example_branch_labels to 2024-05-13 00:00:00+00:00, run_after=2024-05-14 00:00:00+00:00
[2024-05-14T02:01:44.590+0000] {processor.py:183} INFO - Processing /home/airflow/.local/lib/python3.12/site-packages/airflow/example_dags/example_branch_labels.py took 0.043 seconds
[2024-05-14T02:02:14.635+0000] {processor.py:161} INFO - Started process (PID=987) to work on /home/airflow/.local/lib/python3.12/site-packages/airflow/example_dags/example_branch_labels.py
[2024-05-14T02:02:14.635+0000] {processor.py:830} INFO - Processing file /home/airflow/.local/lib/python3.12/site-packages/airflow/example_dags/example_branch_labels.py for tasks to queue
[2024-05-14T02:02:14.637+0000] {logging_mixin.py:188} INFO - [2024-05-14T02:02:14.636+0000] {dagbag.py:545} INFO - Filling up the DagBag from /home/airflow/.local/lib/python3.12/site-packages/airflow/example_dags/example_branch_labels.py
[2024-05-14T02:02:14.641+0000] {processor.py:840} INFO - DAG(s) 'example_branch_labels' retrieved from /home/airflow/.local/lib/python3.12/site-packages/airflow/example_dags/example_branch_labels.py
[2024-05-14T02:02:14.653+0000] {logging_mixin.py:188} INFO - [2024-05-14T02:02:14.653+0000] {dag.py:3096} INFO - Sync 1 DAGs
[2024-05-14T02:02:14.665+0000] {logging_mixin.py:188} INFO - [2024-05-14T02:02:14.664+0000] {dag.py:3954} INFO - Setting next_dagrun for example_branch_labels to 2024-05-13 00:00:00+00:00, run_after=2024-05-14 00:00:00+00:00
[2024-05-14T02:02:14.674+0000] {processor.py:183} INFO - Processing /home/airflow/.local/lib/python3.12/site-packages/airflow/example_dags/example_branch_labels.py took 0.042 seconds
[2024-05-14T02:02:44.861+0000] {processor.py:161} INFO - Started process (PID=1046) to work on /home/airflow/.local/lib/python3.12/site-packages/airflow/example_dags/example_branch_labels.py
[2024-05-14T02:02:44.862+0000] {processor.py:830} INFO - Processing file /home/airflow/.local/lib/python3.12/site-packages/airflow/example_dags/example_branch_labels.py for tasks to queue
[2024-05-14T02:02:44.863+0000] {logging_mixin.py:188} INFO - [2024-05-14T02:02:44.863+0000] {dagbag.py:545} INFO - Filling up the DagBag from /home/airflow/.local/lib/python3.12/site-packages/airflow/example_dags/example_branch_labels.py
[2024-05-14T02:02:44.868+0000] {processor.py:840} INFO - DAG(s) 'example_branch_labels' retrieved from /home/airflow/.local/lib/python3.12/site-packages/airflow/example_dags/example_branch_labels.py
[2024-05-14T02:02:44.879+0000] {logging_mixin.py:188} INFO - [2024-05-14T02:02:44.879+0000] {dag.py:3096} INFO - Sync 1 DAGs
[2024-05-14T02:02:44.890+0000] {logging_mixin.py:188} INFO - [2024-05-14T02:02:44.890+0000] {dag.py:3954} INFO - Setting next_dagrun for example_branch_labels to 2024-05-13 00:00:00+00:00, run_after=2024-05-14 00:00:00+00:00
[2024-05-14T02:02:44.899+0000] {processor.py:183} INFO - Processing /home/airflow/.local/lib/python3.12/site-packages/airflow/example_dags/example_branch_labels.py took 0.040 seconds
[2024-05-14T02:03:14.998+0000] {processor.py:161} INFO - Started process (PID=1105) to work on /home/airflow/.local/lib/python3.12/site-packages/airflow/example_dags/example_branch_labels.py
[2024-05-14T02:03:14.999+0000] {processor.py:830} INFO - Processing file /home/airflow/.local/lib/python3.12/site-packages/airflow/example_dags/example_branch_labels.py for tasks to queue
[2024-05-14T02:03:15.000+0000] {logging_mixin.py:188} INFO - [2024-05-14T02:03:15.000+0000] {dagbag.py:545} INFO - Filling up the DagBag from /home/airflow/.local/lib/python3.12/site-packages/airflow/example_dags/example_branch_labels.py
[2024-05-14T02:03:15.004+0000] {processor.py:840} INFO - DAG(s) 'example_branch_labels' retrieved from /home/airflow/.local/lib/python3.12/site-packages/airflow/example_dags/example_branch_labels.py
[2024-05-14T02:03:15.015+0000] {logging_mixin.py:188} INFO - [2024-05-14T02:03:15.015+0000] {dag.py:3096} INFO - Sync 1 DAGs
[2024-05-14T02:03:15.026+0000] {logging_mixin.py:188} INFO - [2024-05-14T02:03:15.026+0000] {dag.py:3954} INFO - Setting next_dagrun for example_branch_labels to 2024-05-13 00:00:00+00:00, run_after=2024-05-14 00:00:00+00:00
[2024-05-14T02:03:15.034+0000] {processor.py:183} INFO - Processing /home/airflow/.local/lib/python3.12/site-packages/airflow/example_dags/example_branch_labels.py took 0.039 seconds
[2024-05-14T02:03:45.875+0000] {processor.py:161} INFO - Started process (PID=1165) to work on /home/airflow/.local/lib/python3.12/site-packages/airflow/example_dags/example_branch_labels.py
[2024-05-14T02:03:45.876+0000] {processor.py:830} INFO - Processing file /home/airflow/.local/lib/python3.12/site-packages/airflow/example_dags/example_branch_labels.py for tasks to queue
[2024-05-14T02:03:45.877+0000] {logging_mixin.py:188} INFO - [2024-05-14T02:03:45.877+0000] {dagbag.py:545} INFO - Filling up the DagBag from /home/airflow/.local/lib/python3.12/site-packages/airflow/example_dags/example_branch_labels.py
[2024-05-14T02:03:45.883+0000] {processor.py:840} INFO - DAG(s) 'example_branch_labels' retrieved from /home/airflow/.local/lib/python3.12/site-packages/airflow/example_dags/example_branch_labels.py
[2024-05-14T02:03:45.895+0000] {logging_mixin.py:188} INFO - [2024-05-14T02:03:45.895+0000] {dag.py:3096} INFO - Sync 1 DAGs
[2024-05-14T02:03:45.909+0000] {logging_mixin.py:188} INFO - [2024-05-14T02:03:45.909+0000] {dag.py:3954} INFO - Setting next_dagrun for example_branch_labels to 2024-05-13 00:00:00+00:00, run_after=2024-05-14 00:00:00+00:00
[2024-05-14T02:03:45.921+0000] {processor.py:183} INFO - Processing /home/airflow/.local/lib/python3.12/site-packages/airflow/example_dags/example_branch_labels.py took 0.049 seconds
[2024-05-14T02:04:15.949+0000] {processor.py:161} INFO - Started process (PID=1222) to work on /home/airflow/.local/lib/python3.12/site-packages/airflow/example_dags/example_branch_labels.py
[2024-05-14T02:04:15.949+0000] {processor.py:830} INFO - Processing file /home/airflow/.local/lib/python3.12/site-packages/airflow/example_dags/example_branch_labels.py for tasks to queue
[2024-05-14T02:04:15.950+0000] {logging_mixin.py:188} INFO - [2024-05-14T02:04:15.950+0000] {dagbag.py:545} INFO - Filling up the DagBag from /home/airflow/.local/lib/python3.12/site-packages/airflow/example_dags/example_branch_labels.py
[2024-05-14T02:04:15.956+0000] {processor.py:840} INFO - DAG(s) 'example_branch_labels' retrieved from /home/airflow/.local/lib/python3.12/site-packages/airflow/example_dags/example_branch_labels.py
[2024-05-14T02:04:15.966+0000] {logging_mixin.py:188} INFO - [2024-05-14T02:04:15.966+0000] {dag.py:3096} INFO - Sync 1 DAGs
[2024-05-14T02:04:15.977+0000] {logging_mixin.py:188} INFO - [2024-05-14T02:04:15.977+0000] {dag.py:3954} INFO - Setting next_dagrun for example_branch_labels to 2024-05-13 00:00:00+00:00, run_after=2024-05-14 00:00:00+00:00
[2024-05-14T02:04:15.985+0000] {processor.py:183} INFO - Processing /home/airflow/.local/lib/python3.12/site-packages/airflow/example_dags/example_branch_labels.py took 0.039 seconds
[2024-05-14T02:04:46.102+0000] {processor.py:161} INFO - Started process (PID=1281) to work on /home/airflow/.local/lib/python3.12/site-packages/airflow/example_dags/example_branch_labels.py
[2024-05-14T02:04:46.103+0000] {processor.py:830} INFO - Processing file /home/airflow/.local/lib/python3.12/site-packages/airflow/example_dags/example_branch_labels.py for tasks to queue
[2024-05-14T02:04:46.105+0000] {logging_mixin.py:188} INFO - [2024-05-14T02:04:46.104+0000] {dagbag.py:545} INFO - Filling up the DagBag from /home/airflow/.local/lib/python3.12/site-packages/airflow/example_dags/example_branch_labels.py
[2024-05-14T02:04:46.110+0000] {processor.py:840} INFO - DAG(s) 'example_branch_labels' retrieved from /home/airflow/.local/lib/python3.12/site-packages/airflow/example_dags/example_branch_labels.py
[2024-05-14T02:04:46.124+0000] {logging_mixin.py:188} INFO - [2024-05-14T02:04:46.124+0000] {dag.py:3096} INFO - Sync 1 DAGs
[2024-05-14T02:04:46.138+0000] {logging_mixin.py:188} INFO - [2024-05-14T02:04:46.138+0000] {dag.py:3954} INFO - Setting next_dagrun for example_branch_labels to 2024-05-13 00:00:00+00:00, run_after=2024-05-14 00:00:00+00:00
[2024-05-14T02:04:46.149+0000] {processor.py:183} INFO - Processing /home/airflow/.local/lib/python3.12/site-packages/airflow/example_dags/example_branch_labels.py took 0.050 seconds
[2024-05-14T02:05:16.225+0000] {processor.py:161} INFO - Started process (PID=1340) to work on /home/airflow/.local/lib/python3.12/site-packages/airflow/example_dags/example_branch_labels.py
[2024-05-14T02:05:16.225+0000] {processor.py:830} INFO - Processing file /home/airflow/.local/lib/python3.12/site-packages/airflow/example_dags/example_branch_labels.py for tasks to queue
[2024-05-14T02:05:16.226+0000] {logging_mixin.py:188} INFO - [2024-05-14T02:05:16.226+0000] {dagbag.py:545} INFO - Filling up the DagBag from /home/airflow/.local/lib/python3.12/site-packages/airflow/example_dags/example_branch_labels.py
[2024-05-14T02:05:16.231+0000] {processor.py:840} INFO - DAG(s) 'example_branch_labels' retrieved from /home/airflow/.local/lib/python3.12/site-packages/airflow/example_dags/example_branch_labels.py
[2024-05-14T02:05:16.242+0000] {logging_mixin.py:188} INFO - [2024-05-14T02:05:16.242+0000] {dag.py:3096} INFO - Sync 1 DAGs
[2024-05-14T02:05:16.253+0000] {logging_mixin.py:188} INFO - [2024-05-14T02:05:16.252+0000] {dag.py:3954} INFO - Setting next_dagrun for example_branch_labels to 2024-05-13 00:00:00+00:00, run_after=2024-05-14 00:00:00+00:00
[2024-05-14T02:05:16.261+0000] {processor.py:183} INFO - Processing /home/airflow/.local/lib/python3.12/site-packages/airflow/example_dags/example_branch_labels.py took 0.039 seconds
[2024-05-14T02:05:47.014+0000] {processor.py:161} INFO - Started process (PID=1400) to work on /home/airflow/.local/lib/python3.12/site-packages/airflow/example_dags/example_branch_labels.py
[2024-05-14T02:05:47.015+0000] {processor.py:830} INFO - Processing file /home/airflow/.local/lib/python3.12/site-packages/airflow/example_dags/example_branch_labels.py for tasks to queue
[2024-05-14T02:05:47.016+0000] {logging_mixin.py:188} INFO - [2024-05-14T02:05:47.016+0000] {dagbag.py:545} INFO - Filling up the DagBag from /home/airflow/.local/lib/python3.12/site-packages/airflow/example_dags/example_branch_labels.py
[2024-05-14T02:05:47.021+0000] {processor.py:840} INFO - DAG(s) 'example_branch_labels' retrieved from /home/airflow/.local/lib/python3.12/site-packages/airflow/example_dags/example_branch_labels.py
[2024-05-14T02:05:47.033+0000] {logging_mixin.py:188} INFO - [2024-05-14T02:05:47.032+0000] {dag.py:3096} INFO - Sync 1 DAGs
[2024-05-14T02:05:47.044+0000] {logging_mixin.py:188} INFO - [2024-05-14T02:05:47.044+0000] {dag.py:3954} INFO - Setting next_dagrun for example_branch_labels to 2024-05-13 00:00:00+00:00, run_after=2024-05-14 00:00:00+00:00
[2024-05-14T02:05:47.054+0000] {processor.py:183} INFO - Processing /home/airflow/.local/lib/python3.12/site-packages/airflow/example_dags/example_branch_labels.py took 0.043 seconds
[2024-05-14T02:06:17.104+0000] {processor.py:161} INFO - Started process (PID=1458) to work on /home/airflow/.local/lib/python3.12/site-packages/airflow/example_dags/example_branch_labels.py
[2024-05-14T02:06:17.104+0000] {processor.py:830} INFO - Processing file /home/airflow/.local/lib/python3.12/site-packages/airflow/example_dags/example_branch_labels.py for tasks to queue
[2024-05-14T02:06:17.105+0000] {logging_mixin.py:188} INFO - [2024-05-14T02:06:17.105+0000] {dagbag.py:545} INFO - Filling up the DagBag from /home/airflow/.local/lib/python3.12/site-packages/airflow/example_dags/example_branch_labels.py
[2024-05-14T02:06:17.110+0000] {processor.py:840} INFO - DAG(s) 'example_branch_labels' retrieved from /home/airflow/.local/lib/python3.12/site-packages/airflow/example_dags/example_branch_labels.py
[2024-05-14T02:06:17.120+0000] {logging_mixin.py:188} INFO - [2024-05-14T02:06:17.120+0000] {dag.py:3096} INFO - Sync 1 DAGs
[2024-05-14T02:06:17.131+0000] {logging_mixin.py:188} INFO - [2024-05-14T02:06:17.131+0000] {dag.py:3954} INFO - Setting next_dagrun for example_branch_labels to 2024-05-13 00:00:00+00:00, run_after=2024-05-14 00:00:00+00:00
[2024-05-14T02:06:17.139+0000] {processor.py:183} INFO - Processing /home/airflow/.local/lib/python3.12/site-packages/airflow/example_dags/example_branch_labels.py took 0.038 seconds
[2024-05-14T02:06:47.238+0000] {processor.py:161} INFO - Started process (PID=1517) to work on /home/airflow/.local/lib/python3.12/site-packages/airflow/example_dags/example_branch_labels.py
[2024-05-14T02:06:47.238+0000] {processor.py:830} INFO - Processing file /home/airflow/.local/lib/python3.12/site-packages/airflow/example_dags/example_branch_labels.py for tasks to queue
[2024-05-14T02:06:47.239+0000] {logging_mixin.py:188} INFO - [2024-05-14T02:06:47.239+0000] {dagbag.py:545} INFO - Filling up the DagBag from /home/airflow/.local/lib/python3.12/site-packages/airflow/example_dags/example_branch_labels.py
[2024-05-14T02:06:47.244+0000] {processor.py:840} INFO - DAG(s) 'example_branch_labels' retrieved from /home/airflow/.local/lib/python3.12/site-packages/airflow/example_dags/example_branch_labels.py
[2024-05-14T02:06:47.255+0000] {logging_mixin.py:188} INFO - [2024-05-14T02:06:47.255+0000] {dag.py:3096} INFO - Sync 1 DAGs
[2024-05-14T02:06:47.266+0000] {logging_mixin.py:188} INFO - [2024-05-14T02:06:47.265+0000] {dag.py:3954} INFO - Setting next_dagrun for example_branch_labels to 2024-05-13 00:00:00+00:00, run_after=2024-05-14 00:00:00+00:00
[2024-05-14T02:06:47.275+0000] {processor.py:183} INFO - Processing /home/airflow/.local/lib/python3.12/site-packages/airflow/example_dags/example_branch_labels.py took 0.040 seconds
[2024-05-14T02:07:17.325+0000] {processor.py:161} INFO - Started process (PID=1576) to work on /home/airflow/.local/lib/python3.12/site-packages/airflow/example_dags/example_branch_labels.py
[2024-05-14T02:07:17.326+0000] {processor.py:830} INFO - Processing file /home/airflow/.local/lib/python3.12/site-packages/airflow/example_dags/example_branch_labels.py for tasks to queue
[2024-05-14T02:07:17.327+0000] {logging_mixin.py:188} INFO - [2024-05-14T02:07:17.327+0000] {dagbag.py:545} INFO - Filling up the DagBag from /home/airflow/.local/lib/python3.12/site-packages/airflow/example_dags/example_branch_labels.py
[2024-05-14T02:07:17.332+0000] {processor.py:840} INFO - DAG(s) 'example_branch_labels' retrieved from /home/airflow/.local/lib/python3.12/site-packages/airflow/example_dags/example_branch_labels.py
[2024-05-14T02:07:17.342+0000] {logging_mixin.py:188} INFO - [2024-05-14T02:07:17.342+0000] {dag.py:3096} INFO - Sync 1 DAGs
[2024-05-14T02:07:17.354+0000] {logging_mixin.py:188} INFO - [2024-05-14T02:07:17.353+0000] {dag.py:3954} INFO - Setting next_dagrun for example_branch_labels to 2024-05-13 00:00:00+00:00, run_after=2024-05-14 00:00:00+00:00
[2024-05-14T02:07:17.365+0000] {processor.py:183} INFO - Processing /home/airflow/.local/lib/python3.12/site-packages/airflow/example_dags/example_branch_labels.py took 0.043 seconds
[2024-05-14T02:07:47.620+0000] {processor.py:161} INFO - Started process (PID=1635) to work on /home/airflow/.local/lib/python3.12/site-packages/airflow/example_dags/example_branch_labels.py
[2024-05-14T02:07:47.621+0000] {processor.py:830} INFO - Processing file /home/airflow/.local/lib/python3.12/site-packages/airflow/example_dags/example_branch_labels.py for tasks to queue
[2024-05-14T02:07:47.622+0000] {logging_mixin.py:188} INFO - [2024-05-14T02:07:47.622+0000] {dagbag.py:545} INFO - Filling up the DagBag from /home/airflow/.local/lib/python3.12/site-packages/airflow/example_dags/example_branch_labels.py
[2024-05-14T02:07:47.627+0000] {processor.py:840} INFO - DAG(s) 'example_branch_labels' retrieved from /home/airflow/.local/lib/python3.12/site-packages/airflow/example_dags/example_branch_labels.py
[2024-05-14T02:07:47.638+0000] {logging_mixin.py:188} INFO - [2024-05-14T02:07:47.638+0000] {dag.py:3096} INFO - Sync 1 DAGs
[2024-05-14T02:07:47.649+0000] {logging_mixin.py:188} INFO - [2024-05-14T02:07:47.649+0000] {dag.py:3954} INFO - Setting next_dagrun for example_branch_labels to 2024-05-13 00:00:00+00:00, run_after=2024-05-14 00:00:00+00:00
[2024-05-14T02:07:47.657+0000] {processor.py:183} INFO - Processing /home/airflow/.local/lib/python3.12/site-packages/airflow/example_dags/example_branch_labels.py took 0.041 seconds
[2024-05-14T02:08:17.912+0000] {processor.py:161} INFO - Started process (PID=1694) to work on /home/airflow/.local/lib/python3.12/site-packages/airflow/example_dags/example_branch_labels.py
[2024-05-14T02:08:17.913+0000] {processor.py:830} INFO - Processing file /home/airflow/.local/lib/python3.12/site-packages/airflow/example_dags/example_branch_labels.py for tasks to queue
[2024-05-14T02:08:17.914+0000] {logging_mixin.py:188} INFO - [2024-05-14T02:08:17.914+0000] {dagbag.py:545} INFO - Filling up the DagBag from /home/airflow/.local/lib/python3.12/site-packages/airflow/example_dags/example_branch_labels.py
[2024-05-14T02:08:17.918+0000] {processor.py:840} INFO - DAG(s) 'example_branch_labels' retrieved from /home/airflow/.local/lib/python3.12/site-packages/airflow/example_dags/example_branch_labels.py
[2024-05-14T02:08:17.929+0000] {logging_mixin.py:188} INFO - [2024-05-14T02:08:17.929+0000] {dag.py:3096} INFO - Sync 1 DAGs
[2024-05-14T02:08:17.940+0000] {logging_mixin.py:188} INFO - [2024-05-14T02:08:17.940+0000] {dag.py:3954} INFO - Setting next_dagrun for example_branch_labels to 2024-05-13 00:00:00+00:00, run_after=2024-05-14 00:00:00+00:00
[2024-05-14T02:08:17.948+0000] {processor.py:183} INFO - Processing /home/airflow/.local/lib/python3.12/site-packages/airflow/example_dags/example_branch_labels.py took 0.039 seconds
[2024-05-14T02:08:48.045+0000] {processor.py:161} INFO - Started process (PID=1753) to work on /home/airflow/.local/lib/python3.12/site-packages/airflow/example_dags/example_branch_labels.py
[2024-05-14T02:08:48.046+0000] {processor.py:830} INFO - Processing file /home/airflow/.local/lib/python3.12/site-packages/airflow/example_dags/example_branch_labels.py for tasks to queue
[2024-05-14T02:08:48.047+0000] {logging_mixin.py:188} INFO - [2024-05-14T02:08:48.047+0000] {dagbag.py:545} INFO - Filling up the DagBag from /home/airflow/.local/lib/python3.12/site-packages/airflow/example_dags/example_branch_labels.py
[2024-05-14T02:08:48.051+0000] {processor.py:840} INFO - DAG(s) 'example_branch_labels' retrieved from /home/airflow/.local/lib/python3.12/site-packages/airflow/example_dags/example_branch_labels.py
[2024-05-14T02:08:48.063+0000] {logging_mixin.py:188} INFO - [2024-05-14T02:08:48.062+0000] {dag.py:3096} INFO - Sync 1 DAGs
[2024-05-14T02:08:48.074+0000] {logging_mixin.py:188} INFO - [2024-05-14T02:08:48.074+0000] {dag.py:3954} INFO - Setting next_dagrun for example_branch_labels to 2024-05-13 00:00:00+00:00, run_after=2024-05-14 00:00:00+00:00
[2024-05-14T02:08:48.082+0000] {processor.py:183} INFO - Processing /home/airflow/.local/lib/python3.12/site-packages/airflow/example_dags/example_branch_labels.py took 0.040 seconds
[2024-05-14T02:09:18.628+0000] {processor.py:161} INFO - Started process (PID=1812) to work on /home/airflow/.local/lib/python3.12/site-packages/airflow/example_dags/example_branch_labels.py
[2024-05-14T02:09:18.628+0000] {processor.py:830} INFO - Processing file /home/airflow/.local/lib/python3.12/site-packages/airflow/example_dags/example_branch_labels.py for tasks to queue
[2024-05-14T02:09:18.629+0000] {logging_mixin.py:188} INFO - [2024-05-14T02:09:18.629+0000] {dagbag.py:545} INFO - Filling up the DagBag from /home/airflow/.local/lib/python3.12/site-packages/airflow/example_dags/example_branch_labels.py
[2024-05-14T02:09:18.634+0000] {processor.py:840} INFO - DAG(s) 'example_branch_labels' retrieved from /home/airflow/.local/lib/python3.12/site-packages/airflow/example_dags/example_branch_labels.py
[2024-05-14T02:09:18.645+0000] {logging_mixin.py:188} INFO - [2024-05-14T02:09:18.645+0000] {dag.py:3096} INFO - Sync 1 DAGs
[2024-05-14T02:09:18.656+0000] {logging_mixin.py:188} INFO - [2024-05-14T02:09:18.656+0000] {dag.py:3954} INFO - Setting next_dagrun for example_branch_labels to 2024-05-13 00:00:00+00:00, run_after=2024-05-14 00:00:00+00:00
[2024-05-14T02:09:18.754+0000] {processor.py:183} INFO - Processing /home/airflow/.local/lib/python3.12/site-packages/airflow/example_dags/example_branch_labels.py took 0.129 seconds
[2024-05-14T02:09:48.865+0000] {processor.py:161} INFO - Started process (PID=1871) to work on /home/airflow/.local/lib/python3.12/site-packages/airflow/example_dags/example_branch_labels.py
[2024-05-14T02:09:48.866+0000] {processor.py:830} INFO - Processing file /home/airflow/.local/lib/python3.12/site-packages/airflow/example_dags/example_branch_labels.py for tasks to queue
[2024-05-14T02:09:48.867+0000] {logging_mixin.py:188} INFO - [2024-05-14T02:09:48.867+0000] {dagbag.py:545} INFO - Filling up the DagBag from /home/airflow/.local/lib/python3.12/site-packages/airflow/example_dags/example_branch_labels.py
[2024-05-14T02:09:48.871+0000] {processor.py:840} INFO - DAG(s) 'example_branch_labels' retrieved from /home/airflow/.local/lib/python3.12/site-packages/airflow/example_dags/example_branch_labels.py
[2024-05-14T02:09:48.882+0000] {logging_mixin.py:188} INFO - [2024-05-14T02:09:48.882+0000] {dag.py:3096} INFO - Sync 1 DAGs
[2024-05-14T02:09:48.893+0000] {logging_mixin.py:188} INFO - [2024-05-14T02:09:48.892+0000] {dag.py:3954} INFO - Setting next_dagrun for example_branch_labels to 2024-05-13 00:00:00+00:00, run_after=2024-05-14 00:00:00+00:00
[2024-05-14T02:09:48.993+0000] {processor.py:183} INFO - Processing /home/airflow/.local/lib/python3.12/site-packages/airflow/example_dags/example_branch_labels.py took 0.131 seconds
[2024-05-14T02:10:19.249+0000] {processor.py:161} INFO - Started process (PID=1930) to work on /home/airflow/.local/lib/python3.12/site-packages/airflow/example_dags/example_branch_labels.py
[2024-05-14T02:10:19.250+0000] {processor.py:830} INFO - Processing file /home/airflow/.local/lib/python3.12/site-packages/airflow/example_dags/example_branch_labels.py for tasks to queue
[2024-05-14T02:10:19.251+0000] {logging_mixin.py:188} INFO - [2024-05-14T02:10:19.251+0000] {dagbag.py:545} INFO - Filling up the DagBag from /home/airflow/.local/lib/python3.12/site-packages/airflow/example_dags/example_branch_labels.py
[2024-05-14T02:10:19.257+0000] {processor.py:840} INFO - DAG(s) 'example_branch_labels' retrieved from /home/airflow/.local/lib/python3.12/site-packages/airflow/example_dags/example_branch_labels.py
[2024-05-14T02:10:19.271+0000] {logging_mixin.py:188} INFO - [2024-05-14T02:10:19.271+0000] {dag.py:3096} INFO - Sync 1 DAGs
[2024-05-14T02:10:19.292+0000] {logging_mixin.py:188} INFO - [2024-05-14T02:10:19.292+0000] {dag.py:3954} INFO - Setting next_dagrun for example_branch_labels to 2024-05-13 00:00:00+00:00, run_after=2024-05-14 00:00:00+00:00
[2024-05-14T02:10:19.303+0000] {processor.py:183} INFO - Processing /home/airflow/.local/lib/python3.12/site-packages/airflow/example_dags/example_branch_labels.py took 0.057 seconds
[2024-05-14T02:10:50.146+0000] {processor.py:161} INFO - Started process (PID=1989) to work on /home/airflow/.local/lib/python3.12/site-packages/airflow/example_dags/example_branch_labels.py
[2024-05-14T02:10:50.146+0000] {processor.py:830} INFO - Processing file /home/airflow/.local/lib/python3.12/site-packages/airflow/example_dags/example_branch_labels.py for tasks to queue
[2024-05-14T02:10:50.147+0000] {logging_mixin.py:188} INFO - [2024-05-14T02:10:50.147+0000] {dagbag.py:545} INFO - Filling up the DagBag from /home/airflow/.local/lib/python3.12/site-packages/airflow/example_dags/example_branch_labels.py
[2024-05-14T02:10:50.152+0000] {processor.py:840} INFO - DAG(s) 'example_branch_labels' retrieved from /home/airflow/.local/lib/python3.12/site-packages/airflow/example_dags/example_branch_labels.py
[2024-05-14T02:10:50.163+0000] {logging_mixin.py:188} INFO - [2024-05-14T02:10:50.163+0000] {dag.py:3096} INFO - Sync 1 DAGs
[2024-05-14T02:10:50.180+0000] {logging_mixin.py:188} INFO - [2024-05-14T02:10:50.180+0000] {dag.py:3954} INFO - Setting next_dagrun for example_branch_labels to 2024-05-13 00:00:00+00:00, run_after=2024-05-14 00:00:00+00:00
[2024-05-14T02:10:50.190+0000] {processor.py:183} INFO - Processing /home/airflow/.local/lib/python3.12/site-packages/airflow/example_dags/example_branch_labels.py took 0.048 seconds
[2024-05-14T02:11:20.943+0000] {processor.py:161} INFO - Started process (PID=2047) to work on /home/airflow/.local/lib/python3.12/site-packages/airflow/example_dags/example_branch_labels.py
[2024-05-14T02:11:20.944+0000] {processor.py:830} INFO - Processing file /home/airflow/.local/lib/python3.12/site-packages/airflow/example_dags/example_branch_labels.py for tasks to queue
[2024-05-14T02:11:20.945+0000] {logging_mixin.py:188} INFO - [2024-05-14T02:11:20.945+0000] {dagbag.py:545} INFO - Filling up the DagBag from /home/airflow/.local/lib/python3.12/site-packages/airflow/example_dags/example_branch_labels.py
[2024-05-14T02:11:20.949+0000] {processor.py:840} INFO - DAG(s) 'example_branch_labels' retrieved from /home/airflow/.local/lib/python3.12/site-packages/airflow/example_dags/example_branch_labels.py
[2024-05-14T02:11:20.960+0000] {logging_mixin.py:188} INFO - [2024-05-14T02:11:20.960+0000] {dag.py:3096} INFO - Sync 1 DAGs
[2024-05-14T02:11:20.971+0000] {logging_mixin.py:188} INFO - [2024-05-14T02:11:20.971+0000] {dag.py:3954} INFO - Setting next_dagrun for example_branch_labels to 2024-05-13 00:00:00+00:00, run_after=2024-05-14 00:00:00+00:00
[2024-05-14T02:11:20.979+0000] {processor.py:183} INFO - Processing /home/airflow/.local/lib/python3.12/site-packages/airflow/example_dags/example_branch_labels.py took 0.040 seconds
[2024-05-14T02:11:51.327+0000] {processor.py:161} INFO - Started process (PID=2106) to work on /home/airflow/.local/lib/python3.12/site-packages/airflow/example_dags/example_branch_labels.py
[2024-05-14T02:11:51.328+0000] {processor.py:830} INFO - Processing file /home/airflow/.local/lib/python3.12/site-packages/airflow/example_dags/example_branch_labels.py for tasks to queue
[2024-05-14T02:11:51.333+0000] {logging_mixin.py:188} INFO - [2024-05-14T02:11:51.333+0000] {dagbag.py:545} INFO - Filling up the DagBag from /home/airflow/.local/lib/python3.12/site-packages/airflow/example_dags/example_branch_labels.py
[2024-05-14T02:11:51.337+0000] {processor.py:840} INFO - DAG(s) 'example_branch_labels' retrieved from /home/airflow/.local/lib/python3.12/site-packages/airflow/example_dags/example_branch_labels.py
[2024-05-14T02:11:51.354+0000] {logging_mixin.py:188} INFO - [2024-05-14T02:11:51.354+0000] {dag.py:3096} INFO - Sync 1 DAGs
[2024-05-14T02:11:51.373+0000] {logging_mixin.py:188} INFO - [2024-05-14T02:11:51.373+0000] {dag.py:3954} INFO - Setting next_dagrun for example_branch_labels to 2024-05-13 00:00:00+00:00, run_after=2024-05-14 00:00:00+00:00
[2024-05-14T02:11:51.382+0000] {processor.py:183} INFO - Processing /home/airflow/.local/lib/python3.12/site-packages/airflow/example_dags/example_branch_labels.py took 0.058 seconds
[2024-05-14T02:12:22.385+0000] {processor.py:161} INFO - Started process (PID=2169) to work on /home/airflow/.local/lib/python3.12/site-packages/airflow/example_dags/example_branch_labels.py
[2024-05-14T02:12:22.385+0000] {processor.py:830} INFO - Processing file /home/airflow/.local/lib/python3.12/site-packages/airflow/example_dags/example_branch_labels.py for tasks to queue
[2024-05-14T02:12:22.387+0000] {logging_mixin.py:188} INFO - [2024-05-14T02:12:22.387+0000] {dagbag.py:545} INFO - Filling up the DagBag from /home/airflow/.local/lib/python3.12/site-packages/airflow/example_dags/example_branch_labels.py
[2024-05-14T02:12:22.392+0000] {processor.py:840} INFO - DAG(s) 'example_branch_labels' retrieved from /home/airflow/.local/lib/python3.12/site-packages/airflow/example_dags/example_branch_labels.py
[2024-05-14T02:12:22.403+0000] {logging_mixin.py:188} INFO - [2024-05-14T02:12:22.403+0000] {dag.py:3096} INFO - Sync 1 DAGs
[2024-05-14T02:12:22.415+0000] {logging_mixin.py:188} INFO - [2024-05-14T02:12:22.414+0000] {dag.py:3954} INFO - Setting next_dagrun for example_branch_labels to 2024-05-13 00:00:00+00:00, run_after=2024-05-14 00:00:00+00:00
[2024-05-14T02:12:22.423+0000] {processor.py:183} INFO - Processing /home/airflow/.local/lib/python3.12/site-packages/airflow/example_dags/example_branch_labels.py took 0.042 seconds
