[2024-05-14T01:54:04.184+0000] {processor.py:161} INFO - Started process (PID=40) to work on /home/airflow/.local/lib/python3.12/site-packages/airflow/example_dags/example_branch_python_dop_operator_3.py
[2024-05-14T01:54:04.185+0000] {processor.py:830} INFO - Processing file /home/airflow/.local/lib/python3.12/site-packages/airflow/example_dags/example_branch_python_dop_operator_3.py for tasks to queue
[2024-05-14T01:54:04.187+0000] {logging_mixin.py:188} INFO - [2024-05-14T01:54:04.187+0000] {dagbag.py:545} INFO - Filling up the DagBag from /home/airflow/.local/lib/python3.12/site-packages/airflow/example_dags/example_branch_python_dop_operator_3.py
[2024-05-14T01:54:04.197+0000] {processor.py:840} INFO - DAG(s) 'example_branch_dop_operator_v3' retrieved from /home/airflow/.local/lib/python3.12/site-packages/airflow/example_dags/example_branch_python_dop_operator_3.py
[2024-05-14T01:54:04.215+0000] {logging_mixin.py:188} INFO - [2024-05-14T01:54:04.215+0000] {dag.py:3096} INFO - Sync 1 DAGs
[2024-05-14T01:54:04.248+0000] {logging_mixin.py:188} INFO - [2024-05-14T01:54:04.248+0000] {dag.py:3954} INFO - Setting next_dagrun for example_branch_dop_operator_v3 to 2024-05-14 01:53:00+00:00, run_after=2024-05-14 01:54:00+00:00
[2024-05-14T01:54:04.278+0000] {processor.py:183} INFO - Processing /home/airflow/.local/lib/python3.12/site-packages/airflow/example_dags/example_branch_python_dop_operator_3.py took 0.100 seconds
[2024-05-14T01:54:34.356+0000] {processor.py:161} INFO - Started process (PID=99) to work on /home/airflow/.local/lib/python3.12/site-packages/airflow/example_dags/example_branch_python_dop_operator_3.py
[2024-05-14T01:54:34.357+0000] {processor.py:830} INFO - Processing file /home/airflow/.local/lib/python3.12/site-packages/airflow/example_dags/example_branch_python_dop_operator_3.py for tasks to queue
[2024-05-14T01:54:34.358+0000] {logging_mixin.py:188} INFO - [2024-05-14T01:54:34.357+0000] {dagbag.py:545} INFO - Filling up the DagBag from /home/airflow/.local/lib/python3.12/site-packages/airflow/example_dags/example_branch_python_dop_operator_3.py
[2024-05-14T01:54:34.362+0000] {processor.py:840} INFO - DAG(s) 'example_branch_dop_operator_v3' retrieved from /home/airflow/.local/lib/python3.12/site-packages/airflow/example_dags/example_branch_python_dop_operator_3.py
[2024-05-14T01:54:34.404+0000] {logging_mixin.py:188} INFO - [2024-05-14T01:54:34.404+0000] {dag.py:3096} INFO - Sync 1 DAGs
[2024-05-14T01:54:34.412+0000] {logging_mixin.py:188} INFO - [2024-05-14T01:54:34.412+0000] {dag.py:3954} INFO - Setting next_dagrun for example_branch_dop_operator_v3 to 2024-05-14 01:53:00+00:00, run_after=2024-05-14 01:54:00+00:00
[2024-05-14T01:54:34.421+0000] {processor.py:183} INFO - Processing /home/airflow/.local/lib/python3.12/site-packages/airflow/example_dags/example_branch_python_dop_operator_3.py took 0.067 seconds
[2024-05-14T01:55:04.952+0000] {processor.py:161} INFO - Started process (PID=158) to work on /home/airflow/.local/lib/python3.12/site-packages/airflow/example_dags/example_branch_python_dop_operator_3.py
[2024-05-14T01:55:04.953+0000] {processor.py:830} INFO - Processing file /home/airflow/.local/lib/python3.12/site-packages/airflow/example_dags/example_branch_python_dop_operator_3.py for tasks to queue
[2024-05-14T01:55:04.956+0000] {logging_mixin.py:188} INFO - [2024-05-14T01:55:04.955+0000] {dagbag.py:545} INFO - Filling up the DagBag from /home/airflow/.local/lib/python3.12/site-packages/airflow/example_dags/example_branch_python_dop_operator_3.py
[2024-05-14T01:55:04.960+0000] {processor.py:840} INFO - DAG(s) 'example_branch_dop_operator_v3' retrieved from /home/airflow/.local/lib/python3.12/site-packages/airflow/example_dags/example_branch_python_dop_operator_3.py
[2024-05-14T01:55:04.970+0000] {logging_mixin.py:188} INFO - [2024-05-14T01:55:04.970+0000] {dag.py:3096} INFO - Sync 1 DAGs
[2024-05-14T01:55:04.981+0000] {logging_mixin.py:188} INFO - [2024-05-14T01:55:04.981+0000] {dag.py:3954} INFO - Setting next_dagrun for example_branch_dop_operator_v3 to 2024-05-14 01:54:00+00:00, run_after=2024-05-14 01:55:00+00:00
[2024-05-14T01:55:04.993+0000] {processor.py:183} INFO - Processing /home/airflow/.local/lib/python3.12/site-packages/airflow/example_dags/example_branch_python_dop_operator_3.py took 0.044 seconds
[2024-05-14T01:55:35.022+0000] {processor.py:161} INFO - Started process (PID=217) to work on /home/airflow/.local/lib/python3.12/site-packages/airflow/example_dags/example_branch_python_dop_operator_3.py
[2024-05-14T01:55:35.022+0000] {processor.py:830} INFO - Processing file /home/airflow/.local/lib/python3.12/site-packages/airflow/example_dags/example_branch_python_dop_operator_3.py for tasks to queue
[2024-05-14T01:55:35.023+0000] {logging_mixin.py:188} INFO - [2024-05-14T01:55:35.023+0000] {dagbag.py:545} INFO - Filling up the DagBag from /home/airflow/.local/lib/python3.12/site-packages/airflow/example_dags/example_branch_python_dop_operator_3.py
[2024-05-14T01:55:35.028+0000] {processor.py:840} INFO - DAG(s) 'example_branch_dop_operator_v3' retrieved from /home/airflow/.local/lib/python3.12/site-packages/airflow/example_dags/example_branch_python_dop_operator_3.py
[2024-05-14T01:55:35.038+0000] {logging_mixin.py:188} INFO - [2024-05-14T01:55:35.038+0000] {dag.py:3096} INFO - Sync 1 DAGs
[2024-05-14T01:55:35.050+0000] {logging_mixin.py:188} INFO - [2024-05-14T01:55:35.050+0000] {dag.py:3954} INFO - Setting next_dagrun for example_branch_dop_operator_v3 to 2024-05-14 01:54:00+00:00, run_after=2024-05-14 01:55:00+00:00
[2024-05-14T01:55:35.058+0000] {processor.py:183} INFO - Processing /home/airflow/.local/lib/python3.12/site-packages/airflow/example_dags/example_branch_python_dop_operator_3.py took 0.039 seconds
[2024-05-14T01:56:05.355+0000] {processor.py:161} INFO - Started process (PID=276) to work on /home/airflow/.local/lib/python3.12/site-packages/airflow/example_dags/example_branch_python_dop_operator_3.py
[2024-05-14T01:56:05.355+0000] {processor.py:830} INFO - Processing file /home/airflow/.local/lib/python3.12/site-packages/airflow/example_dags/example_branch_python_dop_operator_3.py for tasks to queue
[2024-05-14T01:56:05.356+0000] {logging_mixin.py:188} INFO - [2024-05-14T01:56:05.356+0000] {dagbag.py:545} INFO - Filling up the DagBag from /home/airflow/.local/lib/python3.12/site-packages/airflow/example_dags/example_branch_python_dop_operator_3.py
[2024-05-14T01:56:05.361+0000] {processor.py:840} INFO - DAG(s) 'example_branch_dop_operator_v3' retrieved from /home/airflow/.local/lib/python3.12/site-packages/airflow/example_dags/example_branch_python_dop_operator_3.py
[2024-05-14T01:56:05.373+0000] {logging_mixin.py:188} INFO - [2024-05-14T01:56:05.373+0000] {dag.py:3096} INFO - Sync 1 DAGs
[2024-05-14T01:56:05.387+0000] {logging_mixin.py:188} INFO - [2024-05-14T01:56:05.387+0000] {dag.py:3954} INFO - Setting next_dagrun for example_branch_dop_operator_v3 to 2024-05-14 01:55:00+00:00, run_after=2024-05-14 01:56:00+00:00
[2024-05-14T01:56:05.397+0000] {processor.py:183} INFO - Processing /home/airflow/.local/lib/python3.12/site-packages/airflow/example_dags/example_branch_python_dop_operator_3.py took 0.045 seconds
[2024-05-14T01:56:35.418+0000] {processor.py:161} INFO - Started process (PID=334) to work on /home/airflow/.local/lib/python3.12/site-packages/airflow/example_dags/example_branch_python_dop_operator_3.py
[2024-05-14T01:56:35.418+0000] {processor.py:830} INFO - Processing file /home/airflow/.local/lib/python3.12/site-packages/airflow/example_dags/example_branch_python_dop_operator_3.py for tasks to queue
[2024-05-14T01:56:35.419+0000] {logging_mixin.py:188} INFO - [2024-05-14T01:56:35.419+0000] {dagbag.py:545} INFO - Filling up the DagBag from /home/airflow/.local/lib/python3.12/site-packages/airflow/example_dags/example_branch_python_dop_operator_3.py
[2024-05-14T01:56:35.423+0000] {processor.py:840} INFO - DAG(s) 'example_branch_dop_operator_v3' retrieved from /home/airflow/.local/lib/python3.12/site-packages/airflow/example_dags/example_branch_python_dop_operator_3.py
[2024-05-14T01:56:35.433+0000] {logging_mixin.py:188} INFO - [2024-05-14T01:56:35.432+0000] {dag.py:3096} INFO - Sync 1 DAGs
[2024-05-14T01:56:35.443+0000] {logging_mixin.py:188} INFO - [2024-05-14T01:56:35.443+0000] {dag.py:3954} INFO - Setting next_dagrun for example_branch_dop_operator_v3 to 2024-05-14 01:55:00+00:00, run_after=2024-05-14 01:56:00+00:00
[2024-05-14T01:56:35.451+0000] {processor.py:183} INFO - Processing /home/airflow/.local/lib/python3.12/site-packages/airflow/example_dags/example_branch_python_dop_operator_3.py took 0.036 seconds
[2024-05-14T01:57:05.517+0000] {processor.py:161} INFO - Started process (PID=393) to work on /home/airflow/.local/lib/python3.12/site-packages/airflow/example_dags/example_branch_python_dop_operator_3.py
[2024-05-14T01:57:05.517+0000] {processor.py:830} INFO - Processing file /home/airflow/.local/lib/python3.12/site-packages/airflow/example_dags/example_branch_python_dop_operator_3.py for tasks to queue
[2024-05-14T01:57:05.518+0000] {logging_mixin.py:188} INFO - [2024-05-14T01:57:05.518+0000] {dagbag.py:545} INFO - Filling up the DagBag from /home/airflow/.local/lib/python3.12/site-packages/airflow/example_dags/example_branch_python_dop_operator_3.py
[2024-05-14T01:57:05.523+0000] {processor.py:840} INFO - DAG(s) 'example_branch_dop_operator_v3' retrieved from /home/airflow/.local/lib/python3.12/site-packages/airflow/example_dags/example_branch_python_dop_operator_3.py
[2024-05-14T01:57:05.533+0000] {logging_mixin.py:188} INFO - [2024-05-14T01:57:05.533+0000] {dag.py:3096} INFO - Sync 1 DAGs
[2024-05-14T01:57:05.546+0000] {logging_mixin.py:188} INFO - [2024-05-14T01:57:05.546+0000] {dag.py:3954} INFO - Setting next_dagrun for example_branch_dop_operator_v3 to 2024-05-14 01:56:00+00:00, run_after=2024-05-14 01:57:00+00:00
[2024-05-14T01:57:05.556+0000] {processor.py:183} INFO - Processing /home/airflow/.local/lib/python3.12/site-packages/airflow/example_dags/example_branch_python_dop_operator_3.py took 0.042 seconds
[2024-05-14T01:57:36.276+0000] {processor.py:161} INFO - Started process (PID=452) to work on /home/airflow/.local/lib/python3.12/site-packages/airflow/example_dags/example_branch_python_dop_operator_3.py
[2024-05-14T01:57:36.276+0000] {processor.py:830} INFO - Processing file /home/airflow/.local/lib/python3.12/site-packages/airflow/example_dags/example_branch_python_dop_operator_3.py for tasks to queue
[2024-05-14T01:57:36.277+0000] {logging_mixin.py:188} INFO - [2024-05-14T01:57:36.277+0000] {dagbag.py:545} INFO - Filling up the DagBag from /home/airflow/.local/lib/python3.12/site-packages/airflow/example_dags/example_branch_python_dop_operator_3.py
[2024-05-14T01:57:36.282+0000] {processor.py:840} INFO - DAG(s) 'example_branch_dop_operator_v3' retrieved from /home/airflow/.local/lib/python3.12/site-packages/airflow/example_dags/example_branch_python_dop_operator_3.py
[2024-05-14T01:57:36.292+0000] {logging_mixin.py:188} INFO - [2024-05-14T01:57:36.291+0000] {dag.py:3096} INFO - Sync 1 DAGs
[2024-05-14T01:57:36.304+0000] {logging_mixin.py:188} INFO - [2024-05-14T01:57:36.304+0000] {dag.py:3954} INFO - Setting next_dagrun for example_branch_dop_operator_v3 to 2024-05-14 01:56:00+00:00, run_after=2024-05-14 01:57:00+00:00
[2024-05-14T01:57:36.313+0000] {processor.py:183} INFO - Processing /home/airflow/.local/lib/python3.12/site-packages/airflow/example_dags/example_branch_python_dop_operator_3.py took 0.040 seconds
[2024-05-14T01:58:07.007+0000] {processor.py:161} INFO - Started process (PID=511) to work on /home/airflow/.local/lib/python3.12/site-packages/airflow/example_dags/example_branch_python_dop_operator_3.py
[2024-05-14T01:58:07.007+0000] {processor.py:830} INFO - Processing file /home/airflow/.local/lib/python3.12/site-packages/airflow/example_dags/example_branch_python_dop_operator_3.py for tasks to queue
[2024-05-14T01:58:07.008+0000] {logging_mixin.py:188} INFO - [2024-05-14T01:58:07.008+0000] {dagbag.py:545} INFO - Filling up the DagBag from /home/airflow/.local/lib/python3.12/site-packages/airflow/example_dags/example_branch_python_dop_operator_3.py
[2024-05-14T01:58:07.013+0000] {processor.py:840} INFO - DAG(s) 'example_branch_dop_operator_v3' retrieved from /home/airflow/.local/lib/python3.12/site-packages/airflow/example_dags/example_branch_python_dop_operator_3.py
[2024-05-14T01:58:07.023+0000] {logging_mixin.py:188} INFO - [2024-05-14T01:58:07.023+0000] {dag.py:3096} INFO - Sync 1 DAGs
[2024-05-14T01:58:07.034+0000] {logging_mixin.py:188} INFO - [2024-05-14T01:58:07.034+0000] {dag.py:3954} INFO - Setting next_dagrun for example_branch_dop_operator_v3 to 2024-05-14 01:57:00+00:00, run_after=2024-05-14 01:58:00+00:00
[2024-05-14T01:58:07.044+0000] {processor.py:183} INFO - Processing /home/airflow/.local/lib/python3.12/site-packages/airflow/example_dags/example_branch_python_dop_operator_3.py took 0.040 seconds
[2024-05-14T01:58:37.764+0000] {processor.py:161} INFO - Started process (PID=569) to work on /home/airflow/.local/lib/python3.12/site-packages/airflow/example_dags/example_branch_python_dop_operator_3.py
[2024-05-14T01:58:37.764+0000] {processor.py:830} INFO - Processing file /home/airflow/.local/lib/python3.12/site-packages/airflow/example_dags/example_branch_python_dop_operator_3.py for tasks to queue
[2024-05-14T01:58:37.765+0000] {logging_mixin.py:188} INFO - [2024-05-14T01:58:37.765+0000] {dagbag.py:545} INFO - Filling up the DagBag from /home/airflow/.local/lib/python3.12/site-packages/airflow/example_dags/example_branch_python_dop_operator_3.py
[2024-05-14T01:58:37.770+0000] {processor.py:840} INFO - DAG(s) 'example_branch_dop_operator_v3' retrieved from /home/airflow/.local/lib/python3.12/site-packages/airflow/example_dags/example_branch_python_dop_operator_3.py
[2024-05-14T01:58:37.780+0000] {logging_mixin.py:188} INFO - [2024-05-14T01:58:37.780+0000] {dag.py:3096} INFO - Sync 1 DAGs
[2024-05-14T01:58:37.793+0000] {logging_mixin.py:188} INFO - [2024-05-14T01:58:37.793+0000] {dag.py:3954} INFO - Setting next_dagrun for example_branch_dop_operator_v3 to 2024-05-14 01:57:00+00:00, run_after=2024-05-14 01:58:00+00:00
[2024-05-14T01:58:37.802+0000] {processor.py:183} INFO - Processing /home/airflow/.local/lib/python3.12/site-packages/airflow/example_dags/example_branch_python_dop_operator_3.py took 0.041 seconds
[2024-05-14T01:59:08.576+0000] {processor.py:161} INFO - Started process (PID=628) to work on /home/airflow/.local/lib/python3.12/site-packages/airflow/example_dags/example_branch_python_dop_operator_3.py
[2024-05-14T01:59:08.577+0000] {processor.py:830} INFO - Processing file /home/airflow/.local/lib/python3.12/site-packages/airflow/example_dags/example_branch_python_dop_operator_3.py for tasks to queue
[2024-05-14T01:59:08.578+0000] {logging_mixin.py:188} INFO - [2024-05-14T01:59:08.578+0000] {dagbag.py:545} INFO - Filling up the DagBag from /home/airflow/.local/lib/python3.12/site-packages/airflow/example_dags/example_branch_python_dop_operator_3.py
[2024-05-14T01:59:08.582+0000] {processor.py:840} INFO - DAG(s) 'example_branch_dop_operator_v3' retrieved from /home/airflow/.local/lib/python3.12/site-packages/airflow/example_dags/example_branch_python_dop_operator_3.py
[2024-05-14T01:59:08.592+0000] {logging_mixin.py:188} INFO - [2024-05-14T01:59:08.592+0000] {dag.py:3096} INFO - Sync 1 DAGs
[2024-05-14T01:59:08.604+0000] {logging_mixin.py:188} INFO - [2024-05-14T01:59:08.604+0000] {dag.py:3954} INFO - Setting next_dagrun for example_branch_dop_operator_v3 to 2024-05-14 01:58:00+00:00, run_after=2024-05-14 01:59:00+00:00
[2024-05-14T01:59:08.613+0000] {processor.py:183} INFO - Processing /home/airflow/.local/lib/python3.12/site-packages/airflow/example_dags/example_branch_python_dop_operator_3.py took 0.040 seconds
[2024-05-14T01:59:39.379+0000] {processor.py:161} INFO - Started process (PID=687) to work on /home/airflow/.local/lib/python3.12/site-packages/airflow/example_dags/example_branch_python_dop_operator_3.py
[2024-05-14T01:59:39.380+0000] {processor.py:830} INFO - Processing file /home/airflow/.local/lib/python3.12/site-packages/airflow/example_dags/example_branch_python_dop_operator_3.py for tasks to queue
[2024-05-14T01:59:39.381+0000] {logging_mixin.py:188} INFO - [2024-05-14T01:59:39.381+0000] {dagbag.py:545} INFO - Filling up the DagBag from /home/airflow/.local/lib/python3.12/site-packages/airflow/example_dags/example_branch_python_dop_operator_3.py
[2024-05-14T01:59:39.386+0000] {processor.py:840} INFO - DAG(s) 'example_branch_dop_operator_v3' retrieved from /home/airflow/.local/lib/python3.12/site-packages/airflow/example_dags/example_branch_python_dop_operator_3.py
[2024-05-14T01:59:39.396+0000] {logging_mixin.py:188} INFO - [2024-05-14T01:59:39.396+0000] {dag.py:3096} INFO - Sync 1 DAGs
[2024-05-14T01:59:39.408+0000] {logging_mixin.py:188} INFO - [2024-05-14T01:59:39.408+0000] {dag.py:3954} INFO - Setting next_dagrun for example_branch_dop_operator_v3 to 2024-05-14 01:58:00+00:00, run_after=2024-05-14 01:59:00+00:00
[2024-05-14T01:59:39.416+0000] {processor.py:183} INFO - Processing /home/airflow/.local/lib/python3.12/site-packages/airflow/example_dags/example_branch_python_dop_operator_3.py took 0.040 seconds
[2024-05-14T02:00:10.163+0000] {processor.py:161} INFO - Started process (PID=746) to work on /home/airflow/.local/lib/python3.12/site-packages/airflow/example_dags/example_branch_python_dop_operator_3.py
[2024-05-14T02:00:10.163+0000] {processor.py:830} INFO - Processing file /home/airflow/.local/lib/python3.12/site-packages/airflow/example_dags/example_branch_python_dop_operator_3.py for tasks to queue
[2024-05-14T02:00:10.164+0000] {logging_mixin.py:188} INFO - [2024-05-14T02:00:10.164+0000] {dagbag.py:545} INFO - Filling up the DagBag from /home/airflow/.local/lib/python3.12/site-packages/airflow/example_dags/example_branch_python_dop_operator_3.py
[2024-05-14T02:00:10.169+0000] {processor.py:840} INFO - DAG(s) 'example_branch_dop_operator_v3' retrieved from /home/airflow/.local/lib/python3.12/site-packages/airflow/example_dags/example_branch_python_dop_operator_3.py
[2024-05-14T02:00:10.179+0000] {logging_mixin.py:188} INFO - [2024-05-14T02:00:10.179+0000] {dag.py:3096} INFO - Sync 1 DAGs
[2024-05-14T02:00:10.191+0000] {logging_mixin.py:188} INFO - [2024-05-14T02:00:10.191+0000] {dag.py:3954} INFO - Setting next_dagrun for example_branch_dop_operator_v3 to 2024-05-14 01:59:00+00:00, run_after=2024-05-14 02:00:00+00:00
[2024-05-14T02:00:10.200+0000] {processor.py:183} INFO - Processing /home/airflow/.local/lib/python3.12/site-packages/airflow/example_dags/example_branch_python_dop_operator_3.py took 0.040 seconds
[2024-05-14T02:00:40.947+0000] {processor.py:161} INFO - Started process (PID=805) to work on /home/airflow/.local/lib/python3.12/site-packages/airflow/example_dags/example_branch_python_dop_operator_3.py
[2024-05-14T02:00:40.948+0000] {processor.py:830} INFO - Processing file /home/airflow/.local/lib/python3.12/site-packages/airflow/example_dags/example_branch_python_dop_operator_3.py for tasks to queue
[2024-05-14T02:00:40.949+0000] {logging_mixin.py:188} INFO - [2024-05-14T02:00:40.949+0000] {dagbag.py:545} INFO - Filling up the DagBag from /home/airflow/.local/lib/python3.12/site-packages/airflow/example_dags/example_branch_python_dop_operator_3.py
[2024-05-14T02:00:40.954+0000] {processor.py:840} INFO - DAG(s) 'example_branch_dop_operator_v3' retrieved from /home/airflow/.local/lib/python3.12/site-packages/airflow/example_dags/example_branch_python_dop_operator_3.py
[2024-05-14T02:00:40.964+0000] {logging_mixin.py:188} INFO - [2024-05-14T02:00:40.964+0000] {dag.py:3096} INFO - Sync 1 DAGs
[2024-05-14T02:00:40.976+0000] {logging_mixin.py:188} INFO - [2024-05-14T02:00:40.976+0000] {dag.py:3954} INFO - Setting next_dagrun for example_branch_dop_operator_v3 to 2024-05-14 01:59:00+00:00, run_after=2024-05-14 02:00:00+00:00
[2024-05-14T02:00:40.984+0000] {processor.py:183} INFO - Processing /home/airflow/.local/lib/python3.12/site-packages/airflow/example_dags/example_branch_python_dop_operator_3.py took 0.040 seconds
[2024-05-14T02:01:11.200+0000] {processor.py:161} INFO - Started process (PID=864) to work on /home/airflow/.local/lib/python3.12/site-packages/airflow/example_dags/example_branch_python_dop_operator_3.py
[2024-05-14T02:01:11.201+0000] {processor.py:830} INFO - Processing file /home/airflow/.local/lib/python3.12/site-packages/airflow/example_dags/example_branch_python_dop_operator_3.py for tasks to queue
[2024-05-14T02:01:11.202+0000] {logging_mixin.py:188} INFO - [2024-05-14T02:01:11.202+0000] {dagbag.py:545} INFO - Filling up the DagBag from /home/airflow/.local/lib/python3.12/site-packages/airflow/example_dags/example_branch_python_dop_operator_3.py
[2024-05-14T02:01:11.207+0000] {processor.py:840} INFO - DAG(s) 'example_branch_dop_operator_v3' retrieved from /home/airflow/.local/lib/python3.12/site-packages/airflow/example_dags/example_branch_python_dop_operator_3.py
[2024-05-14T02:01:11.224+0000] {logging_mixin.py:188} INFO - [2024-05-14T02:01:11.223+0000] {dag.py:3096} INFO - Sync 1 DAGs
[2024-05-14T02:01:11.239+0000] {logging_mixin.py:188} INFO - [2024-05-14T02:01:11.238+0000] {dag.py:3954} INFO - Setting next_dagrun for example_branch_dop_operator_v3 to 2024-05-14 02:00:00+00:00, run_after=2024-05-14 02:01:00+00:00
[2024-05-14T02:01:11.250+0000] {processor.py:183} INFO - Processing /home/airflow/.local/lib/python3.12/site-packages/airflow/example_dags/example_branch_python_dop_operator_3.py took 0.053 seconds
[2024-05-14T02:01:41.301+0000] {processor.py:161} INFO - Started process (PID=923) to work on /home/airflow/.local/lib/python3.12/site-packages/airflow/example_dags/example_branch_python_dop_operator_3.py
[2024-05-14T02:01:41.301+0000] {processor.py:830} INFO - Processing file /home/airflow/.local/lib/python3.12/site-packages/airflow/example_dags/example_branch_python_dop_operator_3.py for tasks to queue
[2024-05-14T02:01:41.302+0000] {logging_mixin.py:188} INFO - [2024-05-14T02:01:41.302+0000] {dagbag.py:545} INFO - Filling up the DagBag from /home/airflow/.local/lib/python3.12/site-packages/airflow/example_dags/example_branch_python_dop_operator_3.py
[2024-05-14T02:01:41.306+0000] {processor.py:840} INFO - DAG(s) 'example_branch_dop_operator_v3' retrieved from /home/airflow/.local/lib/python3.12/site-packages/airflow/example_dags/example_branch_python_dop_operator_3.py
[2024-05-14T02:01:41.315+0000] {logging_mixin.py:188} INFO - [2024-05-14T02:01:41.315+0000] {dag.py:3096} INFO - Sync 1 DAGs
[2024-05-14T02:01:41.325+0000] {logging_mixin.py:188} INFO - [2024-05-14T02:01:41.325+0000] {dag.py:3954} INFO - Setting next_dagrun for example_branch_dop_operator_v3 to 2024-05-14 02:00:00+00:00, run_after=2024-05-14 02:01:00+00:00
[2024-05-14T02:01:41.333+0000] {processor.py:183} INFO - Processing /home/airflow/.local/lib/python3.12/site-packages/airflow/example_dags/example_branch_python_dop_operator_3.py took 0.035 seconds
[2024-05-14T02:02:11.494+0000] {processor.py:161} INFO - Started process (PID=982) to work on /home/airflow/.local/lib/python3.12/site-packages/airflow/example_dags/example_branch_python_dop_operator_3.py
[2024-05-14T02:02:11.495+0000] {processor.py:830} INFO - Processing file /home/airflow/.local/lib/python3.12/site-packages/airflow/example_dags/example_branch_python_dop_operator_3.py for tasks to queue
[2024-05-14T02:02:11.496+0000] {logging_mixin.py:188} INFO - [2024-05-14T02:02:11.496+0000] {dagbag.py:545} INFO - Filling up the DagBag from /home/airflow/.local/lib/python3.12/site-packages/airflow/example_dags/example_branch_python_dop_operator_3.py
[2024-05-14T02:02:11.500+0000] {processor.py:840} INFO - DAG(s) 'example_branch_dop_operator_v3' retrieved from /home/airflow/.local/lib/python3.12/site-packages/airflow/example_dags/example_branch_python_dop_operator_3.py
[2024-05-14T02:02:11.511+0000] {logging_mixin.py:188} INFO - [2024-05-14T02:02:11.511+0000] {dag.py:3096} INFO - Sync 1 DAGs
[2024-05-14T02:02:11.524+0000] {logging_mixin.py:188} INFO - [2024-05-14T02:02:11.523+0000] {dag.py:3954} INFO - Setting next_dagrun for example_branch_dop_operator_v3 to 2024-05-14 02:01:00+00:00, run_after=2024-05-14 02:02:00+00:00
[2024-05-14T02:02:11.533+0000] {processor.py:183} INFO - Processing /home/airflow/.local/lib/python3.12/site-packages/airflow/example_dags/example_branch_python_dop_operator_3.py took 0.042 seconds
[2024-05-14T02:02:41.698+0000] {processor.py:161} INFO - Started process (PID=1041) to work on /home/airflow/.local/lib/python3.12/site-packages/airflow/example_dags/example_branch_python_dop_operator_3.py
[2024-05-14T02:02:41.699+0000] {processor.py:830} INFO - Processing file /home/airflow/.local/lib/python3.12/site-packages/airflow/example_dags/example_branch_python_dop_operator_3.py for tasks to queue
[2024-05-14T02:02:41.700+0000] {logging_mixin.py:188} INFO - [2024-05-14T02:02:41.700+0000] {dagbag.py:545} INFO - Filling up the DagBag from /home/airflow/.local/lib/python3.12/site-packages/airflow/example_dags/example_branch_python_dop_operator_3.py
[2024-05-14T02:02:41.707+0000] {processor.py:840} INFO - DAG(s) 'example_branch_dop_operator_v3' retrieved from /home/airflow/.local/lib/python3.12/site-packages/airflow/example_dags/example_branch_python_dop_operator_3.py
[2024-05-14T02:02:41.719+0000] {logging_mixin.py:188} INFO - [2024-05-14T02:02:41.719+0000] {dag.py:3096} INFO - Sync 1 DAGs
[2024-05-14T02:02:41.734+0000] {logging_mixin.py:188} INFO - [2024-05-14T02:02:41.734+0000] {dag.py:3954} INFO - Setting next_dagrun for example_branch_dop_operator_v3 to 2024-05-14 02:01:00+00:00, run_after=2024-05-14 02:02:00+00:00
[2024-05-14T02:02:41.747+0000] {processor.py:183} INFO - Processing /home/airflow/.local/lib/python3.12/site-packages/airflow/example_dags/example_branch_python_dop_operator_3.py took 0.052 seconds
[2024-05-14T02:03:11.808+0000] {processor.py:161} INFO - Started process (PID=1100) to work on /home/airflow/.local/lib/python3.12/site-packages/airflow/example_dags/example_branch_python_dop_operator_3.py
[2024-05-14T02:03:11.809+0000] {processor.py:830} INFO - Processing file /home/airflow/.local/lib/python3.12/site-packages/airflow/example_dags/example_branch_python_dop_operator_3.py for tasks to queue
[2024-05-14T02:03:11.810+0000] {logging_mixin.py:188} INFO - [2024-05-14T02:03:11.809+0000] {dagbag.py:545} INFO - Filling up the DagBag from /home/airflow/.local/lib/python3.12/site-packages/airflow/example_dags/example_branch_python_dop_operator_3.py
[2024-05-14T02:03:11.814+0000] {processor.py:840} INFO - DAG(s) 'example_branch_dop_operator_v3' retrieved from /home/airflow/.local/lib/python3.12/site-packages/airflow/example_dags/example_branch_python_dop_operator_3.py
[2024-05-14T02:03:11.826+0000] {logging_mixin.py:188} INFO - [2024-05-14T02:03:11.825+0000] {dag.py:3096} INFO - Sync 1 DAGs
[2024-05-14T02:03:11.838+0000] {logging_mixin.py:188} INFO - [2024-05-14T02:03:11.838+0000] {dag.py:3954} INFO - Setting next_dagrun for example_branch_dop_operator_v3 to 2024-05-14 02:02:00+00:00, run_after=2024-05-14 02:03:00+00:00
[2024-05-14T02:03:11.847+0000] {processor.py:183} INFO - Processing /home/airflow/.local/lib/python3.12/site-packages/airflow/example_dags/example_branch_python_dop_operator_3.py took 0.042 seconds
[2024-05-14T02:03:42.605+0000] {processor.py:161} INFO - Started process (PID=1159) to work on /home/airflow/.local/lib/python3.12/site-packages/airflow/example_dags/example_branch_python_dop_operator_3.py
[2024-05-14T02:03:42.606+0000] {processor.py:830} INFO - Processing file /home/airflow/.local/lib/python3.12/site-packages/airflow/example_dags/example_branch_python_dop_operator_3.py for tasks to queue
[2024-05-14T02:03:42.607+0000] {logging_mixin.py:188} INFO - [2024-05-14T02:03:42.607+0000] {dagbag.py:545} INFO - Filling up the DagBag from /home/airflow/.local/lib/python3.12/site-packages/airflow/example_dags/example_branch_python_dop_operator_3.py
[2024-05-14T02:03:42.611+0000] {processor.py:840} INFO - DAG(s) 'example_branch_dop_operator_v3' retrieved from /home/airflow/.local/lib/python3.12/site-packages/airflow/example_dags/example_branch_python_dop_operator_3.py
[2024-05-14T02:03:42.621+0000] {logging_mixin.py:188} INFO - [2024-05-14T02:03:42.621+0000] {dag.py:3096} INFO - Sync 1 DAGs
[2024-05-14T02:03:42.633+0000] {logging_mixin.py:188} INFO - [2024-05-14T02:03:42.633+0000] {dag.py:3954} INFO - Setting next_dagrun for example_branch_dop_operator_v3 to 2024-05-14 02:02:00+00:00, run_after=2024-05-14 02:03:00+00:00
[2024-05-14T02:03:42.642+0000] {processor.py:183} INFO - Processing /home/airflow/.local/lib/python3.12/site-packages/airflow/example_dags/example_branch_python_dop_operator_3.py took 0.040 seconds
[2024-05-14T02:04:12.717+0000] {processor.py:161} INFO - Started process (PID=1217) to work on /home/airflow/.local/lib/python3.12/site-packages/airflow/example_dags/example_branch_python_dop_operator_3.py
[2024-05-14T02:04:12.717+0000] {processor.py:830} INFO - Processing file /home/airflow/.local/lib/python3.12/site-packages/airflow/example_dags/example_branch_python_dop_operator_3.py for tasks to queue
[2024-05-14T02:04:12.719+0000] {logging_mixin.py:188} INFO - [2024-05-14T02:04:12.718+0000] {dagbag.py:545} INFO - Filling up the DagBag from /home/airflow/.local/lib/python3.12/site-packages/airflow/example_dags/example_branch_python_dop_operator_3.py
[2024-05-14T02:04:12.723+0000] {processor.py:840} INFO - DAG(s) 'example_branch_dop_operator_v3' retrieved from /home/airflow/.local/lib/python3.12/site-packages/airflow/example_dags/example_branch_python_dop_operator_3.py
[2024-05-14T02:04:12.733+0000] {logging_mixin.py:188} INFO - [2024-05-14T02:04:12.733+0000] {dag.py:3096} INFO - Sync 1 DAGs
[2024-05-14T02:04:12.748+0000] {logging_mixin.py:188} INFO - [2024-05-14T02:04:12.747+0000] {dag.py:3954} INFO - Setting next_dagrun for example_branch_dop_operator_v3 to 2024-05-14 02:03:00+00:00, run_after=2024-05-14 02:04:00+00:00
[2024-05-14T02:04:12.766+0000] {processor.py:183} INFO - Processing /home/airflow/.local/lib/python3.12/site-packages/airflow/example_dags/example_branch_python_dop_operator_3.py took 0.052 seconds
[2024-05-14T02:04:42.914+0000] {processor.py:161} INFO - Started process (PID=1276) to work on /home/airflow/.local/lib/python3.12/site-packages/airflow/example_dags/example_branch_python_dop_operator_3.py
[2024-05-14T02:04:42.914+0000] {processor.py:830} INFO - Processing file /home/airflow/.local/lib/python3.12/site-packages/airflow/example_dags/example_branch_python_dop_operator_3.py for tasks to queue
[2024-05-14T02:04:42.915+0000] {logging_mixin.py:188} INFO - [2024-05-14T02:04:42.915+0000] {dagbag.py:545} INFO - Filling up the DagBag from /home/airflow/.local/lib/python3.12/site-packages/airflow/example_dags/example_branch_python_dop_operator_3.py
[2024-05-14T02:04:42.920+0000] {processor.py:840} INFO - DAG(s) 'example_branch_dop_operator_v3' retrieved from /home/airflow/.local/lib/python3.12/site-packages/airflow/example_dags/example_branch_python_dop_operator_3.py
[2024-05-14T02:04:42.932+0000] {logging_mixin.py:188} INFO - [2024-05-14T02:04:42.932+0000] {dag.py:3096} INFO - Sync 1 DAGs
[2024-05-14T02:04:42.944+0000] {logging_mixin.py:188} INFO - [2024-05-14T02:04:42.944+0000] {dag.py:3954} INFO - Setting next_dagrun for example_branch_dop_operator_v3 to 2024-05-14 02:03:00+00:00, run_after=2024-05-14 02:04:00+00:00
[2024-05-14T02:04:42.955+0000] {processor.py:183} INFO - Processing /home/airflow/.local/lib/python3.12/site-packages/airflow/example_dags/example_branch_python_dop_operator_3.py took 0.044 seconds
[2024-05-14T02:05:13.028+0000] {processor.py:161} INFO - Started process (PID=1335) to work on /home/airflow/.local/lib/python3.12/site-packages/airflow/example_dags/example_branch_python_dop_operator_3.py
[2024-05-14T02:05:13.029+0000] {processor.py:830} INFO - Processing file /home/airflow/.local/lib/python3.12/site-packages/airflow/example_dags/example_branch_python_dop_operator_3.py for tasks to queue
[2024-05-14T02:05:13.030+0000] {logging_mixin.py:188} INFO - [2024-05-14T02:05:13.030+0000] {dagbag.py:545} INFO - Filling up the DagBag from /home/airflow/.local/lib/python3.12/site-packages/airflow/example_dags/example_branch_python_dop_operator_3.py
[2024-05-14T02:05:13.034+0000] {processor.py:840} INFO - DAG(s) 'example_branch_dop_operator_v3' retrieved from /home/airflow/.local/lib/python3.12/site-packages/airflow/example_dags/example_branch_python_dop_operator_3.py
[2024-05-14T02:05:13.045+0000] {logging_mixin.py:188} INFO - [2024-05-14T02:05:13.044+0000] {dag.py:3096} INFO - Sync 1 DAGs
[2024-05-14T02:05:13.057+0000] {logging_mixin.py:188} INFO - [2024-05-14T02:05:13.057+0000] {dag.py:3954} INFO - Setting next_dagrun for example_branch_dop_operator_v3 to 2024-05-14 02:04:00+00:00, run_after=2024-05-14 02:05:00+00:00
[2024-05-14T02:05:13.066+0000] {processor.py:183} INFO - Processing /home/airflow/.local/lib/python3.12/site-packages/airflow/example_dags/example_branch_python_dop_operator_3.py took 0.041 seconds
[2024-05-14T02:05:43.764+0000] {processor.py:161} INFO - Started process (PID=1394) to work on /home/airflow/.local/lib/python3.12/site-packages/airflow/example_dags/example_branch_python_dop_operator_3.py
[2024-05-14T02:05:43.764+0000] {processor.py:830} INFO - Processing file /home/airflow/.local/lib/python3.12/site-packages/airflow/example_dags/example_branch_python_dop_operator_3.py for tasks to queue
[2024-05-14T02:05:43.765+0000] {logging_mixin.py:188} INFO - [2024-05-14T02:05:43.765+0000] {dagbag.py:545} INFO - Filling up the DagBag from /home/airflow/.local/lib/python3.12/site-packages/airflow/example_dags/example_branch_python_dop_operator_3.py
[2024-05-14T02:05:43.770+0000] {processor.py:840} INFO - DAG(s) 'example_branch_dop_operator_v3' retrieved from /home/airflow/.local/lib/python3.12/site-packages/airflow/example_dags/example_branch_python_dop_operator_3.py
[2024-05-14T02:05:43.779+0000] {logging_mixin.py:188} INFO - [2024-05-14T02:05:43.779+0000] {dag.py:3096} INFO - Sync 1 DAGs
[2024-05-14T02:05:43.791+0000] {logging_mixin.py:188} INFO - [2024-05-14T02:05:43.791+0000] {dag.py:3954} INFO - Setting next_dagrun for example_branch_dop_operator_v3 to 2024-05-14 02:04:00+00:00, run_after=2024-05-14 02:05:00+00:00
[2024-05-14T02:05:43.800+0000] {processor.py:183} INFO - Processing /home/airflow/.local/lib/python3.12/site-packages/airflow/example_dags/example_branch_python_dop_operator_3.py took 0.039 seconds
[2024-05-14T02:06:13.922+0000] {processor.py:161} INFO - Started process (PID=1453) to work on /home/airflow/.local/lib/python3.12/site-packages/airflow/example_dags/example_branch_python_dop_operator_3.py
[2024-05-14T02:06:13.923+0000] {processor.py:830} INFO - Processing file /home/airflow/.local/lib/python3.12/site-packages/airflow/example_dags/example_branch_python_dop_operator_3.py for tasks to queue
[2024-05-14T02:06:13.924+0000] {logging_mixin.py:188} INFO - [2024-05-14T02:06:13.924+0000] {dagbag.py:545} INFO - Filling up the DagBag from /home/airflow/.local/lib/python3.12/site-packages/airflow/example_dags/example_branch_python_dop_operator_3.py
[2024-05-14T02:06:13.928+0000] {processor.py:840} INFO - DAG(s) 'example_branch_dop_operator_v3' retrieved from /home/airflow/.local/lib/python3.12/site-packages/airflow/example_dags/example_branch_python_dop_operator_3.py
[2024-05-14T02:06:13.938+0000] {logging_mixin.py:188} INFO - [2024-05-14T02:06:13.938+0000] {dag.py:3096} INFO - Sync 1 DAGs
[2024-05-14T02:06:13.950+0000] {logging_mixin.py:188} INFO - [2024-05-14T02:06:13.950+0000] {dag.py:3954} INFO - Setting next_dagrun for example_branch_dop_operator_v3 to 2024-05-14 02:05:00+00:00, run_after=2024-05-14 02:06:00+00:00
[2024-05-14T02:06:13.958+0000] {processor.py:183} INFO - Processing /home/airflow/.local/lib/python3.12/site-packages/airflow/example_dags/example_branch_python_dop_operator_3.py took 0.039 seconds
[2024-05-14T02:06:44.087+0000] {processor.py:161} INFO - Started process (PID=1512) to work on /home/airflow/.local/lib/python3.12/site-packages/airflow/example_dags/example_branch_python_dop_operator_3.py
[2024-05-14T02:06:44.087+0000] {processor.py:830} INFO - Processing file /home/airflow/.local/lib/python3.12/site-packages/airflow/example_dags/example_branch_python_dop_operator_3.py for tasks to queue
[2024-05-14T02:06:44.088+0000] {logging_mixin.py:188} INFO - [2024-05-14T02:06:44.088+0000] {dagbag.py:545} INFO - Filling up the DagBag from /home/airflow/.local/lib/python3.12/site-packages/airflow/example_dags/example_branch_python_dop_operator_3.py
[2024-05-14T02:06:44.093+0000] {processor.py:840} INFO - DAG(s) 'example_branch_dop_operator_v3' retrieved from /home/airflow/.local/lib/python3.12/site-packages/airflow/example_dags/example_branch_python_dop_operator_3.py
[2024-05-14T02:06:44.103+0000] {logging_mixin.py:188} INFO - [2024-05-14T02:06:44.103+0000] {dag.py:3096} INFO - Sync 1 DAGs
[2024-05-14T02:06:44.114+0000] {logging_mixin.py:188} INFO - [2024-05-14T02:06:44.114+0000] {dag.py:3954} INFO - Setting next_dagrun for example_branch_dop_operator_v3 to 2024-05-14 02:05:00+00:00, run_after=2024-05-14 02:06:00+00:00
[2024-05-14T02:06:44.122+0000] {processor.py:183} INFO - Processing /home/airflow/.local/lib/python3.12/site-packages/airflow/example_dags/example_branch_python_dop_operator_3.py took 0.039 seconds
[2024-05-14T02:07:14.173+0000] {processor.py:161} INFO - Started process (PID=1571) to work on /home/airflow/.local/lib/python3.12/site-packages/airflow/example_dags/example_branch_python_dop_operator_3.py
[2024-05-14T02:07:14.174+0000] {processor.py:830} INFO - Processing file /home/airflow/.local/lib/python3.12/site-packages/airflow/example_dags/example_branch_python_dop_operator_3.py for tasks to queue
[2024-05-14T02:07:14.175+0000] {logging_mixin.py:188} INFO - [2024-05-14T02:07:14.175+0000] {dagbag.py:545} INFO - Filling up the DagBag from /home/airflow/.local/lib/python3.12/site-packages/airflow/example_dags/example_branch_python_dop_operator_3.py
[2024-05-14T02:07:14.179+0000] {processor.py:840} INFO - DAG(s) 'example_branch_dop_operator_v3' retrieved from /home/airflow/.local/lib/python3.12/site-packages/airflow/example_dags/example_branch_python_dop_operator_3.py
[2024-05-14T02:07:14.190+0000] {logging_mixin.py:188} INFO - [2024-05-14T02:07:14.190+0000] {dag.py:3096} INFO - Sync 1 DAGs
[2024-05-14T02:07:14.201+0000] {logging_mixin.py:188} INFO - [2024-05-14T02:07:14.201+0000] {dag.py:3954} INFO - Setting next_dagrun for example_branch_dop_operator_v3 to 2024-05-14 02:06:00+00:00, run_after=2024-05-14 02:07:00+00:00
[2024-05-14T02:07:14.209+0000] {processor.py:183} INFO - Processing /home/airflow/.local/lib/python3.12/site-packages/airflow/example_dags/example_branch_python_dop_operator_3.py took 0.039 seconds
[2024-05-14T02:07:44.420+0000] {processor.py:161} INFO - Started process (PID=1630) to work on /home/airflow/.local/lib/python3.12/site-packages/airflow/example_dags/example_branch_python_dop_operator_3.py
[2024-05-14T02:07:44.421+0000] {processor.py:830} INFO - Processing file /home/airflow/.local/lib/python3.12/site-packages/airflow/example_dags/example_branch_python_dop_operator_3.py for tasks to queue
[2024-05-14T02:07:44.422+0000] {logging_mixin.py:188} INFO - [2024-05-14T02:07:44.422+0000] {dagbag.py:545} INFO - Filling up the DagBag from /home/airflow/.local/lib/python3.12/site-packages/airflow/example_dags/example_branch_python_dop_operator_3.py
[2024-05-14T02:07:44.427+0000] {processor.py:840} INFO - DAG(s) 'example_branch_dop_operator_v3' retrieved from /home/airflow/.local/lib/python3.12/site-packages/airflow/example_dags/example_branch_python_dop_operator_3.py
[2024-05-14T02:07:44.437+0000] {logging_mixin.py:188} INFO - [2024-05-14T02:07:44.436+0000] {dag.py:3096} INFO - Sync 1 DAGs
[2024-05-14T02:07:44.449+0000] {logging_mixin.py:188} INFO - [2024-05-14T02:07:44.449+0000] {dag.py:3954} INFO - Setting next_dagrun for example_branch_dop_operator_v3 to 2024-05-14 02:06:00+00:00, run_after=2024-05-14 02:07:00+00:00
[2024-05-14T02:07:44.457+0000] {processor.py:183} INFO - Processing /home/airflow/.local/lib/python3.12/site-packages/airflow/example_dags/example_branch_python_dop_operator_3.py took 0.040 seconds
[2024-05-14T02:08:14.721+0000] {processor.py:161} INFO - Started process (PID=1689) to work on /home/airflow/.local/lib/python3.12/site-packages/airflow/example_dags/example_branch_python_dop_operator_3.py
[2024-05-14T02:08:14.722+0000] {processor.py:830} INFO - Processing file /home/airflow/.local/lib/python3.12/site-packages/airflow/example_dags/example_branch_python_dop_operator_3.py for tasks to queue
[2024-05-14T02:08:14.723+0000] {logging_mixin.py:188} INFO - [2024-05-14T02:08:14.723+0000] {dagbag.py:545} INFO - Filling up the DagBag from /home/airflow/.local/lib/python3.12/site-packages/airflow/example_dags/example_branch_python_dop_operator_3.py
[2024-05-14T02:08:14.727+0000] {processor.py:840} INFO - DAG(s) 'example_branch_dop_operator_v3' retrieved from /home/airflow/.local/lib/python3.12/site-packages/airflow/example_dags/example_branch_python_dop_operator_3.py
[2024-05-14T02:08:14.739+0000] {logging_mixin.py:188} INFO - [2024-05-14T02:08:14.739+0000] {dag.py:3096} INFO - Sync 1 DAGs
[2024-05-14T02:08:14.752+0000] {logging_mixin.py:188} INFO - [2024-05-14T02:08:14.752+0000] {dag.py:3954} INFO - Setting next_dagrun for example_branch_dop_operator_v3 to 2024-05-14 02:07:00+00:00, run_after=2024-05-14 02:08:00+00:00
[2024-05-14T02:08:14.762+0000] {processor.py:183} INFO - Processing /home/airflow/.local/lib/python3.12/site-packages/airflow/example_dags/example_branch_python_dop_operator_3.py took 0.044 seconds
[2024-05-14T02:08:44.848+0000] {processor.py:161} INFO - Started process (PID=1748) to work on /home/airflow/.local/lib/python3.12/site-packages/airflow/example_dags/example_branch_python_dop_operator_3.py
[2024-05-14T02:08:44.848+0000] {processor.py:830} INFO - Processing file /home/airflow/.local/lib/python3.12/site-packages/airflow/example_dags/example_branch_python_dop_operator_3.py for tasks to queue
[2024-05-14T02:08:44.849+0000] {logging_mixin.py:188} INFO - [2024-05-14T02:08:44.849+0000] {dagbag.py:545} INFO - Filling up the DagBag from /home/airflow/.local/lib/python3.12/site-packages/airflow/example_dags/example_branch_python_dop_operator_3.py
[2024-05-14T02:08:44.854+0000] {processor.py:840} INFO - DAG(s) 'example_branch_dop_operator_v3' retrieved from /home/airflow/.local/lib/python3.12/site-packages/airflow/example_dags/example_branch_python_dop_operator_3.py
[2024-05-14T02:08:44.864+0000] {logging_mixin.py:188} INFO - [2024-05-14T02:08:44.864+0000] {dag.py:3096} INFO - Sync 1 DAGs
[2024-05-14T02:08:44.877+0000] {logging_mixin.py:188} INFO - [2024-05-14T02:08:44.877+0000] {dag.py:3954} INFO - Setting next_dagrun for example_branch_dop_operator_v3 to 2024-05-14 02:07:00+00:00, run_after=2024-05-14 02:08:00+00:00
[2024-05-14T02:08:44.886+0000] {processor.py:183} INFO - Processing /home/airflow/.local/lib/python3.12/site-packages/airflow/example_dags/example_branch_python_dop_operator_3.py took 0.041 seconds
[2024-05-14T02:09:15.233+0000] {processor.py:161} INFO - Started process (PID=1807) to work on /home/airflow/.local/lib/python3.12/site-packages/airflow/example_dags/example_branch_python_dop_operator_3.py
[2024-05-14T02:09:15.234+0000] {processor.py:830} INFO - Processing file /home/airflow/.local/lib/python3.12/site-packages/airflow/example_dags/example_branch_python_dop_operator_3.py for tasks to queue
[2024-05-14T02:09:15.235+0000] {logging_mixin.py:188} INFO - [2024-05-14T02:09:15.235+0000] {dagbag.py:545} INFO - Filling up the DagBag from /home/airflow/.local/lib/python3.12/site-packages/airflow/example_dags/example_branch_python_dop_operator_3.py
[2024-05-14T02:09:15.240+0000] {processor.py:840} INFO - DAG(s) 'example_branch_dop_operator_v3' retrieved from /home/airflow/.local/lib/python3.12/site-packages/airflow/example_dags/example_branch_python_dop_operator_3.py
[2024-05-14T02:09:15.253+0000] {logging_mixin.py:188} INFO - [2024-05-14T02:09:15.253+0000] {dag.py:3096} INFO - Sync 1 DAGs
[2024-05-14T02:09:15.265+0000] {logging_mixin.py:188} INFO - [2024-05-14T02:09:15.265+0000] {dag.py:3954} INFO - Setting next_dagrun for example_branch_dop_operator_v3 to 2024-05-14 02:08:00+00:00, run_after=2024-05-14 02:09:00+00:00
[2024-05-14T02:09:15.365+0000] {processor.py:183} INFO - Processing /home/airflow/.local/lib/python3.12/site-packages/airflow/example_dags/example_branch_python_dop_operator_3.py took 0.134 seconds
[2024-05-14T02:09:45.452+0000] {processor.py:161} INFO - Started process (PID=1866) to work on /home/airflow/.local/lib/python3.12/site-packages/airflow/example_dags/example_branch_python_dop_operator_3.py
[2024-05-14T02:09:45.453+0000] {processor.py:830} INFO - Processing file /home/airflow/.local/lib/python3.12/site-packages/airflow/example_dags/example_branch_python_dop_operator_3.py for tasks to queue
[2024-05-14T02:09:45.454+0000] {logging_mixin.py:188} INFO - [2024-05-14T02:09:45.453+0000] {dagbag.py:545} INFO - Filling up the DagBag from /home/airflow/.local/lib/python3.12/site-packages/airflow/example_dags/example_branch_python_dop_operator_3.py
[2024-05-14T02:09:45.458+0000] {processor.py:840} INFO - DAG(s) 'example_branch_dop_operator_v3' retrieved from /home/airflow/.local/lib/python3.12/site-packages/airflow/example_dags/example_branch_python_dop_operator_3.py
[2024-05-14T02:09:45.467+0000] {logging_mixin.py:188} INFO - [2024-05-14T02:09:45.467+0000] {dag.py:3096} INFO - Sync 1 DAGs
[2024-05-14T02:09:45.478+0000] {logging_mixin.py:188} INFO - [2024-05-14T02:09:45.478+0000] {dag.py:3954} INFO - Setting next_dagrun for example_branch_dop_operator_v3 to 2024-05-14 02:08:00+00:00, run_after=2024-05-14 02:09:00+00:00
[2024-05-14T02:09:45.487+0000] {processor.py:183} INFO - Processing /home/airflow/.local/lib/python3.12/site-packages/airflow/example_dags/example_branch_python_dop_operator_3.py took 0.038 seconds
[2024-05-14T02:10:15.912+0000] {processor.py:161} INFO - Started process (PID=1925) to work on /home/airflow/.local/lib/python3.12/site-packages/airflow/example_dags/example_branch_python_dop_operator_3.py
[2024-05-14T02:10:15.914+0000] {processor.py:830} INFO - Processing file /home/airflow/.local/lib/python3.12/site-packages/airflow/example_dags/example_branch_python_dop_operator_3.py for tasks to queue
[2024-05-14T02:10:15.917+0000] {logging_mixin.py:188} INFO - [2024-05-14T02:10:15.917+0000] {dagbag.py:545} INFO - Filling up the DagBag from /home/airflow/.local/lib/python3.12/site-packages/airflow/example_dags/example_branch_python_dop_operator_3.py
[2024-05-14T02:10:15.936+0000] {processor.py:840} INFO - DAG(s) 'example_branch_dop_operator_v3' retrieved from /home/airflow/.local/lib/python3.12/site-packages/airflow/example_dags/example_branch_python_dop_operator_3.py
[2024-05-14T02:10:15.955+0000] {logging_mixin.py:188} INFO - [2024-05-14T02:10:15.955+0000] {dag.py:3096} INFO - Sync 1 DAGs
[2024-05-14T02:10:15.973+0000] {logging_mixin.py:188} INFO - [2024-05-14T02:10:15.973+0000] {dag.py:3954} INFO - Setting next_dagrun for example_branch_dop_operator_v3 to 2024-05-14 02:09:00+00:00, run_after=2024-05-14 02:10:00+00:00
[2024-05-14T02:10:15.983+0000] {processor.py:183} INFO - Processing /home/airflow/.local/lib/python3.12/site-packages/airflow/example_dags/example_branch_python_dop_operator_3.py took 0.075 seconds
[2024-05-14T02:10:46.939+0000] {processor.py:161} INFO - Started process (PID=1984) to work on /home/airflow/.local/lib/python3.12/site-packages/airflow/example_dags/example_branch_python_dop_operator_3.py
[2024-05-14T02:10:46.940+0000] {processor.py:830} INFO - Processing file /home/airflow/.local/lib/python3.12/site-packages/airflow/example_dags/example_branch_python_dop_operator_3.py for tasks to queue
[2024-05-14T02:10:46.941+0000] {logging_mixin.py:188} INFO - [2024-05-14T02:10:46.941+0000] {dagbag.py:545} INFO - Filling up the DagBag from /home/airflow/.local/lib/python3.12/site-packages/airflow/example_dags/example_branch_python_dop_operator_3.py
[2024-05-14T02:10:46.946+0000] {processor.py:840} INFO - DAG(s) 'example_branch_dop_operator_v3' retrieved from /home/airflow/.local/lib/python3.12/site-packages/airflow/example_dags/example_branch_python_dop_operator_3.py
[2024-05-14T02:10:46.956+0000] {logging_mixin.py:188} INFO - [2024-05-14T02:10:46.956+0000] {dag.py:3096} INFO - Sync 1 DAGs
[2024-05-14T02:10:46.968+0000] {logging_mixin.py:188} INFO - [2024-05-14T02:10:46.968+0000] {dag.py:3954} INFO - Setting next_dagrun for example_branch_dop_operator_v3 to 2024-05-14 02:09:00+00:00, run_after=2024-05-14 02:10:00+00:00
[2024-05-14T02:10:46.976+0000] {processor.py:183} INFO - Processing /home/airflow/.local/lib/python3.12/site-packages/airflow/example_dags/example_branch_python_dop_operator_3.py took 0.040 seconds
[2024-05-14T02:11:17.742+0000] {processor.py:161} INFO - Started process (PID=2042) to work on /home/airflow/.local/lib/python3.12/site-packages/airflow/example_dags/example_branch_python_dop_operator_3.py
[2024-05-14T02:11:17.742+0000] {processor.py:830} INFO - Processing file /home/airflow/.local/lib/python3.12/site-packages/airflow/example_dags/example_branch_python_dop_operator_3.py for tasks to queue
[2024-05-14T02:11:17.744+0000] {logging_mixin.py:188} INFO - [2024-05-14T02:11:17.744+0000] {dagbag.py:545} INFO - Filling up the DagBag from /home/airflow/.local/lib/python3.12/site-packages/airflow/example_dags/example_branch_python_dop_operator_3.py
[2024-05-14T02:11:17.748+0000] {processor.py:840} INFO - DAG(s) 'example_branch_dop_operator_v3' retrieved from /home/airflow/.local/lib/python3.12/site-packages/airflow/example_dags/example_branch_python_dop_operator_3.py
[2024-05-14T02:11:17.759+0000] {logging_mixin.py:188} INFO - [2024-05-14T02:11:17.759+0000] {dag.py:3096} INFO - Sync 1 DAGs
[2024-05-14T02:11:17.772+0000] {logging_mixin.py:188} INFO - [2024-05-14T02:11:17.772+0000] {dag.py:3954} INFO - Setting next_dagrun for example_branch_dop_operator_v3 to 2024-05-14 02:10:00+00:00, run_after=2024-05-14 02:11:00+00:00
[2024-05-14T02:11:17.782+0000] {processor.py:183} INFO - Processing /home/airflow/.local/lib/python3.12/site-packages/airflow/example_dags/example_branch_python_dop_operator_3.py took 0.044 seconds
[2024-05-14T02:11:48.035+0000] {processor.py:161} INFO - Started process (PID=2101) to work on /home/airflow/.local/lib/python3.12/site-packages/airflow/example_dags/example_branch_python_dop_operator_3.py
[2024-05-14T02:11:48.036+0000] {processor.py:830} INFO - Processing file /home/airflow/.local/lib/python3.12/site-packages/airflow/example_dags/example_branch_python_dop_operator_3.py for tasks to queue
[2024-05-14T02:11:48.038+0000] {logging_mixin.py:188} INFO - [2024-05-14T02:11:48.037+0000] {dagbag.py:545} INFO - Filling up the DagBag from /home/airflow/.local/lib/python3.12/site-packages/airflow/example_dags/example_branch_python_dop_operator_3.py
[2024-05-14T02:11:48.046+0000] {processor.py:840} INFO - DAG(s) 'example_branch_dop_operator_v3' retrieved from /home/airflow/.local/lib/python3.12/site-packages/airflow/example_dags/example_branch_python_dop_operator_3.py
[2024-05-14T02:11:48.100+0000] {logging_mixin.py:188} INFO - [2024-05-14T02:11:48.099+0000] {dag.py:3096} INFO - Sync 1 DAGs
[2024-05-14T02:11:48.124+0000] {logging_mixin.py:188} INFO - [2024-05-14T02:11:48.124+0000] {dag.py:3954} INFO - Setting next_dagrun for example_branch_dop_operator_v3 to 2024-05-14 02:10:00+00:00, run_after=2024-05-14 02:11:00+00:00
[2024-05-14T02:11:48.134+0000] {processor.py:183} INFO - Processing /home/airflow/.local/lib/python3.12/site-packages/airflow/example_dags/example_branch_python_dop_operator_3.py took 0.103 seconds
[2024-05-14T02:12:18.151+0000] {processor.py:161} INFO - Started process (PID=2159) to work on /home/airflow/.local/lib/python3.12/site-packages/airflow/example_dags/example_branch_python_dop_operator_3.py
[2024-05-14T02:12:18.152+0000] {processor.py:830} INFO - Processing file /home/airflow/.local/lib/python3.12/site-packages/airflow/example_dags/example_branch_python_dop_operator_3.py for tasks to queue
[2024-05-14T02:12:18.153+0000] {logging_mixin.py:188} INFO - [2024-05-14T02:12:18.153+0000] {dagbag.py:545} INFO - Filling up the DagBag from /home/airflow/.local/lib/python3.12/site-packages/airflow/example_dags/example_branch_python_dop_operator_3.py
[2024-05-14T02:12:18.158+0000] {processor.py:840} INFO - DAG(s) 'example_branch_dop_operator_v3' retrieved from /home/airflow/.local/lib/python3.12/site-packages/airflow/example_dags/example_branch_python_dop_operator_3.py
[2024-05-14T02:12:18.167+0000] {logging_mixin.py:188} INFO - [2024-05-14T02:12:18.167+0000] {dag.py:3096} INFO - Sync 1 DAGs
[2024-05-14T02:12:18.178+0000] {logging_mixin.py:188} INFO - [2024-05-14T02:12:18.178+0000] {dag.py:3954} INFO - Setting next_dagrun for example_branch_dop_operator_v3 to 2024-05-14 02:11:00+00:00, run_after=2024-05-14 02:12:00+00:00
[2024-05-14T02:12:18.186+0000] {processor.py:183} INFO - Processing /home/airflow/.local/lib/python3.12/site-packages/airflow/example_dags/example_branch_python_dop_operator_3.py took 0.037 seconds
[2024-05-14T02:12:48.293+0000] {processor.py:161} INFO - Started process (PID=2217) to work on /home/airflow/.local/lib/python3.12/site-packages/airflow/example_dags/example_branch_python_dop_operator_3.py
[2024-05-14T02:12:48.295+0000] {processor.py:830} INFO - Processing file /home/airflow/.local/lib/python3.12/site-packages/airflow/example_dags/example_branch_python_dop_operator_3.py for tasks to queue
[2024-05-14T02:12:48.297+0000] {logging_mixin.py:188} INFO - [2024-05-14T02:12:48.297+0000] {dagbag.py:545} INFO - Filling up the DagBag from /home/airflow/.local/lib/python3.12/site-packages/airflow/example_dags/example_branch_python_dop_operator_3.py
[2024-05-14T02:12:48.303+0000] {processor.py:840} INFO - DAG(s) 'example_branch_dop_operator_v3' retrieved from /home/airflow/.local/lib/python3.12/site-packages/airflow/example_dags/example_branch_python_dop_operator_3.py
[2024-05-14T02:12:48.314+0000] {logging_mixin.py:188} INFO - [2024-05-14T02:12:48.314+0000] {dag.py:3096} INFO - Sync 1 DAGs
[2024-05-14T02:12:48.328+0000] {logging_mixin.py:188} INFO - [2024-05-14T02:12:48.328+0000] {dag.py:3954} INFO - Setting next_dagrun for example_branch_dop_operator_v3 to 2024-05-14 02:11:00+00:00, run_after=2024-05-14 02:12:00+00:00
[2024-05-14T02:12:48.337+0000] {processor.py:183} INFO - Processing /home/airflow/.local/lib/python3.12/site-packages/airflow/example_dags/example_branch_python_dop_operator_3.py took 0.050 seconds
