[2024-05-14T01:54:09.443+0000] {processor.py:161} INFO - Started process (PID=72) to work on /home/airflow/.local/lib/python3.12/site-packages/airflow/example_dags/example_bash_decorator.py
[2024-05-14T01:54:09.520+0000] {processor.py:830} INFO - Processing file /home/airflow/.local/lib/python3.12/site-packages/airflow/example_dags/example_bash_decorator.py for tasks to queue
[2024-05-14T01:54:09.523+0000] {logging_mixin.py:188} INFO - [2024-05-14T01:54:09.522+0000] {dagbag.py:545} INFO - Filling up the DagBag from /home/airflow/.local/lib/python3.12/site-packages/airflow/example_dags/example_bash_decorator.py
[2024-05-14T01:54:09.559+0000] {processor.py:840} INFO - DAG(s) 'example_bash_decorator' retrieved from /home/airflow/.local/lib/python3.12/site-packages/airflow/example_dags/example_bash_decorator.py
[2024-05-14T01:54:09.581+0000] {logging_mixin.py:188} INFO - [2024-05-14T01:54:09.581+0000] {dag.py:3096} INFO - Sync 1 DAGs
[2024-05-14T01:54:09.603+0000] {logging_mixin.py:188} INFO - [2024-05-14T01:54:09.603+0000] {dag.py:3954} INFO - Setting next_dagrun for example_bash_decorator to None, run_after=None
[2024-05-14T01:54:09.777+0000] {processor.py:183} INFO - Processing /home/airflow/.local/lib/python3.12/site-packages/airflow/example_dags/example_bash_decorator.py took 0.340 seconds
[2024-05-14T01:54:40.175+0000] {processor.py:161} INFO - Started process (PID=131) to work on /home/airflow/.local/lib/python3.12/site-packages/airflow/example_dags/example_bash_decorator.py
[2024-05-14T01:54:40.176+0000] {processor.py:830} INFO - Processing file /home/airflow/.local/lib/python3.12/site-packages/airflow/example_dags/example_bash_decorator.py for tasks to queue
[2024-05-14T01:54:40.177+0000] {logging_mixin.py:188} INFO - [2024-05-14T01:54:40.177+0000] {dagbag.py:545} INFO - Filling up the DagBag from /home/airflow/.local/lib/python3.12/site-packages/airflow/example_dags/example_bash_decorator.py
[2024-05-14T01:54:40.184+0000] {processor.py:840} INFO - DAG(s) 'example_bash_decorator' retrieved from /home/airflow/.local/lib/python3.12/site-packages/airflow/example_dags/example_bash_decorator.py
[2024-05-14T01:54:40.227+0000] {logging_mixin.py:188} INFO - [2024-05-14T01:54:40.227+0000] {dag.py:3096} INFO - Sync 1 DAGs
[2024-05-14T01:54:40.231+0000] {logging_mixin.py:188} INFO - [2024-05-14T01:54:40.231+0000] {dag.py:3954} INFO - Setting next_dagrun for example_bash_decorator to None, run_after=None
[2024-05-14T01:54:40.240+0000] {processor.py:183} INFO - Processing /home/airflow/.local/lib/python3.12/site-packages/airflow/example_dags/example_bash_decorator.py took 0.067 seconds
[2024-05-14T01:55:11.090+0000] {processor.py:161} INFO - Started process (PID=190) to work on /home/airflow/.local/lib/python3.12/site-packages/airflow/example_dags/example_bash_decorator.py
[2024-05-14T01:55:11.091+0000] {processor.py:830} INFO - Processing file /home/airflow/.local/lib/python3.12/site-packages/airflow/example_dags/example_bash_decorator.py for tasks to queue
[2024-05-14T01:55:11.092+0000] {logging_mixin.py:188} INFO - [2024-05-14T01:55:11.091+0000] {dagbag.py:545} INFO - Filling up the DagBag from /home/airflow/.local/lib/python3.12/site-packages/airflow/example_dags/example_bash_decorator.py
[2024-05-14T01:55:11.098+0000] {processor.py:840} INFO - DAG(s) 'example_bash_decorator' retrieved from /home/airflow/.local/lib/python3.12/site-packages/airflow/example_dags/example_bash_decorator.py
[2024-05-14T01:55:11.116+0000] {logging_mixin.py:188} INFO - [2024-05-14T01:55:11.116+0000] {dag.py:3096} INFO - Sync 1 DAGs
[2024-05-14T01:55:11.125+0000] {logging_mixin.py:188} INFO - [2024-05-14T01:55:11.124+0000] {dag.py:3954} INFO - Setting next_dagrun for example_bash_decorator to None, run_after=None
[2024-05-14T01:55:11.138+0000] {processor.py:183} INFO - Processing /home/airflow/.local/lib/python3.12/site-packages/airflow/example_dags/example_bash_decorator.py took 0.051 seconds
[2024-05-14T01:55:41.270+0000] {processor.py:161} INFO - Started process (PID=249) to work on /home/airflow/.local/lib/python3.12/site-packages/airflow/example_dags/example_bash_decorator.py
[2024-05-14T01:55:41.270+0000] {processor.py:830} INFO - Processing file /home/airflow/.local/lib/python3.12/site-packages/airflow/example_dags/example_bash_decorator.py for tasks to queue
[2024-05-14T01:55:41.271+0000] {logging_mixin.py:188} INFO - [2024-05-14T01:55:41.271+0000] {dagbag.py:545} INFO - Filling up the DagBag from /home/airflow/.local/lib/python3.12/site-packages/airflow/example_dags/example_bash_decorator.py
[2024-05-14T01:55:41.280+0000] {processor.py:840} INFO - DAG(s) 'example_bash_decorator' retrieved from /home/airflow/.local/lib/python3.12/site-packages/airflow/example_dags/example_bash_decorator.py
[2024-05-14T01:55:41.304+0000] {logging_mixin.py:188} INFO - [2024-05-14T01:55:41.304+0000] {dag.py:3096} INFO - Sync 1 DAGs
[2024-05-14T01:55:41.312+0000] {logging_mixin.py:188} INFO - [2024-05-14T01:55:41.312+0000] {dag.py:3954} INFO - Setting next_dagrun for example_bash_decorator to None, run_after=None
[2024-05-14T01:55:41.325+0000] {processor.py:183} INFO - Processing /home/airflow/.local/lib/python3.12/site-packages/airflow/example_dags/example_bash_decorator.py took 0.059 seconds
[2024-05-14T01:56:11.430+0000] {processor.py:161} INFO - Started process (PID=308) to work on /home/airflow/.local/lib/python3.12/site-packages/airflow/example_dags/example_bash_decorator.py
[2024-05-14T01:56:11.430+0000] {processor.py:830} INFO - Processing file /home/airflow/.local/lib/python3.12/site-packages/airflow/example_dags/example_bash_decorator.py for tasks to queue
[2024-05-14T01:56:11.431+0000] {logging_mixin.py:188} INFO - [2024-05-14T01:56:11.431+0000] {dagbag.py:545} INFO - Filling up the DagBag from /home/airflow/.local/lib/python3.12/site-packages/airflow/example_dags/example_bash_decorator.py
[2024-05-14T01:56:11.438+0000] {processor.py:840} INFO - DAG(s) 'example_bash_decorator' retrieved from /home/airflow/.local/lib/python3.12/site-packages/airflow/example_dags/example_bash_decorator.py
[2024-05-14T01:56:11.448+0000] {logging_mixin.py:188} INFO - [2024-05-14T01:56:11.448+0000] {dag.py:3096} INFO - Sync 1 DAGs
[2024-05-14T01:56:11.453+0000] {logging_mixin.py:188} INFO - [2024-05-14T01:56:11.453+0000] {dag.py:3954} INFO - Setting next_dagrun for example_bash_decorator to None, run_after=None
[2024-05-14T01:56:11.461+0000] {processor.py:183} INFO - Processing /home/airflow/.local/lib/python3.12/site-packages/airflow/example_dags/example_bash_decorator.py took 0.034 seconds
[2024-05-14T01:56:41.575+0000] {processor.py:161} INFO - Started process (PID=366) to work on /home/airflow/.local/lib/python3.12/site-packages/airflow/example_dags/example_bash_decorator.py
[2024-05-14T01:56:41.576+0000] {processor.py:830} INFO - Processing file /home/airflow/.local/lib/python3.12/site-packages/airflow/example_dags/example_bash_decorator.py for tasks to queue
[2024-05-14T01:56:41.577+0000] {logging_mixin.py:188} INFO - [2024-05-14T01:56:41.577+0000] {dagbag.py:545} INFO - Filling up the DagBag from /home/airflow/.local/lib/python3.12/site-packages/airflow/example_dags/example_bash_decorator.py
[2024-05-14T01:56:41.583+0000] {processor.py:840} INFO - DAG(s) 'example_bash_decorator' retrieved from /home/airflow/.local/lib/python3.12/site-packages/airflow/example_dags/example_bash_decorator.py
[2024-05-14T01:56:41.594+0000] {logging_mixin.py:188} INFO - [2024-05-14T01:56:41.594+0000] {dag.py:3096} INFO - Sync 1 DAGs
[2024-05-14T01:56:41.604+0000] {logging_mixin.py:188} INFO - [2024-05-14T01:56:41.604+0000] {dag.py:3954} INFO - Setting next_dagrun for example_bash_decorator to None, run_after=None
[2024-05-14T01:56:41.614+0000] {processor.py:183} INFO - Processing /home/airflow/.local/lib/python3.12/site-packages/airflow/example_dags/example_bash_decorator.py took 0.042 seconds
[2024-05-14T01:57:12.599+0000] {processor.py:161} INFO - Started process (PID=425) to work on /home/airflow/.local/lib/python3.12/site-packages/airflow/example_dags/example_bash_decorator.py
[2024-05-14T01:57:12.600+0000] {processor.py:830} INFO - Processing file /home/airflow/.local/lib/python3.12/site-packages/airflow/example_dags/example_bash_decorator.py for tasks to queue
[2024-05-14T01:57:12.601+0000] {logging_mixin.py:188} INFO - [2024-05-14T01:57:12.601+0000] {dagbag.py:545} INFO - Filling up the DagBag from /home/airflow/.local/lib/python3.12/site-packages/airflow/example_dags/example_bash_decorator.py
[2024-05-14T01:57:12.608+0000] {processor.py:840} INFO - DAG(s) 'example_bash_decorator' retrieved from /home/airflow/.local/lib/python3.12/site-packages/airflow/example_dags/example_bash_decorator.py
[2024-05-14T01:57:12.618+0000] {logging_mixin.py:188} INFO - [2024-05-14T01:57:12.618+0000] {dag.py:3096} INFO - Sync 1 DAGs
[2024-05-14T01:57:12.623+0000] {logging_mixin.py:188} INFO - [2024-05-14T01:57:12.623+0000] {dag.py:3954} INFO - Setting next_dagrun for example_bash_decorator to None, run_after=None
[2024-05-14T01:57:12.631+0000] {processor.py:183} INFO - Processing /home/airflow/.local/lib/python3.12/site-packages/airflow/example_dags/example_bash_decorator.py took 0.035 seconds
[2024-05-14T01:57:43.341+0000] {processor.py:161} INFO - Started process (PID=484) to work on /home/airflow/.local/lib/python3.12/site-packages/airflow/example_dags/example_bash_decorator.py
[2024-05-14T01:57:43.342+0000] {processor.py:830} INFO - Processing file /home/airflow/.local/lib/python3.12/site-packages/airflow/example_dags/example_bash_decorator.py for tasks to queue
[2024-05-14T01:57:43.343+0000] {logging_mixin.py:188} INFO - [2024-05-14T01:57:43.343+0000] {dagbag.py:545} INFO - Filling up the DagBag from /home/airflow/.local/lib/python3.12/site-packages/airflow/example_dags/example_bash_decorator.py
[2024-05-14T01:57:43.351+0000] {processor.py:840} INFO - DAG(s) 'example_bash_decorator' retrieved from /home/airflow/.local/lib/python3.12/site-packages/airflow/example_dags/example_bash_decorator.py
[2024-05-14T01:57:43.362+0000] {logging_mixin.py:188} INFO - [2024-05-14T01:57:43.362+0000] {dag.py:3096} INFO - Sync 1 DAGs
[2024-05-14T01:57:43.368+0000] {logging_mixin.py:188} INFO - [2024-05-14T01:57:43.368+0000] {dag.py:3954} INFO - Setting next_dagrun for example_bash_decorator to None, run_after=None
[2024-05-14T01:57:43.379+0000] {processor.py:183} INFO - Processing /home/airflow/.local/lib/python3.12/site-packages/airflow/example_dags/example_bash_decorator.py took 0.041 seconds
[2024-05-14T01:58:14.048+0000] {processor.py:161} INFO - Started process (PID=543) to work on /home/airflow/.local/lib/python3.12/site-packages/airflow/example_dags/example_bash_decorator.py
[2024-05-14T01:58:14.051+0000] {processor.py:830} INFO - Processing file /home/airflow/.local/lib/python3.12/site-packages/airflow/example_dags/example_bash_decorator.py for tasks to queue
[2024-05-14T01:58:14.052+0000] {logging_mixin.py:188} INFO - [2024-05-14T01:58:14.052+0000] {dagbag.py:545} INFO - Filling up the DagBag from /home/airflow/.local/lib/python3.12/site-packages/airflow/example_dags/example_bash_decorator.py
[2024-05-14T01:58:14.058+0000] {processor.py:840} INFO - DAG(s) 'example_bash_decorator' retrieved from /home/airflow/.local/lib/python3.12/site-packages/airflow/example_dags/example_bash_decorator.py
[2024-05-14T01:58:14.068+0000] {logging_mixin.py:188} INFO - [2024-05-14T01:58:14.068+0000] {dag.py:3096} INFO - Sync 1 DAGs
[2024-05-14T01:58:14.075+0000] {logging_mixin.py:188} INFO - [2024-05-14T01:58:14.074+0000] {dag.py:3954} INFO - Setting next_dagrun for example_bash_decorator to None, run_after=None
[2024-05-14T01:58:14.084+0000] {processor.py:183} INFO - Processing /home/airflow/.local/lib/python3.12/site-packages/airflow/example_dags/example_bash_decorator.py took 0.040 seconds
[2024-05-14T01:58:44.858+0000] {processor.py:161} INFO - Started process (PID=601) to work on /home/airflow/.local/lib/python3.12/site-packages/airflow/example_dags/example_bash_decorator.py
[2024-05-14T01:58:44.859+0000] {processor.py:830} INFO - Processing file /home/airflow/.local/lib/python3.12/site-packages/airflow/example_dags/example_bash_decorator.py for tasks to queue
[2024-05-14T01:58:44.859+0000] {logging_mixin.py:188} INFO - [2024-05-14T01:58:44.859+0000] {dagbag.py:545} INFO - Filling up the DagBag from /home/airflow/.local/lib/python3.12/site-packages/airflow/example_dags/example_bash_decorator.py
[2024-05-14T01:58:44.866+0000] {processor.py:840} INFO - DAG(s) 'example_bash_decorator' retrieved from /home/airflow/.local/lib/python3.12/site-packages/airflow/example_dags/example_bash_decorator.py
[2024-05-14T01:58:44.877+0000] {logging_mixin.py:188} INFO - [2024-05-14T01:58:44.877+0000] {dag.py:3096} INFO - Sync 1 DAGs
[2024-05-14T01:58:44.882+0000] {logging_mixin.py:188} INFO - [2024-05-14T01:58:44.882+0000] {dag.py:3954} INFO - Setting next_dagrun for example_bash_decorator to None, run_after=None
[2024-05-14T01:58:44.891+0000] {processor.py:183} INFO - Processing /home/airflow/.local/lib/python3.12/site-packages/airflow/example_dags/example_bash_decorator.py took 0.036 seconds
[2024-05-14T01:59:15.615+0000] {processor.py:161} INFO - Started process (PID=660) to work on /home/airflow/.local/lib/python3.12/site-packages/airflow/example_dags/example_bash_decorator.py
[2024-05-14T01:59:15.616+0000] {processor.py:830} INFO - Processing file /home/airflow/.local/lib/python3.12/site-packages/airflow/example_dags/example_bash_decorator.py for tasks to queue
[2024-05-14T01:59:15.617+0000] {logging_mixin.py:188} INFO - [2024-05-14T01:59:15.617+0000] {dagbag.py:545} INFO - Filling up the DagBag from /home/airflow/.local/lib/python3.12/site-packages/airflow/example_dags/example_bash_decorator.py
[2024-05-14T01:59:15.624+0000] {processor.py:840} INFO - DAG(s) 'example_bash_decorator' retrieved from /home/airflow/.local/lib/python3.12/site-packages/airflow/example_dags/example_bash_decorator.py
[2024-05-14T01:59:15.638+0000] {logging_mixin.py:188} INFO - [2024-05-14T01:59:15.637+0000] {dag.py:3096} INFO - Sync 1 DAGs
[2024-05-14T01:59:15.644+0000] {logging_mixin.py:188} INFO - [2024-05-14T01:59:15.643+0000] {dag.py:3954} INFO - Setting next_dagrun for example_bash_decorator to None, run_after=None
[2024-05-14T01:59:15.654+0000] {processor.py:183} INFO - Processing /home/airflow/.local/lib/python3.12/site-packages/airflow/example_dags/example_bash_decorator.py took 0.042 seconds
[2024-05-14T01:59:46.442+0000] {processor.py:161} INFO - Started process (PID=719) to work on /home/airflow/.local/lib/python3.12/site-packages/airflow/example_dags/example_bash_decorator.py
[2024-05-14T01:59:46.442+0000] {processor.py:830} INFO - Processing file /home/airflow/.local/lib/python3.12/site-packages/airflow/example_dags/example_bash_decorator.py for tasks to queue
[2024-05-14T01:59:46.443+0000] {logging_mixin.py:188} INFO - [2024-05-14T01:59:46.443+0000] {dagbag.py:545} INFO - Filling up the DagBag from /home/airflow/.local/lib/python3.12/site-packages/airflow/example_dags/example_bash_decorator.py
[2024-05-14T01:59:46.450+0000] {processor.py:840} INFO - DAG(s) 'example_bash_decorator' retrieved from /home/airflow/.local/lib/python3.12/site-packages/airflow/example_dags/example_bash_decorator.py
[2024-05-14T01:59:46.461+0000] {logging_mixin.py:188} INFO - [2024-05-14T01:59:46.461+0000] {dag.py:3096} INFO - Sync 1 DAGs
[2024-05-14T01:59:46.467+0000] {logging_mixin.py:188} INFO - [2024-05-14T01:59:46.466+0000] {dag.py:3954} INFO - Setting next_dagrun for example_bash_decorator to None, run_after=None
[2024-05-14T01:59:46.475+0000] {processor.py:183} INFO - Processing /home/airflow/.local/lib/python3.12/site-packages/airflow/example_dags/example_bash_decorator.py took 0.037 seconds
[2024-05-14T02:00:17.259+0000] {processor.py:161} INFO - Started process (PID=778) to work on /home/airflow/.local/lib/python3.12/site-packages/airflow/example_dags/example_bash_decorator.py
[2024-05-14T02:00:17.260+0000] {processor.py:830} INFO - Processing file /home/airflow/.local/lib/python3.12/site-packages/airflow/example_dags/example_bash_decorator.py for tasks to queue
[2024-05-14T02:00:17.261+0000] {logging_mixin.py:188} INFO - [2024-05-14T02:00:17.261+0000] {dagbag.py:545} INFO - Filling up the DagBag from /home/airflow/.local/lib/python3.12/site-packages/airflow/example_dags/example_bash_decorator.py
[2024-05-14T02:00:17.267+0000] {processor.py:840} INFO - DAG(s) 'example_bash_decorator' retrieved from /home/airflow/.local/lib/python3.12/site-packages/airflow/example_dags/example_bash_decorator.py
[2024-05-14T02:00:17.277+0000] {logging_mixin.py:188} INFO - [2024-05-14T02:00:17.277+0000] {dag.py:3096} INFO - Sync 1 DAGs
[2024-05-14T02:00:17.283+0000] {logging_mixin.py:188} INFO - [2024-05-14T02:00:17.283+0000] {dag.py:3954} INFO - Setting next_dagrun for example_bash_decorator to None, run_after=None
[2024-05-14T02:00:17.291+0000] {processor.py:183} INFO - Processing /home/airflow/.local/lib/python3.12/site-packages/airflow/example_dags/example_bash_decorator.py took 0.035 seconds
[2024-05-14T02:00:48.222+0000] {processor.py:161} INFO - Started process (PID=837) to work on /home/airflow/.local/lib/python3.12/site-packages/airflow/example_dags/example_bash_decorator.py
[2024-05-14T02:00:48.223+0000] {processor.py:830} INFO - Processing file /home/airflow/.local/lib/python3.12/site-packages/airflow/example_dags/example_bash_decorator.py for tasks to queue
[2024-05-14T02:00:48.224+0000] {logging_mixin.py:188} INFO - [2024-05-14T02:00:48.224+0000] {dagbag.py:545} INFO - Filling up the DagBag from /home/airflow/.local/lib/python3.12/site-packages/airflow/example_dags/example_bash_decorator.py
[2024-05-14T02:00:48.230+0000] {processor.py:840} INFO - DAG(s) 'example_bash_decorator' retrieved from /home/airflow/.local/lib/python3.12/site-packages/airflow/example_dags/example_bash_decorator.py
[2024-05-14T02:00:48.240+0000] {logging_mixin.py:188} INFO - [2024-05-14T02:00:48.240+0000] {dag.py:3096} INFO - Sync 1 DAGs
[2024-05-14T02:00:48.246+0000] {logging_mixin.py:188} INFO - [2024-05-14T02:00:48.246+0000] {dag.py:3954} INFO - Setting next_dagrun for example_bash_decorator to None, run_after=None
[2024-05-14T02:00:48.254+0000] {processor.py:183} INFO - Processing /home/airflow/.local/lib/python3.12/site-packages/airflow/example_dags/example_bash_decorator.py took 0.035 seconds
[2024-05-14T02:01:18.356+0000] {processor.py:161} INFO - Started process (PID=896) to work on /home/airflow/.local/lib/python3.12/site-packages/airflow/example_dags/example_bash_decorator.py
[2024-05-14T02:01:18.357+0000] {processor.py:830} INFO - Processing file /home/airflow/.local/lib/python3.12/site-packages/airflow/example_dags/example_bash_decorator.py for tasks to queue
[2024-05-14T02:01:18.358+0000] {logging_mixin.py:188} INFO - [2024-05-14T02:01:18.357+0000] {dagbag.py:545} INFO - Filling up the DagBag from /home/airflow/.local/lib/python3.12/site-packages/airflow/example_dags/example_bash_decorator.py
[2024-05-14T02:01:18.364+0000] {processor.py:840} INFO - DAG(s) 'example_bash_decorator' retrieved from /home/airflow/.local/lib/python3.12/site-packages/airflow/example_dags/example_bash_decorator.py
[2024-05-14T02:01:18.375+0000] {logging_mixin.py:188} INFO - [2024-05-14T02:01:18.375+0000] {dag.py:3096} INFO - Sync 1 DAGs
[2024-05-14T02:01:18.381+0000] {logging_mixin.py:188} INFO - [2024-05-14T02:01:18.381+0000] {dag.py:3954} INFO - Setting next_dagrun for example_bash_decorator to None, run_after=None
[2024-05-14T02:01:18.390+0000] {processor.py:183} INFO - Processing /home/airflow/.local/lib/python3.12/site-packages/airflow/example_dags/example_bash_decorator.py took 0.036 seconds
[2024-05-14T02:01:48.483+0000] {processor.py:161} INFO - Started process (PID=955) to work on /home/airflow/.local/lib/python3.12/site-packages/airflow/example_dags/example_bash_decorator.py
[2024-05-14T02:01:48.491+0000] {processor.py:830} INFO - Processing file /home/airflow/.local/lib/python3.12/site-packages/airflow/example_dags/example_bash_decorator.py for tasks to queue
[2024-05-14T02:01:48.492+0000] {logging_mixin.py:188} INFO - [2024-05-14T02:01:48.492+0000] {dagbag.py:545} INFO - Filling up the DagBag from /home/airflow/.local/lib/python3.12/site-packages/airflow/example_dags/example_bash_decorator.py
[2024-05-14T02:01:48.499+0000] {processor.py:840} INFO - DAG(s) 'example_bash_decorator' retrieved from /home/airflow/.local/lib/python3.12/site-packages/airflow/example_dags/example_bash_decorator.py
[2024-05-14T02:01:48.510+0000] {logging_mixin.py:188} INFO - [2024-05-14T02:01:48.510+0000] {dag.py:3096} INFO - Sync 1 DAGs
[2024-05-14T02:01:48.516+0000] {logging_mixin.py:188} INFO - [2024-05-14T02:01:48.516+0000] {dag.py:3954} INFO - Setting next_dagrun for example_bash_decorator to None, run_after=None
[2024-05-14T02:01:48.526+0000] {processor.py:183} INFO - Processing /home/airflow/.local/lib/python3.12/site-packages/airflow/example_dags/example_bash_decorator.py took 0.045 seconds
[2024-05-14T02:02:18.707+0000] {processor.py:161} INFO - Started process (PID=1014) to work on /home/airflow/.local/lib/python3.12/site-packages/airflow/example_dags/example_bash_decorator.py
[2024-05-14T02:02:18.707+0000] {processor.py:830} INFO - Processing file /home/airflow/.local/lib/python3.12/site-packages/airflow/example_dags/example_bash_decorator.py for tasks to queue
[2024-05-14T02:02:18.708+0000] {logging_mixin.py:188} INFO - [2024-05-14T02:02:18.708+0000] {dagbag.py:545} INFO - Filling up the DagBag from /home/airflow/.local/lib/python3.12/site-packages/airflow/example_dags/example_bash_decorator.py
[2024-05-14T02:02:18.715+0000] {processor.py:840} INFO - DAG(s) 'example_bash_decorator' retrieved from /home/airflow/.local/lib/python3.12/site-packages/airflow/example_dags/example_bash_decorator.py
[2024-05-14T02:02:18.725+0000] {logging_mixin.py:188} INFO - [2024-05-14T02:02:18.725+0000] {dag.py:3096} INFO - Sync 1 DAGs
[2024-05-14T02:02:18.730+0000] {logging_mixin.py:188} INFO - [2024-05-14T02:02:18.730+0000] {dag.py:3954} INFO - Setting next_dagrun for example_bash_decorator to None, run_after=None
[2024-05-14T02:02:18.738+0000] {processor.py:183} INFO - Processing /home/airflow/.local/lib/python3.12/site-packages/airflow/example_dags/example_bash_decorator.py took 0.034 seconds
[2024-05-14T02:02:48.882+0000] {processor.py:161} INFO - Started process (PID=1073) to work on /home/airflow/.local/lib/python3.12/site-packages/airflow/example_dags/example_bash_decorator.py
[2024-05-14T02:02:48.883+0000] {processor.py:830} INFO - Processing file /home/airflow/.local/lib/python3.12/site-packages/airflow/example_dags/example_bash_decorator.py for tasks to queue
[2024-05-14T02:02:48.884+0000] {logging_mixin.py:188} INFO - [2024-05-14T02:02:48.884+0000] {dagbag.py:545} INFO - Filling up the DagBag from /home/airflow/.local/lib/python3.12/site-packages/airflow/example_dags/example_bash_decorator.py
[2024-05-14T02:02:48.891+0000] {processor.py:840} INFO - DAG(s) 'example_bash_decorator' retrieved from /home/airflow/.local/lib/python3.12/site-packages/airflow/example_dags/example_bash_decorator.py
[2024-05-14T02:02:48.902+0000] {logging_mixin.py:188} INFO - [2024-05-14T02:02:48.902+0000] {dag.py:3096} INFO - Sync 1 DAGs
[2024-05-14T02:02:48.908+0000] {logging_mixin.py:188} INFO - [2024-05-14T02:02:48.908+0000] {dag.py:3954} INFO - Setting next_dagrun for example_bash_decorator to None, run_after=None
[2024-05-14T02:02:48.917+0000] {processor.py:183} INFO - Processing /home/airflow/.local/lib/python3.12/site-packages/airflow/example_dags/example_bash_decorator.py took 0.038 seconds
[2024-05-14T02:03:19.945+0000] {processor.py:161} INFO - Started process (PID=1132) to work on /home/airflow/.local/lib/python3.12/site-packages/airflow/example_dags/example_bash_decorator.py
[2024-05-14T02:03:19.946+0000] {processor.py:830} INFO - Processing file /home/airflow/.local/lib/python3.12/site-packages/airflow/example_dags/example_bash_decorator.py for tasks to queue
[2024-05-14T02:03:19.947+0000] {logging_mixin.py:188} INFO - [2024-05-14T02:03:19.947+0000] {dagbag.py:545} INFO - Filling up the DagBag from /home/airflow/.local/lib/python3.12/site-packages/airflow/example_dags/example_bash_decorator.py
[2024-05-14T02:03:19.953+0000] {processor.py:840} INFO - DAG(s) 'example_bash_decorator' retrieved from /home/airflow/.local/lib/python3.12/site-packages/airflow/example_dags/example_bash_decorator.py
[2024-05-14T02:03:19.964+0000] {logging_mixin.py:188} INFO - [2024-05-14T02:03:19.963+0000] {dag.py:3096} INFO - Sync 1 DAGs
[2024-05-14T02:03:19.969+0000] {logging_mixin.py:188} INFO - [2024-05-14T02:03:19.969+0000] {dag.py:3954} INFO - Setting next_dagrun for example_bash_decorator to None, run_after=None
[2024-05-14T02:03:19.977+0000] {processor.py:183} INFO - Processing /home/airflow/.local/lib/python3.12/site-packages/airflow/example_dags/example_bash_decorator.py took 0.035 seconds
[2024-05-14T02:03:50.684+0000] {processor.py:161} INFO - Started process (PID=1191) to work on /home/airflow/.local/lib/python3.12/site-packages/airflow/example_dags/example_bash_decorator.py
[2024-05-14T02:03:50.685+0000] {processor.py:830} INFO - Processing file /home/airflow/.local/lib/python3.12/site-packages/airflow/example_dags/example_bash_decorator.py for tasks to queue
[2024-05-14T02:03:50.687+0000] {logging_mixin.py:188} INFO - [2024-05-14T02:03:50.687+0000] {dagbag.py:545} INFO - Filling up the DagBag from /home/airflow/.local/lib/python3.12/site-packages/airflow/example_dags/example_bash_decorator.py
[2024-05-14T02:03:50.700+0000] {processor.py:840} INFO - DAG(s) 'example_bash_decorator' retrieved from /home/airflow/.local/lib/python3.12/site-packages/airflow/example_dags/example_bash_decorator.py
[2024-05-14T02:03:50.721+0000] {logging_mixin.py:188} INFO - [2024-05-14T02:03:50.721+0000] {dag.py:3096} INFO - Sync 1 DAGs
[2024-05-14T02:03:50.728+0000] {logging_mixin.py:188} INFO - [2024-05-14T02:03:50.727+0000] {dag.py:3954} INFO - Setting next_dagrun for example_bash_decorator to None, run_after=None
[2024-05-14T02:03:50.737+0000] {processor.py:183} INFO - Processing /home/airflow/.local/lib/python3.12/site-packages/airflow/example_dags/example_bash_decorator.py took 0.057 seconds
[2024-05-14T02:04:20.766+0000] {processor.py:161} INFO - Started process (PID=1255) to work on /home/airflow/.local/lib/python3.12/site-packages/airflow/example_dags/example_bash_decorator.py
[2024-05-14T02:04:20.766+0000] {processor.py:830} INFO - Processing file /home/airflow/.local/lib/python3.12/site-packages/airflow/example_dags/example_bash_decorator.py for tasks to queue
[2024-05-14T02:04:20.768+0000] {logging_mixin.py:188} INFO - [2024-05-14T02:04:20.768+0000] {dagbag.py:545} INFO - Filling up the DagBag from /home/airflow/.local/lib/python3.12/site-packages/airflow/example_dags/example_bash_decorator.py
[2024-05-14T02:04:20.776+0000] {processor.py:840} INFO - DAG(s) 'example_bash_decorator' retrieved from /home/airflow/.local/lib/python3.12/site-packages/airflow/example_dags/example_bash_decorator.py
[2024-05-14T02:04:20.791+0000] {logging_mixin.py:188} INFO - [2024-05-14T02:04:20.791+0000] {dag.py:3096} INFO - Sync 1 DAGs
[2024-05-14T02:04:20.797+0000] {logging_mixin.py:188} INFO - [2024-05-14T02:04:20.797+0000] {dag.py:3954} INFO - Setting next_dagrun for example_bash_decorator to None, run_after=None
[2024-05-14T02:04:20.807+0000] {processor.py:183} INFO - Processing /home/airflow/.local/lib/python3.12/site-packages/airflow/example_dags/example_bash_decorator.py took 0.046 seconds
[2024-05-14T02:04:50.994+0000] {processor.py:161} INFO - Started process (PID=1314) to work on /home/airflow/.local/lib/python3.12/site-packages/airflow/example_dags/example_bash_decorator.py
[2024-05-14T02:04:50.995+0000] {processor.py:830} INFO - Processing file /home/airflow/.local/lib/python3.12/site-packages/airflow/example_dags/example_bash_decorator.py for tasks to queue
[2024-05-14T02:04:50.996+0000] {logging_mixin.py:188} INFO - [2024-05-14T02:04:50.995+0000] {dagbag.py:545} INFO - Filling up the DagBag from /home/airflow/.local/lib/python3.12/site-packages/airflow/example_dags/example_bash_decorator.py
[2024-05-14T02:04:51.004+0000] {processor.py:840} INFO - DAG(s) 'example_bash_decorator' retrieved from /home/airflow/.local/lib/python3.12/site-packages/airflow/example_dags/example_bash_decorator.py
[2024-05-14T02:04:51.016+0000] {logging_mixin.py:188} INFO - [2024-05-14T02:04:51.016+0000] {dag.py:3096} INFO - Sync 1 DAGs
[2024-05-14T02:04:51.023+0000] {logging_mixin.py:188} INFO - [2024-05-14T02:04:51.023+0000] {dag.py:3954} INFO - Setting next_dagrun for example_bash_decorator to None, run_after=None
[2024-05-14T02:04:51.032+0000] {processor.py:183} INFO - Processing /home/airflow/.local/lib/python3.12/site-packages/airflow/example_dags/example_bash_decorator.py took 0.041 seconds
[2024-05-14T02:05:21.076+0000] {processor.py:161} INFO - Started process (PID=1373) to work on /home/airflow/.local/lib/python3.12/site-packages/airflow/example_dags/example_bash_decorator.py
[2024-05-14T02:05:21.077+0000] {processor.py:830} INFO - Processing file /home/airflow/.local/lib/python3.12/site-packages/airflow/example_dags/example_bash_decorator.py for tasks to queue
[2024-05-14T02:05:21.078+0000] {logging_mixin.py:188} INFO - [2024-05-14T02:05:21.078+0000] {dagbag.py:545} INFO - Filling up the DagBag from /home/airflow/.local/lib/python3.12/site-packages/airflow/example_dags/example_bash_decorator.py
[2024-05-14T02:05:21.085+0000] {processor.py:840} INFO - DAG(s) 'example_bash_decorator' retrieved from /home/airflow/.local/lib/python3.12/site-packages/airflow/example_dags/example_bash_decorator.py
[2024-05-14T02:05:21.095+0000] {logging_mixin.py:188} INFO - [2024-05-14T02:05:21.095+0000] {dag.py:3096} INFO - Sync 1 DAGs
[2024-05-14T02:05:21.100+0000] {logging_mixin.py:188} INFO - [2024-05-14T02:05:21.100+0000] {dag.py:3954} INFO - Setting next_dagrun for example_bash_decorator to None, run_after=None
[2024-05-14T02:05:21.109+0000] {processor.py:183} INFO - Processing /home/airflow/.local/lib/python3.12/site-packages/airflow/example_dags/example_bash_decorator.py took 0.036 seconds
[2024-05-14T02:05:51.923+0000] {processor.py:161} INFO - Started process (PID=1432) to work on /home/airflow/.local/lib/python3.12/site-packages/airflow/example_dags/example_bash_decorator.py
[2024-05-14T02:05:51.923+0000] {processor.py:830} INFO - Processing file /home/airflow/.local/lib/python3.12/site-packages/airflow/example_dags/example_bash_decorator.py for tasks to queue
[2024-05-14T02:05:51.924+0000] {logging_mixin.py:188} INFO - [2024-05-14T02:05:51.924+0000] {dagbag.py:545} INFO - Filling up the DagBag from /home/airflow/.local/lib/python3.12/site-packages/airflow/example_dags/example_bash_decorator.py
[2024-05-14T02:05:51.930+0000] {processor.py:840} INFO - DAG(s) 'example_bash_decorator' retrieved from /home/airflow/.local/lib/python3.12/site-packages/airflow/example_dags/example_bash_decorator.py
[2024-05-14T02:05:51.940+0000] {logging_mixin.py:188} INFO - [2024-05-14T02:05:51.940+0000] {dag.py:3096} INFO - Sync 1 DAGs
[2024-05-14T02:05:51.945+0000] {logging_mixin.py:188} INFO - [2024-05-14T02:05:51.945+0000] {dag.py:3954} INFO - Setting next_dagrun for example_bash_decorator to None, run_after=None
[2024-05-14T02:05:51.953+0000] {processor.py:183} INFO - Processing /home/airflow/.local/lib/python3.12/site-packages/airflow/example_dags/example_bash_decorator.py took 0.034 seconds
[2024-05-14T02:06:22.025+0000] {processor.py:161} INFO - Started process (PID=1491) to work on /home/airflow/.local/lib/python3.12/site-packages/airflow/example_dags/example_bash_decorator.py
[2024-05-14T02:06:22.025+0000] {processor.py:830} INFO - Processing file /home/airflow/.local/lib/python3.12/site-packages/airflow/example_dags/example_bash_decorator.py for tasks to queue
[2024-05-14T02:06:22.026+0000] {logging_mixin.py:188} INFO - [2024-05-14T02:06:22.026+0000] {dagbag.py:545} INFO - Filling up the DagBag from /home/airflow/.local/lib/python3.12/site-packages/airflow/example_dags/example_bash_decorator.py
[2024-05-14T02:06:22.033+0000] {processor.py:840} INFO - DAG(s) 'example_bash_decorator' retrieved from /home/airflow/.local/lib/python3.12/site-packages/airflow/example_dags/example_bash_decorator.py
[2024-05-14T02:06:22.042+0000] {logging_mixin.py:188} INFO - [2024-05-14T02:06:22.042+0000] {dag.py:3096} INFO - Sync 1 DAGs
[2024-05-14T02:06:22.048+0000] {logging_mixin.py:188} INFO - [2024-05-14T02:06:22.047+0000] {dag.py:3954} INFO - Setting next_dagrun for example_bash_decorator to None, run_after=None
[2024-05-14T02:06:22.055+0000] {processor.py:183} INFO - Processing /home/airflow/.local/lib/python3.12/site-packages/airflow/example_dags/example_bash_decorator.py took 0.034 seconds
[2024-05-14T02:06:52.191+0000] {processor.py:161} INFO - Started process (PID=1550) to work on /home/airflow/.local/lib/python3.12/site-packages/airflow/example_dags/example_bash_decorator.py
[2024-05-14T02:06:52.192+0000] {processor.py:830} INFO - Processing file /home/airflow/.local/lib/python3.12/site-packages/airflow/example_dags/example_bash_decorator.py for tasks to queue
[2024-05-14T02:06:52.193+0000] {logging_mixin.py:188} INFO - [2024-05-14T02:06:52.193+0000] {dagbag.py:545} INFO - Filling up the DagBag from /home/airflow/.local/lib/python3.12/site-packages/airflow/example_dags/example_bash_decorator.py
[2024-05-14T02:06:52.201+0000] {processor.py:840} INFO - DAG(s) 'example_bash_decorator' retrieved from /home/airflow/.local/lib/python3.12/site-packages/airflow/example_dags/example_bash_decorator.py
[2024-05-14T02:06:52.211+0000] {logging_mixin.py:188} INFO - [2024-05-14T02:06:52.211+0000] {dag.py:3096} INFO - Sync 1 DAGs
[2024-05-14T02:06:52.217+0000] {logging_mixin.py:188} INFO - [2024-05-14T02:06:52.216+0000] {dag.py:3954} INFO - Setting next_dagrun for example_bash_decorator to None, run_after=None
[2024-05-14T02:06:52.225+0000] {processor.py:183} INFO - Processing /home/airflow/.local/lib/python3.12/site-packages/airflow/example_dags/example_bash_decorator.py took 0.038 seconds
[2024-05-14T02:07:22.489+0000] {processor.py:161} INFO - Started process (PID=1609) to work on /home/airflow/.local/lib/python3.12/site-packages/airflow/example_dags/example_bash_decorator.py
[2024-05-14T02:07:22.489+0000] {processor.py:830} INFO - Processing file /home/airflow/.local/lib/python3.12/site-packages/airflow/example_dags/example_bash_decorator.py for tasks to queue
[2024-05-14T02:07:22.491+0000] {logging_mixin.py:188} INFO - [2024-05-14T02:07:22.490+0000] {dagbag.py:545} INFO - Filling up the DagBag from /home/airflow/.local/lib/python3.12/site-packages/airflow/example_dags/example_bash_decorator.py
[2024-05-14T02:07:22.498+0000] {processor.py:840} INFO - DAG(s) 'example_bash_decorator' retrieved from /home/airflow/.local/lib/python3.12/site-packages/airflow/example_dags/example_bash_decorator.py
[2024-05-14T02:07:22.510+0000] {logging_mixin.py:188} INFO - [2024-05-14T02:07:22.510+0000] {dag.py:3096} INFO - Sync 1 DAGs
[2024-05-14T02:07:22.517+0000] {logging_mixin.py:188} INFO - [2024-05-14T02:07:22.517+0000] {dag.py:3954} INFO - Setting next_dagrun for example_bash_decorator to None, run_after=None
[2024-05-14T02:07:22.529+0000] {processor.py:183} INFO - Processing /home/airflow/.local/lib/python3.12/site-packages/airflow/example_dags/example_bash_decorator.py took 0.044 seconds
[2024-05-14T02:07:52.758+0000] {processor.py:161} INFO - Started process (PID=1668) to work on /home/airflow/.local/lib/python3.12/site-packages/airflow/example_dags/example_bash_decorator.py
[2024-05-14T02:07:52.758+0000] {processor.py:830} INFO - Processing file /home/airflow/.local/lib/python3.12/site-packages/airflow/example_dags/example_bash_decorator.py for tasks to queue
[2024-05-14T02:07:52.760+0000] {logging_mixin.py:188} INFO - [2024-05-14T02:07:52.759+0000] {dagbag.py:545} INFO - Filling up the DagBag from /home/airflow/.local/lib/python3.12/site-packages/airflow/example_dags/example_bash_decorator.py
[2024-05-14T02:07:52.766+0000] {processor.py:840} INFO - DAG(s) 'example_bash_decorator' retrieved from /home/airflow/.local/lib/python3.12/site-packages/airflow/example_dags/example_bash_decorator.py
[2024-05-14T02:07:52.777+0000] {logging_mixin.py:188} INFO - [2024-05-14T02:07:52.777+0000] {dag.py:3096} INFO - Sync 1 DAGs
[2024-05-14T02:07:52.783+0000] {logging_mixin.py:188} INFO - [2024-05-14T02:07:52.783+0000] {dag.py:3954} INFO - Setting next_dagrun for example_bash_decorator to None, run_after=None
[2024-05-14T02:07:52.792+0000] {processor.py:183} INFO - Processing /home/airflow/.local/lib/python3.12/site-packages/airflow/example_dags/example_bash_decorator.py took 0.037 seconds
[2024-05-14T02:08:22.877+0000] {processor.py:161} INFO - Started process (PID=1727) to work on /home/airflow/.local/lib/python3.12/site-packages/airflow/example_dags/example_bash_decorator.py
[2024-05-14T02:08:22.880+0000] {processor.py:830} INFO - Processing file /home/airflow/.local/lib/python3.12/site-packages/airflow/example_dags/example_bash_decorator.py for tasks to queue
[2024-05-14T02:08:22.881+0000] {logging_mixin.py:188} INFO - [2024-05-14T02:08:22.880+0000] {dagbag.py:545} INFO - Filling up the DagBag from /home/airflow/.local/lib/python3.12/site-packages/airflow/example_dags/example_bash_decorator.py
[2024-05-14T02:08:22.887+0000] {processor.py:840} INFO - DAG(s) 'example_bash_decorator' retrieved from /home/airflow/.local/lib/python3.12/site-packages/airflow/example_dags/example_bash_decorator.py
[2024-05-14T02:08:22.899+0000] {logging_mixin.py:188} INFO - [2024-05-14T02:08:22.899+0000] {dag.py:3096} INFO - Sync 1 DAGs
[2024-05-14T02:08:22.907+0000] {logging_mixin.py:188} INFO - [2024-05-14T02:08:22.906+0000] {dag.py:3954} INFO - Setting next_dagrun for example_bash_decorator to None, run_after=None
[2024-05-14T02:08:22.915+0000] {processor.py:183} INFO - Processing /home/airflow/.local/lib/python3.12/site-packages/airflow/example_dags/example_bash_decorator.py took 0.042 seconds
[2024-05-14T02:08:53.029+0000] {processor.py:161} INFO - Started process (PID=1786) to work on /home/airflow/.local/lib/python3.12/site-packages/airflow/example_dags/example_bash_decorator.py
[2024-05-14T02:08:53.030+0000] {processor.py:830} INFO - Processing file /home/airflow/.local/lib/python3.12/site-packages/airflow/example_dags/example_bash_decorator.py for tasks to queue
[2024-05-14T02:08:53.031+0000] {logging_mixin.py:188} INFO - [2024-05-14T02:08:53.031+0000] {dagbag.py:545} INFO - Filling up the DagBag from /home/airflow/.local/lib/python3.12/site-packages/airflow/example_dags/example_bash_decorator.py
[2024-05-14T02:08:53.038+0000] {processor.py:840} INFO - DAG(s) 'example_bash_decorator' retrieved from /home/airflow/.local/lib/python3.12/site-packages/airflow/example_dags/example_bash_decorator.py
[2024-05-14T02:08:53.048+0000] {logging_mixin.py:188} INFO - [2024-05-14T02:08:53.048+0000] {dag.py:3096} INFO - Sync 1 DAGs
[2024-05-14T02:08:53.053+0000] {logging_mixin.py:188} INFO - [2024-05-14T02:08:53.053+0000] {dag.py:3954} INFO - Setting next_dagrun for example_bash_decorator to None, run_after=None
[2024-05-14T02:08:53.061+0000] {processor.py:183} INFO - Processing /home/airflow/.local/lib/python3.12/site-packages/airflow/example_dags/example_bash_decorator.py took 0.035 seconds
[2024-05-14T02:09:23.764+0000] {processor.py:161} INFO - Started process (PID=1845) to work on /home/airflow/.local/lib/python3.12/site-packages/airflow/example_dags/example_bash_decorator.py
[2024-05-14T02:09:23.765+0000] {processor.py:830} INFO - Processing file /home/airflow/.local/lib/python3.12/site-packages/airflow/example_dags/example_bash_decorator.py for tasks to queue
[2024-05-14T02:09:23.766+0000] {logging_mixin.py:188} INFO - [2024-05-14T02:09:23.765+0000] {dagbag.py:545} INFO - Filling up the DagBag from /home/airflow/.local/lib/python3.12/site-packages/airflow/example_dags/example_bash_decorator.py
[2024-05-14T02:09:23.773+0000] {processor.py:840} INFO - DAG(s) 'example_bash_decorator' retrieved from /home/airflow/.local/lib/python3.12/site-packages/airflow/example_dags/example_bash_decorator.py
[2024-05-14T02:09:23.783+0000] {logging_mixin.py:188} INFO - [2024-05-14T02:09:23.783+0000] {dag.py:3096} INFO - Sync 1 DAGs
[2024-05-14T02:09:23.788+0000] {logging_mixin.py:188} INFO - [2024-05-14T02:09:23.788+0000] {dag.py:3954} INFO - Setting next_dagrun for example_bash_decorator to None, run_after=None
[2024-05-14T02:09:23.796+0000] {processor.py:183} INFO - Processing /home/airflow/.local/lib/python3.12/site-packages/airflow/example_dags/example_bash_decorator.py took 0.036 seconds
[2024-05-14T02:09:54.066+0000] {processor.py:161} INFO - Started process (PID=1904) to work on /home/airflow/.local/lib/python3.12/site-packages/airflow/example_dags/example_bash_decorator.py
[2024-05-14T02:09:54.067+0000] {processor.py:830} INFO - Processing file /home/airflow/.local/lib/python3.12/site-packages/airflow/example_dags/example_bash_decorator.py for tasks to queue
[2024-05-14T02:09:54.068+0000] {logging_mixin.py:188} INFO - [2024-05-14T02:09:54.068+0000] {dagbag.py:545} INFO - Filling up the DagBag from /home/airflow/.local/lib/python3.12/site-packages/airflow/example_dags/example_bash_decorator.py
[2024-05-14T02:09:54.074+0000] {processor.py:840} INFO - DAG(s) 'example_bash_decorator' retrieved from /home/airflow/.local/lib/python3.12/site-packages/airflow/example_dags/example_bash_decorator.py
[2024-05-14T02:09:54.084+0000] {logging_mixin.py:188} INFO - [2024-05-14T02:09:54.084+0000] {dag.py:3096} INFO - Sync 1 DAGs
[2024-05-14T02:09:54.090+0000] {logging_mixin.py:188} INFO - [2024-05-14T02:09:54.090+0000] {dag.py:3954} INFO - Setting next_dagrun for example_bash_decorator to None, run_after=None
[2024-05-14T02:09:54.098+0000] {processor.py:183} INFO - Processing /home/airflow/.local/lib/python3.12/site-packages/airflow/example_dags/example_bash_decorator.py took 0.034 seconds
[2024-05-14T02:10:24.184+0000] {processor.py:161} INFO - Started process (PID=1963) to work on /home/airflow/.local/lib/python3.12/site-packages/airflow/example_dags/example_bash_decorator.py
[2024-05-14T02:10:24.185+0000] {processor.py:830} INFO - Processing file /home/airflow/.local/lib/python3.12/site-packages/airflow/example_dags/example_bash_decorator.py for tasks to queue
[2024-05-14T02:10:24.187+0000] {logging_mixin.py:188} INFO - [2024-05-14T02:10:24.186+0000] {dagbag.py:545} INFO - Filling up the DagBag from /home/airflow/.local/lib/python3.12/site-packages/airflow/example_dags/example_bash_decorator.py
[2024-05-14T02:10:24.193+0000] {processor.py:840} INFO - DAG(s) 'example_bash_decorator' retrieved from /home/airflow/.local/lib/python3.12/site-packages/airflow/example_dags/example_bash_decorator.py
[2024-05-14T02:10:24.205+0000] {logging_mixin.py:188} INFO - [2024-05-14T02:10:24.205+0000] {dag.py:3096} INFO - Sync 1 DAGs
[2024-05-14T02:10:24.210+0000] {logging_mixin.py:188} INFO - [2024-05-14T02:10:24.210+0000] {dag.py:3954} INFO - Setting next_dagrun for example_bash_decorator to None, run_after=None
[2024-05-14T02:10:24.219+0000] {processor.py:183} INFO - Processing /home/airflow/.local/lib/python3.12/site-packages/airflow/example_dags/example_bash_decorator.py took 0.037 seconds
[2024-05-14T02:10:55.238+0000] {processor.py:161} INFO - Started process (PID=2021) to work on /home/airflow/.local/lib/python3.12/site-packages/airflow/example_dags/example_bash_decorator.py
[2024-05-14T02:10:55.239+0000] {processor.py:830} INFO - Processing file /home/airflow/.local/lib/python3.12/site-packages/airflow/example_dags/example_bash_decorator.py for tasks to queue
[2024-05-14T02:10:55.240+0000] {logging_mixin.py:188} INFO - [2024-05-14T02:10:55.240+0000] {dagbag.py:545} INFO - Filling up the DagBag from /home/airflow/.local/lib/python3.12/site-packages/airflow/example_dags/example_bash_decorator.py
[2024-05-14T02:10:55.247+0000] {processor.py:840} INFO - DAG(s) 'example_bash_decorator' retrieved from /home/airflow/.local/lib/python3.12/site-packages/airflow/example_dags/example_bash_decorator.py
[2024-05-14T02:10:55.349+0000] {logging_mixin.py:188} INFO - [2024-05-14T02:10:55.349+0000] {dag.py:3096} INFO - Sync 1 DAGs
[2024-05-14T02:10:55.353+0000] {logging_mixin.py:188} INFO - [2024-05-14T02:10:55.353+0000] {dag.py:3954} INFO - Setting next_dagrun for example_bash_decorator to None, run_after=None
[2024-05-14T02:10:55.361+0000] {processor.py:183} INFO - Processing /home/airflow/.local/lib/python3.12/site-packages/airflow/example_dags/example_bash_decorator.py took 0.126 seconds
[2024-05-14T02:11:25.828+0000] {processor.py:161} INFO - Started process (PID=2080) to work on /home/airflow/.local/lib/python3.12/site-packages/airflow/example_dags/example_bash_decorator.py
[2024-05-14T02:11:25.829+0000] {processor.py:830} INFO - Processing file /home/airflow/.local/lib/python3.12/site-packages/airflow/example_dags/example_bash_decorator.py for tasks to queue
[2024-05-14T02:11:25.830+0000] {logging_mixin.py:188} INFO - [2024-05-14T02:11:25.830+0000] {dagbag.py:545} INFO - Filling up the DagBag from /home/airflow/.local/lib/python3.12/site-packages/airflow/example_dags/example_bash_decorator.py
[2024-05-14T02:11:25.837+0000] {processor.py:840} INFO - DAG(s) 'example_bash_decorator' retrieved from /home/airflow/.local/lib/python3.12/site-packages/airflow/example_dags/example_bash_decorator.py
[2024-05-14T02:11:25.848+0000] {logging_mixin.py:188} INFO - [2024-05-14T02:11:25.848+0000] {dag.py:3096} INFO - Sync 1 DAGs
[2024-05-14T02:11:25.853+0000] {logging_mixin.py:188} INFO - [2024-05-14T02:11:25.853+0000] {dag.py:3954} INFO - Setting next_dagrun for example_bash_decorator to None, run_after=None
[2024-05-14T02:11:25.861+0000] {processor.py:183} INFO - Processing /home/airflow/.local/lib/python3.12/site-packages/airflow/example_dags/example_bash_decorator.py took 0.036 seconds
[2024-05-14T02:11:56.343+0000] {processor.py:161} INFO - Started process (PID=2138) to work on /home/airflow/.local/lib/python3.12/site-packages/airflow/example_dags/example_bash_decorator.py
[2024-05-14T02:11:56.345+0000] {processor.py:830} INFO - Processing file /home/airflow/.local/lib/python3.12/site-packages/airflow/example_dags/example_bash_decorator.py for tasks to queue
[2024-05-14T02:11:56.346+0000] {logging_mixin.py:188} INFO - [2024-05-14T02:11:56.345+0000] {dagbag.py:545} INFO - Filling up the DagBag from /home/airflow/.local/lib/python3.12/site-packages/airflow/example_dags/example_bash_decorator.py
[2024-05-14T02:11:56.352+0000] {processor.py:840} INFO - DAG(s) 'example_bash_decorator' retrieved from /home/airflow/.local/lib/python3.12/site-packages/airflow/example_dags/example_bash_decorator.py
[2024-05-14T02:11:56.363+0000] {logging_mixin.py:188} INFO - [2024-05-14T02:11:56.363+0000] {dag.py:3096} INFO - Sync 1 DAGs
[2024-05-14T02:11:56.370+0000] {logging_mixin.py:188} INFO - [2024-05-14T02:11:56.369+0000] {dag.py:3954} INFO - Setting next_dagrun for example_bash_decorator to None, run_after=None
[2024-05-14T02:11:56.378+0000] {processor.py:183} INFO - Processing /home/airflow/.local/lib/python3.12/site-packages/airflow/example_dags/example_bash_decorator.py took 0.038 seconds
[2024-05-14T02:12:27.330+0000] {processor.py:161} INFO - Started process (PID=2196) to work on /home/airflow/.local/lib/python3.12/site-packages/airflow/example_dags/example_bash_decorator.py
[2024-05-14T02:12:27.332+0000] {processor.py:830} INFO - Processing file /home/airflow/.local/lib/python3.12/site-packages/airflow/example_dags/example_bash_decorator.py for tasks to queue
[2024-05-14T02:12:27.336+0000] {logging_mixin.py:188} INFO - [2024-05-14T02:12:27.336+0000] {dagbag.py:545} INFO - Filling up the DagBag from /home/airflow/.local/lib/python3.12/site-packages/airflow/example_dags/example_bash_decorator.py
[2024-05-14T02:12:27.342+0000] {processor.py:840} INFO - DAG(s) 'example_bash_decorator' retrieved from /home/airflow/.local/lib/python3.12/site-packages/airflow/example_dags/example_bash_decorator.py
[2024-05-14T02:12:27.353+0000] {logging_mixin.py:188} INFO - [2024-05-14T02:12:27.353+0000] {dag.py:3096} INFO - Sync 1 DAGs
[2024-05-14T02:12:27.360+0000] {logging_mixin.py:188} INFO - [2024-05-14T02:12:27.360+0000] {dag.py:3954} INFO - Setting next_dagrun for example_bash_decorator to None, run_after=None
[2024-05-14T02:12:27.369+0000] {processor.py:183} INFO - Processing /home/airflow/.local/lib/python3.12/site-packages/airflow/example_dags/example_bash_decorator.py took 0.041 seconds
