[2024-05-14T01:54:06.385+0000] {processor.py:161} INFO - Started process (PID=61) to work on /home/airflow/.local/lib/python3.12/site-packages/airflow/example_dags/example_short_circuit_operator.py
[2024-05-14T01:54:06.389+0000] {processor.py:830} INFO - Processing file /home/airflow/.local/lib/python3.12/site-packages/airflow/example_dags/example_short_circuit_operator.py for tasks to queue
[2024-05-14T01:54:06.399+0000] {logging_mixin.py:188} INFO - [2024-05-14T01:54:06.397+0000] {dagbag.py:545} INFO - Filling up the DagBag from /home/airflow/.local/lib/python3.12/site-packages/airflow/example_dags/example_short_circuit_operator.py
[2024-05-14T01:54:06.416+0000] {processor.py:840} INFO - DAG(s) 'example_short_circuit_operator' retrieved from /home/airflow/.local/lib/python3.12/site-packages/airflow/example_dags/example_short_circuit_operator.py
[2024-05-14T01:54:06.435+0000] {logging_mixin.py:188} INFO - [2024-05-14T01:54:06.434+0000] {dag.py:3096} INFO - Sync 1 DAGs
[2024-05-14T01:54:06.467+0000] {logging_mixin.py:188} INFO - [2024-05-14T01:54:06.467+0000] {dag.py:3954} INFO - Setting next_dagrun for example_short_circuit_operator to 2024-05-13 00:00:00+00:00, run_after=2024-05-14 00:00:00+00:00
[2024-05-14T01:54:06.507+0000] {processor.py:183} INFO - Processing /home/airflow/.local/lib/python3.12/site-packages/airflow/example_dags/example_short_circuit_operator.py took 0.138 seconds
[2024-05-14T01:54:37.491+0000] {processor.py:161} INFO - Started process (PID=120) to work on /home/airflow/.local/lib/python3.12/site-packages/airflow/example_dags/example_short_circuit_operator.py
[2024-05-14T01:54:37.493+0000] {processor.py:830} INFO - Processing file /home/airflow/.local/lib/python3.12/site-packages/airflow/example_dags/example_short_circuit_operator.py for tasks to queue
[2024-05-14T01:54:37.495+0000] {logging_mixin.py:188} INFO - [2024-05-14T01:54:37.494+0000] {dagbag.py:545} INFO - Filling up the DagBag from /home/airflow/.local/lib/python3.12/site-packages/airflow/example_dags/example_short_circuit_operator.py
[2024-05-14T01:54:37.505+0000] {processor.py:840} INFO - DAG(s) 'example_short_circuit_operator' retrieved from /home/airflow/.local/lib/python3.12/site-packages/airflow/example_dags/example_short_circuit_operator.py
[2024-05-14T01:54:37.571+0000] {logging_mixin.py:188} INFO - [2024-05-14T01:54:37.571+0000] {dag.py:3096} INFO - Sync 1 DAGs
[2024-05-14T01:54:37.580+0000] {logging_mixin.py:188} INFO - [2024-05-14T01:54:37.580+0000] {dag.py:3954} INFO - Setting next_dagrun for example_short_circuit_operator to 2024-05-13 00:00:00+00:00, run_after=2024-05-14 00:00:00+00:00
[2024-05-14T01:54:37.588+0000] {processor.py:183} INFO - Processing /home/airflow/.local/lib/python3.12/site-packages/airflow/example_dags/example_short_circuit_operator.py took 0.106 seconds
[2024-05-14T01:55:07.638+0000] {processor.py:161} INFO - Started process (PID=179) to work on /home/airflow/.local/lib/python3.12/site-packages/airflow/example_dags/example_short_circuit_operator.py
[2024-05-14T01:55:07.638+0000] {processor.py:830} INFO - Processing file /home/airflow/.local/lib/python3.12/site-packages/airflow/example_dags/example_short_circuit_operator.py for tasks to queue
[2024-05-14T01:55:07.640+0000] {logging_mixin.py:188} INFO - [2024-05-14T01:55:07.639+0000] {dagbag.py:545} INFO - Filling up the DagBag from /home/airflow/.local/lib/python3.12/site-packages/airflow/example_dags/example_short_circuit_operator.py
[2024-05-14T01:55:07.644+0000] {processor.py:840} INFO - DAG(s) 'example_short_circuit_operator' retrieved from /home/airflow/.local/lib/python3.12/site-packages/airflow/example_dags/example_short_circuit_operator.py
[2024-05-14T01:55:07.659+0000] {logging_mixin.py:188} INFO - [2024-05-14T01:55:07.659+0000] {dag.py:3096} INFO - Sync 1 DAGs
[2024-05-14T01:55:07.672+0000] {logging_mixin.py:188} INFO - [2024-05-14T01:55:07.672+0000] {dag.py:3954} INFO - Setting next_dagrun for example_short_circuit_operator to 2024-05-13 00:00:00+00:00, run_after=2024-05-14 00:00:00+00:00
[2024-05-14T01:55:07.683+0000] {processor.py:183} INFO - Processing /home/airflow/.local/lib/python3.12/site-packages/airflow/example_dags/example_short_circuit_operator.py took 0.053 seconds
[2024-05-14T01:55:37.764+0000] {processor.py:161} INFO - Started process (PID=238) to work on /home/airflow/.local/lib/python3.12/site-packages/airflow/example_dags/example_short_circuit_operator.py
[2024-05-14T01:55:37.765+0000] {processor.py:830} INFO - Processing file /home/airflow/.local/lib/python3.12/site-packages/airflow/example_dags/example_short_circuit_operator.py for tasks to queue
[2024-05-14T01:55:37.769+0000] {logging_mixin.py:188} INFO - [2024-05-14T01:55:37.768+0000] {dagbag.py:545} INFO - Filling up the DagBag from /home/airflow/.local/lib/python3.12/site-packages/airflow/example_dags/example_short_circuit_operator.py
[2024-05-14T01:55:37.778+0000] {processor.py:840} INFO - DAG(s) 'example_short_circuit_operator' retrieved from /home/airflow/.local/lib/python3.12/site-packages/airflow/example_dags/example_short_circuit_operator.py
[2024-05-14T01:55:37.797+0000] {logging_mixin.py:188} INFO - [2024-05-14T01:55:37.797+0000] {dag.py:3096} INFO - Sync 1 DAGs
[2024-05-14T01:55:37.814+0000] {logging_mixin.py:188} INFO - [2024-05-14T01:55:37.814+0000] {dag.py:3954} INFO - Setting next_dagrun for example_short_circuit_operator to 2024-05-13 00:00:00+00:00, run_after=2024-05-14 00:00:00+00:00
[2024-05-14T01:55:37.824+0000] {processor.py:183} INFO - Processing /home/airflow/.local/lib/python3.12/site-packages/airflow/example_dags/example_short_circuit_operator.py took 0.070 seconds
[2024-05-14T01:56:08.005+0000] {processor.py:161} INFO - Started process (PID=297) to work on /home/airflow/.local/lib/python3.12/site-packages/airflow/example_dags/example_short_circuit_operator.py
[2024-05-14T01:56:08.006+0000] {processor.py:830} INFO - Processing file /home/airflow/.local/lib/python3.12/site-packages/airflow/example_dags/example_short_circuit_operator.py for tasks to queue
[2024-05-14T01:56:08.009+0000] {logging_mixin.py:188} INFO - [2024-05-14T01:56:08.009+0000] {dagbag.py:545} INFO - Filling up the DagBag from /home/airflow/.local/lib/python3.12/site-packages/airflow/example_dags/example_short_circuit_operator.py
[2024-05-14T01:56:08.018+0000] {processor.py:840} INFO - DAG(s) 'example_short_circuit_operator' retrieved from /home/airflow/.local/lib/python3.12/site-packages/airflow/example_dags/example_short_circuit_operator.py
[2024-05-14T01:56:08.037+0000] {logging_mixin.py:188} INFO - [2024-05-14T01:56:08.036+0000] {dag.py:3096} INFO - Sync 1 DAGs
[2024-05-14T01:56:08.050+0000] {logging_mixin.py:188} INFO - [2024-05-14T01:56:08.049+0000] {dag.py:3954} INFO - Setting next_dagrun for example_short_circuit_operator to 2024-05-13 00:00:00+00:00, run_after=2024-05-14 00:00:00+00:00
[2024-05-14T01:56:08.059+0000] {processor.py:183} INFO - Processing /home/airflow/.local/lib/python3.12/site-packages/airflow/example_dags/example_short_circuit_operator.py took 0.063 seconds
[2024-05-14T01:56:38.154+0000] {processor.py:161} INFO - Started process (PID=355) to work on /home/airflow/.local/lib/python3.12/site-packages/airflow/example_dags/example_short_circuit_operator.py
[2024-05-14T01:56:38.156+0000] {processor.py:830} INFO - Processing file /home/airflow/.local/lib/python3.12/site-packages/airflow/example_dags/example_short_circuit_operator.py for tasks to queue
[2024-05-14T01:56:38.158+0000] {logging_mixin.py:188} INFO - [2024-05-14T01:56:38.158+0000] {dagbag.py:545} INFO - Filling up the DagBag from /home/airflow/.local/lib/python3.12/site-packages/airflow/example_dags/example_short_circuit_operator.py
[2024-05-14T01:56:38.168+0000] {processor.py:840} INFO - DAG(s) 'example_short_circuit_operator' retrieved from /home/airflow/.local/lib/python3.12/site-packages/airflow/example_dags/example_short_circuit_operator.py
[2024-05-14T01:56:38.188+0000] {logging_mixin.py:188} INFO - [2024-05-14T01:56:38.188+0000] {dag.py:3096} INFO - Sync 1 DAGs
[2024-05-14T01:56:38.202+0000] {logging_mixin.py:188} INFO - [2024-05-14T01:56:38.202+0000] {dag.py:3954} INFO - Setting next_dagrun for example_short_circuit_operator to 2024-05-13 00:00:00+00:00, run_after=2024-05-14 00:00:00+00:00
[2024-05-14T01:56:38.211+0000] {processor.py:183} INFO - Processing /home/airflow/.local/lib/python3.12/site-packages/airflow/example_dags/example_short_circuit_operator.py took 0.067 seconds
[2024-05-14T01:57:09.186+0000] {processor.py:161} INFO - Started process (PID=414) to work on /home/airflow/.local/lib/python3.12/site-packages/airflow/example_dags/example_short_circuit_operator.py
[2024-05-14T01:57:09.188+0000] {processor.py:830} INFO - Processing file /home/airflow/.local/lib/python3.12/site-packages/airflow/example_dags/example_short_circuit_operator.py for tasks to queue
[2024-05-14T01:57:09.190+0000] {logging_mixin.py:188} INFO - [2024-05-14T01:57:09.190+0000] {dagbag.py:545} INFO - Filling up the DagBag from /home/airflow/.local/lib/python3.12/site-packages/airflow/example_dags/example_short_circuit_operator.py
[2024-05-14T01:57:09.199+0000] {processor.py:840} INFO - DAG(s) 'example_short_circuit_operator' retrieved from /home/airflow/.local/lib/python3.12/site-packages/airflow/example_dags/example_short_circuit_operator.py
[2024-05-14T01:57:09.219+0000] {logging_mixin.py:188} INFO - [2024-05-14T01:57:09.219+0000] {dag.py:3096} INFO - Sync 1 DAGs
[2024-05-14T01:57:09.233+0000] {logging_mixin.py:188} INFO - [2024-05-14T01:57:09.233+0000] {dag.py:3954} INFO - Setting next_dagrun for example_short_circuit_operator to 2024-05-13 00:00:00+00:00, run_after=2024-05-14 00:00:00+00:00
[2024-05-14T01:57:09.243+0000] {processor.py:183} INFO - Processing /home/airflow/.local/lib/python3.12/site-packages/airflow/example_dags/example_short_circuit_operator.py took 0.066 seconds
[2024-05-14T01:57:39.977+0000] {processor.py:161} INFO - Started process (PID=473) to work on /home/airflow/.local/lib/python3.12/site-packages/airflow/example_dags/example_short_circuit_operator.py
[2024-05-14T01:57:39.978+0000] {processor.py:830} INFO - Processing file /home/airflow/.local/lib/python3.12/site-packages/airflow/example_dags/example_short_circuit_operator.py for tasks to queue
[2024-05-14T01:57:39.980+0000] {logging_mixin.py:188} INFO - [2024-05-14T01:57:39.980+0000] {dagbag.py:545} INFO - Filling up the DagBag from /home/airflow/.local/lib/python3.12/site-packages/airflow/example_dags/example_short_circuit_operator.py
[2024-05-14T01:57:39.986+0000] {processor.py:840} INFO - DAG(s) 'example_short_circuit_operator' retrieved from /home/airflow/.local/lib/python3.12/site-packages/airflow/example_dags/example_short_circuit_operator.py
[2024-05-14T01:57:40.002+0000] {logging_mixin.py:188} INFO - [2024-05-14T01:57:40.002+0000] {dag.py:3096} INFO - Sync 1 DAGs
[2024-05-14T01:57:40.014+0000] {logging_mixin.py:188} INFO - [2024-05-14T01:57:40.014+0000] {dag.py:3954} INFO - Setting next_dagrun for example_short_circuit_operator to 2024-05-13 00:00:00+00:00, run_after=2024-05-14 00:00:00+00:00
[2024-05-14T01:57:40.025+0000] {processor.py:183} INFO - Processing /home/airflow/.local/lib/python3.12/site-packages/airflow/example_dags/example_short_circuit_operator.py took 0.054 seconds
[2024-05-14T01:58:10.637+0000] {processor.py:161} INFO - Started process (PID=532) to work on /home/airflow/.local/lib/python3.12/site-packages/airflow/example_dags/example_short_circuit_operator.py
[2024-05-14T01:58:10.638+0000] {processor.py:830} INFO - Processing file /home/airflow/.local/lib/python3.12/site-packages/airflow/example_dags/example_short_circuit_operator.py for tasks to queue
[2024-05-14T01:58:10.641+0000] {logging_mixin.py:188} INFO - [2024-05-14T01:58:10.640+0000] {dagbag.py:545} INFO - Filling up the DagBag from /home/airflow/.local/lib/python3.12/site-packages/airflow/example_dags/example_short_circuit_operator.py
[2024-05-14T01:58:10.649+0000] {processor.py:840} INFO - DAG(s) 'example_short_circuit_operator' retrieved from /home/airflow/.local/lib/python3.12/site-packages/airflow/example_dags/example_short_circuit_operator.py
[2024-05-14T01:58:10.669+0000] {logging_mixin.py:188} INFO - [2024-05-14T01:58:10.669+0000] {dag.py:3096} INFO - Sync 1 DAGs
[2024-05-14T01:58:10.685+0000] {logging_mixin.py:188} INFO - [2024-05-14T01:58:10.685+0000] {dag.py:3954} INFO - Setting next_dagrun for example_short_circuit_operator to 2024-05-13 00:00:00+00:00, run_after=2024-05-14 00:00:00+00:00
[2024-05-14T01:58:10.695+0000] {processor.py:183} INFO - Processing /home/airflow/.local/lib/python3.12/site-packages/airflow/example_dags/example_short_circuit_operator.py took 0.068 seconds
[2024-05-14T01:58:41.424+0000] {processor.py:161} INFO - Started process (PID=590) to work on /home/airflow/.local/lib/python3.12/site-packages/airflow/example_dags/example_short_circuit_operator.py
[2024-05-14T01:58:41.425+0000] {processor.py:830} INFO - Processing file /home/airflow/.local/lib/python3.12/site-packages/airflow/example_dags/example_short_circuit_operator.py for tasks to queue
[2024-05-14T01:58:41.427+0000] {logging_mixin.py:188} INFO - [2024-05-14T01:58:41.427+0000] {dagbag.py:545} INFO - Filling up the DagBag from /home/airflow/.local/lib/python3.12/site-packages/airflow/example_dags/example_short_circuit_operator.py
[2024-05-14T01:58:41.435+0000] {processor.py:840} INFO - DAG(s) 'example_short_circuit_operator' retrieved from /home/airflow/.local/lib/python3.12/site-packages/airflow/example_dags/example_short_circuit_operator.py
[2024-05-14T01:58:41.452+0000] {logging_mixin.py:188} INFO - [2024-05-14T01:58:41.452+0000] {dag.py:3096} INFO - Sync 1 DAGs
[2024-05-14T01:58:41.465+0000] {logging_mixin.py:188} INFO - [2024-05-14T01:58:41.465+0000] {dag.py:3954} INFO - Setting next_dagrun for example_short_circuit_operator to 2024-05-13 00:00:00+00:00, run_after=2024-05-14 00:00:00+00:00
[2024-05-14T01:58:41.475+0000] {processor.py:183} INFO - Processing /home/airflow/.local/lib/python3.12/site-packages/airflow/example_dags/example_short_circuit_operator.py took 0.060 seconds
[2024-05-14T01:59:12.316+0000] {processor.py:161} INFO - Started process (PID=649) to work on /home/airflow/.local/lib/python3.12/site-packages/airflow/example_dags/example_short_circuit_operator.py
[2024-05-14T01:59:12.318+0000] {processor.py:830} INFO - Processing file /home/airflow/.local/lib/python3.12/site-packages/airflow/example_dags/example_short_circuit_operator.py for tasks to queue
[2024-05-14T01:59:12.321+0000] {logging_mixin.py:188} INFO - [2024-05-14T01:59:12.320+0000] {dagbag.py:545} INFO - Filling up the DagBag from /home/airflow/.local/lib/python3.12/site-packages/airflow/example_dags/example_short_circuit_operator.py
[2024-05-14T01:59:12.327+0000] {processor.py:840} INFO - DAG(s) 'example_short_circuit_operator' retrieved from /home/airflow/.local/lib/python3.12/site-packages/airflow/example_dags/example_short_circuit_operator.py
[2024-05-14T01:59:12.344+0000] {logging_mixin.py:188} INFO - [2024-05-14T01:59:12.344+0000] {dag.py:3096} INFO - Sync 1 DAGs
[2024-05-14T01:59:12.357+0000] {logging_mixin.py:188} INFO - [2024-05-14T01:59:12.356+0000] {dag.py:3954} INFO - Setting next_dagrun for example_short_circuit_operator to 2024-05-13 00:00:00+00:00, run_after=2024-05-14 00:00:00+00:00
[2024-05-14T01:59:12.366+0000] {processor.py:183} INFO - Processing /home/airflow/.local/lib/python3.12/site-packages/airflow/example_dags/example_short_circuit_operator.py took 0.057 seconds
[2024-05-14T01:59:43.115+0000] {processor.py:161} INFO - Started process (PID=708) to work on /home/airflow/.local/lib/python3.12/site-packages/airflow/example_dags/example_short_circuit_operator.py
[2024-05-14T01:59:43.119+0000] {processor.py:830} INFO - Processing file /home/airflow/.local/lib/python3.12/site-packages/airflow/example_dags/example_short_circuit_operator.py for tasks to queue
[2024-05-14T01:59:43.122+0000] {logging_mixin.py:188} INFO - [2024-05-14T01:59:43.121+0000] {dagbag.py:545} INFO - Filling up the DagBag from /home/airflow/.local/lib/python3.12/site-packages/airflow/example_dags/example_short_circuit_operator.py
[2024-05-14T01:59:43.128+0000] {processor.py:840} INFO - DAG(s) 'example_short_circuit_operator' retrieved from /home/airflow/.local/lib/python3.12/site-packages/airflow/example_dags/example_short_circuit_operator.py
[2024-05-14T01:59:43.144+0000] {logging_mixin.py:188} INFO - [2024-05-14T01:59:43.144+0000] {dag.py:3096} INFO - Sync 1 DAGs
[2024-05-14T01:59:43.158+0000] {logging_mixin.py:188} INFO - [2024-05-14T01:59:43.157+0000] {dag.py:3954} INFO - Setting next_dagrun for example_short_circuit_operator to 2024-05-13 00:00:00+00:00, run_after=2024-05-14 00:00:00+00:00
[2024-05-14T01:59:43.167+0000] {processor.py:183} INFO - Processing /home/airflow/.local/lib/python3.12/site-packages/airflow/example_dags/example_short_circuit_operator.py took 0.060 seconds
[2024-05-14T02:00:13.841+0000] {processor.py:161} INFO - Started process (PID=767) to work on /home/airflow/.local/lib/python3.12/site-packages/airflow/example_dags/example_short_circuit_operator.py
[2024-05-14T02:00:13.843+0000] {processor.py:830} INFO - Processing file /home/airflow/.local/lib/python3.12/site-packages/airflow/example_dags/example_short_circuit_operator.py for tasks to queue
[2024-05-14T02:00:13.846+0000] {logging_mixin.py:188} INFO - [2024-05-14T02:00:13.846+0000] {dagbag.py:545} INFO - Filling up the DagBag from /home/airflow/.local/lib/python3.12/site-packages/airflow/example_dags/example_short_circuit_operator.py
[2024-05-14T02:00:13.855+0000] {processor.py:840} INFO - DAG(s) 'example_short_circuit_operator' retrieved from /home/airflow/.local/lib/python3.12/site-packages/airflow/example_dags/example_short_circuit_operator.py
[2024-05-14T02:00:13.876+0000] {logging_mixin.py:188} INFO - [2024-05-14T02:00:13.876+0000] {dag.py:3096} INFO - Sync 1 DAGs
[2024-05-14T02:00:13.890+0000] {logging_mixin.py:188} INFO - [2024-05-14T02:00:13.890+0000] {dag.py:3954} INFO - Setting next_dagrun for example_short_circuit_operator to 2024-05-13 00:00:00+00:00, run_after=2024-05-14 00:00:00+00:00
[2024-05-14T02:00:13.901+0000] {processor.py:183} INFO - Processing /home/airflow/.local/lib/python3.12/site-packages/airflow/example_dags/example_short_circuit_operator.py took 0.067 seconds
[2024-05-14T02:00:44.755+0000] {processor.py:161} INFO - Started process (PID=826) to work on /home/airflow/.local/lib/python3.12/site-packages/airflow/example_dags/example_short_circuit_operator.py
[2024-05-14T02:00:44.756+0000] {processor.py:830} INFO - Processing file /home/airflow/.local/lib/python3.12/site-packages/airflow/example_dags/example_short_circuit_operator.py for tasks to queue
[2024-05-14T02:00:44.758+0000] {logging_mixin.py:188} INFO - [2024-05-14T02:00:44.758+0000] {dagbag.py:545} INFO - Filling up the DagBag from /home/airflow/.local/lib/python3.12/site-packages/airflow/example_dags/example_short_circuit_operator.py
[2024-05-14T02:00:44.765+0000] {processor.py:840} INFO - DAG(s) 'example_short_circuit_operator' retrieved from /home/airflow/.local/lib/python3.12/site-packages/airflow/example_dags/example_short_circuit_operator.py
[2024-05-14T02:00:44.785+0000] {logging_mixin.py:188} INFO - [2024-05-14T02:00:44.785+0000] {dag.py:3096} INFO - Sync 1 DAGs
[2024-05-14T02:00:44.797+0000] {logging_mixin.py:188} INFO - [2024-05-14T02:00:44.797+0000] {dag.py:3954} INFO - Setting next_dagrun for example_short_circuit_operator to 2024-05-13 00:00:00+00:00, run_after=2024-05-14 00:00:00+00:00
[2024-05-14T02:00:44.807+0000] {processor.py:183} INFO - Processing /home/airflow/.local/lib/python3.12/site-packages/airflow/example_dags/example_short_circuit_operator.py took 0.059 seconds
[2024-05-14T02:01:14.845+0000] {processor.py:161} INFO - Started process (PID=885) to work on /home/airflow/.local/lib/python3.12/site-packages/airflow/example_dags/example_short_circuit_operator.py
[2024-05-14T02:01:14.846+0000] {processor.py:830} INFO - Processing file /home/airflow/.local/lib/python3.12/site-packages/airflow/example_dags/example_short_circuit_operator.py for tasks to queue
[2024-05-14T02:01:14.849+0000] {logging_mixin.py:188} INFO - [2024-05-14T02:01:14.848+0000] {dagbag.py:545} INFO - Filling up the DagBag from /home/airflow/.local/lib/python3.12/site-packages/airflow/example_dags/example_short_circuit_operator.py
[2024-05-14T02:01:14.857+0000] {processor.py:840} INFO - DAG(s) 'example_short_circuit_operator' retrieved from /home/airflow/.local/lib/python3.12/site-packages/airflow/example_dags/example_short_circuit_operator.py
[2024-05-14T02:01:14.878+0000] {logging_mixin.py:188} INFO - [2024-05-14T02:01:14.878+0000] {dag.py:3096} INFO - Sync 1 DAGs
[2024-05-14T02:01:14.892+0000] {logging_mixin.py:188} INFO - [2024-05-14T02:01:14.892+0000] {dag.py:3954} INFO - Setting next_dagrun for example_short_circuit_operator to 2024-05-13 00:00:00+00:00, run_after=2024-05-14 00:00:00+00:00
[2024-05-14T02:01:14.903+0000] {processor.py:183} INFO - Processing /home/airflow/.local/lib/python3.12/site-packages/airflow/example_dags/example_short_circuit_operator.py took 0.067 seconds
[2024-05-14T02:01:44.962+0000] {processor.py:161} INFO - Started process (PID=944) to work on /home/airflow/.local/lib/python3.12/site-packages/airflow/example_dags/example_short_circuit_operator.py
[2024-05-14T02:01:44.962+0000] {processor.py:830} INFO - Processing file /home/airflow/.local/lib/python3.12/site-packages/airflow/example_dags/example_short_circuit_operator.py for tasks to queue
[2024-05-14T02:01:44.963+0000] {logging_mixin.py:188} INFO - [2024-05-14T02:01:44.963+0000] {dagbag.py:545} INFO - Filling up the DagBag from /home/airflow/.local/lib/python3.12/site-packages/airflow/example_dags/example_short_circuit_operator.py
[2024-05-14T02:01:44.967+0000] {processor.py:840} INFO - DAG(s) 'example_short_circuit_operator' retrieved from /home/airflow/.local/lib/python3.12/site-packages/airflow/example_dags/example_short_circuit_operator.py
[2024-05-14T02:01:44.977+0000] {logging_mixin.py:188} INFO - [2024-05-14T02:01:44.977+0000] {dag.py:3096} INFO - Sync 1 DAGs
[2024-05-14T02:01:44.986+0000] {logging_mixin.py:188} INFO - [2024-05-14T02:01:44.986+0000] {dag.py:3954} INFO - Setting next_dagrun for example_short_circuit_operator to 2024-05-13 00:00:00+00:00, run_after=2024-05-14 00:00:00+00:00
[2024-05-14T02:01:44.993+0000] {processor.py:183} INFO - Processing /home/airflow/.local/lib/python3.12/site-packages/airflow/example_dags/example_short_circuit_operator.py took 0.034 seconds
[2024-05-14T02:02:15.293+0000] {processor.py:161} INFO - Started process (PID=1003) to work on /home/airflow/.local/lib/python3.12/site-packages/airflow/example_dags/example_short_circuit_operator.py
[2024-05-14T02:02:15.294+0000] {processor.py:830} INFO - Processing file /home/airflow/.local/lib/python3.12/site-packages/airflow/example_dags/example_short_circuit_operator.py for tasks to queue
[2024-05-14T02:02:15.295+0000] {logging_mixin.py:188} INFO - [2024-05-14T02:02:15.295+0000] {dagbag.py:545} INFO - Filling up the DagBag from /home/airflow/.local/lib/python3.12/site-packages/airflow/example_dags/example_short_circuit_operator.py
[2024-05-14T02:02:15.300+0000] {processor.py:840} INFO - DAG(s) 'example_short_circuit_operator' retrieved from /home/airflow/.local/lib/python3.12/site-packages/airflow/example_dags/example_short_circuit_operator.py
[2024-05-14T02:02:15.312+0000] {logging_mixin.py:188} INFO - [2024-05-14T02:02:15.312+0000] {dag.py:3096} INFO - Sync 1 DAGs
[2024-05-14T02:02:15.322+0000] {logging_mixin.py:188} INFO - [2024-05-14T02:02:15.322+0000] {dag.py:3954} INFO - Setting next_dagrun for example_short_circuit_operator to 2024-05-13 00:00:00+00:00, run_after=2024-05-14 00:00:00+00:00
[2024-05-14T02:02:15.331+0000] {processor.py:183} INFO - Processing /home/airflow/.local/lib/python3.12/site-packages/airflow/example_dags/example_short_circuit_operator.py took 0.042 seconds
[2024-05-14T02:02:45.452+0000] {processor.py:161} INFO - Started process (PID=1062) to work on /home/airflow/.local/lib/python3.12/site-packages/airflow/example_dags/example_short_circuit_operator.py
[2024-05-14T02:02:45.452+0000] {processor.py:830} INFO - Processing file /home/airflow/.local/lib/python3.12/site-packages/airflow/example_dags/example_short_circuit_operator.py for tasks to queue
[2024-05-14T02:02:45.453+0000] {logging_mixin.py:188} INFO - [2024-05-14T02:02:45.453+0000] {dagbag.py:545} INFO - Filling up the DagBag from /home/airflow/.local/lib/python3.12/site-packages/airflow/example_dags/example_short_circuit_operator.py
[2024-05-14T02:02:45.458+0000] {processor.py:840} INFO - DAG(s) 'example_short_circuit_operator' retrieved from /home/airflow/.local/lib/python3.12/site-packages/airflow/example_dags/example_short_circuit_operator.py
[2024-05-14T02:02:45.469+0000] {logging_mixin.py:188} INFO - [2024-05-14T02:02:45.469+0000] {dag.py:3096} INFO - Sync 1 DAGs
[2024-05-14T02:02:45.480+0000] {logging_mixin.py:188} INFO - [2024-05-14T02:02:45.480+0000] {dag.py:3954} INFO - Setting next_dagrun for example_short_circuit_operator to 2024-05-13 00:00:00+00:00, run_after=2024-05-14 00:00:00+00:00
[2024-05-14T02:02:45.489+0000] {processor.py:183} INFO - Processing /home/airflow/.local/lib/python3.12/site-packages/airflow/example_dags/example_short_circuit_operator.py took 0.041 seconds
[2024-05-14T02:03:15.534+0000] {processor.py:161} INFO - Started process (PID=1121) to work on /home/airflow/.local/lib/python3.12/site-packages/airflow/example_dags/example_short_circuit_operator.py
[2024-05-14T02:03:15.535+0000] {processor.py:830} INFO - Processing file /home/airflow/.local/lib/python3.12/site-packages/airflow/example_dags/example_short_circuit_operator.py for tasks to queue
[2024-05-14T02:03:15.536+0000] {logging_mixin.py:188} INFO - [2024-05-14T02:03:15.536+0000] {dagbag.py:545} INFO - Filling up the DagBag from /home/airflow/.local/lib/python3.12/site-packages/airflow/example_dags/example_short_circuit_operator.py
[2024-05-14T02:03:15.540+0000] {processor.py:840} INFO - DAG(s) 'example_short_circuit_operator' retrieved from /home/airflow/.local/lib/python3.12/site-packages/airflow/example_dags/example_short_circuit_operator.py
[2024-05-14T02:03:15.550+0000] {logging_mixin.py:188} INFO - [2024-05-14T02:03:15.550+0000] {dag.py:3096} INFO - Sync 1 DAGs
[2024-05-14T02:03:15.559+0000] {logging_mixin.py:188} INFO - [2024-05-14T02:03:15.559+0000] {dag.py:3954} INFO - Setting next_dagrun for example_short_circuit_operator to 2024-05-13 00:00:00+00:00, run_after=2024-05-14 00:00:00+00:00
[2024-05-14T02:03:15.567+0000] {processor.py:183} INFO - Processing /home/airflow/.local/lib/python3.12/site-packages/airflow/example_dags/example_short_circuit_operator.py took 0.035 seconds
[2024-05-14T02:03:46.346+0000] {processor.py:161} INFO - Started process (PID=1180) to work on /home/airflow/.local/lib/python3.12/site-packages/airflow/example_dags/example_short_circuit_operator.py
[2024-05-14T02:03:46.347+0000] {processor.py:830} INFO - Processing file /home/airflow/.local/lib/python3.12/site-packages/airflow/example_dags/example_short_circuit_operator.py for tasks to queue
[2024-05-14T02:03:46.348+0000] {logging_mixin.py:188} INFO - [2024-05-14T02:03:46.348+0000] {dagbag.py:545} INFO - Filling up the DagBag from /home/airflow/.local/lib/python3.12/site-packages/airflow/example_dags/example_short_circuit_operator.py
[2024-05-14T02:03:46.352+0000] {processor.py:840} INFO - DAG(s) 'example_short_circuit_operator' retrieved from /home/airflow/.local/lib/python3.12/site-packages/airflow/example_dags/example_short_circuit_operator.py
[2024-05-14T02:03:46.364+0000] {logging_mixin.py:188} INFO - [2024-05-14T02:03:46.364+0000] {dag.py:3096} INFO - Sync 1 DAGs
[2024-05-14T02:03:46.375+0000] {logging_mixin.py:188} INFO - [2024-05-14T02:03:46.375+0000] {dag.py:3954} INFO - Setting next_dagrun for example_short_circuit_operator to 2024-05-13 00:00:00+00:00, run_after=2024-05-14 00:00:00+00:00
[2024-05-14T02:03:46.384+0000] {processor.py:183} INFO - Processing /home/airflow/.local/lib/python3.12/site-packages/airflow/example_dags/example_short_circuit_operator.py took 0.041 seconds
[2024-05-14T02:04:16.417+0000] {processor.py:161} INFO - Started process (PID=1238) to work on /home/airflow/.local/lib/python3.12/site-packages/airflow/example_dags/example_short_circuit_operator.py
[2024-05-14T02:04:16.418+0000] {processor.py:830} INFO - Processing file /home/airflow/.local/lib/python3.12/site-packages/airflow/example_dags/example_short_circuit_operator.py for tasks to queue
[2024-05-14T02:04:16.421+0000] {logging_mixin.py:188} INFO - [2024-05-14T02:04:16.421+0000] {dagbag.py:545} INFO - Filling up the DagBag from /home/airflow/.local/lib/python3.12/site-packages/airflow/example_dags/example_short_circuit_operator.py
[2024-05-14T02:04:16.425+0000] {processor.py:840} INFO - DAG(s) 'example_short_circuit_operator' retrieved from /home/airflow/.local/lib/python3.12/site-packages/airflow/example_dags/example_short_circuit_operator.py
[2024-05-14T02:04:16.437+0000] {logging_mixin.py:188} INFO - [2024-05-14T02:04:16.437+0000] {dag.py:3096} INFO - Sync 1 DAGs
[2024-05-14T02:04:16.448+0000] {logging_mixin.py:188} INFO - [2024-05-14T02:04:16.448+0000] {dag.py:3954} INFO - Setting next_dagrun for example_short_circuit_operator to 2024-05-13 00:00:00+00:00, run_after=2024-05-14 00:00:00+00:00
[2024-05-14T02:04:16.457+0000] {processor.py:183} INFO - Processing /home/airflow/.local/lib/python3.12/site-packages/airflow/example_dags/example_short_circuit_operator.py took 0.042 seconds
[2024-05-14T02:04:46.571+0000] {processor.py:161} INFO - Started process (PID=1297) to work on /home/airflow/.local/lib/python3.12/site-packages/airflow/example_dags/example_short_circuit_operator.py
[2024-05-14T02:04:46.572+0000] {processor.py:830} INFO - Processing file /home/airflow/.local/lib/python3.12/site-packages/airflow/example_dags/example_short_circuit_operator.py for tasks to queue
[2024-05-14T02:04:46.573+0000] {logging_mixin.py:188} INFO - [2024-05-14T02:04:46.572+0000] {dagbag.py:545} INFO - Filling up the DagBag from /home/airflow/.local/lib/python3.12/site-packages/airflow/example_dags/example_short_circuit_operator.py
[2024-05-14T02:04:46.577+0000] {processor.py:840} INFO - DAG(s) 'example_short_circuit_operator' retrieved from /home/airflow/.local/lib/python3.12/site-packages/airflow/example_dags/example_short_circuit_operator.py
[2024-05-14T02:04:46.588+0000] {logging_mixin.py:188} INFO - [2024-05-14T02:04:46.588+0000] {dag.py:3096} INFO - Sync 1 DAGs
[2024-05-14T02:04:46.598+0000] {logging_mixin.py:188} INFO - [2024-05-14T02:04:46.598+0000] {dag.py:3954} INFO - Setting next_dagrun for example_short_circuit_operator to 2024-05-13 00:00:00+00:00, run_after=2024-05-14 00:00:00+00:00
[2024-05-14T02:04:46.607+0000] {processor.py:183} INFO - Processing /home/airflow/.local/lib/python3.12/site-packages/airflow/example_dags/example_short_circuit_operator.py took 0.039 seconds
[2024-05-14T02:05:16.668+0000] {processor.py:161} INFO - Started process (PID=1356) to work on /home/airflow/.local/lib/python3.12/site-packages/airflow/example_dags/example_short_circuit_operator.py
[2024-05-14T02:05:16.668+0000] {processor.py:830} INFO - Processing file /home/airflow/.local/lib/python3.12/site-packages/airflow/example_dags/example_short_circuit_operator.py for tasks to queue
[2024-05-14T02:05:16.669+0000] {logging_mixin.py:188} INFO - [2024-05-14T02:05:16.669+0000] {dagbag.py:545} INFO - Filling up the DagBag from /home/airflow/.local/lib/python3.12/site-packages/airflow/example_dags/example_short_circuit_operator.py
[2024-05-14T02:05:16.673+0000] {processor.py:840} INFO - DAG(s) 'example_short_circuit_operator' retrieved from /home/airflow/.local/lib/python3.12/site-packages/airflow/example_dags/example_short_circuit_operator.py
[2024-05-14T02:05:16.684+0000] {logging_mixin.py:188} INFO - [2024-05-14T02:05:16.684+0000] {dag.py:3096} INFO - Sync 1 DAGs
[2024-05-14T02:05:16.695+0000] {logging_mixin.py:188} INFO - [2024-05-14T02:05:16.695+0000] {dag.py:3954} INFO - Setting next_dagrun for example_short_circuit_operator to 2024-05-13 00:00:00+00:00, run_after=2024-05-14 00:00:00+00:00
[2024-05-14T02:05:16.704+0000] {processor.py:183} INFO - Processing /home/airflow/.local/lib/python3.12/site-packages/airflow/example_dags/example_short_circuit_operator.py took 0.039 seconds
[2024-05-14T02:05:47.495+0000] {processor.py:161} INFO - Started process (PID=1415) to work on /home/airflow/.local/lib/python3.12/site-packages/airflow/example_dags/example_short_circuit_operator.py
[2024-05-14T02:05:47.496+0000] {processor.py:830} INFO - Processing file /home/airflow/.local/lib/python3.12/site-packages/airflow/example_dags/example_short_circuit_operator.py for tasks to queue
[2024-05-14T02:05:47.497+0000] {logging_mixin.py:188} INFO - [2024-05-14T02:05:47.496+0000] {dagbag.py:545} INFO - Filling up the DagBag from /home/airflow/.local/lib/python3.12/site-packages/airflow/example_dags/example_short_circuit_operator.py
[2024-05-14T02:05:47.501+0000] {processor.py:840} INFO - DAG(s) 'example_short_circuit_operator' retrieved from /home/airflow/.local/lib/python3.12/site-packages/airflow/example_dags/example_short_circuit_operator.py
[2024-05-14T02:05:47.513+0000] {logging_mixin.py:188} INFO - [2024-05-14T02:05:47.513+0000] {dag.py:3096} INFO - Sync 1 DAGs
[2024-05-14T02:05:47.525+0000] {logging_mixin.py:188} INFO - [2024-05-14T02:05:47.525+0000] {dag.py:3954} INFO - Setting next_dagrun for example_short_circuit_operator to 2024-05-13 00:00:00+00:00, run_after=2024-05-14 00:00:00+00:00
[2024-05-14T02:05:47.535+0000] {processor.py:183} INFO - Processing /home/airflow/.local/lib/python3.12/site-packages/airflow/example_dags/example_short_circuit_operator.py took 0.044 seconds
[2024-05-14T02:06:17.579+0000] {processor.py:161} INFO - Started process (PID=1474) to work on /home/airflow/.local/lib/python3.12/site-packages/airflow/example_dags/example_short_circuit_operator.py
[2024-05-14T02:06:17.579+0000] {processor.py:830} INFO - Processing file /home/airflow/.local/lib/python3.12/site-packages/airflow/example_dags/example_short_circuit_operator.py for tasks to queue
[2024-05-14T02:06:17.580+0000] {logging_mixin.py:188} INFO - [2024-05-14T02:06:17.580+0000] {dagbag.py:545} INFO - Filling up the DagBag from /home/airflow/.local/lib/python3.12/site-packages/airflow/example_dags/example_short_circuit_operator.py
[2024-05-14T02:06:17.584+0000] {processor.py:840} INFO - DAG(s) 'example_short_circuit_operator' retrieved from /home/airflow/.local/lib/python3.12/site-packages/airflow/example_dags/example_short_circuit_operator.py
[2024-05-14T02:06:17.595+0000] {logging_mixin.py:188} INFO - [2024-05-14T02:06:17.595+0000] {dag.py:3096} INFO - Sync 1 DAGs
[2024-05-14T02:06:17.605+0000] {logging_mixin.py:188} INFO - [2024-05-14T02:06:17.605+0000] {dag.py:3954} INFO - Setting next_dagrun for example_short_circuit_operator to 2024-05-13 00:00:00+00:00, run_after=2024-05-14 00:00:00+00:00
[2024-05-14T02:06:17.614+0000] {processor.py:183} INFO - Processing /home/airflow/.local/lib/python3.12/site-packages/airflow/example_dags/example_short_circuit_operator.py took 0.038 seconds
[2024-05-14T02:06:47.736+0000] {processor.py:161} INFO - Started process (PID=1533) to work on /home/airflow/.local/lib/python3.12/site-packages/airflow/example_dags/example_short_circuit_operator.py
[2024-05-14T02:06:47.737+0000] {processor.py:830} INFO - Processing file /home/airflow/.local/lib/python3.12/site-packages/airflow/example_dags/example_short_circuit_operator.py for tasks to queue
[2024-05-14T02:06:47.738+0000] {logging_mixin.py:188} INFO - [2024-05-14T02:06:47.738+0000] {dagbag.py:545} INFO - Filling up the DagBag from /home/airflow/.local/lib/python3.12/site-packages/airflow/example_dags/example_short_circuit_operator.py
[2024-05-14T02:06:47.742+0000] {processor.py:840} INFO - DAG(s) 'example_short_circuit_operator' retrieved from /home/airflow/.local/lib/python3.12/site-packages/airflow/example_dags/example_short_circuit_operator.py
[2024-05-14T02:06:47.753+0000] {logging_mixin.py:188} INFO - [2024-05-14T02:06:47.753+0000] {dag.py:3096} INFO - Sync 1 DAGs
[2024-05-14T02:06:47.763+0000] {logging_mixin.py:188} INFO - [2024-05-14T02:06:47.763+0000] {dag.py:3954} INFO - Setting next_dagrun for example_short_circuit_operator to 2024-05-13 00:00:00+00:00, run_after=2024-05-14 00:00:00+00:00
[2024-05-14T02:06:47.772+0000] {processor.py:183} INFO - Processing /home/airflow/.local/lib/python3.12/site-packages/airflow/example_dags/example_short_circuit_operator.py took 0.039 seconds
[2024-05-14T02:07:18.047+0000] {processor.py:161} INFO - Started process (PID=1592) to work on /home/airflow/.local/lib/python3.12/site-packages/airflow/example_dags/example_short_circuit_operator.py
[2024-05-14T02:07:18.049+0000] {processor.py:830} INFO - Processing file /home/airflow/.local/lib/python3.12/site-packages/airflow/example_dags/example_short_circuit_operator.py for tasks to queue
[2024-05-14T02:07:18.050+0000] {logging_mixin.py:188} INFO - [2024-05-14T02:07:18.050+0000] {dagbag.py:545} INFO - Filling up the DagBag from /home/airflow/.local/lib/python3.12/site-packages/airflow/example_dags/example_short_circuit_operator.py
[2024-05-14T02:07:18.054+0000] {processor.py:840} INFO - DAG(s) 'example_short_circuit_operator' retrieved from /home/airflow/.local/lib/python3.12/site-packages/airflow/example_dags/example_short_circuit_operator.py
[2024-05-14T02:07:18.067+0000] {logging_mixin.py:188} INFO - [2024-05-14T02:07:18.067+0000] {dag.py:3096} INFO - Sync 1 DAGs
[2024-05-14T02:07:18.078+0000] {logging_mixin.py:188} INFO - [2024-05-14T02:07:18.078+0000] {dag.py:3954} INFO - Setting next_dagrun for example_short_circuit_operator to 2024-05-13 00:00:00+00:00, run_after=2024-05-14 00:00:00+00:00
[2024-05-14T02:07:18.087+0000] {processor.py:183} INFO - Processing /home/airflow/.local/lib/python3.12/site-packages/airflow/example_dags/example_short_circuit_operator.py took 0.043 seconds
[2024-05-14T02:07:48.345+0000] {processor.py:161} INFO - Started process (PID=1651) to work on /home/airflow/.local/lib/python3.12/site-packages/airflow/example_dags/example_short_circuit_operator.py
[2024-05-14T02:07:48.345+0000] {processor.py:830} INFO - Processing file /home/airflow/.local/lib/python3.12/site-packages/airflow/example_dags/example_short_circuit_operator.py for tasks to queue
[2024-05-14T02:07:48.346+0000] {logging_mixin.py:188} INFO - [2024-05-14T02:07:48.346+0000] {dagbag.py:545} INFO - Filling up the DagBag from /home/airflow/.local/lib/python3.12/site-packages/airflow/example_dags/example_short_circuit_operator.py
[2024-05-14T02:07:48.350+0000] {processor.py:840} INFO - DAG(s) 'example_short_circuit_operator' retrieved from /home/airflow/.local/lib/python3.12/site-packages/airflow/example_dags/example_short_circuit_operator.py
[2024-05-14T02:07:48.362+0000] {logging_mixin.py:188} INFO - [2024-05-14T02:07:48.362+0000] {dag.py:3096} INFO - Sync 1 DAGs
[2024-05-14T02:07:48.373+0000] {logging_mixin.py:188} INFO - [2024-05-14T02:07:48.373+0000] {dag.py:3954} INFO - Setting next_dagrun for example_short_circuit_operator to 2024-05-13 00:00:00+00:00, run_after=2024-05-14 00:00:00+00:00
[2024-05-14T02:07:48.381+0000] {processor.py:183} INFO - Processing /home/airflow/.local/lib/python3.12/site-packages/airflow/example_dags/example_short_circuit_operator.py took 0.040 seconds
[2024-05-14T02:08:19.413+0000] {processor.py:161} INFO - Started process (PID=1710) to work on /home/airflow/.local/lib/python3.12/site-packages/airflow/example_dags/example_short_circuit_operator.py
[2024-05-14T02:08:19.414+0000] {processor.py:830} INFO - Processing file /home/airflow/.local/lib/python3.12/site-packages/airflow/example_dags/example_short_circuit_operator.py for tasks to queue
[2024-05-14T02:08:19.415+0000] {logging_mixin.py:188} INFO - [2024-05-14T02:08:19.415+0000] {dagbag.py:545} INFO - Filling up the DagBag from /home/airflow/.local/lib/python3.12/site-packages/airflow/example_dags/example_short_circuit_operator.py
[2024-05-14T02:08:19.418+0000] {processor.py:840} INFO - DAG(s) 'example_short_circuit_operator' retrieved from /home/airflow/.local/lib/python3.12/site-packages/airflow/example_dags/example_short_circuit_operator.py
[2024-05-14T02:08:19.429+0000] {logging_mixin.py:188} INFO - [2024-05-14T02:08:19.429+0000] {dag.py:3096} INFO - Sync 1 DAGs
[2024-05-14T02:08:19.439+0000] {logging_mixin.py:188} INFO - [2024-05-14T02:08:19.438+0000] {dag.py:3954} INFO - Setting next_dagrun for example_short_circuit_operator to 2024-05-13 00:00:00+00:00, run_after=2024-05-14 00:00:00+00:00
[2024-05-14T02:08:19.446+0000] {processor.py:183} INFO - Processing /home/airflow/.local/lib/python3.12/site-packages/airflow/example_dags/example_short_circuit_operator.py took 0.035 seconds
[2024-05-14T02:08:49.545+0000] {processor.py:161} INFO - Started process (PID=1769) to work on /home/airflow/.local/lib/python3.12/site-packages/airflow/example_dags/example_short_circuit_operator.py
[2024-05-14T02:08:49.546+0000] {processor.py:830} INFO - Processing file /home/airflow/.local/lib/python3.12/site-packages/airflow/example_dags/example_short_circuit_operator.py for tasks to queue
[2024-05-14T02:08:49.547+0000] {logging_mixin.py:188} INFO - [2024-05-14T02:08:49.547+0000] {dagbag.py:545} INFO - Filling up the DagBag from /home/airflow/.local/lib/python3.12/site-packages/airflow/example_dags/example_short_circuit_operator.py
[2024-05-14T02:08:49.551+0000] {processor.py:840} INFO - DAG(s) 'example_short_circuit_operator' retrieved from /home/airflow/.local/lib/python3.12/site-packages/airflow/example_dags/example_short_circuit_operator.py
[2024-05-14T02:08:49.564+0000] {logging_mixin.py:188} INFO - [2024-05-14T02:08:49.564+0000] {dag.py:3096} INFO - Sync 1 DAGs
[2024-05-14T02:08:49.576+0000] {logging_mixin.py:188} INFO - [2024-05-14T02:08:49.576+0000] {dag.py:3954} INFO - Setting next_dagrun for example_short_circuit_operator to 2024-05-13 00:00:00+00:00, run_after=2024-05-14 00:00:00+00:00
[2024-05-14T02:08:49.587+0000] {processor.py:183} INFO - Processing /home/airflow/.local/lib/python3.12/site-packages/airflow/example_dags/example_short_circuit_operator.py took 0.045 seconds
[2024-05-14T02:09:20.342+0000] {processor.py:161} INFO - Started process (PID=1828) to work on /home/airflow/.local/lib/python3.12/site-packages/airflow/example_dags/example_short_circuit_operator.py
[2024-05-14T02:09:20.343+0000] {processor.py:830} INFO - Processing file /home/airflow/.local/lib/python3.12/site-packages/airflow/example_dags/example_short_circuit_operator.py for tasks to queue
[2024-05-14T02:09:20.344+0000] {logging_mixin.py:188} INFO - [2024-05-14T02:09:20.343+0000] {dagbag.py:545} INFO - Filling up the DagBag from /home/airflow/.local/lib/python3.12/site-packages/airflow/example_dags/example_short_circuit_operator.py
[2024-05-14T02:09:20.347+0000] {processor.py:840} INFO - DAG(s) 'example_short_circuit_operator' retrieved from /home/airflow/.local/lib/python3.12/site-packages/airflow/example_dags/example_short_circuit_operator.py
[2024-05-14T02:09:20.358+0000] {logging_mixin.py:188} INFO - [2024-05-14T02:09:20.358+0000] {dag.py:3096} INFO - Sync 1 DAGs
[2024-05-14T02:09:20.367+0000] {logging_mixin.py:188} INFO - [2024-05-14T02:09:20.367+0000] {dag.py:3954} INFO - Setting next_dagrun for example_short_circuit_operator to 2024-05-13 00:00:00+00:00, run_after=2024-05-14 00:00:00+00:00
[2024-05-14T02:09:20.374+0000] {processor.py:183} INFO - Processing /home/airflow/.local/lib/python3.12/site-packages/airflow/example_dags/example_short_circuit_operator.py took 0.035 seconds
[2024-05-14T02:09:50.700+0000] {processor.py:161} INFO - Started process (PID=1887) to work on /home/airflow/.local/lib/python3.12/site-packages/airflow/example_dags/example_short_circuit_operator.py
[2024-05-14T02:09:50.700+0000] {processor.py:830} INFO - Processing file /home/airflow/.local/lib/python3.12/site-packages/airflow/example_dags/example_short_circuit_operator.py for tasks to queue
[2024-05-14T02:09:50.701+0000] {logging_mixin.py:188} INFO - [2024-05-14T02:09:50.701+0000] {dagbag.py:545} INFO - Filling up the DagBag from /home/airflow/.local/lib/python3.12/site-packages/airflow/example_dags/example_short_circuit_operator.py
[2024-05-14T02:09:50.705+0000] {processor.py:840} INFO - DAG(s) 'example_short_circuit_operator' retrieved from /home/airflow/.local/lib/python3.12/site-packages/airflow/example_dags/example_short_circuit_operator.py
[2024-05-14T02:09:50.715+0000] {logging_mixin.py:188} INFO - [2024-05-14T02:09:50.715+0000] {dag.py:3096} INFO - Sync 1 DAGs
[2024-05-14T02:09:50.725+0000] {logging_mixin.py:188} INFO - [2024-05-14T02:09:50.725+0000] {dag.py:3954} INFO - Setting next_dagrun for example_short_circuit_operator to 2024-05-13 00:00:00+00:00, run_after=2024-05-14 00:00:00+00:00
[2024-05-14T02:09:50.732+0000] {processor.py:183} INFO - Processing /home/airflow/.local/lib/python3.12/site-packages/airflow/example_dags/example_short_circuit_operator.py took 0.036 seconds
[2024-05-14T02:10:21.320+0000] {processor.py:161} INFO - Started process (PID=1946) to work on /home/airflow/.local/lib/python3.12/site-packages/airflow/example_dags/example_short_circuit_operator.py
[2024-05-14T02:10:21.321+0000] {processor.py:830} INFO - Processing file /home/airflow/.local/lib/python3.12/site-packages/airflow/example_dags/example_short_circuit_operator.py for tasks to queue
[2024-05-14T02:10:21.323+0000] {logging_mixin.py:188} INFO - [2024-05-14T02:10:21.322+0000] {dagbag.py:545} INFO - Filling up the DagBag from /home/airflow/.local/lib/python3.12/site-packages/airflow/example_dags/example_short_circuit_operator.py
[2024-05-14T02:10:21.327+0000] {processor.py:840} INFO - DAG(s) 'example_short_circuit_operator' retrieved from /home/airflow/.local/lib/python3.12/site-packages/airflow/example_dags/example_short_circuit_operator.py
[2024-05-14T02:10:21.340+0000] {logging_mixin.py:188} INFO - [2024-05-14T02:10:21.340+0000] {dag.py:3096} INFO - Sync 1 DAGs
[2024-05-14T02:10:21.486+0000] {logging_mixin.py:188} INFO - [2024-05-14T02:10:21.486+0000] {dag.py:3954} INFO - Setting next_dagrun for example_short_circuit_operator to 2024-05-13 00:00:00+00:00, run_after=2024-05-14 00:00:00+00:00
[2024-05-14T02:10:21.499+0000] {processor.py:183} INFO - Processing /home/airflow/.local/lib/python3.12/site-packages/airflow/example_dags/example_short_circuit_operator.py took 0.182 seconds
[2024-05-14T02:10:52.208+0000] {processor.py:161} INFO - Started process (PID=2010) to work on /home/airflow/.local/lib/python3.12/site-packages/airflow/example_dags/example_short_circuit_operator.py
[2024-05-14T02:10:52.209+0000] {processor.py:830} INFO - Processing file /home/airflow/.local/lib/python3.12/site-packages/airflow/example_dags/example_short_circuit_operator.py for tasks to queue
[2024-05-14T02:10:52.210+0000] {logging_mixin.py:188} INFO - [2024-05-14T02:10:52.210+0000] {dagbag.py:545} INFO - Filling up the DagBag from /home/airflow/.local/lib/python3.12/site-packages/airflow/example_dags/example_short_circuit_operator.py
[2024-05-14T02:10:52.215+0000] {processor.py:840} INFO - DAG(s) 'example_short_circuit_operator' retrieved from /home/airflow/.local/lib/python3.12/site-packages/airflow/example_dags/example_short_circuit_operator.py
[2024-05-14T02:10:52.228+0000] {logging_mixin.py:188} INFO - [2024-05-14T02:10:52.228+0000] {dag.py:3096} INFO - Sync 1 DAGs
[2024-05-14T02:10:52.376+0000] {logging_mixin.py:188} INFO - [2024-05-14T02:10:52.375+0000] {dag.py:3954} INFO - Setting next_dagrun for example_short_circuit_operator to 2024-05-13 00:00:00+00:00, run_after=2024-05-14 00:00:00+00:00
[2024-05-14T02:10:52.389+0000] {processor.py:183} INFO - Processing /home/airflow/.local/lib/python3.12/site-packages/airflow/example_dags/example_short_circuit_operator.py took 0.185 seconds
[2024-05-14T02:11:22.475+0000] {processor.py:161} INFO - Started process (PID=2069) to work on /home/airflow/.local/lib/python3.12/site-packages/airflow/example_dags/example_short_circuit_operator.py
[2024-05-14T02:11:22.476+0000] {processor.py:830} INFO - Processing file /home/airflow/.local/lib/python3.12/site-packages/airflow/example_dags/example_short_circuit_operator.py for tasks to queue
[2024-05-14T02:11:22.477+0000] {logging_mixin.py:188} INFO - [2024-05-14T02:11:22.477+0000] {dagbag.py:545} INFO - Filling up the DagBag from /home/airflow/.local/lib/python3.12/site-packages/airflow/example_dags/example_short_circuit_operator.py
[2024-05-14T02:11:22.481+0000] {processor.py:840} INFO - DAG(s) 'example_short_circuit_operator' retrieved from /home/airflow/.local/lib/python3.12/site-packages/airflow/example_dags/example_short_circuit_operator.py
[2024-05-14T02:11:22.492+0000] {logging_mixin.py:188} INFO - [2024-05-14T02:11:22.492+0000] {dag.py:3096} INFO - Sync 1 DAGs
[2024-05-14T02:11:22.503+0000] {logging_mixin.py:188} INFO - [2024-05-14T02:11:22.503+0000] {dag.py:3954} INFO - Setting next_dagrun for example_short_circuit_operator to 2024-05-13 00:00:00+00:00, run_after=2024-05-14 00:00:00+00:00
[2024-05-14T02:11:22.512+0000] {processor.py:183} INFO - Processing /home/airflow/.local/lib/python3.12/site-packages/airflow/example_dags/example_short_circuit_operator.py took 0.039 seconds
[2024-05-14T02:11:52.871+0000] {processor.py:161} INFO - Started process (PID=2127) to work on /home/airflow/.local/lib/python3.12/site-packages/airflow/example_dags/example_short_circuit_operator.py
[2024-05-14T02:11:52.871+0000] {processor.py:830} INFO - Processing file /home/airflow/.local/lib/python3.12/site-packages/airflow/example_dags/example_short_circuit_operator.py for tasks to queue
[2024-05-14T02:11:52.872+0000] {logging_mixin.py:188} INFO - [2024-05-14T02:11:52.872+0000] {dagbag.py:545} INFO - Filling up the DagBag from /home/airflow/.local/lib/python3.12/site-packages/airflow/example_dags/example_short_circuit_operator.py
[2024-05-14T02:11:52.876+0000] {processor.py:840} INFO - DAG(s) 'example_short_circuit_operator' retrieved from /home/airflow/.local/lib/python3.12/site-packages/airflow/example_dags/example_short_circuit_operator.py
[2024-05-14T02:11:52.887+0000] {logging_mixin.py:188} INFO - [2024-05-14T02:11:52.887+0000] {dag.py:3096} INFO - Sync 1 DAGs
[2024-05-14T02:11:52.898+0000] {logging_mixin.py:188} INFO - [2024-05-14T02:11:52.898+0000] {dag.py:3954} INFO - Setting next_dagrun for example_short_circuit_operator to 2024-05-13 00:00:00+00:00, run_after=2024-05-14 00:00:00+00:00
[2024-05-14T02:11:52.907+0000] {processor.py:183} INFO - Processing /home/airflow/.local/lib/python3.12/site-packages/airflow/example_dags/example_short_circuit_operator.py took 0.039 seconds
[2024-05-14T02:12:23.932+0000] {processor.py:161} INFO - Started process (PID=2185) to work on /home/airflow/.local/lib/python3.12/site-packages/airflow/example_dags/example_short_circuit_operator.py
[2024-05-14T02:12:23.933+0000] {processor.py:830} INFO - Processing file /home/airflow/.local/lib/python3.12/site-packages/airflow/example_dags/example_short_circuit_operator.py for tasks to queue
[2024-05-14T02:12:23.934+0000] {logging_mixin.py:188} INFO - [2024-05-14T02:12:23.934+0000] {dagbag.py:545} INFO - Filling up the DagBag from /home/airflow/.local/lib/python3.12/site-packages/airflow/example_dags/example_short_circuit_operator.py
[2024-05-14T02:12:23.938+0000] {processor.py:840} INFO - DAG(s) 'example_short_circuit_operator' retrieved from /home/airflow/.local/lib/python3.12/site-packages/airflow/example_dags/example_short_circuit_operator.py
[2024-05-14T02:12:23.950+0000] {logging_mixin.py:188} INFO - [2024-05-14T02:12:23.950+0000] {dag.py:3096} INFO - Sync 1 DAGs
[2024-05-14T02:12:23.961+0000] {logging_mixin.py:188} INFO - [2024-05-14T02:12:23.960+0000] {dag.py:3954} INFO - Setting next_dagrun for example_short_circuit_operator to 2024-05-13 00:00:00+00:00, run_after=2024-05-14 00:00:00+00:00
[2024-05-14T02:12:23.969+0000] {processor.py:183} INFO - Processing /home/airflow/.local/lib/python3.12/site-packages/airflow/example_dags/example_short_circuit_operator.py took 0.040 seconds
