[2024-05-14T01:54:05.295+0000] {processor.py:161} INFO - Started process (PID=52) to work on /home/airflow/.local/lib/python3.12/site-packages/airflow/example_dags/example_nested_branch_dag.py
[2024-05-14T01:54:05.300+0000] {processor.py:830} INFO - Processing file /home/airflow/.local/lib/python3.12/site-packages/airflow/example_dags/example_nested_branch_dag.py for tasks to queue
[2024-05-14T01:54:05.307+0000] {logging_mixin.py:188} INFO - [2024-05-14T01:54:05.306+0000] {dagbag.py:545} INFO - Filling up the DagBag from /home/airflow/.local/lib/python3.12/site-packages/airflow/example_dags/example_nested_branch_dag.py
[2024-05-14T01:54:05.334+0000] {processor.py:840} INFO - DAG(s) 'example_nested_branch_dag' retrieved from /home/airflow/.local/lib/python3.12/site-packages/airflow/example_dags/example_nested_branch_dag.py
[2024-05-14T01:54:05.354+0000] {logging_mixin.py:188} INFO - [2024-05-14T01:54:05.354+0000] {dag.py:3096} INFO - Sync 1 DAGs
[2024-05-14T01:54:05.382+0000] {logging_mixin.py:188} INFO - [2024-05-14T01:54:05.382+0000] {dag.py:3954} INFO - Setting next_dagrun for example_nested_branch_dag to 2024-05-13 00:00:00+00:00, run_after=2024-05-14 00:00:00+00:00
[2024-05-14T01:54:05.407+0000] {processor.py:183} INFO - Processing /home/airflow/.local/lib/python3.12/site-packages/airflow/example_dags/example_nested_branch_dag.py took 0.152 seconds
[2024-05-14T01:54:35.951+0000] {processor.py:161} INFO - Started process (PID=111) to work on /home/airflow/.local/lib/python3.12/site-packages/airflow/example_dags/example_nested_branch_dag.py
[2024-05-14T01:54:35.952+0000] {processor.py:830} INFO - Processing file /home/airflow/.local/lib/python3.12/site-packages/airflow/example_dags/example_nested_branch_dag.py for tasks to queue
[2024-05-14T01:54:35.953+0000] {logging_mixin.py:188} INFO - [2024-05-14T01:54:35.953+0000] {dagbag.py:545} INFO - Filling up the DagBag from /home/airflow/.local/lib/python3.12/site-packages/airflow/example_dags/example_nested_branch_dag.py
[2024-05-14T01:54:35.958+0000] {processor.py:840} INFO - DAG(s) 'example_nested_branch_dag' retrieved from /home/airflow/.local/lib/python3.12/site-packages/airflow/example_dags/example_nested_branch_dag.py
[2024-05-14T01:54:36.004+0000] {logging_mixin.py:188} INFO - [2024-05-14T01:54:36.004+0000] {dag.py:3096} INFO - Sync 1 DAGs
[2024-05-14T01:54:36.014+0000] {logging_mixin.py:188} INFO - [2024-05-14T01:54:36.013+0000] {dag.py:3954} INFO - Setting next_dagrun for example_nested_branch_dag to 2024-05-13 00:00:00+00:00, run_after=2024-05-14 00:00:00+00:00
[2024-05-14T01:54:36.023+0000] {processor.py:183} INFO - Processing /home/airflow/.local/lib/python3.12/site-packages/airflow/example_dags/example_nested_branch_dag.py took 0.075 seconds
[2024-05-14T01:55:06.375+0000] {processor.py:161} INFO - Started process (PID=170) to work on /home/airflow/.local/lib/python3.12/site-packages/airflow/example_dags/example_nested_branch_dag.py
[2024-05-14T01:55:06.376+0000] {processor.py:830} INFO - Processing file /home/airflow/.local/lib/python3.12/site-packages/airflow/example_dags/example_nested_branch_dag.py for tasks to queue
[2024-05-14T01:55:06.377+0000] {logging_mixin.py:188} INFO - [2024-05-14T01:55:06.377+0000] {dagbag.py:545} INFO - Filling up the DagBag from /home/airflow/.local/lib/python3.12/site-packages/airflow/example_dags/example_nested_branch_dag.py
[2024-05-14T01:55:06.382+0000] {processor.py:840} INFO - DAG(s) 'example_nested_branch_dag' retrieved from /home/airflow/.local/lib/python3.12/site-packages/airflow/example_dags/example_nested_branch_dag.py
[2024-05-14T01:55:06.392+0000] {logging_mixin.py:188} INFO - [2024-05-14T01:55:06.392+0000] {dag.py:3096} INFO - Sync 1 DAGs
[2024-05-14T01:55:06.403+0000] {logging_mixin.py:188} INFO - [2024-05-14T01:55:06.403+0000] {dag.py:3954} INFO - Setting next_dagrun for example_nested_branch_dag to 2024-05-13 00:00:00+00:00, run_after=2024-05-14 00:00:00+00:00
[2024-05-14T01:55:06.411+0000] {processor.py:183} INFO - Processing /home/airflow/.local/lib/python3.12/site-packages/airflow/example_dags/example_nested_branch_dag.py took 0.039 seconds
[2024-05-14T01:55:36.438+0000] {processor.py:161} INFO - Started process (PID=229) to work on /home/airflow/.local/lib/python3.12/site-packages/airflow/example_dags/example_nested_branch_dag.py
[2024-05-14T01:55:36.438+0000] {processor.py:830} INFO - Processing file /home/airflow/.local/lib/python3.12/site-packages/airflow/example_dags/example_nested_branch_dag.py for tasks to queue
[2024-05-14T01:55:36.439+0000] {logging_mixin.py:188} INFO - [2024-05-14T01:55:36.439+0000] {dagbag.py:545} INFO - Filling up the DagBag from /home/airflow/.local/lib/python3.12/site-packages/airflow/example_dags/example_nested_branch_dag.py
[2024-05-14T01:55:36.444+0000] {processor.py:840} INFO - DAG(s) 'example_nested_branch_dag' retrieved from /home/airflow/.local/lib/python3.12/site-packages/airflow/example_dags/example_nested_branch_dag.py
[2024-05-14T01:55:36.454+0000] {logging_mixin.py:188} INFO - [2024-05-14T01:55:36.454+0000] {dag.py:3096} INFO - Sync 1 DAGs
[2024-05-14T01:55:36.464+0000] {logging_mixin.py:188} INFO - [2024-05-14T01:55:36.464+0000] {dag.py:3954} INFO - Setting next_dagrun for example_nested_branch_dag to 2024-05-13 00:00:00+00:00, run_after=2024-05-14 00:00:00+00:00
[2024-05-14T01:55:36.472+0000] {processor.py:183} INFO - Processing /home/airflow/.local/lib/python3.12/site-packages/airflow/example_dags/example_nested_branch_dag.py took 0.038 seconds
[2024-05-14T01:56:06.751+0000] {processor.py:161} INFO - Started process (PID=288) to work on /home/airflow/.local/lib/python3.12/site-packages/airflow/example_dags/example_nested_branch_dag.py
[2024-05-14T01:56:06.751+0000] {processor.py:830} INFO - Processing file /home/airflow/.local/lib/python3.12/site-packages/airflow/example_dags/example_nested_branch_dag.py for tasks to queue
[2024-05-14T01:56:06.753+0000] {logging_mixin.py:188} INFO - [2024-05-14T01:56:06.753+0000] {dagbag.py:545} INFO - Filling up the DagBag from /home/airflow/.local/lib/python3.12/site-packages/airflow/example_dags/example_nested_branch_dag.py
[2024-05-14T01:56:06.758+0000] {processor.py:840} INFO - DAG(s) 'example_nested_branch_dag' retrieved from /home/airflow/.local/lib/python3.12/site-packages/airflow/example_dags/example_nested_branch_dag.py
[2024-05-14T01:56:06.770+0000] {logging_mixin.py:188} INFO - [2024-05-14T01:56:06.770+0000] {dag.py:3096} INFO - Sync 1 DAGs
[2024-05-14T01:56:06.781+0000] {logging_mixin.py:188} INFO - [2024-05-14T01:56:06.781+0000] {dag.py:3954} INFO - Setting next_dagrun for example_nested_branch_dag to 2024-05-13 00:00:00+00:00, run_after=2024-05-14 00:00:00+00:00
[2024-05-14T01:56:06.790+0000] {processor.py:183} INFO - Processing /home/airflow/.local/lib/python3.12/site-packages/airflow/example_dags/example_nested_branch_dag.py took 0.043 seconds
[2024-05-14T01:56:36.877+0000] {processor.py:161} INFO - Started process (PID=346) to work on /home/airflow/.local/lib/python3.12/site-packages/airflow/example_dags/example_nested_branch_dag.py
[2024-05-14T01:56:36.877+0000] {processor.py:830} INFO - Processing file /home/airflow/.local/lib/python3.12/site-packages/airflow/example_dags/example_nested_branch_dag.py for tasks to queue
[2024-05-14T01:56:36.878+0000] {logging_mixin.py:188} INFO - [2024-05-14T01:56:36.878+0000] {dagbag.py:545} INFO - Filling up the DagBag from /home/airflow/.local/lib/python3.12/site-packages/airflow/example_dags/example_nested_branch_dag.py
[2024-05-14T01:56:36.883+0000] {processor.py:840} INFO - DAG(s) 'example_nested_branch_dag' retrieved from /home/airflow/.local/lib/python3.12/site-packages/airflow/example_dags/example_nested_branch_dag.py
[2024-05-14T01:56:36.894+0000] {logging_mixin.py:188} INFO - [2024-05-14T01:56:36.894+0000] {dag.py:3096} INFO - Sync 1 DAGs
[2024-05-14T01:56:36.905+0000] {logging_mixin.py:188} INFO - [2024-05-14T01:56:36.905+0000] {dag.py:3954} INFO - Setting next_dagrun for example_nested_branch_dag to 2024-05-13 00:00:00+00:00, run_after=2024-05-14 00:00:00+00:00
[2024-05-14T01:56:36.914+0000] {processor.py:183} INFO - Processing /home/airflow/.local/lib/python3.12/site-packages/airflow/example_dags/example_nested_branch_dag.py took 0.041 seconds
[2024-05-14T01:57:07.904+0000] {processor.py:161} INFO - Started process (PID=405) to work on /home/airflow/.local/lib/python3.12/site-packages/airflow/example_dags/example_nested_branch_dag.py
[2024-05-14T01:57:07.904+0000] {processor.py:830} INFO - Processing file /home/airflow/.local/lib/python3.12/site-packages/airflow/example_dags/example_nested_branch_dag.py for tasks to queue
[2024-05-14T01:57:07.905+0000] {logging_mixin.py:188} INFO - [2024-05-14T01:57:07.905+0000] {dagbag.py:545} INFO - Filling up the DagBag from /home/airflow/.local/lib/python3.12/site-packages/airflow/example_dags/example_nested_branch_dag.py
[2024-05-14T01:57:07.909+0000] {processor.py:840} INFO - DAG(s) 'example_nested_branch_dag' retrieved from /home/airflow/.local/lib/python3.12/site-packages/airflow/example_dags/example_nested_branch_dag.py
[2024-05-14T01:57:07.919+0000] {logging_mixin.py:188} INFO - [2024-05-14T01:57:07.919+0000] {dag.py:3096} INFO - Sync 1 DAGs
[2024-05-14T01:57:07.928+0000] {logging_mixin.py:188} INFO - [2024-05-14T01:57:07.928+0000] {dag.py:3954} INFO - Setting next_dagrun for example_nested_branch_dag to 2024-05-13 00:00:00+00:00, run_after=2024-05-14 00:00:00+00:00
[2024-05-14T01:57:07.936+0000] {processor.py:183} INFO - Processing /home/airflow/.local/lib/python3.12/site-packages/airflow/example_dags/example_nested_branch_dag.py took 0.035 seconds
[2024-05-14T01:57:38.750+0000] {processor.py:161} INFO - Started process (PID=464) to work on /home/airflow/.local/lib/python3.12/site-packages/airflow/example_dags/example_nested_branch_dag.py
[2024-05-14T01:57:38.751+0000] {processor.py:830} INFO - Processing file /home/airflow/.local/lib/python3.12/site-packages/airflow/example_dags/example_nested_branch_dag.py for tasks to queue
[2024-05-14T01:57:38.752+0000] {logging_mixin.py:188} INFO - [2024-05-14T01:57:38.752+0000] {dagbag.py:545} INFO - Filling up the DagBag from /home/airflow/.local/lib/python3.12/site-packages/airflow/example_dags/example_nested_branch_dag.py
[2024-05-14T01:57:38.759+0000] {processor.py:840} INFO - DAG(s) 'example_nested_branch_dag' retrieved from /home/airflow/.local/lib/python3.12/site-packages/airflow/example_dags/example_nested_branch_dag.py
[2024-05-14T01:57:38.776+0000] {logging_mixin.py:188} INFO - [2024-05-14T01:57:38.776+0000] {dag.py:3096} INFO - Sync 1 DAGs
[2024-05-14T01:57:38.789+0000] {logging_mixin.py:188} INFO - [2024-05-14T01:57:38.789+0000] {dag.py:3954} INFO - Setting next_dagrun for example_nested_branch_dag to 2024-05-13 00:00:00+00:00, run_after=2024-05-14 00:00:00+00:00
[2024-05-14T01:57:38.799+0000] {processor.py:183} INFO - Processing /home/airflow/.local/lib/python3.12/site-packages/airflow/example_dags/example_nested_branch_dag.py took 0.051 seconds
[2024-05-14T01:58:09.376+0000] {processor.py:161} INFO - Started process (PID=523) to work on /home/airflow/.local/lib/python3.12/site-packages/airflow/example_dags/example_nested_branch_dag.py
[2024-05-14T01:58:09.377+0000] {processor.py:830} INFO - Processing file /home/airflow/.local/lib/python3.12/site-packages/airflow/example_dags/example_nested_branch_dag.py for tasks to queue
[2024-05-14T01:58:09.378+0000] {logging_mixin.py:188} INFO - [2024-05-14T01:58:09.378+0000] {dagbag.py:545} INFO - Filling up the DagBag from /home/airflow/.local/lib/python3.12/site-packages/airflow/example_dags/example_nested_branch_dag.py
[2024-05-14T01:58:09.383+0000] {processor.py:840} INFO - DAG(s) 'example_nested_branch_dag' retrieved from /home/airflow/.local/lib/python3.12/site-packages/airflow/example_dags/example_nested_branch_dag.py
[2024-05-14T01:58:09.394+0000] {logging_mixin.py:188} INFO - [2024-05-14T01:58:09.393+0000] {dag.py:3096} INFO - Sync 1 DAGs
[2024-05-14T01:58:09.404+0000] {logging_mixin.py:188} INFO - [2024-05-14T01:58:09.404+0000] {dag.py:3954} INFO - Setting next_dagrun for example_nested_branch_dag to 2024-05-13 00:00:00+00:00, run_after=2024-05-14 00:00:00+00:00
[2024-05-14T01:58:09.415+0000] {processor.py:183} INFO - Processing /home/airflow/.local/lib/python3.12/site-packages/airflow/example_dags/example_nested_branch_dag.py took 0.042 seconds
[2024-05-14T01:58:40.126+0000] {processor.py:161} INFO - Started process (PID=581) to work on /home/airflow/.local/lib/python3.12/site-packages/airflow/example_dags/example_nested_branch_dag.py
[2024-05-14T01:58:40.127+0000] {processor.py:830} INFO - Processing file /home/airflow/.local/lib/python3.12/site-packages/airflow/example_dags/example_nested_branch_dag.py for tasks to queue
[2024-05-14T01:58:40.128+0000] {logging_mixin.py:188} INFO - [2024-05-14T01:58:40.128+0000] {dagbag.py:545} INFO - Filling up the DagBag from /home/airflow/.local/lib/python3.12/site-packages/airflow/example_dags/example_nested_branch_dag.py
[2024-05-14T01:58:40.133+0000] {processor.py:840} INFO - DAG(s) 'example_nested_branch_dag' retrieved from /home/airflow/.local/lib/python3.12/site-packages/airflow/example_dags/example_nested_branch_dag.py
[2024-05-14T01:58:40.143+0000] {logging_mixin.py:188} INFO - [2024-05-14T01:58:40.143+0000] {dag.py:3096} INFO - Sync 1 DAGs
[2024-05-14T01:58:40.154+0000] {logging_mixin.py:188} INFO - [2024-05-14T01:58:40.154+0000] {dag.py:3954} INFO - Setting next_dagrun for example_nested_branch_dag to 2024-05-13 00:00:00+00:00, run_after=2024-05-14 00:00:00+00:00
[2024-05-14T01:58:40.164+0000] {processor.py:183} INFO - Processing /home/airflow/.local/lib/python3.12/site-packages/airflow/example_dags/example_nested_branch_dag.py took 0.041 seconds
[2024-05-14T01:59:11.019+0000] {processor.py:161} INFO - Started process (PID=640) to work on /home/airflow/.local/lib/python3.12/site-packages/airflow/example_dags/example_nested_branch_dag.py
[2024-05-14T01:59:11.020+0000] {processor.py:830} INFO - Processing file /home/airflow/.local/lib/python3.12/site-packages/airflow/example_dags/example_nested_branch_dag.py for tasks to queue
[2024-05-14T01:59:11.021+0000] {logging_mixin.py:188} INFO - [2024-05-14T01:59:11.020+0000] {dagbag.py:545} INFO - Filling up the DagBag from /home/airflow/.local/lib/python3.12/site-packages/airflow/example_dags/example_nested_branch_dag.py
[2024-05-14T01:59:11.025+0000] {processor.py:840} INFO - DAG(s) 'example_nested_branch_dag' retrieved from /home/airflow/.local/lib/python3.12/site-packages/airflow/example_dags/example_nested_branch_dag.py
[2024-05-14T01:59:11.035+0000] {logging_mixin.py:188} INFO - [2024-05-14T01:59:11.035+0000] {dag.py:3096} INFO - Sync 1 DAGs
[2024-05-14T01:59:11.045+0000] {logging_mixin.py:188} INFO - [2024-05-14T01:59:11.045+0000] {dag.py:3954} INFO - Setting next_dagrun for example_nested_branch_dag to 2024-05-13 00:00:00+00:00, run_after=2024-05-14 00:00:00+00:00
[2024-05-14T01:59:11.053+0000] {processor.py:183} INFO - Processing /home/airflow/.local/lib/python3.12/site-packages/airflow/example_dags/example_nested_branch_dag.py took 0.038 seconds
[2024-05-14T01:59:41.748+0000] {processor.py:161} INFO - Started process (PID=699) to work on /home/airflow/.local/lib/python3.12/site-packages/airflow/example_dags/example_nested_branch_dag.py
[2024-05-14T01:59:41.749+0000] {processor.py:830} INFO - Processing file /home/airflow/.local/lib/python3.12/site-packages/airflow/example_dags/example_nested_branch_dag.py for tasks to queue
[2024-05-14T01:59:41.751+0000] {logging_mixin.py:188} INFO - [2024-05-14T01:59:41.751+0000] {dagbag.py:545} INFO - Filling up the DagBag from /home/airflow/.local/lib/python3.12/site-packages/airflow/example_dags/example_nested_branch_dag.py
[2024-05-14T01:59:41.757+0000] {processor.py:840} INFO - DAG(s) 'example_nested_branch_dag' retrieved from /home/airflow/.local/lib/python3.12/site-packages/airflow/example_dags/example_nested_branch_dag.py
[2024-05-14T01:59:41.773+0000] {logging_mixin.py:188} INFO - [2024-05-14T01:59:41.773+0000] {dag.py:3096} INFO - Sync 1 DAGs
[2024-05-14T01:59:41.790+0000] {logging_mixin.py:188} INFO - [2024-05-14T01:59:41.790+0000] {dag.py:3954} INFO - Setting next_dagrun for example_nested_branch_dag to 2024-05-13 00:00:00+00:00, run_after=2024-05-14 00:00:00+00:00
[2024-05-14T01:59:41.800+0000] {processor.py:183} INFO - Processing /home/airflow/.local/lib/python3.12/site-packages/airflow/example_dags/example_nested_branch_dag.py took 0.056 seconds
[2024-05-14T02:00:12.572+0000] {processor.py:161} INFO - Started process (PID=758) to work on /home/airflow/.local/lib/python3.12/site-packages/airflow/example_dags/example_nested_branch_dag.py
[2024-05-14T02:00:12.573+0000] {processor.py:830} INFO - Processing file /home/airflow/.local/lib/python3.12/site-packages/airflow/example_dags/example_nested_branch_dag.py for tasks to queue
[2024-05-14T02:00:12.575+0000] {logging_mixin.py:188} INFO - [2024-05-14T02:00:12.574+0000] {dagbag.py:545} INFO - Filling up the DagBag from /home/airflow/.local/lib/python3.12/site-packages/airflow/example_dags/example_nested_branch_dag.py
[2024-05-14T02:00:12.580+0000] {processor.py:840} INFO - DAG(s) 'example_nested_branch_dag' retrieved from /home/airflow/.local/lib/python3.12/site-packages/airflow/example_dags/example_nested_branch_dag.py
[2024-05-14T02:00:12.591+0000] {logging_mixin.py:188} INFO - [2024-05-14T02:00:12.591+0000] {dag.py:3096} INFO - Sync 1 DAGs
[2024-05-14T02:00:12.601+0000] {logging_mixin.py:188} INFO - [2024-05-14T02:00:12.601+0000] {dag.py:3954} INFO - Setting next_dagrun for example_nested_branch_dag to 2024-05-13 00:00:00+00:00, run_after=2024-05-14 00:00:00+00:00
[2024-05-14T02:00:12.610+0000] {processor.py:183} INFO - Processing /home/airflow/.local/lib/python3.12/site-packages/airflow/example_dags/example_nested_branch_dag.py took 0.041 seconds
[2024-05-14T02:00:43.410+0000] {processor.py:161} INFO - Started process (PID=817) to work on /home/airflow/.local/lib/python3.12/site-packages/airflow/example_dags/example_nested_branch_dag.py
[2024-05-14T02:00:43.410+0000] {processor.py:830} INFO - Processing file /home/airflow/.local/lib/python3.12/site-packages/airflow/example_dags/example_nested_branch_dag.py for tasks to queue
[2024-05-14T02:00:43.412+0000] {logging_mixin.py:188} INFO - [2024-05-14T02:00:43.411+0000] {dagbag.py:545} INFO - Filling up the DagBag from /home/airflow/.local/lib/python3.12/site-packages/airflow/example_dags/example_nested_branch_dag.py
[2024-05-14T02:00:43.417+0000] {processor.py:840} INFO - DAG(s) 'example_nested_branch_dag' retrieved from /home/airflow/.local/lib/python3.12/site-packages/airflow/example_dags/example_nested_branch_dag.py
[2024-05-14T02:00:43.429+0000] {logging_mixin.py:188} INFO - [2024-05-14T02:00:43.429+0000] {dag.py:3096} INFO - Sync 1 DAGs
[2024-05-14T02:00:43.480+0000] {logging_mixin.py:188} INFO - [2024-05-14T02:00:43.480+0000] {dag.py:3954} INFO - Setting next_dagrun for example_nested_branch_dag to 2024-05-13 00:00:00+00:00, run_after=2024-05-14 00:00:00+00:00
[2024-05-14T02:00:43.491+0000] {processor.py:183} INFO - Processing /home/airflow/.local/lib/python3.12/site-packages/airflow/example_dags/example_nested_branch_dag.py took 0.085 seconds
[2024-05-14T02:01:13.613+0000] {processor.py:161} INFO - Started process (PID=876) to work on /home/airflow/.local/lib/python3.12/site-packages/airflow/example_dags/example_nested_branch_dag.py
[2024-05-14T02:01:13.613+0000] {processor.py:830} INFO - Processing file /home/airflow/.local/lib/python3.12/site-packages/airflow/example_dags/example_nested_branch_dag.py for tasks to queue
[2024-05-14T02:01:13.614+0000] {logging_mixin.py:188} INFO - [2024-05-14T02:01:13.614+0000] {dagbag.py:545} INFO - Filling up the DagBag from /home/airflow/.local/lib/python3.12/site-packages/airflow/example_dags/example_nested_branch_dag.py
[2024-05-14T02:01:13.620+0000] {processor.py:840} INFO - DAG(s) 'example_nested_branch_dag' retrieved from /home/airflow/.local/lib/python3.12/site-packages/airflow/example_dags/example_nested_branch_dag.py
[2024-05-14T02:01:13.633+0000] {logging_mixin.py:188} INFO - [2024-05-14T02:01:13.633+0000] {dag.py:3096} INFO - Sync 1 DAGs
[2024-05-14T02:01:13.644+0000] {logging_mixin.py:188} INFO - [2024-05-14T02:01:13.644+0000] {dag.py:3954} INFO - Setting next_dagrun for example_nested_branch_dag to 2024-05-13 00:00:00+00:00, run_after=2024-05-14 00:00:00+00:00
[2024-05-14T02:01:13.653+0000] {processor.py:183} INFO - Processing /home/airflow/.local/lib/python3.12/site-packages/airflow/example_dags/example_nested_branch_dag.py took 0.043 seconds
[2024-05-14T02:01:44.733+0000] {processor.py:161} INFO - Started process (PID=935) to work on /home/airflow/.local/lib/python3.12/site-packages/airflow/example_dags/example_nested_branch_dag.py
[2024-05-14T02:01:44.734+0000] {processor.py:830} INFO - Processing file /home/airflow/.local/lib/python3.12/site-packages/airflow/example_dags/example_nested_branch_dag.py for tasks to queue
[2024-05-14T02:01:44.735+0000] {logging_mixin.py:188} INFO - [2024-05-14T02:01:44.735+0000] {dagbag.py:545} INFO - Filling up the DagBag from /home/airflow/.local/lib/python3.12/site-packages/airflow/example_dags/example_nested_branch_dag.py
[2024-05-14T02:01:44.740+0000] {processor.py:840} INFO - DAG(s) 'example_nested_branch_dag' retrieved from /home/airflow/.local/lib/python3.12/site-packages/airflow/example_dags/example_nested_branch_dag.py
[2024-05-14T02:01:44.751+0000] {logging_mixin.py:188} INFO - [2024-05-14T02:01:44.750+0000] {dag.py:3096} INFO - Sync 1 DAGs
[2024-05-14T02:01:44.761+0000] {logging_mixin.py:188} INFO - [2024-05-14T02:01:44.761+0000] {dag.py:3954} INFO - Setting next_dagrun for example_nested_branch_dag to 2024-05-13 00:00:00+00:00, run_after=2024-05-14 00:00:00+00:00
[2024-05-14T02:01:44.770+0000] {processor.py:183} INFO - Processing /home/airflow/.local/lib/python3.12/site-packages/airflow/example_dags/example_nested_branch_dag.py took 0.039 seconds
[2024-05-14T02:02:14.916+0000] {processor.py:161} INFO - Started process (PID=994) to work on /home/airflow/.local/lib/python3.12/site-packages/airflow/example_dags/example_nested_branch_dag.py
[2024-05-14T02:02:14.917+0000] {processor.py:830} INFO - Processing file /home/airflow/.local/lib/python3.12/site-packages/airflow/example_dags/example_nested_branch_dag.py for tasks to queue
[2024-05-14T02:02:14.918+0000] {logging_mixin.py:188} INFO - [2024-05-14T02:02:14.918+0000] {dagbag.py:545} INFO - Filling up the DagBag from /home/airflow/.local/lib/python3.12/site-packages/airflow/example_dags/example_nested_branch_dag.py
[2024-05-14T02:02:14.924+0000] {processor.py:840} INFO - DAG(s) 'example_nested_branch_dag' retrieved from /home/airflow/.local/lib/python3.12/site-packages/airflow/example_dags/example_nested_branch_dag.py
[2024-05-14T02:02:14.937+0000] {logging_mixin.py:188} INFO - [2024-05-14T02:02:14.937+0000] {dag.py:3096} INFO - Sync 1 DAGs
[2024-05-14T02:02:14.949+0000] {logging_mixin.py:188} INFO - [2024-05-14T02:02:14.949+0000] {dag.py:3954} INFO - Setting next_dagrun for example_nested_branch_dag to 2024-05-13 00:00:00+00:00, run_after=2024-05-14 00:00:00+00:00
[2024-05-14T02:02:14.960+0000] {processor.py:183} INFO - Processing /home/airflow/.local/lib/python3.12/site-packages/airflow/example_dags/example_nested_branch_dag.py took 0.048 seconds
[2024-05-14T02:02:45.113+0000] {processor.py:161} INFO - Started process (PID=1053) to work on /home/airflow/.local/lib/python3.12/site-packages/airflow/example_dags/example_nested_branch_dag.py
[2024-05-14T02:02:45.117+0000] {processor.py:830} INFO - Processing file /home/airflow/.local/lib/python3.12/site-packages/airflow/example_dags/example_nested_branch_dag.py for tasks to queue
[2024-05-14T02:02:45.118+0000] {logging_mixin.py:188} INFO - [2024-05-14T02:02:45.118+0000] {dagbag.py:545} INFO - Filling up the DagBag from /home/airflow/.local/lib/python3.12/site-packages/airflow/example_dags/example_nested_branch_dag.py
[2024-05-14T02:02:45.124+0000] {processor.py:840} INFO - DAG(s) 'example_nested_branch_dag' retrieved from /home/airflow/.local/lib/python3.12/site-packages/airflow/example_dags/example_nested_branch_dag.py
[2024-05-14T02:02:45.135+0000] {logging_mixin.py:188} INFO - [2024-05-14T02:02:45.135+0000] {dag.py:3096} INFO - Sync 1 DAGs
[2024-05-14T02:02:45.147+0000] {logging_mixin.py:188} INFO - [2024-05-14T02:02:45.147+0000] {dag.py:3954} INFO - Setting next_dagrun for example_nested_branch_dag to 2024-05-13 00:00:00+00:00, run_after=2024-05-14 00:00:00+00:00
[2024-05-14T02:02:45.157+0000] {processor.py:183} INFO - Processing /home/airflow/.local/lib/python3.12/site-packages/airflow/example_dags/example_nested_branch_dag.py took 0.047 seconds
[2024-05-14T02:03:15.249+0000] {processor.py:161} INFO - Started process (PID=1112) to work on /home/airflow/.local/lib/python3.12/site-packages/airflow/example_dags/example_nested_branch_dag.py
[2024-05-14T02:03:15.253+0000] {processor.py:830} INFO - Processing file /home/airflow/.local/lib/python3.12/site-packages/airflow/example_dags/example_nested_branch_dag.py for tasks to queue
[2024-05-14T02:03:15.254+0000] {logging_mixin.py:188} INFO - [2024-05-14T02:03:15.254+0000] {dagbag.py:545} INFO - Filling up the DagBag from /home/airflow/.local/lib/python3.12/site-packages/airflow/example_dags/example_nested_branch_dag.py
[2024-05-14T02:03:15.259+0000] {processor.py:840} INFO - DAG(s) 'example_nested_branch_dag' retrieved from /home/airflow/.local/lib/python3.12/site-packages/airflow/example_dags/example_nested_branch_dag.py
[2024-05-14T02:03:15.270+0000] {logging_mixin.py:188} INFO - [2024-05-14T02:03:15.270+0000] {dag.py:3096} INFO - Sync 1 DAGs
[2024-05-14T02:03:15.281+0000] {logging_mixin.py:188} INFO - [2024-05-14T02:03:15.281+0000] {dag.py:3954} INFO - Setting next_dagrun for example_nested_branch_dag to 2024-05-13 00:00:00+00:00, run_after=2024-05-14 00:00:00+00:00
[2024-05-14T02:03:15.290+0000] {processor.py:183} INFO - Processing /home/airflow/.local/lib/python3.12/site-packages/airflow/example_dags/example_nested_branch_dag.py took 0.044 seconds
[2024-05-14T02:03:46.112+0000] {processor.py:161} INFO - Started process (PID=1171) to work on /home/airflow/.local/lib/python3.12/site-packages/airflow/example_dags/example_nested_branch_dag.py
[2024-05-14T02:03:46.113+0000] {processor.py:830} INFO - Processing file /home/airflow/.local/lib/python3.12/site-packages/airflow/example_dags/example_nested_branch_dag.py for tasks to queue
[2024-05-14T02:03:46.114+0000] {logging_mixin.py:188} INFO - [2024-05-14T02:03:46.114+0000] {dagbag.py:545} INFO - Filling up the DagBag from /home/airflow/.local/lib/python3.12/site-packages/airflow/example_dags/example_nested_branch_dag.py
[2024-05-14T02:03:46.120+0000] {processor.py:840} INFO - DAG(s) 'example_nested_branch_dag' retrieved from /home/airflow/.local/lib/python3.12/site-packages/airflow/example_dags/example_nested_branch_dag.py
[2024-05-14T02:03:46.131+0000] {logging_mixin.py:188} INFO - [2024-05-14T02:03:46.131+0000] {dag.py:3096} INFO - Sync 1 DAGs
[2024-05-14T02:03:46.142+0000] {logging_mixin.py:188} INFO - [2024-05-14T02:03:46.142+0000] {dag.py:3954} INFO - Setting next_dagrun for example_nested_branch_dag to 2024-05-13 00:00:00+00:00, run_after=2024-05-14 00:00:00+00:00
[2024-05-14T02:03:46.151+0000] {processor.py:183} INFO - Processing /home/airflow/.local/lib/python3.12/site-packages/airflow/example_dags/example_nested_branch_dag.py took 0.042 seconds
[2024-05-14T02:04:16.169+0000] {processor.py:161} INFO - Started process (PID=1229) to work on /home/airflow/.local/lib/python3.12/site-packages/airflow/example_dags/example_nested_branch_dag.py
[2024-05-14T02:04:16.170+0000] {processor.py:830} INFO - Processing file /home/airflow/.local/lib/python3.12/site-packages/airflow/example_dags/example_nested_branch_dag.py for tasks to queue
[2024-05-14T02:04:16.171+0000] {logging_mixin.py:188} INFO - [2024-05-14T02:04:16.170+0000] {dagbag.py:545} INFO - Filling up the DagBag from /home/airflow/.local/lib/python3.12/site-packages/airflow/example_dags/example_nested_branch_dag.py
[2024-05-14T02:04:16.175+0000] {processor.py:840} INFO - DAG(s) 'example_nested_branch_dag' retrieved from /home/airflow/.local/lib/python3.12/site-packages/airflow/example_dags/example_nested_branch_dag.py
[2024-05-14T02:04:16.186+0000] {logging_mixin.py:188} INFO - [2024-05-14T02:04:16.186+0000] {dag.py:3096} INFO - Sync 1 DAGs
[2024-05-14T02:04:16.197+0000] {logging_mixin.py:188} INFO - [2024-05-14T02:04:16.197+0000] {dag.py:3954} INFO - Setting next_dagrun for example_nested_branch_dag to 2024-05-13 00:00:00+00:00, run_after=2024-05-14 00:00:00+00:00
[2024-05-14T02:04:16.206+0000] {processor.py:183} INFO - Processing /home/airflow/.local/lib/python3.12/site-packages/airflow/example_dags/example_nested_branch_dag.py took 0.041 seconds
[2024-05-14T02:04:46.310+0000] {processor.py:161} INFO - Started process (PID=1288) to work on /home/airflow/.local/lib/python3.12/site-packages/airflow/example_dags/example_nested_branch_dag.py
[2024-05-14T02:04:46.311+0000] {processor.py:830} INFO - Processing file /home/airflow/.local/lib/python3.12/site-packages/airflow/example_dags/example_nested_branch_dag.py for tasks to queue
[2024-05-14T02:04:46.312+0000] {logging_mixin.py:188} INFO - [2024-05-14T02:04:46.312+0000] {dagbag.py:545} INFO - Filling up the DagBag from /home/airflow/.local/lib/python3.12/site-packages/airflow/example_dags/example_nested_branch_dag.py
[2024-05-14T02:04:46.317+0000] {processor.py:840} INFO - DAG(s) 'example_nested_branch_dag' retrieved from /home/airflow/.local/lib/python3.12/site-packages/airflow/example_dags/example_nested_branch_dag.py
[2024-05-14T02:04:46.329+0000] {logging_mixin.py:188} INFO - [2024-05-14T02:04:46.329+0000] {dag.py:3096} INFO - Sync 1 DAGs
[2024-05-14T02:04:46.340+0000] {logging_mixin.py:188} INFO - [2024-05-14T02:04:46.340+0000] {dag.py:3954} INFO - Setting next_dagrun for example_nested_branch_dag to 2024-05-13 00:00:00+00:00, run_after=2024-05-14 00:00:00+00:00
[2024-05-14T02:04:46.351+0000] {processor.py:183} INFO - Processing /home/airflow/.local/lib/python3.12/site-packages/airflow/example_dags/example_nested_branch_dag.py took 0.044 seconds
[2024-05-14T02:05:16.430+0000] {processor.py:161} INFO - Started process (PID=1347) to work on /home/airflow/.local/lib/python3.12/site-packages/airflow/example_dags/example_nested_branch_dag.py
[2024-05-14T02:05:16.431+0000] {processor.py:830} INFO - Processing file /home/airflow/.local/lib/python3.12/site-packages/airflow/example_dags/example_nested_branch_dag.py for tasks to queue
[2024-05-14T02:05:16.432+0000] {logging_mixin.py:188} INFO - [2024-05-14T02:05:16.432+0000] {dagbag.py:545} INFO - Filling up the DagBag from /home/airflow/.local/lib/python3.12/site-packages/airflow/example_dags/example_nested_branch_dag.py
[2024-05-14T02:05:16.437+0000] {processor.py:840} INFO - DAG(s) 'example_nested_branch_dag' retrieved from /home/airflow/.local/lib/python3.12/site-packages/airflow/example_dags/example_nested_branch_dag.py
[2024-05-14T02:05:16.447+0000] {logging_mixin.py:188} INFO - [2024-05-14T02:05:16.447+0000] {dag.py:3096} INFO - Sync 1 DAGs
[2024-05-14T02:05:16.457+0000] {logging_mixin.py:188} INFO - [2024-05-14T02:05:16.457+0000] {dag.py:3954} INFO - Setting next_dagrun for example_nested_branch_dag to 2024-05-13 00:00:00+00:00, run_after=2024-05-14 00:00:00+00:00
[2024-05-14T02:05:16.465+0000] {processor.py:183} INFO - Processing /home/airflow/.local/lib/python3.12/site-packages/airflow/example_dags/example_nested_branch_dag.py took 0.038 seconds
[2024-05-14T02:05:47.195+0000] {processor.py:161} INFO - Started process (PID=1406) to work on /home/airflow/.local/lib/python3.12/site-packages/airflow/example_dags/example_nested_branch_dag.py
[2024-05-14T02:05:47.196+0000] {processor.py:830} INFO - Processing file /home/airflow/.local/lib/python3.12/site-packages/airflow/example_dags/example_nested_branch_dag.py for tasks to queue
[2024-05-14T02:05:47.197+0000] {logging_mixin.py:188} INFO - [2024-05-14T02:05:47.196+0000] {dagbag.py:545} INFO - Filling up the DagBag from /home/airflow/.local/lib/python3.12/site-packages/airflow/example_dags/example_nested_branch_dag.py
[2024-05-14T02:05:47.201+0000] {processor.py:840} INFO - DAG(s) 'example_nested_branch_dag' retrieved from /home/airflow/.local/lib/python3.12/site-packages/airflow/example_dags/example_nested_branch_dag.py
[2024-05-14T02:05:47.211+0000] {logging_mixin.py:188} INFO - [2024-05-14T02:05:47.211+0000] {dag.py:3096} INFO - Sync 1 DAGs
[2024-05-14T02:05:47.221+0000] {logging_mixin.py:188} INFO - [2024-05-14T02:05:47.221+0000] {dag.py:3954} INFO - Setting next_dagrun for example_nested_branch_dag to 2024-05-13 00:00:00+00:00, run_after=2024-05-14 00:00:00+00:00
[2024-05-14T02:05:47.229+0000] {processor.py:183} INFO - Processing /home/airflow/.local/lib/python3.12/site-packages/airflow/example_dags/example_nested_branch_dag.py took 0.036 seconds
[2024-05-14T02:06:17.347+0000] {processor.py:161} INFO - Started process (PID=1465) to work on /home/airflow/.local/lib/python3.12/site-packages/airflow/example_dags/example_nested_branch_dag.py
[2024-05-14T02:06:17.347+0000] {processor.py:830} INFO - Processing file /home/airflow/.local/lib/python3.12/site-packages/airflow/example_dags/example_nested_branch_dag.py for tasks to queue
[2024-05-14T02:06:17.348+0000] {logging_mixin.py:188} INFO - [2024-05-14T02:06:17.348+0000] {dagbag.py:545} INFO - Filling up the DagBag from /home/airflow/.local/lib/python3.12/site-packages/airflow/example_dags/example_nested_branch_dag.py
[2024-05-14T02:06:17.353+0000] {processor.py:840} INFO - DAG(s) 'example_nested_branch_dag' retrieved from /home/airflow/.local/lib/python3.12/site-packages/airflow/example_dags/example_nested_branch_dag.py
[2024-05-14T02:06:17.363+0000] {logging_mixin.py:188} INFO - [2024-05-14T02:06:17.363+0000] {dag.py:3096} INFO - Sync 1 DAGs
[2024-05-14T02:06:17.372+0000] {logging_mixin.py:188} INFO - [2024-05-14T02:06:17.372+0000] {dag.py:3954} INFO - Setting next_dagrun for example_nested_branch_dag to 2024-05-13 00:00:00+00:00, run_after=2024-05-14 00:00:00+00:00
[2024-05-14T02:06:17.379+0000] {processor.py:183} INFO - Processing /home/airflow/.local/lib/python3.12/site-packages/airflow/example_dags/example_nested_branch_dag.py took 0.035 seconds
[2024-05-14T02:06:47.431+0000] {processor.py:161} INFO - Started process (PID=1524) to work on /home/airflow/.local/lib/python3.12/site-packages/airflow/example_dags/example_nested_branch_dag.py
[2024-05-14T02:06:47.432+0000] {processor.py:830} INFO - Processing file /home/airflow/.local/lib/python3.12/site-packages/airflow/example_dags/example_nested_branch_dag.py for tasks to queue
[2024-05-14T02:06:47.433+0000] {logging_mixin.py:188} INFO - [2024-05-14T02:06:47.433+0000] {dagbag.py:545} INFO - Filling up the DagBag from /home/airflow/.local/lib/python3.12/site-packages/airflow/example_dags/example_nested_branch_dag.py
[2024-05-14T02:06:47.438+0000] {processor.py:840} INFO - DAG(s) 'example_nested_branch_dag' retrieved from /home/airflow/.local/lib/python3.12/site-packages/airflow/example_dags/example_nested_branch_dag.py
[2024-05-14T02:06:47.449+0000] {logging_mixin.py:188} INFO - [2024-05-14T02:06:47.448+0000] {dag.py:3096} INFO - Sync 1 DAGs
[2024-05-14T02:06:47.461+0000] {logging_mixin.py:188} INFO - [2024-05-14T02:06:47.460+0000] {dag.py:3954} INFO - Setting next_dagrun for example_nested_branch_dag to 2024-05-13 00:00:00+00:00, run_after=2024-05-14 00:00:00+00:00
[2024-05-14T02:06:47.475+0000] {processor.py:183} INFO - Processing /home/airflow/.local/lib/python3.12/site-packages/airflow/example_dags/example_nested_branch_dag.py took 0.046 seconds
[2024-05-14T02:07:17.512+0000] {processor.py:161} INFO - Started process (PID=1582) to work on /home/airflow/.local/lib/python3.12/site-packages/airflow/example_dags/example_nested_branch_dag.py
[2024-05-14T02:07:17.513+0000] {processor.py:830} INFO - Processing file /home/airflow/.local/lib/python3.12/site-packages/airflow/example_dags/example_nested_branch_dag.py for tasks to queue
[2024-05-14T02:07:17.514+0000] {logging_mixin.py:188} INFO - [2024-05-14T02:07:17.513+0000] {dagbag.py:545} INFO - Filling up the DagBag from /home/airflow/.local/lib/python3.12/site-packages/airflow/example_dags/example_nested_branch_dag.py
[2024-05-14T02:07:17.519+0000] {processor.py:840} INFO - DAG(s) 'example_nested_branch_dag' retrieved from /home/airflow/.local/lib/python3.12/site-packages/airflow/example_dags/example_nested_branch_dag.py
[2024-05-14T02:07:17.531+0000] {logging_mixin.py:188} INFO - [2024-05-14T02:07:17.531+0000] {dag.py:3096} INFO - Sync 1 DAGs
[2024-05-14T02:07:17.543+0000] {logging_mixin.py:188} INFO - [2024-05-14T02:07:17.542+0000] {dag.py:3954} INFO - Setting next_dagrun for example_nested_branch_dag to 2024-05-13 00:00:00+00:00, run_after=2024-05-14 00:00:00+00:00
[2024-05-14T02:07:17.550+0000] {processor.py:183} INFO - Processing /home/airflow/.local/lib/python3.12/site-packages/airflow/example_dags/example_nested_branch_dag.py took 0.041 seconds
[2024-05-14T02:07:47.841+0000] {processor.py:161} INFO - Started process (PID=1641) to work on /home/airflow/.local/lib/python3.12/site-packages/airflow/example_dags/example_nested_branch_dag.py
[2024-05-14T02:07:47.842+0000] {processor.py:830} INFO - Processing file /home/airflow/.local/lib/python3.12/site-packages/airflow/example_dags/example_nested_branch_dag.py for tasks to queue
[2024-05-14T02:07:47.843+0000] {logging_mixin.py:188} INFO - [2024-05-14T02:07:47.843+0000] {dagbag.py:545} INFO - Filling up the DagBag from /home/airflow/.local/lib/python3.12/site-packages/airflow/example_dags/example_nested_branch_dag.py
[2024-05-14T02:07:47.848+0000] {processor.py:840} INFO - DAG(s) 'example_nested_branch_dag' retrieved from /home/airflow/.local/lib/python3.12/site-packages/airflow/example_dags/example_nested_branch_dag.py
[2024-05-14T02:07:47.859+0000] {logging_mixin.py:188} INFO - [2024-05-14T02:07:47.859+0000] {dag.py:3096} INFO - Sync 1 DAGs
[2024-05-14T02:07:47.870+0000] {logging_mixin.py:188} INFO - [2024-05-14T02:07:47.869+0000] {dag.py:3954} INFO - Setting next_dagrun for example_nested_branch_dag to 2024-05-13 00:00:00+00:00, run_after=2024-05-14 00:00:00+00:00
[2024-05-14T02:07:47.878+0000] {processor.py:183} INFO - Processing /home/airflow/.local/lib/python3.12/site-packages/airflow/example_dags/example_nested_branch_dag.py took 0.040 seconds
[2024-05-14T02:08:18.050+0000] {processor.py:161} INFO - Started process (PID=1700) to work on /home/airflow/.local/lib/python3.12/site-packages/airflow/example_dags/example_nested_branch_dag.py
[2024-05-14T02:08:18.051+0000] {processor.py:830} INFO - Processing file /home/airflow/.local/lib/python3.12/site-packages/airflow/example_dags/example_nested_branch_dag.py for tasks to queue
[2024-05-14T02:08:18.052+0000] {logging_mixin.py:188} INFO - [2024-05-14T02:08:18.052+0000] {dagbag.py:545} INFO - Filling up the DagBag from /home/airflow/.local/lib/python3.12/site-packages/airflow/example_dags/example_nested_branch_dag.py
[2024-05-14T02:08:18.057+0000] {processor.py:840} INFO - DAG(s) 'example_nested_branch_dag' retrieved from /home/airflow/.local/lib/python3.12/site-packages/airflow/example_dags/example_nested_branch_dag.py
[2024-05-14T02:08:18.068+0000] {logging_mixin.py:188} INFO - [2024-05-14T02:08:18.068+0000] {dag.py:3096} INFO - Sync 1 DAGs
[2024-05-14T02:08:18.079+0000] {logging_mixin.py:188} INFO - [2024-05-14T02:08:18.079+0000] {dag.py:3954} INFO - Setting next_dagrun for example_nested_branch_dag to 2024-05-13 00:00:00+00:00, run_after=2024-05-14 00:00:00+00:00
[2024-05-14T02:08:18.088+0000] {processor.py:183} INFO - Processing /home/airflow/.local/lib/python3.12/site-packages/airflow/example_dags/example_nested_branch_dag.py took 0.040 seconds
[2024-05-14T02:08:48.190+0000] {processor.py:161} INFO - Started process (PID=1759) to work on /home/airflow/.local/lib/python3.12/site-packages/airflow/example_dags/example_nested_branch_dag.py
[2024-05-14T02:08:48.190+0000] {processor.py:830} INFO - Processing file /home/airflow/.local/lib/python3.12/site-packages/airflow/example_dags/example_nested_branch_dag.py for tasks to queue
[2024-05-14T02:08:48.191+0000] {logging_mixin.py:188} INFO - [2024-05-14T02:08:48.191+0000] {dagbag.py:545} INFO - Filling up the DagBag from /home/airflow/.local/lib/python3.12/site-packages/airflow/example_dags/example_nested_branch_dag.py
[2024-05-14T02:08:48.196+0000] {processor.py:840} INFO - DAG(s) 'example_nested_branch_dag' retrieved from /home/airflow/.local/lib/python3.12/site-packages/airflow/example_dags/example_nested_branch_dag.py
[2024-05-14T02:08:48.207+0000] {logging_mixin.py:188} INFO - [2024-05-14T02:08:48.207+0000] {dag.py:3096} INFO - Sync 1 DAGs
[2024-05-14T02:08:48.218+0000] {logging_mixin.py:188} INFO - [2024-05-14T02:08:48.218+0000] {dag.py:3954} INFO - Setting next_dagrun for example_nested_branch_dag to 2024-05-13 00:00:00+00:00, run_after=2024-05-14 00:00:00+00:00
[2024-05-14T02:08:48.227+0000] {processor.py:183} INFO - Processing /home/airflow/.local/lib/python3.12/site-packages/airflow/example_dags/example_nested_branch_dag.py took 0.041 seconds
[2024-05-14T02:09:18.964+0000] {processor.py:161} INFO - Started process (PID=1818) to work on /home/airflow/.local/lib/python3.12/site-packages/airflow/example_dags/example_nested_branch_dag.py
[2024-05-14T02:09:18.964+0000] {processor.py:830} INFO - Processing file /home/airflow/.local/lib/python3.12/site-packages/airflow/example_dags/example_nested_branch_dag.py for tasks to queue
[2024-05-14T02:09:18.965+0000] {logging_mixin.py:188} INFO - [2024-05-14T02:09:18.965+0000] {dagbag.py:545} INFO - Filling up the DagBag from /home/airflow/.local/lib/python3.12/site-packages/airflow/example_dags/example_nested_branch_dag.py
[2024-05-14T02:09:18.971+0000] {processor.py:840} INFO - DAG(s) 'example_nested_branch_dag' retrieved from /home/airflow/.local/lib/python3.12/site-packages/airflow/example_dags/example_nested_branch_dag.py
[2024-05-14T02:09:18.982+0000] {logging_mixin.py:188} INFO - [2024-05-14T02:09:18.982+0000] {dag.py:3096} INFO - Sync 1 DAGs
[2024-05-14T02:09:18.995+0000] {logging_mixin.py:188} INFO - [2024-05-14T02:09:18.995+0000] {dag.py:3954} INFO - Setting next_dagrun for example_nested_branch_dag to 2024-05-13 00:00:00+00:00, run_after=2024-05-14 00:00:00+00:00
[2024-05-14T02:09:19.015+0000] {processor.py:183} INFO - Processing /home/airflow/.local/lib/python3.12/site-packages/airflow/example_dags/example_nested_branch_dag.py took 0.054 seconds
[2024-05-14T02:09:49.160+0000] {processor.py:161} INFO - Started process (PID=1877) to work on /home/airflow/.local/lib/python3.12/site-packages/airflow/example_dags/example_nested_branch_dag.py
[2024-05-14T02:09:49.161+0000] {processor.py:830} INFO - Processing file /home/airflow/.local/lib/python3.12/site-packages/airflow/example_dags/example_nested_branch_dag.py for tasks to queue
[2024-05-14T02:09:49.162+0000] {logging_mixin.py:188} INFO - [2024-05-14T02:09:49.161+0000] {dagbag.py:545} INFO - Filling up the DagBag from /home/airflow/.local/lib/python3.12/site-packages/airflow/example_dags/example_nested_branch_dag.py
[2024-05-14T02:09:49.167+0000] {processor.py:840} INFO - DAG(s) 'example_nested_branch_dag' retrieved from /home/airflow/.local/lib/python3.12/site-packages/airflow/example_dags/example_nested_branch_dag.py
[2024-05-14T02:09:49.178+0000] {logging_mixin.py:188} INFO - [2024-05-14T02:09:49.178+0000] {dag.py:3096} INFO - Sync 1 DAGs
[2024-05-14T02:09:49.275+0000] {logging_mixin.py:188} INFO - [2024-05-14T02:09:49.275+0000] {dag.py:3954} INFO - Setting next_dagrun for example_nested_branch_dag to 2024-05-13 00:00:00+00:00, run_after=2024-05-14 00:00:00+00:00
[2024-05-14T02:09:49.284+0000] {processor.py:183} INFO - Processing /home/airflow/.local/lib/python3.12/site-packages/airflow/example_dags/example_nested_branch_dag.py took 0.126 seconds
[2024-05-14T02:10:19.416+0000] {processor.py:161} INFO - Started process (PID=1936) to work on /home/airflow/.local/lib/python3.12/site-packages/airflow/example_dags/example_nested_branch_dag.py
[2024-05-14T02:10:19.416+0000] {processor.py:830} INFO - Processing file /home/airflow/.local/lib/python3.12/site-packages/airflow/example_dags/example_nested_branch_dag.py for tasks to queue
[2024-05-14T02:10:19.417+0000] {logging_mixin.py:188} INFO - [2024-05-14T02:10:19.417+0000] {dagbag.py:545} INFO - Filling up the DagBag from /home/airflow/.local/lib/python3.12/site-packages/airflow/example_dags/example_nested_branch_dag.py
[2024-05-14T02:10:19.422+0000] {processor.py:840} INFO - DAG(s) 'example_nested_branch_dag' retrieved from /home/airflow/.local/lib/python3.12/site-packages/airflow/example_dags/example_nested_branch_dag.py
[2024-05-14T02:10:19.433+0000] {logging_mixin.py:188} INFO - [2024-05-14T02:10:19.433+0000] {dag.py:3096} INFO - Sync 1 DAGs
[2024-05-14T02:10:19.447+0000] {logging_mixin.py:188} INFO - [2024-05-14T02:10:19.447+0000] {dag.py:3954} INFO - Setting next_dagrun for example_nested_branch_dag to 2024-05-13 00:00:00+00:00, run_after=2024-05-14 00:00:00+00:00
[2024-05-14T02:10:19.577+0000] {processor.py:183} INFO - Processing /home/airflow/.local/lib/python3.12/site-packages/airflow/example_dags/example_nested_branch_dag.py took 0.165 seconds
[2024-05-14T02:10:50.300+0000] {processor.py:161} INFO - Started process (PID=1995) to work on /home/airflow/.local/lib/python3.12/site-packages/airflow/example_dags/example_nested_branch_dag.py
[2024-05-14T02:10:50.302+0000] {processor.py:830} INFO - Processing file /home/airflow/.local/lib/python3.12/site-packages/airflow/example_dags/example_nested_branch_dag.py for tasks to queue
[2024-05-14T02:10:50.303+0000] {logging_mixin.py:188} INFO - [2024-05-14T02:10:50.303+0000] {dagbag.py:545} INFO - Filling up the DagBag from /home/airflow/.local/lib/python3.12/site-packages/airflow/example_dags/example_nested_branch_dag.py
[2024-05-14T02:10:50.308+0000] {processor.py:840} INFO - DAG(s) 'example_nested_branch_dag' retrieved from /home/airflow/.local/lib/python3.12/site-packages/airflow/example_dags/example_nested_branch_dag.py
[2024-05-14T02:10:50.319+0000] {logging_mixin.py:188} INFO - [2024-05-14T02:10:50.319+0000] {dag.py:3096} INFO - Sync 1 DAGs
[2024-05-14T02:10:50.329+0000] {logging_mixin.py:188} INFO - [2024-05-14T02:10:50.329+0000] {dag.py:3954} INFO - Setting next_dagrun for example_nested_branch_dag to 2024-05-13 00:00:00+00:00, run_after=2024-05-14 00:00:00+00:00
[2024-05-14T02:10:50.440+0000] {processor.py:183} INFO - Processing /home/airflow/.local/lib/python3.12/site-packages/airflow/example_dags/example_nested_branch_dag.py took 0.143 seconds
[2024-05-14T02:11:21.088+0000] {processor.py:161} INFO - Started process (PID=2053) to work on /home/airflow/.local/lib/python3.12/site-packages/airflow/example_dags/example_nested_branch_dag.py
[2024-05-14T02:11:21.089+0000] {processor.py:830} INFO - Processing file /home/airflow/.local/lib/python3.12/site-packages/airflow/example_dags/example_nested_branch_dag.py for tasks to queue
[2024-05-14T02:11:21.090+0000] {logging_mixin.py:188} INFO - [2024-05-14T02:11:21.090+0000] {dagbag.py:545} INFO - Filling up the DagBag from /home/airflow/.local/lib/python3.12/site-packages/airflow/example_dags/example_nested_branch_dag.py
[2024-05-14T02:11:21.095+0000] {processor.py:840} INFO - DAG(s) 'example_nested_branch_dag' retrieved from /home/airflow/.local/lib/python3.12/site-packages/airflow/example_dags/example_nested_branch_dag.py
[2024-05-14T02:11:21.104+0000] {logging_mixin.py:188} INFO - [2024-05-14T02:11:21.104+0000] {dag.py:3096} INFO - Sync 1 DAGs
[2024-05-14T02:11:21.115+0000] {logging_mixin.py:188} INFO - [2024-05-14T02:11:21.115+0000] {dag.py:3954} INFO - Setting next_dagrun for example_nested_branch_dag to 2024-05-13 00:00:00+00:00, run_after=2024-05-14 00:00:00+00:00
[2024-05-14T02:11:21.123+0000] {processor.py:183} INFO - Processing /home/airflow/.local/lib/python3.12/site-packages/airflow/example_dags/example_nested_branch_dag.py took 0.040 seconds
[2024-05-14T02:11:51.501+0000] {processor.py:161} INFO - Started process (PID=2112) to work on /home/airflow/.local/lib/python3.12/site-packages/airflow/example_dags/example_nested_branch_dag.py
[2024-05-14T02:11:51.501+0000] {processor.py:830} INFO - Processing file /home/airflow/.local/lib/python3.12/site-packages/airflow/example_dags/example_nested_branch_dag.py for tasks to queue
[2024-05-14T02:11:51.502+0000] {logging_mixin.py:188} INFO - [2024-05-14T02:11:51.502+0000] {dagbag.py:545} INFO - Filling up the DagBag from /home/airflow/.local/lib/python3.12/site-packages/airflow/example_dags/example_nested_branch_dag.py
[2024-05-14T02:11:51.508+0000] {processor.py:840} INFO - DAG(s) 'example_nested_branch_dag' retrieved from /home/airflow/.local/lib/python3.12/site-packages/airflow/example_dags/example_nested_branch_dag.py
[2024-05-14T02:11:51.519+0000] {logging_mixin.py:188} INFO - [2024-05-14T02:11:51.519+0000] {dag.py:3096} INFO - Sync 1 DAGs
[2024-05-14T02:11:51.532+0000] {logging_mixin.py:188} INFO - [2024-05-14T02:11:51.532+0000] {dag.py:3954} INFO - Setting next_dagrun for example_nested_branch_dag to 2024-05-13 00:00:00+00:00, run_after=2024-05-14 00:00:00+00:00
[2024-05-14T02:11:51.541+0000] {processor.py:183} INFO - Processing /home/airflow/.local/lib/python3.12/site-packages/airflow/example_dags/example_nested_branch_dag.py took 0.044 seconds
[2024-05-14T02:12:22.530+0000] {processor.py:161} INFO - Started process (PID=2175) to work on /home/airflow/.local/lib/python3.12/site-packages/airflow/example_dags/example_nested_branch_dag.py
[2024-05-14T02:12:22.531+0000] {processor.py:830} INFO - Processing file /home/airflow/.local/lib/python3.12/site-packages/airflow/example_dags/example_nested_branch_dag.py for tasks to queue
[2024-05-14T02:12:22.532+0000] {logging_mixin.py:188} INFO - [2024-05-14T02:12:22.532+0000] {dagbag.py:545} INFO - Filling up the DagBag from /home/airflow/.local/lib/python3.12/site-packages/airflow/example_dags/example_nested_branch_dag.py
[2024-05-14T02:12:22.537+0000] {processor.py:840} INFO - DAG(s) 'example_nested_branch_dag' retrieved from /home/airflow/.local/lib/python3.12/site-packages/airflow/example_dags/example_nested_branch_dag.py
[2024-05-14T02:12:22.547+0000] {logging_mixin.py:188} INFO - [2024-05-14T02:12:22.547+0000] {dag.py:3096} INFO - Sync 1 DAGs
[2024-05-14T02:12:22.557+0000] {logging_mixin.py:188} INFO - [2024-05-14T02:12:22.557+0000] {dag.py:3954} INFO - Setting next_dagrun for example_nested_branch_dag to 2024-05-13 00:00:00+00:00, run_after=2024-05-14 00:00:00+00:00
[2024-05-14T02:12:22.565+0000] {processor.py:183} INFO - Processing /home/airflow/.local/lib/python3.12/site-packages/airflow/example_dags/example_nested_branch_dag.py took 0.038 seconds
