[2024-05-14T01:54:05.892+0000] {processor.py:161} INFO - Started process (PID=58) to work on /home/airflow/.local/lib/python3.12/site-packages/airflow/example_dags/example_sla_dag.py
[2024-05-14T01:54:05.896+0000] {processor.py:830} INFO - Processing file /home/airflow/.local/lib/python3.12/site-packages/airflow/example_dags/example_sla_dag.py for tasks to queue
[2024-05-14T01:54:05.903+0000] {logging_mixin.py:188} INFO - [2024-05-14T01:54:05.902+0000] {dagbag.py:545} INFO - Filling up the DagBag from /home/airflow/.local/lib/python3.12/site-packages/airflow/example_dags/example_sla_dag.py
[2024-05-14T01:54:05.924+0000] {processor.py:840} INFO - DAG(s) 'example_sla_dag' retrieved from /home/airflow/.local/lib/python3.12/site-packages/airflow/example_dags/example_sla_dag.py
[2024-05-14T01:54:05.961+0000] {logging_mixin.py:188} INFO - [2024-05-14T01:54:05.960+0000] {dag.py:3096} INFO - Sync 1 DAGs
[2024-05-14T01:54:06.044+0000] {logging_mixin.py:188} INFO - [2024-05-14T01:54:06.044+0000] {dag.py:3954} INFO - Setting next_dagrun for example_sla_dag to 2024-05-14 01:52:00+00:00, run_after=2024-05-14 01:54:00+00:00
[2024-05-14T01:54:06.074+0000] {processor.py:183} INFO - Processing /home/airflow/.local/lib/python3.12/site-packages/airflow/example_dags/example_sla_dag.py took 0.204 seconds
[2024-05-14T01:54:36.282+0000] {processor.py:161} INFO - Started process (PID=117) to work on /home/airflow/.local/lib/python3.12/site-packages/airflow/example_dags/example_sla_dag.py
[2024-05-14T01:54:36.284+0000] {processor.py:830} INFO - Processing file /home/airflow/.local/lib/python3.12/site-packages/airflow/example_dags/example_sla_dag.py for tasks to queue
[2024-05-14T01:54:36.285+0000] {logging_mixin.py:188} INFO - [2024-05-14T01:54:36.285+0000] {dagbag.py:545} INFO - Filling up the DagBag from /home/airflow/.local/lib/python3.12/site-packages/airflow/example_dags/example_sla_dag.py
[2024-05-14T01:54:36.290+0000] {processor.py:840} INFO - DAG(s) 'example_sla_dag' retrieved from /home/airflow/.local/lib/python3.12/site-packages/airflow/example_dags/example_sla_dag.py
[2024-05-14T01:54:36.340+0000] {logging_mixin.py:188} INFO - [2024-05-14T01:54:36.340+0000] {dag.py:3096} INFO - Sync 1 DAGs
[2024-05-14T01:54:36.350+0000] {logging_mixin.py:188} INFO - [2024-05-14T01:54:36.350+0000] {dag.py:3954} INFO - Setting next_dagrun for example_sla_dag to 2024-05-14 01:52:00+00:00, run_after=2024-05-14 01:54:00+00:00
[2024-05-14T01:54:36.358+0000] {processor.py:183} INFO - Processing /home/airflow/.local/lib/python3.12/site-packages/airflow/example_dags/example_sla_dag.py took 0.080 seconds
[2024-05-14T01:55:06.543+0000] {processor.py:161} INFO - Started process (PID=176) to work on /home/airflow/.local/lib/python3.12/site-packages/airflow/example_dags/example_sla_dag.py
[2024-05-14T01:55:06.544+0000] {processor.py:830} INFO - Processing file /home/airflow/.local/lib/python3.12/site-packages/airflow/example_dags/example_sla_dag.py for tasks to queue
[2024-05-14T01:55:06.545+0000] {logging_mixin.py:188} INFO - [2024-05-14T01:55:06.545+0000] {dagbag.py:545} INFO - Filling up the DagBag from /home/airflow/.local/lib/python3.12/site-packages/airflow/example_dags/example_sla_dag.py
[2024-05-14T01:55:06.549+0000] {processor.py:840} INFO - DAG(s) 'example_sla_dag' retrieved from /home/airflow/.local/lib/python3.12/site-packages/airflow/example_dags/example_sla_dag.py
[2024-05-14T01:55:06.559+0000] {logging_mixin.py:188} INFO - [2024-05-14T01:55:06.559+0000] {dag.py:3096} INFO - Sync 1 DAGs
[2024-05-14T01:55:06.572+0000] {logging_mixin.py:188} INFO - [2024-05-14T01:55:06.572+0000] {dag.py:3954} INFO - Setting next_dagrun for example_sla_dag to 2024-05-14 01:52:00+00:00, run_after=2024-05-14 01:54:00+00:00
[2024-05-14T01:55:06.581+0000] {processor.py:183} INFO - Processing /home/airflow/.local/lib/python3.12/site-packages/airflow/example_dags/example_sla_dag.py took 0.041 seconds
[2024-05-14T01:55:36.631+0000] {processor.py:161} INFO - Started process (PID=235) to work on /home/airflow/.local/lib/python3.12/site-packages/airflow/example_dags/example_sla_dag.py
[2024-05-14T01:55:36.632+0000] {processor.py:830} INFO - Processing file /home/airflow/.local/lib/python3.12/site-packages/airflow/example_dags/example_sla_dag.py for tasks to queue
[2024-05-14T01:55:36.633+0000] {logging_mixin.py:188} INFO - [2024-05-14T01:55:36.633+0000] {dagbag.py:545} INFO - Filling up the DagBag from /home/airflow/.local/lib/python3.12/site-packages/airflow/example_dags/example_sla_dag.py
[2024-05-14T01:55:36.637+0000] {processor.py:840} INFO - DAG(s) 'example_sla_dag' retrieved from /home/airflow/.local/lib/python3.12/site-packages/airflow/example_dags/example_sla_dag.py
[2024-05-14T01:55:36.646+0000] {logging_mixin.py:188} INFO - [2024-05-14T01:55:36.646+0000] {dag.py:3096} INFO - Sync 1 DAGs
[2024-05-14T01:55:36.656+0000] {logging_mixin.py:188} INFO - [2024-05-14T01:55:36.656+0000] {dag.py:3954} INFO - Setting next_dagrun for example_sla_dag to 2024-05-14 01:52:00+00:00, run_after=2024-05-14 01:54:00+00:00
[2024-05-14T01:55:36.664+0000] {processor.py:183} INFO - Processing /home/airflow/.local/lib/python3.12/site-packages/airflow/example_dags/example_sla_dag.py took 0.036 seconds
[2024-05-14T01:56:06.900+0000] {processor.py:161} INFO - Started process (PID=294) to work on /home/airflow/.local/lib/python3.12/site-packages/airflow/example_dags/example_sla_dag.py
[2024-05-14T01:56:06.900+0000] {processor.py:830} INFO - Processing file /home/airflow/.local/lib/python3.12/site-packages/airflow/example_dags/example_sla_dag.py for tasks to queue
[2024-05-14T01:56:06.901+0000] {logging_mixin.py:188} INFO - [2024-05-14T01:56:06.901+0000] {dagbag.py:545} INFO - Filling up the DagBag from /home/airflow/.local/lib/python3.12/site-packages/airflow/example_dags/example_sla_dag.py
[2024-05-14T01:56:06.906+0000] {processor.py:840} INFO - DAG(s) 'example_sla_dag' retrieved from /home/airflow/.local/lib/python3.12/site-packages/airflow/example_dags/example_sla_dag.py
[2024-05-14T01:56:06.915+0000] {logging_mixin.py:188} INFO - [2024-05-14T01:56:06.914+0000] {dag.py:3096} INFO - Sync 1 DAGs
[2024-05-14T01:56:06.925+0000] {logging_mixin.py:188} INFO - [2024-05-14T01:56:06.925+0000] {dag.py:3954} INFO - Setting next_dagrun for example_sla_dag to 2024-05-14 01:54:00+00:00, run_after=2024-05-14 01:56:00+00:00
[2024-05-14T01:56:06.933+0000] {processor.py:183} INFO - Processing /home/airflow/.local/lib/python3.12/site-packages/airflow/example_dags/example_sla_dag.py took 0.036 seconds
[2024-05-14T01:56:37.044+0000] {processor.py:161} INFO - Started process (PID=352) to work on /home/airflow/.local/lib/python3.12/site-packages/airflow/example_dags/example_sla_dag.py
[2024-05-14T01:56:37.045+0000] {processor.py:830} INFO - Processing file /home/airflow/.local/lib/python3.12/site-packages/airflow/example_dags/example_sla_dag.py for tasks to queue
[2024-05-14T01:56:37.046+0000] {logging_mixin.py:188} INFO - [2024-05-14T01:56:37.046+0000] {dagbag.py:545} INFO - Filling up the DagBag from /home/airflow/.local/lib/python3.12/site-packages/airflow/example_dags/example_sla_dag.py
[2024-05-14T01:56:37.051+0000] {processor.py:840} INFO - DAG(s) 'example_sla_dag' retrieved from /home/airflow/.local/lib/python3.12/site-packages/airflow/example_dags/example_sla_dag.py
[2024-05-14T01:56:37.061+0000] {logging_mixin.py:188} INFO - [2024-05-14T01:56:37.060+0000] {dag.py:3096} INFO - Sync 1 DAGs
[2024-05-14T01:56:37.072+0000] {logging_mixin.py:188} INFO - [2024-05-14T01:56:37.072+0000] {dag.py:3954} INFO - Setting next_dagrun for example_sla_dag to 2024-05-14 01:54:00+00:00, run_after=2024-05-14 01:56:00+00:00
[2024-05-14T01:56:37.081+0000] {processor.py:183} INFO - Processing /home/airflow/.local/lib/python3.12/site-packages/airflow/example_dags/example_sla_dag.py took 0.039 seconds
[2024-05-14T01:57:08.079+0000] {processor.py:161} INFO - Started process (PID=411) to work on /home/airflow/.local/lib/python3.12/site-packages/airflow/example_dags/example_sla_dag.py
[2024-05-14T01:57:08.080+0000] {processor.py:830} INFO - Processing file /home/airflow/.local/lib/python3.12/site-packages/airflow/example_dags/example_sla_dag.py for tasks to queue
[2024-05-14T01:57:08.081+0000] {logging_mixin.py:188} INFO - [2024-05-14T01:57:08.081+0000] {dagbag.py:545} INFO - Filling up the DagBag from /home/airflow/.local/lib/python3.12/site-packages/airflow/example_dags/example_sla_dag.py
[2024-05-14T01:57:08.085+0000] {processor.py:840} INFO - DAG(s) 'example_sla_dag' retrieved from /home/airflow/.local/lib/python3.12/site-packages/airflow/example_dags/example_sla_dag.py
[2024-05-14T01:57:08.095+0000] {logging_mixin.py:188} INFO - [2024-05-14T01:57:08.094+0000] {dag.py:3096} INFO - Sync 1 DAGs
[2024-05-14T01:57:08.105+0000] {logging_mixin.py:188} INFO - [2024-05-14T01:57:08.105+0000] {dag.py:3954} INFO - Setting next_dagrun for example_sla_dag to 2024-05-14 01:54:00+00:00, run_after=2024-05-14 01:56:00+00:00
[2024-05-14T01:57:08.113+0000] {processor.py:183} INFO - Processing /home/airflow/.local/lib/python3.12/site-packages/airflow/example_dags/example_sla_dag.py took 0.037 seconds
[2024-05-14T01:57:38.908+0000] {processor.py:161} INFO - Started process (PID=470) to work on /home/airflow/.local/lib/python3.12/site-packages/airflow/example_dags/example_sla_dag.py
[2024-05-14T01:57:38.908+0000] {processor.py:830} INFO - Processing file /home/airflow/.local/lib/python3.12/site-packages/airflow/example_dags/example_sla_dag.py for tasks to queue
[2024-05-14T01:57:38.909+0000] {logging_mixin.py:188} INFO - [2024-05-14T01:57:38.909+0000] {dagbag.py:545} INFO - Filling up the DagBag from /home/airflow/.local/lib/python3.12/site-packages/airflow/example_dags/example_sla_dag.py
[2024-05-14T01:57:38.914+0000] {processor.py:840} INFO - DAG(s) 'example_sla_dag' retrieved from /home/airflow/.local/lib/python3.12/site-packages/airflow/example_dags/example_sla_dag.py
[2024-05-14T01:57:38.925+0000] {logging_mixin.py:188} INFO - [2024-05-14T01:57:38.925+0000] {dag.py:3096} INFO - Sync 1 DAGs
[2024-05-14T01:57:38.936+0000] {logging_mixin.py:188} INFO - [2024-05-14T01:57:38.936+0000] {dag.py:3954} INFO - Setting next_dagrun for example_sla_dag to 2024-05-14 01:54:00+00:00, run_after=2024-05-14 01:56:00+00:00
[2024-05-14T01:57:38.943+0000] {processor.py:183} INFO - Processing /home/airflow/.local/lib/python3.12/site-packages/airflow/example_dags/example_sla_dag.py took 0.039 seconds
[2024-05-14T01:58:09.560+0000] {processor.py:161} INFO - Started process (PID=529) to work on /home/airflow/.local/lib/python3.12/site-packages/airflow/example_dags/example_sla_dag.py
[2024-05-14T01:58:09.560+0000] {processor.py:830} INFO - Processing file /home/airflow/.local/lib/python3.12/site-packages/airflow/example_dags/example_sla_dag.py for tasks to queue
[2024-05-14T01:58:09.561+0000] {logging_mixin.py:188} INFO - [2024-05-14T01:58:09.561+0000] {dagbag.py:545} INFO - Filling up the DagBag from /home/airflow/.local/lib/python3.12/site-packages/airflow/example_dags/example_sla_dag.py
[2024-05-14T01:58:09.566+0000] {processor.py:840} INFO - DAG(s) 'example_sla_dag' retrieved from /home/airflow/.local/lib/python3.12/site-packages/airflow/example_dags/example_sla_dag.py
[2024-05-14T01:58:09.575+0000] {logging_mixin.py:188} INFO - [2024-05-14T01:58:09.575+0000] {dag.py:3096} INFO - Sync 1 DAGs
[2024-05-14T01:58:09.585+0000] {logging_mixin.py:188} INFO - [2024-05-14T01:58:09.585+0000] {dag.py:3954} INFO - Setting next_dagrun for example_sla_dag to 2024-05-14 01:56:00+00:00, run_after=2024-05-14 01:58:00+00:00
[2024-05-14T01:58:09.593+0000] {processor.py:183} INFO - Processing /home/airflow/.local/lib/python3.12/site-packages/airflow/example_dags/example_sla_dag.py took 0.036 seconds
[2024-05-14T01:58:40.329+0000] {processor.py:161} INFO - Started process (PID=587) to work on /home/airflow/.local/lib/python3.12/site-packages/airflow/example_dags/example_sla_dag.py
[2024-05-14T01:58:40.330+0000] {processor.py:830} INFO - Processing file /home/airflow/.local/lib/python3.12/site-packages/airflow/example_dags/example_sla_dag.py for tasks to queue
[2024-05-14T01:58:40.334+0000] {logging_mixin.py:188} INFO - [2024-05-14T01:58:40.334+0000] {dagbag.py:545} INFO - Filling up the DagBag from /home/airflow/.local/lib/python3.12/site-packages/airflow/example_dags/example_sla_dag.py
[2024-05-14T01:58:40.339+0000] {processor.py:840} INFO - DAG(s) 'example_sla_dag' retrieved from /home/airflow/.local/lib/python3.12/site-packages/airflow/example_dags/example_sla_dag.py
[2024-05-14T01:58:40.349+0000] {logging_mixin.py:188} INFO - [2024-05-14T01:58:40.349+0000] {dag.py:3096} INFO - Sync 1 DAGs
[2024-05-14T01:58:40.361+0000] {logging_mixin.py:188} INFO - [2024-05-14T01:58:40.361+0000] {dag.py:3954} INFO - Setting next_dagrun for example_sla_dag to 2024-05-14 01:56:00+00:00, run_after=2024-05-14 01:58:00+00:00
[2024-05-14T01:58:40.370+0000] {processor.py:183} INFO - Processing /home/airflow/.local/lib/python3.12/site-packages/airflow/example_dags/example_sla_dag.py took 0.044 seconds
[2024-05-14T01:59:11.211+0000] {processor.py:161} INFO - Started process (PID=646) to work on /home/airflow/.local/lib/python3.12/site-packages/airflow/example_dags/example_sla_dag.py
[2024-05-14T01:59:11.212+0000] {processor.py:830} INFO - Processing file /home/airflow/.local/lib/python3.12/site-packages/airflow/example_dags/example_sla_dag.py for tasks to queue
[2024-05-14T01:59:11.213+0000] {logging_mixin.py:188} INFO - [2024-05-14T01:59:11.213+0000] {dagbag.py:545} INFO - Filling up the DagBag from /home/airflow/.local/lib/python3.12/site-packages/airflow/example_dags/example_sla_dag.py
[2024-05-14T01:59:11.218+0000] {processor.py:840} INFO - DAG(s) 'example_sla_dag' retrieved from /home/airflow/.local/lib/python3.12/site-packages/airflow/example_dags/example_sla_dag.py
[2024-05-14T01:59:11.228+0000] {logging_mixin.py:188} INFO - [2024-05-14T01:59:11.228+0000] {dag.py:3096} INFO - Sync 1 DAGs
[2024-05-14T01:59:11.240+0000] {logging_mixin.py:188} INFO - [2024-05-14T01:59:11.239+0000] {dag.py:3954} INFO - Setting next_dagrun for example_sla_dag to 2024-05-14 01:56:00+00:00, run_after=2024-05-14 01:58:00+00:00
[2024-05-14T01:59:11.248+0000] {processor.py:183} INFO - Processing /home/airflow/.local/lib/python3.12/site-packages/airflow/example_dags/example_sla_dag.py took 0.041 seconds
[2024-05-14T01:59:41.937+0000] {processor.py:161} INFO - Started process (PID=705) to work on /home/airflow/.local/lib/python3.12/site-packages/airflow/example_dags/example_sla_dag.py
[2024-05-14T01:59:41.938+0000] {processor.py:830} INFO - Processing file /home/airflow/.local/lib/python3.12/site-packages/airflow/example_dags/example_sla_dag.py for tasks to queue
[2024-05-14T01:59:41.940+0000] {logging_mixin.py:188} INFO - [2024-05-14T01:59:41.940+0000] {dagbag.py:545} INFO - Filling up the DagBag from /home/airflow/.local/lib/python3.12/site-packages/airflow/example_dags/example_sla_dag.py
[2024-05-14T01:59:41.945+0000] {processor.py:840} INFO - DAG(s) 'example_sla_dag' retrieved from /home/airflow/.local/lib/python3.12/site-packages/airflow/example_dags/example_sla_dag.py
[2024-05-14T01:59:41.959+0000] {logging_mixin.py:188} INFO - [2024-05-14T01:59:41.958+0000] {dag.py:3096} INFO - Sync 1 DAGs
[2024-05-14T01:59:41.976+0000] {logging_mixin.py:188} INFO - [2024-05-14T01:59:41.976+0000] {dag.py:3954} INFO - Setting next_dagrun for example_sla_dag to 2024-05-14 01:56:00+00:00, run_after=2024-05-14 01:58:00+00:00
[2024-05-14T01:59:41.996+0000] {processor.py:183} INFO - Processing /home/airflow/.local/lib/python3.12/site-packages/airflow/example_dags/example_sla_dag.py took 0.065 seconds
[2024-05-14T02:00:12.771+0000] {processor.py:161} INFO - Started process (PID=764) to work on /home/airflow/.local/lib/python3.12/site-packages/airflow/example_dags/example_sla_dag.py
[2024-05-14T02:00:12.772+0000] {processor.py:830} INFO - Processing file /home/airflow/.local/lib/python3.12/site-packages/airflow/example_dags/example_sla_dag.py for tasks to queue
[2024-05-14T02:00:12.773+0000] {logging_mixin.py:188} INFO - [2024-05-14T02:00:12.773+0000] {dagbag.py:545} INFO - Filling up the DagBag from /home/airflow/.local/lib/python3.12/site-packages/airflow/example_dags/example_sla_dag.py
[2024-05-14T02:00:12.777+0000] {processor.py:840} INFO - DAG(s) 'example_sla_dag' retrieved from /home/airflow/.local/lib/python3.12/site-packages/airflow/example_dags/example_sla_dag.py
[2024-05-14T02:00:12.788+0000] {logging_mixin.py:188} INFO - [2024-05-14T02:00:12.787+0000] {dag.py:3096} INFO - Sync 1 DAGs
[2024-05-14T02:00:12.798+0000] {logging_mixin.py:188} INFO - [2024-05-14T02:00:12.798+0000] {dag.py:3954} INFO - Setting next_dagrun for example_sla_dag to 2024-05-14 01:58:00+00:00, run_after=2024-05-14 02:00:00+00:00
[2024-05-14T02:00:12.806+0000] {processor.py:183} INFO - Processing /home/airflow/.local/lib/python3.12/site-packages/airflow/example_dags/example_sla_dag.py took 0.038 seconds
[2024-05-14T02:00:43.602+0000] {processor.py:161} INFO - Started process (PID=823) to work on /home/airflow/.local/lib/python3.12/site-packages/airflow/example_dags/example_sla_dag.py
[2024-05-14T02:00:43.603+0000] {processor.py:830} INFO - Processing file /home/airflow/.local/lib/python3.12/site-packages/airflow/example_dags/example_sla_dag.py for tasks to queue
[2024-05-14T02:00:43.604+0000] {logging_mixin.py:188} INFO - [2024-05-14T02:00:43.603+0000] {dagbag.py:545} INFO - Filling up the DagBag from /home/airflow/.local/lib/python3.12/site-packages/airflow/example_dags/example_sla_dag.py
[2024-05-14T02:00:43.608+0000] {processor.py:840} INFO - DAG(s) 'example_sla_dag' retrieved from /home/airflow/.local/lib/python3.12/site-packages/airflow/example_dags/example_sla_dag.py
[2024-05-14T02:00:43.618+0000] {logging_mixin.py:188} INFO - [2024-05-14T02:00:43.617+0000] {dag.py:3096} INFO - Sync 1 DAGs
[2024-05-14T02:00:43.628+0000] {logging_mixin.py:188} INFO - [2024-05-14T02:00:43.628+0000] {dag.py:3954} INFO - Setting next_dagrun for example_sla_dag to 2024-05-14 01:58:00+00:00, run_after=2024-05-14 02:00:00+00:00
[2024-05-14T02:00:43.637+0000] {processor.py:183} INFO - Processing /home/airflow/.local/lib/python3.12/site-packages/airflow/example_dags/example_sla_dag.py took 0.038 seconds
[2024-05-14T02:01:13.769+0000] {processor.py:161} INFO - Started process (PID=882) to work on /home/airflow/.local/lib/python3.12/site-packages/airflow/example_dags/example_sla_dag.py
[2024-05-14T02:01:13.769+0000] {processor.py:830} INFO - Processing file /home/airflow/.local/lib/python3.12/site-packages/airflow/example_dags/example_sla_dag.py for tasks to queue
[2024-05-14T02:01:13.770+0000] {logging_mixin.py:188} INFO - [2024-05-14T02:01:13.770+0000] {dagbag.py:545} INFO - Filling up the DagBag from /home/airflow/.local/lib/python3.12/site-packages/airflow/example_dags/example_sla_dag.py
[2024-05-14T02:01:13.775+0000] {processor.py:840} INFO - DAG(s) 'example_sla_dag' retrieved from /home/airflow/.local/lib/python3.12/site-packages/airflow/example_dags/example_sla_dag.py
[2024-05-14T02:01:13.784+0000] {logging_mixin.py:188} INFO - [2024-05-14T02:01:13.784+0000] {dag.py:3096} INFO - Sync 1 DAGs
[2024-05-14T02:01:13.794+0000] {logging_mixin.py:188} INFO - [2024-05-14T02:01:13.794+0000] {dag.py:3954} INFO - Setting next_dagrun for example_sla_dag to 2024-05-14 01:58:00+00:00, run_after=2024-05-14 02:00:00+00:00
[2024-05-14T02:01:13.802+0000] {processor.py:183} INFO - Processing /home/airflow/.local/lib/python3.12/site-packages/airflow/example_dags/example_sla_dag.py took 0.037 seconds
[2024-05-14T02:01:44.876+0000] {processor.py:161} INFO - Started process (PID=941) to work on /home/airflow/.local/lib/python3.12/site-packages/airflow/example_dags/example_sla_dag.py
[2024-05-14T02:01:44.877+0000] {processor.py:830} INFO - Processing file /home/airflow/.local/lib/python3.12/site-packages/airflow/example_dags/example_sla_dag.py for tasks to queue
[2024-05-14T02:01:44.878+0000] {logging_mixin.py:188} INFO - [2024-05-14T02:01:44.878+0000] {dagbag.py:545} INFO - Filling up the DagBag from /home/airflow/.local/lib/python3.12/site-packages/airflow/example_dags/example_sla_dag.py
[2024-05-14T02:01:44.882+0000] {processor.py:840} INFO - DAG(s) 'example_sla_dag' retrieved from /home/airflow/.local/lib/python3.12/site-packages/airflow/example_dags/example_sla_dag.py
[2024-05-14T02:01:44.891+0000] {logging_mixin.py:188} INFO - [2024-05-14T02:01:44.891+0000] {dag.py:3096} INFO - Sync 1 DAGs
[2024-05-14T02:01:44.900+0000] {logging_mixin.py:188} INFO - [2024-05-14T02:01:44.900+0000] {dag.py:3954} INFO - Setting next_dagrun for example_sla_dag to 2024-05-14 01:58:00+00:00, run_after=2024-05-14 02:00:00+00:00
[2024-05-14T02:01:44.908+0000] {processor.py:183} INFO - Processing /home/airflow/.local/lib/python3.12/site-packages/airflow/example_dags/example_sla_dag.py took 0.035 seconds
[2024-05-14T02:02:15.177+0000] {processor.py:161} INFO - Started process (PID=1000) to work on /home/airflow/.local/lib/python3.12/site-packages/airflow/example_dags/example_sla_dag.py
[2024-05-14T02:02:15.177+0000] {processor.py:830} INFO - Processing file /home/airflow/.local/lib/python3.12/site-packages/airflow/example_dags/example_sla_dag.py for tasks to queue
[2024-05-14T02:02:15.179+0000] {logging_mixin.py:188} INFO - [2024-05-14T02:02:15.179+0000] {dagbag.py:545} INFO - Filling up the DagBag from /home/airflow/.local/lib/python3.12/site-packages/airflow/example_dags/example_sla_dag.py
[2024-05-14T02:02:15.189+0000] {processor.py:840} INFO - DAG(s) 'example_sla_dag' retrieved from /home/airflow/.local/lib/python3.12/site-packages/airflow/example_dags/example_sla_dag.py
[2024-05-14T02:02:15.201+0000] {logging_mixin.py:188} INFO - [2024-05-14T02:02:15.201+0000] {dag.py:3096} INFO - Sync 1 DAGs
[2024-05-14T02:02:15.216+0000] {logging_mixin.py:188} INFO - [2024-05-14T02:02:15.215+0000] {dag.py:3954} INFO - Setting next_dagrun for example_sla_dag to 2024-05-14 02:00:00+00:00, run_after=2024-05-14 02:02:00+00:00
[2024-05-14T02:02:15.227+0000] {processor.py:183} INFO - Processing /home/airflow/.local/lib/python3.12/site-packages/airflow/example_dags/example_sla_dag.py took 0.056 seconds
[2024-05-14T02:02:45.334+0000] {processor.py:161} INFO - Started process (PID=1059) to work on /home/airflow/.local/lib/python3.12/site-packages/airflow/example_dags/example_sla_dag.py
[2024-05-14T02:02:45.335+0000] {processor.py:830} INFO - Processing file /home/airflow/.local/lib/python3.12/site-packages/airflow/example_dags/example_sla_dag.py for tasks to queue
[2024-05-14T02:02:45.336+0000] {logging_mixin.py:188} INFO - [2024-05-14T02:02:45.336+0000] {dagbag.py:545} INFO - Filling up the DagBag from /home/airflow/.local/lib/python3.12/site-packages/airflow/example_dags/example_sla_dag.py
[2024-05-14T02:02:45.341+0000] {processor.py:840} INFO - DAG(s) 'example_sla_dag' retrieved from /home/airflow/.local/lib/python3.12/site-packages/airflow/example_dags/example_sla_dag.py
[2024-05-14T02:02:45.351+0000] {logging_mixin.py:188} INFO - [2024-05-14T02:02:45.351+0000] {dag.py:3096} INFO - Sync 1 DAGs
[2024-05-14T02:02:45.363+0000] {logging_mixin.py:188} INFO - [2024-05-14T02:02:45.363+0000] {dag.py:3954} INFO - Setting next_dagrun for example_sla_dag to 2024-05-14 02:00:00+00:00, run_after=2024-05-14 02:02:00+00:00
[2024-05-14T02:02:45.372+0000] {processor.py:183} INFO - Processing /home/airflow/.local/lib/python3.12/site-packages/airflow/example_dags/example_sla_dag.py took 0.041 seconds
[2024-05-14T02:03:15.406+0000] {processor.py:161} INFO - Started process (PID=1118) to work on /home/airflow/.local/lib/python3.12/site-packages/airflow/example_dags/example_sla_dag.py
[2024-05-14T02:03:15.406+0000] {processor.py:830} INFO - Processing file /home/airflow/.local/lib/python3.12/site-packages/airflow/example_dags/example_sla_dag.py for tasks to queue
[2024-05-14T02:03:15.407+0000] {logging_mixin.py:188} INFO - [2024-05-14T02:03:15.407+0000] {dagbag.py:545} INFO - Filling up the DagBag from /home/airflow/.local/lib/python3.12/site-packages/airflow/example_dags/example_sla_dag.py
[2024-05-14T02:03:15.412+0000] {processor.py:840} INFO - DAG(s) 'example_sla_dag' retrieved from /home/airflow/.local/lib/python3.12/site-packages/airflow/example_dags/example_sla_dag.py
[2024-05-14T02:03:15.422+0000] {logging_mixin.py:188} INFO - [2024-05-14T02:03:15.421+0000] {dag.py:3096} INFO - Sync 1 DAGs
[2024-05-14T02:03:15.432+0000] {logging_mixin.py:188} INFO - [2024-05-14T02:03:15.432+0000] {dag.py:3954} INFO - Setting next_dagrun for example_sla_dag to 2024-05-14 02:00:00+00:00, run_after=2024-05-14 02:02:00+00:00
[2024-05-14T02:03:15.440+0000] {processor.py:183} INFO - Processing /home/airflow/.local/lib/python3.12/site-packages/airflow/example_dags/example_sla_dag.py took 0.037 seconds
[2024-05-14T02:03:46.256+0000] {processor.py:161} INFO - Started process (PID=1177) to work on /home/airflow/.local/lib/python3.12/site-packages/airflow/example_dags/example_sla_dag.py
[2024-05-14T02:03:46.256+0000] {processor.py:830} INFO - Processing file /home/airflow/.local/lib/python3.12/site-packages/airflow/example_dags/example_sla_dag.py for tasks to queue
[2024-05-14T02:03:46.257+0000] {logging_mixin.py:188} INFO - [2024-05-14T02:03:46.257+0000] {dagbag.py:545} INFO - Filling up the DagBag from /home/airflow/.local/lib/python3.12/site-packages/airflow/example_dags/example_sla_dag.py
[2024-05-14T02:03:46.261+0000] {processor.py:840} INFO - DAG(s) 'example_sla_dag' retrieved from /home/airflow/.local/lib/python3.12/site-packages/airflow/example_dags/example_sla_dag.py
[2024-05-14T02:03:46.271+0000] {logging_mixin.py:188} INFO - [2024-05-14T02:03:46.271+0000] {dag.py:3096} INFO - Sync 1 DAGs
[2024-05-14T02:03:46.281+0000] {logging_mixin.py:188} INFO - [2024-05-14T02:03:46.281+0000] {dag.py:3954} INFO - Setting next_dagrun for example_sla_dag to 2024-05-14 02:00:00+00:00, run_after=2024-05-14 02:02:00+00:00
[2024-05-14T02:03:46.289+0000] {processor.py:183} INFO - Processing /home/airflow/.local/lib/python3.12/site-packages/airflow/example_dags/example_sla_dag.py took 0.037 seconds
[2024-05-14T02:04:16.346+0000] {processor.py:161} INFO - Started process (PID=1235) to work on /home/airflow/.local/lib/python3.12/site-packages/airflow/example_dags/example_sla_dag.py
[2024-05-14T02:04:16.346+0000] {processor.py:830} INFO - Processing file /home/airflow/.local/lib/python3.12/site-packages/airflow/example_dags/example_sla_dag.py for tasks to queue
[2024-05-14T02:04:16.347+0000] {logging_mixin.py:188} INFO - [2024-05-14T02:04:16.347+0000] {dagbag.py:545} INFO - Filling up the DagBag from /home/airflow/.local/lib/python3.12/site-packages/airflow/example_dags/example_sla_dag.py
[2024-05-14T02:04:16.352+0000] {processor.py:840} INFO - DAG(s) 'example_sla_dag' retrieved from /home/airflow/.local/lib/python3.12/site-packages/airflow/example_dags/example_sla_dag.py
[2024-05-14T02:04:16.362+0000] {logging_mixin.py:188} INFO - [2024-05-14T02:04:16.362+0000] {dag.py:3096} INFO - Sync 1 DAGs
[2024-05-14T02:04:16.376+0000] {logging_mixin.py:188} INFO - [2024-05-14T02:04:16.376+0000] {dag.py:3954} INFO - Setting next_dagrun for example_sla_dag to 2024-05-14 02:02:00+00:00, run_after=2024-05-14 02:04:00+00:00
[2024-05-14T02:04:16.384+0000] {processor.py:183} INFO - Processing /home/airflow/.local/lib/python3.12/site-packages/airflow/example_dags/example_sla_dag.py took 0.042 seconds
[2024-05-14T02:04:46.484+0000] {processor.py:161} INFO - Started process (PID=1294) to work on /home/airflow/.local/lib/python3.12/site-packages/airflow/example_dags/example_sla_dag.py
[2024-05-14T02:04:46.485+0000] {processor.py:830} INFO - Processing file /home/airflow/.local/lib/python3.12/site-packages/airflow/example_dags/example_sla_dag.py for tasks to queue
[2024-05-14T02:04:46.486+0000] {logging_mixin.py:188} INFO - [2024-05-14T02:04:46.485+0000] {dagbag.py:545} INFO - Filling up the DagBag from /home/airflow/.local/lib/python3.12/site-packages/airflow/example_dags/example_sla_dag.py
[2024-05-14T02:04:46.490+0000] {processor.py:840} INFO - DAG(s) 'example_sla_dag' retrieved from /home/airflow/.local/lib/python3.12/site-packages/airflow/example_dags/example_sla_dag.py
[2024-05-14T02:04:46.500+0000] {logging_mixin.py:188} INFO - [2024-05-14T02:04:46.500+0000] {dag.py:3096} INFO - Sync 1 DAGs
[2024-05-14T02:04:46.511+0000] {logging_mixin.py:188} INFO - [2024-05-14T02:04:46.511+0000] {dag.py:3954} INFO - Setting next_dagrun for example_sla_dag to 2024-05-14 02:02:00+00:00, run_after=2024-05-14 02:04:00+00:00
[2024-05-14T02:04:46.521+0000] {processor.py:183} INFO - Processing /home/airflow/.local/lib/python3.12/site-packages/airflow/example_dags/example_sla_dag.py took 0.040 seconds
[2024-05-14T02:05:16.608+0000] {processor.py:161} INFO - Started process (PID=1353) to work on /home/airflow/.local/lib/python3.12/site-packages/airflow/example_dags/example_sla_dag.py
[2024-05-14T02:05:16.609+0000] {processor.py:830} INFO - Processing file /home/airflow/.local/lib/python3.12/site-packages/airflow/example_dags/example_sla_dag.py for tasks to queue
[2024-05-14T02:05:16.610+0000] {logging_mixin.py:188} INFO - [2024-05-14T02:05:16.610+0000] {dagbag.py:545} INFO - Filling up the DagBag from /home/airflow/.local/lib/python3.12/site-packages/airflow/example_dags/example_sla_dag.py
[2024-05-14T02:05:16.614+0000] {processor.py:840} INFO - DAG(s) 'example_sla_dag' retrieved from /home/airflow/.local/lib/python3.12/site-packages/airflow/example_dags/example_sla_dag.py
[2024-05-14T02:05:16.624+0000] {logging_mixin.py:188} INFO - [2024-05-14T02:05:16.624+0000] {dag.py:3096} INFO - Sync 1 DAGs
[2024-05-14T02:05:16.635+0000] {logging_mixin.py:188} INFO - [2024-05-14T02:05:16.635+0000] {dag.py:3954} INFO - Setting next_dagrun for example_sla_dag to 2024-05-14 02:02:00+00:00, run_after=2024-05-14 02:04:00+00:00
[2024-05-14T02:05:16.644+0000] {processor.py:183} INFO - Processing /home/airflow/.local/lib/python3.12/site-packages/airflow/example_dags/example_sla_dag.py took 0.039 seconds
[2024-05-14T02:05:47.396+0000] {processor.py:161} INFO - Started process (PID=1412) to work on /home/airflow/.local/lib/python3.12/site-packages/airflow/example_dags/example_sla_dag.py
[2024-05-14T02:05:47.397+0000] {processor.py:830} INFO - Processing file /home/airflow/.local/lib/python3.12/site-packages/airflow/example_dags/example_sla_dag.py for tasks to queue
[2024-05-14T02:05:47.398+0000] {logging_mixin.py:188} INFO - [2024-05-14T02:05:47.397+0000] {dagbag.py:545} INFO - Filling up the DagBag from /home/airflow/.local/lib/python3.12/site-packages/airflow/example_dags/example_sla_dag.py
[2024-05-14T02:05:47.402+0000] {processor.py:840} INFO - DAG(s) 'example_sla_dag' retrieved from /home/airflow/.local/lib/python3.12/site-packages/airflow/example_dags/example_sla_dag.py
[2024-05-14T02:05:47.412+0000] {logging_mixin.py:188} INFO - [2024-05-14T02:05:47.412+0000] {dag.py:3096} INFO - Sync 1 DAGs
[2024-05-14T02:05:47.423+0000] {logging_mixin.py:188} INFO - [2024-05-14T02:05:47.423+0000] {dag.py:3954} INFO - Setting next_dagrun for example_sla_dag to 2024-05-14 02:02:00+00:00, run_after=2024-05-14 02:04:00+00:00
[2024-05-14T02:05:47.431+0000] {processor.py:183} INFO - Processing /home/airflow/.local/lib/python3.12/site-packages/airflow/example_dags/example_sla_dag.py took 0.038 seconds
[2024-05-14T02:06:17.507+0000] {processor.py:161} INFO - Started process (PID=1471) to work on /home/airflow/.local/lib/python3.12/site-packages/airflow/example_dags/example_sla_dag.py
[2024-05-14T02:06:17.508+0000] {processor.py:830} INFO - Processing file /home/airflow/.local/lib/python3.12/site-packages/airflow/example_dags/example_sla_dag.py for tasks to queue
[2024-05-14T02:06:17.509+0000] {logging_mixin.py:188} INFO - [2024-05-14T02:06:17.508+0000] {dagbag.py:545} INFO - Filling up the DagBag from /home/airflow/.local/lib/python3.12/site-packages/airflow/example_dags/example_sla_dag.py
[2024-05-14T02:06:17.513+0000] {processor.py:840} INFO - DAG(s) 'example_sla_dag' retrieved from /home/airflow/.local/lib/python3.12/site-packages/airflow/example_dags/example_sla_dag.py
[2024-05-14T02:06:17.522+0000] {logging_mixin.py:188} INFO - [2024-05-14T02:06:17.522+0000] {dag.py:3096} INFO - Sync 1 DAGs
[2024-05-14T02:06:17.533+0000] {logging_mixin.py:188} INFO - [2024-05-14T02:06:17.533+0000] {dag.py:3954} INFO - Setting next_dagrun for example_sla_dag to 2024-05-14 02:04:00+00:00, run_after=2024-05-14 02:06:00+00:00
[2024-05-14T02:06:17.542+0000] {processor.py:183} INFO - Processing /home/airflow/.local/lib/python3.12/site-packages/airflow/example_dags/example_sla_dag.py took 0.038 seconds
[2024-05-14T02:06:47.674+0000] {processor.py:161} INFO - Started process (PID=1530) to work on /home/airflow/.local/lib/python3.12/site-packages/airflow/example_dags/example_sla_dag.py
[2024-05-14T02:06:47.675+0000] {processor.py:830} INFO - Processing file /home/airflow/.local/lib/python3.12/site-packages/airflow/example_dags/example_sla_dag.py for tasks to queue
[2024-05-14T02:06:47.676+0000] {logging_mixin.py:188} INFO - [2024-05-14T02:06:47.676+0000] {dagbag.py:545} INFO - Filling up the DagBag from /home/airflow/.local/lib/python3.12/site-packages/airflow/example_dags/example_sla_dag.py
[2024-05-14T02:06:47.681+0000] {processor.py:840} INFO - DAG(s) 'example_sla_dag' retrieved from /home/airflow/.local/lib/python3.12/site-packages/airflow/example_dags/example_sla_dag.py
[2024-05-14T02:06:47.691+0000] {logging_mixin.py:188} INFO - [2024-05-14T02:06:47.691+0000] {dag.py:3096} INFO - Sync 1 DAGs
[2024-05-14T02:06:47.703+0000] {logging_mixin.py:188} INFO - [2024-05-14T02:06:47.703+0000] {dag.py:3954} INFO - Setting next_dagrun for example_sla_dag to 2024-05-14 02:04:00+00:00, run_after=2024-05-14 02:06:00+00:00
[2024-05-14T02:06:47.713+0000] {processor.py:183} INFO - Processing /home/airflow/.local/lib/python3.12/site-packages/airflow/example_dags/example_sla_dag.py took 0.042 seconds
[2024-05-14T02:07:17.948+0000] {processor.py:161} INFO - Started process (PID=1589) to work on /home/airflow/.local/lib/python3.12/site-packages/airflow/example_dags/example_sla_dag.py
[2024-05-14T02:07:17.949+0000] {processor.py:830} INFO - Processing file /home/airflow/.local/lib/python3.12/site-packages/airflow/example_dags/example_sla_dag.py for tasks to queue
[2024-05-14T02:07:17.951+0000] {logging_mixin.py:188} INFO - [2024-05-14T02:07:17.951+0000] {dagbag.py:545} INFO - Filling up the DagBag from /home/airflow/.local/lib/python3.12/site-packages/airflow/example_dags/example_sla_dag.py
[2024-05-14T02:07:17.957+0000] {processor.py:840} INFO - DAG(s) 'example_sla_dag' retrieved from /home/airflow/.local/lib/python3.12/site-packages/airflow/example_dags/example_sla_dag.py
[2024-05-14T02:07:17.998+0000] {logging_mixin.py:188} INFO - [2024-05-14T02:07:17.998+0000] {dag.py:3096} INFO - Sync 1 DAGs
[2024-05-14T02:07:18.011+0000] {logging_mixin.py:188} INFO - [2024-05-14T02:07:18.011+0000] {dag.py:3954} INFO - Setting next_dagrun for example_sla_dag to 2024-05-14 02:04:00+00:00, run_after=2024-05-14 02:06:00+00:00
[2024-05-14T02:07:18.022+0000] {processor.py:183} INFO - Processing /home/airflow/.local/lib/python3.12/site-packages/airflow/example_dags/example_sla_dag.py took 0.077 seconds
[2024-05-14T02:07:48.208+0000] {processor.py:161} INFO - Started process (PID=1648) to work on /home/airflow/.local/lib/python3.12/site-packages/airflow/example_dags/example_sla_dag.py
[2024-05-14T02:07:48.209+0000] {processor.py:830} INFO - Processing file /home/airflow/.local/lib/python3.12/site-packages/airflow/example_dags/example_sla_dag.py for tasks to queue
[2024-05-14T02:07:48.210+0000] {logging_mixin.py:188} INFO - [2024-05-14T02:07:48.210+0000] {dagbag.py:545} INFO - Filling up the DagBag from /home/airflow/.local/lib/python3.12/site-packages/airflow/example_dags/example_sla_dag.py
[2024-05-14T02:07:48.216+0000] {processor.py:840} INFO - DAG(s) 'example_sla_dag' retrieved from /home/airflow/.local/lib/python3.12/site-packages/airflow/example_dags/example_sla_dag.py
[2024-05-14T02:07:48.230+0000] {logging_mixin.py:188} INFO - [2024-05-14T02:07:48.229+0000] {dag.py:3096} INFO - Sync 1 DAGs
[2024-05-14T02:07:48.241+0000] {logging_mixin.py:188} INFO - [2024-05-14T02:07:48.241+0000] {dag.py:3954} INFO - Setting next_dagrun for example_sla_dag to 2024-05-14 02:04:00+00:00, run_after=2024-05-14 02:06:00+00:00
[2024-05-14T02:07:48.250+0000] {processor.py:183} INFO - Processing /home/airflow/.local/lib/python3.12/site-packages/airflow/example_dags/example_sla_dag.py took 0.046 seconds
[2024-05-14T02:08:19.257+0000] {processor.py:161} INFO - Started process (PID=1707) to work on /home/airflow/.local/lib/python3.12/site-packages/airflow/example_dags/example_sla_dag.py
[2024-05-14T02:08:19.258+0000] {processor.py:830} INFO - Processing file /home/airflow/.local/lib/python3.12/site-packages/airflow/example_dags/example_sla_dag.py for tasks to queue
[2024-05-14T02:08:19.259+0000] {logging_mixin.py:188} INFO - [2024-05-14T02:08:19.258+0000] {dagbag.py:545} INFO - Filling up the DagBag from /home/airflow/.local/lib/python3.12/site-packages/airflow/example_dags/example_sla_dag.py
[2024-05-14T02:08:19.263+0000] {processor.py:840} INFO - DAG(s) 'example_sla_dag' retrieved from /home/airflow/.local/lib/python3.12/site-packages/airflow/example_dags/example_sla_dag.py
[2024-05-14T02:08:19.276+0000] {logging_mixin.py:188} INFO - [2024-05-14T02:08:19.276+0000] {dag.py:3096} INFO - Sync 1 DAGs
[2024-05-14T02:08:19.290+0000] {logging_mixin.py:188} INFO - [2024-05-14T02:08:19.290+0000] {dag.py:3954} INFO - Setting next_dagrun for example_sla_dag to 2024-05-14 02:06:00+00:00, run_after=2024-05-14 02:08:00+00:00
[2024-05-14T02:08:19.300+0000] {processor.py:183} INFO - Processing /home/airflow/.local/lib/python3.12/site-packages/airflow/example_dags/example_sla_dag.py took 0.046 seconds
[2024-05-14T02:08:49.361+0000] {processor.py:161} INFO - Started process (PID=1765) to work on /home/airflow/.local/lib/python3.12/site-packages/airflow/example_dags/example_sla_dag.py
[2024-05-14T02:08:49.363+0000] {processor.py:830} INFO - Processing file /home/airflow/.local/lib/python3.12/site-packages/airflow/example_dags/example_sla_dag.py for tasks to queue
[2024-05-14T02:08:49.365+0000] {logging_mixin.py:188} INFO - [2024-05-14T02:08:49.364+0000] {dagbag.py:545} INFO - Filling up the DagBag from /home/airflow/.local/lib/python3.12/site-packages/airflow/example_dags/example_sla_dag.py
[2024-05-14T02:08:49.374+0000] {processor.py:840} INFO - DAG(s) 'example_sla_dag' retrieved from /home/airflow/.local/lib/python3.12/site-packages/airflow/example_dags/example_sla_dag.py
[2024-05-14T02:08:49.391+0000] {logging_mixin.py:188} INFO - [2024-05-14T02:08:49.391+0000] {dag.py:3096} INFO - Sync 1 DAGs
[2024-05-14T02:08:49.406+0000] {logging_mixin.py:188} INFO - [2024-05-14T02:08:49.405+0000] {dag.py:3954} INFO - Setting next_dagrun for example_sla_dag to 2024-05-14 02:06:00+00:00, run_after=2024-05-14 02:08:00+00:00
[2024-05-14T02:08:49.415+0000] {processor.py:183} INFO - Processing /home/airflow/.local/lib/python3.12/site-packages/airflow/example_dags/example_sla_dag.py took 0.062 seconds
[2024-05-14T02:09:20.192+0000] {processor.py:161} INFO - Started process (PID=1825) to work on /home/airflow/.local/lib/python3.12/site-packages/airflow/example_dags/example_sla_dag.py
[2024-05-14T02:09:20.193+0000] {processor.py:830} INFO - Processing file /home/airflow/.local/lib/python3.12/site-packages/airflow/example_dags/example_sla_dag.py for tasks to queue
[2024-05-14T02:09:20.194+0000] {logging_mixin.py:188} INFO - [2024-05-14T02:09:20.193+0000] {dagbag.py:545} INFO - Filling up the DagBag from /home/airflow/.local/lib/python3.12/site-packages/airflow/example_dags/example_sla_dag.py
[2024-05-14T02:09:20.198+0000] {processor.py:840} INFO - DAG(s) 'example_sla_dag' retrieved from /home/airflow/.local/lib/python3.12/site-packages/airflow/example_dags/example_sla_dag.py
[2024-05-14T02:09:20.210+0000] {logging_mixin.py:188} INFO - [2024-05-14T02:09:20.210+0000] {dag.py:3096} INFO - Sync 1 DAGs
[2024-05-14T02:09:20.222+0000] {logging_mixin.py:188} INFO - [2024-05-14T02:09:20.222+0000] {dag.py:3954} INFO - Setting next_dagrun for example_sla_dag to 2024-05-14 02:06:00+00:00, run_after=2024-05-14 02:08:00+00:00
[2024-05-14T02:09:20.232+0000] {processor.py:183} INFO - Processing /home/airflow/.local/lib/python3.12/site-packages/airflow/example_dags/example_sla_dag.py took 0.043 seconds
[2024-05-14T02:09:50.551+0000] {processor.py:161} INFO - Started process (PID=1884) to work on /home/airflow/.local/lib/python3.12/site-packages/airflow/example_dags/example_sla_dag.py
[2024-05-14T02:09:50.552+0000] {processor.py:830} INFO - Processing file /home/airflow/.local/lib/python3.12/site-packages/airflow/example_dags/example_sla_dag.py for tasks to queue
[2024-05-14T02:09:50.553+0000] {logging_mixin.py:188} INFO - [2024-05-14T02:09:50.553+0000] {dagbag.py:545} INFO - Filling up the DagBag from /home/airflow/.local/lib/python3.12/site-packages/airflow/example_dags/example_sla_dag.py
[2024-05-14T02:09:50.557+0000] {processor.py:840} INFO - DAG(s) 'example_sla_dag' retrieved from /home/airflow/.local/lib/python3.12/site-packages/airflow/example_dags/example_sla_dag.py
[2024-05-14T02:09:50.569+0000] {logging_mixin.py:188} INFO - [2024-05-14T02:09:50.569+0000] {dag.py:3096} INFO - Sync 1 DAGs
[2024-05-14T02:09:50.582+0000] {logging_mixin.py:188} INFO - [2024-05-14T02:09:50.582+0000] {dag.py:3954} INFO - Setting next_dagrun for example_sla_dag to 2024-05-14 02:06:00+00:00, run_after=2024-05-14 02:08:00+00:00
[2024-05-14T02:09:50.591+0000] {processor.py:183} INFO - Processing /home/airflow/.local/lib/python3.12/site-packages/airflow/example_dags/example_sla_dag.py took 0.043 seconds
[2024-05-14T02:10:21.085+0000] {processor.py:161} INFO - Started process (PID=1943) to work on /home/airflow/.local/lib/python3.12/site-packages/airflow/example_dags/example_sla_dag.py
[2024-05-14T02:10:21.085+0000] {processor.py:830} INFO - Processing file /home/airflow/.local/lib/python3.12/site-packages/airflow/example_dags/example_sla_dag.py for tasks to queue
[2024-05-14T02:10:21.087+0000] {logging_mixin.py:188} INFO - [2024-05-14T02:10:21.086+0000] {dagbag.py:545} INFO - Filling up the DagBag from /home/airflow/.local/lib/python3.12/site-packages/airflow/example_dags/example_sla_dag.py
[2024-05-14T02:10:21.091+0000] {processor.py:840} INFO - DAG(s) 'example_sla_dag' retrieved from /home/airflow/.local/lib/python3.12/site-packages/airflow/example_dags/example_sla_dag.py
[2024-05-14T02:10:21.103+0000] {logging_mixin.py:188} INFO - [2024-05-14T02:10:21.103+0000] {dag.py:3096} INFO - Sync 1 DAGs
[2024-05-14T02:10:21.214+0000] {logging_mixin.py:188} INFO - [2024-05-14T02:10:21.214+0000] {dag.py:3954} INFO - Setting next_dagrun for example_sla_dag to 2024-05-14 02:08:00+00:00, run_after=2024-05-14 02:10:00+00:00
[2024-05-14T02:10:21.224+0000] {processor.py:183} INFO - Processing /home/airflow/.local/lib/python3.12/site-packages/airflow/example_dags/example_sla_dag.py took 0.142 seconds
[2024-05-14T02:10:51.967+0000] {processor.py:161} INFO - Started process (PID=2007) to work on /home/airflow/.local/lib/python3.12/site-packages/airflow/example_dags/example_sla_dag.py
[2024-05-14T02:10:51.968+0000] {processor.py:830} INFO - Processing file /home/airflow/.local/lib/python3.12/site-packages/airflow/example_dags/example_sla_dag.py for tasks to queue
[2024-05-14T02:10:51.969+0000] {logging_mixin.py:188} INFO - [2024-05-14T02:10:51.968+0000] {dagbag.py:545} INFO - Filling up the DagBag from /home/airflow/.local/lib/python3.12/site-packages/airflow/example_dags/example_sla_dag.py
[2024-05-14T02:10:51.974+0000] {processor.py:840} INFO - DAG(s) 'example_sla_dag' retrieved from /home/airflow/.local/lib/python3.12/site-packages/airflow/example_dags/example_sla_dag.py
[2024-05-14T02:10:51.985+0000] {logging_mixin.py:188} INFO - [2024-05-14T02:10:51.985+0000] {dag.py:3096} INFO - Sync 1 DAGs
[2024-05-14T02:10:52.093+0000] {logging_mixin.py:188} INFO - [2024-05-14T02:10:52.093+0000] {dag.py:3954} INFO - Setting next_dagrun for example_sla_dag to 2024-05-14 02:08:00+00:00, run_after=2024-05-14 02:10:00+00:00
[2024-05-14T02:10:52.104+0000] {processor.py:183} INFO - Processing /home/airflow/.local/lib/python3.12/site-packages/airflow/example_dags/example_sla_dag.py took 0.140 seconds
[2024-05-14T02:11:22.378+0000] {processor.py:161} INFO - Started process (PID=2066) to work on /home/airflow/.local/lib/python3.12/site-packages/airflow/example_dags/example_sla_dag.py
[2024-05-14T02:11:22.379+0000] {processor.py:830} INFO - Processing file /home/airflow/.local/lib/python3.12/site-packages/airflow/example_dags/example_sla_dag.py for tasks to queue
[2024-05-14T02:11:22.380+0000] {logging_mixin.py:188} INFO - [2024-05-14T02:11:22.380+0000] {dagbag.py:545} INFO - Filling up the DagBag from /home/airflow/.local/lib/python3.12/site-packages/airflow/example_dags/example_sla_dag.py
[2024-05-14T02:11:22.385+0000] {processor.py:840} INFO - DAG(s) 'example_sla_dag' retrieved from /home/airflow/.local/lib/python3.12/site-packages/airflow/example_dags/example_sla_dag.py
[2024-05-14T02:11:22.395+0000] {logging_mixin.py:188} INFO - [2024-05-14T02:11:22.395+0000] {dag.py:3096} INFO - Sync 1 DAGs
[2024-05-14T02:11:22.407+0000] {logging_mixin.py:188} INFO - [2024-05-14T02:11:22.407+0000] {dag.py:3954} INFO - Setting next_dagrun for example_sla_dag to 2024-05-14 02:08:00+00:00, run_after=2024-05-14 02:10:00+00:00
[2024-05-14T02:11:22.416+0000] {processor.py:183} INFO - Processing /home/airflow/.local/lib/python3.12/site-packages/airflow/example_dags/example_sla_dag.py took 0.042 seconds
[2024-05-14T02:11:52.769+0000] {processor.py:161} INFO - Started process (PID=2124) to work on /home/airflow/.local/lib/python3.12/site-packages/airflow/example_dags/example_sla_dag.py
[2024-05-14T02:11:52.769+0000] {processor.py:830} INFO - Processing file /home/airflow/.local/lib/python3.12/site-packages/airflow/example_dags/example_sla_dag.py for tasks to queue
[2024-05-14T02:11:52.770+0000] {logging_mixin.py:188} INFO - [2024-05-14T02:11:52.770+0000] {dagbag.py:545} INFO - Filling up the DagBag from /home/airflow/.local/lib/python3.12/site-packages/airflow/example_dags/example_sla_dag.py
[2024-05-14T02:11:52.775+0000] {processor.py:840} INFO - DAG(s) 'example_sla_dag' retrieved from /home/airflow/.local/lib/python3.12/site-packages/airflow/example_dags/example_sla_dag.py
[2024-05-14T02:11:52.786+0000] {logging_mixin.py:188} INFO - [2024-05-14T02:11:52.785+0000] {dag.py:3096} INFO - Sync 1 DAGs
[2024-05-14T02:11:52.797+0000] {logging_mixin.py:188} INFO - [2024-05-14T02:11:52.797+0000] {dag.py:3954} INFO - Setting next_dagrun for example_sla_dag to 2024-05-14 02:08:00+00:00, run_after=2024-05-14 02:10:00+00:00
[2024-05-14T02:11:52.807+0000] {processor.py:183} INFO - Processing /home/airflow/.local/lib/python3.12/site-packages/airflow/example_dags/example_sla_dag.py took 0.042 seconds
[2024-05-14T02:12:23.817+0000] {processor.py:161} INFO - Started process (PID=2182) to work on /home/airflow/.local/lib/python3.12/site-packages/airflow/example_dags/example_sla_dag.py
[2024-05-14T02:12:23.818+0000] {processor.py:830} INFO - Processing file /home/airflow/.local/lib/python3.12/site-packages/airflow/example_dags/example_sla_dag.py for tasks to queue
[2024-05-14T02:12:23.818+0000] {logging_mixin.py:188} INFO - [2024-05-14T02:12:23.818+0000] {dagbag.py:545} INFO - Filling up the DagBag from /home/airflow/.local/lib/python3.12/site-packages/airflow/example_dags/example_sla_dag.py
[2024-05-14T02:12:23.824+0000] {processor.py:840} INFO - DAG(s) 'example_sla_dag' retrieved from /home/airflow/.local/lib/python3.12/site-packages/airflow/example_dags/example_sla_dag.py
[2024-05-14T02:12:23.835+0000] {logging_mixin.py:188} INFO - [2024-05-14T02:12:23.835+0000] {dag.py:3096} INFO - Sync 1 DAGs
[2024-05-14T02:12:23.849+0000] {logging_mixin.py:188} INFO - [2024-05-14T02:12:23.849+0000] {dag.py:3954} INFO - Setting next_dagrun for example_sla_dag to 2024-05-14 02:10:00+00:00, run_after=2024-05-14 02:12:00+00:00
[2024-05-14T02:12:23.868+0000] {processor.py:183} INFO - Processing /home/airflow/.local/lib/python3.12/site-packages/airflow/example_dags/example_sla_dag.py took 0.054 seconds
