[2024-05-14T01:54:03.678+0000] {processor.py:161} INFO - Started process (PID=32) to work on /home/airflow/.local/lib/python3.12/site-packages/airflow/example_dags/example_setup_teardown.py
[2024-05-14T01:54:03.679+0000] {processor.py:830} INFO - Processing file /home/airflow/.local/lib/python3.12/site-packages/airflow/example_dags/example_setup_teardown.py for tasks to queue
[2024-05-14T01:54:03.681+0000] {logging_mixin.py:188} INFO - [2024-05-14T01:54:03.680+0000] {dagbag.py:545} INFO - Filling up the DagBag from /home/airflow/.local/lib/python3.12/site-packages/airflow/example_dags/example_setup_teardown.py
[2024-05-14T01:54:03.692+0000] {processor.py:840} INFO - DAG(s) 'example_setup_teardown' retrieved from /home/airflow/.local/lib/python3.12/site-packages/airflow/example_dags/example_setup_teardown.py
[2024-05-14T01:54:03.714+0000] {logging_mixin.py:188} INFO - [2024-05-14T01:54:03.713+0000] {dag.py:3096} INFO - Sync 1 DAGs
[2024-05-14T01:54:03.731+0000] {logging_mixin.py:188} INFO - [2024-05-14T01:54:03.731+0000] {dag.py:3954} INFO - Setting next_dagrun for example_setup_teardown to 2024-05-13 00:00:00+00:00, run_after=2024-05-14 00:00:00+00:00
[2024-05-14T01:54:03.757+0000] {processor.py:183} INFO - Processing /home/airflow/.local/lib/python3.12/site-packages/airflow/example_dags/example_setup_teardown.py took 0.092 seconds
[2024-05-14T01:54:33.855+0000] {processor.py:161} INFO - Started process (PID=90) to work on /home/airflow/.local/lib/python3.12/site-packages/airflow/example_dags/example_setup_teardown.py
[2024-05-14T01:54:33.856+0000] {processor.py:830} INFO - Processing file /home/airflow/.local/lib/python3.12/site-packages/airflow/example_dags/example_setup_teardown.py for tasks to queue
[2024-05-14T01:54:33.859+0000] {logging_mixin.py:188} INFO - [2024-05-14T01:54:33.858+0000] {dagbag.py:545} INFO - Filling up the DagBag from /home/airflow/.local/lib/python3.12/site-packages/airflow/example_dags/example_setup_teardown.py
[2024-05-14T01:54:33.868+0000] {processor.py:840} INFO - DAG(s) 'example_setup_teardown' retrieved from /home/airflow/.local/lib/python3.12/site-packages/airflow/example_dags/example_setup_teardown.py
[2024-05-14T01:54:33.941+0000] {logging_mixin.py:188} INFO - [2024-05-14T01:54:33.941+0000] {dag.py:3096} INFO - Sync 1 DAGs
[2024-05-14T01:54:33.952+0000] {logging_mixin.py:188} INFO - [2024-05-14T01:54:33.952+0000] {dag.py:3954} INFO - Setting next_dagrun for example_setup_teardown to 2024-05-13 00:00:00+00:00, run_after=2024-05-14 00:00:00+00:00
[2024-05-14T01:54:33.962+0000] {processor.py:183} INFO - Processing /home/airflow/.local/lib/python3.12/site-packages/airflow/example_dags/example_setup_teardown.py took 0.115 seconds
[2024-05-14T01:55:04.706+0000] {processor.py:161} INFO - Started process (PID=150) to work on /home/airflow/.local/lib/python3.12/site-packages/airflow/example_dags/example_setup_teardown.py
[2024-05-14T01:55:04.709+0000] {processor.py:830} INFO - Processing file /home/airflow/.local/lib/python3.12/site-packages/airflow/example_dags/example_setup_teardown.py for tasks to queue
[2024-05-14T01:55:04.714+0000] {logging_mixin.py:188} INFO - [2024-05-14T01:55:04.713+0000] {dagbag.py:545} INFO - Filling up the DagBag from /home/airflow/.local/lib/python3.12/site-packages/airflow/example_dags/example_setup_teardown.py
[2024-05-14T01:55:04.723+0000] {processor.py:840} INFO - DAG(s) 'example_setup_teardown' retrieved from /home/airflow/.local/lib/python3.12/site-packages/airflow/example_dags/example_setup_teardown.py
[2024-05-14T01:55:04.748+0000] {logging_mixin.py:188} INFO - [2024-05-14T01:55:04.748+0000] {dag.py:3096} INFO - Sync 1 DAGs
[2024-05-14T01:55:04.769+0000] {logging_mixin.py:188} INFO - [2024-05-14T01:55:04.769+0000] {dag.py:3954} INFO - Setting next_dagrun for example_setup_teardown to 2024-05-13 00:00:00+00:00, run_after=2024-05-14 00:00:00+00:00
[2024-05-14T01:55:04.782+0000] {processor.py:183} INFO - Processing /home/airflow/.local/lib/python3.12/site-packages/airflow/example_dags/example_setup_teardown.py took 0.093 seconds
[2024-05-14T01:55:34.820+0000] {processor.py:161} INFO - Started process (PID=209) to work on /home/airflow/.local/lib/python3.12/site-packages/airflow/example_dags/example_setup_teardown.py
[2024-05-14T01:55:34.821+0000] {processor.py:830} INFO - Processing file /home/airflow/.local/lib/python3.12/site-packages/airflow/example_dags/example_setup_teardown.py for tasks to queue
[2024-05-14T01:55:34.823+0000] {logging_mixin.py:188} INFO - [2024-05-14T01:55:34.823+0000] {dagbag.py:545} INFO - Filling up the DagBag from /home/airflow/.local/lib/python3.12/site-packages/airflow/example_dags/example_setup_teardown.py
[2024-05-14T01:55:34.829+0000] {processor.py:840} INFO - DAG(s) 'example_setup_teardown' retrieved from /home/airflow/.local/lib/python3.12/site-packages/airflow/example_dags/example_setup_teardown.py
[2024-05-14T01:55:34.844+0000] {logging_mixin.py:188} INFO - [2024-05-14T01:55:34.844+0000] {dag.py:3096} INFO - Sync 1 DAGs
[2024-05-14T01:55:34.855+0000] {logging_mixin.py:188} INFO - [2024-05-14T01:55:34.855+0000] {dag.py:3954} INFO - Setting next_dagrun for example_setup_teardown to 2024-05-13 00:00:00+00:00, run_after=2024-05-14 00:00:00+00:00
[2024-05-14T01:55:34.864+0000] {processor.py:183} INFO - Processing /home/airflow/.local/lib/python3.12/site-packages/airflow/example_dags/example_setup_teardown.py took 0.050 seconds
[2024-05-14T01:56:05.031+0000] {processor.py:161} INFO - Started process (PID=268) to work on /home/airflow/.local/lib/python3.12/site-packages/airflow/example_dags/example_setup_teardown.py
[2024-05-14T01:56:05.033+0000] {processor.py:830} INFO - Processing file /home/airflow/.local/lib/python3.12/site-packages/airflow/example_dags/example_setup_teardown.py for tasks to queue
[2024-05-14T01:56:05.035+0000] {logging_mixin.py:188} INFO - [2024-05-14T01:56:05.035+0000] {dagbag.py:545} INFO - Filling up the DagBag from /home/airflow/.local/lib/python3.12/site-packages/airflow/example_dags/example_setup_teardown.py
[2024-05-14T01:56:05.044+0000] {processor.py:840} INFO - DAG(s) 'example_setup_teardown' retrieved from /home/airflow/.local/lib/python3.12/site-packages/airflow/example_dags/example_setup_teardown.py
[2024-05-14T01:56:05.066+0000] {logging_mixin.py:188} INFO - [2024-05-14T01:56:05.066+0000] {dag.py:3096} INFO - Sync 1 DAGs
[2024-05-14T01:56:05.082+0000] {logging_mixin.py:188} INFO - [2024-05-14T01:56:05.081+0000] {dag.py:3954} INFO - Setting next_dagrun for example_setup_teardown to 2024-05-13 00:00:00+00:00, run_after=2024-05-14 00:00:00+00:00
[2024-05-14T01:56:05.092+0000] {processor.py:183} INFO - Processing /home/airflow/.local/lib/python3.12/site-packages/airflow/example_dags/example_setup_teardown.py took 0.070 seconds
[2024-05-14T01:56:35.174+0000] {processor.py:161} INFO - Started process (PID=326) to work on /home/airflow/.local/lib/python3.12/site-packages/airflow/example_dags/example_setup_teardown.py
[2024-05-14T01:56:35.175+0000] {processor.py:830} INFO - Processing file /home/airflow/.local/lib/python3.12/site-packages/airflow/example_dags/example_setup_teardown.py for tasks to queue
[2024-05-14T01:56:35.178+0000] {logging_mixin.py:188} INFO - [2024-05-14T01:56:35.178+0000] {dagbag.py:545} INFO - Filling up the DagBag from /home/airflow/.local/lib/python3.12/site-packages/airflow/example_dags/example_setup_teardown.py
[2024-05-14T01:56:35.189+0000] {processor.py:840} INFO - DAG(s) 'example_setup_teardown' retrieved from /home/airflow/.local/lib/python3.12/site-packages/airflow/example_dags/example_setup_teardown.py
[2024-05-14T01:56:35.211+0000] {logging_mixin.py:188} INFO - [2024-05-14T01:56:35.211+0000] {dag.py:3096} INFO - Sync 1 DAGs
[2024-05-14T01:56:35.226+0000] {logging_mixin.py:188} INFO - [2024-05-14T01:56:35.226+0000] {dag.py:3954} INFO - Setting next_dagrun for example_setup_teardown to 2024-05-13 00:00:00+00:00, run_after=2024-05-14 00:00:00+00:00
[2024-05-14T01:56:35.235+0000] {processor.py:183} INFO - Processing /home/airflow/.local/lib/python3.12/site-packages/airflow/example_dags/example_setup_teardown.py took 0.073 seconds
[2024-05-14T01:57:05.303+0000] {processor.py:161} INFO - Started process (PID=385) to work on /home/airflow/.local/lib/python3.12/site-packages/airflow/example_dags/example_setup_teardown.py
[2024-05-14T01:57:05.305+0000] {processor.py:830} INFO - Processing file /home/airflow/.local/lib/python3.12/site-packages/airflow/example_dags/example_setup_teardown.py for tasks to queue
[2024-05-14T01:57:05.307+0000] {logging_mixin.py:188} INFO - [2024-05-14T01:57:05.307+0000] {dagbag.py:545} INFO - Filling up the DagBag from /home/airflow/.local/lib/python3.12/site-packages/airflow/example_dags/example_setup_teardown.py
[2024-05-14T01:57:05.315+0000] {processor.py:840} INFO - DAG(s) 'example_setup_teardown' retrieved from /home/airflow/.local/lib/python3.12/site-packages/airflow/example_dags/example_setup_teardown.py
[2024-05-14T01:57:05.333+0000] {logging_mixin.py:188} INFO - [2024-05-14T01:57:05.333+0000] {dag.py:3096} INFO - Sync 1 DAGs
[2024-05-14T01:57:05.346+0000] {logging_mixin.py:188} INFO - [2024-05-14T01:57:05.346+0000] {dag.py:3954} INFO - Setting next_dagrun for example_setup_teardown to 2024-05-13 00:00:00+00:00, run_after=2024-05-14 00:00:00+00:00
[2024-05-14T01:57:05.357+0000] {processor.py:183} INFO - Processing /home/airflow/.local/lib/python3.12/site-packages/airflow/example_dags/example_setup_teardown.py took 0.063 seconds
[2024-05-14T01:57:36.062+0000] {processor.py:161} INFO - Started process (PID=444) to work on /home/airflow/.local/lib/python3.12/site-packages/airflow/example_dags/example_setup_teardown.py
[2024-05-14T01:57:36.063+0000] {processor.py:830} INFO - Processing file /home/airflow/.local/lib/python3.12/site-packages/airflow/example_dags/example_setup_teardown.py for tasks to queue
[2024-05-14T01:57:36.065+0000] {logging_mixin.py:188} INFO - [2024-05-14T01:57:36.065+0000] {dagbag.py:545} INFO - Filling up the DagBag from /home/airflow/.local/lib/python3.12/site-packages/airflow/example_dags/example_setup_teardown.py
[2024-05-14T01:57:36.074+0000] {processor.py:840} INFO - DAG(s) 'example_setup_teardown' retrieved from /home/airflow/.local/lib/python3.12/site-packages/airflow/example_dags/example_setup_teardown.py
[2024-05-14T01:57:36.092+0000] {logging_mixin.py:188} INFO - [2024-05-14T01:57:36.091+0000] {dag.py:3096} INFO - Sync 1 DAGs
[2024-05-14T01:57:36.105+0000] {logging_mixin.py:188} INFO - [2024-05-14T01:57:36.105+0000] {dag.py:3954} INFO - Setting next_dagrun for example_setup_teardown to 2024-05-13 00:00:00+00:00, run_after=2024-05-14 00:00:00+00:00
[2024-05-14T01:57:36.115+0000] {processor.py:183} INFO - Processing /home/airflow/.local/lib/python3.12/site-packages/airflow/example_dags/example_setup_teardown.py took 0.061 seconds
[2024-05-14T01:58:06.803+0000] {processor.py:161} INFO - Started process (PID=503) to work on /home/airflow/.local/lib/python3.12/site-packages/airflow/example_dags/example_setup_teardown.py
[2024-05-14T01:58:06.804+0000] {processor.py:830} INFO - Processing file /home/airflow/.local/lib/python3.12/site-packages/airflow/example_dags/example_setup_teardown.py for tasks to queue
[2024-05-14T01:58:06.806+0000] {logging_mixin.py:188} INFO - [2024-05-14T01:58:06.806+0000] {dagbag.py:545} INFO - Filling up the DagBag from /home/airflow/.local/lib/python3.12/site-packages/airflow/example_dags/example_setup_teardown.py
[2024-05-14T01:58:06.813+0000] {processor.py:840} INFO - DAG(s) 'example_setup_teardown' retrieved from /home/airflow/.local/lib/python3.12/site-packages/airflow/example_dags/example_setup_teardown.py
[2024-05-14T01:58:06.830+0000] {logging_mixin.py:188} INFO - [2024-05-14T01:58:06.830+0000] {dag.py:3096} INFO - Sync 1 DAGs
[2024-05-14T01:58:06.843+0000] {logging_mixin.py:188} INFO - [2024-05-14T01:58:06.843+0000] {dag.py:3954} INFO - Setting next_dagrun for example_setup_teardown to 2024-05-13 00:00:00+00:00, run_after=2024-05-14 00:00:00+00:00
[2024-05-14T01:58:06.853+0000] {processor.py:183} INFO - Processing /home/airflow/.local/lib/python3.12/site-packages/airflow/example_dags/example_setup_teardown.py took 0.057 seconds
[2024-05-14T01:58:37.553+0000] {processor.py:161} INFO - Started process (PID=561) to work on /home/airflow/.local/lib/python3.12/site-packages/airflow/example_dags/example_setup_teardown.py
[2024-05-14T01:58:37.554+0000] {processor.py:830} INFO - Processing file /home/airflow/.local/lib/python3.12/site-packages/airflow/example_dags/example_setup_teardown.py for tasks to queue
[2024-05-14T01:58:37.556+0000] {logging_mixin.py:188} INFO - [2024-05-14T01:58:37.556+0000] {dagbag.py:545} INFO - Filling up the DagBag from /home/airflow/.local/lib/python3.12/site-packages/airflow/example_dags/example_setup_teardown.py
[2024-05-14T01:58:37.564+0000] {processor.py:840} INFO - DAG(s) 'example_setup_teardown' retrieved from /home/airflow/.local/lib/python3.12/site-packages/airflow/example_dags/example_setup_teardown.py
[2024-05-14T01:58:37.580+0000] {logging_mixin.py:188} INFO - [2024-05-14T01:58:37.580+0000] {dag.py:3096} INFO - Sync 1 DAGs
[2024-05-14T01:58:37.593+0000] {logging_mixin.py:188} INFO - [2024-05-14T01:58:37.593+0000] {dag.py:3954} INFO - Setting next_dagrun for example_setup_teardown to 2024-05-13 00:00:00+00:00, run_after=2024-05-14 00:00:00+00:00
[2024-05-14T01:58:37.604+0000] {processor.py:183} INFO - Processing /home/airflow/.local/lib/python3.12/site-packages/airflow/example_dags/example_setup_teardown.py took 0.059 seconds
[2024-05-14T01:59:08.363+0000] {processor.py:161} INFO - Started process (PID=620) to work on /home/airflow/.local/lib/python3.12/site-packages/airflow/example_dags/example_setup_teardown.py
[2024-05-14T01:59:08.365+0000] {processor.py:830} INFO - Processing file /home/airflow/.local/lib/python3.12/site-packages/airflow/example_dags/example_setup_teardown.py for tasks to queue
[2024-05-14T01:59:08.368+0000] {logging_mixin.py:188} INFO - [2024-05-14T01:59:08.367+0000] {dagbag.py:545} INFO - Filling up the DagBag from /home/airflow/.local/lib/python3.12/site-packages/airflow/example_dags/example_setup_teardown.py
[2024-05-14T01:59:08.375+0000] {processor.py:840} INFO - DAG(s) 'example_setup_teardown' retrieved from /home/airflow/.local/lib/python3.12/site-packages/airflow/example_dags/example_setup_teardown.py
[2024-05-14T01:59:08.394+0000] {logging_mixin.py:188} INFO - [2024-05-14T01:59:08.393+0000] {dag.py:3096} INFO - Sync 1 DAGs
[2024-05-14T01:59:08.407+0000] {logging_mixin.py:188} INFO - [2024-05-14T01:59:08.407+0000] {dag.py:3954} INFO - Setting next_dagrun for example_setup_teardown to 2024-05-13 00:00:00+00:00, run_after=2024-05-14 00:00:00+00:00
[2024-05-14T01:59:08.417+0000] {processor.py:183} INFO - Processing /home/airflow/.local/lib/python3.12/site-packages/airflow/example_dags/example_setup_teardown.py took 0.062 seconds
[2024-05-14T01:59:39.141+0000] {processor.py:161} INFO - Started process (PID=679) to work on /home/airflow/.local/lib/python3.12/site-packages/airflow/example_dags/example_setup_teardown.py
[2024-05-14T01:59:39.143+0000] {processor.py:830} INFO - Processing file /home/airflow/.local/lib/python3.12/site-packages/airflow/example_dags/example_setup_teardown.py for tasks to queue
[2024-05-14T01:59:39.145+0000] {logging_mixin.py:188} INFO - [2024-05-14T01:59:39.145+0000] {dagbag.py:545} INFO - Filling up the DagBag from /home/airflow/.local/lib/python3.12/site-packages/airflow/example_dags/example_setup_teardown.py
[2024-05-14T01:59:39.156+0000] {processor.py:840} INFO - DAG(s) 'example_setup_teardown' retrieved from /home/airflow/.local/lib/python3.12/site-packages/airflow/example_dags/example_setup_teardown.py
[2024-05-14T01:59:39.175+0000] {logging_mixin.py:188} INFO - [2024-05-14T01:59:39.175+0000] {dag.py:3096} INFO - Sync 1 DAGs
[2024-05-14T01:59:39.190+0000] {logging_mixin.py:188} INFO - [2024-05-14T01:59:39.190+0000] {dag.py:3954} INFO - Setting next_dagrun for example_setup_teardown to 2024-05-13 00:00:00+00:00, run_after=2024-05-14 00:00:00+00:00
[2024-05-14T01:59:39.200+0000] {processor.py:183} INFO - Processing /home/airflow/.local/lib/python3.12/site-packages/airflow/example_dags/example_setup_teardown.py took 0.068 seconds
[2024-05-14T02:00:09.950+0000] {processor.py:161} INFO - Started process (PID=738) to work on /home/airflow/.local/lib/python3.12/site-packages/airflow/example_dags/example_setup_teardown.py
[2024-05-14T02:00:09.951+0000] {processor.py:830} INFO - Processing file /home/airflow/.local/lib/python3.12/site-packages/airflow/example_dags/example_setup_teardown.py for tasks to queue
[2024-05-14T02:00:09.954+0000] {logging_mixin.py:188} INFO - [2024-05-14T02:00:09.954+0000] {dagbag.py:545} INFO - Filling up the DagBag from /home/airflow/.local/lib/python3.12/site-packages/airflow/example_dags/example_setup_teardown.py
[2024-05-14T02:00:09.961+0000] {processor.py:840} INFO - DAG(s) 'example_setup_teardown' retrieved from /home/airflow/.local/lib/python3.12/site-packages/airflow/example_dags/example_setup_teardown.py
[2024-05-14T02:00:09.979+0000] {logging_mixin.py:188} INFO - [2024-05-14T02:00:09.979+0000] {dag.py:3096} INFO - Sync 1 DAGs
[2024-05-14T02:00:09.993+0000] {logging_mixin.py:188} INFO - [2024-05-14T02:00:09.993+0000] {dag.py:3954} INFO - Setting next_dagrun for example_setup_teardown to 2024-05-13 00:00:00+00:00, run_after=2024-05-14 00:00:00+00:00
[2024-05-14T02:00:10.003+0000] {processor.py:183} INFO - Processing /home/airflow/.local/lib/python3.12/site-packages/airflow/example_dags/example_setup_teardown.py took 0.061 seconds
[2024-05-14T02:00:40.738+0000] {processor.py:161} INFO - Started process (PID=797) to work on /home/airflow/.local/lib/python3.12/site-packages/airflow/example_dags/example_setup_teardown.py
[2024-05-14T02:00:40.739+0000] {processor.py:830} INFO - Processing file /home/airflow/.local/lib/python3.12/site-packages/airflow/example_dags/example_setup_teardown.py for tasks to queue
[2024-05-14T02:00:40.740+0000] {logging_mixin.py:188} INFO - [2024-05-14T02:00:40.740+0000] {dagbag.py:545} INFO - Filling up the DagBag from /home/airflow/.local/lib/python3.12/site-packages/airflow/example_dags/example_setup_teardown.py
[2024-05-14T02:00:40.744+0000] {processor.py:840} INFO - DAG(s) 'example_setup_teardown' retrieved from /home/airflow/.local/lib/python3.12/site-packages/airflow/example_dags/example_setup_teardown.py
[2024-05-14T02:00:40.755+0000] {logging_mixin.py:188} INFO - [2024-05-14T02:00:40.755+0000] {dag.py:3096} INFO - Sync 1 DAGs
[2024-05-14T02:00:40.766+0000] {logging_mixin.py:188} INFO - [2024-05-14T02:00:40.766+0000] {dag.py:3954} INFO - Setting next_dagrun for example_setup_teardown to 2024-05-13 00:00:00+00:00, run_after=2024-05-14 00:00:00+00:00
[2024-05-14T02:00:40.777+0000] {processor.py:183} INFO - Processing /home/airflow/.local/lib/python3.12/site-packages/airflow/example_dags/example_setup_teardown.py took 0.042 seconds
[2024-05-14T02:01:10.936+0000] {processor.py:161} INFO - Started process (PID=856) to work on /home/airflow/.local/lib/python3.12/site-packages/airflow/example_dags/example_setup_teardown.py
[2024-05-14T02:01:10.937+0000] {processor.py:830} INFO - Processing file /home/airflow/.local/lib/python3.12/site-packages/airflow/example_dags/example_setup_teardown.py for tasks to queue
[2024-05-14T02:01:10.938+0000] {logging_mixin.py:188} INFO - [2024-05-14T02:01:10.938+0000] {dagbag.py:545} INFO - Filling up the DagBag from /home/airflow/.local/lib/python3.12/site-packages/airflow/example_dags/example_setup_teardown.py
[2024-05-14T02:01:10.942+0000] {processor.py:840} INFO - DAG(s) 'example_setup_teardown' retrieved from /home/airflow/.local/lib/python3.12/site-packages/airflow/example_dags/example_setup_teardown.py
[2024-05-14T02:01:10.958+0000] {logging_mixin.py:188} INFO - [2024-05-14T02:01:10.958+0000] {dag.py:3096} INFO - Sync 1 DAGs
[2024-05-14T02:01:10.970+0000] {logging_mixin.py:188} INFO - [2024-05-14T02:01:10.970+0000] {dag.py:3954} INFO - Setting next_dagrun for example_setup_teardown to 2024-05-13 00:00:00+00:00, run_after=2024-05-14 00:00:00+00:00
[2024-05-14T02:01:10.985+0000] {processor.py:183} INFO - Processing /home/airflow/.local/lib/python3.12/site-packages/airflow/example_dags/example_setup_teardown.py took 0.052 seconds
[2024-05-14T02:01:41.060+0000] {processor.py:161} INFO - Started process (PID=915) to work on /home/airflow/.local/lib/python3.12/site-packages/airflow/example_dags/example_setup_teardown.py
[2024-05-14T02:01:41.061+0000] {processor.py:830} INFO - Processing file /home/airflow/.local/lib/python3.12/site-packages/airflow/example_dags/example_setup_teardown.py for tasks to queue
[2024-05-14T02:01:41.065+0000] {logging_mixin.py:188} INFO - [2024-05-14T02:01:41.064+0000] {dagbag.py:545} INFO - Filling up the DagBag from /home/airflow/.local/lib/python3.12/site-packages/airflow/example_dags/example_setup_teardown.py
[2024-05-14T02:01:41.075+0000] {processor.py:840} INFO - DAG(s) 'example_setup_teardown' retrieved from /home/airflow/.local/lib/python3.12/site-packages/airflow/example_dags/example_setup_teardown.py
[2024-05-14T02:01:41.094+0000] {logging_mixin.py:188} INFO - [2024-05-14T02:01:41.093+0000] {dag.py:3096} INFO - Sync 1 DAGs
[2024-05-14T02:01:41.107+0000] {logging_mixin.py:188} INFO - [2024-05-14T02:01:41.107+0000] {dag.py:3954} INFO - Setting next_dagrun for example_setup_teardown to 2024-05-13 00:00:00+00:00, run_after=2024-05-14 00:00:00+00:00
[2024-05-14T02:01:41.117+0000] {processor.py:183} INFO - Processing /home/airflow/.local/lib/python3.12/site-packages/airflow/example_dags/example_setup_teardown.py took 0.065 seconds
[2024-05-14T02:02:11.278+0000] {processor.py:161} INFO - Started process (PID=974) to work on /home/airflow/.local/lib/python3.12/site-packages/airflow/example_dags/example_setup_teardown.py
[2024-05-14T02:02:11.280+0000] {processor.py:830} INFO - Processing file /home/airflow/.local/lib/python3.12/site-packages/airflow/example_dags/example_setup_teardown.py for tasks to queue
[2024-05-14T02:02:11.282+0000] {logging_mixin.py:188} INFO - [2024-05-14T02:02:11.282+0000] {dagbag.py:545} INFO - Filling up the DagBag from /home/airflow/.local/lib/python3.12/site-packages/airflow/example_dags/example_setup_teardown.py
[2024-05-14T02:02:11.291+0000] {processor.py:840} INFO - DAG(s) 'example_setup_teardown' retrieved from /home/airflow/.local/lib/python3.12/site-packages/airflow/example_dags/example_setup_teardown.py
[2024-05-14T02:02:11.309+0000] {logging_mixin.py:188} INFO - [2024-05-14T02:02:11.309+0000] {dag.py:3096} INFO - Sync 1 DAGs
[2024-05-14T02:02:11.323+0000] {logging_mixin.py:188} INFO - [2024-05-14T02:02:11.323+0000] {dag.py:3954} INFO - Setting next_dagrun for example_setup_teardown to 2024-05-13 00:00:00+00:00, run_after=2024-05-14 00:00:00+00:00
[2024-05-14T02:02:11.333+0000] {processor.py:183} INFO - Processing /home/airflow/.local/lib/python3.12/site-packages/airflow/example_dags/example_setup_teardown.py took 0.063 seconds
[2024-05-14T02:02:41.459+0000] {processor.py:161} INFO - Started process (PID=1033) to work on /home/airflow/.local/lib/python3.12/site-packages/airflow/example_dags/example_setup_teardown.py
[2024-05-14T02:02:41.460+0000] {processor.py:830} INFO - Processing file /home/airflow/.local/lib/python3.12/site-packages/airflow/example_dags/example_setup_teardown.py for tasks to queue
[2024-05-14T02:02:41.463+0000] {logging_mixin.py:188} INFO - [2024-05-14T02:02:41.462+0000] {dagbag.py:545} INFO - Filling up the DagBag from /home/airflow/.local/lib/python3.12/site-packages/airflow/example_dags/example_setup_teardown.py
[2024-05-14T02:02:41.474+0000] {processor.py:840} INFO - DAG(s) 'example_setup_teardown' retrieved from /home/airflow/.local/lib/python3.12/site-packages/airflow/example_dags/example_setup_teardown.py
[2024-05-14T02:02:41.497+0000] {logging_mixin.py:188} INFO - [2024-05-14T02:02:41.497+0000] {dag.py:3096} INFO - Sync 1 DAGs
[2024-05-14T02:02:41.514+0000] {logging_mixin.py:188} INFO - [2024-05-14T02:02:41.514+0000] {dag.py:3954} INFO - Setting next_dagrun for example_setup_teardown to 2024-05-13 00:00:00+00:00, run_after=2024-05-14 00:00:00+00:00
[2024-05-14T02:02:41.524+0000] {processor.py:183} INFO - Processing /home/airflow/.local/lib/python3.12/site-packages/airflow/example_dags/example_setup_teardown.py took 0.074 seconds
[2024-05-14T02:03:11.585+0000] {processor.py:161} INFO - Started process (PID=1092) to work on /home/airflow/.local/lib/python3.12/site-packages/airflow/example_dags/example_setup_teardown.py
[2024-05-14T02:03:11.586+0000] {processor.py:830} INFO - Processing file /home/airflow/.local/lib/python3.12/site-packages/airflow/example_dags/example_setup_teardown.py for tasks to queue
[2024-05-14T02:03:11.590+0000] {logging_mixin.py:188} INFO - [2024-05-14T02:03:11.590+0000] {dagbag.py:545} INFO - Filling up the DagBag from /home/airflow/.local/lib/python3.12/site-packages/airflow/example_dags/example_setup_teardown.py
[2024-05-14T02:03:11.598+0000] {processor.py:840} INFO - DAG(s) 'example_setup_teardown' retrieved from /home/airflow/.local/lib/python3.12/site-packages/airflow/example_dags/example_setup_teardown.py
[2024-05-14T02:03:11.616+0000] {logging_mixin.py:188} INFO - [2024-05-14T02:03:11.616+0000] {dag.py:3096} INFO - Sync 1 DAGs
[2024-05-14T02:03:11.630+0000] {logging_mixin.py:188} INFO - [2024-05-14T02:03:11.630+0000] {dag.py:3954} INFO - Setting next_dagrun for example_setup_teardown to 2024-05-13 00:00:00+00:00, run_after=2024-05-14 00:00:00+00:00
[2024-05-14T02:03:11.641+0000] {processor.py:183} INFO - Processing /home/airflow/.local/lib/python3.12/site-packages/airflow/example_dags/example_setup_teardown.py took 0.065 seconds
[2024-05-14T02:03:42.383+0000] {processor.py:161} INFO - Started process (PID=1151) to work on /home/airflow/.local/lib/python3.12/site-packages/airflow/example_dags/example_setup_teardown.py
[2024-05-14T02:03:42.385+0000] {processor.py:830} INFO - Processing file /home/airflow/.local/lib/python3.12/site-packages/airflow/example_dags/example_setup_teardown.py for tasks to queue
[2024-05-14T02:03:42.388+0000] {logging_mixin.py:188} INFO - [2024-05-14T02:03:42.388+0000] {dagbag.py:545} INFO - Filling up the DagBag from /home/airflow/.local/lib/python3.12/site-packages/airflow/example_dags/example_setup_teardown.py
[2024-05-14T02:03:42.396+0000] {processor.py:840} INFO - DAG(s) 'example_setup_teardown' retrieved from /home/airflow/.local/lib/python3.12/site-packages/airflow/example_dags/example_setup_teardown.py
[2024-05-14T02:03:42.417+0000] {logging_mixin.py:188} INFO - [2024-05-14T02:03:42.417+0000] {dag.py:3096} INFO - Sync 1 DAGs
[2024-05-14T02:03:42.431+0000] {logging_mixin.py:188} INFO - [2024-05-14T02:03:42.431+0000] {dag.py:3954} INFO - Setting next_dagrun for example_setup_teardown to 2024-05-13 00:00:00+00:00, run_after=2024-05-14 00:00:00+00:00
[2024-05-14T02:03:42.441+0000] {processor.py:183} INFO - Processing /home/airflow/.local/lib/python3.12/site-packages/airflow/example_dags/example_setup_teardown.py took 0.067 seconds
[2024-05-14T02:04:12.525+0000] {processor.py:161} INFO - Started process (PID=1209) to work on /home/airflow/.local/lib/python3.12/site-packages/airflow/example_dags/example_setup_teardown.py
[2024-05-14T02:04:12.526+0000] {processor.py:830} INFO - Processing file /home/airflow/.local/lib/python3.12/site-packages/airflow/example_dags/example_setup_teardown.py for tasks to queue
[2024-05-14T02:04:12.527+0000] {logging_mixin.py:188} INFO - [2024-05-14T02:04:12.527+0000] {dagbag.py:545} INFO - Filling up the DagBag from /home/airflow/.local/lib/python3.12/site-packages/airflow/example_dags/example_setup_teardown.py
[2024-05-14T02:04:12.531+0000] {processor.py:840} INFO - DAG(s) 'example_setup_teardown' retrieved from /home/airflow/.local/lib/python3.12/site-packages/airflow/example_dags/example_setup_teardown.py
[2024-05-14T02:04:12.542+0000] {logging_mixin.py:188} INFO - [2024-05-14T02:04:12.542+0000] {dag.py:3096} INFO - Sync 1 DAGs
[2024-05-14T02:04:12.552+0000] {logging_mixin.py:188} INFO - [2024-05-14T02:04:12.552+0000] {dag.py:3954} INFO - Setting next_dagrun for example_setup_teardown to 2024-05-13 00:00:00+00:00, run_after=2024-05-14 00:00:00+00:00
[2024-05-14T02:04:12.560+0000] {processor.py:183} INFO - Processing /home/airflow/.local/lib/python3.12/site-packages/airflow/example_dags/example_setup_teardown.py took 0.038 seconds
[2024-05-14T02:04:42.631+0000] {processor.py:161} INFO - Started process (PID=1268) to work on /home/airflow/.local/lib/python3.12/site-packages/airflow/example_dags/example_setup_teardown.py
[2024-05-14T02:04:42.632+0000] {processor.py:830} INFO - Processing file /home/airflow/.local/lib/python3.12/site-packages/airflow/example_dags/example_setup_teardown.py for tasks to queue
[2024-05-14T02:04:42.634+0000] {logging_mixin.py:188} INFO - [2024-05-14T02:04:42.633+0000] {dagbag.py:545} INFO - Filling up the DagBag from /home/airflow/.local/lib/python3.12/site-packages/airflow/example_dags/example_setup_teardown.py
[2024-05-14T02:04:42.638+0000] {processor.py:840} INFO - DAG(s) 'example_setup_teardown' retrieved from /home/airflow/.local/lib/python3.12/site-packages/airflow/example_dags/example_setup_teardown.py
[2024-05-14T02:04:42.649+0000] {logging_mixin.py:188} INFO - [2024-05-14T02:04:42.649+0000] {dag.py:3096} INFO - Sync 1 DAGs
[2024-05-14T02:04:42.661+0000] {logging_mixin.py:188} INFO - [2024-05-14T02:04:42.661+0000] {dag.py:3954} INFO - Setting next_dagrun for example_setup_teardown to 2024-05-13 00:00:00+00:00, run_after=2024-05-14 00:00:00+00:00
[2024-05-14T02:04:42.672+0000] {processor.py:183} INFO - Processing /home/airflow/.local/lib/python3.12/site-packages/airflow/example_dags/example_setup_teardown.py took 0.045 seconds
[2024-05-14T02:05:12.757+0000] {processor.py:161} INFO - Started process (PID=1327) to work on /home/airflow/.local/lib/python3.12/site-packages/airflow/example_dags/example_setup_teardown.py
[2024-05-14T02:05:12.759+0000] {processor.py:830} INFO - Processing file /home/airflow/.local/lib/python3.12/site-packages/airflow/example_dags/example_setup_teardown.py for tasks to queue
[2024-05-14T02:05:12.762+0000] {logging_mixin.py:188} INFO - [2024-05-14T02:05:12.761+0000] {dagbag.py:545} INFO - Filling up the DagBag from /home/airflow/.local/lib/python3.12/site-packages/airflow/example_dags/example_setup_teardown.py
[2024-05-14T02:05:12.775+0000] {processor.py:840} INFO - DAG(s) 'example_setup_teardown' retrieved from /home/airflow/.local/lib/python3.12/site-packages/airflow/example_dags/example_setup_teardown.py
[2024-05-14T02:05:12.795+0000] {logging_mixin.py:188} INFO - [2024-05-14T02:05:12.795+0000] {dag.py:3096} INFO - Sync 1 DAGs
[2024-05-14T02:05:12.817+0000] {logging_mixin.py:188} INFO - [2024-05-14T02:05:12.817+0000] {dag.py:3954} INFO - Setting next_dagrun for example_setup_teardown to 2024-05-13 00:00:00+00:00, run_after=2024-05-14 00:00:00+00:00
[2024-05-14T02:05:12.833+0000] {processor.py:183} INFO - Processing /home/airflow/.local/lib/python3.12/site-packages/airflow/example_dags/example_setup_teardown.py took 0.087 seconds
[2024-05-14T02:05:43.560+0000] {processor.py:161} INFO - Started process (PID=1386) to work on /home/airflow/.local/lib/python3.12/site-packages/airflow/example_dags/example_setup_teardown.py
[2024-05-14T02:05:43.561+0000] {processor.py:830} INFO - Processing file /home/airflow/.local/lib/python3.12/site-packages/airflow/example_dags/example_setup_teardown.py for tasks to queue
[2024-05-14T02:05:43.563+0000] {logging_mixin.py:188} INFO - [2024-05-14T02:05:43.563+0000] {dagbag.py:545} INFO - Filling up the DagBag from /home/airflow/.local/lib/python3.12/site-packages/airflow/example_dags/example_setup_teardown.py
[2024-05-14T02:05:43.572+0000] {processor.py:840} INFO - DAG(s) 'example_setup_teardown' retrieved from /home/airflow/.local/lib/python3.12/site-packages/airflow/example_dags/example_setup_teardown.py
[2024-05-14T02:05:43.587+0000] {logging_mixin.py:188} INFO - [2024-05-14T02:05:43.587+0000] {dag.py:3096} INFO - Sync 1 DAGs
[2024-05-14T02:05:43.599+0000] {logging_mixin.py:188} INFO - [2024-05-14T02:05:43.599+0000] {dag.py:3954} INFO - Setting next_dagrun for example_setup_teardown to 2024-05-13 00:00:00+00:00, run_after=2024-05-14 00:00:00+00:00
[2024-05-14T02:05:43.608+0000] {processor.py:183} INFO - Processing /home/airflow/.local/lib/python3.12/site-packages/airflow/example_dags/example_setup_teardown.py took 0.057 seconds
[2024-05-14T02:06:13.713+0000] {processor.py:161} INFO - Started process (PID=1445) to work on /home/airflow/.local/lib/python3.12/site-packages/airflow/example_dags/example_setup_teardown.py
[2024-05-14T02:06:13.714+0000] {processor.py:830} INFO - Processing file /home/airflow/.local/lib/python3.12/site-packages/airflow/example_dags/example_setup_teardown.py for tasks to queue
[2024-05-14T02:06:13.717+0000] {logging_mixin.py:188} INFO - [2024-05-14T02:06:13.716+0000] {dagbag.py:545} INFO - Filling up the DagBag from /home/airflow/.local/lib/python3.12/site-packages/airflow/example_dags/example_setup_teardown.py
[2024-05-14T02:06:13.724+0000] {processor.py:840} INFO - DAG(s) 'example_setup_teardown' retrieved from /home/airflow/.local/lib/python3.12/site-packages/airflow/example_dags/example_setup_teardown.py
[2024-05-14T02:06:13.741+0000] {logging_mixin.py:188} INFO - [2024-05-14T02:06:13.741+0000] {dag.py:3096} INFO - Sync 1 DAGs
[2024-05-14T02:06:13.757+0000] {logging_mixin.py:188} INFO - [2024-05-14T02:06:13.757+0000] {dag.py:3954} INFO - Setting next_dagrun for example_setup_teardown to 2024-05-13 00:00:00+00:00, run_after=2024-05-14 00:00:00+00:00
[2024-05-14T02:06:13.767+0000] {processor.py:183} INFO - Processing /home/airflow/.local/lib/python3.12/site-packages/airflow/example_dags/example_setup_teardown.py took 0.060 seconds
[2024-05-14T02:06:43.858+0000] {processor.py:161} INFO - Started process (PID=1504) to work on /home/airflow/.local/lib/python3.12/site-packages/airflow/example_dags/example_setup_teardown.py
[2024-05-14T02:06:43.858+0000] {processor.py:830} INFO - Processing file /home/airflow/.local/lib/python3.12/site-packages/airflow/example_dags/example_setup_teardown.py for tasks to queue
[2024-05-14T02:06:43.859+0000] {logging_mixin.py:188} INFO - [2024-05-14T02:06:43.859+0000] {dagbag.py:545} INFO - Filling up the DagBag from /home/airflow/.local/lib/python3.12/site-packages/airflow/example_dags/example_setup_teardown.py
[2024-05-14T02:06:43.863+0000] {processor.py:840} INFO - DAG(s) 'example_setup_teardown' retrieved from /home/airflow/.local/lib/python3.12/site-packages/airflow/example_dags/example_setup_teardown.py
[2024-05-14T02:06:43.874+0000] {logging_mixin.py:188} INFO - [2024-05-14T02:06:43.874+0000] {dag.py:3096} INFO - Sync 1 DAGs
[2024-05-14T02:06:43.884+0000] {logging_mixin.py:188} INFO - [2024-05-14T02:06:43.884+0000] {dag.py:3954} INFO - Setting next_dagrun for example_setup_teardown to 2024-05-13 00:00:00+00:00, run_after=2024-05-14 00:00:00+00:00
[2024-05-14T02:06:43.893+0000] {processor.py:183} INFO - Processing /home/airflow/.local/lib/python3.12/site-packages/airflow/example_dags/example_setup_teardown.py took 0.039 seconds
[2024-05-14T02:07:13.951+0000] {processor.py:161} INFO - Started process (PID=1563) to work on /home/airflow/.local/lib/python3.12/site-packages/airflow/example_dags/example_setup_teardown.py
[2024-05-14T02:07:13.952+0000] {processor.py:830} INFO - Processing file /home/airflow/.local/lib/python3.12/site-packages/airflow/example_dags/example_setup_teardown.py for tasks to queue
[2024-05-14T02:07:13.953+0000] {logging_mixin.py:188} INFO - [2024-05-14T02:07:13.952+0000] {dagbag.py:545} INFO - Filling up the DagBag from /home/airflow/.local/lib/python3.12/site-packages/airflow/example_dags/example_setup_teardown.py
[2024-05-14T02:07:13.957+0000] {processor.py:840} INFO - DAG(s) 'example_setup_teardown' retrieved from /home/airflow/.local/lib/python3.12/site-packages/airflow/example_dags/example_setup_teardown.py
[2024-05-14T02:07:13.967+0000] {logging_mixin.py:188} INFO - [2024-05-14T02:07:13.967+0000] {dag.py:3096} INFO - Sync 1 DAGs
[2024-05-14T02:07:13.977+0000] {logging_mixin.py:188} INFO - [2024-05-14T02:07:13.977+0000] {dag.py:3954} INFO - Setting next_dagrun for example_setup_teardown to 2024-05-13 00:00:00+00:00, run_after=2024-05-14 00:00:00+00:00
[2024-05-14T02:07:13.985+0000] {processor.py:183} INFO - Processing /home/airflow/.local/lib/python3.12/site-packages/airflow/example_dags/example_setup_teardown.py took 0.037 seconds
[2024-05-14T02:07:44.209+0000] {processor.py:161} INFO - Started process (PID=1622) to work on /home/airflow/.local/lib/python3.12/site-packages/airflow/example_dags/example_setup_teardown.py
[2024-05-14T02:07:44.210+0000] {processor.py:830} INFO - Processing file /home/airflow/.local/lib/python3.12/site-packages/airflow/example_dags/example_setup_teardown.py for tasks to queue
[2024-05-14T02:07:44.213+0000] {logging_mixin.py:188} INFO - [2024-05-14T02:07:44.213+0000] {dagbag.py:545} INFO - Filling up the DagBag from /home/airflow/.local/lib/python3.12/site-packages/airflow/example_dags/example_setup_teardown.py
[2024-05-14T02:07:44.222+0000] {processor.py:840} INFO - DAG(s) 'example_setup_teardown' retrieved from /home/airflow/.local/lib/python3.12/site-packages/airflow/example_dags/example_setup_teardown.py
[2024-05-14T02:07:44.240+0000] {logging_mixin.py:188} INFO - [2024-05-14T02:07:44.239+0000] {dag.py:3096} INFO - Sync 1 DAGs
[2024-05-14T02:07:44.253+0000] {logging_mixin.py:188} INFO - [2024-05-14T02:07:44.252+0000] {dag.py:3954} INFO - Setting next_dagrun for example_setup_teardown to 2024-05-13 00:00:00+00:00, run_after=2024-05-14 00:00:00+00:00
[2024-05-14T02:07:44.262+0000] {processor.py:183} INFO - Processing /home/airflow/.local/lib/python3.12/site-packages/airflow/example_dags/example_setup_teardown.py took 0.062 seconds
[2024-05-14T02:08:14.504+0000] {processor.py:161} INFO - Started process (PID=1681) to work on /home/airflow/.local/lib/python3.12/site-packages/airflow/example_dags/example_setup_teardown.py
[2024-05-14T02:08:14.505+0000] {processor.py:830} INFO - Processing file /home/airflow/.local/lib/python3.12/site-packages/airflow/example_dags/example_setup_teardown.py for tasks to queue
[2024-05-14T02:08:14.508+0000] {logging_mixin.py:188} INFO - [2024-05-14T02:08:14.507+0000] {dagbag.py:545} INFO - Filling up the DagBag from /home/airflow/.local/lib/python3.12/site-packages/airflow/example_dags/example_setup_teardown.py
[2024-05-14T02:08:14.517+0000] {processor.py:840} INFO - DAG(s) 'example_setup_teardown' retrieved from /home/airflow/.local/lib/python3.12/site-packages/airflow/example_dags/example_setup_teardown.py
[2024-05-14T02:08:14.536+0000] {logging_mixin.py:188} INFO - [2024-05-14T02:08:14.536+0000] {dag.py:3096} INFO - Sync 1 DAGs
[2024-05-14T02:08:14.550+0000] {logging_mixin.py:188} INFO - [2024-05-14T02:08:14.550+0000] {dag.py:3954} INFO - Setting next_dagrun for example_setup_teardown to 2024-05-13 00:00:00+00:00, run_after=2024-05-14 00:00:00+00:00
[2024-05-14T02:08:14.560+0000] {processor.py:183} INFO - Processing /home/airflow/.local/lib/python3.12/site-packages/airflow/example_dags/example_setup_teardown.py took 0.066 seconds
[2024-05-14T02:08:44.617+0000] {processor.py:161} INFO - Started process (PID=1740) to work on /home/airflow/.local/lib/python3.12/site-packages/airflow/example_dags/example_setup_teardown.py
[2024-05-14T02:08:44.618+0000] {processor.py:830} INFO - Processing file /home/airflow/.local/lib/python3.12/site-packages/airflow/example_dags/example_setup_teardown.py for tasks to queue
[2024-05-14T02:08:44.622+0000] {logging_mixin.py:188} INFO - [2024-05-14T02:08:44.621+0000] {dagbag.py:545} INFO - Filling up the DagBag from /home/airflow/.local/lib/python3.12/site-packages/airflow/example_dags/example_setup_teardown.py
[2024-05-14T02:08:44.630+0000] {processor.py:840} INFO - DAG(s) 'example_setup_teardown' retrieved from /home/airflow/.local/lib/python3.12/site-packages/airflow/example_dags/example_setup_teardown.py
[2024-05-14T02:08:44.650+0000] {logging_mixin.py:188} INFO - [2024-05-14T02:08:44.650+0000] {dag.py:3096} INFO - Sync 1 DAGs
[2024-05-14T02:08:44.666+0000] {logging_mixin.py:188} INFO - [2024-05-14T02:08:44.666+0000] {dag.py:3954} INFO - Setting next_dagrun for example_setup_teardown to 2024-05-13 00:00:00+00:00, run_after=2024-05-14 00:00:00+00:00
[2024-05-14T02:08:44.678+0000] {processor.py:183} INFO - Processing /home/airflow/.local/lib/python3.12/site-packages/airflow/example_dags/example_setup_teardown.py took 0.070 seconds
[2024-05-14T02:09:14.750+0000] {processor.py:161} INFO - Started process (PID=1799) to work on /home/airflow/.local/lib/python3.12/site-packages/airflow/example_dags/example_setup_teardown.py
[2024-05-14T02:09:14.751+0000] {processor.py:830} INFO - Processing file /home/airflow/.local/lib/python3.12/site-packages/airflow/example_dags/example_setup_teardown.py for tasks to queue
[2024-05-14T02:09:14.754+0000] {logging_mixin.py:188} INFO - [2024-05-14T02:09:14.753+0000] {dagbag.py:545} INFO - Filling up the DagBag from /home/airflow/.local/lib/python3.12/site-packages/airflow/example_dags/example_setup_teardown.py
[2024-05-14T02:09:14.761+0000] {processor.py:840} INFO - DAG(s) 'example_setup_teardown' retrieved from /home/airflow/.local/lib/python3.12/site-packages/airflow/example_dags/example_setup_teardown.py
[2024-05-14T02:09:14.779+0000] {logging_mixin.py:188} INFO - [2024-05-14T02:09:14.779+0000] {dag.py:3096} INFO - Sync 1 DAGs
[2024-05-14T02:09:14.793+0000] {logging_mixin.py:188} INFO - [2024-05-14T02:09:14.793+0000] {dag.py:3954} INFO - Setting next_dagrun for example_setup_teardown to 2024-05-13 00:00:00+00:00, run_after=2024-05-14 00:00:00+00:00
[2024-05-14T02:09:14.894+0000] {processor.py:183} INFO - Processing /home/airflow/.local/lib/python3.12/site-packages/airflow/example_dags/example_setup_teardown.py took 0.153 seconds
[2024-05-14T02:09:45.158+0000] {processor.py:161} INFO - Started process (PID=1858) to work on /home/airflow/.local/lib/python3.12/site-packages/airflow/example_dags/example_setup_teardown.py
[2024-05-14T02:09:45.159+0000] {processor.py:830} INFO - Processing file /home/airflow/.local/lib/python3.12/site-packages/airflow/example_dags/example_setup_teardown.py for tasks to queue
[2024-05-14T02:09:45.161+0000] {logging_mixin.py:188} INFO - [2024-05-14T02:09:45.161+0000] {dagbag.py:545} INFO - Filling up the DagBag from /home/airflow/.local/lib/python3.12/site-packages/airflow/example_dags/example_setup_teardown.py
[2024-05-14T02:09:45.167+0000] {processor.py:840} INFO - DAG(s) 'example_setup_teardown' retrieved from /home/airflow/.local/lib/python3.12/site-packages/airflow/example_dags/example_setup_teardown.py
[2024-05-14T02:09:45.182+0000] {logging_mixin.py:188} INFO - [2024-05-14T02:09:45.182+0000] {dag.py:3096} INFO - Sync 1 DAGs
[2024-05-14T02:09:45.197+0000] {logging_mixin.py:188} INFO - [2024-05-14T02:09:45.197+0000] {dag.py:3954} INFO - Setting next_dagrun for example_setup_teardown to 2024-05-13 00:00:00+00:00, run_after=2024-05-14 00:00:00+00:00
[2024-05-14T02:09:45.208+0000] {processor.py:183} INFO - Processing /home/airflow/.local/lib/python3.12/site-packages/airflow/example_dags/example_setup_teardown.py took 0.055 seconds
[2024-05-14T02:10:15.550+0000] {processor.py:161} INFO - Started process (PID=1917) to work on /home/airflow/.local/lib/python3.12/site-packages/airflow/example_dags/example_setup_teardown.py
[2024-05-14T02:10:15.551+0000] {processor.py:830} INFO - Processing file /home/airflow/.local/lib/python3.12/site-packages/airflow/example_dags/example_setup_teardown.py for tasks to queue
[2024-05-14T02:10:15.553+0000] {logging_mixin.py:188} INFO - [2024-05-14T02:10:15.552+0000] {dagbag.py:545} INFO - Filling up the DagBag from /home/airflow/.local/lib/python3.12/site-packages/airflow/example_dags/example_setup_teardown.py
[2024-05-14T02:10:15.559+0000] {processor.py:840} INFO - DAG(s) 'example_setup_teardown' retrieved from /home/airflow/.local/lib/python3.12/site-packages/airflow/example_dags/example_setup_teardown.py
[2024-05-14T02:10:15.573+0000] {logging_mixin.py:188} INFO - [2024-05-14T02:10:15.573+0000] {dag.py:3096} INFO - Sync 1 DAGs
[2024-05-14T02:10:15.585+0000] {logging_mixin.py:188} INFO - [2024-05-14T02:10:15.585+0000] {dag.py:3954} INFO - Setting next_dagrun for example_setup_teardown to 2024-05-13 00:00:00+00:00, run_after=2024-05-14 00:00:00+00:00
[2024-05-14T02:10:15.596+0000] {processor.py:183} INFO - Processing /home/airflow/.local/lib/python3.12/site-packages/airflow/example_dags/example_setup_teardown.py took 0.053 seconds
[2024-05-14T02:10:45.685+0000] {processor.py:161} INFO - Started process (PID=1976) to work on /home/airflow/.local/lib/python3.12/site-packages/airflow/example_dags/example_setup_teardown.py
[2024-05-14T02:10:45.688+0000] {processor.py:830} INFO - Processing file /home/airflow/.local/lib/python3.12/site-packages/airflow/example_dags/example_setup_teardown.py for tasks to queue
[2024-05-14T02:10:45.693+0000] {logging_mixin.py:188} INFO - [2024-05-14T02:10:45.692+0000] {dagbag.py:545} INFO - Filling up the DagBag from /home/airflow/.local/lib/python3.12/site-packages/airflow/example_dags/example_setup_teardown.py
[2024-05-14T02:10:45.698+0000] {processor.py:840} INFO - DAG(s) 'example_setup_teardown' retrieved from /home/airflow/.local/lib/python3.12/site-packages/airflow/example_dags/example_setup_teardown.py
[2024-05-14T02:10:45.711+0000] {logging_mixin.py:188} INFO - [2024-05-14T02:10:45.710+0000] {dag.py:3096} INFO - Sync 1 DAGs
[2024-05-14T02:10:45.721+0000] {logging_mixin.py:188} INFO - [2024-05-14T02:10:45.721+0000] {dag.py:3954} INFO - Setting next_dagrun for example_setup_teardown to 2024-05-13 00:00:00+00:00, run_after=2024-05-14 00:00:00+00:00
[2024-05-14T02:10:45.731+0000] {processor.py:183} INFO - Processing /home/airflow/.local/lib/python3.12/site-packages/airflow/example_dags/example_setup_teardown.py took 0.052 seconds
[2024-05-14T02:11:16.437+0000] {processor.py:161} INFO - Started process (PID=2034) to work on /home/airflow/.local/lib/python3.12/site-packages/airflow/example_dags/example_setup_teardown.py
[2024-05-14T02:11:16.439+0000] {processor.py:830} INFO - Processing file /home/airflow/.local/lib/python3.12/site-packages/airflow/example_dags/example_setup_teardown.py for tasks to queue
[2024-05-14T02:11:16.441+0000] {logging_mixin.py:188} INFO - [2024-05-14T02:11:16.441+0000] {dagbag.py:545} INFO - Filling up the DagBag from /home/airflow/.local/lib/python3.12/site-packages/airflow/example_dags/example_setup_teardown.py
[2024-05-14T02:11:16.451+0000] {processor.py:840} INFO - DAG(s) 'example_setup_teardown' retrieved from /home/airflow/.local/lib/python3.12/site-packages/airflow/example_dags/example_setup_teardown.py
[2024-05-14T02:11:16.474+0000] {logging_mixin.py:188} INFO - [2024-05-14T02:11:16.474+0000] {dag.py:3096} INFO - Sync 1 DAGs
[2024-05-14T02:11:16.491+0000] {logging_mixin.py:188} INFO - [2024-05-14T02:11:16.491+0000] {dag.py:3954} INFO - Setting next_dagrun for example_setup_teardown to 2024-05-13 00:00:00+00:00, run_after=2024-05-14 00:00:00+00:00
[2024-05-14T02:11:16.504+0000] {processor.py:183} INFO - Processing /home/airflow/.local/lib/python3.12/site-packages/airflow/example_dags/example_setup_teardown.py took 0.087 seconds
[2024-05-14T02:11:46.652+0000] {processor.py:161} INFO - Started process (PID=2093) to work on /home/airflow/.local/lib/python3.12/site-packages/airflow/example_dags/example_setup_teardown.py
[2024-05-14T02:11:46.653+0000] {processor.py:830} INFO - Processing file /home/airflow/.local/lib/python3.12/site-packages/airflow/example_dags/example_setup_teardown.py for tasks to queue
[2024-05-14T02:11:46.654+0000] {logging_mixin.py:188} INFO - [2024-05-14T02:11:46.654+0000] {dagbag.py:545} INFO - Filling up the DagBag from /home/airflow/.local/lib/python3.12/site-packages/airflow/example_dags/example_setup_teardown.py
[2024-05-14T02:11:46.661+0000] {processor.py:840} INFO - DAG(s) 'example_setup_teardown' retrieved from /home/airflow/.local/lib/python3.12/site-packages/airflow/example_dags/example_setup_teardown.py
[2024-05-14T02:11:46.677+0000] {logging_mixin.py:188} INFO - [2024-05-14T02:11:46.677+0000] {dag.py:3096} INFO - Sync 1 DAGs
[2024-05-14T02:11:46.692+0000] {logging_mixin.py:188} INFO - [2024-05-14T02:11:46.692+0000] {dag.py:3954} INFO - Setting next_dagrun for example_setup_teardown to 2024-05-13 00:00:00+00:00, run_after=2024-05-14 00:00:00+00:00
[2024-05-14T02:11:46.701+0000] {processor.py:183} INFO - Processing /home/airflow/.local/lib/python3.12/site-packages/airflow/example_dags/example_setup_teardown.py took 0.055 seconds
[2024-05-14T02:12:16.858+0000] {processor.py:161} INFO - Started process (PID=2151) to work on /home/airflow/.local/lib/python3.12/site-packages/airflow/example_dags/example_setup_teardown.py
[2024-05-14T02:12:16.859+0000] {processor.py:830} INFO - Processing file /home/airflow/.local/lib/python3.12/site-packages/airflow/example_dags/example_setup_teardown.py for tasks to queue
[2024-05-14T02:12:16.861+0000] {logging_mixin.py:188} INFO - [2024-05-14T02:12:16.861+0000] {dagbag.py:545} INFO - Filling up the DagBag from /home/airflow/.local/lib/python3.12/site-packages/airflow/example_dags/example_setup_teardown.py
[2024-05-14T02:12:16.869+0000] {processor.py:840} INFO - DAG(s) 'example_setup_teardown' retrieved from /home/airflow/.local/lib/python3.12/site-packages/airflow/example_dags/example_setup_teardown.py
[2024-05-14T02:12:16.886+0000] {logging_mixin.py:188} INFO - [2024-05-14T02:12:16.885+0000] {dag.py:3096} INFO - Sync 1 DAGs
[2024-05-14T02:12:16.902+0000] {logging_mixin.py:188} INFO - [2024-05-14T02:12:16.902+0000] {dag.py:3954} INFO - Setting next_dagrun for example_setup_teardown to 2024-05-13 00:00:00+00:00, run_after=2024-05-14 00:00:00+00:00
[2024-05-14T02:12:16.911+0000] {processor.py:183} INFO - Processing /home/airflow/.local/lib/python3.12/site-packages/airflow/example_dags/example_setup_teardown.py took 0.062 seconds
[2024-05-14T02:12:47.031+0000] {processor.py:161} INFO - Started process (PID=2209) to work on /home/airflow/.local/lib/python3.12/site-packages/airflow/example_dags/example_setup_teardown.py
[2024-05-14T02:12:47.032+0000] {processor.py:830} INFO - Processing file /home/airflow/.local/lib/python3.12/site-packages/airflow/example_dags/example_setup_teardown.py for tasks to queue
[2024-05-14T02:12:47.034+0000] {logging_mixin.py:188} INFO - [2024-05-14T02:12:47.033+0000] {dagbag.py:545} INFO - Filling up the DagBag from /home/airflow/.local/lib/python3.12/site-packages/airflow/example_dags/example_setup_teardown.py
[2024-05-14T02:12:47.038+0000] {processor.py:840} INFO - DAG(s) 'example_setup_teardown' retrieved from /home/airflow/.local/lib/python3.12/site-packages/airflow/example_dags/example_setup_teardown.py
[2024-05-14T02:12:47.053+0000] {logging_mixin.py:188} INFO - [2024-05-14T02:12:47.052+0000] {dag.py:3096} INFO - Sync 1 DAGs
[2024-05-14T02:12:47.064+0000] {logging_mixin.py:188} INFO - [2024-05-14T02:12:47.064+0000] {dag.py:3954} INFO - Setting next_dagrun for example_setup_teardown to 2024-05-13 00:00:00+00:00, run_after=2024-05-14 00:00:00+00:00
[2024-05-14T02:12:47.072+0000] {processor.py:183} INFO - Processing /home/airflow/.local/lib/python3.12/site-packages/airflow/example_dags/example_setup_teardown.py took 0.045 seconds
