[2024-05-14T01:54:09.839+0000] {processor.py:161} INFO - Started process (PID=74) to work on /home/airflow/.local/lib/python3.12/site-packages/airflow/example_dags/example_skip_dag.py
[2024-05-14T01:54:09.847+0000] {processor.py:830} INFO - Processing file /home/airflow/.local/lib/python3.12/site-packages/airflow/example_dags/example_skip_dag.py for tasks to queue
[2024-05-14T01:54:09.853+0000] {logging_mixin.py:188} INFO - [2024-05-14T01:54:09.852+0000] {dagbag.py:545} INFO - Filling up the DagBag from /home/airflow/.local/lib/python3.12/site-packages/airflow/example_dags/example_skip_dag.py
[2024-05-14T01:54:09.889+0000] {processor.py:840} INFO - DAG(s) 'example_skip_dag' retrieved from /home/airflow/.local/lib/python3.12/site-packages/airflow/example_dags/example_skip_dag.py
[2024-05-14T01:54:10.034+0000] {logging_mixin.py:188} INFO - [2024-05-14T01:54:10.033+0000] {dag.py:3096} INFO - Sync 1 DAGs
[2024-05-14T01:54:10.165+0000] {logging_mixin.py:188} INFO - [2024-05-14T01:54:10.164+0000] {dag.py:3954} INFO - Setting next_dagrun for example_skip_dag to 2024-05-13 00:00:00+00:00, run_after=2024-05-14 00:00:00+00:00
[2024-05-14T01:54:10.223+0000] {processor.py:183} INFO - Processing /home/airflow/.local/lib/python3.12/site-packages/airflow/example_dags/example_skip_dag.py took 0.394 seconds
[2024-05-14T01:54:41.259+0000] {processor.py:161} INFO - Started process (PID=133) to work on /home/airflow/.local/lib/python3.12/site-packages/airflow/example_dags/example_skip_dag.py
[2024-05-14T01:54:41.260+0000] {processor.py:830} INFO - Processing file /home/airflow/.local/lib/python3.12/site-packages/airflow/example_dags/example_skip_dag.py for tasks to queue
[2024-05-14T01:54:41.262+0000] {logging_mixin.py:188} INFO - [2024-05-14T01:54:41.261+0000] {dagbag.py:545} INFO - Filling up the DagBag from /home/airflow/.local/lib/python3.12/site-packages/airflow/example_dags/example_skip_dag.py
[2024-05-14T01:54:41.265+0000] {processor.py:840} INFO - DAG(s) 'example_skip_dag' retrieved from /home/airflow/.local/lib/python3.12/site-packages/airflow/example_dags/example_skip_dag.py
[2024-05-14T01:54:41.310+0000] {logging_mixin.py:188} INFO - [2024-05-14T01:54:41.310+0000] {dag.py:3096} INFO - Sync 1 DAGs
[2024-05-14T01:54:41.319+0000] {logging_mixin.py:188} INFO - [2024-05-14T01:54:41.319+0000] {dag.py:3954} INFO - Setting next_dagrun for example_skip_dag to 2024-05-13 00:00:00+00:00, run_after=2024-05-14 00:00:00+00:00
[2024-05-14T01:54:41.328+0000] {processor.py:183} INFO - Processing /home/airflow/.local/lib/python3.12/site-packages/airflow/example_dags/example_skip_dag.py took 0.072 seconds
[2024-05-14T01:55:12.125+0000] {processor.py:161} INFO - Started process (PID=192) to work on /home/airflow/.local/lib/python3.12/site-packages/airflow/example_dags/example_skip_dag.py
[2024-05-14T01:55:12.127+0000] {processor.py:830} INFO - Processing file /home/airflow/.local/lib/python3.12/site-packages/airflow/example_dags/example_skip_dag.py for tasks to queue
[2024-05-14T01:55:12.129+0000] {logging_mixin.py:188} INFO - [2024-05-14T01:55:12.129+0000] {dagbag.py:545} INFO - Filling up the DagBag from /home/airflow/.local/lib/python3.12/site-packages/airflow/example_dags/example_skip_dag.py
[2024-05-14T01:55:12.137+0000] {processor.py:840} INFO - DAG(s) 'example_skip_dag' retrieved from /home/airflow/.local/lib/python3.12/site-packages/airflow/example_dags/example_skip_dag.py
[2024-05-14T01:55:12.159+0000] {logging_mixin.py:188} INFO - [2024-05-14T01:55:12.159+0000] {dag.py:3096} INFO - Sync 1 DAGs
[2024-05-14T01:55:12.174+0000] {logging_mixin.py:188} INFO - [2024-05-14T01:55:12.174+0000] {dag.py:3954} INFO - Setting next_dagrun for example_skip_dag to 2024-05-13 00:00:00+00:00, run_after=2024-05-14 00:00:00+00:00
[2024-05-14T01:55:12.184+0000] {processor.py:183} INFO - Processing /home/airflow/.local/lib/python3.12/site-packages/airflow/example_dags/example_skip_dag.py took 0.071 seconds
[2024-05-14T01:55:42.294+0000] {processor.py:161} INFO - Started process (PID=251) to work on /home/airflow/.local/lib/python3.12/site-packages/airflow/example_dags/example_skip_dag.py
[2024-05-14T01:55:42.295+0000] {processor.py:830} INFO - Processing file /home/airflow/.local/lib/python3.12/site-packages/airflow/example_dags/example_skip_dag.py for tasks to queue
[2024-05-14T01:55:42.297+0000] {logging_mixin.py:188} INFO - [2024-05-14T01:55:42.297+0000] {dagbag.py:545} INFO - Filling up the DagBag from /home/airflow/.local/lib/python3.12/site-packages/airflow/example_dags/example_skip_dag.py
[2024-05-14T01:55:42.307+0000] {processor.py:840} INFO - DAG(s) 'example_skip_dag' retrieved from /home/airflow/.local/lib/python3.12/site-packages/airflow/example_dags/example_skip_dag.py
[2024-05-14T01:55:42.327+0000] {logging_mixin.py:188} INFO - [2024-05-14T01:55:42.327+0000] {dag.py:3096} INFO - Sync 1 DAGs
[2024-05-14T01:55:42.345+0000] {logging_mixin.py:188} INFO - [2024-05-14T01:55:42.344+0000] {dag.py:3954} INFO - Setting next_dagrun for example_skip_dag to 2024-05-13 00:00:00+00:00, run_after=2024-05-14 00:00:00+00:00
[2024-05-14T01:55:42.355+0000] {processor.py:183} INFO - Processing /home/airflow/.local/lib/python3.12/site-packages/airflow/example_dags/example_skip_dag.py took 0.069 seconds
[2024-05-14T01:56:12.508+0000] {processor.py:161} INFO - Started process (PID=310) to work on /home/airflow/.local/lib/python3.12/site-packages/airflow/example_dags/example_skip_dag.py
[2024-05-14T01:56:12.509+0000] {processor.py:830} INFO - Processing file /home/airflow/.local/lib/python3.12/site-packages/airflow/example_dags/example_skip_dag.py for tasks to queue
[2024-05-14T01:56:12.512+0000] {logging_mixin.py:188} INFO - [2024-05-14T01:56:12.511+0000] {dagbag.py:545} INFO - Filling up the DagBag from /home/airflow/.local/lib/python3.12/site-packages/airflow/example_dags/example_skip_dag.py
[2024-05-14T01:56:12.519+0000] {processor.py:840} INFO - DAG(s) 'example_skip_dag' retrieved from /home/airflow/.local/lib/python3.12/site-packages/airflow/example_dags/example_skip_dag.py
[2024-05-14T01:56:12.539+0000] {logging_mixin.py:188} INFO - [2024-05-14T01:56:12.538+0000] {dag.py:3096} INFO - Sync 1 DAGs
[2024-05-14T01:56:12.553+0000] {logging_mixin.py:188} INFO - [2024-05-14T01:56:12.553+0000] {dag.py:3954} INFO - Setting next_dagrun for example_skip_dag to 2024-05-13 00:00:00+00:00, run_after=2024-05-14 00:00:00+00:00
[2024-05-14T01:56:12.563+0000] {processor.py:183} INFO - Processing /home/airflow/.local/lib/python3.12/site-packages/airflow/example_dags/example_skip_dag.py took 0.066 seconds
[2024-05-14T01:56:42.653+0000] {processor.py:161} INFO - Started process (PID=368) to work on /home/airflow/.local/lib/python3.12/site-packages/airflow/example_dags/example_skip_dag.py
[2024-05-14T01:56:42.654+0000] {processor.py:830} INFO - Processing file /home/airflow/.local/lib/python3.12/site-packages/airflow/example_dags/example_skip_dag.py for tasks to queue
[2024-05-14T01:56:42.657+0000] {logging_mixin.py:188} INFO - [2024-05-14T01:56:42.656+0000] {dagbag.py:545} INFO - Filling up the DagBag from /home/airflow/.local/lib/python3.12/site-packages/airflow/example_dags/example_skip_dag.py
[2024-05-14T01:56:42.665+0000] {processor.py:840} INFO - DAG(s) 'example_skip_dag' retrieved from /home/airflow/.local/lib/python3.12/site-packages/airflow/example_dags/example_skip_dag.py
[2024-05-14T01:56:42.685+0000] {logging_mixin.py:188} INFO - [2024-05-14T01:56:42.685+0000] {dag.py:3096} INFO - Sync 1 DAGs
[2024-05-14T01:56:42.701+0000] {logging_mixin.py:188} INFO - [2024-05-14T01:56:42.700+0000] {dag.py:3954} INFO - Setting next_dagrun for example_skip_dag to 2024-05-13 00:00:00+00:00, run_after=2024-05-14 00:00:00+00:00
[2024-05-14T01:56:42.710+0000] {processor.py:183} INFO - Processing /home/airflow/.local/lib/python3.12/site-packages/airflow/example_dags/example_skip_dag.py took 0.067 seconds
[2024-05-14T01:57:13.662+0000] {processor.py:161} INFO - Started process (PID=427) to work on /home/airflow/.local/lib/python3.12/site-packages/airflow/example_dags/example_skip_dag.py
[2024-05-14T01:57:13.663+0000] {processor.py:830} INFO - Processing file /home/airflow/.local/lib/python3.12/site-packages/airflow/example_dags/example_skip_dag.py for tasks to queue
[2024-05-14T01:57:13.665+0000] {logging_mixin.py:188} INFO - [2024-05-14T01:57:13.665+0000] {dagbag.py:545} INFO - Filling up the DagBag from /home/airflow/.local/lib/python3.12/site-packages/airflow/example_dags/example_skip_dag.py
[2024-05-14T01:57:13.671+0000] {processor.py:840} INFO - DAG(s) 'example_skip_dag' retrieved from /home/airflow/.local/lib/python3.12/site-packages/airflow/example_dags/example_skip_dag.py
[2024-05-14T01:57:13.690+0000] {logging_mixin.py:188} INFO - [2024-05-14T01:57:13.690+0000] {dag.py:3096} INFO - Sync 1 DAGs
[2024-05-14T01:57:13.703+0000] {logging_mixin.py:188} INFO - [2024-05-14T01:57:13.703+0000] {dag.py:3954} INFO - Setting next_dagrun for example_skip_dag to 2024-05-13 00:00:00+00:00, run_after=2024-05-14 00:00:00+00:00
[2024-05-14T01:57:13.713+0000] {processor.py:183} INFO - Processing /home/airflow/.local/lib/python3.12/site-packages/airflow/example_dags/example_skip_dag.py took 0.057 seconds
[2024-05-14T01:57:44.373+0000] {processor.py:161} INFO - Started process (PID=486) to work on /home/airflow/.local/lib/python3.12/site-packages/airflow/example_dags/example_skip_dag.py
[2024-05-14T01:57:44.375+0000] {processor.py:830} INFO - Processing file /home/airflow/.local/lib/python3.12/site-packages/airflow/example_dags/example_skip_dag.py for tasks to queue
[2024-05-14T01:57:44.378+0000] {logging_mixin.py:188} INFO - [2024-05-14T01:57:44.378+0000] {dagbag.py:545} INFO - Filling up the DagBag from /home/airflow/.local/lib/python3.12/site-packages/airflow/example_dags/example_skip_dag.py
[2024-05-14T01:57:44.387+0000] {processor.py:840} INFO - DAG(s) 'example_skip_dag' retrieved from /home/airflow/.local/lib/python3.12/site-packages/airflow/example_dags/example_skip_dag.py
[2024-05-14T01:57:44.408+0000] {logging_mixin.py:188} INFO - [2024-05-14T01:57:44.407+0000] {dag.py:3096} INFO - Sync 1 DAGs
[2024-05-14T01:57:44.422+0000] {logging_mixin.py:188} INFO - [2024-05-14T01:57:44.422+0000] {dag.py:3954} INFO - Setting next_dagrun for example_skip_dag to 2024-05-13 00:00:00+00:00, run_after=2024-05-14 00:00:00+00:00
[2024-05-14T01:57:44.432+0000] {processor.py:183} INFO - Processing /home/airflow/.local/lib/python3.12/site-packages/airflow/example_dags/example_skip_dag.py took 0.069 seconds
[2024-05-14T01:58:15.126+0000] {processor.py:161} INFO - Started process (PID=545) to work on /home/airflow/.local/lib/python3.12/site-packages/airflow/example_dags/example_skip_dag.py
[2024-05-14T01:58:15.127+0000] {processor.py:830} INFO - Processing file /home/airflow/.local/lib/python3.12/site-packages/airflow/example_dags/example_skip_dag.py for tasks to queue
[2024-05-14T01:58:15.132+0000] {logging_mixin.py:188} INFO - [2024-05-14T01:58:15.131+0000] {dagbag.py:545} INFO - Filling up the DagBag from /home/airflow/.local/lib/python3.12/site-packages/airflow/example_dags/example_skip_dag.py
[2024-05-14T01:58:15.139+0000] {processor.py:840} INFO - DAG(s) 'example_skip_dag' retrieved from /home/airflow/.local/lib/python3.12/site-packages/airflow/example_dags/example_skip_dag.py
[2024-05-14T01:58:15.154+0000] {logging_mixin.py:188} INFO - [2024-05-14T01:58:15.154+0000] {dag.py:3096} INFO - Sync 1 DAGs
[2024-05-14T01:58:15.164+0000] {logging_mixin.py:188} INFO - [2024-05-14T01:58:15.164+0000] {dag.py:3954} INFO - Setting next_dagrun for example_skip_dag to 2024-05-13 00:00:00+00:00, run_after=2024-05-14 00:00:00+00:00
[2024-05-14T01:58:15.173+0000] {processor.py:183} INFO - Processing /home/airflow/.local/lib/python3.12/site-packages/airflow/example_dags/example_skip_dag.py took 0.055 seconds
[2024-05-14T01:58:45.929+0000] {processor.py:161} INFO - Started process (PID=603) to work on /home/airflow/.local/lib/python3.12/site-packages/airflow/example_dags/example_skip_dag.py
[2024-05-14T01:58:45.931+0000] {processor.py:830} INFO - Processing file /home/airflow/.local/lib/python3.12/site-packages/airflow/example_dags/example_skip_dag.py for tasks to queue
[2024-05-14T01:58:45.935+0000] {logging_mixin.py:188} INFO - [2024-05-14T01:58:45.934+0000] {dagbag.py:545} INFO - Filling up the DagBag from /home/airflow/.local/lib/python3.12/site-packages/airflow/example_dags/example_skip_dag.py
[2024-05-14T01:58:45.945+0000] {processor.py:840} INFO - DAG(s) 'example_skip_dag' retrieved from /home/airflow/.local/lib/python3.12/site-packages/airflow/example_dags/example_skip_dag.py
[2024-05-14T01:58:45.967+0000] {logging_mixin.py:188} INFO - [2024-05-14T01:58:45.967+0000] {dag.py:3096} INFO - Sync 1 DAGs
[2024-05-14T01:58:45.982+0000] {logging_mixin.py:188} INFO - [2024-05-14T01:58:45.981+0000] {dag.py:3954} INFO - Setting next_dagrun for example_skip_dag to 2024-05-13 00:00:00+00:00, run_after=2024-05-14 00:00:00+00:00
[2024-05-14T01:58:45.992+0000] {processor.py:183} INFO - Processing /home/airflow/.local/lib/python3.12/site-packages/airflow/example_dags/example_skip_dag.py took 0.071 seconds
[2024-05-14T01:59:16.699+0000] {processor.py:161} INFO - Started process (PID=662) to work on /home/airflow/.local/lib/python3.12/site-packages/airflow/example_dags/example_skip_dag.py
[2024-05-14T01:59:16.701+0000] {processor.py:830} INFO - Processing file /home/airflow/.local/lib/python3.12/site-packages/airflow/example_dags/example_skip_dag.py for tasks to queue
[2024-05-14T01:59:16.704+0000] {logging_mixin.py:188} INFO - [2024-05-14T01:59:16.704+0000] {dagbag.py:545} INFO - Filling up the DagBag from /home/airflow/.local/lib/python3.12/site-packages/airflow/example_dags/example_skip_dag.py
[2024-05-14T01:59:16.714+0000] {processor.py:840} INFO - DAG(s) 'example_skip_dag' retrieved from /home/airflow/.local/lib/python3.12/site-packages/airflow/example_dags/example_skip_dag.py
[2024-05-14T01:59:16.738+0000] {logging_mixin.py:188} INFO - [2024-05-14T01:59:16.738+0000] {dag.py:3096} INFO - Sync 1 DAGs
[2024-05-14T01:59:16.754+0000] {logging_mixin.py:188} INFO - [2024-05-14T01:59:16.753+0000] {dag.py:3954} INFO - Setting next_dagrun for example_skip_dag to 2024-05-13 00:00:00+00:00, run_after=2024-05-14 00:00:00+00:00
[2024-05-14T01:59:16.765+0000] {processor.py:183} INFO - Processing /home/airflow/.local/lib/python3.12/site-packages/airflow/example_dags/example_skip_dag.py took 0.075 seconds
[2024-05-14T01:59:47.518+0000] {processor.py:161} INFO - Started process (PID=721) to work on /home/airflow/.local/lib/python3.12/site-packages/airflow/example_dags/example_skip_dag.py
[2024-05-14T01:59:47.520+0000] {processor.py:830} INFO - Processing file /home/airflow/.local/lib/python3.12/site-packages/airflow/example_dags/example_skip_dag.py for tasks to queue
[2024-05-14T01:59:47.523+0000] {logging_mixin.py:188} INFO - [2024-05-14T01:59:47.523+0000] {dagbag.py:545} INFO - Filling up the DagBag from /home/airflow/.local/lib/python3.12/site-packages/airflow/example_dags/example_skip_dag.py
[2024-05-14T01:59:47.531+0000] {processor.py:840} INFO - DAG(s) 'example_skip_dag' retrieved from /home/airflow/.local/lib/python3.12/site-packages/airflow/example_dags/example_skip_dag.py
[2024-05-14T01:59:47.554+0000] {logging_mixin.py:188} INFO - [2024-05-14T01:59:47.553+0000] {dag.py:3096} INFO - Sync 1 DAGs
[2024-05-14T01:59:47.567+0000] {logging_mixin.py:188} INFO - [2024-05-14T01:59:47.567+0000] {dag.py:3954} INFO - Setting next_dagrun for example_skip_dag to 2024-05-13 00:00:00+00:00, run_after=2024-05-14 00:00:00+00:00
[2024-05-14T01:59:47.576+0000] {processor.py:183} INFO - Processing /home/airflow/.local/lib/python3.12/site-packages/airflow/example_dags/example_skip_dag.py took 0.068 seconds
[2024-05-14T02:00:18.326+0000] {processor.py:161} INFO - Started process (PID=780) to work on /home/airflow/.local/lib/python3.12/site-packages/airflow/example_dags/example_skip_dag.py
[2024-05-14T02:00:18.327+0000] {processor.py:830} INFO - Processing file /home/airflow/.local/lib/python3.12/site-packages/airflow/example_dags/example_skip_dag.py for tasks to queue
[2024-05-14T02:00:18.330+0000] {logging_mixin.py:188} INFO - [2024-05-14T02:00:18.330+0000] {dagbag.py:545} INFO - Filling up the DagBag from /home/airflow/.local/lib/python3.12/site-packages/airflow/example_dags/example_skip_dag.py
[2024-05-14T02:00:18.338+0000] {processor.py:840} INFO - DAG(s) 'example_skip_dag' retrieved from /home/airflow/.local/lib/python3.12/site-packages/airflow/example_dags/example_skip_dag.py
[2024-05-14T02:00:18.358+0000] {logging_mixin.py:188} INFO - [2024-05-14T02:00:18.358+0000] {dag.py:3096} INFO - Sync 1 DAGs
[2024-05-14T02:00:18.373+0000] {logging_mixin.py:188} INFO - [2024-05-14T02:00:18.372+0000] {dag.py:3954} INFO - Setting next_dagrun for example_skip_dag to 2024-05-13 00:00:00+00:00, run_after=2024-05-14 00:00:00+00:00
[2024-05-14T02:00:18.383+0000] {processor.py:183} INFO - Processing /home/airflow/.local/lib/python3.12/site-packages/airflow/example_dags/example_skip_dag.py took 0.066 seconds
[2024-05-14T02:00:49.296+0000] {processor.py:161} INFO - Started process (PID=839) to work on /home/airflow/.local/lib/python3.12/site-packages/airflow/example_dags/example_skip_dag.py
[2024-05-14T02:00:49.297+0000] {processor.py:830} INFO - Processing file /home/airflow/.local/lib/python3.12/site-packages/airflow/example_dags/example_skip_dag.py for tasks to queue
[2024-05-14T02:00:49.300+0000] {logging_mixin.py:188} INFO - [2024-05-14T02:00:49.300+0000] {dagbag.py:545} INFO - Filling up the DagBag from /home/airflow/.local/lib/python3.12/site-packages/airflow/example_dags/example_skip_dag.py
[2024-05-14T02:00:49.307+0000] {processor.py:840} INFO - DAG(s) 'example_skip_dag' retrieved from /home/airflow/.local/lib/python3.12/site-packages/airflow/example_dags/example_skip_dag.py
[2024-05-14T02:00:49.328+0000] {logging_mixin.py:188} INFO - [2024-05-14T02:00:49.328+0000] {dag.py:3096} INFO - Sync 1 DAGs
[2024-05-14T02:00:49.342+0000] {logging_mixin.py:188} INFO - [2024-05-14T02:00:49.342+0000] {dag.py:3954} INFO - Setting next_dagrun for example_skip_dag to 2024-05-13 00:00:00+00:00, run_after=2024-05-14 00:00:00+00:00
[2024-05-14T02:00:49.352+0000] {processor.py:183} INFO - Processing /home/airflow/.local/lib/python3.12/site-packages/airflow/example_dags/example_skip_dag.py took 0.067 seconds
[2024-05-14T02:01:19.386+0000] {processor.py:161} INFO - Started process (PID=898) to work on /home/airflow/.local/lib/python3.12/site-packages/airflow/example_dags/example_skip_dag.py
[2024-05-14T02:01:19.388+0000] {processor.py:830} INFO - Processing file /home/airflow/.local/lib/python3.12/site-packages/airflow/example_dags/example_skip_dag.py for tasks to queue
[2024-05-14T02:01:19.391+0000] {logging_mixin.py:188} INFO - [2024-05-14T02:01:19.390+0000] {dagbag.py:545} INFO - Filling up the DagBag from /home/airflow/.local/lib/python3.12/site-packages/airflow/example_dags/example_skip_dag.py
[2024-05-14T02:01:19.400+0000] {processor.py:840} INFO - DAG(s) 'example_skip_dag' retrieved from /home/airflow/.local/lib/python3.12/site-packages/airflow/example_dags/example_skip_dag.py
[2024-05-14T02:01:19.422+0000] {logging_mixin.py:188} INFO - [2024-05-14T02:01:19.421+0000] {dag.py:3096} INFO - Sync 1 DAGs
[2024-05-14T02:01:19.436+0000] {logging_mixin.py:188} INFO - [2024-05-14T02:01:19.436+0000] {dag.py:3954} INFO - Setting next_dagrun for example_skip_dag to 2024-05-13 00:00:00+00:00, run_after=2024-05-14 00:00:00+00:00
[2024-05-14T02:01:19.447+0000] {processor.py:183} INFO - Processing /home/airflow/.local/lib/python3.12/site-packages/airflow/example_dags/example_skip_dag.py took 0.070 seconds
[2024-05-14T02:01:49.510+0000] {processor.py:161} INFO - Started process (PID=957) to work on /home/airflow/.local/lib/python3.12/site-packages/airflow/example_dags/example_skip_dag.py
[2024-05-14T02:01:49.512+0000] {processor.py:830} INFO - Processing file /home/airflow/.local/lib/python3.12/site-packages/airflow/example_dags/example_skip_dag.py for tasks to queue
[2024-05-14T02:01:49.515+0000] {logging_mixin.py:188} INFO - [2024-05-14T02:01:49.514+0000] {dagbag.py:545} INFO - Filling up the DagBag from /home/airflow/.local/lib/python3.12/site-packages/airflow/example_dags/example_skip_dag.py
[2024-05-14T02:01:49.525+0000] {processor.py:840} INFO - DAG(s) 'example_skip_dag' retrieved from /home/airflow/.local/lib/python3.12/site-packages/airflow/example_dags/example_skip_dag.py
[2024-05-14T02:01:49.550+0000] {logging_mixin.py:188} INFO - [2024-05-14T02:01:49.549+0000] {dag.py:3096} INFO - Sync 1 DAGs
[2024-05-14T02:01:49.563+0000] {logging_mixin.py:188} INFO - [2024-05-14T02:01:49.563+0000] {dag.py:3954} INFO - Setting next_dagrun for example_skip_dag to 2024-05-13 00:00:00+00:00, run_after=2024-05-14 00:00:00+00:00
[2024-05-14T02:01:49.574+0000] {processor.py:183} INFO - Processing /home/airflow/.local/lib/python3.12/site-packages/airflow/example_dags/example_skip_dag.py took 0.073 seconds
[2024-05-14T02:02:19.772+0000] {processor.py:161} INFO - Started process (PID=1016) to work on /home/airflow/.local/lib/python3.12/site-packages/airflow/example_dags/example_skip_dag.py
[2024-05-14T02:02:19.774+0000] {processor.py:830} INFO - Processing file /home/airflow/.local/lib/python3.12/site-packages/airflow/example_dags/example_skip_dag.py for tasks to queue
[2024-05-14T02:02:19.777+0000] {logging_mixin.py:188} INFO - [2024-05-14T02:02:19.776+0000] {dagbag.py:545} INFO - Filling up the DagBag from /home/airflow/.local/lib/python3.12/site-packages/airflow/example_dags/example_skip_dag.py
[2024-05-14T02:02:19.785+0000] {processor.py:840} INFO - DAG(s) 'example_skip_dag' retrieved from /home/airflow/.local/lib/python3.12/site-packages/airflow/example_dags/example_skip_dag.py
[2024-05-14T02:02:19.806+0000] {logging_mixin.py:188} INFO - [2024-05-14T02:02:19.806+0000] {dag.py:3096} INFO - Sync 1 DAGs
[2024-05-14T02:02:19.821+0000] {logging_mixin.py:188} INFO - [2024-05-14T02:02:19.821+0000] {dag.py:3954} INFO - Setting next_dagrun for example_skip_dag to 2024-05-13 00:00:00+00:00, run_after=2024-05-14 00:00:00+00:00
[2024-05-14T02:02:19.831+0000] {processor.py:183} INFO - Processing /home/airflow/.local/lib/python3.12/site-packages/airflow/example_dags/example_skip_dag.py took 0.069 seconds
[2024-05-14T02:02:49.910+0000] {processor.py:161} INFO - Started process (PID=1075) to work on /home/airflow/.local/lib/python3.12/site-packages/airflow/example_dags/example_skip_dag.py
[2024-05-14T02:02:49.911+0000] {processor.py:830} INFO - Processing file /home/airflow/.local/lib/python3.12/site-packages/airflow/example_dags/example_skip_dag.py for tasks to queue
[2024-05-14T02:02:49.914+0000] {logging_mixin.py:188} INFO - [2024-05-14T02:02:49.913+0000] {dagbag.py:545} INFO - Filling up the DagBag from /home/airflow/.local/lib/python3.12/site-packages/airflow/example_dags/example_skip_dag.py
[2024-05-14T02:02:49.920+0000] {processor.py:840} INFO - DAG(s) 'example_skip_dag' retrieved from /home/airflow/.local/lib/python3.12/site-packages/airflow/example_dags/example_skip_dag.py
[2024-05-14T02:02:49.936+0000] {logging_mixin.py:188} INFO - [2024-05-14T02:02:49.936+0000] {dag.py:3096} INFO - Sync 1 DAGs
[2024-05-14T02:02:49.951+0000] {logging_mixin.py:188} INFO - [2024-05-14T02:02:49.951+0000] {dag.py:3954} INFO - Setting next_dagrun for example_skip_dag to 2024-05-13 00:00:00+00:00, run_after=2024-05-14 00:00:00+00:00
[2024-05-14T02:02:49.961+0000] {processor.py:183} INFO - Processing /home/airflow/.local/lib/python3.12/site-packages/airflow/example_dags/example_skip_dag.py took 0.058 seconds
[2024-05-14T02:03:19.989+0000] {processor.py:161} INFO - Started process (PID=1134) to work on /home/airflow/.local/lib/python3.12/site-packages/airflow/example_dags/example_skip_dag.py
[2024-05-14T02:03:19.990+0000] {processor.py:830} INFO - Processing file /home/airflow/.local/lib/python3.12/site-packages/airflow/example_dags/example_skip_dag.py for tasks to queue
[2024-05-14T02:03:19.990+0000] {logging_mixin.py:188} INFO - [2024-05-14T02:03:19.990+0000] {dagbag.py:545} INFO - Filling up the DagBag from /home/airflow/.local/lib/python3.12/site-packages/airflow/example_dags/example_skip_dag.py
[2024-05-14T02:03:19.994+0000] {processor.py:840} INFO - DAG(s) 'example_skip_dag' retrieved from /home/airflow/.local/lib/python3.12/site-packages/airflow/example_dags/example_skip_dag.py
[2024-05-14T02:03:20.004+0000] {logging_mixin.py:188} INFO - [2024-05-14T02:03:20.004+0000] {dag.py:3096} INFO - Sync 1 DAGs
[2024-05-14T02:03:20.014+0000] {logging_mixin.py:188} INFO - [2024-05-14T02:03:20.014+0000] {dag.py:3954} INFO - Setting next_dagrun for example_skip_dag to 2024-05-13 00:00:00+00:00, run_after=2024-05-14 00:00:00+00:00
[2024-05-14T02:03:20.022+0000] {processor.py:183} INFO - Processing /home/airflow/.local/lib/python3.12/site-packages/airflow/example_dags/example_skip_dag.py took 0.036 seconds
[2024-05-14T02:03:50.749+0000] {processor.py:161} INFO - Started process (PID=1198) to work on /home/airflow/.local/lib/python3.12/site-packages/airflow/example_dags/example_skip_dag.py
[2024-05-14T02:03:50.749+0000] {processor.py:830} INFO - Processing file /home/airflow/.local/lib/python3.12/site-packages/airflow/example_dags/example_skip_dag.py for tasks to queue
[2024-05-14T02:03:50.750+0000] {logging_mixin.py:188} INFO - [2024-05-14T02:03:50.750+0000] {dagbag.py:545} INFO - Filling up the DagBag from /home/airflow/.local/lib/python3.12/site-packages/airflow/example_dags/example_skip_dag.py
[2024-05-14T02:03:50.754+0000] {processor.py:840} INFO - DAG(s) 'example_skip_dag' retrieved from /home/airflow/.local/lib/python3.12/site-packages/airflow/example_dags/example_skip_dag.py
[2024-05-14T02:03:50.765+0000] {logging_mixin.py:188} INFO - [2024-05-14T02:03:50.764+0000] {dag.py:3096} INFO - Sync 1 DAGs
[2024-05-14T02:03:50.775+0000] {logging_mixin.py:188} INFO - [2024-05-14T02:03:50.775+0000] {dag.py:3954} INFO - Setting next_dagrun for example_skip_dag to 2024-05-13 00:00:00+00:00, run_after=2024-05-14 00:00:00+00:00
[2024-05-14T02:03:50.783+0000] {processor.py:183} INFO - Processing /home/airflow/.local/lib/python3.12/site-packages/airflow/example_dags/example_skip_dag.py took 0.037 seconds
[2024-05-14T02:04:20.863+0000] {processor.py:161} INFO - Started process (PID=1257) to work on /home/airflow/.local/lib/python3.12/site-packages/airflow/example_dags/example_skip_dag.py
[2024-05-14T02:04:20.864+0000] {processor.py:830} INFO - Processing file /home/airflow/.local/lib/python3.12/site-packages/airflow/example_dags/example_skip_dag.py for tasks to queue
[2024-05-14T02:04:20.865+0000] {logging_mixin.py:188} INFO - [2024-05-14T02:04:20.865+0000] {dagbag.py:545} INFO - Filling up the DagBag from /home/airflow/.local/lib/python3.12/site-packages/airflow/example_dags/example_skip_dag.py
[2024-05-14T02:04:20.869+0000] {processor.py:840} INFO - DAG(s) 'example_skip_dag' retrieved from /home/airflow/.local/lib/python3.12/site-packages/airflow/example_dags/example_skip_dag.py
[2024-05-14T02:04:20.882+0000] {logging_mixin.py:188} INFO - [2024-05-14T02:04:20.881+0000] {dag.py:3096} INFO - Sync 1 DAGs
[2024-05-14T02:04:20.894+0000] {logging_mixin.py:188} INFO - [2024-05-14T02:04:20.893+0000] {dag.py:3954} INFO - Setting next_dagrun for example_skip_dag to 2024-05-13 00:00:00+00:00, run_after=2024-05-14 00:00:00+00:00
[2024-05-14T02:04:20.904+0000] {processor.py:183} INFO - Processing /home/airflow/.local/lib/python3.12/site-packages/airflow/example_dags/example_skip_dag.py took 0.044 seconds
[2024-05-14T02:04:51.045+0000] {processor.py:161} INFO - Started process (PID=1316) to work on /home/airflow/.local/lib/python3.12/site-packages/airflow/example_dags/example_skip_dag.py
[2024-05-14T02:04:51.046+0000] {processor.py:830} INFO - Processing file /home/airflow/.local/lib/python3.12/site-packages/airflow/example_dags/example_skip_dag.py for tasks to queue
[2024-05-14T02:04:51.047+0000] {logging_mixin.py:188} INFO - [2024-05-14T02:04:51.047+0000] {dagbag.py:545} INFO - Filling up the DagBag from /home/airflow/.local/lib/python3.12/site-packages/airflow/example_dags/example_skip_dag.py
[2024-05-14T02:04:51.051+0000] {processor.py:840} INFO - DAG(s) 'example_skip_dag' retrieved from /home/airflow/.local/lib/python3.12/site-packages/airflow/example_dags/example_skip_dag.py
[2024-05-14T02:04:51.062+0000] {logging_mixin.py:188} INFO - [2024-05-14T02:04:51.062+0000] {dag.py:3096} INFO - Sync 1 DAGs
[2024-05-14T02:04:51.073+0000] {logging_mixin.py:188} INFO - [2024-05-14T02:04:51.072+0000] {dag.py:3954} INFO - Setting next_dagrun for example_skip_dag to 2024-05-13 00:00:00+00:00, run_after=2024-05-14 00:00:00+00:00
[2024-05-14T02:04:51.083+0000] {processor.py:183} INFO - Processing /home/airflow/.local/lib/python3.12/site-packages/airflow/example_dags/example_skip_dag.py took 0.040 seconds
[2024-05-14T02:05:21.122+0000] {processor.py:161} INFO - Started process (PID=1375) to work on /home/airflow/.local/lib/python3.12/site-packages/airflow/example_dags/example_skip_dag.py
[2024-05-14T02:05:21.123+0000] {processor.py:830} INFO - Processing file /home/airflow/.local/lib/python3.12/site-packages/airflow/example_dags/example_skip_dag.py for tasks to queue
[2024-05-14T02:05:21.124+0000] {logging_mixin.py:188} INFO - [2024-05-14T02:05:21.123+0000] {dagbag.py:545} INFO - Filling up the DagBag from /home/airflow/.local/lib/python3.12/site-packages/airflow/example_dags/example_skip_dag.py
[2024-05-14T02:05:21.127+0000] {processor.py:840} INFO - DAG(s) 'example_skip_dag' retrieved from /home/airflow/.local/lib/python3.12/site-packages/airflow/example_dags/example_skip_dag.py
[2024-05-14T02:05:21.138+0000] {logging_mixin.py:188} INFO - [2024-05-14T02:05:21.138+0000] {dag.py:3096} INFO - Sync 1 DAGs
[2024-05-14T02:05:21.148+0000] {logging_mixin.py:188} INFO - [2024-05-14T02:05:21.148+0000] {dag.py:3954} INFO - Setting next_dagrun for example_skip_dag to 2024-05-13 00:00:00+00:00, run_after=2024-05-14 00:00:00+00:00
[2024-05-14T02:05:21.157+0000] {processor.py:183} INFO - Processing /home/airflow/.local/lib/python3.12/site-packages/airflow/example_dags/example_skip_dag.py took 0.038 seconds
[2024-05-14T02:05:51.964+0000] {processor.py:161} INFO - Started process (PID=1434) to work on /home/airflow/.local/lib/python3.12/site-packages/airflow/example_dags/example_skip_dag.py
[2024-05-14T02:05:51.964+0000] {processor.py:830} INFO - Processing file /home/airflow/.local/lib/python3.12/site-packages/airflow/example_dags/example_skip_dag.py for tasks to queue
[2024-05-14T02:05:51.965+0000] {logging_mixin.py:188} INFO - [2024-05-14T02:05:51.965+0000] {dagbag.py:545} INFO - Filling up the DagBag from /home/airflow/.local/lib/python3.12/site-packages/airflow/example_dags/example_skip_dag.py
[2024-05-14T02:05:51.968+0000] {processor.py:840} INFO - DAG(s) 'example_skip_dag' retrieved from /home/airflow/.local/lib/python3.12/site-packages/airflow/example_dags/example_skip_dag.py
[2024-05-14T02:05:51.978+0000] {logging_mixin.py:188} INFO - [2024-05-14T02:05:51.978+0000] {dag.py:3096} INFO - Sync 1 DAGs
[2024-05-14T02:05:51.987+0000] {logging_mixin.py:188} INFO - [2024-05-14T02:05:51.987+0000] {dag.py:3954} INFO - Setting next_dagrun for example_skip_dag to 2024-05-13 00:00:00+00:00, run_after=2024-05-14 00:00:00+00:00
[2024-05-14T02:05:51.994+0000] {processor.py:183} INFO - Processing /home/airflow/.local/lib/python3.12/site-packages/airflow/example_dags/example_skip_dag.py took 0.033 seconds
[2024-05-14T02:06:22.066+0000] {processor.py:161} INFO - Started process (PID=1493) to work on /home/airflow/.local/lib/python3.12/site-packages/airflow/example_dags/example_skip_dag.py
[2024-05-14T02:06:22.067+0000] {processor.py:830} INFO - Processing file /home/airflow/.local/lib/python3.12/site-packages/airflow/example_dags/example_skip_dag.py for tasks to queue
[2024-05-14T02:06:22.068+0000] {logging_mixin.py:188} INFO - [2024-05-14T02:06:22.068+0000] {dagbag.py:545} INFO - Filling up the DagBag from /home/airflow/.local/lib/python3.12/site-packages/airflow/example_dags/example_skip_dag.py
[2024-05-14T02:06:22.071+0000] {processor.py:840} INFO - DAG(s) 'example_skip_dag' retrieved from /home/airflow/.local/lib/python3.12/site-packages/airflow/example_dags/example_skip_dag.py
[2024-05-14T02:06:22.080+0000] {logging_mixin.py:188} INFO - [2024-05-14T02:06:22.080+0000] {dag.py:3096} INFO - Sync 1 DAGs
[2024-05-14T02:06:22.089+0000] {logging_mixin.py:188} INFO - [2024-05-14T02:06:22.089+0000] {dag.py:3954} INFO - Setting next_dagrun for example_skip_dag to 2024-05-13 00:00:00+00:00, run_after=2024-05-14 00:00:00+00:00
[2024-05-14T02:06:22.097+0000] {processor.py:183} INFO - Processing /home/airflow/.local/lib/python3.12/site-packages/airflow/example_dags/example_skip_dag.py took 0.033 seconds
[2024-05-14T02:06:52.237+0000] {processor.py:161} INFO - Started process (PID=1552) to work on /home/airflow/.local/lib/python3.12/site-packages/airflow/example_dags/example_skip_dag.py
[2024-05-14T02:06:52.238+0000] {processor.py:830} INFO - Processing file /home/airflow/.local/lib/python3.12/site-packages/airflow/example_dags/example_skip_dag.py for tasks to queue
[2024-05-14T02:06:52.239+0000] {logging_mixin.py:188} INFO - [2024-05-14T02:06:52.238+0000] {dagbag.py:545} INFO - Filling up the DagBag from /home/airflow/.local/lib/python3.12/site-packages/airflow/example_dags/example_skip_dag.py
[2024-05-14T02:06:52.242+0000] {processor.py:840} INFO - DAG(s) 'example_skip_dag' retrieved from /home/airflow/.local/lib/python3.12/site-packages/airflow/example_dags/example_skip_dag.py
[2024-05-14T02:06:52.253+0000] {logging_mixin.py:188} INFO - [2024-05-14T02:06:52.253+0000] {dag.py:3096} INFO - Sync 1 DAGs
[2024-05-14T02:06:52.264+0000] {logging_mixin.py:188} INFO - [2024-05-14T02:06:52.264+0000] {dag.py:3954} INFO - Setting next_dagrun for example_skip_dag to 2024-05-13 00:00:00+00:00, run_after=2024-05-14 00:00:00+00:00
[2024-05-14T02:06:52.274+0000] {processor.py:183} INFO - Processing /home/airflow/.local/lib/python3.12/site-packages/airflow/example_dags/example_skip_dag.py took 0.040 seconds
[2024-05-14T02:07:22.542+0000] {processor.py:161} INFO - Started process (PID=1611) to work on /home/airflow/.local/lib/python3.12/site-packages/airflow/example_dags/example_skip_dag.py
[2024-05-14T02:07:22.543+0000] {processor.py:830} INFO - Processing file /home/airflow/.local/lib/python3.12/site-packages/airflow/example_dags/example_skip_dag.py for tasks to queue
[2024-05-14T02:07:22.544+0000] {logging_mixin.py:188} INFO - [2024-05-14T02:07:22.544+0000] {dagbag.py:545} INFO - Filling up the DagBag from /home/airflow/.local/lib/python3.12/site-packages/airflow/example_dags/example_skip_dag.py
[2024-05-14T02:07:22.548+0000] {processor.py:840} INFO - DAG(s) 'example_skip_dag' retrieved from /home/airflow/.local/lib/python3.12/site-packages/airflow/example_dags/example_skip_dag.py
[2024-05-14T02:07:22.561+0000] {logging_mixin.py:188} INFO - [2024-05-14T02:07:22.561+0000] {dag.py:3096} INFO - Sync 1 DAGs
[2024-05-14T02:07:22.574+0000] {logging_mixin.py:188} INFO - [2024-05-14T02:07:22.574+0000] {dag.py:3954} INFO - Setting next_dagrun for example_skip_dag to 2024-05-13 00:00:00+00:00, run_after=2024-05-14 00:00:00+00:00
[2024-05-14T02:07:22.584+0000] {processor.py:183} INFO - Processing /home/airflow/.local/lib/python3.12/site-packages/airflow/example_dags/example_skip_dag.py took 0.045 seconds
[2024-05-14T02:07:52.803+0000] {processor.py:161} INFO - Started process (PID=1670) to work on /home/airflow/.local/lib/python3.12/site-packages/airflow/example_dags/example_skip_dag.py
[2024-05-14T02:07:52.804+0000] {processor.py:830} INFO - Processing file /home/airflow/.local/lib/python3.12/site-packages/airflow/example_dags/example_skip_dag.py for tasks to queue
[2024-05-14T02:07:52.805+0000] {logging_mixin.py:188} INFO - [2024-05-14T02:07:52.804+0000] {dagbag.py:545} INFO - Filling up the DagBag from /home/airflow/.local/lib/python3.12/site-packages/airflow/example_dags/example_skip_dag.py
[2024-05-14T02:07:52.808+0000] {processor.py:840} INFO - DAG(s) 'example_skip_dag' retrieved from /home/airflow/.local/lib/python3.12/site-packages/airflow/example_dags/example_skip_dag.py
[2024-05-14T02:07:52.818+0000] {logging_mixin.py:188} INFO - [2024-05-14T02:07:52.818+0000] {dag.py:3096} INFO - Sync 1 DAGs
[2024-05-14T02:07:52.827+0000] {logging_mixin.py:188} INFO - [2024-05-14T02:07:52.827+0000] {dag.py:3954} INFO - Setting next_dagrun for example_skip_dag to 2024-05-13 00:00:00+00:00, run_after=2024-05-14 00:00:00+00:00
[2024-05-14T02:07:52.835+0000] {processor.py:183} INFO - Processing /home/airflow/.local/lib/python3.12/site-packages/airflow/example_dags/example_skip_dag.py took 0.035 seconds
[2024-05-14T02:08:22.928+0000] {processor.py:161} INFO - Started process (PID=1729) to work on /home/airflow/.local/lib/python3.12/site-packages/airflow/example_dags/example_skip_dag.py
[2024-05-14T02:08:22.928+0000] {processor.py:830} INFO - Processing file /home/airflow/.local/lib/python3.12/site-packages/airflow/example_dags/example_skip_dag.py for tasks to queue
[2024-05-14T02:08:22.929+0000] {logging_mixin.py:188} INFO - [2024-05-14T02:08:22.929+0000] {dagbag.py:545} INFO - Filling up the DagBag from /home/airflow/.local/lib/python3.12/site-packages/airflow/example_dags/example_skip_dag.py
[2024-05-14T02:08:22.933+0000] {processor.py:840} INFO - DAG(s) 'example_skip_dag' retrieved from /home/airflow/.local/lib/python3.12/site-packages/airflow/example_dags/example_skip_dag.py
[2024-05-14T02:08:22.944+0000] {logging_mixin.py:188} INFO - [2024-05-14T02:08:22.944+0000] {dag.py:3096} INFO - Sync 1 DAGs
[2024-05-14T02:08:22.955+0000] {logging_mixin.py:188} INFO - [2024-05-14T02:08:22.955+0000] {dag.py:3954} INFO - Setting next_dagrun for example_skip_dag to 2024-05-13 00:00:00+00:00, run_after=2024-05-14 00:00:00+00:00
[2024-05-14T02:08:22.964+0000] {processor.py:183} INFO - Processing /home/airflow/.local/lib/python3.12/site-packages/airflow/example_dags/example_skip_dag.py took 0.039 seconds
[2024-05-14T02:08:53.073+0000] {processor.py:161} INFO - Started process (PID=1788) to work on /home/airflow/.local/lib/python3.12/site-packages/airflow/example_dags/example_skip_dag.py
[2024-05-14T02:08:53.074+0000] {processor.py:830} INFO - Processing file /home/airflow/.local/lib/python3.12/site-packages/airflow/example_dags/example_skip_dag.py for tasks to queue
[2024-05-14T02:08:53.075+0000] {logging_mixin.py:188} INFO - [2024-05-14T02:08:53.074+0000] {dagbag.py:545} INFO - Filling up the DagBag from /home/airflow/.local/lib/python3.12/site-packages/airflow/example_dags/example_skip_dag.py
[2024-05-14T02:08:53.078+0000] {processor.py:840} INFO - DAG(s) 'example_skip_dag' retrieved from /home/airflow/.local/lib/python3.12/site-packages/airflow/example_dags/example_skip_dag.py
[2024-05-14T02:08:53.089+0000] {logging_mixin.py:188} INFO - [2024-05-14T02:08:53.089+0000] {dag.py:3096} INFO - Sync 1 DAGs
[2024-05-14T02:08:53.099+0000] {logging_mixin.py:188} INFO - [2024-05-14T02:08:53.099+0000] {dag.py:3954} INFO - Setting next_dagrun for example_skip_dag to 2024-05-13 00:00:00+00:00, run_after=2024-05-14 00:00:00+00:00
[2024-05-14T02:08:53.106+0000] {processor.py:183} INFO - Processing /home/airflow/.local/lib/python3.12/site-packages/airflow/example_dags/example_skip_dag.py took 0.036 seconds
[2024-05-14T02:09:23.809+0000] {processor.py:161} INFO - Started process (PID=1847) to work on /home/airflow/.local/lib/python3.12/site-packages/airflow/example_dags/example_skip_dag.py
[2024-05-14T02:09:23.809+0000] {processor.py:830} INFO - Processing file /home/airflow/.local/lib/python3.12/site-packages/airflow/example_dags/example_skip_dag.py for tasks to queue
[2024-05-14T02:09:23.810+0000] {logging_mixin.py:188} INFO - [2024-05-14T02:09:23.810+0000] {dagbag.py:545} INFO - Filling up the DagBag from /home/airflow/.local/lib/python3.12/site-packages/airflow/example_dags/example_skip_dag.py
[2024-05-14T02:09:23.814+0000] {processor.py:840} INFO - DAG(s) 'example_skip_dag' retrieved from /home/airflow/.local/lib/python3.12/site-packages/airflow/example_dags/example_skip_dag.py
[2024-05-14T02:09:23.825+0000] {logging_mixin.py:188} INFO - [2024-05-14T02:09:23.824+0000] {dag.py:3096} INFO - Sync 1 DAGs
[2024-05-14T02:09:23.834+0000] {logging_mixin.py:188} INFO - [2024-05-14T02:09:23.834+0000] {dag.py:3954} INFO - Setting next_dagrun for example_skip_dag to 2024-05-13 00:00:00+00:00, run_after=2024-05-14 00:00:00+00:00
[2024-05-14T02:09:23.843+0000] {processor.py:183} INFO - Processing /home/airflow/.local/lib/python3.12/site-packages/airflow/example_dags/example_skip_dag.py took 0.037 seconds
[2024-05-14T02:09:54.118+0000] {processor.py:161} INFO - Started process (PID=1906) to work on /home/airflow/.local/lib/python3.12/site-packages/airflow/example_dags/example_skip_dag.py
[2024-05-14T02:09:54.119+0000] {processor.py:830} INFO - Processing file /home/airflow/.local/lib/python3.12/site-packages/airflow/example_dags/example_skip_dag.py for tasks to queue
[2024-05-14T02:09:54.120+0000] {logging_mixin.py:188} INFO - [2024-05-14T02:09:54.119+0000] {dagbag.py:545} INFO - Filling up the DagBag from /home/airflow/.local/lib/python3.12/site-packages/airflow/example_dags/example_skip_dag.py
[2024-05-14T02:09:54.123+0000] {processor.py:840} INFO - DAG(s) 'example_skip_dag' retrieved from /home/airflow/.local/lib/python3.12/site-packages/airflow/example_dags/example_skip_dag.py
[2024-05-14T02:09:54.133+0000] {logging_mixin.py:188} INFO - [2024-05-14T02:09:54.133+0000] {dag.py:3096} INFO - Sync 1 DAGs
[2024-05-14T02:09:54.142+0000] {logging_mixin.py:188} INFO - [2024-05-14T02:09:54.142+0000] {dag.py:3954} INFO - Setting next_dagrun for example_skip_dag to 2024-05-13 00:00:00+00:00, run_after=2024-05-14 00:00:00+00:00
[2024-05-14T02:09:54.151+0000] {processor.py:183} INFO - Processing /home/airflow/.local/lib/python3.12/site-packages/airflow/example_dags/example_skip_dag.py took 0.036 seconds
[2024-05-14T02:10:24.233+0000] {processor.py:161} INFO - Started process (PID=1965) to work on /home/airflow/.local/lib/python3.12/site-packages/airflow/example_dags/example_skip_dag.py
[2024-05-14T02:10:24.234+0000] {processor.py:830} INFO - Processing file /home/airflow/.local/lib/python3.12/site-packages/airflow/example_dags/example_skip_dag.py for tasks to queue
[2024-05-14T02:10:24.235+0000] {logging_mixin.py:188} INFO - [2024-05-14T02:10:24.235+0000] {dagbag.py:545} INFO - Filling up the DagBag from /home/airflow/.local/lib/python3.12/site-packages/airflow/example_dags/example_skip_dag.py
[2024-05-14T02:10:24.238+0000] {processor.py:840} INFO - DAG(s) 'example_skip_dag' retrieved from /home/airflow/.local/lib/python3.12/site-packages/airflow/example_dags/example_skip_dag.py
[2024-05-14T02:10:24.248+0000] {logging_mixin.py:188} INFO - [2024-05-14T02:10:24.248+0000] {dag.py:3096} INFO - Sync 1 DAGs
[2024-05-14T02:10:24.258+0000] {logging_mixin.py:188} INFO - [2024-05-14T02:10:24.258+0000] {dag.py:3954} INFO - Setting next_dagrun for example_skip_dag to 2024-05-13 00:00:00+00:00, run_after=2024-05-14 00:00:00+00:00
[2024-05-14T02:10:24.267+0000] {processor.py:183} INFO - Processing /home/airflow/.local/lib/python3.12/site-packages/airflow/example_dags/example_skip_dag.py took 0.037 seconds
[2024-05-14T02:10:55.377+0000] {processor.py:161} INFO - Started process (PID=2023) to work on /home/airflow/.local/lib/python3.12/site-packages/airflow/example_dags/example_skip_dag.py
[2024-05-14T02:10:55.378+0000] {processor.py:830} INFO - Processing file /home/airflow/.local/lib/python3.12/site-packages/airflow/example_dags/example_skip_dag.py for tasks to queue
[2024-05-14T02:10:55.379+0000] {logging_mixin.py:188} INFO - [2024-05-14T02:10:55.378+0000] {dagbag.py:545} INFO - Filling up the DagBag from /home/airflow/.local/lib/python3.12/site-packages/airflow/example_dags/example_skip_dag.py
[2024-05-14T02:10:55.382+0000] {processor.py:840} INFO - DAG(s) 'example_skip_dag' retrieved from /home/airflow/.local/lib/python3.12/site-packages/airflow/example_dags/example_skip_dag.py
[2024-05-14T02:10:55.508+0000] {logging_mixin.py:188} INFO - [2024-05-14T02:10:55.508+0000] {dag.py:3096} INFO - Sync 1 DAGs
[2024-05-14T02:10:55.526+0000] {logging_mixin.py:188} INFO - [2024-05-14T02:10:55.526+0000] {dag.py:3954} INFO - Setting next_dagrun for example_skip_dag to 2024-05-13 00:00:00+00:00, run_after=2024-05-14 00:00:00+00:00
[2024-05-14T02:10:55.537+0000] {processor.py:183} INFO - Processing /home/airflow/.local/lib/python3.12/site-packages/airflow/example_dags/example_skip_dag.py took 0.163 seconds
[2024-05-14T02:11:25.911+0000] {processor.py:161} INFO - Started process (PID=2082) to work on /home/airflow/.local/lib/python3.12/site-packages/airflow/example_dags/example_skip_dag.py
[2024-05-14T02:11:25.912+0000] {processor.py:830} INFO - Processing file /home/airflow/.local/lib/python3.12/site-packages/airflow/example_dags/example_skip_dag.py for tasks to queue
[2024-05-14T02:11:25.913+0000] {logging_mixin.py:188} INFO - [2024-05-14T02:11:25.913+0000] {dagbag.py:545} INFO - Filling up the DagBag from /home/airflow/.local/lib/python3.12/site-packages/airflow/example_dags/example_skip_dag.py
[2024-05-14T02:11:25.916+0000] {processor.py:840} INFO - DAG(s) 'example_skip_dag' retrieved from /home/airflow/.local/lib/python3.12/site-packages/airflow/example_dags/example_skip_dag.py
[2024-05-14T02:11:25.926+0000] {logging_mixin.py:188} INFO - [2024-05-14T02:11:25.926+0000] {dag.py:3096} INFO - Sync 1 DAGs
[2024-05-14T02:11:25.936+0000] {logging_mixin.py:188} INFO - [2024-05-14T02:11:25.936+0000] {dag.py:3954} INFO - Setting next_dagrun for example_skip_dag to 2024-05-13 00:00:00+00:00, run_after=2024-05-14 00:00:00+00:00
[2024-05-14T02:11:25.944+0000] {processor.py:183} INFO - Processing /home/airflow/.local/lib/python3.12/site-packages/airflow/example_dags/example_skip_dag.py took 0.035 seconds
[2024-05-14T02:11:56.391+0000] {processor.py:161} INFO - Started process (PID=2140) to work on /home/airflow/.local/lib/python3.12/site-packages/airflow/example_dags/example_skip_dag.py
[2024-05-14T02:11:56.392+0000] {processor.py:830} INFO - Processing file /home/airflow/.local/lib/python3.12/site-packages/airflow/example_dags/example_skip_dag.py for tasks to queue
[2024-05-14T02:11:56.393+0000] {logging_mixin.py:188} INFO - [2024-05-14T02:11:56.393+0000] {dagbag.py:545} INFO - Filling up the DagBag from /home/airflow/.local/lib/python3.12/site-packages/airflow/example_dags/example_skip_dag.py
[2024-05-14T02:11:56.397+0000] {processor.py:840} INFO - DAG(s) 'example_skip_dag' retrieved from /home/airflow/.local/lib/python3.12/site-packages/airflow/example_dags/example_skip_dag.py
[2024-05-14T02:11:56.407+0000] {logging_mixin.py:188} INFO - [2024-05-14T02:11:56.407+0000] {dag.py:3096} INFO - Sync 1 DAGs
[2024-05-14T02:11:56.417+0000] {logging_mixin.py:188} INFO - [2024-05-14T02:11:56.417+0000] {dag.py:3954} INFO - Setting next_dagrun for example_skip_dag to 2024-05-13 00:00:00+00:00, run_after=2024-05-14 00:00:00+00:00
[2024-05-14T02:11:56.426+0000] {processor.py:183} INFO - Processing /home/airflow/.local/lib/python3.12/site-packages/airflow/example_dags/example_skip_dag.py took 0.038 seconds
[2024-05-14T02:12:27.382+0000] {processor.py:161} INFO - Started process (PID=2198) to work on /home/airflow/.local/lib/python3.12/site-packages/airflow/example_dags/example_skip_dag.py
[2024-05-14T02:12:27.383+0000] {processor.py:830} INFO - Processing file /home/airflow/.local/lib/python3.12/site-packages/airflow/example_dags/example_skip_dag.py for tasks to queue
[2024-05-14T02:12:27.384+0000] {logging_mixin.py:188} INFO - [2024-05-14T02:12:27.384+0000] {dagbag.py:545} INFO - Filling up the DagBag from /home/airflow/.local/lib/python3.12/site-packages/airflow/example_dags/example_skip_dag.py
[2024-05-14T02:12:27.388+0000] {processor.py:840} INFO - DAG(s) 'example_skip_dag' retrieved from /home/airflow/.local/lib/python3.12/site-packages/airflow/example_dags/example_skip_dag.py
[2024-05-14T02:12:27.399+0000] {logging_mixin.py:188} INFO - [2024-05-14T02:12:27.399+0000] {dag.py:3096} INFO - Sync 1 DAGs
[2024-05-14T02:12:27.409+0000] {logging_mixin.py:188} INFO - [2024-05-14T02:12:27.409+0000] {dag.py:3954} INFO - Setting next_dagrun for example_skip_dag to 2024-05-13 00:00:00+00:00, run_after=2024-05-14 00:00:00+00:00
[2024-05-14T02:12:27.418+0000] {processor.py:183} INFO - Processing /home/airflow/.local/lib/python3.12/site-packages/airflow/example_dags/example_skip_dag.py took 0.039 seconds
