[2024-05-14T01:54:09.090+0000] {processor.py:161} INFO - Started process (PID=70) to work on /home/airflow/.local/lib/python3.12/site-packages/airflow/example_dags/example_latest_only_with_trigger.py
[2024-05-14T01:54:09.095+0000] {processor.py:830} INFO - Processing file /home/airflow/.local/lib/python3.12/site-packages/airflow/example_dags/example_latest_only_with_trigger.py for tasks to queue
[2024-05-14T01:54:09.101+0000] {logging_mixin.py:188} INFO - [2024-05-14T01:54:09.101+0000] {dagbag.py:545} INFO - Filling up the DagBag from /home/airflow/.local/lib/python3.12/site-packages/airflow/example_dags/example_latest_only_with_trigger.py
[2024-05-14T01:54:09.152+0000] {processor.py:840} INFO - DAG(s) 'latest_only_with_trigger' retrieved from /home/airflow/.local/lib/python3.12/site-packages/airflow/example_dags/example_latest_only_with_trigger.py
[2024-05-14T01:54:09.238+0000] {logging_mixin.py:188} INFO - [2024-05-14T01:54:09.236+0000] {dag.py:3096} INFO - Sync 1 DAGs
[2024-05-14T01:54:09.321+0000] {logging_mixin.py:188} INFO - [2024-05-14T01:54:09.320+0000] {dag.py:3954} INFO - Setting next_dagrun for latest_only_with_trigger to 2024-05-13 20:00:00+00:00, run_after=2024-05-14 00:00:00+00:00
[2024-05-14T01:54:09.403+0000] {processor.py:183} INFO - Processing /home/airflow/.local/lib/python3.12/site-packages/airflow/example_dags/example_latest_only_with_trigger.py took 0.344 seconds
[2024-05-14T01:54:39.998+0000] {processor.py:161} INFO - Started process (PID=129) to work on /home/airflow/.local/lib/python3.12/site-packages/airflow/example_dags/example_latest_only_with_trigger.py
[2024-05-14T01:54:40.000+0000] {processor.py:830} INFO - Processing file /home/airflow/.local/lib/python3.12/site-packages/airflow/example_dags/example_latest_only_with_trigger.py for tasks to queue
[2024-05-14T01:54:40.002+0000] {logging_mixin.py:188} INFO - [2024-05-14T01:54:40.002+0000] {dagbag.py:545} INFO - Filling up the DagBag from /home/airflow/.local/lib/python3.12/site-packages/airflow/example_dags/example_latest_only_with_trigger.py
[2024-05-14T01:54:40.008+0000] {processor.py:840} INFO - DAG(s) 'latest_only_with_trigger' retrieved from /home/airflow/.local/lib/python3.12/site-packages/airflow/example_dags/example_latest_only_with_trigger.py
[2024-05-14T01:54:40.066+0000] {logging_mixin.py:188} INFO - [2024-05-14T01:54:40.066+0000] {dag.py:3096} INFO - Sync 1 DAGs
[2024-05-14T01:54:40.073+0000] {logging_mixin.py:188} INFO - [2024-05-14T01:54:40.073+0000] {dag.py:3954} INFO - Setting next_dagrun for latest_only_with_trigger to 2024-05-13 20:00:00+00:00, run_after=2024-05-14 00:00:00+00:00
[2024-05-14T01:54:40.081+0000] {processor.py:183} INFO - Processing /home/airflow/.local/lib/python3.12/site-packages/airflow/example_dags/example_latest_only_with_trigger.py took 0.091 seconds
[2024-05-14T01:55:10.974+0000] {processor.py:161} INFO - Started process (PID=188) to work on /home/airflow/.local/lib/python3.12/site-packages/airflow/example_dags/example_latest_only_with_trigger.py
[2024-05-14T01:55:10.975+0000] {processor.py:830} INFO - Processing file /home/airflow/.local/lib/python3.12/site-packages/airflow/example_dags/example_latest_only_with_trigger.py for tasks to queue
[2024-05-14T01:55:10.978+0000] {logging_mixin.py:188} INFO - [2024-05-14T01:55:10.977+0000] {dagbag.py:545} INFO - Filling up the DagBag from /home/airflow/.local/lib/python3.12/site-packages/airflow/example_dags/example_latest_only_with_trigger.py
[2024-05-14T01:55:10.985+0000] {processor.py:840} INFO - DAG(s) 'latest_only_with_trigger' retrieved from /home/airflow/.local/lib/python3.12/site-packages/airflow/example_dags/example_latest_only_with_trigger.py
[2024-05-14T01:55:11.005+0000] {logging_mixin.py:188} INFO - [2024-05-14T01:55:11.004+0000] {dag.py:3096} INFO - Sync 1 DAGs
[2024-05-14T01:55:11.019+0000] {logging_mixin.py:188} INFO - [2024-05-14T01:55:11.019+0000] {dag.py:3954} INFO - Setting next_dagrun for latest_only_with_trigger to 2024-05-13 20:00:00+00:00, run_after=2024-05-14 00:00:00+00:00
[2024-05-14T01:55:11.029+0000] {processor.py:183} INFO - Processing /home/airflow/.local/lib/python3.12/site-packages/airflow/example_dags/example_latest_only_with_trigger.py took 0.066 seconds
[2024-05-14T01:55:41.117+0000] {processor.py:161} INFO - Started process (PID=247) to work on /home/airflow/.local/lib/python3.12/site-packages/airflow/example_dags/example_latest_only_with_trigger.py
[2024-05-14T01:55:41.120+0000] {processor.py:830} INFO - Processing file /home/airflow/.local/lib/python3.12/site-packages/airflow/example_dags/example_latest_only_with_trigger.py for tasks to queue
[2024-05-14T01:55:41.125+0000] {logging_mixin.py:188} INFO - [2024-05-14T01:55:41.124+0000] {dagbag.py:545} INFO - Filling up the DagBag from /home/airflow/.local/lib/python3.12/site-packages/airflow/example_dags/example_latest_only_with_trigger.py
[2024-05-14T01:55:41.135+0000] {processor.py:840} INFO - DAG(s) 'latest_only_with_trigger' retrieved from /home/airflow/.local/lib/python3.12/site-packages/airflow/example_dags/example_latest_only_with_trigger.py
[2024-05-14T01:55:41.155+0000] {logging_mixin.py:188} INFO - [2024-05-14T01:55:41.155+0000] {dag.py:3096} INFO - Sync 1 DAGs
[2024-05-14T01:55:41.169+0000] {logging_mixin.py:188} INFO - [2024-05-14T01:55:41.169+0000] {dag.py:3954} INFO - Setting next_dagrun for latest_only_with_trigger to 2024-05-13 20:00:00+00:00, run_after=2024-05-14 00:00:00+00:00
[2024-05-14T01:55:41.180+0000] {processor.py:183} INFO - Processing /home/airflow/.local/lib/python3.12/site-packages/airflow/example_dags/example_latest_only_with_trigger.py took 0.070 seconds
[2024-05-14T01:56:11.311+0000] {processor.py:161} INFO - Started process (PID=306) to work on /home/airflow/.local/lib/python3.12/site-packages/airflow/example_dags/example_latest_only_with_trigger.py
[2024-05-14T01:56:11.312+0000] {processor.py:830} INFO - Processing file /home/airflow/.local/lib/python3.12/site-packages/airflow/example_dags/example_latest_only_with_trigger.py for tasks to queue
[2024-05-14T01:56:11.314+0000] {logging_mixin.py:188} INFO - [2024-05-14T01:56:11.314+0000] {dagbag.py:545} INFO - Filling up the DagBag from /home/airflow/.local/lib/python3.12/site-packages/airflow/example_dags/example_latest_only_with_trigger.py
[2024-05-14T01:56:11.321+0000] {processor.py:840} INFO - DAG(s) 'latest_only_with_trigger' retrieved from /home/airflow/.local/lib/python3.12/site-packages/airflow/example_dags/example_latest_only_with_trigger.py
[2024-05-14T01:56:11.340+0000] {logging_mixin.py:188} INFO - [2024-05-14T01:56:11.340+0000] {dag.py:3096} INFO - Sync 1 DAGs
[2024-05-14T01:56:11.355+0000] {logging_mixin.py:188} INFO - [2024-05-14T01:56:11.355+0000] {dag.py:3954} INFO - Setting next_dagrun for latest_only_with_trigger to 2024-05-13 20:00:00+00:00, run_after=2024-05-14 00:00:00+00:00
[2024-05-14T01:56:11.365+0000] {processor.py:183} INFO - Processing /home/airflow/.local/lib/python3.12/site-packages/airflow/example_dags/example_latest_only_with_trigger.py took 0.062 seconds
[2024-05-14T01:56:41.456+0000] {processor.py:161} INFO - Started process (PID=364) to work on /home/airflow/.local/lib/python3.12/site-packages/airflow/example_dags/example_latest_only_with_trigger.py
[2024-05-14T01:56:41.457+0000] {processor.py:830} INFO - Processing file /home/airflow/.local/lib/python3.12/site-packages/airflow/example_dags/example_latest_only_with_trigger.py for tasks to queue
[2024-05-14T01:56:41.460+0000] {logging_mixin.py:188} INFO - [2024-05-14T01:56:41.459+0000] {dagbag.py:545} INFO - Filling up the DagBag from /home/airflow/.local/lib/python3.12/site-packages/airflow/example_dags/example_latest_only_with_trigger.py
[2024-05-14T01:56:41.466+0000] {processor.py:840} INFO - DAG(s) 'latest_only_with_trigger' retrieved from /home/airflow/.local/lib/python3.12/site-packages/airflow/example_dags/example_latest_only_with_trigger.py
[2024-05-14T01:56:41.485+0000] {logging_mixin.py:188} INFO - [2024-05-14T01:56:41.485+0000] {dag.py:3096} INFO - Sync 1 DAGs
[2024-05-14T01:56:41.498+0000] {logging_mixin.py:188} INFO - [2024-05-14T01:56:41.498+0000] {dag.py:3954} INFO - Setting next_dagrun for latest_only_with_trigger to 2024-05-13 20:00:00+00:00, run_after=2024-05-14 00:00:00+00:00
[2024-05-14T01:56:41.510+0000] {processor.py:183} INFO - Processing /home/airflow/.local/lib/python3.12/site-packages/airflow/example_dags/example_latest_only_with_trigger.py took 0.062 seconds
[2024-05-14T01:57:12.483+0000] {processor.py:161} INFO - Started process (PID=423) to work on /home/airflow/.local/lib/python3.12/site-packages/airflow/example_dags/example_latest_only_with_trigger.py
[2024-05-14T01:57:12.484+0000] {processor.py:830} INFO - Processing file /home/airflow/.local/lib/python3.12/site-packages/airflow/example_dags/example_latest_only_with_trigger.py for tasks to queue
[2024-05-14T01:57:12.486+0000] {logging_mixin.py:188} INFO - [2024-05-14T01:57:12.486+0000] {dagbag.py:545} INFO - Filling up the DagBag from /home/airflow/.local/lib/python3.12/site-packages/airflow/example_dags/example_latest_only_with_trigger.py
[2024-05-14T01:57:12.493+0000] {processor.py:840} INFO - DAG(s) 'latest_only_with_trigger' retrieved from /home/airflow/.local/lib/python3.12/site-packages/airflow/example_dags/example_latest_only_with_trigger.py
[2024-05-14T01:57:12.511+0000] {logging_mixin.py:188} INFO - [2024-05-14T01:57:12.511+0000] {dag.py:3096} INFO - Sync 1 DAGs
[2024-05-14T01:57:12.525+0000] {logging_mixin.py:188} INFO - [2024-05-14T01:57:12.525+0000] {dag.py:3954} INFO - Setting next_dagrun for latest_only_with_trigger to 2024-05-13 20:00:00+00:00, run_after=2024-05-14 00:00:00+00:00
[2024-05-14T01:57:12.536+0000] {processor.py:183} INFO - Processing /home/airflow/.local/lib/python3.12/site-packages/airflow/example_dags/example_latest_only_with_trigger.py took 0.061 seconds
[2024-05-14T01:57:43.182+0000] {processor.py:161} INFO - Started process (PID=482) to work on /home/airflow/.local/lib/python3.12/site-packages/airflow/example_dags/example_latest_only_with_trigger.py
[2024-05-14T01:57:43.185+0000] {processor.py:830} INFO - Processing file /home/airflow/.local/lib/python3.12/site-packages/airflow/example_dags/example_latest_only_with_trigger.py for tasks to queue
[2024-05-14T01:57:43.189+0000] {logging_mixin.py:188} INFO - [2024-05-14T01:57:43.189+0000] {dagbag.py:545} INFO - Filling up the DagBag from /home/airflow/.local/lib/python3.12/site-packages/airflow/example_dags/example_latest_only_with_trigger.py
[2024-05-14T01:57:43.198+0000] {processor.py:840} INFO - DAG(s) 'latest_only_with_trigger' retrieved from /home/airflow/.local/lib/python3.12/site-packages/airflow/example_dags/example_latest_only_with_trigger.py
[2024-05-14T01:57:43.226+0000] {logging_mixin.py:188} INFO - [2024-05-14T01:57:43.226+0000] {dag.py:3096} INFO - Sync 1 DAGs
[2024-05-14T01:57:43.240+0000] {logging_mixin.py:188} INFO - [2024-05-14T01:57:43.240+0000] {dag.py:3954} INFO - Setting next_dagrun for latest_only_with_trigger to 2024-05-13 20:00:00+00:00, run_after=2024-05-14 00:00:00+00:00
[2024-05-14T01:57:43.252+0000] {processor.py:183} INFO - Processing /home/airflow/.local/lib/python3.12/site-packages/airflow/example_dags/example_latest_only_with_trigger.py took 0.080 seconds
[2024-05-14T01:58:13.976+0000] {processor.py:161} INFO - Started process (PID=541) to work on /home/airflow/.local/lib/python3.12/site-packages/airflow/example_dags/example_latest_only_with_trigger.py
[2024-05-14T01:58:13.979+0000] {processor.py:830} INFO - Processing file /home/airflow/.local/lib/python3.12/site-packages/airflow/example_dags/example_latest_only_with_trigger.py for tasks to queue
[2024-05-14T01:58:13.983+0000] {logging_mixin.py:188} INFO - [2024-05-14T01:58:13.982+0000] {dagbag.py:545} INFO - Filling up the DagBag from /home/airflow/.local/lib/python3.12/site-packages/airflow/example_dags/example_latest_only_with_trigger.py
[2024-05-14T01:58:13.988+0000] {processor.py:840} INFO - DAG(s) 'latest_only_with_trigger' retrieved from /home/airflow/.local/lib/python3.12/site-packages/airflow/example_dags/example_latest_only_with_trigger.py
[2024-05-14T01:58:14.004+0000] {logging_mixin.py:188} INFO - [2024-05-14T01:58:14.004+0000] {dag.py:3096} INFO - Sync 1 DAGs
[2024-05-14T01:58:14.019+0000] {logging_mixin.py:188} INFO - [2024-05-14T01:58:14.019+0000] {dag.py:3954} INFO - Setting next_dagrun for latest_only_with_trigger to 2024-05-13 20:00:00+00:00, run_after=2024-05-14 00:00:00+00:00
[2024-05-14T01:58:14.030+0000] {processor.py:183} INFO - Processing /home/airflow/.local/lib/python3.12/site-packages/airflow/example_dags/example_latest_only_with_trigger.py took 0.061 seconds
[2024-05-14T01:58:44.741+0000] {processor.py:161} INFO - Started process (PID=599) to work on /home/airflow/.local/lib/python3.12/site-packages/airflow/example_dags/example_latest_only_with_trigger.py
[2024-05-14T01:58:44.742+0000] {processor.py:830} INFO - Processing file /home/airflow/.local/lib/python3.12/site-packages/airflow/example_dags/example_latest_only_with_trigger.py for tasks to queue
[2024-05-14T01:58:44.745+0000] {logging_mixin.py:188} INFO - [2024-05-14T01:58:44.745+0000] {dagbag.py:545} INFO - Filling up the DagBag from /home/airflow/.local/lib/python3.12/site-packages/airflow/example_dags/example_latest_only_with_trigger.py
[2024-05-14T01:58:44.752+0000] {processor.py:840} INFO - DAG(s) 'latest_only_with_trigger' retrieved from /home/airflow/.local/lib/python3.12/site-packages/airflow/example_dags/example_latest_only_with_trigger.py
[2024-05-14T01:58:44.771+0000] {logging_mixin.py:188} INFO - [2024-05-14T01:58:44.770+0000] {dag.py:3096} INFO - Sync 1 DAGs
[2024-05-14T01:58:44.787+0000] {logging_mixin.py:188} INFO - [2024-05-14T01:58:44.786+0000] {dag.py:3954} INFO - Setting next_dagrun for latest_only_with_trigger to 2024-05-13 20:00:00+00:00, run_after=2024-05-14 00:00:00+00:00
[2024-05-14T01:58:44.797+0000] {processor.py:183} INFO - Processing /home/airflow/.local/lib/python3.12/site-packages/airflow/example_dags/example_latest_only_with_trigger.py took 0.064 seconds
[2024-05-14T01:59:15.560+0000] {processor.py:161} INFO - Started process (PID=658) to work on /home/airflow/.local/lib/python3.12/site-packages/airflow/example_dags/example_latest_only_with_trigger.py
[2024-05-14T01:59:15.560+0000] {processor.py:830} INFO - Processing file /home/airflow/.local/lib/python3.12/site-packages/airflow/example_dags/example_latest_only_with_trigger.py for tasks to queue
[2024-05-14T01:59:15.561+0000] {logging_mixin.py:188} INFO - [2024-05-14T01:59:15.561+0000] {dagbag.py:545} INFO - Filling up the DagBag from /home/airflow/.local/lib/python3.12/site-packages/airflow/example_dags/example_latest_only_with_trigger.py
[2024-05-14T01:59:15.565+0000] {processor.py:840} INFO - DAG(s) 'latest_only_with_trigger' retrieved from /home/airflow/.local/lib/python3.12/site-packages/airflow/example_dags/example_latest_only_with_trigger.py
[2024-05-14T01:59:15.575+0000] {logging_mixin.py:188} INFO - [2024-05-14T01:59:15.575+0000] {dag.py:3096} INFO - Sync 1 DAGs
[2024-05-14T01:59:15.588+0000] {logging_mixin.py:188} INFO - [2024-05-14T01:59:15.588+0000] {dag.py:3954} INFO - Setting next_dagrun for latest_only_with_trigger to 2024-05-13 20:00:00+00:00, run_after=2024-05-14 00:00:00+00:00
[2024-05-14T01:59:15.597+0000] {processor.py:183} INFO - Processing /home/airflow/.local/lib/python3.12/site-packages/airflow/example_dags/example_latest_only_with_trigger.py took 0.041 seconds
[2024-05-14T01:59:46.386+0000] {processor.py:161} INFO - Started process (PID=717) to work on /home/airflow/.local/lib/python3.12/site-packages/airflow/example_dags/example_latest_only_with_trigger.py
[2024-05-14T01:59:46.387+0000] {processor.py:830} INFO - Processing file /home/airflow/.local/lib/python3.12/site-packages/airflow/example_dags/example_latest_only_with_trigger.py for tasks to queue
[2024-05-14T01:59:46.388+0000] {logging_mixin.py:188} INFO - [2024-05-14T01:59:46.388+0000] {dagbag.py:545} INFO - Filling up the DagBag from /home/airflow/.local/lib/python3.12/site-packages/airflow/example_dags/example_latest_only_with_trigger.py
[2024-05-14T01:59:46.393+0000] {processor.py:840} INFO - DAG(s) 'latest_only_with_trigger' retrieved from /home/airflow/.local/lib/python3.12/site-packages/airflow/example_dags/example_latest_only_with_trigger.py
[2024-05-14T01:59:46.406+0000] {logging_mixin.py:188} INFO - [2024-05-14T01:59:46.406+0000] {dag.py:3096} INFO - Sync 1 DAGs
[2024-05-14T01:59:46.418+0000] {logging_mixin.py:188} INFO - [2024-05-14T01:59:46.418+0000] {dag.py:3954} INFO - Setting next_dagrun for latest_only_with_trigger to 2024-05-13 20:00:00+00:00, run_after=2024-05-14 00:00:00+00:00
[2024-05-14T01:59:46.427+0000] {processor.py:183} INFO - Processing /home/airflow/.local/lib/python3.12/site-packages/airflow/example_dags/example_latest_only_with_trigger.py took 0.046 seconds
[2024-05-14T02:00:17.147+0000] {processor.py:161} INFO - Started process (PID=776) to work on /home/airflow/.local/lib/python3.12/site-packages/airflow/example_dags/example_latest_only_with_trigger.py
[2024-05-14T02:00:17.148+0000] {processor.py:830} INFO - Processing file /home/airflow/.local/lib/python3.12/site-packages/airflow/example_dags/example_latest_only_with_trigger.py for tasks to queue
[2024-05-14T02:00:17.151+0000] {logging_mixin.py:188} INFO - [2024-05-14T02:00:17.150+0000] {dagbag.py:545} INFO - Filling up the DagBag from /home/airflow/.local/lib/python3.12/site-packages/airflow/example_dags/example_latest_only_with_trigger.py
[2024-05-14T02:00:17.157+0000] {processor.py:840} INFO - DAG(s) 'latest_only_with_trigger' retrieved from /home/airflow/.local/lib/python3.12/site-packages/airflow/example_dags/example_latest_only_with_trigger.py
[2024-05-14T02:00:17.176+0000] {logging_mixin.py:188} INFO - [2024-05-14T02:00:17.175+0000] {dag.py:3096} INFO - Sync 1 DAGs
[2024-05-14T02:00:17.189+0000] {logging_mixin.py:188} INFO - [2024-05-14T02:00:17.189+0000] {dag.py:3954} INFO - Setting next_dagrun for latest_only_with_trigger to 2024-05-13 20:00:00+00:00, run_after=2024-05-14 00:00:00+00:00
[2024-05-14T02:00:17.198+0000] {processor.py:183} INFO - Processing /home/airflow/.local/lib/python3.12/site-packages/airflow/example_dags/example_latest_only_with_trigger.py took 0.059 seconds
[2024-05-14T02:00:48.103+0000] {processor.py:161} INFO - Started process (PID=835) to work on /home/airflow/.local/lib/python3.12/site-packages/airflow/example_dags/example_latest_only_with_trigger.py
[2024-05-14T02:00:48.104+0000] {processor.py:830} INFO - Processing file /home/airflow/.local/lib/python3.12/site-packages/airflow/example_dags/example_latest_only_with_trigger.py for tasks to queue
[2024-05-14T02:00:48.107+0000] {logging_mixin.py:188} INFO - [2024-05-14T02:00:48.106+0000] {dagbag.py:545} INFO - Filling up the DagBag from /home/airflow/.local/lib/python3.12/site-packages/airflow/example_dags/example_latest_only_with_trigger.py
[2024-05-14T02:00:48.114+0000] {processor.py:840} INFO - DAG(s) 'latest_only_with_trigger' retrieved from /home/airflow/.local/lib/python3.12/site-packages/airflow/example_dags/example_latest_only_with_trigger.py
[2024-05-14T02:00:48.134+0000] {logging_mixin.py:188} INFO - [2024-05-14T02:00:48.134+0000] {dag.py:3096} INFO - Sync 1 DAGs
[2024-05-14T02:00:48.148+0000] {logging_mixin.py:188} INFO - [2024-05-14T02:00:48.148+0000] {dag.py:3954} INFO - Setting next_dagrun for latest_only_with_trigger to 2024-05-13 20:00:00+00:00, run_after=2024-05-14 00:00:00+00:00
[2024-05-14T02:00:48.159+0000] {processor.py:183} INFO - Processing /home/airflow/.local/lib/python3.12/site-packages/airflow/example_dags/example_latest_only_with_trigger.py took 0.066 seconds
[2024-05-14T02:01:18.240+0000] {processor.py:161} INFO - Started process (PID=894) to work on /home/airflow/.local/lib/python3.12/site-packages/airflow/example_dags/example_latest_only_with_trigger.py
[2024-05-14T02:01:18.242+0000] {processor.py:830} INFO - Processing file /home/airflow/.local/lib/python3.12/site-packages/airflow/example_dags/example_latest_only_with_trigger.py for tasks to queue
[2024-05-14T02:01:18.244+0000] {logging_mixin.py:188} INFO - [2024-05-14T02:01:18.244+0000] {dagbag.py:545} INFO - Filling up the DagBag from /home/airflow/.local/lib/python3.12/site-packages/airflow/example_dags/example_latest_only_with_trigger.py
[2024-05-14T02:01:18.252+0000] {processor.py:840} INFO - DAG(s) 'latest_only_with_trigger' retrieved from /home/airflow/.local/lib/python3.12/site-packages/airflow/example_dags/example_latest_only_with_trigger.py
[2024-05-14T02:01:18.270+0000] {logging_mixin.py:188} INFO - [2024-05-14T02:01:18.270+0000] {dag.py:3096} INFO - Sync 1 DAGs
[2024-05-14T02:01:18.283+0000] {logging_mixin.py:188} INFO - [2024-05-14T02:01:18.283+0000] {dag.py:3954} INFO - Setting next_dagrun for latest_only_with_trigger to 2024-05-13 20:00:00+00:00, run_after=2024-05-14 00:00:00+00:00
[2024-05-14T02:01:18.294+0000] {processor.py:183} INFO - Processing /home/airflow/.local/lib/python3.12/site-packages/airflow/example_dags/example_latest_only_with_trigger.py took 0.061 seconds
[2024-05-14T02:01:48.363+0000] {processor.py:161} INFO - Started process (PID=953) to work on /home/airflow/.local/lib/python3.12/site-packages/airflow/example_dags/example_latest_only_with_trigger.py
[2024-05-14T02:01:48.364+0000] {processor.py:830} INFO - Processing file /home/airflow/.local/lib/python3.12/site-packages/airflow/example_dags/example_latest_only_with_trigger.py for tasks to queue
[2024-05-14T02:01:48.367+0000] {logging_mixin.py:188} INFO - [2024-05-14T02:01:48.367+0000] {dagbag.py:545} INFO - Filling up the DagBag from /home/airflow/.local/lib/python3.12/site-packages/airflow/example_dags/example_latest_only_with_trigger.py
[2024-05-14T02:01:48.375+0000] {processor.py:840} INFO - DAG(s) 'latest_only_with_trigger' retrieved from /home/airflow/.local/lib/python3.12/site-packages/airflow/example_dags/example_latest_only_with_trigger.py
[2024-05-14T02:01:48.396+0000] {logging_mixin.py:188} INFO - [2024-05-14T02:01:48.396+0000] {dag.py:3096} INFO - Sync 1 DAGs
[2024-05-14T02:01:48.410+0000] {logging_mixin.py:188} INFO - [2024-05-14T02:01:48.410+0000] {dag.py:3954} INFO - Setting next_dagrun for latest_only_with_trigger to 2024-05-13 20:00:00+00:00, run_after=2024-05-14 00:00:00+00:00
[2024-05-14T02:01:48.421+0000] {processor.py:183} INFO - Processing /home/airflow/.local/lib/python3.12/site-packages/airflow/example_dags/example_latest_only_with_trigger.py took 0.067 seconds
[2024-05-14T02:02:18.595+0000] {processor.py:161} INFO - Started process (PID=1012) to work on /home/airflow/.local/lib/python3.12/site-packages/airflow/example_dags/example_latest_only_with_trigger.py
[2024-05-14T02:02:18.597+0000] {processor.py:830} INFO - Processing file /home/airflow/.local/lib/python3.12/site-packages/airflow/example_dags/example_latest_only_with_trigger.py for tasks to queue
[2024-05-14T02:02:18.599+0000] {logging_mixin.py:188} INFO - [2024-05-14T02:02:18.599+0000] {dagbag.py:545} INFO - Filling up the DagBag from /home/airflow/.local/lib/python3.12/site-packages/airflow/example_dags/example_latest_only_with_trigger.py
[2024-05-14T02:02:18.606+0000] {processor.py:840} INFO - DAG(s) 'latest_only_with_trigger' retrieved from /home/airflow/.local/lib/python3.12/site-packages/airflow/example_dags/example_latest_only_with_trigger.py
[2024-05-14T02:02:18.624+0000] {logging_mixin.py:188} INFO - [2024-05-14T02:02:18.623+0000] {dag.py:3096} INFO - Sync 1 DAGs
[2024-05-14T02:02:18.637+0000] {logging_mixin.py:188} INFO - [2024-05-14T02:02:18.637+0000] {dag.py:3954} INFO - Setting next_dagrun for latest_only_with_trigger to 2024-05-13 20:00:00+00:00, run_after=2024-05-14 00:00:00+00:00
[2024-05-14T02:02:18.647+0000] {processor.py:183} INFO - Processing /home/airflow/.local/lib/python3.12/site-packages/airflow/example_dags/example_latest_only_with_trigger.py took 0.058 seconds
[2024-05-14T02:02:48.763+0000] {processor.py:161} INFO - Started process (PID=1071) to work on /home/airflow/.local/lib/python3.12/site-packages/airflow/example_dags/example_latest_only_with_trigger.py
[2024-05-14T02:02:48.764+0000] {processor.py:830} INFO - Processing file /home/airflow/.local/lib/python3.12/site-packages/airflow/example_dags/example_latest_only_with_trigger.py for tasks to queue
[2024-05-14T02:02:48.765+0000] {logging_mixin.py:188} INFO - [2024-05-14T02:02:48.765+0000] {dagbag.py:545} INFO - Filling up the DagBag from /home/airflow/.local/lib/python3.12/site-packages/airflow/example_dags/example_latest_only_with_trigger.py
[2024-05-14T02:02:48.769+0000] {processor.py:840} INFO - DAG(s) 'latest_only_with_trigger' retrieved from /home/airflow/.local/lib/python3.12/site-packages/airflow/example_dags/example_latest_only_with_trigger.py
[2024-05-14T02:02:48.785+0000] {logging_mixin.py:188} INFO - [2024-05-14T02:02:48.785+0000] {dag.py:3096} INFO - Sync 1 DAGs
[2024-05-14T02:02:48.801+0000] {logging_mixin.py:188} INFO - [2024-05-14T02:02:48.801+0000] {dag.py:3954} INFO - Setting next_dagrun for latest_only_with_trigger to 2024-05-13 20:00:00+00:00, run_after=2024-05-14 00:00:00+00:00
[2024-05-14T02:02:48.814+0000] {processor.py:183} INFO - Processing /home/airflow/.local/lib/python3.12/site-packages/airflow/example_dags/example_latest_only_with_trigger.py took 0.057 seconds
[2024-05-14T02:03:19.834+0000] {processor.py:161} INFO - Started process (PID=1130) to work on /home/airflow/.local/lib/python3.12/site-packages/airflow/example_dags/example_latest_only_with_trigger.py
[2024-05-14T02:03:19.835+0000] {processor.py:830} INFO - Processing file /home/airflow/.local/lib/python3.12/site-packages/airflow/example_dags/example_latest_only_with_trigger.py for tasks to queue
[2024-05-14T02:03:19.837+0000] {logging_mixin.py:188} INFO - [2024-05-14T02:03:19.837+0000] {dagbag.py:545} INFO - Filling up the DagBag from /home/airflow/.local/lib/python3.12/site-packages/airflow/example_dags/example_latest_only_with_trigger.py
[2024-05-14T02:03:19.843+0000] {processor.py:840} INFO - DAG(s) 'latest_only_with_trigger' retrieved from /home/airflow/.local/lib/python3.12/site-packages/airflow/example_dags/example_latest_only_with_trigger.py
[2024-05-14T02:03:19.859+0000] {logging_mixin.py:188} INFO - [2024-05-14T02:03:19.859+0000] {dag.py:3096} INFO - Sync 1 DAGs
[2024-05-14T02:03:19.874+0000] {logging_mixin.py:188} INFO - [2024-05-14T02:03:19.873+0000] {dag.py:3954} INFO - Setting next_dagrun for latest_only_with_trigger to 2024-05-13 20:00:00+00:00, run_after=2024-05-14 00:00:00+00:00
[2024-05-14T02:03:19.884+0000] {processor.py:183} INFO - Processing /home/airflow/.local/lib/python3.12/site-packages/airflow/example_dags/example_latest_only_with_trigger.py took 0.057 seconds
[2024-05-14T02:03:50.556+0000] {processor.py:161} INFO - Started process (PID=1189) to work on /home/airflow/.local/lib/python3.12/site-packages/airflow/example_dags/example_latest_only_with_trigger.py
[2024-05-14T02:03:50.557+0000] {processor.py:830} INFO - Processing file /home/airflow/.local/lib/python3.12/site-packages/airflow/example_dags/example_latest_only_with_trigger.py for tasks to queue
[2024-05-14T02:03:50.560+0000] {logging_mixin.py:188} INFO - [2024-05-14T02:03:50.559+0000] {dagbag.py:545} INFO - Filling up the DagBag from /home/airflow/.local/lib/python3.12/site-packages/airflow/example_dags/example_latest_only_with_trigger.py
[2024-05-14T02:03:50.567+0000] {processor.py:840} INFO - DAG(s) 'latest_only_with_trigger' retrieved from /home/airflow/.local/lib/python3.12/site-packages/airflow/example_dags/example_latest_only_with_trigger.py
[2024-05-14T02:03:50.588+0000] {logging_mixin.py:188} INFO - [2024-05-14T02:03:50.588+0000] {dag.py:3096} INFO - Sync 1 DAGs
[2024-05-14T02:03:50.602+0000] {logging_mixin.py:188} INFO - [2024-05-14T02:03:50.602+0000] {dag.py:3954} INFO - Setting next_dagrun for latest_only_with_trigger to 2024-05-13 20:00:00+00:00, run_after=2024-05-14 00:00:00+00:00
[2024-05-14T02:03:50.612+0000] {processor.py:183} INFO - Processing /home/airflow/.local/lib/python3.12/site-packages/airflow/example_dags/example_latest_only_with_trigger.py took 0.064 seconds
[2024-05-14T02:04:20.693+0000] {processor.py:161} INFO - Started process (PID=1247) to work on /home/airflow/.local/lib/python3.12/site-packages/airflow/example_dags/example_latest_only_with_trigger.py
[2024-05-14T02:04:20.694+0000] {processor.py:830} INFO - Processing file /home/airflow/.local/lib/python3.12/site-packages/airflow/example_dags/example_latest_only_with_trigger.py for tasks to queue
[2024-05-14T02:04:20.695+0000] {logging_mixin.py:188} INFO - [2024-05-14T02:04:20.694+0000] {dagbag.py:545} INFO - Filling up the DagBag from /home/airflow/.local/lib/python3.12/site-packages/airflow/example_dags/example_latest_only_with_trigger.py
[2024-05-14T02:04:20.698+0000] {processor.py:840} INFO - DAG(s) 'latest_only_with_trigger' retrieved from /home/airflow/.local/lib/python3.12/site-packages/airflow/example_dags/example_latest_only_with_trigger.py
[2024-05-14T02:04:20.714+0000] {logging_mixin.py:188} INFO - [2024-05-14T02:04:20.713+0000] {dag.py:3096} INFO - Sync 1 DAGs
[2024-05-14T02:04:20.727+0000] {logging_mixin.py:188} INFO - [2024-05-14T02:04:20.727+0000] {dag.py:3954} INFO - Setting next_dagrun for latest_only_with_trigger to 2024-05-13 20:00:00+00:00, run_after=2024-05-14 00:00:00+00:00
[2024-05-14T02:04:20.742+0000] {processor.py:183} INFO - Processing /home/airflow/.local/lib/python3.12/site-packages/airflow/example_dags/example_latest_only_with_trigger.py took 0.051 seconds
[2024-05-14T02:04:50.878+0000] {processor.py:161} INFO - Started process (PID=1312) to work on /home/airflow/.local/lib/python3.12/site-packages/airflow/example_dags/example_latest_only_with_trigger.py
[2024-05-14T02:04:50.878+0000] {processor.py:830} INFO - Processing file /home/airflow/.local/lib/python3.12/site-packages/airflow/example_dags/example_latest_only_with_trigger.py for tasks to queue
[2024-05-14T02:04:50.880+0000] {logging_mixin.py:188} INFO - [2024-05-14T02:04:50.879+0000] {dagbag.py:545} INFO - Filling up the DagBag from /home/airflow/.local/lib/python3.12/site-packages/airflow/example_dags/example_latest_only_with_trigger.py
[2024-05-14T02:04:50.883+0000] {processor.py:840} INFO - DAG(s) 'latest_only_with_trigger' retrieved from /home/airflow/.local/lib/python3.12/site-packages/airflow/example_dags/example_latest_only_with_trigger.py
[2024-05-14T02:04:50.895+0000] {logging_mixin.py:188} INFO - [2024-05-14T02:04:50.895+0000] {dag.py:3096} INFO - Sync 1 DAGs
[2024-05-14T02:04:50.908+0000] {logging_mixin.py:188} INFO - [2024-05-14T02:04:50.908+0000] {dag.py:3954} INFO - Setting next_dagrun for latest_only_with_trigger to 2024-05-13 20:00:00+00:00, run_after=2024-05-14 00:00:00+00:00
[2024-05-14T02:04:50.919+0000] {processor.py:183} INFO - Processing /home/airflow/.local/lib/python3.12/site-packages/airflow/example_dags/example_latest_only_with_trigger.py took 0.044 seconds
[2024-05-14T02:05:20.980+0000] {processor.py:161} INFO - Started process (PID=1371) to work on /home/airflow/.local/lib/python3.12/site-packages/airflow/example_dags/example_latest_only_with_trigger.py
[2024-05-14T02:05:20.980+0000] {processor.py:830} INFO - Processing file /home/airflow/.local/lib/python3.12/site-packages/airflow/example_dags/example_latest_only_with_trigger.py for tasks to queue
[2024-05-14T02:05:20.981+0000] {logging_mixin.py:188} INFO - [2024-05-14T02:05:20.981+0000] {dagbag.py:545} INFO - Filling up the DagBag from /home/airflow/.local/lib/python3.12/site-packages/airflow/example_dags/example_latest_only_with_trigger.py
[2024-05-14T02:05:20.984+0000] {processor.py:840} INFO - DAG(s) 'latest_only_with_trigger' retrieved from /home/airflow/.local/lib/python3.12/site-packages/airflow/example_dags/example_latest_only_with_trigger.py
[2024-05-14T02:05:20.994+0000] {logging_mixin.py:188} INFO - [2024-05-14T02:05:20.994+0000] {dag.py:3096} INFO - Sync 1 DAGs
[2024-05-14T02:05:21.004+0000] {logging_mixin.py:188} INFO - [2024-05-14T02:05:21.004+0000] {dag.py:3954} INFO - Setting next_dagrun for latest_only_with_trigger to 2024-05-13 20:00:00+00:00, run_after=2024-05-14 00:00:00+00:00
[2024-05-14T02:05:21.013+0000] {processor.py:183} INFO - Processing /home/airflow/.local/lib/python3.12/site-packages/airflow/example_dags/example_latest_only_with_trigger.py took 0.037 seconds
[2024-05-14T02:05:51.817+0000] {processor.py:161} INFO - Started process (PID=1430) to work on /home/airflow/.local/lib/python3.12/site-packages/airflow/example_dags/example_latest_only_with_trigger.py
[2024-05-14T02:05:51.819+0000] {processor.py:830} INFO - Processing file /home/airflow/.local/lib/python3.12/site-packages/airflow/example_dags/example_latest_only_with_trigger.py for tasks to queue
[2024-05-14T02:05:51.821+0000] {logging_mixin.py:188} INFO - [2024-05-14T02:05:51.821+0000] {dagbag.py:545} INFO - Filling up the DagBag from /home/airflow/.local/lib/python3.12/site-packages/airflow/example_dags/example_latest_only_with_trigger.py
[2024-05-14T02:05:51.827+0000] {processor.py:840} INFO - DAG(s) 'latest_only_with_trigger' retrieved from /home/airflow/.local/lib/python3.12/site-packages/airflow/example_dags/example_latest_only_with_trigger.py
[2024-05-14T02:05:51.843+0000] {logging_mixin.py:188} INFO - [2024-05-14T02:05:51.843+0000] {dag.py:3096} INFO - Sync 1 DAGs
[2024-05-14T02:05:51.855+0000] {logging_mixin.py:188} INFO - [2024-05-14T02:05:51.855+0000] {dag.py:3954} INFO - Setting next_dagrun for latest_only_with_trigger to 2024-05-13 20:00:00+00:00, run_after=2024-05-14 00:00:00+00:00
[2024-05-14T02:05:51.865+0000] {processor.py:183} INFO - Processing /home/airflow/.local/lib/python3.12/site-packages/airflow/example_dags/example_latest_only_with_trigger.py took 0.056 seconds
[2024-05-14T02:06:21.916+0000] {processor.py:161} INFO - Started process (PID=1489) to work on /home/airflow/.local/lib/python3.12/site-packages/airflow/example_dags/example_latest_only_with_trigger.py
[2024-05-14T02:06:21.917+0000] {processor.py:830} INFO - Processing file /home/airflow/.local/lib/python3.12/site-packages/airflow/example_dags/example_latest_only_with_trigger.py for tasks to queue
[2024-05-14T02:06:21.919+0000] {logging_mixin.py:188} INFO - [2024-05-14T02:06:21.919+0000] {dagbag.py:545} INFO - Filling up the DagBag from /home/airflow/.local/lib/python3.12/site-packages/airflow/example_dags/example_latest_only_with_trigger.py
[2024-05-14T02:06:21.925+0000] {processor.py:840} INFO - DAG(s) 'latest_only_with_trigger' retrieved from /home/airflow/.local/lib/python3.12/site-packages/airflow/example_dags/example_latest_only_with_trigger.py
[2024-05-14T02:06:21.943+0000] {logging_mixin.py:188} INFO - [2024-05-14T02:06:21.942+0000] {dag.py:3096} INFO - Sync 1 DAGs
[2024-05-14T02:06:21.956+0000] {logging_mixin.py:188} INFO - [2024-05-14T02:06:21.955+0000] {dag.py:3954} INFO - Setting next_dagrun for latest_only_with_trigger to 2024-05-13 20:00:00+00:00, run_after=2024-05-14 00:00:00+00:00
[2024-05-14T02:06:21.965+0000] {processor.py:183} INFO - Processing /home/airflow/.local/lib/python3.12/site-packages/airflow/example_dags/example_latest_only_with_trigger.py took 0.057 seconds
[2024-05-14T02:06:52.080+0000] {processor.py:161} INFO - Started process (PID=1548) to work on /home/airflow/.local/lib/python3.12/site-packages/airflow/example_dags/example_latest_only_with_trigger.py
[2024-05-14T02:06:52.081+0000] {processor.py:830} INFO - Processing file /home/airflow/.local/lib/python3.12/site-packages/airflow/example_dags/example_latest_only_with_trigger.py for tasks to queue
[2024-05-14T02:06:52.084+0000] {logging_mixin.py:188} INFO - [2024-05-14T02:06:52.083+0000] {dagbag.py:545} INFO - Filling up the DagBag from /home/airflow/.local/lib/python3.12/site-packages/airflow/example_dags/example_latest_only_with_trigger.py
[2024-05-14T02:06:52.091+0000] {processor.py:840} INFO - DAG(s) 'latest_only_with_trigger' retrieved from /home/airflow/.local/lib/python3.12/site-packages/airflow/example_dags/example_latest_only_with_trigger.py
[2024-05-14T02:06:52.107+0000] {logging_mixin.py:188} INFO - [2024-05-14T02:06:52.106+0000] {dag.py:3096} INFO - Sync 1 DAGs
[2024-05-14T02:06:52.119+0000] {logging_mixin.py:188} INFO - [2024-05-14T02:06:52.119+0000] {dag.py:3954} INFO - Setting next_dagrun for latest_only_with_trigger to 2024-05-13 20:00:00+00:00, run_after=2024-05-14 00:00:00+00:00
[2024-05-14T02:06:52.128+0000] {processor.py:183} INFO - Processing /home/airflow/.local/lib/python3.12/site-packages/airflow/example_dags/example_latest_only_with_trigger.py took 0.056 seconds
[2024-05-14T02:07:22.372+0000] {processor.py:161} INFO - Started process (PID=1607) to work on /home/airflow/.local/lib/python3.12/site-packages/airflow/example_dags/example_latest_only_with_trigger.py
[2024-05-14T02:07:22.373+0000] {processor.py:830} INFO - Processing file /home/airflow/.local/lib/python3.12/site-packages/airflow/example_dags/example_latest_only_with_trigger.py for tasks to queue
[2024-05-14T02:07:22.376+0000] {logging_mixin.py:188} INFO - [2024-05-14T02:07:22.375+0000] {dagbag.py:545} INFO - Filling up the DagBag from /home/airflow/.local/lib/python3.12/site-packages/airflow/example_dags/example_latest_only_with_trigger.py
[2024-05-14T02:07:22.382+0000] {processor.py:840} INFO - DAG(s) 'latest_only_with_trigger' retrieved from /home/airflow/.local/lib/python3.12/site-packages/airflow/example_dags/example_latest_only_with_trigger.py
[2024-05-14T02:07:22.393+0000] {logging_mixin.py:188} INFO - [2024-05-14T02:07:22.393+0000] {dag.py:3096} INFO - Sync 1 DAGs
[2024-05-14T02:07:22.406+0000] {logging_mixin.py:188} INFO - [2024-05-14T02:07:22.405+0000] {dag.py:3954} INFO - Setting next_dagrun for latest_only_with_trigger to 2024-05-13 20:00:00+00:00, run_after=2024-05-14 00:00:00+00:00
[2024-05-14T02:07:22.417+0000] {processor.py:183} INFO - Processing /home/airflow/.local/lib/python3.12/site-packages/airflow/example_dags/example_latest_only_with_trigger.py took 0.049 seconds
[2024-05-14T02:07:52.645+0000] {processor.py:161} INFO - Started process (PID=1666) to work on /home/airflow/.local/lib/python3.12/site-packages/airflow/example_dags/example_latest_only_with_trigger.py
[2024-05-14T02:07:52.646+0000] {processor.py:830} INFO - Processing file /home/airflow/.local/lib/python3.12/site-packages/airflow/example_dags/example_latest_only_with_trigger.py for tasks to queue
[2024-05-14T02:07:52.649+0000] {logging_mixin.py:188} INFO - [2024-05-14T02:07:52.648+0000] {dagbag.py:545} INFO - Filling up the DagBag from /home/airflow/.local/lib/python3.12/site-packages/airflow/example_dags/example_latest_only_with_trigger.py
[2024-05-14T02:07:52.656+0000] {processor.py:840} INFO - DAG(s) 'latest_only_with_trigger' retrieved from /home/airflow/.local/lib/python3.12/site-packages/airflow/example_dags/example_latest_only_with_trigger.py
[2024-05-14T02:07:52.672+0000] {logging_mixin.py:188} INFO - [2024-05-14T02:07:52.672+0000] {dag.py:3096} INFO - Sync 1 DAGs
[2024-05-14T02:07:52.685+0000] {logging_mixin.py:188} INFO - [2024-05-14T02:07:52.685+0000] {dag.py:3954} INFO - Setting next_dagrun for latest_only_with_trigger to 2024-05-13 20:00:00+00:00, run_after=2024-05-14 00:00:00+00:00
[2024-05-14T02:07:52.695+0000] {processor.py:183} INFO - Processing /home/airflow/.local/lib/python3.12/site-packages/airflow/example_dags/example_latest_only_with_trigger.py took 0.058 seconds
[2024-05-14T02:08:22.756+0000] {processor.py:161} INFO - Started process (PID=1725) to work on /home/airflow/.local/lib/python3.12/site-packages/airflow/example_dags/example_latest_only_with_trigger.py
[2024-05-14T02:08:22.757+0000] {processor.py:830} INFO - Processing file /home/airflow/.local/lib/python3.12/site-packages/airflow/example_dags/example_latest_only_with_trigger.py for tasks to queue
[2024-05-14T02:08:22.760+0000] {logging_mixin.py:188} INFO - [2024-05-14T02:08:22.759+0000] {dagbag.py:545} INFO - Filling up the DagBag from /home/airflow/.local/lib/python3.12/site-packages/airflow/example_dags/example_latest_only_with_trigger.py
[2024-05-14T02:08:22.771+0000] {processor.py:840} INFO - DAG(s) 'latest_only_with_trigger' retrieved from /home/airflow/.local/lib/python3.12/site-packages/airflow/example_dags/example_latest_only_with_trigger.py
[2024-05-14T02:08:22.789+0000] {logging_mixin.py:188} INFO - [2024-05-14T02:08:22.789+0000] {dag.py:3096} INFO - Sync 1 DAGs
[2024-05-14T02:08:22.803+0000] {logging_mixin.py:188} INFO - [2024-05-14T02:08:22.803+0000] {dag.py:3954} INFO - Setting next_dagrun for latest_only_with_trigger to 2024-05-13 20:00:00+00:00, run_after=2024-05-14 00:00:00+00:00
[2024-05-14T02:08:22.813+0000] {processor.py:183} INFO - Processing /home/airflow/.local/lib/python3.12/site-packages/airflow/example_dags/example_latest_only_with_trigger.py took 0.067 seconds
[2024-05-14T02:08:52.916+0000] {processor.py:161} INFO - Started process (PID=1784) to work on /home/airflow/.local/lib/python3.12/site-packages/airflow/example_dags/example_latest_only_with_trigger.py
[2024-05-14T02:08:52.918+0000] {processor.py:830} INFO - Processing file /home/airflow/.local/lib/python3.12/site-packages/airflow/example_dags/example_latest_only_with_trigger.py for tasks to queue
[2024-05-14T02:08:52.920+0000] {logging_mixin.py:188} INFO - [2024-05-14T02:08:52.919+0000] {dagbag.py:545} INFO - Filling up the DagBag from /home/airflow/.local/lib/python3.12/site-packages/airflow/example_dags/example_latest_only_with_trigger.py
[2024-05-14T02:08:52.926+0000] {processor.py:840} INFO - DAG(s) 'latest_only_with_trigger' retrieved from /home/airflow/.local/lib/python3.12/site-packages/airflow/example_dags/example_latest_only_with_trigger.py
[2024-05-14T02:08:52.944+0000] {logging_mixin.py:188} INFO - [2024-05-14T02:08:52.944+0000] {dag.py:3096} INFO - Sync 1 DAGs
[2024-05-14T02:08:52.958+0000] {logging_mixin.py:188} INFO - [2024-05-14T02:08:52.958+0000] {dag.py:3954} INFO - Setting next_dagrun for latest_only_with_trigger to 2024-05-13 20:00:00+00:00, run_after=2024-05-14 00:00:00+00:00
[2024-05-14T02:08:52.967+0000] {processor.py:183} INFO - Processing /home/airflow/.local/lib/python3.12/site-packages/airflow/example_dags/example_latest_only_with_trigger.py took 0.059 seconds
[2024-05-14T02:09:23.648+0000] {processor.py:161} INFO - Started process (PID=1843) to work on /home/airflow/.local/lib/python3.12/site-packages/airflow/example_dags/example_latest_only_with_trigger.py
[2024-05-14T02:09:23.649+0000] {processor.py:830} INFO - Processing file /home/airflow/.local/lib/python3.12/site-packages/airflow/example_dags/example_latest_only_with_trigger.py for tasks to queue
[2024-05-14T02:09:23.652+0000] {logging_mixin.py:188} INFO - [2024-05-14T02:09:23.651+0000] {dagbag.py:545} INFO - Filling up the DagBag from /home/airflow/.local/lib/python3.12/site-packages/airflow/example_dags/example_latest_only_with_trigger.py
[2024-05-14T02:09:23.659+0000] {processor.py:840} INFO - DAG(s) 'latest_only_with_trigger' retrieved from /home/airflow/.local/lib/python3.12/site-packages/airflow/example_dags/example_latest_only_with_trigger.py
[2024-05-14T02:09:23.677+0000] {logging_mixin.py:188} INFO - [2024-05-14T02:09:23.677+0000] {dag.py:3096} INFO - Sync 1 DAGs
[2024-05-14T02:09:23.690+0000] {logging_mixin.py:188} INFO - [2024-05-14T02:09:23.690+0000] {dag.py:3954} INFO - Setting next_dagrun for latest_only_with_trigger to 2024-05-13 20:00:00+00:00, run_after=2024-05-14 00:00:00+00:00
[2024-05-14T02:09:23.700+0000] {processor.py:183} INFO - Processing /home/airflow/.local/lib/python3.12/site-packages/airflow/example_dags/example_latest_only_with_trigger.py took 0.061 seconds
[2024-05-14T02:09:54.003+0000] {processor.py:161} INFO - Started process (PID=1902) to work on /home/airflow/.local/lib/python3.12/site-packages/airflow/example_dags/example_latest_only_with_trigger.py
[2024-05-14T02:09:54.004+0000] {processor.py:830} INFO - Processing file /home/airflow/.local/lib/python3.12/site-packages/airflow/example_dags/example_latest_only_with_trigger.py for tasks to queue
[2024-05-14T02:09:54.006+0000] {logging_mixin.py:188} INFO - [2024-05-14T02:09:54.006+0000] {dagbag.py:545} INFO - Filling up the DagBag from /home/airflow/.local/lib/python3.12/site-packages/airflow/example_dags/example_latest_only_with_trigger.py
[2024-05-14T02:09:54.011+0000] {processor.py:840} INFO - DAG(s) 'latest_only_with_trigger' retrieved from /home/airflow/.local/lib/python3.12/site-packages/airflow/example_dags/example_latest_only_with_trigger.py
[2024-05-14T02:09:54.027+0000] {logging_mixin.py:188} INFO - [2024-05-14T02:09:54.027+0000] {dag.py:3096} INFO - Sync 1 DAGs
[2024-05-14T02:09:54.041+0000] {logging_mixin.py:188} INFO - [2024-05-14T02:09:54.041+0000] {dag.py:3954} INFO - Setting next_dagrun for latest_only_with_trigger to 2024-05-13 20:00:00+00:00, run_after=2024-05-14 00:00:00+00:00
[2024-05-14T02:09:54.052+0000] {processor.py:183} INFO - Processing /home/airflow/.local/lib/python3.12/site-packages/airflow/example_dags/example_latest_only_with_trigger.py took 0.054 seconds
[2024-05-14T02:10:24.077+0000] {processor.py:161} INFO - Started process (PID=1961) to work on /home/airflow/.local/lib/python3.12/site-packages/airflow/example_dags/example_latest_only_with_trigger.py
[2024-05-14T02:10:24.078+0000] {processor.py:830} INFO - Processing file /home/airflow/.local/lib/python3.12/site-packages/airflow/example_dags/example_latest_only_with_trigger.py for tasks to queue
[2024-05-14T02:10:24.079+0000] {logging_mixin.py:188} INFO - [2024-05-14T02:10:24.079+0000] {dagbag.py:545} INFO - Filling up the DagBag from /home/airflow/.local/lib/python3.12/site-packages/airflow/example_dags/example_latest_only_with_trigger.py
[2024-05-14T02:10:24.084+0000] {processor.py:840} INFO - DAG(s) 'latest_only_with_trigger' retrieved from /home/airflow/.local/lib/python3.12/site-packages/airflow/example_dags/example_latest_only_with_trigger.py
[2024-05-14T02:10:24.095+0000] {logging_mixin.py:188} INFO - [2024-05-14T02:10:24.095+0000] {dag.py:3096} INFO - Sync 1 DAGs
[2024-05-14T02:10:24.106+0000] {logging_mixin.py:188} INFO - [2024-05-14T02:10:24.105+0000] {dag.py:3954} INFO - Setting next_dagrun for latest_only_with_trigger to 2024-05-13 20:00:00+00:00, run_after=2024-05-14 00:00:00+00:00
[2024-05-14T02:10:24.116+0000] {processor.py:183} INFO - Processing /home/airflow/.local/lib/python3.12/site-packages/airflow/example_dags/example_latest_only_with_trigger.py took 0.042 seconds
[2024-05-14T02:10:55.012+0000] {processor.py:161} INFO - Started process (PID=2019) to work on /home/airflow/.local/lib/python3.12/site-packages/airflow/example_dags/example_latest_only_with_trigger.py
[2024-05-14T02:10:55.013+0000] {processor.py:830} INFO - Processing file /home/airflow/.local/lib/python3.12/site-packages/airflow/example_dags/example_latest_only_with_trigger.py for tasks to queue
[2024-05-14T02:10:55.015+0000] {logging_mixin.py:188} INFO - [2024-05-14T02:10:55.015+0000] {dagbag.py:545} INFO - Filling up the DagBag from /home/airflow/.local/lib/python3.12/site-packages/airflow/example_dags/example_latest_only_with_trigger.py
[2024-05-14T02:10:55.020+0000] {processor.py:840} INFO - DAG(s) 'latest_only_with_trigger' retrieved from /home/airflow/.local/lib/python3.12/site-packages/airflow/example_dags/example_latest_only_with_trigger.py
[2024-05-14T02:10:55.204+0000] {logging_mixin.py:188} INFO - [2024-05-14T02:10:55.203+0000] {dag.py:3096} INFO - Sync 1 DAGs
[2024-05-14T02:10:55.214+0000] {logging_mixin.py:188} INFO - [2024-05-14T02:10:55.213+0000] {dag.py:3954} INFO - Setting next_dagrun for latest_only_with_trigger to 2024-05-13 20:00:00+00:00, run_after=2024-05-14 00:00:00+00:00
[2024-05-14T02:10:55.222+0000] {processor.py:183} INFO - Processing /home/airflow/.local/lib/python3.12/site-packages/airflow/example_dags/example_latest_only_with_trigger.py took 0.214 seconds
[2024-05-14T02:11:25.782+0000] {processor.py:161} INFO - Started process (PID=2078) to work on /home/airflow/.local/lib/python3.12/site-packages/airflow/example_dags/example_latest_only_with_trigger.py
[2024-05-14T02:11:25.783+0000] {processor.py:830} INFO - Processing file /home/airflow/.local/lib/python3.12/site-packages/airflow/example_dags/example_latest_only_with_trigger.py for tasks to queue
[2024-05-14T02:11:25.784+0000] {logging_mixin.py:188} INFO - [2024-05-14T02:11:25.784+0000] {dagbag.py:545} INFO - Filling up the DagBag from /home/airflow/.local/lib/python3.12/site-packages/airflow/example_dags/example_latest_only_with_trigger.py
[2024-05-14T02:11:25.787+0000] {processor.py:840} INFO - DAG(s) 'latest_only_with_trigger' retrieved from /home/airflow/.local/lib/python3.12/site-packages/airflow/example_dags/example_latest_only_with_trigger.py
[2024-05-14T02:11:25.797+0000] {logging_mixin.py:188} INFO - [2024-05-14T02:11:25.797+0000] {dag.py:3096} INFO - Sync 1 DAGs
[2024-05-14T02:11:25.807+0000] {logging_mixin.py:188} INFO - [2024-05-14T02:11:25.807+0000] {dag.py:3954} INFO - Setting next_dagrun for latest_only_with_trigger to 2024-05-13 20:00:00+00:00, run_after=2024-05-14 00:00:00+00:00
[2024-05-14T02:11:25.815+0000] {processor.py:183} INFO - Processing /home/airflow/.local/lib/python3.12/site-packages/airflow/example_dags/example_latest_only_with_trigger.py took 0.036 seconds
[2024-05-14T02:11:56.294+0000] {processor.py:161} INFO - Started process (PID=2136) to work on /home/airflow/.local/lib/python3.12/site-packages/airflow/example_dags/example_latest_only_with_trigger.py
[2024-05-14T02:11:56.295+0000] {processor.py:830} INFO - Processing file /home/airflow/.local/lib/python3.12/site-packages/airflow/example_dags/example_latest_only_with_trigger.py for tasks to queue
[2024-05-14T02:11:56.296+0000] {logging_mixin.py:188} INFO - [2024-05-14T02:11:56.295+0000] {dagbag.py:545} INFO - Filling up the DagBag from /home/airflow/.local/lib/python3.12/site-packages/airflow/example_dags/example_latest_only_with_trigger.py
[2024-05-14T02:11:56.299+0000] {processor.py:840} INFO - DAG(s) 'latest_only_with_trigger' retrieved from /home/airflow/.local/lib/python3.12/site-packages/airflow/example_dags/example_latest_only_with_trigger.py
[2024-05-14T02:11:56.309+0000] {logging_mixin.py:188} INFO - [2024-05-14T02:11:56.309+0000] {dag.py:3096} INFO - Sync 1 DAGs
[2024-05-14T02:11:56.320+0000] {logging_mixin.py:188} INFO - [2024-05-14T02:11:56.320+0000] {dag.py:3954} INFO - Setting next_dagrun for latest_only_with_trigger to 2024-05-13 20:00:00+00:00, run_after=2024-05-14 00:00:00+00:00
[2024-05-14T02:11:56.330+0000] {processor.py:183} INFO - Processing /home/airflow/.local/lib/python3.12/site-packages/airflow/example_dags/example_latest_only_with_trigger.py took 0.039 seconds
[2024-05-14T02:12:27.282+0000] {processor.py:161} INFO - Started process (PID=2194) to work on /home/airflow/.local/lib/python3.12/site-packages/airflow/example_dags/example_latest_only_with_trigger.py
[2024-05-14T02:12:27.282+0000] {processor.py:830} INFO - Processing file /home/airflow/.local/lib/python3.12/site-packages/airflow/example_dags/example_latest_only_with_trigger.py for tasks to queue
[2024-05-14T02:12:27.283+0000] {logging_mixin.py:188} INFO - [2024-05-14T02:12:27.283+0000] {dagbag.py:545} INFO - Filling up the DagBag from /home/airflow/.local/lib/python3.12/site-packages/airflow/example_dags/example_latest_only_with_trigger.py
[2024-05-14T02:12:27.287+0000] {processor.py:840} INFO - DAG(s) 'latest_only_with_trigger' retrieved from /home/airflow/.local/lib/python3.12/site-packages/airflow/example_dags/example_latest_only_with_trigger.py
[2024-05-14T02:12:27.297+0000] {logging_mixin.py:188} INFO - [2024-05-14T02:12:27.297+0000] {dag.py:3096} INFO - Sync 1 DAGs
[2024-05-14T02:12:27.308+0000] {logging_mixin.py:188} INFO - [2024-05-14T02:12:27.308+0000] {dag.py:3954} INFO - Setting next_dagrun for latest_only_with_trigger to 2024-05-13 20:00:00+00:00, run_after=2024-05-14 00:00:00+00:00
[2024-05-14T02:12:27.317+0000] {processor.py:183} INFO - Processing /home/airflow/.local/lib/python3.12/site-packages/airflow/example_dags/example_latest_only_with_trigger.py took 0.038 seconds
