[2024-05-14T01:54:04.279+0000] {processor.py:161} INFO - Started process (PID=41) to work on /home/airflow/.local/lib/python3.12/site-packages/airflow/example_dags/example_bash_operator.py
[2024-05-14T01:54:04.282+0000] {processor.py:830} INFO - Processing file /home/airflow/.local/lib/python3.12/site-packages/airflow/example_dags/example_bash_operator.py for tasks to queue
[2024-05-14T01:54:04.285+0000] {logging_mixin.py:188} INFO - [2024-05-14T01:54:04.284+0000] {dagbag.py:545} INFO - Filling up the DagBag from /home/airflow/.local/lib/python3.12/site-packages/airflow/example_dags/example_bash_operator.py
[2024-05-14T01:54:04.301+0000] {processor.py:840} INFO - DAG(s) 'example_bash_operator' retrieved from /home/airflow/.local/lib/python3.12/site-packages/airflow/example_dags/example_bash_operator.py
[2024-05-14T01:54:04.325+0000] {logging_mixin.py:188} INFO - [2024-05-14T01:54:04.324+0000] {dag.py:3096} INFO - Sync 1 DAGs
[2024-05-14T01:54:04.353+0000] {logging_mixin.py:188} INFO - [2024-05-14T01:54:04.352+0000] {dag.py:3954} INFO - Setting next_dagrun for example_bash_operator to 2024-05-13 00:00:00+00:00, run_after=2024-05-14 00:00:00+00:00
[2024-05-14T01:54:04.403+0000] {processor.py:183} INFO - Processing /home/airflow/.local/lib/python3.12/site-packages/airflow/example_dags/example_bash_operator.py took 0.135 seconds
[2024-05-14T01:54:34.432+0000] {processor.py:161} INFO - Started process (PID=100) to work on /home/airflow/.local/lib/python3.12/site-packages/airflow/example_dags/example_bash_operator.py
[2024-05-14T01:54:34.432+0000] {processor.py:830} INFO - Processing file /home/airflow/.local/lib/python3.12/site-packages/airflow/example_dags/example_bash_operator.py for tasks to queue
[2024-05-14T01:54:34.433+0000] {logging_mixin.py:188} INFO - [2024-05-14T01:54:34.433+0000] {dagbag.py:545} INFO - Filling up the DagBag from /home/airflow/.local/lib/python3.12/site-packages/airflow/example_dags/example_bash_operator.py
[2024-05-14T01:54:34.438+0000] {processor.py:840} INFO - DAG(s) 'example_bash_operator' retrieved from /home/airflow/.local/lib/python3.12/site-packages/airflow/example_dags/example_bash_operator.py
[2024-05-14T01:54:34.482+0000] {logging_mixin.py:188} INFO - [2024-05-14T01:54:34.482+0000] {dag.py:3096} INFO - Sync 1 DAGs
[2024-05-14T01:54:34.490+0000] {logging_mixin.py:188} INFO - [2024-05-14T01:54:34.490+0000] {dag.py:3954} INFO - Setting next_dagrun for example_bash_operator to 2024-05-13 00:00:00+00:00, run_after=2024-05-14 00:00:00+00:00
[2024-05-14T01:54:34.499+0000] {processor.py:183} INFO - Processing /home/airflow/.local/lib/python3.12/site-packages/airflow/example_dags/example_bash_operator.py took 0.070 seconds
[2024-05-14T01:55:04.964+0000] {processor.py:161} INFO - Started process (PID=159) to work on /home/airflow/.local/lib/python3.12/site-packages/airflow/example_dags/example_bash_operator.py
[2024-05-14T01:55:04.965+0000] {processor.py:830} INFO - Processing file /home/airflow/.local/lib/python3.12/site-packages/airflow/example_dags/example_bash_operator.py for tasks to queue
[2024-05-14T01:55:04.966+0000] {logging_mixin.py:188} INFO - [2024-05-14T01:55:04.966+0000] {dagbag.py:545} INFO - Filling up the DagBag from /home/airflow/.local/lib/python3.12/site-packages/airflow/example_dags/example_bash_operator.py
[2024-05-14T01:55:04.971+0000] {processor.py:840} INFO - DAG(s) 'example_bash_operator' retrieved from /home/airflow/.local/lib/python3.12/site-packages/airflow/example_dags/example_bash_operator.py
[2024-05-14T01:55:04.985+0000] {logging_mixin.py:188} INFO - [2024-05-14T01:55:04.985+0000] {dag.py:3096} INFO - Sync 1 DAGs
[2024-05-14T01:55:05.001+0000] {logging_mixin.py:188} INFO - [2024-05-14T01:55:05.001+0000] {dag.py:3954} INFO - Setting next_dagrun for example_bash_operator to 2024-05-13 00:00:00+00:00, run_after=2024-05-14 00:00:00+00:00
[2024-05-14T01:55:05.010+0000] {processor.py:183} INFO - Processing /home/airflow/.local/lib/python3.12/site-packages/airflow/example_dags/example_bash_operator.py took 0.049 seconds
[2024-05-14T01:55:35.046+0000] {processor.py:161} INFO - Started process (PID=218) to work on /home/airflow/.local/lib/python3.12/site-packages/airflow/example_dags/example_bash_operator.py
[2024-05-14T01:55:35.047+0000] {processor.py:830} INFO - Processing file /home/airflow/.local/lib/python3.12/site-packages/airflow/example_dags/example_bash_operator.py for tasks to queue
[2024-05-14T01:55:35.048+0000] {logging_mixin.py:188} INFO - [2024-05-14T01:55:35.048+0000] {dagbag.py:545} INFO - Filling up the DagBag from /home/airflow/.local/lib/python3.12/site-packages/airflow/example_dags/example_bash_operator.py
[2024-05-14T01:55:35.053+0000] {processor.py:840} INFO - DAG(s) 'example_bash_operator' retrieved from /home/airflow/.local/lib/python3.12/site-packages/airflow/example_dags/example_bash_operator.py
[2024-05-14T01:55:35.066+0000] {logging_mixin.py:188} INFO - [2024-05-14T01:55:35.066+0000] {dag.py:3096} INFO - Sync 1 DAGs
[2024-05-14T01:55:35.076+0000] {logging_mixin.py:188} INFO - [2024-05-14T01:55:35.076+0000] {dag.py:3954} INFO - Setting next_dagrun for example_bash_operator to 2024-05-13 00:00:00+00:00, run_after=2024-05-14 00:00:00+00:00
[2024-05-14T01:55:35.085+0000] {processor.py:183} INFO - Processing /home/airflow/.local/lib/python3.12/site-packages/airflow/example_dags/example_bash_operator.py took 0.041 seconds
[2024-05-14T01:56:05.373+0000] {processor.py:161} INFO - Started process (PID=277) to work on /home/airflow/.local/lib/python3.12/site-packages/airflow/example_dags/example_bash_operator.py
[2024-05-14T01:56:05.373+0000] {processor.py:830} INFO - Processing file /home/airflow/.local/lib/python3.12/site-packages/airflow/example_dags/example_bash_operator.py for tasks to queue
[2024-05-14T01:56:05.374+0000] {logging_mixin.py:188} INFO - [2024-05-14T01:56:05.374+0000] {dagbag.py:545} INFO - Filling up the DagBag from /home/airflow/.local/lib/python3.12/site-packages/airflow/example_dags/example_bash_operator.py
[2024-05-14T01:56:05.380+0000] {processor.py:840} INFO - DAG(s) 'example_bash_operator' retrieved from /home/airflow/.local/lib/python3.12/site-packages/airflow/example_dags/example_bash_operator.py
[2024-05-14T01:56:05.396+0000] {logging_mixin.py:188} INFO - [2024-05-14T01:56:05.395+0000] {dag.py:3096} INFO - Sync 1 DAGs
[2024-05-14T01:56:05.409+0000] {logging_mixin.py:188} INFO - [2024-05-14T01:56:05.409+0000] {dag.py:3954} INFO - Setting next_dagrun for example_bash_operator to 2024-05-13 00:00:00+00:00, run_after=2024-05-14 00:00:00+00:00
[2024-05-14T01:56:05.421+0000] {processor.py:183} INFO - Processing /home/airflow/.local/lib/python3.12/site-packages/airflow/example_dags/example_bash_operator.py took 0.051 seconds
[2024-05-14T01:56:35.462+0000] {processor.py:161} INFO - Started process (PID=335) to work on /home/airflow/.local/lib/python3.12/site-packages/airflow/example_dags/example_bash_operator.py
[2024-05-14T01:56:35.462+0000] {processor.py:830} INFO - Processing file /home/airflow/.local/lib/python3.12/site-packages/airflow/example_dags/example_bash_operator.py for tasks to queue
[2024-05-14T01:56:35.463+0000] {logging_mixin.py:188} INFO - [2024-05-14T01:56:35.463+0000] {dagbag.py:545} INFO - Filling up the DagBag from /home/airflow/.local/lib/python3.12/site-packages/airflow/example_dags/example_bash_operator.py
[2024-05-14T01:56:35.469+0000] {processor.py:840} INFO - DAG(s) 'example_bash_operator' retrieved from /home/airflow/.local/lib/python3.12/site-packages/airflow/example_dags/example_bash_operator.py
[2024-05-14T01:56:35.481+0000] {logging_mixin.py:188} INFO - [2024-05-14T01:56:35.481+0000] {dag.py:3096} INFO - Sync 1 DAGs
[2024-05-14T01:56:35.490+0000] {logging_mixin.py:188} INFO - [2024-05-14T01:56:35.490+0000] {dag.py:3954} INFO - Setting next_dagrun for example_bash_operator to 2024-05-13 00:00:00+00:00, run_after=2024-05-14 00:00:00+00:00
[2024-05-14T01:56:35.498+0000] {processor.py:183} INFO - Processing /home/airflow/.local/lib/python3.12/site-packages/airflow/example_dags/example_bash_operator.py took 0.039 seconds
[2024-05-14T01:57:05.544+0000] {processor.py:161} INFO - Started process (PID=394) to work on /home/airflow/.local/lib/python3.12/site-packages/airflow/example_dags/example_bash_operator.py
[2024-05-14T01:57:05.545+0000] {processor.py:830} INFO - Processing file /home/airflow/.local/lib/python3.12/site-packages/airflow/example_dags/example_bash_operator.py for tasks to queue
[2024-05-14T01:57:05.546+0000] {logging_mixin.py:188} INFO - [2024-05-14T01:57:05.546+0000] {dagbag.py:545} INFO - Filling up the DagBag from /home/airflow/.local/lib/python3.12/site-packages/airflow/example_dags/example_bash_operator.py
[2024-05-14T01:57:05.552+0000] {processor.py:840} INFO - DAG(s) 'example_bash_operator' retrieved from /home/airflow/.local/lib/python3.12/site-packages/airflow/example_dags/example_bash_operator.py
[2024-05-14T01:57:05.565+0000] {logging_mixin.py:188} INFO - [2024-05-14T01:57:05.565+0000] {dag.py:3096} INFO - Sync 1 DAGs
[2024-05-14T01:57:05.577+0000] {logging_mixin.py:188} INFO - [2024-05-14T01:57:05.576+0000] {dag.py:3954} INFO - Setting next_dagrun for example_bash_operator to 2024-05-13 00:00:00+00:00, run_after=2024-05-14 00:00:00+00:00
[2024-05-14T01:57:05.586+0000] {processor.py:183} INFO - Processing /home/airflow/.local/lib/python3.12/site-packages/airflow/example_dags/example_bash_operator.py took 0.045 seconds
[2024-05-14T01:57:36.300+0000] {processor.py:161} INFO - Started process (PID=453) to work on /home/airflow/.local/lib/python3.12/site-packages/airflow/example_dags/example_bash_operator.py
[2024-05-14T01:57:36.300+0000] {processor.py:830} INFO - Processing file /home/airflow/.local/lib/python3.12/site-packages/airflow/example_dags/example_bash_operator.py for tasks to queue
[2024-05-14T01:57:36.301+0000] {logging_mixin.py:188} INFO - [2024-05-14T01:57:36.301+0000] {dagbag.py:545} INFO - Filling up the DagBag from /home/airflow/.local/lib/python3.12/site-packages/airflow/example_dags/example_bash_operator.py
[2024-05-14T01:57:36.307+0000] {processor.py:840} INFO - DAG(s) 'example_bash_operator' retrieved from /home/airflow/.local/lib/python3.12/site-packages/airflow/example_dags/example_bash_operator.py
[2024-05-14T01:57:36.319+0000] {logging_mixin.py:188} INFO - [2024-05-14T01:57:36.319+0000] {dag.py:3096} INFO - Sync 1 DAGs
[2024-05-14T01:57:36.331+0000] {logging_mixin.py:188} INFO - [2024-05-14T01:57:36.330+0000] {dag.py:3954} INFO - Setting next_dagrun for example_bash_operator to 2024-05-13 00:00:00+00:00, run_after=2024-05-14 00:00:00+00:00
[2024-05-14T01:57:36.339+0000] {processor.py:183} INFO - Processing /home/airflow/.local/lib/python3.12/site-packages/airflow/example_dags/example_bash_operator.py took 0.043 seconds
[2024-05-14T01:58:07.031+0000] {processor.py:161} INFO - Started process (PID=512) to work on /home/airflow/.local/lib/python3.12/site-packages/airflow/example_dags/example_bash_operator.py
[2024-05-14T01:58:07.032+0000] {processor.py:830} INFO - Processing file /home/airflow/.local/lib/python3.12/site-packages/airflow/example_dags/example_bash_operator.py for tasks to queue
[2024-05-14T01:58:07.033+0000] {logging_mixin.py:188} INFO - [2024-05-14T01:58:07.033+0000] {dagbag.py:545} INFO - Filling up the DagBag from /home/airflow/.local/lib/python3.12/site-packages/airflow/example_dags/example_bash_operator.py
[2024-05-14T01:58:07.038+0000] {processor.py:840} INFO - DAG(s) 'example_bash_operator' retrieved from /home/airflow/.local/lib/python3.12/site-packages/airflow/example_dags/example_bash_operator.py
[2024-05-14T01:58:07.051+0000] {logging_mixin.py:188} INFO - [2024-05-14T01:58:07.051+0000] {dag.py:3096} INFO - Sync 1 DAGs
[2024-05-14T01:58:07.062+0000] {logging_mixin.py:188} INFO - [2024-05-14T01:58:07.061+0000] {dag.py:3954} INFO - Setting next_dagrun for example_bash_operator to 2024-05-13 00:00:00+00:00, run_after=2024-05-14 00:00:00+00:00
[2024-05-14T01:58:07.070+0000] {processor.py:183} INFO - Processing /home/airflow/.local/lib/python3.12/site-packages/airflow/example_dags/example_bash_operator.py took 0.042 seconds
[2024-05-14T01:58:37.786+0000] {processor.py:161} INFO - Started process (PID=570) to work on /home/airflow/.local/lib/python3.12/site-packages/airflow/example_dags/example_bash_operator.py
[2024-05-14T01:58:37.787+0000] {processor.py:830} INFO - Processing file /home/airflow/.local/lib/python3.12/site-packages/airflow/example_dags/example_bash_operator.py for tasks to queue
[2024-05-14T01:58:37.788+0000] {logging_mixin.py:188} INFO - [2024-05-14T01:58:37.788+0000] {dagbag.py:545} INFO - Filling up the DagBag from /home/airflow/.local/lib/python3.12/site-packages/airflow/example_dags/example_bash_operator.py
[2024-05-14T01:58:37.793+0000] {processor.py:840} INFO - DAG(s) 'example_bash_operator' retrieved from /home/airflow/.local/lib/python3.12/site-packages/airflow/example_dags/example_bash_operator.py
[2024-05-14T01:58:37.806+0000] {logging_mixin.py:188} INFO - [2024-05-14T01:58:37.806+0000] {dag.py:3096} INFO - Sync 1 DAGs
[2024-05-14T01:58:37.817+0000] {logging_mixin.py:188} INFO - [2024-05-14T01:58:37.817+0000] {dag.py:3954} INFO - Setting next_dagrun for example_bash_operator to 2024-05-13 00:00:00+00:00, run_after=2024-05-14 00:00:00+00:00
[2024-05-14T01:58:37.826+0000] {processor.py:183} INFO - Processing /home/airflow/.local/lib/python3.12/site-packages/airflow/example_dags/example_bash_operator.py took 0.043 seconds
[2024-05-14T01:59:08.600+0000] {processor.py:161} INFO - Started process (PID=629) to work on /home/airflow/.local/lib/python3.12/site-packages/airflow/example_dags/example_bash_operator.py
[2024-05-14T01:59:08.601+0000] {processor.py:830} INFO - Processing file /home/airflow/.local/lib/python3.12/site-packages/airflow/example_dags/example_bash_operator.py for tasks to queue
[2024-05-14T01:59:08.602+0000] {logging_mixin.py:188} INFO - [2024-05-14T01:59:08.602+0000] {dagbag.py:545} INFO - Filling up the DagBag from /home/airflow/.local/lib/python3.12/site-packages/airflow/example_dags/example_bash_operator.py
[2024-05-14T01:59:08.608+0000] {processor.py:840} INFO - DAG(s) 'example_bash_operator' retrieved from /home/airflow/.local/lib/python3.12/site-packages/airflow/example_dags/example_bash_operator.py
[2024-05-14T01:59:08.621+0000] {logging_mixin.py:188} INFO - [2024-05-14T01:59:08.620+0000] {dag.py:3096} INFO - Sync 1 DAGs
[2024-05-14T01:59:08.632+0000] {logging_mixin.py:188} INFO - [2024-05-14T01:59:08.631+0000] {dag.py:3954} INFO - Setting next_dagrun for example_bash_operator to 2024-05-13 00:00:00+00:00, run_after=2024-05-14 00:00:00+00:00
[2024-05-14T01:59:08.640+0000] {processor.py:183} INFO - Processing /home/airflow/.local/lib/python3.12/site-packages/airflow/example_dags/example_bash_operator.py took 0.043 seconds
[2024-05-14T01:59:39.392+0000] {processor.py:161} INFO - Started process (PID=688) to work on /home/airflow/.local/lib/python3.12/site-packages/airflow/example_dags/example_bash_operator.py
[2024-05-14T01:59:39.392+0000] {processor.py:830} INFO - Processing file /home/airflow/.local/lib/python3.12/site-packages/airflow/example_dags/example_bash_operator.py for tasks to queue
[2024-05-14T01:59:39.393+0000] {logging_mixin.py:188} INFO - [2024-05-14T01:59:39.393+0000] {dagbag.py:545} INFO - Filling up the DagBag from /home/airflow/.local/lib/python3.12/site-packages/airflow/example_dags/example_bash_operator.py
[2024-05-14T01:59:39.399+0000] {processor.py:840} INFO - DAG(s) 'example_bash_operator' retrieved from /home/airflow/.local/lib/python3.12/site-packages/airflow/example_dags/example_bash_operator.py
[2024-05-14T01:59:39.412+0000] {logging_mixin.py:188} INFO - [2024-05-14T01:59:39.411+0000] {dag.py:3096} INFO - Sync 1 DAGs
[2024-05-14T01:59:39.423+0000] {logging_mixin.py:188} INFO - [2024-05-14T01:59:39.423+0000] {dag.py:3954} INFO - Setting next_dagrun for example_bash_operator to 2024-05-13 00:00:00+00:00, run_after=2024-05-14 00:00:00+00:00
[2024-05-14T01:59:39.432+0000] {processor.py:183} INFO - Processing /home/airflow/.local/lib/python3.12/site-packages/airflow/example_dags/example_bash_operator.py took 0.043 seconds
[2024-05-14T02:00:10.187+0000] {processor.py:161} INFO - Started process (PID=747) to work on /home/airflow/.local/lib/python3.12/site-packages/airflow/example_dags/example_bash_operator.py
[2024-05-14T02:00:10.188+0000] {processor.py:830} INFO - Processing file /home/airflow/.local/lib/python3.12/site-packages/airflow/example_dags/example_bash_operator.py for tasks to queue
[2024-05-14T02:00:10.189+0000] {logging_mixin.py:188} INFO - [2024-05-14T02:00:10.189+0000] {dagbag.py:545} INFO - Filling up the DagBag from /home/airflow/.local/lib/python3.12/site-packages/airflow/example_dags/example_bash_operator.py
[2024-05-14T02:00:10.194+0000] {processor.py:840} INFO - DAG(s) 'example_bash_operator' retrieved from /home/airflow/.local/lib/python3.12/site-packages/airflow/example_dags/example_bash_operator.py
[2024-05-14T02:00:10.207+0000] {logging_mixin.py:188} INFO - [2024-05-14T02:00:10.207+0000] {dag.py:3096} INFO - Sync 1 DAGs
[2024-05-14T02:00:10.218+0000] {logging_mixin.py:188} INFO - [2024-05-14T02:00:10.218+0000] {dag.py:3954} INFO - Setting next_dagrun for example_bash_operator to 2024-05-13 00:00:00+00:00, run_after=2024-05-14 00:00:00+00:00
[2024-05-14T02:00:10.227+0000] {processor.py:183} INFO - Processing /home/airflow/.local/lib/python3.12/site-packages/airflow/example_dags/example_bash_operator.py took 0.043 seconds
[2024-05-14T02:00:40.971+0000] {processor.py:161} INFO - Started process (PID=806) to work on /home/airflow/.local/lib/python3.12/site-packages/airflow/example_dags/example_bash_operator.py
[2024-05-14T02:00:40.971+0000] {processor.py:830} INFO - Processing file /home/airflow/.local/lib/python3.12/site-packages/airflow/example_dags/example_bash_operator.py for tasks to queue
[2024-05-14T02:00:40.972+0000] {logging_mixin.py:188} INFO - [2024-05-14T02:00:40.972+0000] {dagbag.py:545} INFO - Filling up the DagBag from /home/airflow/.local/lib/python3.12/site-packages/airflow/example_dags/example_bash_operator.py
[2024-05-14T02:00:40.978+0000] {processor.py:840} INFO - DAG(s) 'example_bash_operator' retrieved from /home/airflow/.local/lib/python3.12/site-packages/airflow/example_dags/example_bash_operator.py
[2024-05-14T02:00:40.991+0000] {logging_mixin.py:188} INFO - [2024-05-14T02:00:40.990+0000] {dag.py:3096} INFO - Sync 1 DAGs
[2024-05-14T02:00:41.002+0000] {logging_mixin.py:188} INFO - [2024-05-14T02:00:41.002+0000] {dag.py:3954} INFO - Setting next_dagrun for example_bash_operator to 2024-05-13 00:00:00+00:00, run_after=2024-05-14 00:00:00+00:00
[2024-05-14T02:00:41.011+0000] {processor.py:183} INFO - Processing /home/airflow/.local/lib/python3.12/site-packages/airflow/example_dags/example_bash_operator.py took 0.043 seconds
[2024-05-14T02:01:11.230+0000] {processor.py:161} INFO - Started process (PID=865) to work on /home/airflow/.local/lib/python3.12/site-packages/airflow/example_dags/example_bash_operator.py
[2024-05-14T02:01:11.234+0000] {processor.py:830} INFO - Processing file /home/airflow/.local/lib/python3.12/site-packages/airflow/example_dags/example_bash_operator.py for tasks to queue
[2024-05-14T02:01:11.236+0000] {logging_mixin.py:188} INFO - [2024-05-14T02:01:11.236+0000] {dagbag.py:545} INFO - Filling up the DagBag from /home/airflow/.local/lib/python3.12/site-packages/airflow/example_dags/example_bash_operator.py
[2024-05-14T02:01:11.242+0000] {processor.py:840} INFO - DAG(s) 'example_bash_operator' retrieved from /home/airflow/.local/lib/python3.12/site-packages/airflow/example_dags/example_bash_operator.py
[2024-05-14T02:01:11.261+0000] {logging_mixin.py:188} INFO - [2024-05-14T02:01:11.261+0000] {dag.py:3096} INFO - Sync 1 DAGs
[2024-05-14T02:01:11.276+0000] {logging_mixin.py:188} INFO - [2024-05-14T02:01:11.276+0000] {dag.py:3954} INFO - Setting next_dagrun for example_bash_operator to 2024-05-13 00:00:00+00:00, run_after=2024-05-14 00:00:00+00:00
[2024-05-14T02:01:11.289+0000] {processor.py:183} INFO - Processing /home/airflow/.local/lib/python3.12/site-packages/airflow/example_dags/example_bash_operator.py took 0.062 seconds
[2024-05-14T02:01:41.339+0000] {processor.py:161} INFO - Started process (PID=924) to work on /home/airflow/.local/lib/python3.12/site-packages/airflow/example_dags/example_bash_operator.py
[2024-05-14T02:01:41.342+0000] {processor.py:830} INFO - Processing file /home/airflow/.local/lib/python3.12/site-packages/airflow/example_dags/example_bash_operator.py for tasks to queue
[2024-05-14T02:01:41.344+0000] {logging_mixin.py:188} INFO - [2024-05-14T02:01:41.344+0000] {dagbag.py:545} INFO - Filling up the DagBag from /home/airflow/.local/lib/python3.12/site-packages/airflow/example_dags/example_bash_operator.py
[2024-05-14T02:01:41.349+0000] {processor.py:840} INFO - DAG(s) 'example_bash_operator' retrieved from /home/airflow/.local/lib/python3.12/site-packages/airflow/example_dags/example_bash_operator.py
[2024-05-14T02:01:41.362+0000] {logging_mixin.py:188} INFO - [2024-05-14T02:01:41.362+0000] {dag.py:3096} INFO - Sync 1 DAGs
[2024-05-14T02:01:41.372+0000] {logging_mixin.py:188} INFO - [2024-05-14T02:01:41.372+0000] {dag.py:3954} INFO - Setting next_dagrun for example_bash_operator to 2024-05-13 00:00:00+00:00, run_after=2024-05-14 00:00:00+00:00
[2024-05-14T02:01:41.379+0000] {processor.py:183} INFO - Processing /home/airflow/.local/lib/python3.12/site-packages/airflow/example_dags/example_bash_operator.py took 0.043 seconds
[2024-05-14T02:02:11.520+0000] {processor.py:161} INFO - Started process (PID=983) to work on /home/airflow/.local/lib/python3.12/site-packages/airflow/example_dags/example_bash_operator.py
[2024-05-14T02:02:11.520+0000] {processor.py:830} INFO - Processing file /home/airflow/.local/lib/python3.12/site-packages/airflow/example_dags/example_bash_operator.py for tasks to queue
[2024-05-14T02:02:11.521+0000] {logging_mixin.py:188} INFO - [2024-05-14T02:02:11.521+0000] {dagbag.py:545} INFO - Filling up the DagBag from /home/airflow/.local/lib/python3.12/site-packages/airflow/example_dags/example_bash_operator.py
[2024-05-14T02:02:11.527+0000] {processor.py:840} INFO - DAG(s) 'example_bash_operator' retrieved from /home/airflow/.local/lib/python3.12/site-packages/airflow/example_dags/example_bash_operator.py
[2024-05-14T02:02:11.541+0000] {logging_mixin.py:188} INFO - [2024-05-14T02:02:11.541+0000] {dag.py:3096} INFO - Sync 1 DAGs
[2024-05-14T02:02:11.553+0000] {logging_mixin.py:188} INFO - [2024-05-14T02:02:11.552+0000] {dag.py:3954} INFO - Setting next_dagrun for example_bash_operator to 2024-05-13 00:00:00+00:00, run_after=2024-05-14 00:00:00+00:00
[2024-05-14T02:02:11.561+0000] {processor.py:183} INFO - Processing /home/airflow/.local/lib/python3.12/site-packages/airflow/example_dags/example_bash_operator.py took 0.045 seconds
[2024-05-14T02:02:41.733+0000] {processor.py:161} INFO - Started process (PID=1042) to work on /home/airflow/.local/lib/python3.12/site-packages/airflow/example_dags/example_bash_operator.py
[2024-05-14T02:02:41.734+0000] {processor.py:830} INFO - Processing file /home/airflow/.local/lib/python3.12/site-packages/airflow/example_dags/example_bash_operator.py for tasks to queue
[2024-05-14T02:02:41.735+0000] {logging_mixin.py:188} INFO - [2024-05-14T02:02:41.735+0000] {dagbag.py:545} INFO - Filling up the DagBag from /home/airflow/.local/lib/python3.12/site-packages/airflow/example_dags/example_bash_operator.py
[2024-05-14T02:02:41.743+0000] {processor.py:840} INFO - DAG(s) 'example_bash_operator' retrieved from /home/airflow/.local/lib/python3.12/site-packages/airflow/example_dags/example_bash_operator.py
[2024-05-14T02:02:41.759+0000] {logging_mixin.py:188} INFO - [2024-05-14T02:02:41.759+0000] {dag.py:3096} INFO - Sync 1 DAGs
[2024-05-14T02:02:41.771+0000] {logging_mixin.py:188} INFO - [2024-05-14T02:02:41.770+0000] {dag.py:3954} INFO - Setting next_dagrun for example_bash_operator to 2024-05-13 00:00:00+00:00, run_after=2024-05-14 00:00:00+00:00
[2024-05-14T02:02:41.779+0000] {processor.py:183} INFO - Processing /home/airflow/.local/lib/python3.12/site-packages/airflow/example_dags/example_bash_operator.py took 0.050 seconds
[2024-05-14T02:03:11.829+0000] {processor.py:161} INFO - Started process (PID=1101) to work on /home/airflow/.local/lib/python3.12/site-packages/airflow/example_dags/example_bash_operator.py
[2024-05-14T02:03:11.829+0000] {processor.py:830} INFO - Processing file /home/airflow/.local/lib/python3.12/site-packages/airflow/example_dags/example_bash_operator.py for tasks to queue
[2024-05-14T02:03:11.831+0000] {logging_mixin.py:188} INFO - [2024-05-14T02:03:11.830+0000] {dagbag.py:545} INFO - Filling up the DagBag from /home/airflow/.local/lib/python3.12/site-packages/airflow/example_dags/example_bash_operator.py
[2024-05-14T02:03:11.836+0000] {processor.py:840} INFO - DAG(s) 'example_bash_operator' retrieved from /home/airflow/.local/lib/python3.12/site-packages/airflow/example_dags/example_bash_operator.py
[2024-05-14T02:03:11.849+0000] {logging_mixin.py:188} INFO - [2024-05-14T02:03:11.849+0000] {dag.py:3096} INFO - Sync 1 DAGs
[2024-05-14T02:03:11.861+0000] {logging_mixin.py:188} INFO - [2024-05-14T02:03:11.861+0000] {dag.py:3954} INFO - Setting next_dagrun for example_bash_operator to 2024-05-13 00:00:00+00:00, run_after=2024-05-14 00:00:00+00:00
[2024-05-14T02:03:11.870+0000] {processor.py:183} INFO - Processing /home/airflow/.local/lib/python3.12/site-packages/airflow/example_dags/example_bash_operator.py took 0.044 seconds
[2024-05-14T02:03:42.637+0000] {processor.py:161} INFO - Started process (PID=1160) to work on /home/airflow/.local/lib/python3.12/site-packages/airflow/example_dags/example_bash_operator.py
[2024-05-14T02:03:42.638+0000] {processor.py:830} INFO - Processing file /home/airflow/.local/lib/python3.12/site-packages/airflow/example_dags/example_bash_operator.py for tasks to queue
[2024-05-14T02:03:42.639+0000] {logging_mixin.py:188} INFO - [2024-05-14T02:03:42.639+0000] {dagbag.py:545} INFO - Filling up the DagBag from /home/airflow/.local/lib/python3.12/site-packages/airflow/example_dags/example_bash_operator.py
[2024-05-14T02:03:42.645+0000] {processor.py:840} INFO - DAG(s) 'example_bash_operator' retrieved from /home/airflow/.local/lib/python3.12/site-packages/airflow/example_dags/example_bash_operator.py
[2024-05-14T02:03:42.658+0000] {logging_mixin.py:188} INFO - [2024-05-14T02:03:42.658+0000] {dag.py:3096} INFO - Sync 1 DAGs
[2024-05-14T02:03:42.669+0000] {logging_mixin.py:188} INFO - [2024-05-14T02:03:42.668+0000] {dag.py:3954} INFO - Setting next_dagrun for example_bash_operator to 2024-05-13 00:00:00+00:00, run_after=2024-05-14 00:00:00+00:00
[2024-05-14T02:03:42.680+0000] {processor.py:183} INFO - Processing /home/airflow/.local/lib/python3.12/site-packages/airflow/example_dags/example_bash_operator.py took 0.046 seconds
[2024-05-14T02:04:12.771+0000] {processor.py:161} INFO - Started process (PID=1218) to work on /home/airflow/.local/lib/python3.12/site-packages/airflow/example_dags/example_bash_operator.py
[2024-05-14T02:04:12.772+0000] {processor.py:830} INFO - Processing file /home/airflow/.local/lib/python3.12/site-packages/airflow/example_dags/example_bash_operator.py for tasks to queue
[2024-05-14T02:04:12.773+0000] {logging_mixin.py:188} INFO - [2024-05-14T02:04:12.773+0000] {dagbag.py:545} INFO - Filling up the DagBag from /home/airflow/.local/lib/python3.12/site-packages/airflow/example_dags/example_bash_operator.py
[2024-05-14T02:04:12.778+0000] {processor.py:840} INFO - DAG(s) 'example_bash_operator' retrieved from /home/airflow/.local/lib/python3.12/site-packages/airflow/example_dags/example_bash_operator.py
[2024-05-14T02:04:12.791+0000] {logging_mixin.py:188} INFO - [2024-05-14T02:04:12.791+0000] {dag.py:3096} INFO - Sync 1 DAGs
[2024-05-14T02:04:12.802+0000] {logging_mixin.py:188} INFO - [2024-05-14T02:04:12.802+0000] {dag.py:3954} INFO - Setting next_dagrun for example_bash_operator to 2024-05-13 00:00:00+00:00, run_after=2024-05-14 00:00:00+00:00
[2024-05-14T02:04:12.812+0000] {processor.py:183} INFO - Processing /home/airflow/.local/lib/python3.12/site-packages/airflow/example_dags/example_bash_operator.py took 0.043 seconds
[2024-05-14T02:04:42.959+0000] {processor.py:161} INFO - Started process (PID=1277) to work on /home/airflow/.local/lib/python3.12/site-packages/airflow/example_dags/example_bash_operator.py
[2024-05-14T02:04:42.960+0000] {processor.py:830} INFO - Processing file /home/airflow/.local/lib/python3.12/site-packages/airflow/example_dags/example_bash_operator.py for tasks to queue
[2024-05-14T02:04:42.961+0000] {logging_mixin.py:188} INFO - [2024-05-14T02:04:42.961+0000] {dagbag.py:545} INFO - Filling up the DagBag from /home/airflow/.local/lib/python3.12/site-packages/airflow/example_dags/example_bash_operator.py
[2024-05-14T02:04:42.967+0000] {processor.py:840} INFO - DAG(s) 'example_bash_operator' retrieved from /home/airflow/.local/lib/python3.12/site-packages/airflow/example_dags/example_bash_operator.py
[2024-05-14T02:04:42.982+0000] {logging_mixin.py:188} INFO - [2024-05-14T02:04:42.981+0000] {dag.py:3096} INFO - Sync 1 DAGs
[2024-05-14T02:04:42.994+0000] {logging_mixin.py:188} INFO - [2024-05-14T02:04:42.994+0000] {dag.py:3954} INFO - Setting next_dagrun for example_bash_operator to 2024-05-13 00:00:00+00:00, run_after=2024-05-14 00:00:00+00:00
[2024-05-14T02:04:43.004+0000] {processor.py:183} INFO - Processing /home/airflow/.local/lib/python3.12/site-packages/airflow/example_dags/example_bash_operator.py took 0.048 seconds
[2024-05-14T02:05:13.050+0000] {processor.py:161} INFO - Started process (PID=1336) to work on /home/airflow/.local/lib/python3.12/site-packages/airflow/example_dags/example_bash_operator.py
[2024-05-14T02:05:13.051+0000] {processor.py:830} INFO - Processing file /home/airflow/.local/lib/python3.12/site-packages/airflow/example_dags/example_bash_operator.py for tasks to queue
[2024-05-14T02:05:13.052+0000] {logging_mixin.py:188} INFO - [2024-05-14T02:05:13.052+0000] {dagbag.py:545} INFO - Filling up the DagBag from /home/airflow/.local/lib/python3.12/site-packages/airflow/example_dags/example_bash_operator.py
[2024-05-14T02:05:13.058+0000] {processor.py:840} INFO - DAG(s) 'example_bash_operator' retrieved from /home/airflow/.local/lib/python3.12/site-packages/airflow/example_dags/example_bash_operator.py
[2024-05-14T02:05:13.071+0000] {logging_mixin.py:188} INFO - [2024-05-14T02:05:13.071+0000] {dag.py:3096} INFO - Sync 1 DAGs
[2024-05-14T02:05:13.084+0000] {logging_mixin.py:188} INFO - [2024-05-14T02:05:13.083+0000] {dag.py:3954} INFO - Setting next_dagrun for example_bash_operator to 2024-05-13 00:00:00+00:00, run_after=2024-05-14 00:00:00+00:00
[2024-05-14T02:05:13.094+0000] {processor.py:183} INFO - Processing /home/airflow/.local/lib/python3.12/site-packages/airflow/example_dags/example_bash_operator.py took 0.046 seconds
[2024-05-14T02:05:43.788+0000] {processor.py:161} INFO - Started process (PID=1395) to work on /home/airflow/.local/lib/python3.12/site-packages/airflow/example_dags/example_bash_operator.py
[2024-05-14T02:05:43.789+0000] {processor.py:830} INFO - Processing file /home/airflow/.local/lib/python3.12/site-packages/airflow/example_dags/example_bash_operator.py for tasks to queue
[2024-05-14T02:05:43.790+0000] {logging_mixin.py:188} INFO - [2024-05-14T02:05:43.789+0000] {dagbag.py:545} INFO - Filling up the DagBag from /home/airflow/.local/lib/python3.12/site-packages/airflow/example_dags/example_bash_operator.py
[2024-05-14T02:05:43.795+0000] {processor.py:840} INFO - DAG(s) 'example_bash_operator' retrieved from /home/airflow/.local/lib/python3.12/site-packages/airflow/example_dags/example_bash_operator.py
[2024-05-14T02:05:43.808+0000] {logging_mixin.py:188} INFO - [2024-05-14T02:05:43.808+0000] {dag.py:3096} INFO - Sync 1 DAGs
[2024-05-14T02:05:43.818+0000] {logging_mixin.py:188} INFO - [2024-05-14T02:05:43.818+0000] {dag.py:3954} INFO - Setting next_dagrun for example_bash_operator to 2024-05-13 00:00:00+00:00, run_after=2024-05-14 00:00:00+00:00
[2024-05-14T02:05:43.826+0000] {processor.py:183} INFO - Processing /home/airflow/.local/lib/python3.12/site-packages/airflow/example_dags/example_bash_operator.py took 0.041 seconds
[2024-05-14T02:06:13.945+0000] {processor.py:161} INFO - Started process (PID=1454) to work on /home/airflow/.local/lib/python3.12/site-packages/airflow/example_dags/example_bash_operator.py
[2024-05-14T02:06:13.945+0000] {processor.py:830} INFO - Processing file /home/airflow/.local/lib/python3.12/site-packages/airflow/example_dags/example_bash_operator.py for tasks to queue
[2024-05-14T02:06:13.946+0000] {logging_mixin.py:188} INFO - [2024-05-14T02:06:13.946+0000] {dagbag.py:545} INFO - Filling up the DagBag from /home/airflow/.local/lib/python3.12/site-packages/airflow/example_dags/example_bash_operator.py
[2024-05-14T02:06:13.952+0000] {processor.py:840} INFO - DAG(s) 'example_bash_operator' retrieved from /home/airflow/.local/lib/python3.12/site-packages/airflow/example_dags/example_bash_operator.py
[2024-05-14T02:06:13.964+0000] {logging_mixin.py:188} INFO - [2024-05-14T02:06:13.964+0000] {dag.py:3096} INFO - Sync 1 DAGs
[2024-05-14T02:06:13.975+0000] {logging_mixin.py:188} INFO - [2024-05-14T02:06:13.975+0000] {dag.py:3954} INFO - Setting next_dagrun for example_bash_operator to 2024-05-13 00:00:00+00:00, run_after=2024-05-14 00:00:00+00:00
[2024-05-14T02:06:13.983+0000] {processor.py:183} INFO - Processing /home/airflow/.local/lib/python3.12/site-packages/airflow/example_dags/example_bash_operator.py took 0.042 seconds
[2024-05-14T02:06:44.089+0000] {processor.py:161} INFO - Started process (PID=1513) to work on /home/airflow/.local/lib/python3.12/site-packages/airflow/example_dags/example_bash_operator.py
[2024-05-14T02:06:44.089+0000] {processor.py:830} INFO - Processing file /home/airflow/.local/lib/python3.12/site-packages/airflow/example_dags/example_bash_operator.py for tasks to queue
[2024-05-14T02:06:44.090+0000] {logging_mixin.py:188} INFO - [2024-05-14T02:06:44.090+0000] {dagbag.py:545} INFO - Filling up the DagBag from /home/airflow/.local/lib/python3.12/site-packages/airflow/example_dags/example_bash_operator.py
[2024-05-14T02:06:44.096+0000] {processor.py:840} INFO - DAG(s) 'example_bash_operator' retrieved from /home/airflow/.local/lib/python3.12/site-packages/airflow/example_dags/example_bash_operator.py
[2024-05-14T02:06:44.108+0000] {logging_mixin.py:188} INFO - [2024-05-14T02:06:44.107+0000] {dag.py:3096} INFO - Sync 1 DAGs
[2024-05-14T02:06:44.117+0000] {logging_mixin.py:188} INFO - [2024-05-14T02:06:44.117+0000] {dag.py:3954} INFO - Setting next_dagrun for example_bash_operator to 2024-05-13 00:00:00+00:00, run_after=2024-05-14 00:00:00+00:00
[2024-05-14T02:06:44.126+0000] {processor.py:183} INFO - Processing /home/airflow/.local/lib/python3.12/site-packages/airflow/example_dags/example_bash_operator.py took 0.040 seconds
[2024-05-14T02:07:14.176+0000] {processor.py:161} INFO - Started process (PID=1572) to work on /home/airflow/.local/lib/python3.12/site-packages/airflow/example_dags/example_bash_operator.py
[2024-05-14T02:07:14.176+0000] {processor.py:830} INFO - Processing file /home/airflow/.local/lib/python3.12/site-packages/airflow/example_dags/example_bash_operator.py for tasks to queue
[2024-05-14T02:07:14.177+0000] {logging_mixin.py:188} INFO - [2024-05-14T02:07:14.177+0000] {dagbag.py:545} INFO - Filling up the DagBag from /home/airflow/.local/lib/python3.12/site-packages/airflow/example_dags/example_bash_operator.py
[2024-05-14T02:07:14.182+0000] {processor.py:840} INFO - DAG(s) 'example_bash_operator' retrieved from /home/airflow/.local/lib/python3.12/site-packages/airflow/example_dags/example_bash_operator.py
[2024-05-14T02:07:14.195+0000] {logging_mixin.py:188} INFO - [2024-05-14T02:07:14.195+0000] {dag.py:3096} INFO - Sync 1 DAGs
[2024-05-14T02:07:14.205+0000] {logging_mixin.py:188} INFO - [2024-05-14T02:07:14.205+0000] {dag.py:3954} INFO - Setting next_dagrun for example_bash_operator to 2024-05-13 00:00:00+00:00, run_after=2024-05-14 00:00:00+00:00
[2024-05-14T02:07:14.213+0000] {processor.py:183} INFO - Processing /home/airflow/.local/lib/python3.12/site-packages/airflow/example_dags/example_bash_operator.py took 0.040 seconds
[2024-05-14T02:07:44.445+0000] {processor.py:161} INFO - Started process (PID=1631) to work on /home/airflow/.local/lib/python3.12/site-packages/airflow/example_dags/example_bash_operator.py
[2024-05-14T02:07:44.445+0000] {processor.py:830} INFO - Processing file /home/airflow/.local/lib/python3.12/site-packages/airflow/example_dags/example_bash_operator.py for tasks to queue
[2024-05-14T02:07:44.446+0000] {logging_mixin.py:188} INFO - [2024-05-14T02:07:44.446+0000] {dagbag.py:545} INFO - Filling up the DagBag from /home/airflow/.local/lib/python3.12/site-packages/airflow/example_dags/example_bash_operator.py
[2024-05-14T02:07:44.452+0000] {processor.py:840} INFO - DAG(s) 'example_bash_operator' retrieved from /home/airflow/.local/lib/python3.12/site-packages/airflow/example_dags/example_bash_operator.py
[2024-05-14T02:07:44.464+0000] {logging_mixin.py:188} INFO - [2024-05-14T02:07:44.464+0000] {dag.py:3096} INFO - Sync 1 DAGs
[2024-05-14T02:07:44.475+0000] {logging_mixin.py:188} INFO - [2024-05-14T02:07:44.475+0000] {dag.py:3954} INFO - Setting next_dagrun for example_bash_operator to 2024-05-13 00:00:00+00:00, run_after=2024-05-14 00:00:00+00:00
[2024-05-14T02:07:44.484+0000] {processor.py:183} INFO - Processing /home/airflow/.local/lib/python3.12/site-packages/airflow/example_dags/example_bash_operator.py took 0.042 seconds
[2024-05-14T02:08:14.748+0000] {processor.py:161} INFO - Started process (PID=1690) to work on /home/airflow/.local/lib/python3.12/site-packages/airflow/example_dags/example_bash_operator.py
[2024-05-14T02:08:14.748+0000] {processor.py:830} INFO - Processing file /home/airflow/.local/lib/python3.12/site-packages/airflow/example_dags/example_bash_operator.py for tasks to queue
[2024-05-14T02:08:14.749+0000] {logging_mixin.py:188} INFO - [2024-05-14T02:08:14.749+0000] {dagbag.py:545} INFO - Filling up the DagBag from /home/airflow/.local/lib/python3.12/site-packages/airflow/example_dags/example_bash_operator.py
[2024-05-14T02:08:14.756+0000] {processor.py:840} INFO - DAG(s) 'example_bash_operator' retrieved from /home/airflow/.local/lib/python3.12/site-packages/airflow/example_dags/example_bash_operator.py
[2024-05-14T02:08:14.770+0000] {logging_mixin.py:188} INFO - [2024-05-14T02:08:14.769+0000] {dag.py:3096} INFO - Sync 1 DAGs
[2024-05-14T02:08:14.781+0000] {logging_mixin.py:188} INFO - [2024-05-14T02:08:14.781+0000] {dag.py:3954} INFO - Setting next_dagrun for example_bash_operator to 2024-05-13 00:00:00+00:00, run_after=2024-05-14 00:00:00+00:00
[2024-05-14T02:08:14.790+0000] {processor.py:183} INFO - Processing /home/airflow/.local/lib/python3.12/site-packages/airflow/example_dags/example_bash_operator.py took 0.045 seconds
[2024-05-14T02:08:44.868+0000] {processor.py:161} INFO - Started process (PID=1749) to work on /home/airflow/.local/lib/python3.12/site-packages/airflow/example_dags/example_bash_operator.py
[2024-05-14T02:08:44.869+0000] {processor.py:830} INFO - Processing file /home/airflow/.local/lib/python3.12/site-packages/airflow/example_dags/example_bash_operator.py for tasks to queue
[2024-05-14T02:08:44.870+0000] {logging_mixin.py:188} INFO - [2024-05-14T02:08:44.870+0000] {dagbag.py:545} INFO - Filling up the DagBag from /home/airflow/.local/lib/python3.12/site-packages/airflow/example_dags/example_bash_operator.py
[2024-05-14T02:08:44.876+0000] {processor.py:840} INFO - DAG(s) 'example_bash_operator' retrieved from /home/airflow/.local/lib/python3.12/site-packages/airflow/example_dags/example_bash_operator.py
[2024-05-14T02:08:44.889+0000] {logging_mixin.py:188} INFO - [2024-05-14T02:08:44.888+0000] {dag.py:3096} INFO - Sync 1 DAGs
[2024-05-14T02:08:44.900+0000] {logging_mixin.py:188} INFO - [2024-05-14T02:08:44.900+0000] {dag.py:3954} INFO - Setting next_dagrun for example_bash_operator to 2024-05-13 00:00:00+00:00, run_after=2024-05-14 00:00:00+00:00
[2024-05-14T02:08:44.909+0000] {processor.py:183} INFO - Processing /home/airflow/.local/lib/python3.12/site-packages/airflow/example_dags/example_bash_operator.py took 0.044 seconds
[2024-05-14T02:09:15.270+0000] {processor.py:161} INFO - Started process (PID=1808) to work on /home/airflow/.local/lib/python3.12/site-packages/airflow/example_dags/example_bash_operator.py
[2024-05-14T02:09:15.270+0000] {processor.py:830} INFO - Processing file /home/airflow/.local/lib/python3.12/site-packages/airflow/example_dags/example_bash_operator.py for tasks to queue
[2024-05-14T02:09:15.271+0000] {logging_mixin.py:188} INFO - [2024-05-14T02:09:15.271+0000] {dagbag.py:545} INFO - Filling up the DagBag from /home/airflow/.local/lib/python3.12/site-packages/airflow/example_dags/example_bash_operator.py
[2024-05-14T02:09:15.278+0000] {processor.py:840} INFO - DAG(s) 'example_bash_operator' retrieved from /home/airflow/.local/lib/python3.12/site-packages/airflow/example_dags/example_bash_operator.py
[2024-05-14T02:09:15.292+0000] {logging_mixin.py:188} INFO - [2024-05-14T02:09:15.292+0000] {dag.py:3096} INFO - Sync 1 DAGs
[2024-05-14T02:09:15.394+0000] {logging_mixin.py:188} INFO - [2024-05-14T02:09:15.394+0000] {dag.py:3954} INFO - Setting next_dagrun for example_bash_operator to 2024-05-13 00:00:00+00:00, run_after=2024-05-14 00:00:00+00:00
[2024-05-14T02:09:15.403+0000] {processor.py:183} INFO - Processing /home/airflow/.local/lib/python3.12/site-packages/airflow/example_dags/example_bash_operator.py took 0.137 seconds
[2024-05-14T02:09:45.457+0000] {processor.py:161} INFO - Started process (PID=1867) to work on /home/airflow/.local/lib/python3.12/site-packages/airflow/example_dags/example_bash_operator.py
[2024-05-14T02:09:45.457+0000] {processor.py:830} INFO - Processing file /home/airflow/.local/lib/python3.12/site-packages/airflow/example_dags/example_bash_operator.py for tasks to queue
[2024-05-14T02:09:45.458+0000] {logging_mixin.py:188} INFO - [2024-05-14T02:09:45.458+0000] {dagbag.py:545} INFO - Filling up the DagBag from /home/airflow/.local/lib/python3.12/site-packages/airflow/example_dags/example_bash_operator.py
[2024-05-14T02:09:45.472+0000] {processor.py:840} INFO - DAG(s) 'example_bash_operator' retrieved from /home/airflow/.local/lib/python3.12/site-packages/airflow/example_dags/example_bash_operator.py
[2024-05-14T02:09:45.484+0000] {logging_mixin.py:188} INFO - [2024-05-14T02:09:45.484+0000] {dag.py:3096} INFO - Sync 1 DAGs
[2024-05-14T02:09:45.494+0000] {logging_mixin.py:188} INFO - [2024-05-14T02:09:45.494+0000] {dag.py:3954} INFO - Setting next_dagrun for example_bash_operator to 2024-05-13 00:00:00+00:00, run_after=2024-05-14 00:00:00+00:00
[2024-05-14T02:09:45.575+0000] {processor.py:183} INFO - Processing /home/airflow/.local/lib/python3.12/site-packages/airflow/example_dags/example_bash_operator.py took 0.121 seconds
[2024-05-14T02:10:15.975+0000] {processor.py:161} INFO - Started process (PID=1926) to work on /home/airflow/.local/lib/python3.12/site-packages/airflow/example_dags/example_bash_operator.py
[2024-05-14T02:10:15.975+0000] {processor.py:830} INFO - Processing file /home/airflow/.local/lib/python3.12/site-packages/airflow/example_dags/example_bash_operator.py for tasks to queue
[2024-05-14T02:10:15.977+0000] {logging_mixin.py:188} INFO - [2024-05-14T02:10:15.977+0000] {dagbag.py:545} INFO - Filling up the DagBag from /home/airflow/.local/lib/python3.12/site-packages/airflow/example_dags/example_bash_operator.py
[2024-05-14T02:10:15.983+0000] {processor.py:840} INFO - DAG(s) 'example_bash_operator' retrieved from /home/airflow/.local/lib/python3.12/site-packages/airflow/example_dags/example_bash_operator.py
[2024-05-14T02:10:15.997+0000] {logging_mixin.py:188} INFO - [2024-05-14T02:10:15.997+0000] {dag.py:3096} INFO - Sync 1 DAGs
[2024-05-14T02:10:16.009+0000] {logging_mixin.py:188} INFO - [2024-05-14T02:10:16.009+0000] {dag.py:3954} INFO - Setting next_dagrun for example_bash_operator to 2024-05-13 00:00:00+00:00, run_after=2024-05-14 00:00:00+00:00
[2024-05-14T02:10:16.024+0000] {processor.py:183} INFO - Processing /home/airflow/.local/lib/python3.12/site-packages/airflow/example_dags/example_bash_operator.py took 0.054 seconds
[2024-05-14T02:10:46.971+0000] {processor.py:161} INFO - Started process (PID=1985) to work on /home/airflow/.local/lib/python3.12/site-packages/airflow/example_dags/example_bash_operator.py
[2024-05-14T02:10:46.972+0000] {processor.py:830} INFO - Processing file /home/airflow/.local/lib/python3.12/site-packages/airflow/example_dags/example_bash_operator.py for tasks to queue
[2024-05-14T02:10:46.973+0000] {logging_mixin.py:188} INFO - [2024-05-14T02:10:46.973+0000] {dagbag.py:545} INFO - Filling up the DagBag from /home/airflow/.local/lib/python3.12/site-packages/airflow/example_dags/example_bash_operator.py
[2024-05-14T02:10:46.979+0000] {processor.py:840} INFO - DAG(s) 'example_bash_operator' retrieved from /home/airflow/.local/lib/python3.12/site-packages/airflow/example_dags/example_bash_operator.py
[2024-05-14T02:10:46.992+0000] {logging_mixin.py:188} INFO - [2024-05-14T02:10:46.992+0000] {dag.py:3096} INFO - Sync 1 DAGs
[2024-05-14T02:10:47.003+0000] {logging_mixin.py:188} INFO - [2024-05-14T02:10:47.002+0000] {dag.py:3954} INFO - Setting next_dagrun for example_bash_operator to 2024-05-13 00:00:00+00:00, run_after=2024-05-14 00:00:00+00:00
[2024-05-14T02:10:47.011+0000] {processor.py:183} INFO - Processing /home/airflow/.local/lib/python3.12/site-packages/airflow/example_dags/example_bash_operator.py took 0.042 seconds
[2024-05-14T02:11:17.775+0000] {processor.py:161} INFO - Started process (PID=2043) to work on /home/airflow/.local/lib/python3.12/site-packages/airflow/example_dags/example_bash_operator.py
[2024-05-14T02:11:17.777+0000] {processor.py:830} INFO - Processing file /home/airflow/.local/lib/python3.12/site-packages/airflow/example_dags/example_bash_operator.py for tasks to queue
[2024-05-14T02:11:17.778+0000] {logging_mixin.py:188} INFO - [2024-05-14T02:11:17.778+0000] {dagbag.py:545} INFO - Filling up the DagBag from /home/airflow/.local/lib/python3.12/site-packages/airflow/example_dags/example_bash_operator.py
[2024-05-14T02:11:17.785+0000] {processor.py:840} INFO - DAG(s) 'example_bash_operator' retrieved from /home/airflow/.local/lib/python3.12/site-packages/airflow/example_dags/example_bash_operator.py
[2024-05-14T02:11:17.798+0000] {logging_mixin.py:188} INFO - [2024-05-14T02:11:17.798+0000] {dag.py:3096} INFO - Sync 1 DAGs
[2024-05-14T02:11:17.810+0000] {logging_mixin.py:188} INFO - [2024-05-14T02:11:17.810+0000] {dag.py:3954} INFO - Setting next_dagrun for example_bash_operator to 2024-05-13 00:00:00+00:00, run_after=2024-05-14 00:00:00+00:00
[2024-05-14T02:11:17.818+0000] {processor.py:183} INFO - Processing /home/airflow/.local/lib/python3.12/site-packages/airflow/example_dags/example_bash_operator.py took 0.046 seconds
[2024-05-14T02:11:48.115+0000] {processor.py:161} INFO - Started process (PID=2102) to work on /home/airflow/.local/lib/python3.12/site-packages/airflow/example_dags/example_bash_operator.py
[2024-05-14T02:11:48.117+0000] {processor.py:830} INFO - Processing file /home/airflow/.local/lib/python3.12/site-packages/airflow/example_dags/example_bash_operator.py for tasks to queue
[2024-05-14T02:11:48.119+0000] {logging_mixin.py:188} INFO - [2024-05-14T02:11:48.118+0000] {dagbag.py:545} INFO - Filling up the DagBag from /home/airflow/.local/lib/python3.12/site-packages/airflow/example_dags/example_bash_operator.py
[2024-05-14T02:11:48.126+0000] {processor.py:840} INFO - DAG(s) 'example_bash_operator' retrieved from /home/airflow/.local/lib/python3.12/site-packages/airflow/example_dags/example_bash_operator.py
[2024-05-14T02:11:48.141+0000] {logging_mixin.py:188} INFO - [2024-05-14T02:11:48.141+0000] {dag.py:3096} INFO - Sync 1 DAGs
[2024-05-14T02:11:48.156+0000] {logging_mixin.py:188} INFO - [2024-05-14T02:11:48.156+0000] {dag.py:3954} INFO - Setting next_dagrun for example_bash_operator to 2024-05-13 00:00:00+00:00, run_after=2024-05-14 00:00:00+00:00
[2024-05-14T02:11:48.166+0000] {processor.py:183} INFO - Processing /home/airflow/.local/lib/python3.12/site-packages/airflow/example_dags/example_bash_operator.py took 0.056 seconds
[2024-05-14T02:12:18.198+0000] {processor.py:161} INFO - Started process (PID=2160) to work on /home/airflow/.local/lib/python3.12/site-packages/airflow/example_dags/example_bash_operator.py
[2024-05-14T02:12:18.199+0000] {processor.py:830} INFO - Processing file /home/airflow/.local/lib/python3.12/site-packages/airflow/example_dags/example_bash_operator.py for tasks to queue
[2024-05-14T02:12:18.199+0000] {logging_mixin.py:188} INFO - [2024-05-14T02:12:18.199+0000] {dagbag.py:545} INFO - Filling up the DagBag from /home/airflow/.local/lib/python3.12/site-packages/airflow/example_dags/example_bash_operator.py
[2024-05-14T02:12:18.205+0000] {processor.py:840} INFO - DAG(s) 'example_bash_operator' retrieved from /home/airflow/.local/lib/python3.12/site-packages/airflow/example_dags/example_bash_operator.py
[2024-05-14T02:12:18.217+0000] {logging_mixin.py:188} INFO - [2024-05-14T02:12:18.217+0000] {dag.py:3096} INFO - Sync 1 DAGs
[2024-05-14T02:12:18.228+0000] {logging_mixin.py:188} INFO - [2024-05-14T02:12:18.228+0000] {dag.py:3954} INFO - Setting next_dagrun for example_bash_operator to 2024-05-13 00:00:00+00:00, run_after=2024-05-14 00:00:00+00:00
[2024-05-14T02:12:18.236+0000] {processor.py:183} INFO - Processing /home/airflow/.local/lib/python3.12/site-packages/airflow/example_dags/example_bash_operator.py took 0.041 seconds
[2024-05-14T02:12:48.334+0000] {processor.py:161} INFO - Started process (PID=2218) to work on /home/airflow/.local/lib/python3.12/site-packages/airflow/example_dags/example_bash_operator.py
[2024-05-14T02:12:48.334+0000] {processor.py:830} INFO - Processing file /home/airflow/.local/lib/python3.12/site-packages/airflow/example_dags/example_bash_operator.py for tasks to queue
[2024-05-14T02:12:48.336+0000] {logging_mixin.py:188} INFO - [2024-05-14T02:12:48.336+0000] {dagbag.py:545} INFO - Filling up the DagBag from /home/airflow/.local/lib/python3.12/site-packages/airflow/example_dags/example_bash_operator.py
[2024-05-14T02:12:48.343+0000] {processor.py:840} INFO - DAG(s) 'example_bash_operator' retrieved from /home/airflow/.local/lib/python3.12/site-packages/airflow/example_dags/example_bash_operator.py
[2024-05-14T02:12:48.358+0000] {logging_mixin.py:188} INFO - [2024-05-14T02:12:48.358+0000] {dag.py:3096} INFO - Sync 1 DAGs
[2024-05-14T02:12:48.371+0000] {logging_mixin.py:188} INFO - [2024-05-14T02:12:48.370+0000] {dag.py:3954} INFO - Setting next_dagrun for example_bash_operator to 2024-05-13 00:00:00+00:00, run_after=2024-05-14 00:00:00+00:00
[2024-05-14T02:12:48.381+0000] {processor.py:183} INFO - Processing /home/airflow/.local/lib/python3.12/site-packages/airflow/example_dags/example_bash_operator.py took 0.051 seconds
