[2024-05-14T01:54:03.778+0000] {processor.py:161} INFO - Started process (PID=33) to work on /home/airflow/.local/lib/python3.12/site-packages/airflow/example_dags/example_dynamic_task_mapping_with_no_taskflow_operators.py
[2024-05-14T01:54:03.779+0000] {processor.py:830} INFO - Processing file /home/airflow/.local/lib/python3.12/site-packages/airflow/example_dags/example_dynamic_task_mapping_with_no_taskflow_operators.py for tasks to queue
[2024-05-14T01:54:03.781+0000] {logging_mixin.py:188} INFO - [2024-05-14T01:54:03.781+0000] {dagbag.py:545} INFO - Filling up the DagBag from /home/airflow/.local/lib/python3.12/site-packages/airflow/example_dags/example_dynamic_task_mapping_with_no_taskflow_operators.py
[2024-05-14T01:54:03.795+0000] {processor.py:840} INFO - DAG(s) 'example_dynamic_task_mapping_with_no_taskflow_operators' retrieved from /home/airflow/.local/lib/python3.12/site-packages/airflow/example_dags/example_dynamic_task_mapping_with_no_taskflow_operators.py
[2024-05-14T01:54:03.808+0000] {logging_mixin.py:188} INFO - [2024-05-14T01:54:03.808+0000] {dag.py:3096} INFO - Sync 1 DAGs
[2024-05-14T01:54:03.842+0000] {logging_mixin.py:188} INFO - [2024-05-14T01:54:03.842+0000] {dag.py:3954} INFO - Setting next_dagrun for example_dynamic_task_mapping_with_no_taskflow_operators to 2024-05-13 00:00:00+00:00, run_after=2024-05-14 00:00:00+00:00
[2024-05-14T01:54:03.886+0000] {processor.py:183} INFO - Processing /home/airflow/.local/lib/python3.12/site-packages/airflow/example_dags/example_dynamic_task_mapping_with_no_taskflow_operators.py took 0.115 seconds
[2024-05-14T01:54:33.976+0000] {processor.py:161} INFO - Started process (PID=92) to work on /home/airflow/.local/lib/python3.12/site-packages/airflow/example_dags/example_dynamic_task_mapping_with_no_taskflow_operators.py
[2024-05-14T01:54:33.977+0000] {processor.py:830} INFO - Processing file /home/airflow/.local/lib/python3.12/site-packages/airflow/example_dags/example_dynamic_task_mapping_with_no_taskflow_operators.py for tasks to queue
[2024-05-14T01:54:33.978+0000] {logging_mixin.py:188} INFO - [2024-05-14T01:54:33.978+0000] {dagbag.py:545} INFO - Filling up the DagBag from /home/airflow/.local/lib/python3.12/site-packages/airflow/example_dags/example_dynamic_task_mapping_with_no_taskflow_operators.py
[2024-05-14T01:54:33.981+0000] {processor.py:840} INFO - DAG(s) 'example_dynamic_task_mapping_with_no_taskflow_operators' retrieved from /home/airflow/.local/lib/python3.12/site-packages/airflow/example_dags/example_dynamic_task_mapping_with_no_taskflow_operators.py
[2024-05-14T01:54:34.030+0000] {logging_mixin.py:188} INFO - [2024-05-14T01:54:34.029+0000] {dag.py:3096} INFO - Sync 1 DAGs
[2024-05-14T01:54:34.037+0000] {logging_mixin.py:188} INFO - [2024-05-14T01:54:34.037+0000] {dag.py:3954} INFO - Setting next_dagrun for example_dynamic_task_mapping_with_no_taskflow_operators to 2024-05-13 00:00:00+00:00, run_after=2024-05-14 00:00:00+00:00
[2024-05-14T01:54:34.046+0000] {processor.py:183} INFO - Processing /home/airflow/.local/lib/python3.12/site-packages/airflow/example_dags/example_dynamic_task_mapping_with_no_taskflow_operators.py took 0.072 seconds
[2024-05-14T01:55:04.787+0000] {processor.py:161} INFO - Started process (PID=151) to work on /home/airflow/.local/lib/python3.12/site-packages/airflow/example_dags/example_dynamic_task_mapping_with_no_taskflow_operators.py
[2024-05-14T01:55:04.788+0000] {processor.py:830} INFO - Processing file /home/airflow/.local/lib/python3.12/site-packages/airflow/example_dags/example_dynamic_task_mapping_with_no_taskflow_operators.py for tasks to queue
[2024-05-14T01:55:04.789+0000] {logging_mixin.py:188} INFO - [2024-05-14T01:55:04.789+0000] {dagbag.py:545} INFO - Filling up the DagBag from /home/airflow/.local/lib/python3.12/site-packages/airflow/example_dags/example_dynamic_task_mapping_with_no_taskflow_operators.py
[2024-05-14T01:55:04.792+0000] {processor.py:840} INFO - DAG(s) 'example_dynamic_task_mapping_with_no_taskflow_operators' retrieved from /home/airflow/.local/lib/python3.12/site-packages/airflow/example_dags/example_dynamic_task_mapping_with_no_taskflow_operators.py
[2024-05-14T01:55:04.802+0000] {logging_mixin.py:188} INFO - [2024-05-14T01:55:04.802+0000] {dag.py:3096} INFO - Sync 1 DAGs
[2024-05-14T01:55:04.813+0000] {logging_mixin.py:188} INFO - [2024-05-14T01:55:04.812+0000] {dag.py:3954} INFO - Setting next_dagrun for example_dynamic_task_mapping_with_no_taskflow_operators to 2024-05-13 00:00:00+00:00, run_after=2024-05-14 00:00:00+00:00
[2024-05-14T01:55:04.824+0000] {processor.py:183} INFO - Processing /home/airflow/.local/lib/python3.12/site-packages/airflow/example_dags/example_dynamic_task_mapping_with_no_taskflow_operators.py took 0.039 seconds
[2024-05-14T01:55:34.869+0000] {processor.py:161} INFO - Started process (PID=210) to work on /home/airflow/.local/lib/python3.12/site-packages/airflow/example_dags/example_dynamic_task_mapping_with_no_taskflow_operators.py
[2024-05-14T01:55:34.869+0000] {processor.py:830} INFO - Processing file /home/airflow/.local/lib/python3.12/site-packages/airflow/example_dags/example_dynamic_task_mapping_with_no_taskflow_operators.py for tasks to queue
[2024-05-14T01:55:34.870+0000] {logging_mixin.py:188} INFO - [2024-05-14T01:55:34.870+0000] {dagbag.py:545} INFO - Filling up the DagBag from /home/airflow/.local/lib/python3.12/site-packages/airflow/example_dags/example_dynamic_task_mapping_with_no_taskflow_operators.py
[2024-05-14T01:55:34.874+0000] {processor.py:840} INFO - DAG(s) 'example_dynamic_task_mapping_with_no_taskflow_operators' retrieved from /home/airflow/.local/lib/python3.12/site-packages/airflow/example_dags/example_dynamic_task_mapping_with_no_taskflow_operators.py
[2024-05-14T01:55:34.884+0000] {logging_mixin.py:188} INFO - [2024-05-14T01:55:34.884+0000] {dag.py:3096} INFO - Sync 1 DAGs
[2024-05-14T01:55:34.894+0000] {logging_mixin.py:188} INFO - [2024-05-14T01:55:34.894+0000] {dag.py:3954} INFO - Setting next_dagrun for example_dynamic_task_mapping_with_no_taskflow_operators to 2024-05-13 00:00:00+00:00, run_after=2024-05-14 00:00:00+00:00
[2024-05-14T01:55:34.902+0000] {processor.py:183} INFO - Processing /home/airflow/.local/lib/python3.12/site-packages/airflow/example_dags/example_dynamic_task_mapping_with_no_taskflow_operators.py took 0.037 seconds
[2024-05-14T01:56:05.096+0000] {processor.py:161} INFO - Started process (PID=269) to work on /home/airflow/.local/lib/python3.12/site-packages/airflow/example_dags/example_dynamic_task_mapping_with_no_taskflow_operators.py
[2024-05-14T01:56:05.096+0000] {processor.py:830} INFO - Processing file /home/airflow/.local/lib/python3.12/site-packages/airflow/example_dags/example_dynamic_task_mapping_with_no_taskflow_operators.py for tasks to queue
[2024-05-14T01:56:05.097+0000] {logging_mixin.py:188} INFO - [2024-05-14T01:56:05.097+0000] {dagbag.py:545} INFO - Filling up the DagBag from /home/airflow/.local/lib/python3.12/site-packages/airflow/example_dags/example_dynamic_task_mapping_with_no_taskflow_operators.py
[2024-05-14T01:56:05.103+0000] {processor.py:840} INFO - DAG(s) 'example_dynamic_task_mapping_with_no_taskflow_operators' retrieved from /home/airflow/.local/lib/python3.12/site-packages/airflow/example_dags/example_dynamic_task_mapping_with_no_taskflow_operators.py
[2024-05-14T01:56:05.123+0000] {logging_mixin.py:188} INFO - [2024-05-14T01:56:05.123+0000] {dag.py:3096} INFO - Sync 1 DAGs
[2024-05-14T01:56:05.144+0000] {logging_mixin.py:188} INFO - [2024-05-14T01:56:05.144+0000] {dag.py:3954} INFO - Setting next_dagrun for example_dynamic_task_mapping_with_no_taskflow_operators to 2024-05-13 00:00:00+00:00, run_after=2024-05-14 00:00:00+00:00
[2024-05-14T01:56:05.157+0000] {processor.py:183} INFO - Processing /home/airflow/.local/lib/python3.12/site-packages/airflow/example_dags/example_dynamic_task_mapping_with_no_taskflow_operators.py took 0.064 seconds
[2024-05-14T01:56:35.240+0000] {processor.py:161} INFO - Started process (PID=327) to work on /home/airflow/.local/lib/python3.12/site-packages/airflow/example_dags/example_dynamic_task_mapping_with_no_taskflow_operators.py
[2024-05-14T01:56:35.241+0000] {processor.py:830} INFO - Processing file /home/airflow/.local/lib/python3.12/site-packages/airflow/example_dags/example_dynamic_task_mapping_with_no_taskflow_operators.py for tasks to queue
[2024-05-14T01:56:35.242+0000] {logging_mixin.py:188} INFO - [2024-05-14T01:56:35.242+0000] {dagbag.py:545} INFO - Filling up the DagBag from /home/airflow/.local/lib/python3.12/site-packages/airflow/example_dags/example_dynamic_task_mapping_with_no_taskflow_operators.py
[2024-05-14T01:56:35.246+0000] {processor.py:840} INFO - DAG(s) 'example_dynamic_task_mapping_with_no_taskflow_operators' retrieved from /home/airflow/.local/lib/python3.12/site-packages/airflow/example_dags/example_dynamic_task_mapping_with_no_taskflow_operators.py
[2024-05-14T01:56:35.256+0000] {logging_mixin.py:188} INFO - [2024-05-14T01:56:35.255+0000] {dag.py:3096} INFO - Sync 1 DAGs
[2024-05-14T01:56:35.267+0000] {logging_mixin.py:188} INFO - [2024-05-14T01:56:35.267+0000] {dag.py:3954} INFO - Setting next_dagrun for example_dynamic_task_mapping_with_no_taskflow_operators to 2024-05-13 00:00:00+00:00, run_after=2024-05-14 00:00:00+00:00
[2024-05-14T01:56:35.275+0000] {processor.py:183} INFO - Processing /home/airflow/.local/lib/python3.12/site-packages/airflow/example_dags/example_dynamic_task_mapping_with_no_taskflow_operators.py took 0.038 seconds
[2024-05-14T01:57:05.362+0000] {processor.py:161} INFO - Started process (PID=386) to work on /home/airflow/.local/lib/python3.12/site-packages/airflow/example_dags/example_dynamic_task_mapping_with_no_taskflow_operators.py
[2024-05-14T01:57:05.366+0000] {processor.py:830} INFO - Processing file /home/airflow/.local/lib/python3.12/site-packages/airflow/example_dags/example_dynamic_task_mapping_with_no_taskflow_operators.py for tasks to queue
[2024-05-14T01:57:05.367+0000] {logging_mixin.py:188} INFO - [2024-05-14T01:57:05.367+0000] {dagbag.py:545} INFO - Filling up the DagBag from /home/airflow/.local/lib/python3.12/site-packages/airflow/example_dags/example_dynamic_task_mapping_with_no_taskflow_operators.py
[2024-05-14T01:57:05.370+0000] {processor.py:840} INFO - DAG(s) 'example_dynamic_task_mapping_with_no_taskflow_operators' retrieved from /home/airflow/.local/lib/python3.12/site-packages/airflow/example_dags/example_dynamic_task_mapping_with_no_taskflow_operators.py
[2024-05-14T01:57:05.380+0000] {logging_mixin.py:188} INFO - [2024-05-14T01:57:05.380+0000] {dag.py:3096} INFO - Sync 1 DAGs
[2024-05-14T01:57:05.391+0000] {logging_mixin.py:188} INFO - [2024-05-14T01:57:05.390+0000] {dag.py:3954} INFO - Setting next_dagrun for example_dynamic_task_mapping_with_no_taskflow_operators to 2024-05-13 00:00:00+00:00, run_after=2024-05-14 00:00:00+00:00
[2024-05-14T01:57:05.399+0000] {processor.py:183} INFO - Processing /home/airflow/.local/lib/python3.12/site-packages/airflow/example_dags/example_dynamic_task_mapping_with_no_taskflow_operators.py took 0.039 seconds
[2024-05-14T01:57:36.120+0000] {processor.py:161} INFO - Started process (PID=445) to work on /home/airflow/.local/lib/python3.12/site-packages/airflow/example_dags/example_dynamic_task_mapping_with_no_taskflow_operators.py
[2024-05-14T01:57:36.121+0000] {processor.py:830} INFO - Processing file /home/airflow/.local/lib/python3.12/site-packages/airflow/example_dags/example_dynamic_task_mapping_with_no_taskflow_operators.py for tasks to queue
[2024-05-14T01:57:36.122+0000] {logging_mixin.py:188} INFO - [2024-05-14T01:57:36.121+0000] {dagbag.py:545} INFO - Filling up the DagBag from /home/airflow/.local/lib/python3.12/site-packages/airflow/example_dags/example_dynamic_task_mapping_with_no_taskflow_operators.py
[2024-05-14T01:57:36.125+0000] {processor.py:840} INFO - DAG(s) 'example_dynamic_task_mapping_with_no_taskflow_operators' retrieved from /home/airflow/.local/lib/python3.12/site-packages/airflow/example_dags/example_dynamic_task_mapping_with_no_taskflow_operators.py
[2024-05-14T01:57:36.135+0000] {logging_mixin.py:188} INFO - [2024-05-14T01:57:36.135+0000] {dag.py:3096} INFO - Sync 1 DAGs
[2024-05-14T01:57:36.145+0000] {logging_mixin.py:188} INFO - [2024-05-14T01:57:36.145+0000] {dag.py:3954} INFO - Setting next_dagrun for example_dynamic_task_mapping_with_no_taskflow_operators to 2024-05-13 00:00:00+00:00, run_after=2024-05-14 00:00:00+00:00
[2024-05-14T01:57:36.155+0000] {processor.py:183} INFO - Processing /home/airflow/.local/lib/python3.12/site-packages/airflow/example_dags/example_dynamic_task_mapping_with_no_taskflow_operators.py took 0.039 seconds
[2024-05-14T01:58:06.859+0000] {processor.py:161} INFO - Started process (PID=504) to work on /home/airflow/.local/lib/python3.12/site-packages/airflow/example_dags/example_dynamic_task_mapping_with_no_taskflow_operators.py
[2024-05-14T01:58:06.860+0000] {processor.py:830} INFO - Processing file /home/airflow/.local/lib/python3.12/site-packages/airflow/example_dags/example_dynamic_task_mapping_with_no_taskflow_operators.py for tasks to queue
[2024-05-14T01:58:06.861+0000] {logging_mixin.py:188} INFO - [2024-05-14T01:58:06.860+0000] {dagbag.py:545} INFO - Filling up the DagBag from /home/airflow/.local/lib/python3.12/site-packages/airflow/example_dags/example_dynamic_task_mapping_with_no_taskflow_operators.py
[2024-05-14T01:58:06.864+0000] {processor.py:840} INFO - DAG(s) 'example_dynamic_task_mapping_with_no_taskflow_operators' retrieved from /home/airflow/.local/lib/python3.12/site-packages/airflow/example_dags/example_dynamic_task_mapping_with_no_taskflow_operators.py
[2024-05-14T01:58:06.873+0000] {logging_mixin.py:188} INFO - [2024-05-14T01:58:06.873+0000] {dag.py:3096} INFO - Sync 1 DAGs
[2024-05-14T01:58:06.883+0000] {logging_mixin.py:188} INFO - [2024-05-14T01:58:06.883+0000] {dag.py:3954} INFO - Setting next_dagrun for example_dynamic_task_mapping_with_no_taskflow_operators to 2024-05-13 00:00:00+00:00, run_after=2024-05-14 00:00:00+00:00
[2024-05-14T01:58:06.891+0000] {processor.py:183} INFO - Processing /home/airflow/.local/lib/python3.12/site-packages/airflow/example_dags/example_dynamic_task_mapping_with_no_taskflow_operators.py took 0.035 seconds
[2024-05-14T01:58:37.609+0000] {processor.py:161} INFO - Started process (PID=562) to work on /home/airflow/.local/lib/python3.12/site-packages/airflow/example_dags/example_dynamic_task_mapping_with_no_taskflow_operators.py
[2024-05-14T01:58:37.609+0000] {processor.py:830} INFO - Processing file /home/airflow/.local/lib/python3.12/site-packages/airflow/example_dags/example_dynamic_task_mapping_with_no_taskflow_operators.py for tasks to queue
[2024-05-14T01:58:37.610+0000] {logging_mixin.py:188} INFO - [2024-05-14T01:58:37.610+0000] {dagbag.py:545} INFO - Filling up the DagBag from /home/airflow/.local/lib/python3.12/site-packages/airflow/example_dags/example_dynamic_task_mapping_with_no_taskflow_operators.py
[2024-05-14T01:58:37.614+0000] {processor.py:840} INFO - DAG(s) 'example_dynamic_task_mapping_with_no_taskflow_operators' retrieved from /home/airflow/.local/lib/python3.12/site-packages/airflow/example_dags/example_dynamic_task_mapping_with_no_taskflow_operators.py
[2024-05-14T01:58:37.624+0000] {logging_mixin.py:188} INFO - [2024-05-14T01:58:37.624+0000] {dag.py:3096} INFO - Sync 1 DAGs
[2024-05-14T01:58:37.634+0000] {logging_mixin.py:188} INFO - [2024-05-14T01:58:37.634+0000] {dag.py:3954} INFO - Setting next_dagrun for example_dynamic_task_mapping_with_no_taskflow_operators to 2024-05-13 00:00:00+00:00, run_after=2024-05-14 00:00:00+00:00
[2024-05-14T01:58:37.642+0000] {processor.py:183} INFO - Processing /home/airflow/.local/lib/python3.12/site-packages/airflow/example_dags/example_dynamic_task_mapping_with_no_taskflow_operators.py took 0.037 seconds
[2024-05-14T01:59:08.422+0000] {processor.py:161} INFO - Started process (PID=621) to work on /home/airflow/.local/lib/python3.12/site-packages/airflow/example_dags/example_dynamic_task_mapping_with_no_taskflow_operators.py
[2024-05-14T01:59:08.422+0000] {processor.py:830} INFO - Processing file /home/airflow/.local/lib/python3.12/site-packages/airflow/example_dags/example_dynamic_task_mapping_with_no_taskflow_operators.py for tasks to queue
[2024-05-14T01:59:08.423+0000] {logging_mixin.py:188} INFO - [2024-05-14T01:59:08.423+0000] {dagbag.py:545} INFO - Filling up the DagBag from /home/airflow/.local/lib/python3.12/site-packages/airflow/example_dags/example_dynamic_task_mapping_with_no_taskflow_operators.py
[2024-05-14T01:59:08.427+0000] {processor.py:840} INFO - DAG(s) 'example_dynamic_task_mapping_with_no_taskflow_operators' retrieved from /home/airflow/.local/lib/python3.12/site-packages/airflow/example_dags/example_dynamic_task_mapping_with_no_taskflow_operators.py
[2024-05-14T01:59:08.437+0000] {logging_mixin.py:188} INFO - [2024-05-14T01:59:08.437+0000] {dag.py:3096} INFO - Sync 1 DAGs
[2024-05-14T01:59:08.447+0000] {logging_mixin.py:188} INFO - [2024-05-14T01:59:08.447+0000] {dag.py:3954} INFO - Setting next_dagrun for example_dynamic_task_mapping_with_no_taskflow_operators to 2024-05-13 00:00:00+00:00, run_after=2024-05-14 00:00:00+00:00
[2024-05-14T01:59:08.455+0000] {processor.py:183} INFO - Processing /home/airflow/.local/lib/python3.12/site-packages/airflow/example_dags/example_dynamic_task_mapping_with_no_taskflow_operators.py took 0.038 seconds
[2024-05-14T01:59:39.207+0000] {processor.py:161} INFO - Started process (PID=680) to work on /home/airflow/.local/lib/python3.12/site-packages/airflow/example_dags/example_dynamic_task_mapping_with_no_taskflow_operators.py
[2024-05-14T01:59:39.208+0000] {processor.py:830} INFO - Processing file /home/airflow/.local/lib/python3.12/site-packages/airflow/example_dags/example_dynamic_task_mapping_with_no_taskflow_operators.py for tasks to queue
[2024-05-14T01:59:39.209+0000] {logging_mixin.py:188} INFO - [2024-05-14T01:59:39.209+0000] {dagbag.py:545} INFO - Filling up the DagBag from /home/airflow/.local/lib/python3.12/site-packages/airflow/example_dags/example_dynamic_task_mapping_with_no_taskflow_operators.py
[2024-05-14T01:59:39.214+0000] {processor.py:840} INFO - DAG(s) 'example_dynamic_task_mapping_with_no_taskflow_operators' retrieved from /home/airflow/.local/lib/python3.12/site-packages/airflow/example_dags/example_dynamic_task_mapping_with_no_taskflow_operators.py
[2024-05-14T01:59:39.224+0000] {logging_mixin.py:188} INFO - [2024-05-14T01:59:39.223+0000] {dag.py:3096} INFO - Sync 1 DAGs
[2024-05-14T01:59:39.236+0000] {logging_mixin.py:188} INFO - [2024-05-14T01:59:39.236+0000] {dag.py:3954} INFO - Setting next_dagrun for example_dynamic_task_mapping_with_no_taskflow_operators to 2024-05-13 00:00:00+00:00, run_after=2024-05-14 00:00:00+00:00
[2024-05-14T01:59:39.244+0000] {processor.py:183} INFO - Processing /home/airflow/.local/lib/python3.12/site-packages/airflow/example_dags/example_dynamic_task_mapping_with_no_taskflow_operators.py took 0.040 seconds
[2024-05-14T02:00:10.007+0000] {processor.py:161} INFO - Started process (PID=739) to work on /home/airflow/.local/lib/python3.12/site-packages/airflow/example_dags/example_dynamic_task_mapping_with_no_taskflow_operators.py
[2024-05-14T02:00:10.008+0000] {processor.py:830} INFO - Processing file /home/airflow/.local/lib/python3.12/site-packages/airflow/example_dags/example_dynamic_task_mapping_with_no_taskflow_operators.py for tasks to queue
[2024-05-14T02:00:10.009+0000] {logging_mixin.py:188} INFO - [2024-05-14T02:00:10.008+0000] {dagbag.py:545} INFO - Filling up the DagBag from /home/airflow/.local/lib/python3.12/site-packages/airflow/example_dags/example_dynamic_task_mapping_with_no_taskflow_operators.py
[2024-05-14T02:00:10.012+0000] {processor.py:840} INFO - DAG(s) 'example_dynamic_task_mapping_with_no_taskflow_operators' retrieved from /home/airflow/.local/lib/python3.12/site-packages/airflow/example_dags/example_dynamic_task_mapping_with_no_taskflow_operators.py
[2024-05-14T02:00:10.022+0000] {logging_mixin.py:188} INFO - [2024-05-14T02:00:10.022+0000] {dag.py:3096} INFO - Sync 1 DAGs
[2024-05-14T02:00:10.033+0000] {logging_mixin.py:188} INFO - [2024-05-14T02:00:10.033+0000] {dag.py:3954} INFO - Setting next_dagrun for example_dynamic_task_mapping_with_no_taskflow_operators to 2024-05-13 00:00:00+00:00, run_after=2024-05-14 00:00:00+00:00
[2024-05-14T02:00:10.041+0000] {processor.py:183} INFO - Processing /home/airflow/.local/lib/python3.12/site-packages/airflow/example_dags/example_dynamic_task_mapping_with_no_taskflow_operators.py took 0.037 seconds
[2024-05-14T02:00:40.783+0000] {processor.py:161} INFO - Started process (PID=798) to work on /home/airflow/.local/lib/python3.12/site-packages/airflow/example_dags/example_dynamic_task_mapping_with_no_taskflow_operators.py
[2024-05-14T02:00:40.783+0000] {processor.py:830} INFO - Processing file /home/airflow/.local/lib/python3.12/site-packages/airflow/example_dags/example_dynamic_task_mapping_with_no_taskflow_operators.py for tasks to queue
[2024-05-14T02:00:40.784+0000] {logging_mixin.py:188} INFO - [2024-05-14T02:00:40.784+0000] {dagbag.py:545} INFO - Filling up the DagBag from /home/airflow/.local/lib/python3.12/site-packages/airflow/example_dags/example_dynamic_task_mapping_with_no_taskflow_operators.py
[2024-05-14T02:00:40.789+0000] {processor.py:840} INFO - DAG(s) 'example_dynamic_task_mapping_with_no_taskflow_operators' retrieved from /home/airflow/.local/lib/python3.12/site-packages/airflow/example_dags/example_dynamic_task_mapping_with_no_taskflow_operators.py
[2024-05-14T02:00:40.800+0000] {logging_mixin.py:188} INFO - [2024-05-14T02:00:40.800+0000] {dag.py:3096} INFO - Sync 1 DAGs
[2024-05-14T02:00:40.812+0000] {logging_mixin.py:188} INFO - [2024-05-14T02:00:40.812+0000] {dag.py:3954} INFO - Setting next_dagrun for example_dynamic_task_mapping_with_no_taskflow_operators to 2024-05-13 00:00:00+00:00, run_after=2024-05-14 00:00:00+00:00
[2024-05-14T02:00:40.820+0000] {processor.py:183} INFO - Processing /home/airflow/.local/lib/python3.12/site-packages/airflow/example_dags/example_dynamic_task_mapping_with_no_taskflow_operators.py took 0.040 seconds
[2024-05-14T02:01:10.991+0000] {processor.py:161} INFO - Started process (PID=857) to work on /home/airflow/.local/lib/python3.12/site-packages/airflow/example_dags/example_dynamic_task_mapping_with_no_taskflow_operators.py
[2024-05-14T02:01:10.994+0000] {processor.py:830} INFO - Processing file /home/airflow/.local/lib/python3.12/site-packages/airflow/example_dags/example_dynamic_task_mapping_with_no_taskflow_operators.py for tasks to queue
[2024-05-14T02:01:10.996+0000] {logging_mixin.py:188} INFO - [2024-05-14T02:01:10.995+0000] {dagbag.py:545} INFO - Filling up the DagBag from /home/airflow/.local/lib/python3.12/site-packages/airflow/example_dags/example_dynamic_task_mapping_with_no_taskflow_operators.py
[2024-05-14T02:01:11.000+0000] {processor.py:840} INFO - DAG(s) 'example_dynamic_task_mapping_with_no_taskflow_operators' retrieved from /home/airflow/.local/lib/python3.12/site-packages/airflow/example_dags/example_dynamic_task_mapping_with_no_taskflow_operators.py
[2024-05-14T02:01:11.012+0000] {logging_mixin.py:188} INFO - [2024-05-14T02:01:11.012+0000] {dag.py:3096} INFO - Sync 1 DAGs
[2024-05-14T02:01:11.025+0000] {logging_mixin.py:188} INFO - [2024-05-14T02:01:11.025+0000] {dag.py:3954} INFO - Setting next_dagrun for example_dynamic_task_mapping_with_no_taskflow_operators to 2024-05-13 00:00:00+00:00, run_after=2024-05-14 00:00:00+00:00
[2024-05-14T02:01:11.035+0000] {processor.py:183} INFO - Processing /home/airflow/.local/lib/python3.12/site-packages/airflow/example_dags/example_dynamic_task_mapping_with_no_taskflow_operators.py took 0.048 seconds
[2024-05-14T02:01:41.125+0000] {processor.py:161} INFO - Started process (PID=916) to work on /home/airflow/.local/lib/python3.12/site-packages/airflow/example_dags/example_dynamic_task_mapping_with_no_taskflow_operators.py
[2024-05-14T02:01:41.126+0000] {processor.py:830} INFO - Processing file /home/airflow/.local/lib/python3.12/site-packages/airflow/example_dags/example_dynamic_task_mapping_with_no_taskflow_operators.py for tasks to queue
[2024-05-14T02:01:41.127+0000] {logging_mixin.py:188} INFO - [2024-05-14T02:01:41.127+0000] {dagbag.py:545} INFO - Filling up the DagBag from /home/airflow/.local/lib/python3.12/site-packages/airflow/example_dags/example_dynamic_task_mapping_with_no_taskflow_operators.py
[2024-05-14T02:01:41.130+0000] {processor.py:840} INFO - DAG(s) 'example_dynamic_task_mapping_with_no_taskflow_operators' retrieved from /home/airflow/.local/lib/python3.12/site-packages/airflow/example_dags/example_dynamic_task_mapping_with_no_taskflow_operators.py
[2024-05-14T02:01:41.140+0000] {logging_mixin.py:188} INFO - [2024-05-14T02:01:41.140+0000] {dag.py:3096} INFO - Sync 1 DAGs
[2024-05-14T02:01:41.149+0000] {logging_mixin.py:188} INFO - [2024-05-14T02:01:41.149+0000] {dag.py:3954} INFO - Setting next_dagrun for example_dynamic_task_mapping_with_no_taskflow_operators to 2024-05-13 00:00:00+00:00, run_after=2024-05-14 00:00:00+00:00
[2024-05-14T02:01:41.156+0000] {processor.py:183} INFO - Processing /home/airflow/.local/lib/python3.12/site-packages/airflow/example_dags/example_dynamic_task_mapping_with_no_taskflow_operators.py took 0.034 seconds
[2024-05-14T02:02:11.339+0000] {processor.py:161} INFO - Started process (PID=975) to work on /home/airflow/.local/lib/python3.12/site-packages/airflow/example_dags/example_dynamic_task_mapping_with_no_taskflow_operators.py
[2024-05-14T02:02:11.339+0000] {processor.py:830} INFO - Processing file /home/airflow/.local/lib/python3.12/site-packages/airflow/example_dags/example_dynamic_task_mapping_with_no_taskflow_operators.py for tasks to queue
[2024-05-14T02:02:11.340+0000] {logging_mixin.py:188} INFO - [2024-05-14T02:02:11.340+0000] {dagbag.py:545} INFO - Filling up the DagBag from /home/airflow/.local/lib/python3.12/site-packages/airflow/example_dags/example_dynamic_task_mapping_with_no_taskflow_operators.py
[2024-05-14T02:02:11.344+0000] {processor.py:840} INFO - DAG(s) 'example_dynamic_task_mapping_with_no_taskflow_operators' retrieved from /home/airflow/.local/lib/python3.12/site-packages/airflow/example_dags/example_dynamic_task_mapping_with_no_taskflow_operators.py
[2024-05-14T02:02:11.354+0000] {logging_mixin.py:188} INFO - [2024-05-14T02:02:11.354+0000] {dag.py:3096} INFO - Sync 1 DAGs
[2024-05-14T02:02:11.364+0000] {logging_mixin.py:188} INFO - [2024-05-14T02:02:11.364+0000] {dag.py:3954} INFO - Setting next_dagrun for example_dynamic_task_mapping_with_no_taskflow_operators to 2024-05-13 00:00:00+00:00, run_after=2024-05-14 00:00:00+00:00
[2024-05-14T02:02:11.373+0000] {processor.py:183} INFO - Processing /home/airflow/.local/lib/python3.12/site-packages/airflow/example_dags/example_dynamic_task_mapping_with_no_taskflow_operators.py took 0.037 seconds
[2024-05-14T02:02:41.532+0000] {processor.py:161} INFO - Started process (PID=1034) to work on /home/airflow/.local/lib/python3.12/site-packages/airflow/example_dags/example_dynamic_task_mapping_with_no_taskflow_operators.py
[2024-05-14T02:02:41.533+0000] {processor.py:830} INFO - Processing file /home/airflow/.local/lib/python3.12/site-packages/airflow/example_dags/example_dynamic_task_mapping_with_no_taskflow_operators.py for tasks to queue
[2024-05-14T02:02:41.535+0000] {logging_mixin.py:188} INFO - [2024-05-14T02:02:41.534+0000] {dagbag.py:545} INFO - Filling up the DagBag from /home/airflow/.local/lib/python3.12/site-packages/airflow/example_dags/example_dynamic_task_mapping_with_no_taskflow_operators.py
[2024-05-14T02:02:41.539+0000] {processor.py:840} INFO - DAG(s) 'example_dynamic_task_mapping_with_no_taskflow_operators' retrieved from /home/airflow/.local/lib/python3.12/site-packages/airflow/example_dags/example_dynamic_task_mapping_with_no_taskflow_operators.py
[2024-05-14T02:02:41.550+0000] {logging_mixin.py:188} INFO - [2024-05-14T02:02:41.550+0000] {dag.py:3096} INFO - Sync 1 DAGs
[2024-05-14T02:02:41.563+0000] {logging_mixin.py:188} INFO - [2024-05-14T02:02:41.562+0000] {dag.py:3954} INFO - Setting next_dagrun for example_dynamic_task_mapping_with_no_taskflow_operators to 2024-05-13 00:00:00+00:00, run_after=2024-05-14 00:00:00+00:00
[2024-05-14T02:02:41.571+0000] {processor.py:183} INFO - Processing /home/airflow/.local/lib/python3.12/site-packages/airflow/example_dags/example_dynamic_task_mapping_with_no_taskflow_operators.py took 0.042 seconds
[2024-05-14T02:03:11.645+0000] {processor.py:161} INFO - Started process (PID=1093) to work on /home/airflow/.local/lib/python3.12/site-packages/airflow/example_dags/example_dynamic_task_mapping_with_no_taskflow_operators.py
[2024-05-14T02:03:11.646+0000] {processor.py:830} INFO - Processing file /home/airflow/.local/lib/python3.12/site-packages/airflow/example_dags/example_dynamic_task_mapping_with_no_taskflow_operators.py for tasks to queue
[2024-05-14T02:03:11.647+0000] {logging_mixin.py:188} INFO - [2024-05-14T02:03:11.647+0000] {dagbag.py:545} INFO - Filling up the DagBag from /home/airflow/.local/lib/python3.12/site-packages/airflow/example_dags/example_dynamic_task_mapping_with_no_taskflow_operators.py
[2024-05-14T02:03:11.651+0000] {processor.py:840} INFO - DAG(s) 'example_dynamic_task_mapping_with_no_taskflow_operators' retrieved from /home/airflow/.local/lib/python3.12/site-packages/airflow/example_dags/example_dynamic_task_mapping_with_no_taskflow_operators.py
[2024-05-14T02:03:11.661+0000] {logging_mixin.py:188} INFO - [2024-05-14T02:03:11.661+0000] {dag.py:3096} INFO - Sync 1 DAGs
[2024-05-14T02:03:11.672+0000] {logging_mixin.py:188} INFO - [2024-05-14T02:03:11.671+0000] {dag.py:3954} INFO - Setting next_dagrun for example_dynamic_task_mapping_with_no_taskflow_operators to 2024-05-13 00:00:00+00:00, run_after=2024-05-14 00:00:00+00:00
[2024-05-14T02:03:11.680+0000] {processor.py:183} INFO - Processing /home/airflow/.local/lib/python3.12/site-packages/airflow/example_dags/example_dynamic_task_mapping_with_no_taskflow_operators.py took 0.039 seconds
[2024-05-14T02:03:42.445+0000] {processor.py:161} INFO - Started process (PID=1152) to work on /home/airflow/.local/lib/python3.12/site-packages/airflow/example_dags/example_dynamic_task_mapping_with_no_taskflow_operators.py
[2024-05-14T02:03:42.446+0000] {processor.py:830} INFO - Processing file /home/airflow/.local/lib/python3.12/site-packages/airflow/example_dags/example_dynamic_task_mapping_with_no_taskflow_operators.py for tasks to queue
[2024-05-14T02:03:42.451+0000] {logging_mixin.py:188} INFO - [2024-05-14T02:03:42.451+0000] {dagbag.py:545} INFO - Filling up the DagBag from /home/airflow/.local/lib/python3.12/site-packages/airflow/example_dags/example_dynamic_task_mapping_with_no_taskflow_operators.py
[2024-05-14T02:03:42.455+0000] {processor.py:840} INFO - DAG(s) 'example_dynamic_task_mapping_with_no_taskflow_operators' retrieved from /home/airflow/.local/lib/python3.12/site-packages/airflow/example_dags/example_dynamic_task_mapping_with_no_taskflow_operators.py
[2024-05-14T02:03:42.465+0000] {logging_mixin.py:188} INFO - [2024-05-14T02:03:42.465+0000] {dag.py:3096} INFO - Sync 1 DAGs
[2024-05-14T02:03:42.476+0000] {logging_mixin.py:188} INFO - [2024-05-14T02:03:42.475+0000] {dag.py:3954} INFO - Setting next_dagrun for example_dynamic_task_mapping_with_no_taskflow_operators to 2024-05-13 00:00:00+00:00, run_after=2024-05-14 00:00:00+00:00
[2024-05-14T02:03:42.484+0000] {processor.py:183} INFO - Processing /home/airflow/.local/lib/python3.12/site-packages/airflow/example_dags/example_dynamic_task_mapping_with_no_taskflow_operators.py took 0.042 seconds
[2024-05-14T02:04:12.527+0000] {processor.py:161} INFO - Started process (PID=1210) to work on /home/airflow/.local/lib/python3.12/site-packages/airflow/example_dags/example_dynamic_task_mapping_with_no_taskflow_operators.py
[2024-05-14T02:04:12.528+0000] {processor.py:830} INFO - Processing file /home/airflow/.local/lib/python3.12/site-packages/airflow/example_dags/example_dynamic_task_mapping_with_no_taskflow_operators.py for tasks to queue
[2024-05-14T02:04:12.529+0000] {logging_mixin.py:188} INFO - [2024-05-14T02:04:12.529+0000] {dagbag.py:545} INFO - Filling up the DagBag from /home/airflow/.local/lib/python3.12/site-packages/airflow/example_dags/example_dynamic_task_mapping_with_no_taskflow_operators.py
[2024-05-14T02:04:12.533+0000] {processor.py:840} INFO - DAG(s) 'example_dynamic_task_mapping_with_no_taskflow_operators' retrieved from /home/airflow/.local/lib/python3.12/site-packages/airflow/example_dags/example_dynamic_task_mapping_with_no_taskflow_operators.py
[2024-05-14T02:04:12.542+0000] {logging_mixin.py:188} INFO - [2024-05-14T02:04:12.542+0000] {dag.py:3096} INFO - Sync 1 DAGs
[2024-05-14T02:04:12.552+0000] {logging_mixin.py:188} INFO - [2024-05-14T02:04:12.552+0000] {dag.py:3954} INFO - Setting next_dagrun for example_dynamic_task_mapping_with_no_taskflow_operators to 2024-05-13 00:00:00+00:00, run_after=2024-05-14 00:00:00+00:00
[2024-05-14T02:04:12.560+0000] {processor.py:183} INFO - Processing /home/airflow/.local/lib/python3.12/site-packages/airflow/example_dags/example_dynamic_task_mapping_with_no_taskflow_operators.py took 0.036 seconds
[2024-05-14T02:04:42.633+0000] {processor.py:161} INFO - Started process (PID=1269) to work on /home/airflow/.local/lib/python3.12/site-packages/airflow/example_dags/example_dynamic_task_mapping_with_no_taskflow_operators.py
[2024-05-14T02:04:42.634+0000] {processor.py:830} INFO - Processing file /home/airflow/.local/lib/python3.12/site-packages/airflow/example_dags/example_dynamic_task_mapping_with_no_taskflow_operators.py for tasks to queue
[2024-05-14T02:04:42.635+0000] {logging_mixin.py:188} INFO - [2024-05-14T02:04:42.635+0000] {dagbag.py:545} INFO - Filling up the DagBag from /home/airflow/.local/lib/python3.12/site-packages/airflow/example_dags/example_dynamic_task_mapping_with_no_taskflow_operators.py
[2024-05-14T02:04:42.639+0000] {processor.py:840} INFO - DAG(s) 'example_dynamic_task_mapping_with_no_taskflow_operators' retrieved from /home/airflow/.local/lib/python3.12/site-packages/airflow/example_dags/example_dynamic_task_mapping_with_no_taskflow_operators.py
[2024-05-14T02:04:42.649+0000] {logging_mixin.py:188} INFO - [2024-05-14T02:04:42.649+0000] {dag.py:3096} INFO - Sync 1 DAGs
[2024-05-14T02:04:42.661+0000] {logging_mixin.py:188} INFO - [2024-05-14T02:04:42.661+0000] {dag.py:3954} INFO - Setting next_dagrun for example_dynamic_task_mapping_with_no_taskflow_operators to 2024-05-13 00:00:00+00:00, run_after=2024-05-14 00:00:00+00:00
[2024-05-14T02:04:42.672+0000] {processor.py:183} INFO - Processing /home/airflow/.local/lib/python3.12/site-packages/airflow/example_dags/example_dynamic_task_mapping_with_no_taskflow_operators.py took 0.043 seconds
[2024-05-14T02:05:12.843+0000] {processor.py:161} INFO - Started process (PID=1328) to work on /home/airflow/.local/lib/python3.12/site-packages/airflow/example_dags/example_dynamic_task_mapping_with_no_taskflow_operators.py
[2024-05-14T02:05:12.843+0000] {processor.py:830} INFO - Processing file /home/airflow/.local/lib/python3.12/site-packages/airflow/example_dags/example_dynamic_task_mapping_with_no_taskflow_operators.py for tasks to queue
[2024-05-14T02:05:12.845+0000] {logging_mixin.py:188} INFO - [2024-05-14T02:05:12.845+0000] {dagbag.py:545} INFO - Filling up the DagBag from /home/airflow/.local/lib/python3.12/site-packages/airflow/example_dags/example_dynamic_task_mapping_with_no_taskflow_operators.py
[2024-05-14T02:05:12.850+0000] {processor.py:840} INFO - DAG(s) 'example_dynamic_task_mapping_with_no_taskflow_operators' retrieved from /home/airflow/.local/lib/python3.12/site-packages/airflow/example_dags/example_dynamic_task_mapping_with_no_taskflow_operators.py
[2024-05-14T02:05:12.865+0000] {logging_mixin.py:188} INFO - [2024-05-14T02:05:12.865+0000] {dag.py:3096} INFO - Sync 1 DAGs
[2024-05-14T02:05:12.879+0000] {logging_mixin.py:188} INFO - [2024-05-14T02:05:12.879+0000] {dag.py:3954} INFO - Setting next_dagrun for example_dynamic_task_mapping_with_no_taskflow_operators to 2024-05-13 00:00:00+00:00, run_after=2024-05-14 00:00:00+00:00
[2024-05-14T02:05:12.888+0000] {processor.py:183} INFO - Processing /home/airflow/.local/lib/python3.12/site-packages/airflow/example_dags/example_dynamic_task_mapping_with_no_taskflow_operators.py took 0.049 seconds
[2024-05-14T02:05:43.615+0000] {processor.py:161} INFO - Started process (PID=1387) to work on /home/airflow/.local/lib/python3.12/site-packages/airflow/example_dags/example_dynamic_task_mapping_with_no_taskflow_operators.py
[2024-05-14T02:05:43.616+0000] {processor.py:830} INFO - Processing file /home/airflow/.local/lib/python3.12/site-packages/airflow/example_dags/example_dynamic_task_mapping_with_no_taskflow_operators.py for tasks to queue
[2024-05-14T02:05:43.617+0000] {logging_mixin.py:188} INFO - [2024-05-14T02:05:43.617+0000] {dagbag.py:545} INFO - Filling up the DagBag from /home/airflow/.local/lib/python3.12/site-packages/airflow/example_dags/example_dynamic_task_mapping_with_no_taskflow_operators.py
[2024-05-14T02:05:43.621+0000] {processor.py:840} INFO - DAG(s) 'example_dynamic_task_mapping_with_no_taskflow_operators' retrieved from /home/airflow/.local/lib/python3.12/site-packages/airflow/example_dags/example_dynamic_task_mapping_with_no_taskflow_operators.py
[2024-05-14T02:05:43.630+0000] {logging_mixin.py:188} INFO - [2024-05-14T02:05:43.630+0000] {dag.py:3096} INFO - Sync 1 DAGs
[2024-05-14T02:05:43.641+0000] {logging_mixin.py:188} INFO - [2024-05-14T02:05:43.640+0000] {dag.py:3954} INFO - Setting next_dagrun for example_dynamic_task_mapping_with_no_taskflow_operators to 2024-05-13 00:00:00+00:00, run_after=2024-05-14 00:00:00+00:00
[2024-05-14T02:05:43.648+0000] {processor.py:183} INFO - Processing /home/airflow/.local/lib/python3.12/site-packages/airflow/example_dags/example_dynamic_task_mapping_with_no_taskflow_operators.py took 0.036 seconds
[2024-05-14T02:06:13.770+0000] {processor.py:161} INFO - Started process (PID=1446) to work on /home/airflow/.local/lib/python3.12/site-packages/airflow/example_dags/example_dynamic_task_mapping_with_no_taskflow_operators.py
[2024-05-14T02:06:13.771+0000] {processor.py:830} INFO - Processing file /home/airflow/.local/lib/python3.12/site-packages/airflow/example_dags/example_dynamic_task_mapping_with_no_taskflow_operators.py for tasks to queue
[2024-05-14T02:06:13.772+0000] {logging_mixin.py:188} INFO - [2024-05-14T02:06:13.772+0000] {dagbag.py:545} INFO - Filling up the DagBag from /home/airflow/.local/lib/python3.12/site-packages/airflow/example_dags/example_dynamic_task_mapping_with_no_taskflow_operators.py
[2024-05-14T02:06:13.776+0000] {processor.py:840} INFO - DAG(s) 'example_dynamic_task_mapping_with_no_taskflow_operators' retrieved from /home/airflow/.local/lib/python3.12/site-packages/airflow/example_dags/example_dynamic_task_mapping_with_no_taskflow_operators.py
[2024-05-14T02:06:13.785+0000] {logging_mixin.py:188} INFO - [2024-05-14T02:06:13.785+0000] {dag.py:3096} INFO - Sync 1 DAGs
[2024-05-14T02:06:13.796+0000] {logging_mixin.py:188} INFO - [2024-05-14T02:06:13.796+0000] {dag.py:3954} INFO - Setting next_dagrun for example_dynamic_task_mapping_with_no_taskflow_operators to 2024-05-13 00:00:00+00:00, run_after=2024-05-14 00:00:00+00:00
[2024-05-14T02:06:13.804+0000] {processor.py:183} INFO - Processing /home/airflow/.local/lib/python3.12/site-packages/airflow/example_dags/example_dynamic_task_mapping_with_no_taskflow_operators.py took 0.037 seconds
[2024-05-14T02:06:43.860+0000] {processor.py:161} INFO - Started process (PID=1505) to work on /home/airflow/.local/lib/python3.12/site-packages/airflow/example_dags/example_dynamic_task_mapping_with_no_taskflow_operators.py
[2024-05-14T02:06:43.860+0000] {processor.py:830} INFO - Processing file /home/airflow/.local/lib/python3.12/site-packages/airflow/example_dags/example_dynamic_task_mapping_with_no_taskflow_operators.py for tasks to queue
[2024-05-14T02:06:43.861+0000] {logging_mixin.py:188} INFO - [2024-05-14T02:06:43.861+0000] {dagbag.py:545} INFO - Filling up the DagBag from /home/airflow/.local/lib/python3.12/site-packages/airflow/example_dags/example_dynamic_task_mapping_with_no_taskflow_operators.py
[2024-05-14T02:06:43.865+0000] {processor.py:840} INFO - DAG(s) 'example_dynamic_task_mapping_with_no_taskflow_operators' retrieved from /home/airflow/.local/lib/python3.12/site-packages/airflow/example_dags/example_dynamic_task_mapping_with_no_taskflow_operators.py
[2024-05-14T02:06:43.874+0000] {logging_mixin.py:188} INFO - [2024-05-14T02:06:43.874+0000] {dag.py:3096} INFO - Sync 1 DAGs
[2024-05-14T02:06:43.884+0000] {logging_mixin.py:188} INFO - [2024-05-14T02:06:43.884+0000] {dag.py:3954} INFO - Setting next_dagrun for example_dynamic_task_mapping_with_no_taskflow_operators to 2024-05-13 00:00:00+00:00, run_after=2024-05-14 00:00:00+00:00
[2024-05-14T02:06:43.893+0000] {processor.py:183} INFO - Processing /home/airflow/.local/lib/python3.12/site-packages/airflow/example_dags/example_dynamic_task_mapping_with_no_taskflow_operators.py took 0.036 seconds
[2024-05-14T02:07:13.953+0000] {processor.py:161} INFO - Started process (PID=1564) to work on /home/airflow/.local/lib/python3.12/site-packages/airflow/example_dags/example_dynamic_task_mapping_with_no_taskflow_operators.py
[2024-05-14T02:07:13.954+0000] {processor.py:830} INFO - Processing file /home/airflow/.local/lib/python3.12/site-packages/airflow/example_dags/example_dynamic_task_mapping_with_no_taskflow_operators.py for tasks to queue
[2024-05-14T02:07:13.955+0000] {logging_mixin.py:188} INFO - [2024-05-14T02:07:13.955+0000] {dagbag.py:545} INFO - Filling up the DagBag from /home/airflow/.local/lib/python3.12/site-packages/airflow/example_dags/example_dynamic_task_mapping_with_no_taskflow_operators.py
[2024-05-14T02:07:13.958+0000] {processor.py:840} INFO - DAG(s) 'example_dynamic_task_mapping_with_no_taskflow_operators' retrieved from /home/airflow/.local/lib/python3.12/site-packages/airflow/example_dags/example_dynamic_task_mapping_with_no_taskflow_operators.py
[2024-05-14T02:07:13.967+0000] {logging_mixin.py:188} INFO - [2024-05-14T02:07:13.967+0000] {dag.py:3096} INFO - Sync 1 DAGs
[2024-05-14T02:07:13.977+0000] {logging_mixin.py:188} INFO - [2024-05-14T02:07:13.977+0000] {dag.py:3954} INFO - Setting next_dagrun for example_dynamic_task_mapping_with_no_taskflow_operators to 2024-05-13 00:00:00+00:00, run_after=2024-05-14 00:00:00+00:00
[2024-05-14T02:07:13.985+0000] {processor.py:183} INFO - Processing /home/airflow/.local/lib/python3.12/site-packages/airflow/example_dags/example_dynamic_task_mapping_with_no_taskflow_operators.py took 0.035 seconds
[2024-05-14T02:07:44.267+0000] {processor.py:161} INFO - Started process (PID=1623) to work on /home/airflow/.local/lib/python3.12/site-packages/airflow/example_dags/example_dynamic_task_mapping_with_no_taskflow_operators.py
[2024-05-14T02:07:44.268+0000] {processor.py:830} INFO - Processing file /home/airflow/.local/lib/python3.12/site-packages/airflow/example_dags/example_dynamic_task_mapping_with_no_taskflow_operators.py for tasks to queue
[2024-05-14T02:07:44.268+0000] {logging_mixin.py:188} INFO - [2024-05-14T02:07:44.268+0000] {dagbag.py:545} INFO - Filling up the DagBag from /home/airflow/.local/lib/python3.12/site-packages/airflow/example_dags/example_dynamic_task_mapping_with_no_taskflow_operators.py
[2024-05-14T02:07:44.273+0000] {processor.py:840} INFO - DAG(s) 'example_dynamic_task_mapping_with_no_taskflow_operators' retrieved from /home/airflow/.local/lib/python3.12/site-packages/airflow/example_dags/example_dynamic_task_mapping_with_no_taskflow_operators.py
[2024-05-14T02:07:44.283+0000] {logging_mixin.py:188} INFO - [2024-05-14T02:07:44.282+0000] {dag.py:3096} INFO - Sync 1 DAGs
[2024-05-14T02:07:44.293+0000] {logging_mixin.py:188} INFO - [2024-05-14T02:07:44.293+0000] {dag.py:3954} INFO - Setting next_dagrun for example_dynamic_task_mapping_with_no_taskflow_operators to 2024-05-13 00:00:00+00:00, run_after=2024-05-14 00:00:00+00:00
[2024-05-14T02:07:44.301+0000] {processor.py:183} INFO - Processing /home/airflow/.local/lib/python3.12/site-packages/airflow/example_dags/example_dynamic_task_mapping_with_no_taskflow_operators.py took 0.037 seconds
[2024-05-14T02:08:14.565+0000] {processor.py:161} INFO - Started process (PID=1682) to work on /home/airflow/.local/lib/python3.12/site-packages/airflow/example_dags/example_dynamic_task_mapping_with_no_taskflow_operators.py
[2024-05-14T02:08:14.566+0000] {processor.py:830} INFO - Processing file /home/airflow/.local/lib/python3.12/site-packages/airflow/example_dags/example_dynamic_task_mapping_with_no_taskflow_operators.py for tasks to queue
[2024-05-14T02:08:14.567+0000] {logging_mixin.py:188} INFO - [2024-05-14T02:08:14.566+0000] {dagbag.py:545} INFO - Filling up the DagBag from /home/airflow/.local/lib/python3.12/site-packages/airflow/example_dags/example_dynamic_task_mapping_with_no_taskflow_operators.py
[2024-05-14T02:08:14.571+0000] {processor.py:840} INFO - DAG(s) 'example_dynamic_task_mapping_with_no_taskflow_operators' retrieved from /home/airflow/.local/lib/python3.12/site-packages/airflow/example_dags/example_dynamic_task_mapping_with_no_taskflow_operators.py
[2024-05-14T02:08:14.581+0000] {logging_mixin.py:188} INFO - [2024-05-14T02:08:14.580+0000] {dag.py:3096} INFO - Sync 1 DAGs
[2024-05-14T02:08:14.591+0000] {logging_mixin.py:188} INFO - [2024-05-14T02:08:14.591+0000] {dag.py:3954} INFO - Setting next_dagrun for example_dynamic_task_mapping_with_no_taskflow_operators to 2024-05-13 00:00:00+00:00, run_after=2024-05-14 00:00:00+00:00
[2024-05-14T02:08:14.599+0000] {processor.py:183} INFO - Processing /home/airflow/.local/lib/python3.12/site-packages/airflow/example_dags/example_dynamic_task_mapping_with_no_taskflow_operators.py took 0.037 seconds
[2024-05-14T02:08:44.683+0000] {processor.py:161} INFO - Started process (PID=1741) to work on /home/airflow/.local/lib/python3.12/site-packages/airflow/example_dags/example_dynamic_task_mapping_with_no_taskflow_operators.py
[2024-05-14T02:08:44.684+0000] {processor.py:830} INFO - Processing file /home/airflow/.local/lib/python3.12/site-packages/airflow/example_dags/example_dynamic_task_mapping_with_no_taskflow_operators.py for tasks to queue
[2024-05-14T02:08:44.686+0000] {logging_mixin.py:188} INFO - [2024-05-14T02:08:44.685+0000] {dagbag.py:545} INFO - Filling up the DagBag from /home/airflow/.local/lib/python3.12/site-packages/airflow/example_dags/example_dynamic_task_mapping_with_no_taskflow_operators.py
[2024-05-14T02:08:44.690+0000] {processor.py:840} INFO - DAG(s) 'example_dynamic_task_mapping_with_no_taskflow_operators' retrieved from /home/airflow/.local/lib/python3.12/site-packages/airflow/example_dags/example_dynamic_task_mapping_with_no_taskflow_operators.py
[2024-05-14T02:08:44.700+0000] {logging_mixin.py:188} INFO - [2024-05-14T02:08:44.700+0000] {dag.py:3096} INFO - Sync 1 DAGs
[2024-05-14T02:08:44.712+0000] {logging_mixin.py:188} INFO - [2024-05-14T02:08:44.712+0000] {dag.py:3954} INFO - Setting next_dagrun for example_dynamic_task_mapping_with_no_taskflow_operators to 2024-05-13 00:00:00+00:00, run_after=2024-05-14 00:00:00+00:00
[2024-05-14T02:08:44.720+0000] {processor.py:183} INFO - Processing /home/airflow/.local/lib/python3.12/site-packages/airflow/example_dags/example_dynamic_task_mapping_with_no_taskflow_operators.py took 0.040 seconds
[2024-05-14T02:09:14.810+0000] {processor.py:161} INFO - Started process (PID=1800) to work on /home/airflow/.local/lib/python3.12/site-packages/airflow/example_dags/example_dynamic_task_mapping_with_no_taskflow_operators.py
[2024-05-14T02:09:14.811+0000] {processor.py:830} INFO - Processing file /home/airflow/.local/lib/python3.12/site-packages/airflow/example_dags/example_dynamic_task_mapping_with_no_taskflow_operators.py for tasks to queue
[2024-05-14T02:09:14.812+0000] {logging_mixin.py:188} INFO - [2024-05-14T02:09:14.811+0000] {dagbag.py:545} INFO - Filling up the DagBag from /home/airflow/.local/lib/python3.12/site-packages/airflow/example_dags/example_dynamic_task_mapping_with_no_taskflow_operators.py
[2024-05-14T02:09:14.816+0000] {processor.py:840} INFO - DAG(s) 'example_dynamic_task_mapping_with_no_taskflow_operators' retrieved from /home/airflow/.local/lib/python3.12/site-packages/airflow/example_dags/example_dynamic_task_mapping_with_no_taskflow_operators.py
[2024-05-14T02:09:14.827+0000] {logging_mixin.py:188} INFO - [2024-05-14T02:09:14.826+0000] {dag.py:3096} INFO - Sync 1 DAGs
[2024-05-14T02:09:14.838+0000] {logging_mixin.py:188} INFO - [2024-05-14T02:09:14.838+0000] {dag.py:3954} INFO - Setting next_dagrun for example_dynamic_task_mapping_with_no_taskflow_operators to 2024-05-13 00:00:00+00:00, run_after=2024-05-14 00:00:00+00:00
[2024-05-14T02:09:14.959+0000] {processor.py:183} INFO - Processing /home/airflow/.local/lib/python3.12/site-packages/airflow/example_dags/example_dynamic_task_mapping_with_no_taskflow_operators.py took 0.152 seconds
[2024-05-14T02:09:45.212+0000] {processor.py:161} INFO - Started process (PID=1859) to work on /home/airflow/.local/lib/python3.12/site-packages/airflow/example_dags/example_dynamic_task_mapping_with_no_taskflow_operators.py
[2024-05-14T02:09:45.213+0000] {processor.py:830} INFO - Processing file /home/airflow/.local/lib/python3.12/site-packages/airflow/example_dags/example_dynamic_task_mapping_with_no_taskflow_operators.py for tasks to queue
[2024-05-14T02:09:45.214+0000] {logging_mixin.py:188} INFO - [2024-05-14T02:09:45.214+0000] {dagbag.py:545} INFO - Filling up the DagBag from /home/airflow/.local/lib/python3.12/site-packages/airflow/example_dags/example_dynamic_task_mapping_with_no_taskflow_operators.py
[2024-05-14T02:09:45.218+0000] {processor.py:840} INFO - DAG(s) 'example_dynamic_task_mapping_with_no_taskflow_operators' retrieved from /home/airflow/.local/lib/python3.12/site-packages/airflow/example_dags/example_dynamic_task_mapping_with_no_taskflow_operators.py
[2024-05-14T02:09:45.228+0000] {logging_mixin.py:188} INFO - [2024-05-14T02:09:45.228+0000] {dag.py:3096} INFO - Sync 1 DAGs
[2024-05-14T02:09:45.238+0000] {logging_mixin.py:188} INFO - [2024-05-14T02:09:45.238+0000] {dag.py:3954} INFO - Setting next_dagrun for example_dynamic_task_mapping_with_no_taskflow_operators to 2024-05-13 00:00:00+00:00, run_after=2024-05-14 00:00:00+00:00
[2024-05-14T02:09:45.247+0000] {processor.py:183} INFO - Processing /home/airflow/.local/lib/python3.12/site-packages/airflow/example_dags/example_dynamic_task_mapping_with_no_taskflow_operators.py took 0.038 seconds
[2024-05-14T02:10:15.604+0000] {processor.py:161} INFO - Started process (PID=1918) to work on /home/airflow/.local/lib/python3.12/site-packages/airflow/example_dags/example_dynamic_task_mapping_with_no_taskflow_operators.py
[2024-05-14T02:10:15.605+0000] {processor.py:830} INFO - Processing file /home/airflow/.local/lib/python3.12/site-packages/airflow/example_dags/example_dynamic_task_mapping_with_no_taskflow_operators.py for tasks to queue
[2024-05-14T02:10:15.606+0000] {logging_mixin.py:188} INFO - [2024-05-14T02:10:15.606+0000] {dagbag.py:545} INFO - Filling up the DagBag from /home/airflow/.local/lib/python3.12/site-packages/airflow/example_dags/example_dynamic_task_mapping_with_no_taskflow_operators.py
[2024-05-14T02:10:15.614+0000] {processor.py:840} INFO - DAG(s) 'example_dynamic_task_mapping_with_no_taskflow_operators' retrieved from /home/airflow/.local/lib/python3.12/site-packages/airflow/example_dags/example_dynamic_task_mapping_with_no_taskflow_operators.py
[2024-05-14T02:10:15.633+0000] {logging_mixin.py:188} INFO - [2024-05-14T02:10:15.633+0000] {dag.py:3096} INFO - Sync 1 DAGs
[2024-05-14T02:10:15.649+0000] {logging_mixin.py:188} INFO - [2024-05-14T02:10:15.649+0000] {dag.py:3954} INFO - Setting next_dagrun for example_dynamic_task_mapping_with_no_taskflow_operators to 2024-05-13 00:00:00+00:00, run_after=2024-05-14 00:00:00+00:00
[2024-05-14T02:10:15.660+0000] {processor.py:183} INFO - Processing /home/airflow/.local/lib/python3.12/site-packages/airflow/example_dags/example_dynamic_task_mapping_with_no_taskflow_operators.py took 0.060 seconds
[2024-05-14T02:10:45.732+0000] {processor.py:161} INFO - Started process (PID=1977) to work on /home/airflow/.local/lib/python3.12/site-packages/airflow/example_dags/example_dynamic_task_mapping_with_no_taskflow_operators.py
[2024-05-14T02:10:45.732+0000] {processor.py:830} INFO - Processing file /home/airflow/.local/lib/python3.12/site-packages/airflow/example_dags/example_dynamic_task_mapping_with_no_taskflow_operators.py for tasks to queue
[2024-05-14T02:10:45.733+0000] {logging_mixin.py:188} INFO - [2024-05-14T02:10:45.733+0000] {dagbag.py:545} INFO - Filling up the DagBag from /home/airflow/.local/lib/python3.12/site-packages/airflow/example_dags/example_dynamic_task_mapping_with_no_taskflow_operators.py
[2024-05-14T02:10:45.737+0000] {processor.py:840} INFO - DAG(s) 'example_dynamic_task_mapping_with_no_taskflow_operators' retrieved from /home/airflow/.local/lib/python3.12/site-packages/airflow/example_dags/example_dynamic_task_mapping_with_no_taskflow_operators.py
[2024-05-14T02:10:45.747+0000] {logging_mixin.py:188} INFO - [2024-05-14T02:10:45.747+0000] {dag.py:3096} INFO - Sync 1 DAGs
[2024-05-14T02:10:45.756+0000] {logging_mixin.py:188} INFO - [2024-05-14T02:10:45.756+0000] {dag.py:3954} INFO - Setting next_dagrun for example_dynamic_task_mapping_with_no_taskflow_operators to 2024-05-13 00:00:00+00:00, run_after=2024-05-14 00:00:00+00:00
[2024-05-14T02:10:45.764+0000] {processor.py:183} INFO - Processing /home/airflow/.local/lib/python3.12/site-packages/airflow/example_dags/example_dynamic_task_mapping_with_no_taskflow_operators.py took 0.035 seconds
[2024-05-14T02:11:16.519+0000] {processor.py:161} INFO - Started process (PID=2035) to work on /home/airflow/.local/lib/python3.12/site-packages/airflow/example_dags/example_dynamic_task_mapping_with_no_taskflow_operators.py
[2024-05-14T02:11:16.520+0000] {processor.py:830} INFO - Processing file /home/airflow/.local/lib/python3.12/site-packages/airflow/example_dags/example_dynamic_task_mapping_with_no_taskflow_operators.py for tasks to queue
[2024-05-14T02:11:16.521+0000] {logging_mixin.py:188} INFO - [2024-05-14T02:11:16.520+0000] {dagbag.py:545} INFO - Filling up the DagBag from /home/airflow/.local/lib/python3.12/site-packages/airflow/example_dags/example_dynamic_task_mapping_with_no_taskflow_operators.py
[2024-05-14T02:11:16.525+0000] {processor.py:840} INFO - DAG(s) 'example_dynamic_task_mapping_with_no_taskflow_operators' retrieved from /home/airflow/.local/lib/python3.12/site-packages/airflow/example_dags/example_dynamic_task_mapping_with_no_taskflow_operators.py
[2024-05-14T02:11:16.534+0000] {logging_mixin.py:188} INFO - [2024-05-14T02:11:16.534+0000] {dag.py:3096} INFO - Sync 1 DAGs
[2024-05-14T02:11:16.544+0000] {logging_mixin.py:188} INFO - [2024-05-14T02:11:16.543+0000] {dag.py:3954} INFO - Setting next_dagrun for example_dynamic_task_mapping_with_no_taskflow_operators to 2024-05-13 00:00:00+00:00, run_after=2024-05-14 00:00:00+00:00
[2024-05-14T02:11:16.551+0000] {processor.py:183} INFO - Processing /home/airflow/.local/lib/python3.12/site-packages/airflow/example_dags/example_dynamic_task_mapping_with_no_taskflow_operators.py took 0.038 seconds
[2024-05-14T02:11:46.709+0000] {processor.py:161} INFO - Started process (PID=2094) to work on /home/airflow/.local/lib/python3.12/site-packages/airflow/example_dags/example_dynamic_task_mapping_with_no_taskflow_operators.py
[2024-05-14T02:11:46.710+0000] {processor.py:830} INFO - Processing file /home/airflow/.local/lib/python3.12/site-packages/airflow/example_dags/example_dynamic_task_mapping_with_no_taskflow_operators.py for tasks to queue
[2024-05-14T02:11:46.711+0000] {logging_mixin.py:188} INFO - [2024-05-14T02:11:46.711+0000] {dagbag.py:545} INFO - Filling up the DagBag from /home/airflow/.local/lib/python3.12/site-packages/airflow/example_dags/example_dynamic_task_mapping_with_no_taskflow_operators.py
[2024-05-14T02:11:46.715+0000] {processor.py:840} INFO - DAG(s) 'example_dynamic_task_mapping_with_no_taskflow_operators' retrieved from /home/airflow/.local/lib/python3.12/site-packages/airflow/example_dags/example_dynamic_task_mapping_with_no_taskflow_operators.py
[2024-05-14T02:11:46.725+0000] {logging_mixin.py:188} INFO - [2024-05-14T02:11:46.725+0000] {dag.py:3096} INFO - Sync 1 DAGs
[2024-05-14T02:11:46.739+0000] {logging_mixin.py:188} INFO - [2024-05-14T02:11:46.739+0000] {dag.py:3954} INFO - Setting next_dagrun for example_dynamic_task_mapping_with_no_taskflow_operators to 2024-05-13 00:00:00+00:00, run_after=2024-05-14 00:00:00+00:00
[2024-05-14T02:11:46.752+0000] {processor.py:183} INFO - Processing /home/airflow/.local/lib/python3.12/site-packages/airflow/example_dags/example_dynamic_task_mapping_with_no_taskflow_operators.py took 0.046 seconds
[2024-05-14T02:12:16.919+0000] {processor.py:161} INFO - Started process (PID=2152) to work on /home/airflow/.local/lib/python3.12/site-packages/airflow/example_dags/example_dynamic_task_mapping_with_no_taskflow_operators.py
[2024-05-14T02:12:16.919+0000] {processor.py:830} INFO - Processing file /home/airflow/.local/lib/python3.12/site-packages/airflow/example_dags/example_dynamic_task_mapping_with_no_taskflow_operators.py for tasks to queue
[2024-05-14T02:12:16.921+0000] {logging_mixin.py:188} INFO - [2024-05-14T02:12:16.920+0000] {dagbag.py:545} INFO - Filling up the DagBag from /home/airflow/.local/lib/python3.12/site-packages/airflow/example_dags/example_dynamic_task_mapping_with_no_taskflow_operators.py
[2024-05-14T02:12:16.925+0000] {processor.py:840} INFO - DAG(s) 'example_dynamic_task_mapping_with_no_taskflow_operators' retrieved from /home/airflow/.local/lib/python3.12/site-packages/airflow/example_dags/example_dynamic_task_mapping_with_no_taskflow_operators.py
[2024-05-14T02:12:16.935+0000] {logging_mixin.py:188} INFO - [2024-05-14T02:12:16.935+0000] {dag.py:3096} INFO - Sync 1 DAGs
[2024-05-14T02:12:16.945+0000] {logging_mixin.py:188} INFO - [2024-05-14T02:12:16.945+0000] {dag.py:3954} INFO - Setting next_dagrun for example_dynamic_task_mapping_with_no_taskflow_operators to 2024-05-13 00:00:00+00:00, run_after=2024-05-14 00:00:00+00:00
[2024-05-14T02:12:16.953+0000] {processor.py:183} INFO - Processing /home/airflow/.local/lib/python3.12/site-packages/airflow/example_dags/example_dynamic_task_mapping_with_no_taskflow_operators.py took 0.038 seconds
[2024-05-14T02:12:47.080+0000] {processor.py:161} INFO - Started process (PID=2210) to work on /home/airflow/.local/lib/python3.12/site-packages/airflow/example_dags/example_dynamic_task_mapping_with_no_taskflow_operators.py
[2024-05-14T02:12:47.081+0000] {processor.py:830} INFO - Processing file /home/airflow/.local/lib/python3.12/site-packages/airflow/example_dags/example_dynamic_task_mapping_with_no_taskflow_operators.py for tasks to queue
[2024-05-14T02:12:47.082+0000] {logging_mixin.py:188} INFO - [2024-05-14T02:12:47.082+0000] {dagbag.py:545} INFO - Filling up the DagBag from /home/airflow/.local/lib/python3.12/site-packages/airflow/example_dags/example_dynamic_task_mapping_with_no_taskflow_operators.py
[2024-05-14T02:12:47.086+0000] {processor.py:840} INFO - DAG(s) 'example_dynamic_task_mapping_with_no_taskflow_operators' retrieved from /home/airflow/.local/lib/python3.12/site-packages/airflow/example_dags/example_dynamic_task_mapping_with_no_taskflow_operators.py
[2024-05-14T02:12:47.097+0000] {logging_mixin.py:188} INFO - [2024-05-14T02:12:47.097+0000] {dag.py:3096} INFO - Sync 1 DAGs
[2024-05-14T02:12:47.107+0000] {logging_mixin.py:188} INFO - [2024-05-14T02:12:47.107+0000] {dag.py:3954} INFO - Setting next_dagrun for example_dynamic_task_mapping_with_no_taskflow_operators to 2024-05-13 00:00:00+00:00, run_after=2024-05-14 00:00:00+00:00
[2024-05-14T02:12:47.115+0000] {processor.py:183} INFO - Processing /home/airflow/.local/lib/python3.12/site-packages/airflow/example_dags/example_dynamic_task_mapping_with_no_taskflow_operators.py took 0.038 seconds
