[2024-05-14T01:54:04.703+0000] {processor.py:161} INFO - Started process (PID=45) to work on /home/airflow/.local/lib/python3.12/site-packages/airflow/example_dags/example_subdag_operator.py
[2024-05-14T01:54:04.708+0000] {processor.py:830} INFO - Processing file /home/airflow/.local/lib/python3.12/site-packages/airflow/example_dags/example_subdag_operator.py for tasks to queue
[2024-05-14T01:54:04.711+0000] {logging_mixin.py:188} INFO - [2024-05-14T01:54:04.711+0000] {dagbag.py:545} INFO - Filling up the DagBag from /home/airflow/.local/lib/python3.12/site-packages/airflow/example_dags/example_subdag_operator.py
[2024-05-14T01:54:04.757+0000] {processor.py:840} INFO - DAG(s) 'example_subdag_operator.section-1', 'example_subdag_operator.section-2', 'example_subdag_operator' retrieved from /home/airflow/.local/lib/python3.12/site-packages/airflow/example_dags/example_subdag_operator.py
[2024-05-14T01:54:04.771+0000] {logging_mixin.py:188} INFO - [2024-05-14T01:54:04.771+0000] {dag.py:3096} INFO - Sync 3 DAGs
[2024-05-14T01:54:04.797+0000] {logging_mixin.py:188} INFO - [2024-05-14T01:54:04.796+0000] {dag.py:3954} INFO - Setting next_dagrun for example_subdag_operator to 2022-01-01 00:00:00+00:00, run_after=2022-01-01 00:00:00+00:00
[2024-05-14T01:54:04.805+0000] {logging_mixin.py:188} INFO - [2024-05-14T01:54:04.804+0000] {dag.py:3954} INFO - Setting next_dagrun for example_subdag_operator.section-1 to None, run_after=None
[2024-05-14T01:54:04.810+0000] {logging_mixin.py:188} INFO - [2024-05-14T01:54:04.810+0000] {dag.py:3954} INFO - Setting next_dagrun for example_subdag_operator.section-2 to None, run_after=None
[2024-05-14T01:54:04.822+0000] {logging_mixin.py:188} INFO - [2024-05-14T01:54:04.822+0000] {dag.py:3096} INFO - Sync 2 DAGs
[2024-05-14T01:54:04.832+0000] {logging_mixin.py:188} INFO - [2024-05-14T01:54:04.832+0000] {dag.py:3954} INFO - Setting next_dagrun for example_subdag_operator.section-1 to None, run_after=None
[2024-05-14T01:54:04.835+0000] {logging_mixin.py:188} INFO - [2024-05-14T01:54:04.834+0000] {dag.py:3954} INFO - Setting next_dagrun for example_subdag_operator.section-2 to None, run_after=None
[2024-05-14T01:54:04.855+0000] {processor.py:183} INFO - Processing /home/airflow/.local/lib/python3.12/site-packages/airflow/example_dags/example_subdag_operator.py took 0.159 seconds
[2024-05-14T01:54:35.670+0000] {processor.py:161} INFO - Started process (PID=104) to work on /home/airflow/.local/lib/python3.12/site-packages/airflow/example_dags/example_subdag_operator.py
[2024-05-14T01:54:35.671+0000] {processor.py:830} INFO - Processing file /home/airflow/.local/lib/python3.12/site-packages/airflow/example_dags/example_subdag_operator.py for tasks to queue
[2024-05-14T01:54:35.672+0000] {logging_mixin.py:188} INFO - [2024-05-14T01:54:35.671+0000] {dagbag.py:545} INFO - Filling up the DagBag from /home/airflow/.local/lib/python3.12/site-packages/airflow/example_dags/example_subdag_operator.py
[2024-05-14T01:54:35.683+0000] {processor.py:840} INFO - DAG(s) 'example_subdag_operator.section-1', 'example_subdag_operator.section-2', 'example_subdag_operator' retrieved from /home/airflow/.local/lib/python3.12/site-packages/airflow/example_dags/example_subdag_operator.py
[2024-05-14T01:54:35.727+0000] {logging_mixin.py:188} INFO - [2024-05-14T01:54:35.726+0000] {dag.py:3096} INFO - Sync 3 DAGs
[2024-05-14T01:54:35.735+0000] {logging_mixin.py:188} INFO - [2024-05-14T01:54:35.735+0000] {dag.py:3954} INFO - Setting next_dagrun for example_subdag_operator to 2022-01-01 00:00:00+00:00, run_after=2022-01-01 00:00:00+00:00
[2024-05-14T01:54:35.738+0000] {logging_mixin.py:188} INFO - [2024-05-14T01:54:35.738+0000] {dag.py:3954} INFO - Setting next_dagrun for example_subdag_operator.section-1 to None, run_after=None
[2024-05-14T01:54:35.738+0000] {logging_mixin.py:188} INFO - [2024-05-14T01:54:35.738+0000] {dag.py:3954} INFO - Setting next_dagrun for example_subdag_operator.section-2 to None, run_after=None
[2024-05-14T01:54:35.742+0000] {logging_mixin.py:188} INFO - [2024-05-14T01:54:35.742+0000] {dag.py:3096} INFO - Sync 2 DAGs
[2024-05-14T01:54:35.745+0000] {logging_mixin.py:188} INFO - [2024-05-14T01:54:35.745+0000] {dag.py:3954} INFO - Setting next_dagrun for example_subdag_operator.section-1 to None, run_after=None
[2024-05-14T01:54:35.746+0000] {logging_mixin.py:188} INFO - [2024-05-14T01:54:35.745+0000] {dag.py:3954} INFO - Setting next_dagrun for example_subdag_operator.section-2 to None, run_after=None
[2024-05-14T01:54:35.750+0000] {processor.py:183} INFO - Processing /home/airflow/.local/lib/python3.12/site-packages/airflow/example_dags/example_subdag_operator.py took 0.083 seconds
[2024-05-14T01:55:06.115+0000] {processor.py:161} INFO - Started process (PID=163) to work on /home/airflow/.local/lib/python3.12/site-packages/airflow/example_dags/example_subdag_operator.py
[2024-05-14T01:55:06.115+0000] {processor.py:830} INFO - Processing file /home/airflow/.local/lib/python3.12/site-packages/airflow/example_dags/example_subdag_operator.py for tasks to queue
[2024-05-14T01:55:06.116+0000] {logging_mixin.py:188} INFO - [2024-05-14T01:55:06.116+0000] {dagbag.py:545} INFO - Filling up the DagBag from /home/airflow/.local/lib/python3.12/site-packages/airflow/example_dags/example_subdag_operator.py
[2024-05-14T01:55:06.128+0000] {processor.py:840} INFO - DAG(s) 'example_subdag_operator.section-1', 'example_subdag_operator.section-2', 'example_subdag_operator' retrieved from /home/airflow/.local/lib/python3.12/site-packages/airflow/example_dags/example_subdag_operator.py
[2024-05-14T01:55:06.136+0000] {logging_mixin.py:188} INFO - [2024-05-14T01:55:06.136+0000] {dag.py:3096} INFO - Sync 3 DAGs
[2024-05-14T01:55:06.156+0000] {logging_mixin.py:188} INFO - [2024-05-14T01:55:06.156+0000] {dag.py:3954} INFO - Setting next_dagrun for example_subdag_operator to 2022-01-01 00:00:00+00:00, run_after=2022-01-01 00:00:00+00:00
[2024-05-14T01:55:06.159+0000] {logging_mixin.py:188} INFO - [2024-05-14T01:55:06.159+0000] {dag.py:3954} INFO - Setting next_dagrun for example_subdag_operator.section-1 to None, run_after=None
[2024-05-14T01:55:06.160+0000] {logging_mixin.py:188} INFO - [2024-05-14T01:55:06.160+0000] {dag.py:3954} INFO - Setting next_dagrun for example_subdag_operator.section-2 to None, run_after=None
[2024-05-14T01:55:06.168+0000] {logging_mixin.py:188} INFO - [2024-05-14T01:55:06.168+0000] {dag.py:3096} INFO - Sync 2 DAGs
[2024-05-14T01:55:06.171+0000] {logging_mixin.py:188} INFO - [2024-05-14T01:55:06.170+0000] {dag.py:3954} INFO - Setting next_dagrun for example_subdag_operator.section-1 to None, run_after=None
[2024-05-14T01:55:06.171+0000] {logging_mixin.py:188} INFO - [2024-05-14T01:55:06.171+0000] {dag.py:3954} INFO - Setting next_dagrun for example_subdag_operator.section-2 to None, run_after=None
[2024-05-14T01:55:06.176+0000] {processor.py:183} INFO - Processing /home/airflow/.local/lib/python3.12/site-packages/airflow/example_dags/example_subdag_operator.py took 0.065 seconds
[2024-05-14T01:55:36.211+0000] {processor.py:161} INFO - Started process (PID=222) to work on /home/airflow/.local/lib/python3.12/site-packages/airflow/example_dags/example_subdag_operator.py
[2024-05-14T01:55:36.212+0000] {processor.py:830} INFO - Processing file /home/airflow/.local/lib/python3.12/site-packages/airflow/example_dags/example_subdag_operator.py for tasks to queue
[2024-05-14T01:55:36.213+0000] {logging_mixin.py:188} INFO - [2024-05-14T01:55:36.212+0000] {dagbag.py:545} INFO - Filling up the DagBag from /home/airflow/.local/lib/python3.12/site-packages/airflow/example_dags/example_subdag_operator.py
[2024-05-14T01:55:36.224+0000] {processor.py:840} INFO - DAG(s) 'example_subdag_operator.section-1', 'example_subdag_operator.section-2', 'example_subdag_operator' retrieved from /home/airflow/.local/lib/python3.12/site-packages/airflow/example_dags/example_subdag_operator.py
[2024-05-14T01:55:36.231+0000] {logging_mixin.py:188} INFO - [2024-05-14T01:55:36.231+0000] {dag.py:3096} INFO - Sync 3 DAGs
[2024-05-14T01:55:36.240+0000] {logging_mixin.py:188} INFO - [2024-05-14T01:55:36.240+0000] {dag.py:3954} INFO - Setting next_dagrun for example_subdag_operator to 2022-01-01 00:00:00+00:00, run_after=2022-01-01 00:00:00+00:00
[2024-05-14T01:55:36.242+0000] {logging_mixin.py:188} INFO - [2024-05-14T01:55:36.242+0000] {dag.py:3954} INFO - Setting next_dagrun for example_subdag_operator.section-1 to None, run_after=None
[2024-05-14T01:55:36.243+0000] {logging_mixin.py:188} INFO - [2024-05-14T01:55:36.243+0000] {dag.py:3954} INFO - Setting next_dagrun for example_subdag_operator.section-2 to None, run_after=None
[2024-05-14T01:55:36.246+0000] {logging_mixin.py:188} INFO - [2024-05-14T01:55:36.246+0000] {dag.py:3096} INFO - Sync 2 DAGs
[2024-05-14T01:55:36.249+0000] {logging_mixin.py:188} INFO - [2024-05-14T01:55:36.248+0000] {dag.py:3954} INFO - Setting next_dagrun for example_subdag_operator.section-1 to None, run_after=None
[2024-05-14T01:55:36.249+0000] {logging_mixin.py:188} INFO - [2024-05-14T01:55:36.249+0000] {dag.py:3954} INFO - Setting next_dagrun for example_subdag_operator.section-2 to None, run_after=None
[2024-05-14T01:55:36.253+0000] {processor.py:183} INFO - Processing /home/airflow/.local/lib/python3.12/site-packages/airflow/example_dags/example_subdag_operator.py took 0.045 seconds
[2024-05-14T01:56:06.531+0000] {processor.py:161} INFO - Started process (PID=281) to work on /home/airflow/.local/lib/python3.12/site-packages/airflow/example_dags/example_subdag_operator.py
[2024-05-14T01:56:06.531+0000] {processor.py:830} INFO - Processing file /home/airflow/.local/lib/python3.12/site-packages/airflow/example_dags/example_subdag_operator.py for tasks to queue
[2024-05-14T01:56:06.532+0000] {logging_mixin.py:188} INFO - [2024-05-14T01:56:06.532+0000] {dagbag.py:545} INFO - Filling up the DagBag from /home/airflow/.local/lib/python3.12/site-packages/airflow/example_dags/example_subdag_operator.py
[2024-05-14T01:56:06.545+0000] {processor.py:840} INFO - DAG(s) 'example_subdag_operator.section-1', 'example_subdag_operator.section-2', 'example_subdag_operator' retrieved from /home/airflow/.local/lib/python3.12/site-packages/airflow/example_dags/example_subdag_operator.py
[2024-05-14T01:56:06.554+0000] {logging_mixin.py:188} INFO - [2024-05-14T01:56:06.554+0000] {dag.py:3096} INFO - Sync 3 DAGs
[2024-05-14T01:56:06.565+0000] {logging_mixin.py:188} INFO - [2024-05-14T01:56:06.564+0000] {dag.py:3954} INFO - Setting next_dagrun for example_subdag_operator to 2022-01-01 00:00:00+00:00, run_after=2022-01-01 00:00:00+00:00
[2024-05-14T01:56:06.567+0000] {logging_mixin.py:188} INFO - [2024-05-14T01:56:06.567+0000] {dag.py:3954} INFO - Setting next_dagrun for example_subdag_operator.section-1 to None, run_after=None
[2024-05-14T01:56:06.567+0000] {logging_mixin.py:188} INFO - [2024-05-14T01:56:06.567+0000] {dag.py:3954} INFO - Setting next_dagrun for example_subdag_operator.section-2 to None, run_after=None
[2024-05-14T01:56:06.571+0000] {logging_mixin.py:188} INFO - [2024-05-14T01:56:06.571+0000] {dag.py:3096} INFO - Sync 2 DAGs
[2024-05-14T01:56:06.574+0000] {logging_mixin.py:188} INFO - [2024-05-14T01:56:06.574+0000] {dag.py:3954} INFO - Setting next_dagrun for example_subdag_operator.section-1 to None, run_after=None
[2024-05-14T01:56:06.574+0000] {logging_mixin.py:188} INFO - [2024-05-14T01:56:06.574+0000] {dag.py:3954} INFO - Setting next_dagrun for example_subdag_operator.section-2 to None, run_after=None
[2024-05-14T01:56:06.579+0000] {processor.py:183} INFO - Processing /home/airflow/.local/lib/python3.12/site-packages/airflow/example_dags/example_subdag_operator.py took 0.051 seconds
[2024-05-14T01:56:36.655+0000] {processor.py:161} INFO - Started process (PID=339) to work on /home/airflow/.local/lib/python3.12/site-packages/airflow/example_dags/example_subdag_operator.py
[2024-05-14T01:56:36.656+0000] {processor.py:830} INFO - Processing file /home/airflow/.local/lib/python3.12/site-packages/airflow/example_dags/example_subdag_operator.py for tasks to queue
[2024-05-14T01:56:36.657+0000] {logging_mixin.py:188} INFO - [2024-05-14T01:56:36.657+0000] {dagbag.py:545} INFO - Filling up the DagBag from /home/airflow/.local/lib/python3.12/site-packages/airflow/example_dags/example_subdag_operator.py
[2024-05-14T01:56:36.669+0000] {processor.py:840} INFO - DAG(s) 'example_subdag_operator.section-1', 'example_subdag_operator.section-2', 'example_subdag_operator' retrieved from /home/airflow/.local/lib/python3.12/site-packages/airflow/example_dags/example_subdag_operator.py
[2024-05-14T01:56:36.676+0000] {logging_mixin.py:188} INFO - [2024-05-14T01:56:36.676+0000] {dag.py:3096} INFO - Sync 3 DAGs
[2024-05-14T01:56:36.687+0000] {logging_mixin.py:188} INFO - [2024-05-14T01:56:36.687+0000] {dag.py:3954} INFO - Setting next_dagrun for example_subdag_operator to 2022-01-01 00:00:00+00:00, run_after=2022-01-01 00:00:00+00:00
[2024-05-14T01:56:36.689+0000] {logging_mixin.py:188} INFO - [2024-05-14T01:56:36.689+0000] {dag.py:3954} INFO - Setting next_dagrun for example_subdag_operator.section-1 to None, run_after=None
[2024-05-14T01:56:36.690+0000] {logging_mixin.py:188} INFO - [2024-05-14T01:56:36.690+0000] {dag.py:3954} INFO - Setting next_dagrun for example_subdag_operator.section-2 to None, run_after=None
[2024-05-14T01:56:36.693+0000] {logging_mixin.py:188} INFO - [2024-05-14T01:56:36.693+0000] {dag.py:3096} INFO - Sync 2 DAGs
[2024-05-14T01:56:36.696+0000] {logging_mixin.py:188} INFO - [2024-05-14T01:56:36.696+0000] {dag.py:3954} INFO - Setting next_dagrun for example_subdag_operator.section-1 to None, run_after=None
[2024-05-14T01:56:36.696+0000] {logging_mixin.py:188} INFO - [2024-05-14T01:56:36.696+0000] {dag.py:3954} INFO - Setting next_dagrun for example_subdag_operator.section-2 to None, run_after=None
[2024-05-14T01:56:36.702+0000] {processor.py:183} INFO - Processing /home/airflow/.local/lib/python3.12/site-packages/airflow/example_dags/example_subdag_operator.py took 0.049 seconds
[2024-05-14T01:57:07.687+0000] {processor.py:161} INFO - Started process (PID=398) to work on /home/airflow/.local/lib/python3.12/site-packages/airflow/example_dags/example_subdag_operator.py
[2024-05-14T01:57:07.688+0000] {processor.py:830} INFO - Processing file /home/airflow/.local/lib/python3.12/site-packages/airflow/example_dags/example_subdag_operator.py for tasks to queue
[2024-05-14T01:57:07.690+0000] {logging_mixin.py:188} INFO - [2024-05-14T01:57:07.689+0000] {dagbag.py:545} INFO - Filling up the DagBag from /home/airflow/.local/lib/python3.12/site-packages/airflow/example_dags/example_subdag_operator.py
[2024-05-14T01:57:07.703+0000] {processor.py:840} INFO - DAG(s) 'example_subdag_operator.section-1', 'example_subdag_operator.section-2', 'example_subdag_operator' retrieved from /home/airflow/.local/lib/python3.12/site-packages/airflow/example_dags/example_subdag_operator.py
[2024-05-14T01:57:07.712+0000] {logging_mixin.py:188} INFO - [2024-05-14T01:57:07.712+0000] {dag.py:3096} INFO - Sync 3 DAGs
[2024-05-14T01:57:07.723+0000] {logging_mixin.py:188} INFO - [2024-05-14T01:57:07.722+0000] {dag.py:3954} INFO - Setting next_dagrun for example_subdag_operator to 2022-01-01 00:00:00+00:00, run_after=2022-01-01 00:00:00+00:00
[2024-05-14T01:57:07.726+0000] {logging_mixin.py:188} INFO - [2024-05-14T01:57:07.726+0000] {dag.py:3954} INFO - Setting next_dagrun for example_subdag_operator.section-1 to None, run_after=None
[2024-05-14T01:57:07.727+0000] {logging_mixin.py:188} INFO - [2024-05-14T01:57:07.727+0000] {dag.py:3954} INFO - Setting next_dagrun for example_subdag_operator.section-2 to None, run_after=None
[2024-05-14T01:57:07.730+0000] {logging_mixin.py:188} INFO - [2024-05-14T01:57:07.730+0000] {dag.py:3096} INFO - Sync 2 DAGs
[2024-05-14T01:57:07.733+0000] {logging_mixin.py:188} INFO - [2024-05-14T01:57:07.733+0000] {dag.py:3954} INFO - Setting next_dagrun for example_subdag_operator.section-1 to None, run_after=None
[2024-05-14T01:57:07.733+0000] {logging_mixin.py:188} INFO - [2024-05-14T01:57:07.733+0000] {dag.py:3954} INFO - Setting next_dagrun for example_subdag_operator.section-2 to None, run_after=None
[2024-05-14T01:57:07.738+0000] {processor.py:183} INFO - Processing /home/airflow/.local/lib/python3.12/site-packages/airflow/example_dags/example_subdag_operator.py took 0.053 seconds
[2024-05-14T01:57:38.465+0000] {processor.py:161} INFO - Started process (PID=457) to work on /home/airflow/.local/lib/python3.12/site-packages/airflow/example_dags/example_subdag_operator.py
[2024-05-14T01:57:38.467+0000] {processor.py:830} INFO - Processing file /home/airflow/.local/lib/python3.12/site-packages/airflow/example_dags/example_subdag_operator.py for tasks to queue
[2024-05-14T01:57:38.469+0000] {logging_mixin.py:188} INFO - [2024-05-14T01:57:38.468+0000] {dagbag.py:545} INFO - Filling up the DagBag from /home/airflow/.local/lib/python3.12/site-packages/airflow/example_dags/example_subdag_operator.py
[2024-05-14T01:57:38.484+0000] {processor.py:840} INFO - DAG(s) 'example_subdag_operator.section-1', 'example_subdag_operator.section-2', 'example_subdag_operator' retrieved from /home/airflow/.local/lib/python3.12/site-packages/airflow/example_dags/example_subdag_operator.py
[2024-05-14T01:57:38.492+0000] {logging_mixin.py:188} INFO - [2024-05-14T01:57:38.492+0000] {dag.py:3096} INFO - Sync 3 DAGs
[2024-05-14T01:57:38.504+0000] {logging_mixin.py:188} INFO - [2024-05-14T01:57:38.504+0000] {dag.py:3954} INFO - Setting next_dagrun for example_subdag_operator to 2022-01-01 00:00:00+00:00, run_after=2022-01-01 00:00:00+00:00
[2024-05-14T01:57:38.506+0000] {logging_mixin.py:188} INFO - [2024-05-14T01:57:38.506+0000] {dag.py:3954} INFO - Setting next_dagrun for example_subdag_operator.section-1 to None, run_after=None
[2024-05-14T01:57:38.507+0000] {logging_mixin.py:188} INFO - [2024-05-14T01:57:38.507+0000] {dag.py:3954} INFO - Setting next_dagrun for example_subdag_operator.section-2 to None, run_after=None
[2024-05-14T01:57:38.510+0000] {logging_mixin.py:188} INFO - [2024-05-14T01:57:38.510+0000] {dag.py:3096} INFO - Sync 2 DAGs
[2024-05-14T01:57:38.513+0000] {logging_mixin.py:188} INFO - [2024-05-14T01:57:38.513+0000] {dag.py:3954} INFO - Setting next_dagrun for example_subdag_operator.section-1 to None, run_after=None
[2024-05-14T01:57:38.513+0000] {logging_mixin.py:188} INFO - [2024-05-14T01:57:38.513+0000] {dag.py:3954} INFO - Setting next_dagrun for example_subdag_operator.section-2 to None, run_after=None
[2024-05-14T01:57:38.519+0000] {processor.py:183} INFO - Processing /home/airflow/.local/lib/python3.12/site-packages/airflow/example_dags/example_subdag_operator.py took 0.057 seconds
[2024-05-14T01:58:09.184+0000] {processor.py:161} INFO - Started process (PID=516) to work on /home/airflow/.local/lib/python3.12/site-packages/airflow/example_dags/example_subdag_operator.py
[2024-05-14T01:58:09.185+0000] {processor.py:830} INFO - Processing file /home/airflow/.local/lib/python3.12/site-packages/airflow/example_dags/example_subdag_operator.py for tasks to queue
[2024-05-14T01:58:09.186+0000] {logging_mixin.py:188} INFO - [2024-05-14T01:58:09.186+0000] {dagbag.py:545} INFO - Filling up the DagBag from /home/airflow/.local/lib/python3.12/site-packages/airflow/example_dags/example_subdag_operator.py
[2024-05-14T01:58:09.197+0000] {processor.py:840} INFO - DAG(s) 'example_subdag_operator.section-1', 'example_subdag_operator.section-2', 'example_subdag_operator' retrieved from /home/airflow/.local/lib/python3.12/site-packages/airflow/example_dags/example_subdag_operator.py
[2024-05-14T01:58:09.204+0000] {logging_mixin.py:188} INFO - [2024-05-14T01:58:09.203+0000] {dag.py:3096} INFO - Sync 3 DAGs
[2024-05-14T01:58:09.213+0000] {logging_mixin.py:188} INFO - [2024-05-14T01:58:09.213+0000] {dag.py:3954} INFO - Setting next_dagrun for example_subdag_operator to 2022-01-01 00:00:00+00:00, run_after=2022-01-01 00:00:00+00:00
[2024-05-14T01:58:09.215+0000] {logging_mixin.py:188} INFO - [2024-05-14T01:58:09.214+0000] {dag.py:3954} INFO - Setting next_dagrun for example_subdag_operator.section-1 to None, run_after=None
[2024-05-14T01:58:09.215+0000] {logging_mixin.py:188} INFO - [2024-05-14T01:58:09.215+0000] {dag.py:3954} INFO - Setting next_dagrun for example_subdag_operator.section-2 to None, run_after=None
[2024-05-14T01:58:09.219+0000] {logging_mixin.py:188} INFO - [2024-05-14T01:58:09.219+0000] {dag.py:3096} INFO - Sync 2 DAGs
[2024-05-14T01:58:09.221+0000] {logging_mixin.py:188} INFO - [2024-05-14T01:58:09.221+0000] {dag.py:3954} INFO - Setting next_dagrun for example_subdag_operator.section-1 to None, run_after=None
[2024-05-14T01:58:09.222+0000] {logging_mixin.py:188} INFO - [2024-05-14T01:58:09.222+0000] {dag.py:3954} INFO - Setting next_dagrun for example_subdag_operator.section-2 to None, run_after=None
[2024-05-14T01:58:09.226+0000] {processor.py:183} INFO - Processing /home/airflow/.local/lib/python3.12/site-packages/airflow/example_dags/example_subdag_operator.py took 0.045 seconds
[2024-05-14T01:58:39.945+0000] {processor.py:161} INFO - Started process (PID=574) to work on /home/airflow/.local/lib/python3.12/site-packages/airflow/example_dags/example_subdag_operator.py
[2024-05-14T01:58:39.945+0000] {processor.py:830} INFO - Processing file /home/airflow/.local/lib/python3.12/site-packages/airflow/example_dags/example_subdag_operator.py for tasks to queue
[2024-05-14T01:58:39.946+0000] {logging_mixin.py:188} INFO - [2024-05-14T01:58:39.946+0000] {dagbag.py:545} INFO - Filling up the DagBag from /home/airflow/.local/lib/python3.12/site-packages/airflow/example_dags/example_subdag_operator.py
[2024-05-14T01:58:39.958+0000] {processor.py:840} INFO - DAG(s) 'example_subdag_operator.section-1', 'example_subdag_operator.section-2', 'example_subdag_operator' retrieved from /home/airflow/.local/lib/python3.12/site-packages/airflow/example_dags/example_subdag_operator.py
[2024-05-14T01:58:39.965+0000] {logging_mixin.py:188} INFO - [2024-05-14T01:58:39.965+0000] {dag.py:3096} INFO - Sync 3 DAGs
[2024-05-14T01:58:39.975+0000] {logging_mixin.py:188} INFO - [2024-05-14T01:58:39.975+0000] {dag.py:3954} INFO - Setting next_dagrun for example_subdag_operator to 2022-01-01 00:00:00+00:00, run_after=2022-01-01 00:00:00+00:00
[2024-05-14T01:58:39.977+0000] {logging_mixin.py:188} INFO - [2024-05-14T01:58:39.977+0000] {dag.py:3954} INFO - Setting next_dagrun for example_subdag_operator.section-1 to None, run_after=None
[2024-05-14T01:58:39.977+0000] {logging_mixin.py:188} INFO - [2024-05-14T01:58:39.977+0000] {dag.py:3954} INFO - Setting next_dagrun for example_subdag_operator.section-2 to None, run_after=None
[2024-05-14T01:58:39.982+0000] {logging_mixin.py:188} INFO - [2024-05-14T01:58:39.982+0000] {dag.py:3096} INFO - Sync 2 DAGs
[2024-05-14T01:58:39.984+0000] {logging_mixin.py:188} INFO - [2024-05-14T01:58:39.984+0000] {dag.py:3954} INFO - Setting next_dagrun for example_subdag_operator.section-1 to None, run_after=None
[2024-05-14T01:58:39.985+0000] {logging_mixin.py:188} INFO - [2024-05-14T01:58:39.985+0000] {dag.py:3954} INFO - Setting next_dagrun for example_subdag_operator.section-2 to None, run_after=None
[2024-05-14T01:58:39.990+0000] {processor.py:183} INFO - Processing /home/airflow/.local/lib/python3.12/site-packages/airflow/example_dags/example_subdag_operator.py took 0.048 seconds
[2024-05-14T01:59:10.747+0000] {processor.py:161} INFO - Started process (PID=633) to work on /home/airflow/.local/lib/python3.12/site-packages/airflow/example_dags/example_subdag_operator.py
[2024-05-14T01:59:10.748+0000] {processor.py:830} INFO - Processing file /home/airflow/.local/lib/python3.12/site-packages/airflow/example_dags/example_subdag_operator.py for tasks to queue
[2024-05-14T01:59:10.750+0000] {logging_mixin.py:188} INFO - [2024-05-14T01:59:10.750+0000] {dagbag.py:545} INFO - Filling up the DagBag from /home/airflow/.local/lib/python3.12/site-packages/airflow/example_dags/example_subdag_operator.py
[2024-05-14T01:59:10.763+0000] {processor.py:840} INFO - DAG(s) 'example_subdag_operator.section-1', 'example_subdag_operator.section-2', 'example_subdag_operator' retrieved from /home/airflow/.local/lib/python3.12/site-packages/airflow/example_dags/example_subdag_operator.py
[2024-05-14T01:59:10.773+0000] {logging_mixin.py:188} INFO - [2024-05-14T01:59:10.773+0000] {dag.py:3096} INFO - Sync 3 DAGs
[2024-05-14T01:59:10.843+0000] {logging_mixin.py:188} INFO - [2024-05-14T01:59:10.843+0000] {dag.py:3954} INFO - Setting next_dagrun for example_subdag_operator to 2022-01-01 00:00:00+00:00, run_after=2022-01-01 00:00:00+00:00
[2024-05-14T01:59:10.846+0000] {logging_mixin.py:188} INFO - [2024-05-14T01:59:10.846+0000] {dag.py:3954} INFO - Setting next_dagrun for example_subdag_operator.section-1 to None, run_after=None
[2024-05-14T01:59:10.847+0000] {logging_mixin.py:188} INFO - [2024-05-14T01:59:10.847+0000] {dag.py:3954} INFO - Setting next_dagrun for example_subdag_operator.section-2 to None, run_after=None
[2024-05-14T01:59:10.852+0000] {logging_mixin.py:188} INFO - [2024-05-14T01:59:10.852+0000] {dag.py:3096} INFO - Sync 2 DAGs
[2024-05-14T01:59:10.855+0000] {logging_mixin.py:188} INFO - [2024-05-14T01:59:10.855+0000] {dag.py:3954} INFO - Setting next_dagrun for example_subdag_operator.section-1 to None, run_after=None
[2024-05-14T01:59:10.855+0000] {logging_mixin.py:188} INFO - [2024-05-14T01:59:10.855+0000] {dag.py:3954} INFO - Setting next_dagrun for example_subdag_operator.section-2 to None, run_after=None
[2024-05-14T01:59:10.860+0000] {processor.py:183} INFO - Processing /home/airflow/.local/lib/python3.12/site-packages/airflow/example_dags/example_subdag_operator.py took 0.116 seconds
[2024-05-14T01:59:41.526+0000] {processor.py:161} INFO - Started process (PID=692) to work on /home/airflow/.local/lib/python3.12/site-packages/airflow/example_dags/example_subdag_operator.py
[2024-05-14T01:59:41.526+0000] {processor.py:830} INFO - Processing file /home/airflow/.local/lib/python3.12/site-packages/airflow/example_dags/example_subdag_operator.py for tasks to queue
[2024-05-14T01:59:41.527+0000] {logging_mixin.py:188} INFO - [2024-05-14T01:59:41.527+0000] {dagbag.py:545} INFO - Filling up the DagBag from /home/airflow/.local/lib/python3.12/site-packages/airflow/example_dags/example_subdag_operator.py
[2024-05-14T01:59:41.541+0000] {processor.py:840} INFO - DAG(s) 'example_subdag_operator.section-1', 'example_subdag_operator.section-2', 'example_subdag_operator' retrieved from /home/airflow/.local/lib/python3.12/site-packages/airflow/example_dags/example_subdag_operator.py
[2024-05-14T01:59:41.549+0000] {logging_mixin.py:188} INFO - [2024-05-14T01:59:41.548+0000] {dag.py:3096} INFO - Sync 3 DAGs
[2024-05-14T01:59:41.560+0000] {logging_mixin.py:188} INFO - [2024-05-14T01:59:41.560+0000] {dag.py:3954} INFO - Setting next_dagrun for example_subdag_operator to 2022-01-01 00:00:00+00:00, run_after=2022-01-01 00:00:00+00:00
[2024-05-14T01:59:41.562+0000] {logging_mixin.py:188} INFO - [2024-05-14T01:59:41.562+0000] {dag.py:3954} INFO - Setting next_dagrun for example_subdag_operator.section-1 to None, run_after=None
[2024-05-14T01:59:41.563+0000] {logging_mixin.py:188} INFO - [2024-05-14T01:59:41.562+0000] {dag.py:3954} INFO - Setting next_dagrun for example_subdag_operator.section-2 to None, run_after=None
[2024-05-14T01:59:41.567+0000] {logging_mixin.py:188} INFO - [2024-05-14T01:59:41.567+0000] {dag.py:3096} INFO - Sync 2 DAGs
[2024-05-14T01:59:41.571+0000] {logging_mixin.py:188} INFO - [2024-05-14T01:59:41.571+0000] {dag.py:3954} INFO - Setting next_dagrun for example_subdag_operator.section-1 to None, run_after=None
[2024-05-14T01:59:41.571+0000] {logging_mixin.py:188} INFO - [2024-05-14T01:59:41.571+0000] {dag.py:3954} INFO - Setting next_dagrun for example_subdag_operator.section-2 to None, run_after=None
[2024-05-14T01:59:41.585+0000] {processor.py:183} INFO - Processing /home/airflow/.local/lib/python3.12/site-packages/airflow/example_dags/example_subdag_operator.py took 0.062 seconds
[2024-05-14T02:00:12.352+0000] {processor.py:161} INFO - Started process (PID=751) to work on /home/airflow/.local/lib/python3.12/site-packages/airflow/example_dags/example_subdag_operator.py
[2024-05-14T02:00:12.352+0000] {processor.py:830} INFO - Processing file /home/airflow/.local/lib/python3.12/site-packages/airflow/example_dags/example_subdag_operator.py for tasks to queue
[2024-05-14T02:00:12.354+0000] {logging_mixin.py:188} INFO - [2024-05-14T02:00:12.354+0000] {dagbag.py:545} INFO - Filling up the DagBag from /home/airflow/.local/lib/python3.12/site-packages/airflow/example_dags/example_subdag_operator.py
[2024-05-14T02:00:12.371+0000] {processor.py:840} INFO - DAG(s) 'example_subdag_operator.section-1', 'example_subdag_operator.section-2', 'example_subdag_operator' retrieved from /home/airflow/.local/lib/python3.12/site-packages/airflow/example_dags/example_subdag_operator.py
[2024-05-14T02:00:12.379+0000] {logging_mixin.py:188} INFO - [2024-05-14T02:00:12.379+0000] {dag.py:3096} INFO - Sync 3 DAGs
[2024-05-14T02:00:12.393+0000] {logging_mixin.py:188} INFO - [2024-05-14T02:00:12.393+0000] {dag.py:3954} INFO - Setting next_dagrun for example_subdag_operator to 2022-01-01 00:00:00+00:00, run_after=2022-01-01 00:00:00+00:00
[2024-05-14T02:00:12.396+0000] {logging_mixin.py:188} INFO - [2024-05-14T02:00:12.396+0000] {dag.py:3954} INFO - Setting next_dagrun for example_subdag_operator.section-1 to None, run_after=None
[2024-05-14T02:00:12.397+0000] {logging_mixin.py:188} INFO - [2024-05-14T02:00:12.397+0000] {dag.py:3954} INFO - Setting next_dagrun for example_subdag_operator.section-2 to None, run_after=None
[2024-05-14T02:00:12.401+0000] {logging_mixin.py:188} INFO - [2024-05-14T02:00:12.401+0000] {dag.py:3096} INFO - Sync 2 DAGs
[2024-05-14T02:00:12.406+0000] {logging_mixin.py:188} INFO - [2024-05-14T02:00:12.406+0000] {dag.py:3954} INFO - Setting next_dagrun for example_subdag_operator.section-1 to None, run_after=None
[2024-05-14T02:00:12.407+0000] {logging_mixin.py:188} INFO - [2024-05-14T02:00:12.407+0000] {dag.py:3954} INFO - Setting next_dagrun for example_subdag_operator.section-2 to None, run_after=None
[2024-05-14T02:00:12.413+0000] {processor.py:183} INFO - Processing /home/airflow/.local/lib/python3.12/site-packages/airflow/example_dags/example_subdag_operator.py took 0.065 seconds
[2024-05-14T02:00:43.132+0000] {processor.py:161} INFO - Started process (PID=810) to work on /home/airflow/.local/lib/python3.12/site-packages/airflow/example_dags/example_subdag_operator.py
[2024-05-14T02:00:43.132+0000] {processor.py:830} INFO - Processing file /home/airflow/.local/lib/python3.12/site-packages/airflow/example_dags/example_subdag_operator.py for tasks to queue
[2024-05-14T02:00:43.133+0000] {logging_mixin.py:188} INFO - [2024-05-14T02:00:43.133+0000] {dagbag.py:545} INFO - Filling up the DagBag from /home/airflow/.local/lib/python3.12/site-packages/airflow/example_dags/example_subdag_operator.py
[2024-05-14T02:00:43.146+0000] {processor.py:840} INFO - DAG(s) 'example_subdag_operator.section-1', 'example_subdag_operator.section-2', 'example_subdag_operator' retrieved from /home/airflow/.local/lib/python3.12/site-packages/airflow/example_dags/example_subdag_operator.py
[2024-05-14T02:00:43.157+0000] {logging_mixin.py:188} INFO - [2024-05-14T02:00:43.157+0000] {dag.py:3096} INFO - Sync 3 DAGs
[2024-05-14T02:00:43.167+0000] {logging_mixin.py:188} INFO - [2024-05-14T02:00:43.167+0000] {dag.py:3954} INFO - Setting next_dagrun for example_subdag_operator to 2022-01-01 00:00:00+00:00, run_after=2022-01-01 00:00:00+00:00
[2024-05-14T02:00:43.169+0000] {logging_mixin.py:188} INFO - [2024-05-14T02:00:43.169+0000] {dag.py:3954} INFO - Setting next_dagrun for example_subdag_operator.section-1 to None, run_after=None
[2024-05-14T02:00:43.170+0000] {logging_mixin.py:188} INFO - [2024-05-14T02:00:43.170+0000] {dag.py:3954} INFO - Setting next_dagrun for example_subdag_operator.section-2 to None, run_after=None
[2024-05-14T02:00:43.173+0000] {logging_mixin.py:188} INFO - [2024-05-14T02:00:43.173+0000] {dag.py:3096} INFO - Sync 2 DAGs
[2024-05-14T02:00:43.176+0000] {logging_mixin.py:188} INFO - [2024-05-14T02:00:43.176+0000] {dag.py:3954} INFO - Setting next_dagrun for example_subdag_operator.section-1 to None, run_after=None
[2024-05-14T02:00:43.176+0000] {logging_mixin.py:188} INFO - [2024-05-14T02:00:43.176+0000] {dag.py:3954} INFO - Setting next_dagrun for example_subdag_operator.section-2 to None, run_after=None
[2024-05-14T02:00:43.181+0000] {processor.py:183} INFO - Processing /home/airflow/.local/lib/python3.12/site-packages/airflow/example_dags/example_subdag_operator.py took 0.052 seconds
[2024-05-14T02:01:13.410+0000] {processor.py:161} INFO - Started process (PID=869) to work on /home/airflow/.local/lib/python3.12/site-packages/airflow/example_dags/example_subdag_operator.py
[2024-05-14T02:01:13.410+0000] {processor.py:830} INFO - Processing file /home/airflow/.local/lib/python3.12/site-packages/airflow/example_dags/example_subdag_operator.py for tasks to queue
[2024-05-14T02:01:13.411+0000] {logging_mixin.py:188} INFO - [2024-05-14T02:01:13.411+0000] {dagbag.py:545} INFO - Filling up the DagBag from /home/airflow/.local/lib/python3.12/site-packages/airflow/example_dags/example_subdag_operator.py
[2024-05-14T02:01:13.424+0000] {processor.py:840} INFO - DAG(s) 'example_subdag_operator.section-1', 'example_subdag_operator.section-2', 'example_subdag_operator' retrieved from /home/airflow/.local/lib/python3.12/site-packages/airflow/example_dags/example_subdag_operator.py
[2024-05-14T02:01:13.432+0000] {logging_mixin.py:188} INFO - [2024-05-14T02:01:13.431+0000] {dag.py:3096} INFO - Sync 3 DAGs
[2024-05-14T02:01:13.442+0000] {logging_mixin.py:188} INFO - [2024-05-14T02:01:13.442+0000] {dag.py:3954} INFO - Setting next_dagrun for example_subdag_operator to 2022-01-01 00:00:00+00:00, run_after=2022-01-01 00:00:00+00:00
[2024-05-14T02:01:13.444+0000] {logging_mixin.py:188} INFO - [2024-05-14T02:01:13.444+0000] {dag.py:3954} INFO - Setting next_dagrun for example_subdag_operator.section-1 to None, run_after=None
[2024-05-14T02:01:13.444+0000] {logging_mixin.py:188} INFO - [2024-05-14T02:01:13.444+0000] {dag.py:3954} INFO - Setting next_dagrun for example_subdag_operator.section-2 to None, run_after=None
[2024-05-14T02:01:13.448+0000] {logging_mixin.py:188} INFO - [2024-05-14T02:01:13.448+0000] {dag.py:3096} INFO - Sync 2 DAGs
[2024-05-14T02:01:13.450+0000] {logging_mixin.py:188} INFO - [2024-05-14T02:01:13.450+0000] {dag.py:3954} INFO - Setting next_dagrun for example_subdag_operator.section-1 to None, run_after=None
[2024-05-14T02:01:13.451+0000] {logging_mixin.py:188} INFO - [2024-05-14T02:01:13.451+0000] {dag.py:3954} INFO - Setting next_dagrun for example_subdag_operator.section-2 to None, run_after=None
[2024-05-14T02:01:13.456+0000] {processor.py:183} INFO - Processing /home/airflow/.local/lib/python3.12/site-packages/airflow/example_dags/example_subdag_operator.py took 0.049 seconds
[2024-05-14T02:01:44.493+0000] {processor.py:161} INFO - Started process (PID=928) to work on /home/airflow/.local/lib/python3.12/site-packages/airflow/example_dags/example_subdag_operator.py
[2024-05-14T02:01:44.494+0000] {processor.py:830} INFO - Processing file /home/airflow/.local/lib/python3.12/site-packages/airflow/example_dags/example_subdag_operator.py for tasks to queue
[2024-05-14T02:01:44.495+0000] {logging_mixin.py:188} INFO - [2024-05-14T02:01:44.495+0000] {dagbag.py:545} INFO - Filling up the DagBag from /home/airflow/.local/lib/python3.12/site-packages/airflow/example_dags/example_subdag_operator.py
[2024-05-14T02:01:44.506+0000] {processor.py:840} INFO - DAG(s) 'example_subdag_operator.section-1', 'example_subdag_operator.section-2', 'example_subdag_operator' retrieved from /home/airflow/.local/lib/python3.12/site-packages/airflow/example_dags/example_subdag_operator.py
[2024-05-14T02:01:44.515+0000] {logging_mixin.py:188} INFO - [2024-05-14T02:01:44.514+0000] {dag.py:3096} INFO - Sync 3 DAGs
[2024-05-14T02:01:44.525+0000] {logging_mixin.py:188} INFO - [2024-05-14T02:01:44.525+0000] {dag.py:3954} INFO - Setting next_dagrun for example_subdag_operator to 2022-01-01 00:00:00+00:00, run_after=2022-01-01 00:00:00+00:00
[2024-05-14T02:01:44.527+0000] {logging_mixin.py:188} INFO - [2024-05-14T02:01:44.527+0000] {dag.py:3954} INFO - Setting next_dagrun for example_subdag_operator.section-1 to None, run_after=None
[2024-05-14T02:01:44.527+0000] {logging_mixin.py:188} INFO - [2024-05-14T02:01:44.527+0000] {dag.py:3954} INFO - Setting next_dagrun for example_subdag_operator.section-2 to None, run_after=None
[2024-05-14T02:01:44.531+0000] {logging_mixin.py:188} INFO - [2024-05-14T02:01:44.531+0000] {dag.py:3096} INFO - Sync 2 DAGs
[2024-05-14T02:01:44.533+0000] {logging_mixin.py:188} INFO - [2024-05-14T02:01:44.533+0000] {dag.py:3954} INFO - Setting next_dagrun for example_subdag_operator.section-1 to None, run_after=None
[2024-05-14T02:01:44.534+0000] {logging_mixin.py:188} INFO - [2024-05-14T02:01:44.534+0000] {dag.py:3954} INFO - Setting next_dagrun for example_subdag_operator.section-2 to None, run_after=None
[2024-05-14T02:01:44.538+0000] {processor.py:183} INFO - Processing /home/airflow/.local/lib/python3.12/site-packages/airflow/example_dags/example_subdag_operator.py took 0.048 seconds
[2024-05-14T02:02:14.590+0000] {processor.py:161} INFO - Started process (PID=986) to work on /home/airflow/.local/lib/python3.12/site-packages/airflow/example_dags/example_subdag_operator.py
[2024-05-14T02:02:14.591+0000] {processor.py:830} INFO - Processing file /home/airflow/.local/lib/python3.12/site-packages/airflow/example_dags/example_subdag_operator.py for tasks to queue
[2024-05-14T02:02:14.592+0000] {logging_mixin.py:188} INFO - [2024-05-14T02:02:14.592+0000] {dagbag.py:545} INFO - Filling up the DagBag from /home/airflow/.local/lib/python3.12/site-packages/airflow/example_dags/example_subdag_operator.py
[2024-05-14T02:02:14.604+0000] {processor.py:840} INFO - DAG(s) 'example_subdag_operator.section-1', 'example_subdag_operator.section-2', 'example_subdag_operator' retrieved from /home/airflow/.local/lib/python3.12/site-packages/airflow/example_dags/example_subdag_operator.py
[2024-05-14T02:02:14.612+0000] {logging_mixin.py:188} INFO - [2024-05-14T02:02:14.612+0000] {dag.py:3096} INFO - Sync 3 DAGs
[2024-05-14T02:02:14.622+0000] {logging_mixin.py:188} INFO - [2024-05-14T02:02:14.622+0000] {dag.py:3954} INFO - Setting next_dagrun for example_subdag_operator to 2022-01-01 00:00:00+00:00, run_after=2022-01-01 00:00:00+00:00
[2024-05-14T02:02:14.625+0000] {logging_mixin.py:188} INFO - [2024-05-14T02:02:14.624+0000] {dag.py:3954} INFO - Setting next_dagrun for example_subdag_operator.section-1 to None, run_after=None
[2024-05-14T02:02:14.625+0000] {logging_mixin.py:188} INFO - [2024-05-14T02:02:14.625+0000] {dag.py:3954} INFO - Setting next_dagrun for example_subdag_operator.section-2 to None, run_after=None
[2024-05-14T02:02:14.629+0000] {logging_mixin.py:188} INFO - [2024-05-14T02:02:14.629+0000] {dag.py:3096} INFO - Sync 2 DAGs
[2024-05-14T02:02:14.632+0000] {logging_mixin.py:188} INFO - [2024-05-14T02:02:14.632+0000] {dag.py:3954} INFO - Setting next_dagrun for example_subdag_operator.section-1 to None, run_after=None
[2024-05-14T02:02:14.633+0000] {logging_mixin.py:188} INFO - [2024-05-14T02:02:14.632+0000] {dag.py:3954} INFO - Setting next_dagrun for example_subdag_operator.section-2 to None, run_after=None
[2024-05-14T02:02:14.639+0000] {processor.py:183} INFO - Processing /home/airflow/.local/lib/python3.12/site-packages/airflow/example_dags/example_subdag_operator.py took 0.052 seconds
[2024-05-14T02:02:44.814+0000] {processor.py:161} INFO - Started process (PID=1045) to work on /home/airflow/.local/lib/python3.12/site-packages/airflow/example_dags/example_subdag_operator.py
[2024-05-14T02:02:44.814+0000] {processor.py:830} INFO - Processing file /home/airflow/.local/lib/python3.12/site-packages/airflow/example_dags/example_subdag_operator.py for tasks to queue
[2024-05-14T02:02:44.815+0000] {logging_mixin.py:188} INFO - [2024-05-14T02:02:44.815+0000] {dagbag.py:545} INFO - Filling up the DagBag from /home/airflow/.local/lib/python3.12/site-packages/airflow/example_dags/example_subdag_operator.py
[2024-05-14T02:02:44.827+0000] {processor.py:840} INFO - DAG(s) 'example_subdag_operator.section-1', 'example_subdag_operator.section-2', 'example_subdag_operator' retrieved from /home/airflow/.local/lib/python3.12/site-packages/airflow/example_dags/example_subdag_operator.py
[2024-05-14T02:02:44.835+0000] {logging_mixin.py:188} INFO - [2024-05-14T02:02:44.834+0000] {dag.py:3096} INFO - Sync 3 DAGs
[2024-05-14T02:02:44.846+0000] {logging_mixin.py:188} INFO - [2024-05-14T02:02:44.846+0000] {dag.py:3954} INFO - Setting next_dagrun for example_subdag_operator to 2022-01-01 00:00:00+00:00, run_after=2022-01-01 00:00:00+00:00
[2024-05-14T02:02:44.848+0000] {logging_mixin.py:188} INFO - [2024-05-14T02:02:44.848+0000] {dag.py:3954} INFO - Setting next_dagrun for example_subdag_operator.section-1 to None, run_after=None
[2024-05-14T02:02:44.849+0000] {logging_mixin.py:188} INFO - [2024-05-14T02:02:44.849+0000] {dag.py:3954} INFO - Setting next_dagrun for example_subdag_operator.section-2 to None, run_after=None
[2024-05-14T02:02:44.853+0000] {logging_mixin.py:188} INFO - [2024-05-14T02:02:44.853+0000] {dag.py:3096} INFO - Sync 2 DAGs
[2024-05-14T02:02:44.856+0000] {logging_mixin.py:188} INFO - [2024-05-14T02:02:44.856+0000] {dag.py:3954} INFO - Setting next_dagrun for example_subdag_operator.section-1 to None, run_after=None
[2024-05-14T02:02:44.857+0000] {logging_mixin.py:188} INFO - [2024-05-14T02:02:44.857+0000] {dag.py:3954} INFO - Setting next_dagrun for example_subdag_operator.section-2 to None, run_after=None
[2024-05-14T02:02:44.862+0000] {processor.py:183} INFO - Processing /home/airflow/.local/lib/python3.12/site-packages/airflow/example_dags/example_subdag_operator.py took 0.052 seconds
[2024-05-14T02:03:14.932+0000] {processor.py:161} INFO - Started process (PID=1104) to work on /home/airflow/.local/lib/python3.12/site-packages/airflow/example_dags/example_subdag_operator.py
[2024-05-14T02:03:14.933+0000] {processor.py:830} INFO - Processing file /home/airflow/.local/lib/python3.12/site-packages/airflow/example_dags/example_subdag_operator.py for tasks to queue
[2024-05-14T02:03:14.936+0000] {logging_mixin.py:188} INFO - [2024-05-14T02:03:14.935+0000] {dagbag.py:545} INFO - Filling up the DagBag from /home/airflow/.local/lib/python3.12/site-packages/airflow/example_dags/example_subdag_operator.py
[2024-05-14T02:03:14.960+0000] {processor.py:840} INFO - DAG(s) 'example_subdag_operator.section-1', 'example_subdag_operator.section-2', 'example_subdag_operator' retrieved from /home/airflow/.local/lib/python3.12/site-packages/airflow/example_dags/example_subdag_operator.py
[2024-05-14T02:03:14.971+0000] {logging_mixin.py:188} INFO - [2024-05-14T02:03:14.970+0000] {dag.py:3096} INFO - Sync 3 DAGs
[2024-05-14T02:03:14.984+0000] {logging_mixin.py:188} INFO - [2024-05-14T02:03:14.983+0000] {dag.py:3954} INFO - Setting next_dagrun for example_subdag_operator to 2022-01-01 00:00:00+00:00, run_after=2022-01-01 00:00:00+00:00
[2024-05-14T02:03:14.986+0000] {logging_mixin.py:188} INFO - [2024-05-14T02:03:14.985+0000] {dag.py:3954} INFO - Setting next_dagrun for example_subdag_operator.section-1 to None, run_after=None
[2024-05-14T02:03:14.986+0000] {logging_mixin.py:188} INFO - [2024-05-14T02:03:14.986+0000] {dag.py:3954} INFO - Setting next_dagrun for example_subdag_operator.section-2 to None, run_after=None
[2024-05-14T02:03:14.990+0000] {logging_mixin.py:188} INFO - [2024-05-14T02:03:14.990+0000] {dag.py:3096} INFO - Sync 2 DAGs
[2024-05-14T02:03:14.993+0000] {logging_mixin.py:188} INFO - [2024-05-14T02:03:14.993+0000] {dag.py:3954} INFO - Setting next_dagrun for example_subdag_operator.section-1 to None, run_after=None
[2024-05-14T02:03:14.994+0000] {logging_mixin.py:188} INFO - [2024-05-14T02:03:14.993+0000] {dag.py:3954} INFO - Setting next_dagrun for example_subdag_operator.section-2 to None, run_after=None
[2024-05-14T02:03:14.998+0000] {processor.py:183} INFO - Processing /home/airflow/.local/lib/python3.12/site-packages/airflow/example_dags/example_subdag_operator.py took 0.076 seconds
[2024-05-14T02:03:45.809+0000] {processor.py:161} INFO - Started process (PID=1164) to work on /home/airflow/.local/lib/python3.12/site-packages/airflow/example_dags/example_subdag_operator.py
[2024-05-14T02:03:45.809+0000] {processor.py:830} INFO - Processing file /home/airflow/.local/lib/python3.12/site-packages/airflow/example_dags/example_subdag_operator.py for tasks to queue
[2024-05-14T02:03:45.810+0000] {logging_mixin.py:188} INFO - [2024-05-14T02:03:45.810+0000] {dagbag.py:545} INFO - Filling up the DagBag from /home/airflow/.local/lib/python3.12/site-packages/airflow/example_dags/example_subdag_operator.py
[2024-05-14T02:03:45.823+0000] {processor.py:840} INFO - DAG(s) 'example_subdag_operator.section-1', 'example_subdag_operator.section-2', 'example_subdag_operator' retrieved from /home/airflow/.local/lib/python3.12/site-packages/airflow/example_dags/example_subdag_operator.py
[2024-05-14T02:03:45.834+0000] {logging_mixin.py:188} INFO - [2024-05-14T02:03:45.834+0000] {dag.py:3096} INFO - Sync 3 DAGs
[2024-05-14T02:03:45.845+0000] {logging_mixin.py:188} INFO - [2024-05-14T02:03:45.845+0000] {dag.py:3954} INFO - Setting next_dagrun for example_subdag_operator to 2022-01-01 00:00:00+00:00, run_after=2022-01-01 00:00:00+00:00
[2024-05-14T02:03:45.847+0000] {logging_mixin.py:188} INFO - [2024-05-14T02:03:45.847+0000] {dag.py:3954} INFO - Setting next_dagrun for example_subdag_operator.section-1 to None, run_after=None
[2024-05-14T02:03:45.848+0000] {logging_mixin.py:188} INFO - [2024-05-14T02:03:45.848+0000] {dag.py:3954} INFO - Setting next_dagrun for example_subdag_operator.section-2 to None, run_after=None
[2024-05-14T02:03:45.852+0000] {logging_mixin.py:188} INFO - [2024-05-14T02:03:45.852+0000] {dag.py:3096} INFO - Sync 2 DAGs
[2024-05-14T02:03:45.856+0000] {logging_mixin.py:188} INFO - [2024-05-14T02:03:45.855+0000] {dag.py:3954} INFO - Setting next_dagrun for example_subdag_operator.section-1 to None, run_after=None
[2024-05-14T02:03:45.856+0000] {logging_mixin.py:188} INFO - [2024-05-14T02:03:45.856+0000] {dag.py:3954} INFO - Setting next_dagrun for example_subdag_operator.section-2 to None, run_after=None
[2024-05-14T02:03:45.862+0000] {processor.py:183} INFO - Processing /home/airflow/.local/lib/python3.12/site-packages/airflow/example_dags/example_subdag_operator.py took 0.056 seconds
[2024-05-14T02:04:15.892+0000] {processor.py:161} INFO - Started process (PID=1221) to work on /home/airflow/.local/lib/python3.12/site-packages/airflow/example_dags/example_subdag_operator.py
[2024-05-14T02:04:15.893+0000] {processor.py:830} INFO - Processing file /home/airflow/.local/lib/python3.12/site-packages/airflow/example_dags/example_subdag_operator.py for tasks to queue
[2024-05-14T02:04:15.895+0000] {logging_mixin.py:188} INFO - [2024-05-14T02:04:15.894+0000] {dagbag.py:545} INFO - Filling up the DagBag from /home/airflow/.local/lib/python3.12/site-packages/airflow/example_dags/example_subdag_operator.py
[2024-05-14T02:04:15.917+0000] {processor.py:840} INFO - DAG(s) 'example_subdag_operator.section-1', 'example_subdag_operator.section-2', 'example_subdag_operator' retrieved from /home/airflow/.local/lib/python3.12/site-packages/airflow/example_dags/example_subdag_operator.py
[2024-05-14T02:04:15.927+0000] {logging_mixin.py:188} INFO - [2024-05-14T02:04:15.927+0000] {dag.py:3096} INFO - Sync 3 DAGs
[2024-05-14T02:04:15.939+0000] {logging_mixin.py:188} INFO - [2024-05-14T02:04:15.939+0000] {dag.py:3954} INFO - Setting next_dagrun for example_subdag_operator to 2022-01-01 00:00:00+00:00, run_after=2022-01-01 00:00:00+00:00
[2024-05-14T02:04:15.942+0000] {logging_mixin.py:188} INFO - [2024-05-14T02:04:15.941+0000] {dag.py:3954} INFO - Setting next_dagrun for example_subdag_operator.section-1 to None, run_after=None
[2024-05-14T02:04:15.942+0000] {logging_mixin.py:188} INFO - [2024-05-14T02:04:15.942+0000] {dag.py:3954} INFO - Setting next_dagrun for example_subdag_operator.section-2 to None, run_after=None
[2024-05-14T02:04:15.946+0000] {logging_mixin.py:188} INFO - [2024-05-14T02:04:15.946+0000] {dag.py:3096} INFO - Sync 2 DAGs
[2024-05-14T02:04:15.949+0000] {logging_mixin.py:188} INFO - [2024-05-14T02:04:15.949+0000] {dag.py:3954} INFO - Setting next_dagrun for example_subdag_operator.section-1 to None, run_after=None
[2024-05-14T02:04:15.949+0000] {logging_mixin.py:188} INFO - [2024-05-14T02:04:15.949+0000] {dag.py:3954} INFO - Setting next_dagrun for example_subdag_operator.section-2 to None, run_after=None
[2024-05-14T02:04:15.956+0000] {processor.py:183} INFO - Processing /home/airflow/.local/lib/python3.12/site-packages/airflow/example_dags/example_subdag_operator.py took 0.073 seconds
[2024-05-14T02:04:46.047+0000] {processor.py:161} INFO - Started process (PID=1280) to work on /home/airflow/.local/lib/python3.12/site-packages/airflow/example_dags/example_subdag_operator.py
[2024-05-14T02:04:46.047+0000] {processor.py:830} INFO - Processing file /home/airflow/.local/lib/python3.12/site-packages/airflow/example_dags/example_subdag_operator.py for tasks to queue
[2024-05-14T02:04:46.048+0000] {logging_mixin.py:188} INFO - [2024-05-14T02:04:46.048+0000] {dagbag.py:545} INFO - Filling up the DagBag from /home/airflow/.local/lib/python3.12/site-packages/airflow/example_dags/example_subdag_operator.py
[2024-05-14T02:04:46.064+0000] {processor.py:840} INFO - DAG(s) 'example_subdag_operator.section-1', 'example_subdag_operator.section-2', 'example_subdag_operator' retrieved from /home/airflow/.local/lib/python3.12/site-packages/airflow/example_dags/example_subdag_operator.py
[2024-05-14T02:04:46.073+0000] {logging_mixin.py:188} INFO - [2024-05-14T02:04:46.073+0000] {dag.py:3096} INFO - Sync 3 DAGs
[2024-05-14T02:04:46.086+0000] {logging_mixin.py:188} INFO - [2024-05-14T02:04:46.086+0000] {dag.py:3954} INFO - Setting next_dagrun for example_subdag_operator to 2022-01-01 00:00:00+00:00, run_after=2022-01-01 00:00:00+00:00
[2024-05-14T02:04:46.088+0000] {logging_mixin.py:188} INFO - [2024-05-14T02:04:46.088+0000] {dag.py:3954} INFO - Setting next_dagrun for example_subdag_operator.section-1 to None, run_after=None
[2024-05-14T02:04:46.089+0000] {logging_mixin.py:188} INFO - [2024-05-14T02:04:46.089+0000] {dag.py:3954} INFO - Setting next_dagrun for example_subdag_operator.section-2 to None, run_after=None
[2024-05-14T02:04:46.095+0000] {logging_mixin.py:188} INFO - [2024-05-14T02:04:46.095+0000] {dag.py:3096} INFO - Sync 2 DAGs
[2024-05-14T02:04:46.098+0000] {logging_mixin.py:188} INFO - [2024-05-14T02:04:46.098+0000] {dag.py:3954} INFO - Setting next_dagrun for example_subdag_operator.section-1 to None, run_after=None
[2024-05-14T02:04:46.099+0000] {logging_mixin.py:188} INFO - [2024-05-14T02:04:46.098+0000] {dag.py:3954} INFO - Setting next_dagrun for example_subdag_operator.section-2 to None, run_after=None
[2024-05-14T02:04:46.105+0000] {processor.py:183} INFO - Processing /home/airflow/.local/lib/python3.12/site-packages/airflow/example_dags/example_subdag_operator.py took 0.063 seconds
[2024-05-14T02:05:16.162+0000] {processor.py:161} INFO - Started process (PID=1339) to work on /home/airflow/.local/lib/python3.12/site-packages/airflow/example_dags/example_subdag_operator.py
[2024-05-14T02:05:16.163+0000] {processor.py:830} INFO - Processing file /home/airflow/.local/lib/python3.12/site-packages/airflow/example_dags/example_subdag_operator.py for tasks to queue
[2024-05-14T02:05:16.166+0000] {logging_mixin.py:188} INFO - [2024-05-14T02:05:16.165+0000] {dagbag.py:545} INFO - Filling up the DagBag from /home/airflow/.local/lib/python3.12/site-packages/airflow/example_dags/example_subdag_operator.py
[2024-05-14T02:05:16.190+0000] {processor.py:840} INFO - DAG(s) 'example_subdag_operator.section-1', 'example_subdag_operator.section-2', 'example_subdag_operator' retrieved from /home/airflow/.local/lib/python3.12/site-packages/airflow/example_dags/example_subdag_operator.py
[2024-05-14T02:05:16.200+0000] {logging_mixin.py:188} INFO - [2024-05-14T02:05:16.200+0000] {dag.py:3096} INFO - Sync 3 DAGs
[2024-05-14T02:05:16.213+0000] {logging_mixin.py:188} INFO - [2024-05-14T02:05:16.213+0000] {dag.py:3954} INFO - Setting next_dagrun for example_subdag_operator to 2022-01-01 00:00:00+00:00, run_after=2022-01-01 00:00:00+00:00
[2024-05-14T02:05:16.216+0000] {logging_mixin.py:188} INFO - [2024-05-14T02:05:16.216+0000] {dag.py:3954} INFO - Setting next_dagrun for example_subdag_operator.section-1 to None, run_after=None
[2024-05-14T02:05:16.217+0000] {logging_mixin.py:188} INFO - [2024-05-14T02:05:16.216+0000] {dag.py:3954} INFO - Setting next_dagrun for example_subdag_operator.section-2 to None, run_after=None
[2024-05-14T02:05:16.221+0000] {logging_mixin.py:188} INFO - [2024-05-14T02:05:16.221+0000] {dag.py:3096} INFO - Sync 2 DAGs
[2024-05-14T02:05:16.224+0000] {logging_mixin.py:188} INFO - [2024-05-14T02:05:16.223+0000] {dag.py:3954} INFO - Setting next_dagrun for example_subdag_operator.section-1 to None, run_after=None
[2024-05-14T02:05:16.224+0000] {logging_mixin.py:188} INFO - [2024-05-14T02:05:16.224+0000] {dag.py:3954} INFO - Setting next_dagrun for example_subdag_operator.section-2 to None, run_after=None
[2024-05-14T02:05:16.229+0000] {processor.py:183} INFO - Processing /home/airflow/.local/lib/python3.12/site-packages/airflow/example_dags/example_subdag_operator.py took 0.076 seconds
[2024-05-14T02:05:46.957+0000] {processor.py:161} INFO - Started process (PID=1399) to work on /home/airflow/.local/lib/python3.12/site-packages/airflow/example_dags/example_subdag_operator.py
[2024-05-14T02:05:46.958+0000] {processor.py:830} INFO - Processing file /home/airflow/.local/lib/python3.12/site-packages/airflow/example_dags/example_subdag_operator.py for tasks to queue
[2024-05-14T02:05:46.959+0000] {logging_mixin.py:188} INFO - [2024-05-14T02:05:46.958+0000] {dagbag.py:545} INFO - Filling up the DagBag from /home/airflow/.local/lib/python3.12/site-packages/airflow/example_dags/example_subdag_operator.py
[2024-05-14T02:05:46.970+0000] {processor.py:840} INFO - DAG(s) 'example_subdag_operator.section-1', 'example_subdag_operator.section-2', 'example_subdag_operator' retrieved from /home/airflow/.local/lib/python3.12/site-packages/airflow/example_dags/example_subdag_operator.py
[2024-05-14T02:05:46.977+0000] {logging_mixin.py:188} INFO - [2024-05-14T02:05:46.977+0000] {dag.py:3096} INFO - Sync 3 DAGs
[2024-05-14T02:05:46.988+0000] {logging_mixin.py:188} INFO - [2024-05-14T02:05:46.988+0000] {dag.py:3954} INFO - Setting next_dagrun for example_subdag_operator to 2022-01-01 00:00:00+00:00, run_after=2022-01-01 00:00:00+00:00
[2024-05-14T02:05:46.990+0000] {logging_mixin.py:188} INFO - [2024-05-14T02:05:46.990+0000] {dag.py:3954} INFO - Setting next_dagrun for example_subdag_operator.section-1 to None, run_after=None
[2024-05-14T02:05:46.990+0000] {logging_mixin.py:188} INFO - [2024-05-14T02:05:46.990+0000] {dag.py:3954} INFO - Setting next_dagrun for example_subdag_operator.section-2 to None, run_after=None
[2024-05-14T02:05:46.994+0000] {logging_mixin.py:188} INFO - [2024-05-14T02:05:46.994+0000] {dag.py:3096} INFO - Sync 2 DAGs
[2024-05-14T02:05:46.997+0000] {logging_mixin.py:188} INFO - [2024-05-14T02:05:46.996+0000] {dag.py:3954} INFO - Setting next_dagrun for example_subdag_operator.section-1 to None, run_after=None
[2024-05-14T02:05:46.997+0000] {logging_mixin.py:188} INFO - [2024-05-14T02:05:46.997+0000] {dag.py:3954} INFO - Setting next_dagrun for example_subdag_operator.section-2 to None, run_after=None
[2024-05-14T02:05:47.002+0000] {processor.py:183} INFO - Processing /home/airflow/.local/lib/python3.12/site-packages/airflow/example_dags/example_subdag_operator.py took 0.048 seconds
[2024-05-14T02:06:17.049+0000] {processor.py:161} INFO - Started process (PID=1457) to work on /home/airflow/.local/lib/python3.12/site-packages/airflow/example_dags/example_subdag_operator.py
[2024-05-14T02:06:17.050+0000] {processor.py:830} INFO - Processing file /home/airflow/.local/lib/python3.12/site-packages/airflow/example_dags/example_subdag_operator.py for tasks to queue
[2024-05-14T02:06:17.052+0000] {logging_mixin.py:188} INFO - [2024-05-14T02:06:17.052+0000] {dagbag.py:545} INFO - Filling up the DagBag from /home/airflow/.local/lib/python3.12/site-packages/airflow/example_dags/example_subdag_operator.py
[2024-05-14T02:06:17.070+0000] {processor.py:840} INFO - DAG(s) 'example_subdag_operator.section-1', 'example_subdag_operator.section-2', 'example_subdag_operator' retrieved from /home/airflow/.local/lib/python3.12/site-packages/airflow/example_dags/example_subdag_operator.py
[2024-05-14T02:06:17.080+0000] {logging_mixin.py:188} INFO - [2024-05-14T02:06:17.080+0000] {dag.py:3096} INFO - Sync 3 DAGs
[2024-05-14T02:06:17.092+0000] {logging_mixin.py:188} INFO - [2024-05-14T02:06:17.092+0000] {dag.py:3954} INFO - Setting next_dagrun for example_subdag_operator to 2022-01-01 00:00:00+00:00, run_after=2022-01-01 00:00:00+00:00
[2024-05-14T02:06:17.094+0000] {logging_mixin.py:188} INFO - [2024-05-14T02:06:17.094+0000] {dag.py:3954} INFO - Setting next_dagrun for example_subdag_operator.section-1 to None, run_after=None
[2024-05-14T02:06:17.095+0000] {logging_mixin.py:188} INFO - [2024-05-14T02:06:17.095+0000] {dag.py:3954} INFO - Setting next_dagrun for example_subdag_operator.section-2 to None, run_after=None
[2024-05-14T02:06:17.099+0000] {logging_mixin.py:188} INFO - [2024-05-14T02:06:17.098+0000] {dag.py:3096} INFO - Sync 2 DAGs
[2024-05-14T02:06:17.101+0000] {logging_mixin.py:188} INFO - [2024-05-14T02:06:17.101+0000] {dag.py:3954} INFO - Setting next_dagrun for example_subdag_operator.section-1 to None, run_after=None
[2024-05-14T02:06:17.101+0000] {logging_mixin.py:188} INFO - [2024-05-14T02:06:17.101+0000] {dag.py:3954} INFO - Setting next_dagrun for example_subdag_operator.section-2 to None, run_after=None
[2024-05-14T02:06:17.106+0000] {processor.py:183} INFO - Processing /home/airflow/.local/lib/python3.12/site-packages/airflow/example_dags/example_subdag_operator.py took 0.063 seconds
[2024-05-14T02:06:47.179+0000] {processor.py:161} INFO - Started process (PID=1516) to work on /home/airflow/.local/lib/python3.12/site-packages/airflow/example_dags/example_subdag_operator.py
[2024-05-14T02:06:47.180+0000] {processor.py:830} INFO - Processing file /home/airflow/.local/lib/python3.12/site-packages/airflow/example_dags/example_subdag_operator.py for tasks to queue
[2024-05-14T02:06:47.183+0000] {logging_mixin.py:188} INFO - [2024-05-14T02:06:47.183+0000] {dagbag.py:545} INFO - Filling up the DagBag from /home/airflow/.local/lib/python3.12/site-packages/airflow/example_dags/example_subdag_operator.py
[2024-05-14T02:06:47.204+0000] {processor.py:840} INFO - DAG(s) 'example_subdag_operator.section-1', 'example_subdag_operator.section-2', 'example_subdag_operator' retrieved from /home/airflow/.local/lib/python3.12/site-packages/airflow/example_dags/example_subdag_operator.py
[2024-05-14T02:06:47.215+0000] {logging_mixin.py:188} INFO - [2024-05-14T02:06:47.214+0000] {dag.py:3096} INFO - Sync 3 DAGs
[2024-05-14T02:06:47.227+0000] {logging_mixin.py:188} INFO - [2024-05-14T02:06:47.227+0000] {dag.py:3954} INFO - Setting next_dagrun for example_subdag_operator to 2022-01-01 00:00:00+00:00, run_after=2022-01-01 00:00:00+00:00
[2024-05-14T02:06:47.229+0000] {logging_mixin.py:188} INFO - [2024-05-14T02:06:47.229+0000] {dag.py:3954} INFO - Setting next_dagrun for example_subdag_operator.section-1 to None, run_after=None
[2024-05-14T02:06:47.230+0000] {logging_mixin.py:188} INFO - [2024-05-14T02:06:47.230+0000] {dag.py:3954} INFO - Setting next_dagrun for example_subdag_operator.section-2 to None, run_after=None
[2024-05-14T02:06:47.235+0000] {logging_mixin.py:188} INFO - [2024-05-14T02:06:47.234+0000] {dag.py:3096} INFO - Sync 2 DAGs
[2024-05-14T02:06:47.237+0000] {logging_mixin.py:188} INFO - [2024-05-14T02:06:47.237+0000] {dag.py:3954} INFO - Setting next_dagrun for example_subdag_operator.section-1 to None, run_after=None
[2024-05-14T02:06:47.237+0000] {logging_mixin.py:188} INFO - [2024-05-14T02:06:47.237+0000] {dag.py:3954} INFO - Setting next_dagrun for example_subdag_operator.section-2 to None, run_after=None
[2024-05-14T02:06:47.243+0000] {processor.py:183} INFO - Processing /home/airflow/.local/lib/python3.12/site-packages/airflow/example_dags/example_subdag_operator.py took 0.070 seconds
[2024-05-14T02:07:17.298+0000] {processor.py:161} INFO - Started process (PID=1575) to work on /home/airflow/.local/lib/python3.12/site-packages/airflow/example_dags/example_subdag_operator.py
[2024-05-14T02:07:17.299+0000] {processor.py:830} INFO - Processing file /home/airflow/.local/lib/python3.12/site-packages/airflow/example_dags/example_subdag_operator.py for tasks to queue
[2024-05-14T02:07:17.300+0000] {logging_mixin.py:188} INFO - [2024-05-14T02:07:17.300+0000] {dagbag.py:545} INFO - Filling up the DagBag from /home/airflow/.local/lib/python3.12/site-packages/airflow/example_dags/example_subdag_operator.py
[2024-05-14T02:07:17.316+0000] {processor.py:840} INFO - DAG(s) 'example_subdag_operator.section-1', 'example_subdag_operator.section-2', 'example_subdag_operator' retrieved from /home/airflow/.local/lib/python3.12/site-packages/airflow/example_dags/example_subdag_operator.py
[2024-05-14T02:07:17.326+0000] {logging_mixin.py:188} INFO - [2024-05-14T02:07:17.326+0000] {dag.py:3096} INFO - Sync 3 DAGs
[2024-05-14T02:07:17.337+0000] {logging_mixin.py:188} INFO - [2024-05-14T02:07:17.337+0000] {dag.py:3954} INFO - Setting next_dagrun for example_subdag_operator to 2022-01-01 00:00:00+00:00, run_after=2022-01-01 00:00:00+00:00
[2024-05-14T02:07:17.339+0000] {logging_mixin.py:188} INFO - [2024-05-14T02:07:17.339+0000] {dag.py:3954} INFO - Setting next_dagrun for example_subdag_operator.section-1 to None, run_after=None
[2024-05-14T02:07:17.340+0000] {logging_mixin.py:188} INFO - [2024-05-14T02:07:17.340+0000] {dag.py:3954} INFO - Setting next_dagrun for example_subdag_operator.section-2 to None, run_after=None
[2024-05-14T02:07:17.343+0000] {logging_mixin.py:188} INFO - [2024-05-14T02:07:17.343+0000] {dag.py:3096} INFO - Sync 2 DAGs
[2024-05-14T02:07:17.346+0000] {logging_mixin.py:188} INFO - [2024-05-14T02:07:17.346+0000] {dag.py:3954} INFO - Setting next_dagrun for example_subdag_operator.section-1 to None, run_after=None
[2024-05-14T02:07:17.346+0000] {logging_mixin.py:188} INFO - [2024-05-14T02:07:17.346+0000] {dag.py:3954} INFO - Setting next_dagrun for example_subdag_operator.section-2 to None, run_after=None
[2024-05-14T02:07:17.351+0000] {processor.py:183} INFO - Processing /home/airflow/.local/lib/python3.12/site-packages/airflow/example_dags/example_subdag_operator.py took 0.057 seconds
[2024-05-14T02:07:47.559+0000] {processor.py:161} INFO - Started process (PID=1634) to work on /home/airflow/.local/lib/python3.12/site-packages/airflow/example_dags/example_subdag_operator.py
[2024-05-14T02:07:47.560+0000] {processor.py:830} INFO - Processing file /home/airflow/.local/lib/python3.12/site-packages/airflow/example_dags/example_subdag_operator.py for tasks to queue
[2024-05-14T02:07:47.562+0000] {logging_mixin.py:188} INFO - [2024-05-14T02:07:47.562+0000] {dagbag.py:545} INFO - Filling up the DagBag from /home/airflow/.local/lib/python3.12/site-packages/airflow/example_dags/example_subdag_operator.py
[2024-05-14T02:07:47.584+0000] {processor.py:840} INFO - DAG(s) 'example_subdag_operator.section-1', 'example_subdag_operator.section-2', 'example_subdag_operator' retrieved from /home/airflow/.local/lib/python3.12/site-packages/airflow/example_dags/example_subdag_operator.py
[2024-05-14T02:07:47.594+0000] {logging_mixin.py:188} INFO - [2024-05-14T02:07:47.593+0000] {dag.py:3096} INFO - Sync 3 DAGs
[2024-05-14T02:07:47.607+0000] {logging_mixin.py:188} INFO - [2024-05-14T02:07:47.607+0000] {dag.py:3954} INFO - Setting next_dagrun for example_subdag_operator to 2022-01-01 00:00:00+00:00, run_after=2022-01-01 00:00:00+00:00
[2024-05-14T02:07:47.609+0000] {logging_mixin.py:188} INFO - [2024-05-14T02:07:47.609+0000] {dag.py:3954} INFO - Setting next_dagrun for example_subdag_operator.section-1 to None, run_after=None
[2024-05-14T02:07:47.610+0000] {logging_mixin.py:188} INFO - [2024-05-14T02:07:47.610+0000] {dag.py:3954} INFO - Setting next_dagrun for example_subdag_operator.section-2 to None, run_after=None
[2024-05-14T02:07:47.615+0000] {logging_mixin.py:188} INFO - [2024-05-14T02:07:47.615+0000] {dag.py:3096} INFO - Sync 2 DAGs
[2024-05-14T02:07:47.618+0000] {logging_mixin.py:188} INFO - [2024-05-14T02:07:47.617+0000] {dag.py:3954} INFO - Setting next_dagrun for example_subdag_operator.section-1 to None, run_after=None
[2024-05-14T02:07:47.618+0000] {logging_mixin.py:188} INFO - [2024-05-14T02:07:47.618+0000] {dag.py:3954} INFO - Setting next_dagrun for example_subdag_operator.section-2 to None, run_after=None
[2024-05-14T02:07:47.624+0000] {processor.py:183} INFO - Processing /home/airflow/.local/lib/python3.12/site-packages/airflow/example_dags/example_subdag_operator.py took 0.073 seconds
[2024-05-14T02:08:17.850+0000] {processor.py:161} INFO - Started process (PID=1693) to work on /home/airflow/.local/lib/python3.12/site-packages/airflow/example_dags/example_subdag_operator.py
[2024-05-14T02:08:17.852+0000] {processor.py:830} INFO - Processing file /home/airflow/.local/lib/python3.12/site-packages/airflow/example_dags/example_subdag_operator.py for tasks to queue
[2024-05-14T02:08:17.854+0000] {logging_mixin.py:188} INFO - [2024-05-14T02:08:17.854+0000] {dagbag.py:545} INFO - Filling up the DagBag from /home/airflow/.local/lib/python3.12/site-packages/airflow/example_dags/example_subdag_operator.py
[2024-05-14T02:08:17.876+0000] {processor.py:840} INFO - DAG(s) 'example_subdag_operator.section-1', 'example_subdag_operator.section-2', 'example_subdag_operator' retrieved from /home/airflow/.local/lib/python3.12/site-packages/airflow/example_dags/example_subdag_operator.py
[2024-05-14T02:08:17.887+0000] {logging_mixin.py:188} INFO - [2024-05-14T02:08:17.887+0000] {dag.py:3096} INFO - Sync 3 DAGs
[2024-05-14T02:08:17.900+0000] {logging_mixin.py:188} INFO - [2024-05-14T02:08:17.900+0000] {dag.py:3954} INFO - Setting next_dagrun for example_subdag_operator to 2022-01-01 00:00:00+00:00, run_after=2022-01-01 00:00:00+00:00
[2024-05-14T02:08:17.903+0000] {logging_mixin.py:188} INFO - [2024-05-14T02:08:17.903+0000] {dag.py:3954} INFO - Setting next_dagrun for example_subdag_operator.section-1 to None, run_after=None
[2024-05-14T02:08:17.904+0000] {logging_mixin.py:188} INFO - [2024-05-14T02:08:17.904+0000] {dag.py:3954} INFO - Setting next_dagrun for example_subdag_operator.section-2 to None, run_after=None
[2024-05-14T02:08:17.908+0000] {logging_mixin.py:188} INFO - [2024-05-14T02:08:17.908+0000] {dag.py:3096} INFO - Sync 2 DAGs
[2024-05-14T02:08:17.911+0000] {logging_mixin.py:188} INFO - [2024-05-14T02:08:17.911+0000] {dag.py:3954} INFO - Setting next_dagrun for example_subdag_operator.section-1 to None, run_after=None
[2024-05-14T02:08:17.911+0000] {logging_mixin.py:188} INFO - [2024-05-14T02:08:17.911+0000] {dag.py:3954} INFO - Setting next_dagrun for example_subdag_operator.section-2 to None, run_after=None
[2024-05-14T02:08:17.916+0000] {processor.py:183} INFO - Processing /home/airflow/.local/lib/python3.12/site-packages/airflow/example_dags/example_subdag_operator.py took 0.075 seconds
[2024-05-14T02:08:47.978+0000] {processor.py:161} INFO - Started process (PID=1752) to work on /home/airflow/.local/lib/python3.12/site-packages/airflow/example_dags/example_subdag_operator.py
[2024-05-14T02:08:47.980+0000] {processor.py:830} INFO - Processing file /home/airflow/.local/lib/python3.12/site-packages/airflow/example_dags/example_subdag_operator.py for tasks to queue
[2024-05-14T02:08:47.983+0000] {logging_mixin.py:188} INFO - [2024-05-14T02:08:47.982+0000] {dagbag.py:545} INFO - Filling up the DagBag from /home/airflow/.local/lib/python3.12/site-packages/airflow/example_dags/example_subdag_operator.py
[2024-05-14T02:08:48.008+0000] {processor.py:840} INFO - DAG(s) 'example_subdag_operator.section-1', 'example_subdag_operator.section-2', 'example_subdag_operator' retrieved from /home/airflow/.local/lib/python3.12/site-packages/airflow/example_dags/example_subdag_operator.py
[2024-05-14T02:08:48.020+0000] {logging_mixin.py:188} INFO - [2024-05-14T02:08:48.020+0000] {dag.py:3096} INFO - Sync 3 DAGs
[2024-05-14T02:08:48.033+0000] {logging_mixin.py:188} INFO - [2024-05-14T02:08:48.033+0000] {dag.py:3954} INFO - Setting next_dagrun for example_subdag_operator to 2022-01-01 00:00:00+00:00, run_after=2022-01-01 00:00:00+00:00
[2024-05-14T02:08:48.036+0000] {logging_mixin.py:188} INFO - [2024-05-14T02:08:48.035+0000] {dag.py:3954} INFO - Setting next_dagrun for example_subdag_operator.section-1 to None, run_after=None
[2024-05-14T02:08:48.037+0000] {logging_mixin.py:188} INFO - [2024-05-14T02:08:48.037+0000] {dag.py:3954} INFO - Setting next_dagrun for example_subdag_operator.section-2 to None, run_after=None
[2024-05-14T02:08:48.041+0000] {logging_mixin.py:188} INFO - [2024-05-14T02:08:48.041+0000] {dag.py:3096} INFO - Sync 2 DAGs
[2024-05-14T02:08:48.044+0000] {logging_mixin.py:188} INFO - [2024-05-14T02:08:48.044+0000] {dag.py:3954} INFO - Setting next_dagrun for example_subdag_operator.section-1 to None, run_after=None
[2024-05-14T02:08:48.044+0000] {logging_mixin.py:188} INFO - [2024-05-14T02:08:48.044+0000] {dag.py:3954} INFO - Setting next_dagrun for example_subdag_operator.section-2 to None, run_after=None
[2024-05-14T02:08:48.050+0000] {processor.py:183} INFO - Processing /home/airflow/.local/lib/python3.12/site-packages/airflow/example_dags/example_subdag_operator.py took 0.081 seconds
[2024-05-14T02:09:18.474+0000] {processor.py:161} INFO - Started process (PID=1811) to work on /home/airflow/.local/lib/python3.12/site-packages/airflow/example_dags/example_subdag_operator.py
[2024-05-14T02:09:18.476+0000] {processor.py:830} INFO - Processing file /home/airflow/.local/lib/python3.12/site-packages/airflow/example_dags/example_subdag_operator.py for tasks to queue
[2024-05-14T02:09:18.479+0000] {logging_mixin.py:188} INFO - [2024-05-14T02:09:18.478+0000] {dagbag.py:545} INFO - Filling up the DagBag from /home/airflow/.local/lib/python3.12/site-packages/airflow/example_dags/example_subdag_operator.py
[2024-05-14T02:09:18.505+0000] {processor.py:840} INFO - DAG(s) 'example_subdag_operator.section-1', 'example_subdag_operator.section-2', 'example_subdag_operator' retrieved from /home/airflow/.local/lib/python3.12/site-packages/airflow/example_dags/example_subdag_operator.py
[2024-05-14T02:09:18.514+0000] {logging_mixin.py:188} INFO - [2024-05-14T02:09:18.514+0000] {dag.py:3096} INFO - Sync 3 DAGs
[2024-05-14T02:09:18.615+0000] {logging_mixin.py:188} INFO - [2024-05-14T02:09:18.615+0000] {dag.py:3954} INFO - Setting next_dagrun for example_subdag_operator to 2022-01-01 00:00:00+00:00, run_after=2022-01-01 00:00:00+00:00
[2024-05-14T02:09:18.617+0000] {logging_mixin.py:188} INFO - [2024-05-14T02:09:18.617+0000] {dag.py:3954} INFO - Setting next_dagrun for example_subdag_operator.section-1 to None, run_after=None
[2024-05-14T02:09:18.618+0000] {logging_mixin.py:188} INFO - [2024-05-14T02:09:18.618+0000] {dag.py:3954} INFO - Setting next_dagrun for example_subdag_operator.section-2 to None, run_after=None
[2024-05-14T02:09:18.621+0000] {logging_mixin.py:188} INFO - [2024-05-14T02:09:18.621+0000] {dag.py:3096} INFO - Sync 2 DAGs
[2024-05-14T02:09:18.624+0000] {logging_mixin.py:188} INFO - [2024-05-14T02:09:18.624+0000] {dag.py:3954} INFO - Setting next_dagrun for example_subdag_operator.section-1 to None, run_after=None
[2024-05-14T02:09:18.624+0000] {logging_mixin.py:188} INFO - [2024-05-14T02:09:18.624+0000] {dag.py:3954} INFO - Setting next_dagrun for example_subdag_operator.section-2 to None, run_after=None
[2024-05-14T02:09:18.628+0000] {processor.py:183} INFO - Processing /home/airflow/.local/lib/python3.12/site-packages/airflow/example_dags/example_subdag_operator.py took 0.163 seconds
[2024-05-14T02:09:48.731+0000] {processor.py:161} INFO - Started process (PID=1870) to work on /home/airflow/.local/lib/python3.12/site-packages/airflow/example_dags/example_subdag_operator.py
[2024-05-14T02:09:48.731+0000] {processor.py:830} INFO - Processing file /home/airflow/.local/lib/python3.12/site-packages/airflow/example_dags/example_subdag_operator.py for tasks to queue
[2024-05-14T02:09:48.732+0000] {logging_mixin.py:188} INFO - [2024-05-14T02:09:48.732+0000] {dagbag.py:545} INFO - Filling up the DagBag from /home/airflow/.local/lib/python3.12/site-packages/airflow/example_dags/example_subdag_operator.py
[2024-05-14T02:09:48.743+0000] {processor.py:840} INFO - DAG(s) 'example_subdag_operator.section-1', 'example_subdag_operator.section-2', 'example_subdag_operator' retrieved from /home/airflow/.local/lib/python3.12/site-packages/airflow/example_dags/example_subdag_operator.py
[2024-05-14T02:09:48.750+0000] {logging_mixin.py:188} INFO - [2024-05-14T02:09:48.750+0000] {dag.py:3096} INFO - Sync 3 DAGs
[2024-05-14T02:09:48.761+0000] {logging_mixin.py:188} INFO - [2024-05-14T02:09:48.760+0000] {dag.py:3954} INFO - Setting next_dagrun for example_subdag_operator to 2022-01-01 00:00:00+00:00, run_after=2022-01-01 00:00:00+00:00
[2024-05-14T02:09:48.762+0000] {logging_mixin.py:188} INFO - [2024-05-14T02:09:48.762+0000] {dag.py:3954} INFO - Setting next_dagrun for example_subdag_operator.section-1 to None, run_after=None
[2024-05-14T02:09:48.763+0000] {logging_mixin.py:188} INFO - [2024-05-14T02:09:48.763+0000] {dag.py:3954} INFO - Setting next_dagrun for example_subdag_operator.section-2 to None, run_after=None
[2024-05-14T02:09:48.851+0000] {logging_mixin.py:188} INFO - [2024-05-14T02:09:48.851+0000] {dag.py:3096} INFO - Sync 2 DAGs
[2024-05-14T02:09:48.855+0000] {logging_mixin.py:188} INFO - [2024-05-14T02:09:48.854+0000] {dag.py:3954} INFO - Setting next_dagrun for example_subdag_operator.section-1 to None, run_after=None
[2024-05-14T02:09:48.855+0000] {logging_mixin.py:188} INFO - [2024-05-14T02:09:48.855+0000] {dag.py:3954} INFO - Setting next_dagrun for example_subdag_operator.section-2 to None, run_after=None
[2024-05-14T02:09:48.861+0000] {processor.py:183} INFO - Processing /home/airflow/.local/lib/python3.12/site-packages/airflow/example_dags/example_subdag_operator.py took 0.134 seconds
[2024-05-14T02:10:19.149+0000] {processor.py:161} INFO - Started process (PID=1929) to work on /home/airflow/.local/lib/python3.12/site-packages/airflow/example_dags/example_subdag_operator.py
[2024-05-14T02:10:19.151+0000] {processor.py:830} INFO - Processing file /home/airflow/.local/lib/python3.12/site-packages/airflow/example_dags/example_subdag_operator.py for tasks to queue
[2024-05-14T02:10:19.154+0000] {logging_mixin.py:188} INFO - [2024-05-14T02:10:19.153+0000] {dagbag.py:545} INFO - Filling up the DagBag from /home/airflow/.local/lib/python3.12/site-packages/airflow/example_dags/example_subdag_operator.py
[2024-05-14T02:10:19.188+0000] {processor.py:840} INFO - DAG(s) 'example_subdag_operator.section-1', 'example_subdag_operator.section-2', 'example_subdag_operator' retrieved from /home/airflow/.local/lib/python3.12/site-packages/airflow/example_dags/example_subdag_operator.py
[2024-05-14T02:10:19.210+0000] {logging_mixin.py:188} INFO - [2024-05-14T02:10:19.210+0000] {dag.py:3096} INFO - Sync 3 DAGs
[2024-05-14T02:10:19.227+0000] {logging_mixin.py:188} INFO - [2024-05-14T02:10:19.227+0000] {dag.py:3954} INFO - Setting next_dagrun for example_subdag_operator to 2022-01-01 00:00:00+00:00, run_after=2022-01-01 00:00:00+00:00
[2024-05-14T02:10:19.230+0000] {logging_mixin.py:188} INFO - [2024-05-14T02:10:19.230+0000] {dag.py:3954} INFO - Setting next_dagrun for example_subdag_operator.section-1 to None, run_after=None
[2024-05-14T02:10:19.231+0000] {logging_mixin.py:188} INFO - [2024-05-14T02:10:19.231+0000] {dag.py:3954} INFO - Setting next_dagrun for example_subdag_operator.section-2 to None, run_after=None
[2024-05-14T02:10:19.237+0000] {logging_mixin.py:188} INFO - [2024-05-14T02:10:19.237+0000] {dag.py:3096} INFO - Sync 2 DAGs
[2024-05-14T02:10:19.241+0000] {logging_mixin.py:188} INFO - [2024-05-14T02:10:19.240+0000] {dag.py:3954} INFO - Setting next_dagrun for example_subdag_operator.section-1 to None, run_after=None
[2024-05-14T02:10:19.244+0000] {logging_mixin.py:188} INFO - [2024-05-14T02:10:19.243+0000] {dag.py:3954} INFO - Setting next_dagrun for example_subdag_operator.section-2 to None, run_after=None
[2024-05-14T02:10:19.250+0000] {processor.py:183} INFO - Processing /home/airflow/.local/lib/python3.12/site-packages/airflow/example_dags/example_subdag_operator.py took 0.119 seconds
[2024-05-14T02:10:50.081+0000] {processor.py:161} INFO - Started process (PID=1988) to work on /home/airflow/.local/lib/python3.12/site-packages/airflow/example_dags/example_subdag_operator.py
[2024-05-14T02:10:50.082+0000] {processor.py:830} INFO - Processing file /home/airflow/.local/lib/python3.12/site-packages/airflow/example_dags/example_subdag_operator.py for tasks to queue
[2024-05-14T02:10:50.084+0000] {logging_mixin.py:188} INFO - [2024-05-14T02:10:50.083+0000] {dagbag.py:545} INFO - Filling up the DagBag from /home/airflow/.local/lib/python3.12/site-packages/airflow/example_dags/example_subdag_operator.py
[2024-05-14T02:10:50.109+0000] {processor.py:840} INFO - DAG(s) 'example_subdag_operator.section-1', 'example_subdag_operator.section-2', 'example_subdag_operator' retrieved from /home/airflow/.local/lib/python3.12/site-packages/airflow/example_dags/example_subdag_operator.py
[2024-05-14T02:10:50.120+0000] {logging_mixin.py:188} INFO - [2024-05-14T02:10:50.120+0000] {dag.py:3096} INFO - Sync 3 DAGs
[2024-05-14T02:10:50.133+0000] {logging_mixin.py:188} INFO - [2024-05-14T02:10:50.133+0000] {dag.py:3954} INFO - Setting next_dagrun for example_subdag_operator to 2022-01-01 00:00:00+00:00, run_after=2022-01-01 00:00:00+00:00
[2024-05-14T02:10:50.136+0000] {logging_mixin.py:188} INFO - [2024-05-14T02:10:50.136+0000] {dag.py:3954} INFO - Setting next_dagrun for example_subdag_operator.section-1 to None, run_after=None
[2024-05-14T02:10:50.136+0000] {logging_mixin.py:188} INFO - [2024-05-14T02:10:50.136+0000] {dag.py:3954} INFO - Setting next_dagrun for example_subdag_operator.section-2 to None, run_after=None
[2024-05-14T02:10:50.140+0000] {logging_mixin.py:188} INFO - [2024-05-14T02:10:50.140+0000] {dag.py:3096} INFO - Sync 2 DAGs
[2024-05-14T02:10:50.143+0000] {logging_mixin.py:188} INFO - [2024-05-14T02:10:50.143+0000] {dag.py:3954} INFO - Setting next_dagrun for example_subdag_operator.section-1 to None, run_after=None
[2024-05-14T02:10:50.143+0000] {logging_mixin.py:188} INFO - [2024-05-14T02:10:50.143+0000] {dag.py:3954} INFO - Setting next_dagrun for example_subdag_operator.section-2 to None, run_after=None
[2024-05-14T02:10:50.148+0000] {processor.py:183} INFO - Processing /home/airflow/.local/lib/python3.12/site-packages/airflow/example_dags/example_subdag_operator.py took 0.075 seconds
[2024-05-14T02:11:20.888+0000] {processor.py:161} INFO - Started process (PID=2046) to work on /home/airflow/.local/lib/python3.12/site-packages/airflow/example_dags/example_subdag_operator.py
[2024-05-14T02:11:20.889+0000] {processor.py:830} INFO - Processing file /home/airflow/.local/lib/python3.12/site-packages/airflow/example_dags/example_subdag_operator.py for tasks to queue
[2024-05-14T02:11:20.891+0000] {logging_mixin.py:188} INFO - [2024-05-14T02:11:20.891+0000] {dagbag.py:545} INFO - Filling up the DagBag from /home/airflow/.local/lib/python3.12/site-packages/airflow/example_dags/example_subdag_operator.py
[2024-05-14T02:11:20.909+0000] {processor.py:840} INFO - DAG(s) 'example_subdag_operator.section-1', 'example_subdag_operator.section-2', 'example_subdag_operator' retrieved from /home/airflow/.local/lib/python3.12/site-packages/airflow/example_dags/example_subdag_operator.py
[2024-05-14T02:11:20.918+0000] {logging_mixin.py:188} INFO - [2024-05-14T02:11:20.918+0000] {dag.py:3096} INFO - Sync 3 DAGs
[2024-05-14T02:11:20.929+0000] {logging_mixin.py:188} INFO - [2024-05-14T02:11:20.929+0000] {dag.py:3954} INFO - Setting next_dagrun for example_subdag_operator to 2022-01-01 00:00:00+00:00, run_after=2022-01-01 00:00:00+00:00
[2024-05-14T02:11:20.931+0000] {logging_mixin.py:188} INFO - [2024-05-14T02:11:20.931+0000] {dag.py:3954} INFO - Setting next_dagrun for example_subdag_operator.section-1 to None, run_after=None
[2024-05-14T02:11:20.932+0000] {logging_mixin.py:188} INFO - [2024-05-14T02:11:20.932+0000] {dag.py:3954} INFO - Setting next_dagrun for example_subdag_operator.section-2 to None, run_after=None
[2024-05-14T02:11:20.935+0000] {logging_mixin.py:188} INFO - [2024-05-14T02:11:20.935+0000] {dag.py:3096} INFO - Sync 2 DAGs
[2024-05-14T02:11:20.938+0000] {logging_mixin.py:188} INFO - [2024-05-14T02:11:20.938+0000] {dag.py:3954} INFO - Setting next_dagrun for example_subdag_operator.section-1 to None, run_after=None
[2024-05-14T02:11:20.938+0000] {logging_mixin.py:188} INFO - [2024-05-14T02:11:20.938+0000] {dag.py:3954} INFO - Setting next_dagrun for example_subdag_operator.section-2 to None, run_after=None
[2024-05-14T02:11:20.943+0000] {processor.py:183} INFO - Processing /home/airflow/.local/lib/python3.12/site-packages/airflow/example_dags/example_subdag_operator.py took 0.062 seconds
[2024-05-14T02:11:51.252+0000] {processor.py:161} INFO - Started process (PID=2105) to work on /home/airflow/.local/lib/python3.12/site-packages/airflow/example_dags/example_subdag_operator.py
[2024-05-14T02:11:51.255+0000] {processor.py:830} INFO - Processing file /home/airflow/.local/lib/python3.12/site-packages/airflow/example_dags/example_subdag_operator.py for tasks to queue
[2024-05-14T02:11:51.259+0000] {logging_mixin.py:188} INFO - [2024-05-14T02:11:51.258+0000] {dagbag.py:545} INFO - Filling up the DagBag from /home/airflow/.local/lib/python3.12/site-packages/airflow/example_dags/example_subdag_operator.py
[2024-05-14T02:11:51.286+0000] {processor.py:840} INFO - DAG(s) 'example_subdag_operator.section-1', 'example_subdag_operator.section-2', 'example_subdag_operator' retrieved from /home/airflow/.local/lib/python3.12/site-packages/airflow/example_dags/example_subdag_operator.py
[2024-05-14T02:11:51.295+0000] {logging_mixin.py:188} INFO - [2024-05-14T02:11:51.295+0000] {dag.py:3096} INFO - Sync 3 DAGs
[2024-05-14T02:11:51.308+0000] {logging_mixin.py:188} INFO - [2024-05-14T02:11:51.307+0000] {dag.py:3954} INFO - Setting next_dagrun for example_subdag_operator to 2022-01-01 00:00:00+00:00, run_after=2022-01-01 00:00:00+00:00
[2024-05-14T02:11:51.310+0000] {logging_mixin.py:188} INFO - [2024-05-14T02:11:51.309+0000] {dag.py:3954} INFO - Setting next_dagrun for example_subdag_operator.section-1 to None, run_after=None
[2024-05-14T02:11:51.310+0000] {logging_mixin.py:188} INFO - [2024-05-14T02:11:51.310+0000] {dag.py:3954} INFO - Setting next_dagrun for example_subdag_operator.section-2 to None, run_after=None
[2024-05-14T02:11:51.315+0000] {logging_mixin.py:188} INFO - [2024-05-14T02:11:51.315+0000] {dag.py:3096} INFO - Sync 2 DAGs
[2024-05-14T02:11:51.318+0000] {logging_mixin.py:188} INFO - [2024-05-14T02:11:51.318+0000] {dag.py:3954} INFO - Setting next_dagrun for example_subdag_operator.section-1 to None, run_after=None
[2024-05-14T02:11:51.319+0000] {logging_mixin.py:188} INFO - [2024-05-14T02:11:51.318+0000] {dag.py:3954} INFO - Setting next_dagrun for example_subdag_operator.section-2 to None, run_after=None
[2024-05-14T02:11:51.330+0000] {processor.py:183} INFO - Processing /home/airflow/.local/lib/python3.12/site-packages/airflow/example_dags/example_subdag_operator.py took 0.088 seconds
[2024-05-14T02:12:22.317+0000] {processor.py:161} INFO - Started process (PID=2168) to work on /home/airflow/.local/lib/python3.12/site-packages/airflow/example_dags/example_subdag_operator.py
[2024-05-14T02:12:22.318+0000] {processor.py:830} INFO - Processing file /home/airflow/.local/lib/python3.12/site-packages/airflow/example_dags/example_subdag_operator.py for tasks to queue
[2024-05-14T02:12:22.320+0000] {logging_mixin.py:188} INFO - [2024-05-14T02:12:22.320+0000] {dagbag.py:545} INFO - Filling up the DagBag from /home/airflow/.local/lib/python3.12/site-packages/airflow/example_dags/example_subdag_operator.py
[2024-05-14T02:12:22.337+0000] {processor.py:840} INFO - DAG(s) 'example_subdag_operator.section-1', 'example_subdag_operator.section-2', 'example_subdag_operator' retrieved from /home/airflow/.local/lib/python3.12/site-packages/airflow/example_dags/example_subdag_operator.py
[2024-05-14T02:12:22.352+0000] {logging_mixin.py:188} INFO - [2024-05-14T02:12:22.351+0000] {dag.py:3096} INFO - Sync 3 DAGs
[2024-05-14T02:12:22.368+0000] {logging_mixin.py:188} INFO - [2024-05-14T02:12:22.368+0000] {dag.py:3954} INFO - Setting next_dagrun for example_subdag_operator to 2022-01-01 00:00:00+00:00, run_after=2022-01-01 00:00:00+00:00
[2024-05-14T02:12:22.371+0000] {logging_mixin.py:188} INFO - [2024-05-14T02:12:22.370+0000] {dag.py:3954} INFO - Setting next_dagrun for example_subdag_operator.section-1 to None, run_after=None
[2024-05-14T02:12:22.372+0000] {logging_mixin.py:188} INFO - [2024-05-14T02:12:22.371+0000] {dag.py:3954} INFO - Setting next_dagrun for example_subdag_operator.section-2 to None, run_after=None
[2024-05-14T02:12:22.376+0000] {logging_mixin.py:188} INFO - [2024-05-14T02:12:22.376+0000] {dag.py:3096} INFO - Sync 2 DAGs
[2024-05-14T02:12:22.380+0000] {logging_mixin.py:188} INFO - [2024-05-14T02:12:22.380+0000] {dag.py:3954} INFO - Setting next_dagrun for example_subdag_operator.section-1 to None, run_after=None
[2024-05-14T02:12:22.380+0000] {logging_mixin.py:188} INFO - [2024-05-14T02:12:22.380+0000] {dag.py:3954} INFO - Setting next_dagrun for example_subdag_operator.section-2 to None, run_after=None
[2024-05-14T02:12:22.386+0000] {processor.py:183} INFO - Processing /home/airflow/.local/lib/python3.12/site-packages/airflow/example_dags/example_subdag_operator.py took 0.072 seconds
