[2024-05-14T01:54:05.712+0000] {processor.py:161} INFO - Started process (PID=56) to work on /home/airflow/.local/lib/python3.12/site-packages/airflow/example_dags/example_sensors.py
[2024-05-14T01:54:05.714+0000] {processor.py:830} INFO - Processing file /home/airflow/.local/lib/python3.12/site-packages/airflow/example_dags/example_sensors.py for tasks to queue
[2024-05-14T01:54:05.720+0000] {logging_mixin.py:188} INFO - [2024-05-14T01:54:05.720+0000] {dagbag.py:545} INFO - Filling up the DagBag from /home/airflow/.local/lib/python3.12/site-packages/airflow/example_dags/example_sensors.py
[2024-05-14T01:54:05.740+0000] {processor.py:840} INFO - DAG(s) 'example_sensors' retrieved from /home/airflow/.local/lib/python3.12/site-packages/airflow/example_dags/example_sensors.py
[2024-05-14T01:54:05.775+0000] {logging_mixin.py:188} INFO - [2024-05-14T01:54:05.775+0000] {dag.py:3096} INFO - Sync 1 DAGs
[2024-05-14T01:54:05.811+0000] {logging_mixin.py:188} INFO - [2024-05-14T01:54:05.811+0000] {dag.py:3954} INFO - Setting next_dagrun for example_sensors to None, run_after=None
[2024-05-14T01:54:05.841+0000] {processor.py:183} INFO - Processing /home/airflow/.local/lib/python3.12/site-packages/airflow/example_dags/example_sensors.py took 0.154 seconds
[2024-05-14T01:54:36.122+0000] {processor.py:161} INFO - Started process (PID=115) to work on /home/airflow/.local/lib/python3.12/site-packages/airflow/example_dags/example_sensors.py
[2024-05-14T01:54:36.122+0000] {processor.py:830} INFO - Processing file /home/airflow/.local/lib/python3.12/site-packages/airflow/example_dags/example_sensors.py for tasks to queue
[2024-05-14T01:54:36.123+0000] {logging_mixin.py:188} INFO - [2024-05-14T01:54:36.123+0000] {dagbag.py:545} INFO - Filling up the DagBag from /home/airflow/.local/lib/python3.12/site-packages/airflow/example_dags/example_sensors.py
[2024-05-14T01:54:36.128+0000] {processor.py:840} INFO - DAG(s) 'example_sensors' retrieved from /home/airflow/.local/lib/python3.12/site-packages/airflow/example_dags/example_sensors.py
[2024-05-14T01:54:36.189+0000] {logging_mixin.py:188} INFO - [2024-05-14T01:54:36.189+0000] {dag.py:3096} INFO - Sync 1 DAGs
[2024-05-14T01:54:36.196+0000] {logging_mixin.py:188} INFO - [2024-05-14T01:54:36.195+0000] {dag.py:3954} INFO - Setting next_dagrun for example_sensors to None, run_after=None
[2024-05-14T01:54:36.208+0000] {processor.py:183} INFO - Processing /home/airflow/.local/lib/python3.12/site-packages/airflow/example_dags/example_sensors.py took 0.090 seconds
[2024-05-14T01:55:06.468+0000] {processor.py:161} INFO - Started process (PID=174) to work on /home/airflow/.local/lib/python3.12/site-packages/airflow/example_dags/example_sensors.py
[2024-05-14T01:55:06.469+0000] {processor.py:830} INFO - Processing file /home/airflow/.local/lib/python3.12/site-packages/airflow/example_dags/example_sensors.py for tasks to queue
[2024-05-14T01:55:06.470+0000] {logging_mixin.py:188} INFO - [2024-05-14T01:55:06.469+0000] {dagbag.py:545} INFO - Filling up the DagBag from /home/airflow/.local/lib/python3.12/site-packages/airflow/example_dags/example_sensors.py
[2024-05-14T01:55:06.474+0000] {processor.py:840} INFO - DAG(s) 'example_sensors' retrieved from /home/airflow/.local/lib/python3.12/site-packages/airflow/example_dags/example_sensors.py
[2024-05-14T01:55:06.486+0000] {logging_mixin.py:188} INFO - [2024-05-14T01:55:06.486+0000] {dag.py:3096} INFO - Sync 1 DAGs
[2024-05-14T01:55:06.492+0000] {logging_mixin.py:188} INFO - [2024-05-14T01:55:06.492+0000] {dag.py:3954} INFO - Setting next_dagrun for example_sensors to None, run_after=None
[2024-05-14T01:55:06.501+0000] {processor.py:183} INFO - Processing /home/airflow/.local/lib/python3.12/site-packages/airflow/example_dags/example_sensors.py took 0.035 seconds
[2024-05-14T01:55:36.523+0000] {processor.py:161} INFO - Started process (PID=232) to work on /home/airflow/.local/lib/python3.12/site-packages/airflow/example_dags/example_sensors.py
[2024-05-14T01:55:36.523+0000] {processor.py:830} INFO - Processing file /home/airflow/.local/lib/python3.12/site-packages/airflow/example_dags/example_sensors.py for tasks to queue
[2024-05-14T01:55:36.524+0000] {logging_mixin.py:188} INFO - [2024-05-14T01:55:36.524+0000] {dagbag.py:545} INFO - Filling up the DagBag from /home/airflow/.local/lib/python3.12/site-packages/airflow/example_dags/example_sensors.py
[2024-05-14T01:55:36.528+0000] {processor.py:840} INFO - DAG(s) 'example_sensors' retrieved from /home/airflow/.local/lib/python3.12/site-packages/airflow/example_dags/example_sensors.py
[2024-05-14T01:55:36.539+0000] {logging_mixin.py:188} INFO - [2024-05-14T01:55:36.539+0000] {dag.py:3096} INFO - Sync 1 DAGs
[2024-05-14T01:55:36.544+0000] {logging_mixin.py:188} INFO - [2024-05-14T01:55:36.544+0000] {dag.py:3954} INFO - Setting next_dagrun for example_sensors to None, run_after=None
[2024-05-14T01:55:36.552+0000] {processor.py:183} INFO - Processing /home/airflow/.local/lib/python3.12/site-packages/airflow/example_dags/example_sensors.py took 0.032 seconds
[2024-05-14T01:56:06.849+0000] {processor.py:161} INFO - Started process (PID=292) to work on /home/airflow/.local/lib/python3.12/site-packages/airflow/example_dags/example_sensors.py
[2024-05-14T01:56:06.850+0000] {processor.py:830} INFO - Processing file /home/airflow/.local/lib/python3.12/site-packages/airflow/example_dags/example_sensors.py for tasks to queue
[2024-05-14T01:56:06.851+0000] {logging_mixin.py:188} INFO - [2024-05-14T01:56:06.851+0000] {dagbag.py:545} INFO - Filling up the DagBag from /home/airflow/.local/lib/python3.12/site-packages/airflow/example_dags/example_sensors.py
[2024-05-14T01:56:06.856+0000] {processor.py:840} INFO - DAG(s) 'example_sensors' retrieved from /home/airflow/.local/lib/python3.12/site-packages/airflow/example_dags/example_sensors.py
[2024-05-14T01:56:06.868+0000] {logging_mixin.py:188} INFO - [2024-05-14T01:56:06.868+0000] {dag.py:3096} INFO - Sync 1 DAGs
[2024-05-14T01:56:06.874+0000] {logging_mixin.py:188} INFO - [2024-05-14T01:56:06.873+0000] {dag.py:3954} INFO - Setting next_dagrun for example_sensors to None, run_after=None
[2024-05-14T01:56:06.882+0000] {processor.py:183} INFO - Processing /home/airflow/.local/lib/python3.12/site-packages/airflow/example_dags/example_sensors.py took 0.036 seconds
[2024-05-14T01:56:36.983+0000] {processor.py:161} INFO - Started process (PID=350) to work on /home/airflow/.local/lib/python3.12/site-packages/airflow/example_dags/example_sensors.py
[2024-05-14T01:56:36.983+0000] {processor.py:830} INFO - Processing file /home/airflow/.local/lib/python3.12/site-packages/airflow/example_dags/example_sensors.py for tasks to queue
[2024-05-14T01:56:36.985+0000] {logging_mixin.py:188} INFO - [2024-05-14T01:56:36.984+0000] {dagbag.py:545} INFO - Filling up the DagBag from /home/airflow/.local/lib/python3.12/site-packages/airflow/example_dags/example_sensors.py
[2024-05-14T01:56:36.989+0000] {processor.py:840} INFO - DAG(s) 'example_sensors' retrieved from /home/airflow/.local/lib/python3.12/site-packages/airflow/example_dags/example_sensors.py
[2024-05-14T01:56:37.001+0000] {logging_mixin.py:188} INFO - [2024-05-14T01:56:37.001+0000] {dag.py:3096} INFO - Sync 1 DAGs
[2024-05-14T01:56:37.007+0000] {logging_mixin.py:188} INFO - [2024-05-14T01:56:37.007+0000] {dag.py:3954} INFO - Setting next_dagrun for example_sensors to None, run_after=None
[2024-05-14T01:56:37.015+0000] {processor.py:183} INFO - Processing /home/airflow/.local/lib/python3.12/site-packages/airflow/example_dags/example_sensors.py took 0.036 seconds
[2024-05-14T01:57:08.036+0000] {processor.py:161} INFO - Started process (PID=409) to work on /home/airflow/.local/lib/python3.12/site-packages/airflow/example_dags/example_sensors.py
[2024-05-14T01:57:08.037+0000] {processor.py:830} INFO - Processing file /home/airflow/.local/lib/python3.12/site-packages/airflow/example_dags/example_sensors.py for tasks to queue
[2024-05-14T01:57:08.037+0000] {logging_mixin.py:188} INFO - [2024-05-14T01:57:08.037+0000] {dagbag.py:545} INFO - Filling up the DagBag from /home/airflow/.local/lib/python3.12/site-packages/airflow/example_dags/example_sensors.py
[2024-05-14T01:57:08.042+0000] {processor.py:840} INFO - DAG(s) 'example_sensors' retrieved from /home/airflow/.local/lib/python3.12/site-packages/airflow/example_dags/example_sensors.py
[2024-05-14T01:57:08.053+0000] {logging_mixin.py:188} INFO - [2024-05-14T01:57:08.053+0000] {dag.py:3096} INFO - Sync 1 DAGs
[2024-05-14T01:57:08.059+0000] {logging_mixin.py:188} INFO - [2024-05-14T01:57:08.059+0000] {dag.py:3954} INFO - Setting next_dagrun for example_sensors to None, run_after=None
[2024-05-14T01:57:08.067+0000] {processor.py:183} INFO - Processing /home/airflow/.local/lib/python3.12/site-packages/airflow/example_dags/example_sensors.py took 0.034 seconds
[2024-05-14T01:57:38.857+0000] {processor.py:161} INFO - Started process (PID=468) to work on /home/airflow/.local/lib/python3.12/site-packages/airflow/example_dags/example_sensors.py
[2024-05-14T01:57:38.858+0000] {processor.py:830} INFO - Processing file /home/airflow/.local/lib/python3.12/site-packages/airflow/example_dags/example_sensors.py for tasks to queue
[2024-05-14T01:57:38.859+0000] {logging_mixin.py:188} INFO - [2024-05-14T01:57:38.859+0000] {dagbag.py:545} INFO - Filling up the DagBag from /home/airflow/.local/lib/python3.12/site-packages/airflow/example_dags/example_sensors.py
[2024-05-14T01:57:38.863+0000] {processor.py:840} INFO - DAG(s) 'example_sensors' retrieved from /home/airflow/.local/lib/python3.12/site-packages/airflow/example_dags/example_sensors.py
[2024-05-14T01:57:38.876+0000] {logging_mixin.py:188} INFO - [2024-05-14T01:57:38.876+0000] {dag.py:3096} INFO - Sync 1 DAGs
[2024-05-14T01:57:38.882+0000] {logging_mixin.py:188} INFO - [2024-05-14T01:57:38.882+0000] {dag.py:3954} INFO - Setting next_dagrun for example_sensors to None, run_after=None
[2024-05-14T01:57:38.890+0000] {processor.py:183} INFO - Processing /home/airflow/.local/lib/python3.12/site-packages/airflow/example_dags/example_sensors.py took 0.036 seconds
[2024-05-14T01:58:09.472+0000] {processor.py:161} INFO - Started process (PID=527) to work on /home/airflow/.local/lib/python3.12/site-packages/airflow/example_dags/example_sensors.py
[2024-05-14T01:58:09.473+0000] {processor.py:830} INFO - Processing file /home/airflow/.local/lib/python3.12/site-packages/airflow/example_dags/example_sensors.py for tasks to queue
[2024-05-14T01:58:09.474+0000] {logging_mixin.py:188} INFO - [2024-05-14T01:58:09.474+0000] {dagbag.py:545} INFO - Filling up the DagBag from /home/airflow/.local/lib/python3.12/site-packages/airflow/example_dags/example_sensors.py
[2024-05-14T01:58:09.478+0000] {processor.py:840} INFO - DAG(s) 'example_sensors' retrieved from /home/airflow/.local/lib/python3.12/site-packages/airflow/example_dags/example_sensors.py
[2024-05-14T01:58:09.490+0000] {logging_mixin.py:188} INFO - [2024-05-14T01:58:09.490+0000] {dag.py:3096} INFO - Sync 1 DAGs
[2024-05-14T01:58:09.496+0000] {logging_mixin.py:188} INFO - [2024-05-14T01:58:09.496+0000] {dag.py:3954} INFO - Setting next_dagrun for example_sensors to None, run_after=None
[2024-05-14T01:58:09.505+0000] {processor.py:183} INFO - Processing /home/airflow/.local/lib/python3.12/site-packages/airflow/example_dags/example_sensors.py took 0.036 seconds
[2024-05-14T01:58:40.281+0000] {processor.py:161} INFO - Started process (PID=585) to work on /home/airflow/.local/lib/python3.12/site-packages/airflow/example_dags/example_sensors.py
[2024-05-14T01:58:40.281+0000] {processor.py:830} INFO - Processing file /home/airflow/.local/lib/python3.12/site-packages/airflow/example_dags/example_sensors.py for tasks to queue
[2024-05-14T01:58:40.282+0000] {logging_mixin.py:188} INFO - [2024-05-14T01:58:40.282+0000] {dagbag.py:545} INFO - Filling up the DagBag from /home/airflow/.local/lib/python3.12/site-packages/airflow/example_dags/example_sensors.py
[2024-05-14T01:58:40.287+0000] {processor.py:840} INFO - DAG(s) 'example_sensors' retrieved from /home/airflow/.local/lib/python3.12/site-packages/airflow/example_dags/example_sensors.py
[2024-05-14T01:58:40.299+0000] {logging_mixin.py:188} INFO - [2024-05-14T01:58:40.299+0000] {dag.py:3096} INFO - Sync 1 DAGs
[2024-05-14T01:58:40.306+0000] {logging_mixin.py:188} INFO - [2024-05-14T01:58:40.305+0000] {dag.py:3954} INFO - Setting next_dagrun for example_sensors to None, run_after=None
[2024-05-14T01:58:40.315+0000] {processor.py:183} INFO - Processing /home/airflow/.local/lib/python3.12/site-packages/airflow/example_dags/example_sensors.py took 0.037 seconds
[2024-05-14T01:59:11.163+0000] {processor.py:161} INFO - Started process (PID=644) to work on /home/airflow/.local/lib/python3.12/site-packages/airflow/example_dags/example_sensors.py
[2024-05-14T01:59:11.163+0000] {processor.py:830} INFO - Processing file /home/airflow/.local/lib/python3.12/site-packages/airflow/example_dags/example_sensors.py for tasks to queue
[2024-05-14T01:59:11.164+0000] {logging_mixin.py:188} INFO - [2024-05-14T01:59:11.164+0000] {dagbag.py:545} INFO - Filling up the DagBag from /home/airflow/.local/lib/python3.12/site-packages/airflow/example_dags/example_sensors.py
[2024-05-14T01:59:11.169+0000] {processor.py:840} INFO - DAG(s) 'example_sensors' retrieved from /home/airflow/.local/lib/python3.12/site-packages/airflow/example_dags/example_sensors.py
[2024-05-14T01:59:11.181+0000] {logging_mixin.py:188} INFO - [2024-05-14T01:59:11.181+0000] {dag.py:3096} INFO - Sync 1 DAGs
[2024-05-14T01:59:11.188+0000] {logging_mixin.py:188} INFO - [2024-05-14T01:59:11.188+0000] {dag.py:3954} INFO - Setting next_dagrun for example_sensors to None, run_after=None
[2024-05-14T01:59:11.197+0000] {processor.py:183} INFO - Processing /home/airflow/.local/lib/python3.12/site-packages/airflow/example_dags/example_sensors.py took 0.037 seconds
[2024-05-14T01:59:41.869+0000] {processor.py:161} INFO - Started process (PID=703) to work on /home/airflow/.local/lib/python3.12/site-packages/airflow/example_dags/example_sensors.py
[2024-05-14T01:59:41.870+0000] {processor.py:830} INFO - Processing file /home/airflow/.local/lib/python3.12/site-packages/airflow/example_dags/example_sensors.py for tasks to queue
[2024-05-14T01:59:41.872+0000] {logging_mixin.py:188} INFO - [2024-05-14T01:59:41.871+0000] {dagbag.py:545} INFO - Filling up the DagBag from /home/airflow/.local/lib/python3.12/site-packages/airflow/example_dags/example_sensors.py
[2024-05-14T01:59:41.876+0000] {processor.py:840} INFO - DAG(s) 'example_sensors' retrieved from /home/airflow/.local/lib/python3.12/site-packages/airflow/example_dags/example_sensors.py
[2024-05-14T01:59:41.891+0000] {logging_mixin.py:188} INFO - [2024-05-14T01:59:41.890+0000] {dag.py:3096} INFO - Sync 1 DAGs
[2024-05-14T01:59:41.897+0000] {logging_mixin.py:188} INFO - [2024-05-14T01:59:41.897+0000] {dag.py:3954} INFO - Setting next_dagrun for example_sensors to None, run_after=None
[2024-05-14T01:59:41.907+0000] {processor.py:183} INFO - Processing /home/airflow/.local/lib/python3.12/site-packages/airflow/example_dags/example_sensors.py took 0.041 seconds
[2024-05-14T02:00:12.668+0000] {processor.py:161} INFO - Started process (PID=762) to work on /home/airflow/.local/lib/python3.12/site-packages/airflow/example_dags/example_sensors.py
[2024-05-14T02:00:12.668+0000] {processor.py:830} INFO - Processing file /home/airflow/.local/lib/python3.12/site-packages/airflow/example_dags/example_sensors.py for tasks to queue
[2024-05-14T02:00:12.669+0000] {logging_mixin.py:188} INFO - [2024-05-14T02:00:12.669+0000] {dagbag.py:545} INFO - Filling up the DagBag from /home/airflow/.local/lib/python3.12/site-packages/airflow/example_dags/example_sensors.py
[2024-05-14T02:00:12.687+0000] {processor.py:840} INFO - DAG(s) 'example_sensors' retrieved from /home/airflow/.local/lib/python3.12/site-packages/airflow/example_dags/example_sensors.py
[2024-05-14T02:00:12.700+0000] {logging_mixin.py:188} INFO - [2024-05-14T02:00:12.700+0000] {dag.py:3096} INFO - Sync 1 DAGs
[2024-05-14T02:00:12.705+0000] {logging_mixin.py:188} INFO - [2024-05-14T02:00:12.705+0000] {dag.py:3954} INFO - Setting next_dagrun for example_sensors to None, run_after=None
[2024-05-14T02:00:12.713+0000] {processor.py:183} INFO - Processing /home/airflow/.local/lib/python3.12/site-packages/airflow/example_dags/example_sensors.py took 0.049 seconds
[2024-05-14T02:00:43.556+0000] {processor.py:161} INFO - Started process (PID=821) to work on /home/airflow/.local/lib/python3.12/site-packages/airflow/example_dags/example_sensors.py
[2024-05-14T02:00:43.557+0000] {processor.py:830} INFO - Processing file /home/airflow/.local/lib/python3.12/site-packages/airflow/example_dags/example_sensors.py for tasks to queue
[2024-05-14T02:00:43.558+0000] {logging_mixin.py:188} INFO - [2024-05-14T02:00:43.558+0000] {dagbag.py:545} INFO - Filling up the DagBag from /home/airflow/.local/lib/python3.12/site-packages/airflow/example_dags/example_sensors.py
[2024-05-14T02:00:43.563+0000] {processor.py:840} INFO - DAG(s) 'example_sensors' retrieved from /home/airflow/.local/lib/python3.12/site-packages/airflow/example_dags/example_sensors.py
[2024-05-14T02:00:43.575+0000] {logging_mixin.py:188} INFO - [2024-05-14T02:00:43.575+0000] {dag.py:3096} INFO - Sync 1 DAGs
[2024-05-14T02:00:43.581+0000] {logging_mixin.py:188} INFO - [2024-05-14T02:00:43.580+0000] {dag.py:3954} INFO - Setting next_dagrun for example_sensors to None, run_after=None
[2024-05-14T02:00:43.590+0000] {processor.py:183} INFO - Processing /home/airflow/.local/lib/python3.12/site-packages/airflow/example_dags/example_sensors.py took 0.036 seconds
[2024-05-14T02:01:13.714+0000] {processor.py:161} INFO - Started process (PID=880) to work on /home/airflow/.local/lib/python3.12/site-packages/airflow/example_dags/example_sensors.py
[2024-05-14T02:01:13.715+0000] {processor.py:830} INFO - Processing file /home/airflow/.local/lib/python3.12/site-packages/airflow/example_dags/example_sensors.py for tasks to queue
[2024-05-14T02:01:13.716+0000] {logging_mixin.py:188} INFO - [2024-05-14T02:01:13.716+0000] {dagbag.py:545} INFO - Filling up the DagBag from /home/airflow/.local/lib/python3.12/site-packages/airflow/example_dags/example_sensors.py
[2024-05-14T02:01:13.721+0000] {processor.py:840} INFO - DAG(s) 'example_sensors' retrieved from /home/airflow/.local/lib/python3.12/site-packages/airflow/example_dags/example_sensors.py
[2024-05-14T02:01:13.734+0000] {logging_mixin.py:188} INFO - [2024-05-14T02:01:13.734+0000] {dag.py:3096} INFO - Sync 1 DAGs
[2024-05-14T02:01:13.740+0000] {logging_mixin.py:188} INFO - [2024-05-14T02:01:13.740+0000] {dag.py:3954} INFO - Setting next_dagrun for example_sensors to None, run_after=None
[2024-05-14T02:01:13.748+0000] {processor.py:183} INFO - Processing /home/airflow/.local/lib/python3.12/site-packages/airflow/example_dags/example_sensors.py took 0.036 seconds
[2024-05-14T02:01:44.829+0000] {processor.py:161} INFO - Started process (PID=939) to work on /home/airflow/.local/lib/python3.12/site-packages/airflow/example_dags/example_sensors.py
[2024-05-14T02:01:44.829+0000] {processor.py:830} INFO - Processing file /home/airflow/.local/lib/python3.12/site-packages/airflow/example_dags/example_sensors.py for tasks to queue
[2024-05-14T02:01:44.830+0000] {logging_mixin.py:188} INFO - [2024-05-14T02:01:44.830+0000] {dagbag.py:545} INFO - Filling up the DagBag from /home/airflow/.local/lib/python3.12/site-packages/airflow/example_dags/example_sensors.py
[2024-05-14T02:01:44.834+0000] {processor.py:840} INFO - DAG(s) 'example_sensors' retrieved from /home/airflow/.local/lib/python3.12/site-packages/airflow/example_dags/example_sensors.py
[2024-05-14T02:01:44.846+0000] {logging_mixin.py:188} INFO - [2024-05-14T02:01:44.846+0000] {dag.py:3096} INFO - Sync 1 DAGs
[2024-05-14T02:01:44.851+0000] {logging_mixin.py:188} INFO - [2024-05-14T02:01:44.851+0000] {dag.py:3954} INFO - Setting next_dagrun for example_sensors to None, run_after=None
[2024-05-14T02:01:44.859+0000] {processor.py:183} INFO - Processing /home/airflow/.local/lib/python3.12/site-packages/airflow/example_dags/example_sensors.py took 0.033 seconds
[2024-05-14T02:02:15.114+0000] {processor.py:161} INFO - Started process (PID=998) to work on /home/airflow/.local/lib/python3.12/site-packages/airflow/example_dags/example_sensors.py
[2024-05-14T02:02:15.115+0000] {processor.py:830} INFO - Processing file /home/airflow/.local/lib/python3.12/site-packages/airflow/example_dags/example_sensors.py for tasks to queue
[2024-05-14T02:02:15.116+0000] {logging_mixin.py:188} INFO - [2024-05-14T02:02:15.116+0000] {dagbag.py:545} INFO - Filling up the DagBag from /home/airflow/.local/lib/python3.12/site-packages/airflow/example_dags/example_sensors.py
[2024-05-14T02:02:15.122+0000] {processor.py:840} INFO - DAG(s) 'example_sensors' retrieved from /home/airflow/.local/lib/python3.12/site-packages/airflow/example_dags/example_sensors.py
[2024-05-14T02:02:15.137+0000] {logging_mixin.py:188} INFO - [2024-05-14T02:02:15.137+0000] {dag.py:3096} INFO - Sync 1 DAGs
[2024-05-14T02:02:15.145+0000] {logging_mixin.py:188} INFO - [2024-05-14T02:02:15.145+0000] {dag.py:3954} INFO - Setting next_dagrun for example_sensors to None, run_after=None
[2024-05-14T02:02:15.159+0000] {processor.py:183} INFO - Processing /home/airflow/.local/lib/python3.12/site-packages/airflow/example_dags/example_sensors.py took 0.049 seconds
[2024-05-14T02:02:45.221+0000] {processor.py:161} INFO - Started process (PID=1057) to work on /home/airflow/.local/lib/python3.12/site-packages/airflow/example_dags/example_sensors.py
[2024-05-14T02:02:45.222+0000] {processor.py:830} INFO - Processing file /home/airflow/.local/lib/python3.12/site-packages/airflow/example_dags/example_sensors.py for tasks to queue
[2024-05-14T02:02:45.223+0000] {logging_mixin.py:188} INFO - [2024-05-14T02:02:45.223+0000] {dagbag.py:545} INFO - Filling up the DagBag from /home/airflow/.local/lib/python3.12/site-packages/airflow/example_dags/example_sensors.py
[2024-05-14T02:02:45.228+0000] {processor.py:840} INFO - DAG(s) 'example_sensors' retrieved from /home/airflow/.local/lib/python3.12/site-packages/airflow/example_dags/example_sensors.py
[2024-05-14T02:02:45.244+0000] {logging_mixin.py:188} INFO - [2024-05-14T02:02:45.244+0000] {dag.py:3096} INFO - Sync 1 DAGs
[2024-05-14T02:02:45.252+0000] {logging_mixin.py:188} INFO - [2024-05-14T02:02:45.252+0000] {dag.py:3954} INFO - Setting next_dagrun for example_sensors to None, run_after=None
[2024-05-14T02:02:45.264+0000] {processor.py:183} INFO - Processing /home/airflow/.local/lib/python3.12/site-packages/airflow/example_dags/example_sensors.py took 0.046 seconds
[2024-05-14T02:03:15.351+0000] {processor.py:161} INFO - Started process (PID=1116) to work on /home/airflow/.local/lib/python3.12/site-packages/airflow/example_dags/example_sensors.py
[2024-05-14T02:03:15.352+0000] {processor.py:830} INFO - Processing file /home/airflow/.local/lib/python3.12/site-packages/airflow/example_dags/example_sensors.py for tasks to queue
[2024-05-14T02:03:15.353+0000] {logging_mixin.py:188} INFO - [2024-05-14T02:03:15.352+0000] {dagbag.py:545} INFO - Filling up the DagBag from /home/airflow/.local/lib/python3.12/site-packages/airflow/example_dags/example_sensors.py
[2024-05-14T02:03:15.357+0000] {processor.py:840} INFO - DAG(s) 'example_sensors' retrieved from /home/airflow/.local/lib/python3.12/site-packages/airflow/example_dags/example_sensors.py
[2024-05-14T02:03:15.369+0000] {logging_mixin.py:188} INFO - [2024-05-14T02:03:15.369+0000] {dag.py:3096} INFO - Sync 1 DAGs
[2024-05-14T02:03:15.375+0000] {logging_mixin.py:188} INFO - [2024-05-14T02:03:15.375+0000] {dag.py:3954} INFO - Setting next_dagrun for example_sensors to None, run_after=None
[2024-05-14T02:03:15.393+0000] {processor.py:183} INFO - Processing /home/airflow/.local/lib/python3.12/site-packages/airflow/example_dags/example_sensors.py took 0.045 seconds
[2024-05-14T02:03:46.209+0000] {processor.py:161} INFO - Started process (PID=1175) to work on /home/airflow/.local/lib/python3.12/site-packages/airflow/example_dags/example_sensors.py
[2024-05-14T02:03:46.210+0000] {processor.py:830} INFO - Processing file /home/airflow/.local/lib/python3.12/site-packages/airflow/example_dags/example_sensors.py for tasks to queue
[2024-05-14T02:03:46.211+0000] {logging_mixin.py:188} INFO - [2024-05-14T02:03:46.211+0000] {dagbag.py:545} INFO - Filling up the DagBag from /home/airflow/.local/lib/python3.12/site-packages/airflow/example_dags/example_sensors.py
[2024-05-14T02:03:46.215+0000] {processor.py:840} INFO - DAG(s) 'example_sensors' retrieved from /home/airflow/.local/lib/python3.12/site-packages/airflow/example_dags/example_sensors.py
[2024-05-14T02:03:46.228+0000] {logging_mixin.py:188} INFO - [2024-05-14T02:03:46.228+0000] {dag.py:3096} INFO - Sync 1 DAGs
[2024-05-14T02:03:46.234+0000] {logging_mixin.py:188} INFO - [2024-05-14T02:03:46.234+0000] {dag.py:3954} INFO - Setting next_dagrun for example_sensors to None, run_after=None
[2024-05-14T02:03:46.243+0000] {processor.py:183} INFO - Processing /home/airflow/.local/lib/python3.12/site-packages/airflow/example_dags/example_sensors.py took 0.037 seconds
[2024-05-14T02:04:16.271+0000] {processor.py:161} INFO - Started process (PID=1233) to work on /home/airflow/.local/lib/python3.12/site-packages/airflow/example_dags/example_sensors.py
[2024-05-14T02:04:16.271+0000] {processor.py:830} INFO - Processing file /home/airflow/.local/lib/python3.12/site-packages/airflow/example_dags/example_sensors.py for tasks to queue
[2024-05-14T02:04:16.272+0000] {logging_mixin.py:188} INFO - [2024-05-14T02:04:16.272+0000] {dagbag.py:545} INFO - Filling up the DagBag from /home/airflow/.local/lib/python3.12/site-packages/airflow/example_dags/example_sensors.py
[2024-05-14T02:04:16.277+0000] {processor.py:840} INFO - DAG(s) 'example_sensors' retrieved from /home/airflow/.local/lib/python3.12/site-packages/airflow/example_dags/example_sensors.py
[2024-05-14T02:04:16.289+0000] {logging_mixin.py:188} INFO - [2024-05-14T02:04:16.289+0000] {dag.py:3096} INFO - Sync 1 DAGs
[2024-05-14T02:04:16.295+0000] {logging_mixin.py:188} INFO - [2024-05-14T02:04:16.295+0000] {dag.py:3954} INFO - Setting next_dagrun for example_sensors to None, run_after=None
[2024-05-14T02:04:16.303+0000] {processor.py:183} INFO - Processing /home/airflow/.local/lib/python3.12/site-packages/airflow/example_dags/example_sensors.py took 0.036 seconds
[2024-05-14T02:04:46.420+0000] {processor.py:161} INFO - Started process (PID=1292) to work on /home/airflow/.local/lib/python3.12/site-packages/airflow/example_dags/example_sensors.py
[2024-05-14T02:04:46.421+0000] {processor.py:830} INFO - Processing file /home/airflow/.local/lib/python3.12/site-packages/airflow/example_dags/example_sensors.py for tasks to queue
[2024-05-14T02:04:46.422+0000] {logging_mixin.py:188} INFO - [2024-05-14T02:04:46.422+0000] {dagbag.py:545} INFO - Filling up the DagBag from /home/airflow/.local/lib/python3.12/site-packages/airflow/example_dags/example_sensors.py
[2024-05-14T02:04:46.426+0000] {processor.py:840} INFO - DAG(s) 'example_sensors' retrieved from /home/airflow/.local/lib/python3.12/site-packages/airflow/example_dags/example_sensors.py
[2024-05-14T02:04:46.442+0000] {logging_mixin.py:188} INFO - [2024-05-14T02:04:46.441+0000] {dag.py:3096} INFO - Sync 1 DAGs
[2024-05-14T02:04:46.448+0000] {logging_mixin.py:188} INFO - [2024-05-14T02:04:46.448+0000] {dag.py:3954} INFO - Setting next_dagrun for example_sensors to None, run_after=None
[2024-05-14T02:04:46.459+0000] {processor.py:183} INFO - Processing /home/airflow/.local/lib/python3.12/site-packages/airflow/example_dags/example_sensors.py took 0.042 seconds
[2024-05-14T02:05:16.524+0000] {processor.py:161} INFO - Started process (PID=1350) to work on /home/airflow/.local/lib/python3.12/site-packages/airflow/example_dags/example_sensors.py
[2024-05-14T02:05:16.525+0000] {processor.py:830} INFO - Processing file /home/airflow/.local/lib/python3.12/site-packages/airflow/example_dags/example_sensors.py for tasks to queue
[2024-05-14T02:05:16.526+0000] {logging_mixin.py:188} INFO - [2024-05-14T02:05:16.526+0000] {dagbag.py:545} INFO - Filling up the DagBag from /home/airflow/.local/lib/python3.12/site-packages/airflow/example_dags/example_sensors.py
[2024-05-14T02:05:16.531+0000] {processor.py:840} INFO - DAG(s) 'example_sensors' retrieved from /home/airflow/.local/lib/python3.12/site-packages/airflow/example_dags/example_sensors.py
[2024-05-14T02:05:16.543+0000] {logging_mixin.py:188} INFO - [2024-05-14T02:05:16.543+0000] {dag.py:3096} INFO - Sync 1 DAGs
[2024-05-14T02:05:16.549+0000] {logging_mixin.py:188} INFO - [2024-05-14T02:05:16.549+0000] {dag.py:3954} INFO - Setting next_dagrun for example_sensors to None, run_after=None
[2024-05-14T02:05:16.557+0000] {processor.py:183} INFO - Processing /home/airflow/.local/lib/python3.12/site-packages/airflow/example_dags/example_sensors.py took 0.036 seconds
[2024-05-14T02:05:47.351+0000] {processor.py:161} INFO - Started process (PID=1410) to work on /home/airflow/.local/lib/python3.12/site-packages/airflow/example_dags/example_sensors.py
[2024-05-14T02:05:47.351+0000] {processor.py:830} INFO - Processing file /home/airflow/.local/lib/python3.12/site-packages/airflow/example_dags/example_sensors.py for tasks to queue
[2024-05-14T02:05:47.352+0000] {logging_mixin.py:188} INFO - [2024-05-14T02:05:47.352+0000] {dagbag.py:545} INFO - Filling up the DagBag from /home/airflow/.local/lib/python3.12/site-packages/airflow/example_dags/example_sensors.py
[2024-05-14T02:05:47.357+0000] {processor.py:840} INFO - DAG(s) 'example_sensors' retrieved from /home/airflow/.local/lib/python3.12/site-packages/airflow/example_dags/example_sensors.py
[2024-05-14T02:05:47.369+0000] {logging_mixin.py:188} INFO - [2024-05-14T02:05:47.369+0000] {dag.py:3096} INFO - Sync 1 DAGs
[2024-05-14T02:05:47.376+0000] {logging_mixin.py:188} INFO - [2024-05-14T02:05:47.375+0000] {dag.py:3954} INFO - Setting next_dagrun for example_sensors to None, run_after=None
[2024-05-14T02:05:47.384+0000] {processor.py:183} INFO - Processing /home/airflow/.local/lib/python3.12/site-packages/airflow/example_dags/example_sensors.py took 0.037 seconds
[2024-05-14T02:06:17.442+0000] {processor.py:161} INFO - Started process (PID=1469) to work on /home/airflow/.local/lib/python3.12/site-packages/airflow/example_dags/example_sensors.py
[2024-05-14T02:06:17.443+0000] {processor.py:830} INFO - Processing file /home/airflow/.local/lib/python3.12/site-packages/airflow/example_dags/example_sensors.py for tasks to queue
[2024-05-14T02:06:17.444+0000] {logging_mixin.py:188} INFO - [2024-05-14T02:06:17.444+0000] {dagbag.py:545} INFO - Filling up the DagBag from /home/airflow/.local/lib/python3.12/site-packages/airflow/example_dags/example_sensors.py
[2024-05-14T02:06:17.448+0000] {processor.py:840} INFO - DAG(s) 'example_sensors' retrieved from /home/airflow/.local/lib/python3.12/site-packages/airflow/example_dags/example_sensors.py
[2024-05-14T02:06:17.460+0000] {logging_mixin.py:188} INFO - [2024-05-14T02:06:17.460+0000] {dag.py:3096} INFO - Sync 1 DAGs
[2024-05-14T02:06:17.465+0000] {logging_mixin.py:188} INFO - [2024-05-14T02:06:17.465+0000] {dag.py:3954} INFO - Setting next_dagrun for example_sensors to None, run_after=None
[2024-05-14T02:06:17.473+0000] {processor.py:183} INFO - Processing /home/airflow/.local/lib/python3.12/site-packages/airflow/example_dags/example_sensors.py took 0.034 seconds
[2024-05-14T02:06:47.590+0000] {processor.py:161} INFO - Started process (PID=1527) to work on /home/airflow/.local/lib/python3.12/site-packages/airflow/example_dags/example_sensors.py
[2024-05-14T02:06:47.590+0000] {processor.py:830} INFO - Processing file /home/airflow/.local/lib/python3.12/site-packages/airflow/example_dags/example_sensors.py for tasks to queue
[2024-05-14T02:06:47.591+0000] {logging_mixin.py:188} INFO - [2024-05-14T02:06:47.591+0000] {dagbag.py:545} INFO - Filling up the DagBag from /home/airflow/.local/lib/python3.12/site-packages/airflow/example_dags/example_sensors.py
[2024-05-14T02:06:47.596+0000] {processor.py:840} INFO - DAG(s) 'example_sensors' retrieved from /home/airflow/.local/lib/python3.12/site-packages/airflow/example_dags/example_sensors.py
[2024-05-14T02:06:47.608+0000] {logging_mixin.py:188} INFO - [2024-05-14T02:06:47.608+0000] {dag.py:3096} INFO - Sync 1 DAGs
[2024-05-14T02:06:47.614+0000] {logging_mixin.py:188} INFO - [2024-05-14T02:06:47.614+0000] {dag.py:3954} INFO - Setting next_dagrun for example_sensors to None, run_after=None
[2024-05-14T02:06:47.623+0000] {processor.py:183} INFO - Processing /home/airflow/.local/lib/python3.12/site-packages/airflow/example_dags/example_sensors.py took 0.036 seconds
[2024-05-14T02:07:17.794+0000] {processor.py:161} INFO - Started process (PID=1587) to work on /home/airflow/.local/lib/python3.12/site-packages/airflow/example_dags/example_sensors.py
[2024-05-14T02:07:17.805+0000] {processor.py:830} INFO - Processing file /home/airflow/.local/lib/python3.12/site-packages/airflow/example_dags/example_sensors.py for tasks to queue
[2024-05-14T02:07:17.809+0000] {logging_mixin.py:188} INFO - [2024-05-14T02:07:17.809+0000] {dagbag.py:545} INFO - Filling up the DagBag from /home/airflow/.local/lib/python3.12/site-packages/airflow/example_dags/example_sensors.py
[2024-05-14T02:07:17.836+0000] {processor.py:840} INFO - DAG(s) 'example_sensors' retrieved from /home/airflow/.local/lib/python3.12/site-packages/airflow/example_dags/example_sensors.py
[2024-05-14T02:07:17.859+0000] {logging_mixin.py:188} INFO - [2024-05-14T02:07:17.859+0000] {dag.py:3096} INFO - Sync 1 DAGs
[2024-05-14T02:07:17.866+0000] {logging_mixin.py:188} INFO - [2024-05-14T02:07:17.866+0000] {dag.py:3954} INFO - Setting next_dagrun for example_sensors to None, run_after=None
[2024-05-14T02:07:17.876+0000] {processor.py:183} INFO - Processing /home/airflow/.local/lib/python3.12/site-packages/airflow/example_dags/example_sensors.py took 0.095 seconds
[2024-05-14T02:07:48.099+0000] {processor.py:161} INFO - Started process (PID=1646) to work on /home/airflow/.local/lib/python3.12/site-packages/airflow/example_dags/example_sensors.py
[2024-05-14T02:07:48.100+0000] {processor.py:830} INFO - Processing file /home/airflow/.local/lib/python3.12/site-packages/airflow/example_dags/example_sensors.py for tasks to queue
[2024-05-14T02:07:48.101+0000] {logging_mixin.py:188} INFO - [2024-05-14T02:07:48.100+0000] {dagbag.py:545} INFO - Filling up the DagBag from /home/airflow/.local/lib/python3.12/site-packages/airflow/example_dags/example_sensors.py
[2024-05-14T02:07:48.105+0000] {processor.py:840} INFO - DAG(s) 'example_sensors' retrieved from /home/airflow/.local/lib/python3.12/site-packages/airflow/example_dags/example_sensors.py
[2024-05-14T02:07:48.117+0000] {logging_mixin.py:188} INFO - [2024-05-14T02:07:48.117+0000] {dag.py:3096} INFO - Sync 1 DAGs
[2024-05-14T02:07:48.123+0000] {logging_mixin.py:188} INFO - [2024-05-14T02:07:48.123+0000] {dag.py:3954} INFO - Setting next_dagrun for example_sensors to None, run_after=None
[2024-05-14T02:07:48.133+0000] {processor.py:183} INFO - Processing /home/airflow/.local/lib/python3.12/site-packages/airflow/example_dags/example_sensors.py took 0.037 seconds
[2024-05-14T02:08:18.152+0000] {processor.py:161} INFO - Started process (PID=1704) to work on /home/airflow/.local/lib/python3.12/site-packages/airflow/example_dags/example_sensors.py
[2024-05-14T02:08:18.153+0000] {processor.py:830} INFO - Processing file /home/airflow/.local/lib/python3.12/site-packages/airflow/example_dags/example_sensors.py for tasks to queue
[2024-05-14T02:08:18.154+0000] {logging_mixin.py:188} INFO - [2024-05-14T02:08:18.154+0000] {dagbag.py:545} INFO - Filling up the DagBag from /home/airflow/.local/lib/python3.12/site-packages/airflow/example_dags/example_sensors.py
[2024-05-14T02:08:18.159+0000] {processor.py:840} INFO - DAG(s) 'example_sensors' retrieved from /home/airflow/.local/lib/python3.12/site-packages/airflow/example_dags/example_sensors.py
[2024-05-14T02:08:18.171+0000] {logging_mixin.py:188} INFO - [2024-05-14T02:08:18.170+0000] {dag.py:3096} INFO - Sync 1 DAGs
[2024-05-14T02:08:18.176+0000] {logging_mixin.py:188} INFO - [2024-05-14T02:08:18.176+0000] {dag.py:3954} INFO - Setting next_dagrun for example_sensors to None, run_after=None
[2024-05-14T02:08:18.184+0000] {processor.py:183} INFO - Processing /home/airflow/.local/lib/python3.12/site-packages/airflow/example_dags/example_sensors.py took 0.035 seconds
[2024-05-14T02:08:48.286+0000] {processor.py:161} INFO - Started process (PID=1763) to work on /home/airflow/.local/lib/python3.12/site-packages/airflow/example_dags/example_sensors.py
[2024-05-14T02:08:48.286+0000] {processor.py:830} INFO - Processing file /home/airflow/.local/lib/python3.12/site-packages/airflow/example_dags/example_sensors.py for tasks to queue
[2024-05-14T02:08:48.288+0000] {logging_mixin.py:188} INFO - [2024-05-14T02:08:48.287+0000] {dagbag.py:545} INFO - Filling up the DagBag from /home/airflow/.local/lib/python3.12/site-packages/airflow/example_dags/example_sensors.py
[2024-05-14T02:08:48.292+0000] {processor.py:840} INFO - DAG(s) 'example_sensors' retrieved from /home/airflow/.local/lib/python3.12/site-packages/airflow/example_dags/example_sensors.py
[2024-05-14T02:08:48.304+0000] {logging_mixin.py:188} INFO - [2024-05-14T02:08:48.304+0000] {dag.py:3096} INFO - Sync 1 DAGs
[2024-05-14T02:08:48.310+0000] {logging_mixin.py:188} INFO - [2024-05-14T02:08:48.310+0000] {dag.py:3954} INFO - Setting next_dagrun for example_sensors to None, run_after=None
[2024-05-14T02:08:48.318+0000] {processor.py:183} INFO - Processing /home/airflow/.local/lib/python3.12/site-packages/airflow/example_dags/example_sensors.py took 0.035 seconds
[2024-05-14T02:09:19.082+0000] {processor.py:161} INFO - Started process (PID=1822) to work on /home/airflow/.local/lib/python3.12/site-packages/airflow/example_dags/example_sensors.py
[2024-05-14T02:09:19.082+0000] {processor.py:830} INFO - Processing file /home/airflow/.local/lib/python3.12/site-packages/airflow/example_dags/example_sensors.py for tasks to queue
[2024-05-14T02:09:19.084+0000] {logging_mixin.py:188} INFO - [2024-05-14T02:09:19.083+0000] {dagbag.py:545} INFO - Filling up the DagBag from /home/airflow/.local/lib/python3.12/site-packages/airflow/example_dags/example_sensors.py
[2024-05-14T02:09:19.089+0000] {processor.py:840} INFO - DAG(s) 'example_sensors' retrieved from /home/airflow/.local/lib/python3.12/site-packages/airflow/example_dags/example_sensors.py
[2024-05-14T02:09:19.101+0000] {logging_mixin.py:188} INFO - [2024-05-14T02:09:19.101+0000] {dag.py:3096} INFO - Sync 1 DAGs
[2024-05-14T02:09:19.108+0000] {logging_mixin.py:188} INFO - [2024-05-14T02:09:19.108+0000] {dag.py:3954} INFO - Setting next_dagrun for example_sensors to None, run_after=None
[2024-05-14T02:09:19.116+0000] {processor.py:183} INFO - Processing /home/airflow/.local/lib/python3.12/site-packages/airflow/example_dags/example_sensors.py took 0.037 seconds
[2024-05-14T02:09:49.433+0000] {processor.py:161} INFO - Started process (PID=1881) to work on /home/airflow/.local/lib/python3.12/site-packages/airflow/example_dags/example_sensors.py
[2024-05-14T02:09:49.434+0000] {processor.py:830} INFO - Processing file /home/airflow/.local/lib/python3.12/site-packages/airflow/example_dags/example_sensors.py for tasks to queue
[2024-05-14T02:09:49.435+0000] {logging_mixin.py:188} INFO - [2024-05-14T02:09:49.435+0000] {dagbag.py:545} INFO - Filling up the DagBag from /home/airflow/.local/lib/python3.12/site-packages/airflow/example_dags/example_sensors.py
[2024-05-14T02:09:49.439+0000] {processor.py:840} INFO - DAG(s) 'example_sensors' retrieved from /home/airflow/.local/lib/python3.12/site-packages/airflow/example_dags/example_sensors.py
[2024-05-14T02:09:49.452+0000] {logging_mixin.py:188} INFO - [2024-05-14T02:09:49.452+0000] {dag.py:3096} INFO - Sync 1 DAGs
[2024-05-14T02:09:49.458+0000] {logging_mixin.py:188} INFO - [2024-05-14T02:09:49.457+0000] {dag.py:3954} INFO - Setting next_dagrun for example_sensors to None, run_after=None
[2024-05-14T02:09:49.467+0000] {processor.py:183} INFO - Processing /home/airflow/.local/lib/python3.12/site-packages/airflow/example_dags/example_sensors.py took 0.036 seconds
[2024-05-14T02:10:19.850+0000] {processor.py:161} INFO - Started process (PID=1940) to work on /home/airflow/.local/lib/python3.12/site-packages/airflow/example_dags/example_sensors.py
[2024-05-14T02:10:19.851+0000] {processor.py:830} INFO - Processing file /home/airflow/.local/lib/python3.12/site-packages/airflow/example_dags/example_sensors.py for tasks to queue
[2024-05-14T02:10:19.851+0000] {logging_mixin.py:188} INFO - [2024-05-14T02:10:19.851+0000] {dagbag.py:545} INFO - Filling up the DagBag from /home/airflow/.local/lib/python3.12/site-packages/airflow/example_dags/example_sensors.py
[2024-05-14T02:10:19.856+0000] {processor.py:840} INFO - DAG(s) 'example_sensors' retrieved from /home/airflow/.local/lib/python3.12/site-packages/airflow/example_dags/example_sensors.py
[2024-05-14T02:10:19.869+0000] {logging_mixin.py:188} INFO - [2024-05-14T02:10:19.869+0000] {dag.py:3096} INFO - Sync 1 DAGs
[2024-05-14T02:10:19.953+0000] {logging_mixin.py:188} INFO - [2024-05-14T02:10:19.953+0000] {dag.py:3954} INFO - Setting next_dagrun for example_sensors to None, run_after=None
[2024-05-14T02:10:19.961+0000] {processor.py:183} INFO - Processing /home/airflow/.local/lib/python3.12/site-packages/airflow/example_dags/example_sensors.py took 0.114 seconds
[2024-05-14T02:10:50.596+0000] {processor.py:161} INFO - Started process (PID=1999) to work on /home/airflow/.local/lib/python3.12/site-packages/airflow/example_dags/example_sensors.py
[2024-05-14T02:10:50.597+0000] {processor.py:830} INFO - Processing file /home/airflow/.local/lib/python3.12/site-packages/airflow/example_dags/example_sensors.py for tasks to queue
[2024-05-14T02:10:50.598+0000] {logging_mixin.py:188} INFO - [2024-05-14T02:10:50.598+0000] {dagbag.py:545} INFO - Filling up the DagBag from /home/airflow/.local/lib/python3.12/site-packages/airflow/example_dags/example_sensors.py
[2024-05-14T02:10:50.602+0000] {processor.py:840} INFO - DAG(s) 'example_sensors' retrieved from /home/airflow/.local/lib/python3.12/site-packages/airflow/example_dags/example_sensors.py
[2024-05-14T02:10:50.616+0000] {logging_mixin.py:188} INFO - [2024-05-14T02:10:50.616+0000] {dag.py:3096} INFO - Sync 1 DAGs
[2024-05-14T02:10:50.719+0000] {logging_mixin.py:188} INFO - [2024-05-14T02:10:50.719+0000] {dag.py:3954} INFO - Setting next_dagrun for example_sensors to None, run_after=None
[2024-05-14T02:10:50.726+0000] {processor.py:183} INFO - Processing /home/airflow/.local/lib/python3.12/site-packages/airflow/example_dags/example_sensors.py took 0.133 seconds
[2024-05-14T02:11:21.234+0000] {processor.py:161} INFO - Started process (PID=2057) to work on /home/airflow/.local/lib/python3.12/site-packages/airflow/example_dags/example_sensors.py
[2024-05-14T02:11:21.234+0000] {processor.py:830} INFO - Processing file /home/airflow/.local/lib/python3.12/site-packages/airflow/example_dags/example_sensors.py for tasks to queue
[2024-05-14T02:11:21.235+0000] {logging_mixin.py:188} INFO - [2024-05-14T02:11:21.235+0000] {dagbag.py:545} INFO - Filling up the DagBag from /home/airflow/.local/lib/python3.12/site-packages/airflow/example_dags/example_sensors.py
[2024-05-14T02:11:21.240+0000] {processor.py:840} INFO - DAG(s) 'example_sensors' retrieved from /home/airflow/.local/lib/python3.12/site-packages/airflow/example_dags/example_sensors.py
[2024-05-14T02:11:21.252+0000] {logging_mixin.py:188} INFO - [2024-05-14T02:11:21.252+0000] {dag.py:3096} INFO - Sync 1 DAGs
[2024-05-14T02:11:21.258+0000] {logging_mixin.py:188} INFO - [2024-05-14T02:11:21.258+0000] {dag.py:3954} INFO - Setting next_dagrun for example_sensors to None, run_after=None
[2024-05-14T02:11:21.267+0000] {processor.py:183} INFO - Processing /home/airflow/.local/lib/python3.12/site-packages/airflow/example_dags/example_sensors.py took 0.036 seconds
[2024-05-14T02:11:51.608+0000] {processor.py:161} INFO - Started process (PID=2116) to work on /home/airflow/.local/lib/python3.12/site-packages/airflow/example_dags/example_sensors.py
[2024-05-14T02:11:51.609+0000] {processor.py:830} INFO - Processing file /home/airflow/.local/lib/python3.12/site-packages/airflow/example_dags/example_sensors.py for tasks to queue
[2024-05-14T02:11:51.610+0000] {logging_mixin.py:188} INFO - [2024-05-14T02:11:51.610+0000] {dagbag.py:545} INFO - Filling up the DagBag from /home/airflow/.local/lib/python3.12/site-packages/airflow/example_dags/example_sensors.py
[2024-05-14T02:11:51.618+0000] {processor.py:840} INFO - DAG(s) 'example_sensors' retrieved from /home/airflow/.local/lib/python3.12/site-packages/airflow/example_dags/example_sensors.py
[2024-05-14T02:11:51.635+0000] {logging_mixin.py:188} INFO - [2024-05-14T02:11:51.634+0000] {dag.py:3096} INFO - Sync 1 DAGs
[2024-05-14T02:11:51.642+0000] {logging_mixin.py:188} INFO - [2024-05-14T02:11:51.642+0000] {dag.py:3954} INFO - Setting next_dagrun for example_sensors to None, run_after=None
[2024-05-14T02:11:51.652+0000] {processor.py:183} INFO - Processing /home/airflow/.local/lib/python3.12/site-packages/airflow/example_dags/example_sensors.py took 0.048 seconds
[2024-05-14T02:12:22.674+0000] {processor.py:161} INFO - Started process (PID=2179) to work on /home/airflow/.local/lib/python3.12/site-packages/airflow/example_dags/example_sensors.py
[2024-05-14T02:12:22.675+0000] {processor.py:830} INFO - Processing file /home/airflow/.local/lib/python3.12/site-packages/airflow/example_dags/example_sensors.py for tasks to queue
[2024-05-14T02:12:22.676+0000] {logging_mixin.py:188} INFO - [2024-05-14T02:12:22.676+0000] {dagbag.py:545} INFO - Filling up the DagBag from /home/airflow/.local/lib/python3.12/site-packages/airflow/example_dags/example_sensors.py
[2024-05-14T02:12:22.681+0000] {processor.py:840} INFO - DAG(s) 'example_sensors' retrieved from /home/airflow/.local/lib/python3.12/site-packages/airflow/example_dags/example_sensors.py
[2024-05-14T02:12:22.693+0000] {logging_mixin.py:188} INFO - [2024-05-14T02:12:22.693+0000] {dag.py:3096} INFO - Sync 1 DAGs
[2024-05-14T02:12:22.699+0000] {logging_mixin.py:188} INFO - [2024-05-14T02:12:22.699+0000] {dag.py:3954} INFO - Setting next_dagrun for example_sensors to None, run_after=None
[2024-05-14T02:12:22.708+0000] {processor.py:183} INFO - Processing /home/airflow/.local/lib/python3.12/site-packages/airflow/example_dags/example_sensors.py took 0.037 seconds
