[2024-05-14T01:54:09.050+0000] {processor.py:161} INFO - Started process (PID=69) to work on /home/airflow/.local/lib/python3.12/site-packages/airflow/example_dags/example_latest_only.py
[2024-05-14T01:54:09.073+0000] {processor.py:830} INFO - Processing file /home/airflow/.local/lib/python3.12/site-packages/airflow/example_dags/example_latest_only.py for tasks to queue
[2024-05-14T01:54:09.080+0000] {logging_mixin.py:188} INFO - [2024-05-14T01:54:09.079+0000] {dagbag.py:545} INFO - Filling up the DagBag from /home/airflow/.local/lib/python3.12/site-packages/airflow/example_dags/example_latest_only.py
[2024-05-14T01:54:09.093+0000] {processor.py:840} INFO - DAG(s) 'latest_only' retrieved from /home/airflow/.local/lib/python3.12/site-packages/airflow/example_dags/example_latest_only.py
[2024-05-14T01:54:09.157+0000] {logging_mixin.py:188} INFO - [2024-05-14T01:54:09.157+0000] {dag.py:3096} INFO - Sync 1 DAGs
[2024-05-14T01:54:09.274+0000] {logging_mixin.py:188} INFO - [2024-05-14T01:54:09.273+0000] {dag.py:3954} INFO - Setting next_dagrun for latest_only to 2024-05-13 20:00:00+00:00, run_after=2024-05-14 00:00:00+00:00
[2024-05-14T01:54:09.384+0000] {processor.py:183} INFO - Processing /home/airflow/.local/lib/python3.12/site-packages/airflow/example_dags/example_latest_only.py took 0.364 seconds
[2024-05-14T01:54:39.992+0000] {processor.py:161} INFO - Started process (PID=128) to work on /home/airflow/.local/lib/python3.12/site-packages/airflow/example_dags/example_latest_only.py
[2024-05-14T01:54:39.994+0000] {processor.py:830} INFO - Processing file /home/airflow/.local/lib/python3.12/site-packages/airflow/example_dags/example_latest_only.py for tasks to queue
[2024-05-14T01:54:39.996+0000] {logging_mixin.py:188} INFO - [2024-05-14T01:54:39.996+0000] {dagbag.py:545} INFO - Filling up the DagBag from /home/airflow/.local/lib/python3.12/site-packages/airflow/example_dags/example_latest_only.py
[2024-05-14T01:54:40.002+0000] {processor.py:840} INFO - DAG(s) 'latest_only' retrieved from /home/airflow/.local/lib/python3.12/site-packages/airflow/example_dags/example_latest_only.py
[2024-05-14T01:54:40.065+0000] {logging_mixin.py:188} INFO - [2024-05-14T01:54:40.065+0000] {dag.py:3096} INFO - Sync 1 DAGs
[2024-05-14T01:54:40.073+0000] {logging_mixin.py:188} INFO - [2024-05-14T01:54:40.073+0000] {dag.py:3954} INFO - Setting next_dagrun for latest_only to 2024-05-13 20:00:00+00:00, run_after=2024-05-14 00:00:00+00:00
[2024-05-14T01:54:40.081+0000] {processor.py:183} INFO - Processing /home/airflow/.local/lib/python3.12/site-packages/airflow/example_dags/example_latest_only.py took 0.098 seconds
[2024-05-14T01:55:10.967+0000] {processor.py:161} INFO - Started process (PID=187) to work on /home/airflow/.local/lib/python3.12/site-packages/airflow/example_dags/example_latest_only.py
[2024-05-14T01:55:10.968+0000] {processor.py:830} INFO - Processing file /home/airflow/.local/lib/python3.12/site-packages/airflow/example_dags/example_latest_only.py for tasks to queue
[2024-05-14T01:55:10.972+0000] {logging_mixin.py:188} INFO - [2024-05-14T01:55:10.972+0000] {dagbag.py:545} INFO - Filling up the DagBag from /home/airflow/.local/lib/python3.12/site-packages/airflow/example_dags/example_latest_only.py
[2024-05-14T01:55:10.979+0000] {processor.py:840} INFO - DAG(s) 'latest_only' retrieved from /home/airflow/.local/lib/python3.12/site-packages/airflow/example_dags/example_latest_only.py
[2024-05-14T01:55:11.001+0000] {logging_mixin.py:188} INFO - [2024-05-14T01:55:11.000+0000] {dag.py:3096} INFO - Sync 1 DAGs
[2024-05-14T01:55:11.017+0000] {logging_mixin.py:188} INFO - [2024-05-14T01:55:11.017+0000] {dag.py:3954} INFO - Setting next_dagrun for latest_only to 2024-05-13 20:00:00+00:00, run_after=2024-05-14 00:00:00+00:00
[2024-05-14T01:55:11.028+0000] {processor.py:183} INFO - Processing /home/airflow/.local/lib/python3.12/site-packages/airflow/example_dags/example_latest_only.py took 0.072 seconds
[2024-05-14T01:55:41.112+0000] {processor.py:161} INFO - Started process (PID=246) to work on /home/airflow/.local/lib/python3.12/site-packages/airflow/example_dags/example_latest_only.py
[2024-05-14T01:55:41.113+0000] {processor.py:830} INFO - Processing file /home/airflow/.local/lib/python3.12/site-packages/airflow/example_dags/example_latest_only.py for tasks to queue
[2024-05-14T01:55:41.116+0000] {logging_mixin.py:188} INFO - [2024-05-14T01:55:41.116+0000] {dagbag.py:545} INFO - Filling up the DagBag from /home/airflow/.local/lib/python3.12/site-packages/airflow/example_dags/example_latest_only.py
[2024-05-14T01:55:41.126+0000] {processor.py:840} INFO - DAG(s) 'latest_only' retrieved from /home/airflow/.local/lib/python3.12/site-packages/airflow/example_dags/example_latest_only.py
[2024-05-14T01:55:41.151+0000] {logging_mixin.py:188} INFO - [2024-05-14T01:55:41.151+0000] {dag.py:3096} INFO - Sync 1 DAGs
[2024-05-14T01:55:41.169+0000] {logging_mixin.py:188} INFO - [2024-05-14T01:55:41.169+0000] {dag.py:3954} INFO - Setting next_dagrun for latest_only to 2024-05-13 20:00:00+00:00, run_after=2024-05-14 00:00:00+00:00
[2024-05-14T01:55:41.180+0000] {processor.py:183} INFO - Processing /home/airflow/.local/lib/python3.12/site-packages/airflow/example_dags/example_latest_only.py took 0.077 seconds
[2024-05-14T01:56:11.303+0000] {processor.py:161} INFO - Started process (PID=305) to work on /home/airflow/.local/lib/python3.12/site-packages/airflow/example_dags/example_latest_only.py
[2024-05-14T01:56:11.305+0000] {processor.py:830} INFO - Processing file /home/airflow/.local/lib/python3.12/site-packages/airflow/example_dags/example_latest_only.py for tasks to queue
[2024-05-14T01:56:11.308+0000] {logging_mixin.py:188} INFO - [2024-05-14T01:56:11.307+0000] {dagbag.py:545} INFO - Filling up the DagBag from /home/airflow/.local/lib/python3.12/site-packages/airflow/example_dags/example_latest_only.py
[2024-05-14T01:56:11.314+0000] {processor.py:840} INFO - DAG(s) 'latest_only' retrieved from /home/airflow/.local/lib/python3.12/site-packages/airflow/example_dags/example_latest_only.py
[2024-05-14T01:56:11.335+0000] {logging_mixin.py:188} INFO - [2024-05-14T01:56:11.335+0000] {dag.py:3096} INFO - Sync 1 DAGs
[2024-05-14T01:56:11.351+0000] {logging_mixin.py:188} INFO - [2024-05-14T01:56:11.351+0000] {dag.py:3954} INFO - Setting next_dagrun for latest_only to 2024-05-13 20:00:00+00:00, run_after=2024-05-14 00:00:00+00:00
[2024-05-14T01:56:11.362+0000] {processor.py:183} INFO - Processing /home/airflow/.local/lib/python3.12/site-packages/airflow/example_dags/example_latest_only.py took 0.067 seconds
[2024-05-14T01:56:41.449+0000] {processor.py:161} INFO - Started process (PID=363) to work on /home/airflow/.local/lib/python3.12/site-packages/airflow/example_dags/example_latest_only.py
[2024-05-14T01:56:41.451+0000] {processor.py:830} INFO - Processing file /home/airflow/.local/lib/python3.12/site-packages/airflow/example_dags/example_latest_only.py for tasks to queue
[2024-05-14T01:56:41.454+0000] {logging_mixin.py:188} INFO - [2024-05-14T01:56:41.454+0000] {dagbag.py:545} INFO - Filling up the DagBag from /home/airflow/.local/lib/python3.12/site-packages/airflow/example_dags/example_latest_only.py
[2024-05-14T01:56:41.460+0000] {processor.py:840} INFO - DAG(s) 'latest_only' retrieved from /home/airflow/.local/lib/python3.12/site-packages/airflow/example_dags/example_latest_only.py
[2024-05-14T01:56:41.481+0000] {logging_mixin.py:188} INFO - [2024-05-14T01:56:41.480+0000] {dag.py:3096} INFO - Sync 1 DAGs
[2024-05-14T01:56:41.496+0000] {logging_mixin.py:188} INFO - [2024-05-14T01:56:41.496+0000] {dag.py:3954} INFO - Setting next_dagrun for latest_only to 2024-05-13 20:00:00+00:00, run_after=2024-05-14 00:00:00+00:00
[2024-05-14T01:56:41.507+0000] {processor.py:183} INFO - Processing /home/airflow/.local/lib/python3.12/site-packages/airflow/example_dags/example_latest_only.py took 0.067 seconds
[2024-05-14T01:57:12.476+0000] {processor.py:161} INFO - Started process (PID=422) to work on /home/airflow/.local/lib/python3.12/site-packages/airflow/example_dags/example_latest_only.py
[2024-05-14T01:57:12.477+0000] {processor.py:830} INFO - Processing file /home/airflow/.local/lib/python3.12/site-packages/airflow/example_dags/example_latest_only.py for tasks to queue
[2024-05-14T01:57:12.480+0000] {logging_mixin.py:188} INFO - [2024-05-14T01:57:12.480+0000] {dagbag.py:545} INFO - Filling up the DagBag from /home/airflow/.local/lib/python3.12/site-packages/airflow/example_dags/example_latest_only.py
[2024-05-14T01:57:12.487+0000] {processor.py:840} INFO - DAG(s) 'latest_only' retrieved from /home/airflow/.local/lib/python3.12/site-packages/airflow/example_dags/example_latest_only.py
[2024-05-14T01:57:12.507+0000] {logging_mixin.py:188} INFO - [2024-05-14T01:57:12.507+0000] {dag.py:3096} INFO - Sync 1 DAGs
[2024-05-14T01:57:12.525+0000] {logging_mixin.py:188} INFO - [2024-05-14T01:57:12.525+0000] {dag.py:3954} INFO - Setting next_dagrun for latest_only to 2024-05-13 20:00:00+00:00, run_after=2024-05-14 00:00:00+00:00
[2024-05-14T01:57:12.536+0000] {processor.py:183} INFO - Processing /home/airflow/.local/lib/python3.12/site-packages/airflow/example_dags/example_latest_only.py took 0.067 seconds
[2024-05-14T01:57:43.174+0000] {processor.py:161} INFO - Started process (PID=481) to work on /home/airflow/.local/lib/python3.12/site-packages/airflow/example_dags/example_latest_only.py
[2024-05-14T01:57:43.176+0000] {processor.py:830} INFO - Processing file /home/airflow/.local/lib/python3.12/site-packages/airflow/example_dags/example_latest_only.py for tasks to queue
[2024-05-14T01:57:43.179+0000] {logging_mixin.py:188} INFO - [2024-05-14T01:57:43.178+0000] {dagbag.py:545} INFO - Filling up the DagBag from /home/airflow/.local/lib/python3.12/site-packages/airflow/example_dags/example_latest_only.py
[2024-05-14T01:57:43.189+0000] {processor.py:840} INFO - DAG(s) 'latest_only' retrieved from /home/airflow/.local/lib/python3.12/site-packages/airflow/example_dags/example_latest_only.py
[2024-05-14T01:57:43.221+0000] {logging_mixin.py:188} INFO - [2024-05-14T01:57:43.220+0000] {dag.py:3096} INFO - Sync 1 DAGs
[2024-05-14T01:57:43.238+0000] {logging_mixin.py:188} INFO - [2024-05-14T01:57:43.238+0000] {dag.py:3954} INFO - Setting next_dagrun for latest_only to 2024-05-13 20:00:00+00:00, run_after=2024-05-14 00:00:00+00:00
[2024-05-14T01:57:43.250+0000] {processor.py:183} INFO - Processing /home/airflow/.local/lib/python3.12/site-packages/airflow/example_dags/example_latest_only.py took 0.085 seconds
[2024-05-14T01:58:13.969+0000] {processor.py:161} INFO - Started process (PID=540) to work on /home/airflow/.local/lib/python3.12/site-packages/airflow/example_dags/example_latest_only.py
[2024-05-14T01:58:13.970+0000] {processor.py:830} INFO - Processing file /home/airflow/.local/lib/python3.12/site-packages/airflow/example_dags/example_latest_only.py for tasks to queue
[2024-05-14T01:58:13.973+0000] {logging_mixin.py:188} INFO - [2024-05-14T01:58:13.972+0000] {dagbag.py:545} INFO - Filling up the DagBag from /home/airflow/.local/lib/python3.12/site-packages/airflow/example_dags/example_latest_only.py
[2024-05-14T01:58:13.978+0000] {processor.py:840} INFO - DAG(s) 'latest_only' retrieved from /home/airflow/.local/lib/python3.12/site-packages/airflow/example_dags/example_latest_only.py
[2024-05-14T01:58:13.997+0000] {logging_mixin.py:188} INFO - [2024-05-14T01:58:13.997+0000] {dag.py:3096} INFO - Sync 1 DAGs
[2024-05-14T01:58:14.011+0000] {logging_mixin.py:188} INFO - [2024-05-14T01:58:14.011+0000] {dag.py:3954} INFO - Setting next_dagrun for latest_only to 2024-05-13 20:00:00+00:00, run_after=2024-05-14 00:00:00+00:00
[2024-05-14T01:58:14.021+0000] {processor.py:183} INFO - Processing /home/airflow/.local/lib/python3.12/site-packages/airflow/example_dags/example_latest_only.py took 0.061 seconds
[2024-05-14T01:58:44.737+0000] {processor.py:161} INFO - Started process (PID=598) to work on /home/airflow/.local/lib/python3.12/site-packages/airflow/example_dags/example_latest_only.py
[2024-05-14T01:58:44.739+0000] {processor.py:830} INFO - Processing file /home/airflow/.local/lib/python3.12/site-packages/airflow/example_dags/example_latest_only.py for tasks to queue
[2024-05-14T01:58:44.741+0000] {logging_mixin.py:188} INFO - [2024-05-14T01:58:44.741+0000] {dagbag.py:545} INFO - Filling up the DagBag from /home/airflow/.local/lib/python3.12/site-packages/airflow/example_dags/example_latest_only.py
[2024-05-14T01:58:44.748+0000] {processor.py:840} INFO - DAG(s) 'latest_only' retrieved from /home/airflow/.local/lib/python3.12/site-packages/airflow/example_dags/example_latest_only.py
[2024-05-14T01:58:44.769+0000] {logging_mixin.py:188} INFO - [2024-05-14T01:58:44.769+0000] {dag.py:3096} INFO - Sync 1 DAGs
[2024-05-14T01:58:44.784+0000] {logging_mixin.py:188} INFO - [2024-05-14T01:58:44.784+0000] {dag.py:3954} INFO - Setting next_dagrun for latest_only to 2024-05-13 20:00:00+00:00, run_after=2024-05-14 00:00:00+00:00
[2024-05-14T01:58:44.795+0000] {processor.py:183} INFO - Processing /home/airflow/.local/lib/python3.12/site-packages/airflow/example_dags/example_latest_only.py took 0.068 seconds
[2024-05-14T01:59:15.558+0000] {processor.py:161} INFO - Started process (PID=657) to work on /home/airflow/.local/lib/python3.12/site-packages/airflow/example_dags/example_latest_only.py
[2024-05-14T01:59:15.559+0000] {processor.py:830} INFO - Processing file /home/airflow/.local/lib/python3.12/site-packages/airflow/example_dags/example_latest_only.py for tasks to queue
[2024-05-14T01:59:15.560+0000] {logging_mixin.py:188} INFO - [2024-05-14T01:59:15.559+0000] {dagbag.py:545} INFO - Filling up the DagBag from /home/airflow/.local/lib/python3.12/site-packages/airflow/example_dags/example_latest_only.py
[2024-05-14T01:59:15.563+0000] {processor.py:840} INFO - DAG(s) 'latest_only' retrieved from /home/airflow/.local/lib/python3.12/site-packages/airflow/example_dags/example_latest_only.py
[2024-05-14T01:59:15.575+0000] {logging_mixin.py:188} INFO - [2024-05-14T01:59:15.575+0000] {dag.py:3096} INFO - Sync 1 DAGs
[2024-05-14T01:59:15.588+0000] {logging_mixin.py:188} INFO - [2024-05-14T01:59:15.588+0000] {dag.py:3954} INFO - Setting next_dagrun for latest_only to 2024-05-13 20:00:00+00:00, run_after=2024-05-14 00:00:00+00:00
[2024-05-14T01:59:15.597+0000] {processor.py:183} INFO - Processing /home/airflow/.local/lib/python3.12/site-packages/airflow/example_dags/example_latest_only.py took 0.044 seconds
[2024-05-14T01:59:46.383+0000] {processor.py:161} INFO - Started process (PID=716) to work on /home/airflow/.local/lib/python3.12/site-packages/airflow/example_dags/example_latest_only.py
[2024-05-14T01:59:46.384+0000] {processor.py:830} INFO - Processing file /home/airflow/.local/lib/python3.12/site-packages/airflow/example_dags/example_latest_only.py for tasks to queue
[2024-05-14T01:59:46.386+0000] {logging_mixin.py:188} INFO - [2024-05-14T01:59:46.386+0000] {dagbag.py:545} INFO - Filling up the DagBag from /home/airflow/.local/lib/python3.12/site-packages/airflow/example_dags/example_latest_only.py
[2024-05-14T01:59:46.390+0000] {processor.py:840} INFO - DAG(s) 'latest_only' retrieved from /home/airflow/.local/lib/python3.12/site-packages/airflow/example_dags/example_latest_only.py
[2024-05-14T01:59:46.405+0000] {logging_mixin.py:188} INFO - [2024-05-14T01:59:46.405+0000] {dag.py:3096} INFO - Sync 1 DAGs
[2024-05-14T01:59:46.418+0000] {logging_mixin.py:188} INFO - [2024-05-14T01:59:46.418+0000] {dag.py:3954} INFO - Setting next_dagrun for latest_only to 2024-05-13 20:00:00+00:00, run_after=2024-05-14 00:00:00+00:00
[2024-05-14T01:59:46.427+0000] {processor.py:183} INFO - Processing /home/airflow/.local/lib/python3.12/site-packages/airflow/example_dags/example_latest_only.py took 0.050 seconds
[2024-05-14T02:00:17.140+0000] {processor.py:161} INFO - Started process (PID=775) to work on /home/airflow/.local/lib/python3.12/site-packages/airflow/example_dags/example_latest_only.py
[2024-05-14T02:00:17.142+0000] {processor.py:830} INFO - Processing file /home/airflow/.local/lib/python3.12/site-packages/airflow/example_dags/example_latest_only.py for tasks to queue
[2024-05-14T02:00:17.145+0000] {logging_mixin.py:188} INFO - [2024-05-14T02:00:17.144+0000] {dagbag.py:545} INFO - Filling up the DagBag from /home/airflow/.local/lib/python3.12/site-packages/airflow/example_dags/example_latest_only.py
[2024-05-14T02:00:17.151+0000] {processor.py:840} INFO - DAG(s) 'latest_only' retrieved from /home/airflow/.local/lib/python3.12/site-packages/airflow/example_dags/example_latest_only.py
[2024-05-14T02:00:17.172+0000] {logging_mixin.py:188} INFO - [2024-05-14T02:00:17.172+0000] {dag.py:3096} INFO - Sync 1 DAGs
[2024-05-14T02:00:17.187+0000] {logging_mixin.py:188} INFO - [2024-05-14T02:00:17.187+0000] {dag.py:3954} INFO - Setting next_dagrun for latest_only to 2024-05-13 20:00:00+00:00, run_after=2024-05-14 00:00:00+00:00
[2024-05-14T02:00:17.197+0000] {processor.py:183} INFO - Processing /home/airflow/.local/lib/python3.12/site-packages/airflow/example_dags/example_latest_only.py took 0.068 seconds
[2024-05-14T02:00:48.095+0000] {processor.py:161} INFO - Started process (PID=834) to work on /home/airflow/.local/lib/python3.12/site-packages/airflow/example_dags/example_latest_only.py
[2024-05-14T02:00:48.097+0000] {processor.py:830} INFO - Processing file /home/airflow/.local/lib/python3.12/site-packages/airflow/example_dags/example_latest_only.py for tasks to queue
[2024-05-14T02:00:48.101+0000] {logging_mixin.py:188} INFO - [2024-05-14T02:00:48.099+0000] {dagbag.py:545} INFO - Filling up the DagBag from /home/airflow/.local/lib/python3.12/site-packages/airflow/example_dags/example_latest_only.py
[2024-05-14T02:00:48.108+0000] {processor.py:840} INFO - DAG(s) 'latest_only' retrieved from /home/airflow/.local/lib/python3.12/site-packages/airflow/example_dags/example_latest_only.py
[2024-05-14T02:00:48.131+0000] {logging_mixin.py:188} INFO - [2024-05-14T02:00:48.130+0000] {dag.py:3096} INFO - Sync 1 DAGs
[2024-05-14T02:00:48.146+0000] {logging_mixin.py:188} INFO - [2024-05-14T02:00:48.146+0000] {dag.py:3954} INFO - Setting next_dagrun for latest_only to 2024-05-13 20:00:00+00:00, run_after=2024-05-14 00:00:00+00:00
[2024-05-14T02:00:48.157+0000] {processor.py:183} INFO - Processing /home/airflow/.local/lib/python3.12/site-packages/airflow/example_dags/example_latest_only.py took 0.071 seconds
[2024-05-14T02:01:18.234+0000] {processor.py:161} INFO - Started process (PID=893) to work on /home/airflow/.local/lib/python3.12/site-packages/airflow/example_dags/example_latest_only.py
[2024-05-14T02:01:18.235+0000] {processor.py:830} INFO - Processing file /home/airflow/.local/lib/python3.12/site-packages/airflow/example_dags/example_latest_only.py for tasks to queue
[2024-05-14T02:01:18.238+0000] {logging_mixin.py:188} INFO - [2024-05-14T02:01:18.238+0000] {dagbag.py:545} INFO - Filling up the DagBag from /home/airflow/.local/lib/python3.12/site-packages/airflow/example_dags/example_latest_only.py
[2024-05-14T02:01:18.244+0000] {processor.py:840} INFO - DAG(s) 'latest_only' retrieved from /home/airflow/.local/lib/python3.12/site-packages/airflow/example_dags/example_latest_only.py
[2024-05-14T02:01:18.265+0000] {logging_mixin.py:188} INFO - [2024-05-14T02:01:18.265+0000] {dag.py:3096} INFO - Sync 1 DAGs
[2024-05-14T02:01:18.280+0000] {logging_mixin.py:188} INFO - [2024-05-14T02:01:18.280+0000] {dag.py:3954} INFO - Setting next_dagrun for latest_only to 2024-05-13 20:00:00+00:00, run_after=2024-05-14 00:00:00+00:00
[2024-05-14T02:01:18.292+0000] {processor.py:183} INFO - Processing /home/airflow/.local/lib/python3.12/site-packages/airflow/example_dags/example_latest_only.py took 0.067 seconds
[2024-05-14T02:01:48.355+0000] {processor.py:161} INFO - Started process (PID=952) to work on /home/airflow/.local/lib/python3.12/site-packages/airflow/example_dags/example_latest_only.py
[2024-05-14T02:01:48.357+0000] {processor.py:830} INFO - Processing file /home/airflow/.local/lib/python3.12/site-packages/airflow/example_dags/example_latest_only.py for tasks to queue
[2024-05-14T02:01:48.360+0000] {logging_mixin.py:188} INFO - [2024-05-14T02:01:48.359+0000] {dagbag.py:545} INFO - Filling up the DagBag from /home/airflow/.local/lib/python3.12/site-packages/airflow/example_dags/example_latest_only.py
[2024-05-14T02:01:48.367+0000] {processor.py:840} INFO - DAG(s) 'latest_only' retrieved from /home/airflow/.local/lib/python3.12/site-packages/airflow/example_dags/example_latest_only.py
[2024-05-14T02:01:48.391+0000] {logging_mixin.py:188} INFO - [2024-05-14T02:01:48.391+0000] {dag.py:3096} INFO - Sync 1 DAGs
[2024-05-14T02:01:48.407+0000] {logging_mixin.py:188} INFO - [2024-05-14T02:01:48.407+0000] {dag.py:3954} INFO - Setting next_dagrun for latest_only to 2024-05-13 20:00:00+00:00, run_after=2024-05-14 00:00:00+00:00
[2024-05-14T02:01:48.419+0000] {processor.py:183} INFO - Processing /home/airflow/.local/lib/python3.12/site-packages/airflow/example_dags/example_latest_only.py took 0.075 seconds
[2024-05-14T02:02:18.589+0000] {processor.py:161} INFO - Started process (PID=1011) to work on /home/airflow/.local/lib/python3.12/site-packages/airflow/example_dags/example_latest_only.py
[2024-05-14T02:02:18.590+0000] {processor.py:830} INFO - Processing file /home/airflow/.local/lib/python3.12/site-packages/airflow/example_dags/example_latest_only.py for tasks to queue
[2024-05-14T02:02:18.593+0000] {logging_mixin.py:188} INFO - [2024-05-14T02:02:18.592+0000] {dagbag.py:545} INFO - Filling up the DagBag from /home/airflow/.local/lib/python3.12/site-packages/airflow/example_dags/example_latest_only.py
[2024-05-14T02:02:18.599+0000] {processor.py:840} INFO - DAG(s) 'latest_only' retrieved from /home/airflow/.local/lib/python3.12/site-packages/airflow/example_dags/example_latest_only.py
[2024-05-14T02:02:18.619+0000] {logging_mixin.py:188} INFO - [2024-05-14T02:02:18.619+0000] {dag.py:3096} INFO - Sync 1 DAGs
[2024-05-14T02:02:18.634+0000] {logging_mixin.py:188} INFO - [2024-05-14T02:02:18.634+0000] {dag.py:3954} INFO - Setting next_dagrun for latest_only to 2024-05-13 20:00:00+00:00, run_after=2024-05-14 00:00:00+00:00
[2024-05-14T02:02:18.644+0000] {processor.py:183} INFO - Processing /home/airflow/.local/lib/python3.12/site-packages/airflow/example_dags/example_latest_only.py took 0.066 seconds
[2024-05-14T02:02:48.761+0000] {processor.py:161} INFO - Started process (PID=1070) to work on /home/airflow/.local/lib/python3.12/site-packages/airflow/example_dags/example_latest_only.py
[2024-05-14T02:02:48.762+0000] {processor.py:830} INFO - Processing file /home/airflow/.local/lib/python3.12/site-packages/airflow/example_dags/example_latest_only.py for tasks to queue
[2024-05-14T02:02:48.763+0000] {logging_mixin.py:188} INFO - [2024-05-14T02:02:48.763+0000] {dagbag.py:545} INFO - Filling up the DagBag from /home/airflow/.local/lib/python3.12/site-packages/airflow/example_dags/example_latest_only.py
[2024-05-14T02:02:48.767+0000] {processor.py:840} INFO - DAG(s) 'latest_only' retrieved from /home/airflow/.local/lib/python3.12/site-packages/airflow/example_dags/example_latest_only.py
[2024-05-14T02:02:48.783+0000] {logging_mixin.py:188} INFO - [2024-05-14T02:02:48.782+0000] {dag.py:3096} INFO - Sync 1 DAGs
[2024-05-14T02:02:48.799+0000] {logging_mixin.py:188} INFO - [2024-05-14T02:02:48.799+0000] {dag.py:3954} INFO - Setting next_dagrun for latest_only to 2024-05-13 20:00:00+00:00, run_after=2024-05-14 00:00:00+00:00
[2024-05-14T02:02:48.814+0000] {processor.py:183} INFO - Processing /home/airflow/.local/lib/python3.12/site-packages/airflow/example_dags/example_latest_only.py took 0.061 seconds
[2024-05-14T02:03:19.830+0000] {processor.py:161} INFO - Started process (PID=1129) to work on /home/airflow/.local/lib/python3.12/site-packages/airflow/example_dags/example_latest_only.py
[2024-05-14T02:03:19.831+0000] {processor.py:830} INFO - Processing file /home/airflow/.local/lib/python3.12/site-packages/airflow/example_dags/example_latest_only.py for tasks to queue
[2024-05-14T02:03:19.833+0000] {logging_mixin.py:188} INFO - [2024-05-14T02:03:19.833+0000] {dagbag.py:545} INFO - Filling up the DagBag from /home/airflow/.local/lib/python3.12/site-packages/airflow/example_dags/example_latest_only.py
[2024-05-14T02:03:19.839+0000] {processor.py:840} INFO - DAG(s) 'latest_only' retrieved from /home/airflow/.local/lib/python3.12/site-packages/airflow/example_dags/example_latest_only.py
[2024-05-14T02:03:19.858+0000] {logging_mixin.py:188} INFO - [2024-05-14T02:03:19.858+0000] {dag.py:3096} INFO - Sync 1 DAGs
[2024-05-14T02:03:19.874+0000] {logging_mixin.py:188} INFO - [2024-05-14T02:03:19.873+0000] {dag.py:3954} INFO - Setting next_dagrun for latest_only to 2024-05-13 20:00:00+00:00, run_after=2024-05-14 00:00:00+00:00
[2024-05-14T02:03:19.884+0000] {processor.py:183} INFO - Processing /home/airflow/.local/lib/python3.12/site-packages/airflow/example_dags/example_latest_only.py took 0.063 seconds
[2024-05-14T02:03:50.547+0000] {processor.py:161} INFO - Started process (PID=1188) to work on /home/airflow/.local/lib/python3.12/site-packages/airflow/example_dags/example_latest_only.py
[2024-05-14T02:03:50.549+0000] {processor.py:830} INFO - Processing file /home/airflow/.local/lib/python3.12/site-packages/airflow/example_dags/example_latest_only.py for tasks to queue
[2024-05-14T02:03:50.553+0000] {logging_mixin.py:188} INFO - [2024-05-14T02:03:50.552+0000] {dagbag.py:545} INFO - Filling up the DagBag from /home/airflow/.local/lib/python3.12/site-packages/airflow/example_dags/example_latest_only.py
[2024-05-14T02:03:50.559+0000] {processor.py:840} INFO - DAG(s) 'latest_only' retrieved from /home/airflow/.local/lib/python3.12/site-packages/airflow/example_dags/example_latest_only.py
[2024-05-14T02:03:50.581+0000] {logging_mixin.py:188} INFO - [2024-05-14T02:03:50.581+0000] {dag.py:3096} INFO - Sync 1 DAGs
[2024-05-14T02:03:50.598+0000] {logging_mixin.py:188} INFO - [2024-05-14T02:03:50.598+0000] {dag.py:3954} INFO - Setting next_dagrun for latest_only to 2024-05-13 20:00:00+00:00, run_after=2024-05-14 00:00:00+00:00
[2024-05-14T02:03:50.609+0000] {processor.py:183} INFO - Processing /home/airflow/.local/lib/python3.12/site-packages/airflow/example_dags/example_latest_only.py took 0.072 seconds
[2024-05-14T02:04:20.691+0000] {processor.py:161} INFO - Started process (PID=1246) to work on /home/airflow/.local/lib/python3.12/site-packages/airflow/example_dags/example_latest_only.py
[2024-05-14T02:04:20.692+0000] {processor.py:830} INFO - Processing file /home/airflow/.local/lib/python3.12/site-packages/airflow/example_dags/example_latest_only.py for tasks to queue
[2024-05-14T02:04:20.693+0000] {logging_mixin.py:188} INFO - [2024-05-14T02:04:20.693+0000] {dagbag.py:545} INFO - Filling up the DagBag from /home/airflow/.local/lib/python3.12/site-packages/airflow/example_dags/example_latest_only.py
[2024-05-14T02:04:20.696+0000] {processor.py:840} INFO - DAG(s) 'latest_only' retrieved from /home/airflow/.local/lib/python3.12/site-packages/airflow/example_dags/example_latest_only.py
[2024-05-14T02:04:20.713+0000] {logging_mixin.py:188} INFO - [2024-05-14T02:04:20.713+0000] {dag.py:3096} INFO - Sync 1 DAGs
[2024-05-14T02:04:20.732+0000] {logging_mixin.py:188} INFO - [2024-05-14T02:04:20.732+0000] {dag.py:3954} INFO - Setting next_dagrun for latest_only to 2024-05-13 20:00:00+00:00, run_after=2024-05-14 00:00:00+00:00
[2024-05-14T02:04:20.746+0000] {processor.py:183} INFO - Processing /home/airflow/.local/lib/python3.12/site-packages/airflow/example_dags/example_latest_only.py took 0.058 seconds
[2024-05-14T02:04:50.878+0000] {processor.py:161} INFO - Started process (PID=1311) to work on /home/airflow/.local/lib/python3.12/site-packages/airflow/example_dags/example_latest_only.py
[2024-05-14T02:04:50.878+0000] {processor.py:830} INFO - Processing file /home/airflow/.local/lib/python3.12/site-packages/airflow/example_dags/example_latest_only.py for tasks to queue
[2024-05-14T02:04:50.880+0000] {logging_mixin.py:188} INFO - [2024-05-14T02:04:50.879+0000] {dagbag.py:545} INFO - Filling up the DagBag from /home/airflow/.local/lib/python3.12/site-packages/airflow/example_dags/example_latest_only.py
[2024-05-14T02:04:50.882+0000] {processor.py:840} INFO - DAG(s) 'latest_only' retrieved from /home/airflow/.local/lib/python3.12/site-packages/airflow/example_dags/example_latest_only.py
[2024-05-14T02:04:50.895+0000] {logging_mixin.py:188} INFO - [2024-05-14T02:04:50.895+0000] {dag.py:3096} INFO - Sync 1 DAGs
[2024-05-14T02:04:50.908+0000] {logging_mixin.py:188} INFO - [2024-05-14T02:04:50.908+0000] {dag.py:3954} INFO - Setting next_dagrun for latest_only to 2024-05-13 20:00:00+00:00, run_after=2024-05-14 00:00:00+00:00
[2024-05-14T02:04:50.919+0000] {processor.py:183} INFO - Processing /home/airflow/.local/lib/python3.12/site-packages/airflow/example_dags/example_latest_only.py took 0.044 seconds
[2024-05-14T02:05:20.978+0000] {processor.py:161} INFO - Started process (PID=1370) to work on /home/airflow/.local/lib/python3.12/site-packages/airflow/example_dags/example_latest_only.py
[2024-05-14T02:05:20.979+0000] {processor.py:830} INFO - Processing file /home/airflow/.local/lib/python3.12/site-packages/airflow/example_dags/example_latest_only.py for tasks to queue
[2024-05-14T02:05:20.980+0000] {logging_mixin.py:188} INFO - [2024-05-14T02:05:20.980+0000] {dagbag.py:545} INFO - Filling up the DagBag from /home/airflow/.local/lib/python3.12/site-packages/airflow/example_dags/example_latest_only.py
[2024-05-14T02:05:20.983+0000] {processor.py:840} INFO - DAG(s) 'latest_only' retrieved from /home/airflow/.local/lib/python3.12/site-packages/airflow/example_dags/example_latest_only.py
[2024-05-14T02:05:20.994+0000] {logging_mixin.py:188} INFO - [2024-05-14T02:05:20.994+0000] {dag.py:3096} INFO - Sync 1 DAGs
[2024-05-14T02:05:21.004+0000] {logging_mixin.py:188} INFO - [2024-05-14T02:05:21.004+0000] {dag.py:3954} INFO - Setting next_dagrun for latest_only to 2024-05-13 20:00:00+00:00, run_after=2024-05-14 00:00:00+00:00
[2024-05-14T02:05:21.013+0000] {processor.py:183} INFO - Processing /home/airflow/.local/lib/python3.12/site-packages/airflow/example_dags/example_latest_only.py took 0.039 seconds
[2024-05-14T02:05:51.810+0000] {processor.py:161} INFO - Started process (PID=1429) to work on /home/airflow/.local/lib/python3.12/site-packages/airflow/example_dags/example_latest_only.py
[2024-05-14T02:05:51.811+0000] {processor.py:830} INFO - Processing file /home/airflow/.local/lib/python3.12/site-packages/airflow/example_dags/example_latest_only.py for tasks to queue
[2024-05-14T02:05:51.814+0000] {logging_mixin.py:188} INFO - [2024-05-14T02:05:51.814+0000] {dagbag.py:545} INFO - Filling up the DagBag from /home/airflow/.local/lib/python3.12/site-packages/airflow/example_dags/example_latest_only.py
[2024-05-14T02:05:51.820+0000] {processor.py:840} INFO - DAG(s) 'latest_only' retrieved from /home/airflow/.local/lib/python3.12/site-packages/airflow/example_dags/example_latest_only.py
[2024-05-14T02:05:51.838+0000] {logging_mixin.py:188} INFO - [2024-05-14T02:05:51.838+0000] {dag.py:3096} INFO - Sync 1 DAGs
[2024-05-14T02:05:51.852+0000] {logging_mixin.py:188} INFO - [2024-05-14T02:05:51.852+0000] {dag.py:3954} INFO - Setting next_dagrun for latest_only to 2024-05-13 20:00:00+00:00, run_after=2024-05-14 00:00:00+00:00
[2024-05-14T02:05:51.862+0000] {processor.py:183} INFO - Processing /home/airflow/.local/lib/python3.12/site-packages/airflow/example_dags/example_latest_only.py took 0.062 seconds
[2024-05-14T02:06:21.909+0000] {processor.py:161} INFO - Started process (PID=1488) to work on /home/airflow/.local/lib/python3.12/site-packages/airflow/example_dags/example_latest_only.py
[2024-05-14T02:06:21.911+0000] {processor.py:830} INFO - Processing file /home/airflow/.local/lib/python3.12/site-packages/airflow/example_dags/example_latest_only.py for tasks to queue
[2024-05-14T02:06:21.913+0000] {logging_mixin.py:188} INFO - [2024-05-14T02:06:21.913+0000] {dagbag.py:545} INFO - Filling up the DagBag from /home/airflow/.local/lib/python3.12/site-packages/airflow/example_dags/example_latest_only.py
[2024-05-14T02:06:21.919+0000] {processor.py:840} INFO - DAG(s) 'latest_only' retrieved from /home/airflow/.local/lib/python3.12/site-packages/airflow/example_dags/example_latest_only.py
[2024-05-14T02:06:21.939+0000] {logging_mixin.py:188} INFO - [2024-05-14T02:06:21.939+0000] {dag.py:3096} INFO - Sync 1 DAGs
[2024-05-14T02:06:21.953+0000] {logging_mixin.py:188} INFO - [2024-05-14T02:06:21.953+0000] {dag.py:3954} INFO - Setting next_dagrun for latest_only to 2024-05-13 20:00:00+00:00, run_after=2024-05-14 00:00:00+00:00
[2024-05-14T02:06:21.964+0000] {processor.py:183} INFO - Processing /home/airflow/.local/lib/python3.12/site-packages/airflow/example_dags/example_latest_only.py took 0.065 seconds
[2024-05-14T02:06:52.076+0000] {processor.py:161} INFO - Started process (PID=1547) to work on /home/airflow/.local/lib/python3.12/site-packages/airflow/example_dags/example_latest_only.py
[2024-05-14T02:06:52.078+0000] {processor.py:830} INFO - Processing file /home/airflow/.local/lib/python3.12/site-packages/airflow/example_dags/example_latest_only.py for tasks to queue
[2024-05-14T02:06:52.080+0000] {logging_mixin.py:188} INFO - [2024-05-14T02:06:52.079+0000] {dagbag.py:545} INFO - Filling up the DagBag from /home/airflow/.local/lib/python3.12/site-packages/airflow/example_dags/example_latest_only.py
[2024-05-14T02:06:52.087+0000] {processor.py:840} INFO - DAG(s) 'latest_only' retrieved from /home/airflow/.local/lib/python3.12/site-packages/airflow/example_dags/example_latest_only.py
[2024-05-14T02:06:52.104+0000] {logging_mixin.py:188} INFO - [2024-05-14T02:06:52.104+0000] {dag.py:3096} INFO - Sync 1 DAGs
[2024-05-14T02:06:52.118+0000] {logging_mixin.py:188} INFO - [2024-05-14T02:06:52.117+0000] {dag.py:3954} INFO - Setting next_dagrun for latest_only to 2024-05-13 20:00:00+00:00, run_after=2024-05-14 00:00:00+00:00
[2024-05-14T02:06:52.127+0000] {processor.py:183} INFO - Processing /home/airflow/.local/lib/python3.12/site-packages/airflow/example_dags/example_latest_only.py took 0.065 seconds
[2024-05-14T02:07:22.368+0000] {processor.py:161} INFO - Started process (PID=1606) to work on /home/airflow/.local/lib/python3.12/site-packages/airflow/example_dags/example_latest_only.py
[2024-05-14T02:07:22.369+0000] {processor.py:830} INFO - Processing file /home/airflow/.local/lib/python3.12/site-packages/airflow/example_dags/example_latest_only.py for tasks to queue
[2024-05-14T02:07:22.371+0000] {logging_mixin.py:188} INFO - [2024-05-14T02:07:22.371+0000] {dagbag.py:545} INFO - Filling up the DagBag from /home/airflow/.local/lib/python3.12/site-packages/airflow/example_dags/example_latest_only.py
[2024-05-14T02:07:22.379+0000] {processor.py:840} INFO - DAG(s) 'latest_only' retrieved from /home/airflow/.local/lib/python3.12/site-packages/airflow/example_dags/example_latest_only.py
[2024-05-14T02:07:22.393+0000] {logging_mixin.py:188} INFO - [2024-05-14T02:07:22.393+0000] {dag.py:3096} INFO - Sync 1 DAGs
[2024-05-14T02:07:22.406+0000] {logging_mixin.py:188} INFO - [2024-05-14T02:07:22.405+0000] {dag.py:3954} INFO - Setting next_dagrun for latest_only to 2024-05-13 20:00:00+00:00, run_after=2024-05-14 00:00:00+00:00
[2024-05-14T02:07:22.417+0000] {processor.py:183} INFO - Processing /home/airflow/.local/lib/python3.12/site-packages/airflow/example_dags/example_latest_only.py took 0.057 seconds
[2024-05-14T02:07:52.640+0000] {processor.py:161} INFO - Started process (PID=1665) to work on /home/airflow/.local/lib/python3.12/site-packages/airflow/example_dags/example_latest_only.py
[2024-05-14T02:07:52.642+0000] {processor.py:830} INFO - Processing file /home/airflow/.local/lib/python3.12/site-packages/airflow/example_dags/example_latest_only.py for tasks to queue
[2024-05-14T02:07:52.644+0000] {logging_mixin.py:188} INFO - [2024-05-14T02:07:52.644+0000] {dagbag.py:545} INFO - Filling up the DagBag from /home/airflow/.local/lib/python3.12/site-packages/airflow/example_dags/example_latest_only.py
[2024-05-14T02:07:52.651+0000] {processor.py:840} INFO - DAG(s) 'latest_only' retrieved from /home/airflow/.local/lib/python3.12/site-packages/airflow/example_dags/example_latest_only.py
[2024-05-14T02:07:52.670+0000] {logging_mixin.py:188} INFO - [2024-05-14T02:07:52.669+0000] {dag.py:3096} INFO - Sync 1 DAGs
[2024-05-14T02:07:52.684+0000] {logging_mixin.py:188} INFO - [2024-05-14T02:07:52.684+0000] {dag.py:3954} INFO - Setting next_dagrun for latest_only to 2024-05-13 20:00:00+00:00, run_after=2024-05-14 00:00:00+00:00
[2024-05-14T02:07:52.695+0000] {processor.py:183} INFO - Processing /home/airflow/.local/lib/python3.12/site-packages/airflow/example_dags/example_latest_only.py took 0.067 seconds
[2024-05-14T02:08:22.748+0000] {processor.py:161} INFO - Started process (PID=1724) to work on /home/airflow/.local/lib/python3.12/site-packages/airflow/example_dags/example_latest_only.py
[2024-05-14T02:08:22.750+0000] {processor.py:830} INFO - Processing file /home/airflow/.local/lib/python3.12/site-packages/airflow/example_dags/example_latest_only.py for tasks to queue
[2024-05-14T02:08:22.754+0000] {logging_mixin.py:188} INFO - [2024-05-14T02:08:22.753+0000] {dagbag.py:545} INFO - Filling up the DagBag from /home/airflow/.local/lib/python3.12/site-packages/airflow/example_dags/example_latest_only.py
[2024-05-14T02:08:22.761+0000] {processor.py:840} INFO - DAG(s) 'latest_only' retrieved from /home/airflow/.local/lib/python3.12/site-packages/airflow/example_dags/example_latest_only.py
[2024-05-14T02:08:22.786+0000] {logging_mixin.py:188} INFO - [2024-05-14T02:08:22.786+0000] {dag.py:3096} INFO - Sync 1 DAGs
[2024-05-14T02:08:22.801+0000] {logging_mixin.py:188} INFO - [2024-05-14T02:08:22.800+0000] {dag.py:3954} INFO - Setting next_dagrun for latest_only to 2024-05-13 20:00:00+00:00, run_after=2024-05-14 00:00:00+00:00
[2024-05-14T02:08:22.812+0000] {processor.py:183} INFO - Processing /home/airflow/.local/lib/python3.12/site-packages/airflow/example_dags/example_latest_only.py took 0.074 seconds
[2024-05-14T02:08:52.909+0000] {processor.py:161} INFO - Started process (PID=1783) to work on /home/airflow/.local/lib/python3.12/site-packages/airflow/example_dags/example_latest_only.py
[2024-05-14T02:08:52.911+0000] {processor.py:830} INFO - Processing file /home/airflow/.local/lib/python3.12/site-packages/airflow/example_dags/example_latest_only.py for tasks to queue
[2024-05-14T02:08:52.913+0000] {logging_mixin.py:188} INFO - [2024-05-14T02:08:52.913+0000] {dagbag.py:545} INFO - Filling up the DagBag from /home/airflow/.local/lib/python3.12/site-packages/airflow/example_dags/example_latest_only.py
[2024-05-14T02:08:52.919+0000] {processor.py:840} INFO - DAG(s) 'latest_only' retrieved from /home/airflow/.local/lib/python3.12/site-packages/airflow/example_dags/example_latest_only.py
[2024-05-14T02:08:52.940+0000] {logging_mixin.py:188} INFO - [2024-05-14T02:08:52.940+0000] {dag.py:3096} INFO - Sync 1 DAGs
[2024-05-14T02:08:52.955+0000] {logging_mixin.py:188} INFO - [2024-05-14T02:08:52.955+0000] {dag.py:3954} INFO - Setting next_dagrun for latest_only to 2024-05-13 20:00:00+00:00, run_after=2024-05-14 00:00:00+00:00
[2024-05-14T02:08:52.965+0000] {processor.py:183} INFO - Processing /home/airflow/.local/lib/python3.12/site-packages/airflow/example_dags/example_latest_only.py took 0.068 seconds
[2024-05-14T02:09:23.639+0000] {processor.py:161} INFO - Started process (PID=1842) to work on /home/airflow/.local/lib/python3.12/site-packages/airflow/example_dags/example_latest_only.py
[2024-05-14T02:09:23.641+0000] {processor.py:830} INFO - Processing file /home/airflow/.local/lib/python3.12/site-packages/airflow/example_dags/example_latest_only.py for tasks to queue
[2024-05-14T02:09:23.644+0000] {logging_mixin.py:188} INFO - [2024-05-14T02:09:23.644+0000] {dagbag.py:545} INFO - Filling up the DagBag from /home/airflow/.local/lib/python3.12/site-packages/airflow/example_dags/example_latest_only.py
[2024-05-14T02:09:23.651+0000] {processor.py:840} INFO - DAG(s) 'latest_only' retrieved from /home/airflow/.local/lib/python3.12/site-packages/airflow/example_dags/example_latest_only.py
[2024-05-14T02:09:23.673+0000] {logging_mixin.py:188} INFO - [2024-05-14T02:09:23.673+0000] {dag.py:3096} INFO - Sync 1 DAGs
[2024-05-14T02:09:23.688+0000] {logging_mixin.py:188} INFO - [2024-05-14T02:09:23.688+0000] {dag.py:3954} INFO - Setting next_dagrun for latest_only to 2024-05-13 20:00:00+00:00, run_after=2024-05-14 00:00:00+00:00
[2024-05-14T02:09:23.699+0000] {processor.py:183} INFO - Processing /home/airflow/.local/lib/python3.12/site-packages/airflow/example_dags/example_latest_only.py took 0.072 seconds
[2024-05-14T02:09:54.001+0000] {processor.py:161} INFO - Started process (PID=1901) to work on /home/airflow/.local/lib/python3.12/site-packages/airflow/example_dags/example_latest_only.py
[2024-05-14T02:09:54.002+0000] {processor.py:830} INFO - Processing file /home/airflow/.local/lib/python3.12/site-packages/airflow/example_dags/example_latest_only.py for tasks to queue
[2024-05-14T02:09:54.004+0000] {logging_mixin.py:188} INFO - [2024-05-14T02:09:54.004+0000] {dagbag.py:545} INFO - Filling up the DagBag from /home/airflow/.local/lib/python3.12/site-packages/airflow/example_dags/example_latest_only.py
[2024-05-14T02:09:54.009+0000] {processor.py:840} INFO - DAG(s) 'latest_only' retrieved from /home/airflow/.local/lib/python3.12/site-packages/airflow/example_dags/example_latest_only.py
[2024-05-14T02:09:54.027+0000] {logging_mixin.py:188} INFO - [2024-05-14T02:09:54.027+0000] {dag.py:3096} INFO - Sync 1 DAGs
[2024-05-14T02:09:54.041+0000] {logging_mixin.py:188} INFO - [2024-05-14T02:09:54.041+0000] {dag.py:3954} INFO - Setting next_dagrun for latest_only to 2024-05-13 20:00:00+00:00, run_after=2024-05-14 00:00:00+00:00
[2024-05-14T02:09:54.052+0000] {processor.py:183} INFO - Processing /home/airflow/.local/lib/python3.12/site-packages/airflow/example_dags/example_latest_only.py took 0.058 seconds
[2024-05-14T02:10:24.075+0000] {processor.py:161} INFO - Started process (PID=1960) to work on /home/airflow/.local/lib/python3.12/site-packages/airflow/example_dags/example_latest_only.py
[2024-05-14T02:10:24.076+0000] {processor.py:830} INFO - Processing file /home/airflow/.local/lib/python3.12/site-packages/airflow/example_dags/example_latest_only.py for tasks to queue
[2024-05-14T02:10:24.077+0000] {logging_mixin.py:188} INFO - [2024-05-14T02:10:24.076+0000] {dagbag.py:545} INFO - Filling up the DagBag from /home/airflow/.local/lib/python3.12/site-packages/airflow/example_dags/example_latest_only.py
[2024-05-14T02:10:24.080+0000] {processor.py:840} INFO - DAG(s) 'latest_only' retrieved from /home/airflow/.local/lib/python3.12/site-packages/airflow/example_dags/example_latest_only.py
[2024-05-14T02:10:24.092+0000] {logging_mixin.py:188} INFO - [2024-05-14T02:10:24.092+0000] {dag.py:3096} INFO - Sync 1 DAGs
[2024-05-14T02:10:24.104+0000] {logging_mixin.py:188} INFO - [2024-05-14T02:10:24.103+0000] {dag.py:3954} INFO - Setting next_dagrun for latest_only to 2024-05-13 20:00:00+00:00, run_after=2024-05-14 00:00:00+00:00
[2024-05-14T02:10:24.114+0000] {processor.py:183} INFO - Processing /home/airflow/.local/lib/python3.12/site-packages/airflow/example_dags/example_latest_only.py took 0.043 seconds
[2024-05-14T02:10:54.983+0000] {processor.py:161} INFO - Started process (PID=2018) to work on /home/airflow/.local/lib/python3.12/site-packages/airflow/example_dags/example_latest_only.py
[2024-05-14T02:10:54.984+0000] {processor.py:830} INFO - Processing file /home/airflow/.local/lib/python3.12/site-packages/airflow/example_dags/example_latest_only.py for tasks to queue
[2024-05-14T02:10:54.990+0000] {logging_mixin.py:188} INFO - [2024-05-14T02:10:54.990+0000] {dagbag.py:545} INFO - Filling up the DagBag from /home/airflow/.local/lib/python3.12/site-packages/airflow/example_dags/example_latest_only.py
[2024-05-14T02:10:54.997+0000] {processor.py:840} INFO - DAG(s) 'latest_only' retrieved from /home/airflow/.local/lib/python3.12/site-packages/airflow/example_dags/example_latest_only.py
[2024-05-14T02:10:55.186+0000] {logging_mixin.py:188} INFO - [2024-05-14T02:10:55.186+0000] {dag.py:3096} INFO - Sync 1 DAGs
[2024-05-14T02:10:55.200+0000] {logging_mixin.py:188} INFO - [2024-05-14T02:10:55.200+0000] {dag.py:3954} INFO - Setting next_dagrun for latest_only to 2024-05-13 20:00:00+00:00, run_after=2024-05-14 00:00:00+00:00
[2024-05-14T02:10:55.208+0000] {processor.py:183} INFO - Processing /home/airflow/.local/lib/python3.12/site-packages/airflow/example_dags/example_latest_only.py took 0.230 seconds
[2024-05-14T02:11:25.769+0000] {processor.py:161} INFO - Started process (PID=2077) to work on /home/airflow/.local/lib/python3.12/site-packages/airflow/example_dags/example_latest_only.py
[2024-05-14T02:11:25.770+0000] {processor.py:830} INFO - Processing file /home/airflow/.local/lib/python3.12/site-packages/airflow/example_dags/example_latest_only.py for tasks to queue
[2024-05-14T02:11:25.771+0000] {logging_mixin.py:188} INFO - [2024-05-14T02:11:25.771+0000] {dagbag.py:545} INFO - Filling up the DagBag from /home/airflow/.local/lib/python3.12/site-packages/airflow/example_dags/example_latest_only.py
[2024-05-14T02:11:25.774+0000] {processor.py:840} INFO - DAG(s) 'latest_only' retrieved from /home/airflow/.local/lib/python3.12/site-packages/airflow/example_dags/example_latest_only.py
[2024-05-14T02:11:25.785+0000] {logging_mixin.py:188} INFO - [2024-05-14T02:11:25.784+0000] {dag.py:3096} INFO - Sync 1 DAGs
[2024-05-14T02:11:25.795+0000] {logging_mixin.py:188} INFO - [2024-05-14T02:11:25.795+0000] {dag.py:3954} INFO - Setting next_dagrun for latest_only to 2024-05-13 20:00:00+00:00, run_after=2024-05-14 00:00:00+00:00
[2024-05-14T02:11:25.803+0000] {processor.py:183} INFO - Processing /home/airflow/.local/lib/python3.12/site-packages/airflow/example_dags/example_latest_only.py took 0.037 seconds
[2024-05-14T02:11:56.279+0000] {processor.py:161} INFO - Started process (PID=2135) to work on /home/airflow/.local/lib/python3.12/site-packages/airflow/example_dags/example_latest_only.py
[2024-05-14T02:11:56.280+0000] {processor.py:830} INFO - Processing file /home/airflow/.local/lib/python3.12/site-packages/airflow/example_dags/example_latest_only.py for tasks to queue
[2024-05-14T02:11:56.281+0000] {logging_mixin.py:188} INFO - [2024-05-14T02:11:56.281+0000] {dagbag.py:545} INFO - Filling up the DagBag from /home/airflow/.local/lib/python3.12/site-packages/airflow/example_dags/example_latest_only.py
[2024-05-14T02:11:56.284+0000] {processor.py:840} INFO - DAG(s) 'latest_only' retrieved from /home/airflow/.local/lib/python3.12/site-packages/airflow/example_dags/example_latest_only.py
[2024-05-14T02:11:56.296+0000] {logging_mixin.py:188} INFO - [2024-05-14T02:11:56.296+0000] {dag.py:3096} INFO - Sync 1 DAGs
[2024-05-14T02:11:56.307+0000] {logging_mixin.py:188} INFO - [2024-05-14T02:11:56.307+0000] {dag.py:3954} INFO - Setting next_dagrun for latest_only to 2024-05-13 20:00:00+00:00, run_after=2024-05-14 00:00:00+00:00
[2024-05-14T02:11:56.315+0000] {processor.py:183} INFO - Processing /home/airflow/.local/lib/python3.12/site-packages/airflow/example_dags/example_latest_only.py took 0.040 seconds
[2024-05-14T02:12:27.268+0000] {processor.py:161} INFO - Started process (PID=2193) to work on /home/airflow/.local/lib/python3.12/site-packages/airflow/example_dags/example_latest_only.py
[2024-05-14T02:12:27.269+0000] {processor.py:830} INFO - Processing file /home/airflow/.local/lib/python3.12/site-packages/airflow/example_dags/example_latest_only.py for tasks to queue
[2024-05-14T02:12:27.270+0000] {logging_mixin.py:188} INFO - [2024-05-14T02:12:27.270+0000] {dagbag.py:545} INFO - Filling up the DagBag from /home/airflow/.local/lib/python3.12/site-packages/airflow/example_dags/example_latest_only.py
[2024-05-14T02:12:27.272+0000] {processor.py:840} INFO - DAG(s) 'latest_only' retrieved from /home/airflow/.local/lib/python3.12/site-packages/airflow/example_dags/example_latest_only.py
[2024-05-14T02:12:27.284+0000] {logging_mixin.py:188} INFO - [2024-05-14T02:12:27.283+0000] {dag.py:3096} INFO - Sync 1 DAGs
[2024-05-14T02:12:27.295+0000] {logging_mixin.py:188} INFO - [2024-05-14T02:12:27.295+0000] {dag.py:3954} INFO - Setting next_dagrun for latest_only to 2024-05-13 20:00:00+00:00, run_after=2024-05-14 00:00:00+00:00
[2024-05-14T02:12:27.303+0000] {processor.py:183} INFO - Processing /home/airflow/.local/lib/python3.12/site-packages/airflow/example_dags/example_latest_only.py took 0.039 seconds
