[2024-05-14T01:54:04.321+0000] {processor.py:161} INFO - Started process (PID=42) to work on /home/airflow/.local/lib/python3.12/site-packages/airflow/example_dags/example_branch_datetime_operator.py
[2024-05-14T01:54:04.323+0000] {processor.py:830} INFO - Processing file /home/airflow/.local/lib/python3.12/site-packages/airflow/example_dags/example_branch_datetime_operator.py for tasks to queue
[2024-05-14T01:54:04.326+0000] {logging_mixin.py:188} INFO - [2024-05-14T01:54:04.325+0000] {dagbag.py:545} INFO - Filling up the DagBag from /home/airflow/.local/lib/python3.12/site-packages/airflow/example_dags/example_branch_datetime_operator.py
[2024-05-14T01:54:04.338+0000] {processor.py:840} INFO - DAG(s) 'example_branch_datetime_operator', 'example_branch_datetime_operator_3', 'example_branch_datetime_operator_2' retrieved from /home/airflow/.local/lib/python3.12/site-packages/airflow/example_dags/example_branch_datetime_operator.py
[2024-05-14T01:54:04.369+0000] {logging_mixin.py:188} INFO - [2024-05-14T01:54:04.368+0000] {dag.py:3096} INFO - Sync 3 DAGs
[2024-05-14T01:54:04.407+0000] {logging_mixin.py:188} INFO - [2024-05-14T01:54:04.407+0000] {dag.py:3954} INFO - Setting next_dagrun for example_branch_datetime_operator to 2024-05-13 00:00:00+00:00, run_after=2024-05-14 00:00:00+00:00
[2024-05-14T01:54:04.413+0000] {logging_mixin.py:188} INFO - [2024-05-14T01:54:04.413+0000] {dag.py:3954} INFO - Setting next_dagrun for example_branch_datetime_operator_2 to 2024-05-13 00:00:00+00:00, run_after=2024-05-14 00:00:00+00:00
[2024-05-14T01:54:04.415+0000] {logging_mixin.py:188} INFO - [2024-05-14T01:54:04.415+0000] {dag.py:3954} INFO - Setting next_dagrun for example_branch_datetime_operator_3 to 2024-05-13 00:00:00+00:00, run_after=2024-05-14 00:00:00+00:00
[2024-05-14T01:54:04.431+0000] {processor.py:183} INFO - Processing /home/airflow/.local/lib/python3.12/site-packages/airflow/example_dags/example_branch_datetime_operator.py took 0.114 seconds
[2024-05-14T01:54:34.510+0000] {processor.py:161} INFO - Started process (PID=101) to work on /home/airflow/.local/lib/python3.12/site-packages/airflow/example_dags/example_branch_datetime_operator.py
[2024-05-14T01:54:34.511+0000] {processor.py:830} INFO - Processing file /home/airflow/.local/lib/python3.12/site-packages/airflow/example_dags/example_branch_datetime_operator.py for tasks to queue
[2024-05-14T01:54:34.512+0000] {logging_mixin.py:188} INFO - [2024-05-14T01:54:34.512+0000] {dagbag.py:545} INFO - Filling up the DagBag from /home/airflow/.local/lib/python3.12/site-packages/airflow/example_dags/example_branch_datetime_operator.py
[2024-05-14T01:54:34.517+0000] {processor.py:840} INFO - DAG(s) 'example_branch_datetime_operator_3', 'example_branch_datetime_operator_2', 'example_branch_datetime_operator' retrieved from /home/airflow/.local/lib/python3.12/site-packages/airflow/example_dags/example_branch_datetime_operator.py
[2024-05-14T01:54:34.567+0000] {logging_mixin.py:188} INFO - [2024-05-14T01:54:34.567+0000] {dag.py:3096} INFO - Sync 3 DAGs
[2024-05-14T01:54:34.576+0000] {logging_mixin.py:188} INFO - [2024-05-14T01:54:34.576+0000] {dag.py:3954} INFO - Setting next_dagrun for example_branch_datetime_operator to 2024-05-13 00:00:00+00:00, run_after=2024-05-14 00:00:00+00:00
[2024-05-14T01:54:34.578+0000] {logging_mixin.py:188} INFO - [2024-05-14T01:54:34.578+0000] {dag.py:3954} INFO - Setting next_dagrun for example_branch_datetime_operator_2 to 2024-05-13 00:00:00+00:00, run_after=2024-05-14 00:00:00+00:00
[2024-05-14T01:54:34.579+0000] {logging_mixin.py:188} INFO - [2024-05-14T01:54:34.579+0000] {dag.py:3954} INFO - Setting next_dagrun for example_branch_datetime_operator_3 to 2024-05-13 00:00:00+00:00, run_after=2024-05-14 00:00:00+00:00
[2024-05-14T01:54:34.587+0000] {processor.py:183} INFO - Processing /home/airflow/.local/lib/python3.12/site-packages/airflow/example_dags/example_branch_datetime_operator.py took 0.079 seconds
[2024-05-14T01:55:05.005+0000] {processor.py:161} INFO - Started process (PID=160) to work on /home/airflow/.local/lib/python3.12/site-packages/airflow/example_dags/example_branch_datetime_operator.py
[2024-05-14T01:55:05.006+0000] {processor.py:830} INFO - Processing file /home/airflow/.local/lib/python3.12/site-packages/airflow/example_dags/example_branch_datetime_operator.py for tasks to queue
[2024-05-14T01:55:05.007+0000] {logging_mixin.py:188} INFO - [2024-05-14T01:55:05.007+0000] {dagbag.py:545} INFO - Filling up the DagBag from /home/airflow/.local/lib/python3.12/site-packages/airflow/example_dags/example_branch_datetime_operator.py
[2024-05-14T01:55:05.012+0000] {processor.py:840} INFO - DAG(s) 'example_branch_datetime_operator', 'example_branch_datetime_operator_3', 'example_branch_datetime_operator_2' retrieved from /home/airflow/.local/lib/python3.12/site-packages/airflow/example_dags/example_branch_datetime_operator.py
[2024-05-14T01:55:05.026+0000] {logging_mixin.py:188} INFO - [2024-05-14T01:55:05.025+0000] {dag.py:3096} INFO - Sync 3 DAGs
[2024-05-14T01:55:05.037+0000] {logging_mixin.py:188} INFO - [2024-05-14T01:55:05.037+0000] {dag.py:3954} INFO - Setting next_dagrun for example_branch_datetime_operator to 2024-05-13 00:00:00+00:00, run_after=2024-05-14 00:00:00+00:00
[2024-05-14T01:55:05.039+0000] {logging_mixin.py:188} INFO - [2024-05-14T01:55:05.039+0000] {dag.py:3954} INFO - Setting next_dagrun for example_branch_datetime_operator_2 to 2024-05-13 00:00:00+00:00, run_after=2024-05-14 00:00:00+00:00
[2024-05-14T01:55:05.040+0000] {logging_mixin.py:188} INFO - [2024-05-14T01:55:05.040+0000] {dag.py:3954} INFO - Setting next_dagrun for example_branch_datetime_operator_3 to 2024-05-13 00:00:00+00:00, run_after=2024-05-14 00:00:00+00:00
[2024-05-14T01:55:05.047+0000] {processor.py:183} INFO - Processing /home/airflow/.local/lib/python3.12/site-packages/airflow/example_dags/example_branch_datetime_operator.py took 0.045 seconds
[2024-05-14T01:55:35.069+0000] {processor.py:161} INFO - Started process (PID=219) to work on /home/airflow/.local/lib/python3.12/site-packages/airflow/example_dags/example_branch_datetime_operator.py
[2024-05-14T01:55:35.070+0000] {processor.py:830} INFO - Processing file /home/airflow/.local/lib/python3.12/site-packages/airflow/example_dags/example_branch_datetime_operator.py for tasks to queue
[2024-05-14T01:55:35.071+0000] {logging_mixin.py:188} INFO - [2024-05-14T01:55:35.070+0000] {dagbag.py:545} INFO - Filling up the DagBag from /home/airflow/.local/lib/python3.12/site-packages/airflow/example_dags/example_branch_datetime_operator.py
[2024-05-14T01:55:35.076+0000] {processor.py:840} INFO - DAG(s) 'example_branch_datetime_operator_3', 'example_branch_datetime_operator_2', 'example_branch_datetime_operator' retrieved from /home/airflow/.local/lib/python3.12/site-packages/airflow/example_dags/example_branch_datetime_operator.py
[2024-05-14T01:55:35.088+0000] {logging_mixin.py:188} INFO - [2024-05-14T01:55:35.088+0000] {dag.py:3096} INFO - Sync 3 DAGs
[2024-05-14T01:55:35.098+0000] {logging_mixin.py:188} INFO - [2024-05-14T01:55:35.097+0000] {dag.py:3954} INFO - Setting next_dagrun for example_branch_datetime_operator to 2024-05-13 00:00:00+00:00, run_after=2024-05-14 00:00:00+00:00
[2024-05-14T01:55:35.100+0000] {logging_mixin.py:188} INFO - [2024-05-14T01:55:35.100+0000] {dag.py:3954} INFO - Setting next_dagrun for example_branch_datetime_operator_2 to 2024-05-13 00:00:00+00:00, run_after=2024-05-14 00:00:00+00:00
[2024-05-14T01:55:35.101+0000] {logging_mixin.py:188} INFO - [2024-05-14T01:55:35.101+0000] {dag.py:3954} INFO - Setting next_dagrun for example_branch_datetime_operator_3 to 2024-05-13 00:00:00+00:00, run_after=2024-05-14 00:00:00+00:00
[2024-05-14T01:55:35.107+0000] {processor.py:183} INFO - Processing /home/airflow/.local/lib/python3.12/site-packages/airflow/example_dags/example_branch_datetime_operator.py took 0.041 seconds
[2024-05-14T01:56:05.411+0000] {processor.py:161} INFO - Started process (PID=278) to work on /home/airflow/.local/lib/python3.12/site-packages/airflow/example_dags/example_branch_datetime_operator.py
[2024-05-14T01:56:05.412+0000] {processor.py:830} INFO - Processing file /home/airflow/.local/lib/python3.12/site-packages/airflow/example_dags/example_branch_datetime_operator.py for tasks to queue
[2024-05-14T01:56:05.413+0000] {logging_mixin.py:188} INFO - [2024-05-14T01:56:05.413+0000] {dagbag.py:545} INFO - Filling up the DagBag from /home/airflow/.local/lib/python3.12/site-packages/airflow/example_dags/example_branch_datetime_operator.py
[2024-05-14T01:56:05.420+0000] {processor.py:840} INFO - DAG(s) 'example_branch_datetime_operator_3', 'example_branch_datetime_operator_2', 'example_branch_datetime_operator' retrieved from /home/airflow/.local/lib/python3.12/site-packages/airflow/example_dags/example_branch_datetime_operator.py
[2024-05-14T01:56:05.439+0000] {logging_mixin.py:188} INFO - [2024-05-14T01:56:05.438+0000] {dag.py:3096} INFO - Sync 3 DAGs
[2024-05-14T01:56:05.459+0000] {logging_mixin.py:188} INFO - [2024-05-14T01:56:05.459+0000] {dag.py:3954} INFO - Setting next_dagrun for example_branch_datetime_operator to 2024-05-13 00:00:00+00:00, run_after=2024-05-14 00:00:00+00:00
[2024-05-14T01:56:05.462+0000] {logging_mixin.py:188} INFO - [2024-05-14T01:56:05.462+0000] {dag.py:3954} INFO - Setting next_dagrun for example_branch_datetime_operator_2 to 2024-05-13 00:00:00+00:00, run_after=2024-05-14 00:00:00+00:00
[2024-05-14T01:56:05.463+0000] {logging_mixin.py:188} INFO - [2024-05-14T01:56:05.463+0000] {dag.py:3954} INFO - Setting next_dagrun for example_branch_datetime_operator_3 to 2024-05-13 00:00:00+00:00, run_after=2024-05-14 00:00:00+00:00
[2024-05-14T01:56:05.473+0000] {processor.py:183} INFO - Processing /home/airflow/.local/lib/python3.12/site-packages/airflow/example_dags/example_branch_datetime_operator.py took 0.065 seconds
[2024-05-14T01:56:35.510+0000] {processor.py:161} INFO - Started process (PID=336) to work on /home/airflow/.local/lib/python3.12/site-packages/airflow/example_dags/example_branch_datetime_operator.py
[2024-05-14T01:56:35.510+0000] {processor.py:830} INFO - Processing file /home/airflow/.local/lib/python3.12/site-packages/airflow/example_dags/example_branch_datetime_operator.py for tasks to queue
[2024-05-14T01:56:35.511+0000] {logging_mixin.py:188} INFO - [2024-05-14T01:56:35.511+0000] {dagbag.py:545} INFO - Filling up the DagBag from /home/airflow/.local/lib/python3.12/site-packages/airflow/example_dags/example_branch_datetime_operator.py
[2024-05-14T01:56:35.516+0000] {processor.py:840} INFO - DAG(s) 'example_branch_datetime_operator_2', 'example_branch_datetime_operator_3', 'example_branch_datetime_operator' retrieved from /home/airflow/.local/lib/python3.12/site-packages/airflow/example_dags/example_branch_datetime_operator.py
[2024-05-14T01:56:35.529+0000] {logging_mixin.py:188} INFO - [2024-05-14T01:56:35.529+0000] {dag.py:3096} INFO - Sync 3 DAGs
[2024-05-14T01:56:35.540+0000] {logging_mixin.py:188} INFO - [2024-05-14T01:56:35.540+0000] {dag.py:3954} INFO - Setting next_dagrun for example_branch_datetime_operator to 2024-05-13 00:00:00+00:00, run_after=2024-05-14 00:00:00+00:00
[2024-05-14T01:56:35.543+0000] {logging_mixin.py:188} INFO - [2024-05-14T01:56:35.543+0000] {dag.py:3954} INFO - Setting next_dagrun for example_branch_datetime_operator_2 to 2024-05-13 00:00:00+00:00, run_after=2024-05-14 00:00:00+00:00
[2024-05-14T01:56:35.544+0000] {logging_mixin.py:188} INFO - [2024-05-14T01:56:35.544+0000] {dag.py:3954} INFO - Setting next_dagrun for example_branch_datetime_operator_3 to 2024-05-13 00:00:00+00:00, run_after=2024-05-14 00:00:00+00:00
[2024-05-14T01:56:35.551+0000] {processor.py:183} INFO - Processing /home/airflow/.local/lib/python3.12/site-packages/airflow/example_dags/example_branch_datetime_operator.py took 0.044 seconds
[2024-05-14T01:57:05.569+0000] {processor.py:161} INFO - Started process (PID=395) to work on /home/airflow/.local/lib/python3.12/site-packages/airflow/example_dags/example_branch_datetime_operator.py
[2024-05-14T01:57:05.569+0000] {processor.py:830} INFO - Processing file /home/airflow/.local/lib/python3.12/site-packages/airflow/example_dags/example_branch_datetime_operator.py for tasks to queue
[2024-05-14T01:57:05.570+0000] {logging_mixin.py:188} INFO - [2024-05-14T01:57:05.570+0000] {dagbag.py:545} INFO - Filling up the DagBag from /home/airflow/.local/lib/python3.12/site-packages/airflow/example_dags/example_branch_datetime_operator.py
[2024-05-14T01:57:05.575+0000] {processor.py:840} INFO - DAG(s) 'example_branch_datetime_operator_2', 'example_branch_datetime_operator', 'example_branch_datetime_operator_3' retrieved from /home/airflow/.local/lib/python3.12/site-packages/airflow/example_dags/example_branch_datetime_operator.py
[2024-05-14T01:57:05.589+0000] {logging_mixin.py:188} INFO - [2024-05-14T01:57:05.589+0000] {dag.py:3096} INFO - Sync 3 DAGs
[2024-05-14T01:57:05.600+0000] {logging_mixin.py:188} INFO - [2024-05-14T01:57:05.600+0000] {dag.py:3954} INFO - Setting next_dagrun for example_branch_datetime_operator to 2024-05-13 00:00:00+00:00, run_after=2024-05-14 00:00:00+00:00
[2024-05-14T01:57:05.603+0000] {logging_mixin.py:188} INFO - [2024-05-14T01:57:05.602+0000] {dag.py:3954} INFO - Setting next_dagrun for example_branch_datetime_operator_2 to 2024-05-13 00:00:00+00:00, run_after=2024-05-14 00:00:00+00:00
[2024-05-14T01:57:05.604+0000] {logging_mixin.py:188} INFO - [2024-05-14T01:57:05.604+0000] {dag.py:3954} INFO - Setting next_dagrun for example_branch_datetime_operator_3 to 2024-05-13 00:00:00+00:00, run_after=2024-05-14 00:00:00+00:00
[2024-05-14T01:57:05.611+0000] {processor.py:183} INFO - Processing /home/airflow/.local/lib/python3.12/site-packages/airflow/example_dags/example_branch_datetime_operator.py took 0.045 seconds
[2024-05-14T01:57:36.324+0000] {processor.py:161} INFO - Started process (PID=454) to work on /home/airflow/.local/lib/python3.12/site-packages/airflow/example_dags/example_branch_datetime_operator.py
[2024-05-14T01:57:36.325+0000] {processor.py:830} INFO - Processing file /home/airflow/.local/lib/python3.12/site-packages/airflow/example_dags/example_branch_datetime_operator.py for tasks to queue
[2024-05-14T01:57:36.326+0000] {logging_mixin.py:188} INFO - [2024-05-14T01:57:36.326+0000] {dagbag.py:545} INFO - Filling up the DagBag from /home/airflow/.local/lib/python3.12/site-packages/airflow/example_dags/example_branch_datetime_operator.py
[2024-05-14T01:57:36.331+0000] {processor.py:840} INFO - DAG(s) 'example_branch_datetime_operator', 'example_branch_datetime_operator_2', 'example_branch_datetime_operator_3' retrieved from /home/airflow/.local/lib/python3.12/site-packages/airflow/example_dags/example_branch_datetime_operator.py
[2024-05-14T01:57:36.344+0000] {logging_mixin.py:188} INFO - [2024-05-14T01:57:36.344+0000] {dag.py:3096} INFO - Sync 3 DAGs
[2024-05-14T01:57:36.354+0000] {logging_mixin.py:188} INFO - [2024-05-14T01:57:36.354+0000] {dag.py:3954} INFO - Setting next_dagrun for example_branch_datetime_operator to 2024-05-13 00:00:00+00:00, run_after=2024-05-14 00:00:00+00:00
[2024-05-14T01:57:36.356+0000] {logging_mixin.py:188} INFO - [2024-05-14T01:57:36.356+0000] {dag.py:3954} INFO - Setting next_dagrun for example_branch_datetime_operator_2 to 2024-05-13 00:00:00+00:00, run_after=2024-05-14 00:00:00+00:00
[2024-05-14T01:57:36.357+0000] {logging_mixin.py:188} INFO - [2024-05-14T01:57:36.357+0000] {dag.py:3954} INFO - Setting next_dagrun for example_branch_datetime_operator_3 to 2024-05-13 00:00:00+00:00, run_after=2024-05-14 00:00:00+00:00
[2024-05-14T01:57:36.364+0000] {processor.py:183} INFO - Processing /home/airflow/.local/lib/python3.12/site-packages/airflow/example_dags/example_branch_datetime_operator.py took 0.042 seconds
[2024-05-14T01:58:07.055+0000] {processor.py:161} INFO - Started process (PID=513) to work on /home/airflow/.local/lib/python3.12/site-packages/airflow/example_dags/example_branch_datetime_operator.py
[2024-05-14T01:58:07.056+0000] {processor.py:830} INFO - Processing file /home/airflow/.local/lib/python3.12/site-packages/airflow/example_dags/example_branch_datetime_operator.py for tasks to queue
[2024-05-14T01:58:07.057+0000] {logging_mixin.py:188} INFO - [2024-05-14T01:58:07.056+0000] {dagbag.py:545} INFO - Filling up the DagBag from /home/airflow/.local/lib/python3.12/site-packages/airflow/example_dags/example_branch_datetime_operator.py
[2024-05-14T01:58:07.062+0000] {processor.py:840} INFO - DAG(s) 'example_branch_datetime_operator_2', 'example_branch_datetime_operator', 'example_branch_datetime_operator_3' retrieved from /home/airflow/.local/lib/python3.12/site-packages/airflow/example_dags/example_branch_datetime_operator.py
[2024-05-14T01:58:07.074+0000] {logging_mixin.py:188} INFO - [2024-05-14T01:58:07.074+0000] {dag.py:3096} INFO - Sync 3 DAGs
[2024-05-14T01:58:07.084+0000] {logging_mixin.py:188} INFO - [2024-05-14T01:58:07.083+0000] {dag.py:3954} INFO - Setting next_dagrun for example_branch_datetime_operator to 2024-05-13 00:00:00+00:00, run_after=2024-05-14 00:00:00+00:00
[2024-05-14T01:58:07.086+0000] {logging_mixin.py:188} INFO - [2024-05-14T01:58:07.086+0000] {dag.py:3954} INFO - Setting next_dagrun for example_branch_datetime_operator_2 to 2024-05-13 00:00:00+00:00, run_after=2024-05-14 00:00:00+00:00
[2024-05-14T01:58:07.087+0000] {logging_mixin.py:188} INFO - [2024-05-14T01:58:07.087+0000] {dag.py:3954} INFO - Setting next_dagrun for example_branch_datetime_operator_3 to 2024-05-13 00:00:00+00:00, run_after=2024-05-14 00:00:00+00:00
[2024-05-14T01:58:07.094+0000] {processor.py:183} INFO - Processing /home/airflow/.local/lib/python3.12/site-packages/airflow/example_dags/example_branch_datetime_operator.py took 0.041 seconds
[2024-05-14T01:58:37.814+0000] {processor.py:161} INFO - Started process (PID=571) to work on /home/airflow/.local/lib/python3.12/site-packages/airflow/example_dags/example_branch_datetime_operator.py
[2024-05-14T01:58:37.814+0000] {processor.py:830} INFO - Processing file /home/airflow/.local/lib/python3.12/site-packages/airflow/example_dags/example_branch_datetime_operator.py for tasks to queue
[2024-05-14T01:58:37.815+0000] {logging_mixin.py:188} INFO - [2024-05-14T01:58:37.815+0000] {dagbag.py:545} INFO - Filling up the DagBag from /home/airflow/.local/lib/python3.12/site-packages/airflow/example_dags/example_branch_datetime_operator.py
[2024-05-14T01:58:37.820+0000] {processor.py:840} INFO - DAG(s) 'example_branch_datetime_operator_2', 'example_branch_datetime_operator', 'example_branch_datetime_operator_3' retrieved from /home/airflow/.local/lib/python3.12/site-packages/airflow/example_dags/example_branch_datetime_operator.py
[2024-05-14T01:58:37.834+0000] {logging_mixin.py:188} INFO - [2024-05-14T01:58:37.834+0000] {dag.py:3096} INFO - Sync 3 DAGs
[2024-05-14T01:58:37.844+0000] {logging_mixin.py:188} INFO - [2024-05-14T01:58:37.844+0000] {dag.py:3954} INFO - Setting next_dagrun for example_branch_datetime_operator to 2024-05-13 00:00:00+00:00, run_after=2024-05-14 00:00:00+00:00
[2024-05-14T01:58:37.846+0000] {logging_mixin.py:188} INFO - [2024-05-14T01:58:37.846+0000] {dag.py:3954} INFO - Setting next_dagrun for example_branch_datetime_operator_2 to 2024-05-13 00:00:00+00:00, run_after=2024-05-14 00:00:00+00:00
[2024-05-14T01:58:37.847+0000] {logging_mixin.py:188} INFO - [2024-05-14T01:58:37.847+0000] {dag.py:3954} INFO - Setting next_dagrun for example_branch_datetime_operator_3 to 2024-05-13 00:00:00+00:00, run_after=2024-05-14 00:00:00+00:00
[2024-05-14T01:58:37.854+0000] {processor.py:183} INFO - Processing /home/airflow/.local/lib/python3.12/site-packages/airflow/example_dags/example_branch_datetime_operator.py took 0.043 seconds
[2024-05-14T01:59:08.625+0000] {processor.py:161} INFO - Started process (PID=630) to work on /home/airflow/.local/lib/python3.12/site-packages/airflow/example_dags/example_branch_datetime_operator.py
[2024-05-14T01:59:08.626+0000] {processor.py:830} INFO - Processing file /home/airflow/.local/lib/python3.12/site-packages/airflow/example_dags/example_branch_datetime_operator.py for tasks to queue
[2024-05-14T01:59:08.627+0000] {logging_mixin.py:188} INFO - [2024-05-14T01:59:08.626+0000] {dagbag.py:545} INFO - Filling up the DagBag from /home/airflow/.local/lib/python3.12/site-packages/airflow/example_dags/example_branch_datetime_operator.py
[2024-05-14T01:59:08.632+0000] {processor.py:840} INFO - DAG(s) 'example_branch_datetime_operator_3', 'example_branch_datetime_operator', 'example_branch_datetime_operator_2' retrieved from /home/airflow/.local/lib/python3.12/site-packages/airflow/example_dags/example_branch_datetime_operator.py
[2024-05-14T01:59:08.645+0000] {logging_mixin.py:188} INFO - [2024-05-14T01:59:08.645+0000] {dag.py:3096} INFO - Sync 3 DAGs
[2024-05-14T01:59:08.665+0000] {logging_mixin.py:188} INFO - [2024-05-14T01:59:08.665+0000] {dag.py:3954} INFO - Setting next_dagrun for example_branch_datetime_operator to 2024-05-13 00:00:00+00:00, run_after=2024-05-14 00:00:00+00:00
[2024-05-14T01:59:08.680+0000] {logging_mixin.py:188} INFO - [2024-05-14T01:59:08.680+0000] {dag.py:3954} INFO - Setting next_dagrun for example_branch_datetime_operator_2 to 2024-05-13 00:00:00+00:00, run_after=2024-05-14 00:00:00+00:00
[2024-05-14T01:59:08.682+0000] {logging_mixin.py:188} INFO - [2024-05-14T01:59:08.682+0000] {dag.py:3954} INFO - Setting next_dagrun for example_branch_datetime_operator_3 to 2024-05-13 00:00:00+00:00, run_after=2024-05-14 00:00:00+00:00
[2024-05-14T01:59:08.696+0000] {processor.py:183} INFO - Processing /home/airflow/.local/lib/python3.12/site-packages/airflow/example_dags/example_branch_datetime_operator.py took 0.073 seconds
[2024-05-14T01:59:39.428+0000] {processor.py:161} INFO - Started process (PID=689) to work on /home/airflow/.local/lib/python3.12/site-packages/airflow/example_dags/example_branch_datetime_operator.py
[2024-05-14T01:59:39.429+0000] {processor.py:830} INFO - Processing file /home/airflow/.local/lib/python3.12/site-packages/airflow/example_dags/example_branch_datetime_operator.py for tasks to queue
[2024-05-14T01:59:39.430+0000] {logging_mixin.py:188} INFO - [2024-05-14T01:59:39.430+0000] {dagbag.py:545} INFO - Filling up the DagBag from /home/airflow/.local/lib/python3.12/site-packages/airflow/example_dags/example_branch_datetime_operator.py
[2024-05-14T01:59:39.435+0000] {processor.py:840} INFO - DAG(s) 'example_branch_datetime_operator_3', 'example_branch_datetime_operator_2', 'example_branch_datetime_operator' retrieved from /home/airflow/.local/lib/python3.12/site-packages/airflow/example_dags/example_branch_datetime_operator.py
[2024-05-14T01:59:39.447+0000] {logging_mixin.py:188} INFO - [2024-05-14T01:59:39.447+0000] {dag.py:3096} INFO - Sync 3 DAGs
[2024-05-14T01:59:39.457+0000] {logging_mixin.py:188} INFO - [2024-05-14T01:59:39.457+0000] {dag.py:3954} INFO - Setting next_dagrun for example_branch_datetime_operator to 2024-05-13 00:00:00+00:00, run_after=2024-05-14 00:00:00+00:00
[2024-05-14T01:59:39.459+0000] {logging_mixin.py:188} INFO - [2024-05-14T01:59:39.459+0000] {dag.py:3954} INFO - Setting next_dagrun for example_branch_datetime_operator_2 to 2024-05-13 00:00:00+00:00, run_after=2024-05-14 00:00:00+00:00
[2024-05-14T01:59:39.460+0000] {logging_mixin.py:188} INFO - [2024-05-14T01:59:39.460+0000] {dag.py:3954} INFO - Setting next_dagrun for example_branch_datetime_operator_3 to 2024-05-13 00:00:00+00:00, run_after=2024-05-14 00:00:00+00:00
[2024-05-14T01:59:39.466+0000] {processor.py:183} INFO - Processing /home/airflow/.local/lib/python3.12/site-packages/airflow/example_dags/example_branch_datetime_operator.py took 0.041 seconds
[2024-05-14T02:00:10.211+0000] {processor.py:161} INFO - Started process (PID=748) to work on /home/airflow/.local/lib/python3.12/site-packages/airflow/example_dags/example_branch_datetime_operator.py
[2024-05-14T02:00:10.212+0000] {processor.py:830} INFO - Processing file /home/airflow/.local/lib/python3.12/site-packages/airflow/example_dags/example_branch_datetime_operator.py for tasks to queue
[2024-05-14T02:00:10.213+0000] {logging_mixin.py:188} INFO - [2024-05-14T02:00:10.213+0000] {dagbag.py:545} INFO - Filling up the DagBag from /home/airflow/.local/lib/python3.12/site-packages/airflow/example_dags/example_branch_datetime_operator.py
[2024-05-14T02:00:10.218+0000] {processor.py:840} INFO - DAG(s) 'example_branch_datetime_operator', 'example_branch_datetime_operator_3', 'example_branch_datetime_operator_2' retrieved from /home/airflow/.local/lib/python3.12/site-packages/airflow/example_dags/example_branch_datetime_operator.py
[2024-05-14T02:00:10.231+0000] {logging_mixin.py:188} INFO - [2024-05-14T02:00:10.231+0000] {dag.py:3096} INFO - Sync 3 DAGs
[2024-05-14T02:00:10.241+0000] {logging_mixin.py:188} INFO - [2024-05-14T02:00:10.241+0000] {dag.py:3954} INFO - Setting next_dagrun for example_branch_datetime_operator to 2024-05-13 00:00:00+00:00, run_after=2024-05-14 00:00:00+00:00
[2024-05-14T02:00:10.244+0000] {logging_mixin.py:188} INFO - [2024-05-14T02:00:10.243+0000] {dag.py:3954} INFO - Setting next_dagrun for example_branch_datetime_operator_2 to 2024-05-13 00:00:00+00:00, run_after=2024-05-14 00:00:00+00:00
[2024-05-14T02:00:10.244+0000] {logging_mixin.py:188} INFO - [2024-05-14T02:00:10.244+0000] {dag.py:3954} INFO - Setting next_dagrun for example_branch_datetime_operator_3 to 2024-05-13 00:00:00+00:00, run_after=2024-05-14 00:00:00+00:00
[2024-05-14T02:00:10.251+0000] {processor.py:183} INFO - Processing /home/airflow/.local/lib/python3.12/site-packages/airflow/example_dags/example_branch_datetime_operator.py took 0.042 seconds
[2024-05-14T02:00:40.996+0000] {processor.py:161} INFO - Started process (PID=807) to work on /home/airflow/.local/lib/python3.12/site-packages/airflow/example_dags/example_branch_datetime_operator.py
[2024-05-14T02:00:40.997+0000] {processor.py:830} INFO - Processing file /home/airflow/.local/lib/python3.12/site-packages/airflow/example_dags/example_branch_datetime_operator.py for tasks to queue
[2024-05-14T02:00:40.998+0000] {logging_mixin.py:188} INFO - [2024-05-14T02:00:40.998+0000] {dagbag.py:545} INFO - Filling up the DagBag from /home/airflow/.local/lib/python3.12/site-packages/airflow/example_dags/example_branch_datetime_operator.py
[2024-05-14T02:00:41.003+0000] {processor.py:840} INFO - DAG(s) 'example_branch_datetime_operator', 'example_branch_datetime_operator_2', 'example_branch_datetime_operator_3' retrieved from /home/airflow/.local/lib/python3.12/site-packages/airflow/example_dags/example_branch_datetime_operator.py
[2024-05-14T02:00:41.016+0000] {logging_mixin.py:188} INFO - [2024-05-14T02:00:41.016+0000] {dag.py:3096} INFO - Sync 3 DAGs
[2024-05-14T02:00:41.026+0000] {logging_mixin.py:188} INFO - [2024-05-14T02:00:41.026+0000] {dag.py:3954} INFO - Setting next_dagrun for example_branch_datetime_operator to 2024-05-13 00:00:00+00:00, run_after=2024-05-14 00:00:00+00:00
[2024-05-14T02:00:41.028+0000] {logging_mixin.py:188} INFO - [2024-05-14T02:00:41.028+0000] {dag.py:3954} INFO - Setting next_dagrun for example_branch_datetime_operator_2 to 2024-05-13 00:00:00+00:00, run_after=2024-05-14 00:00:00+00:00
[2024-05-14T02:00:41.029+0000] {logging_mixin.py:188} INFO - [2024-05-14T02:00:41.029+0000] {dag.py:3954} INFO - Setting next_dagrun for example_branch_datetime_operator_3 to 2024-05-13 00:00:00+00:00, run_after=2024-05-14 00:00:00+00:00
[2024-05-14T02:00:41.036+0000] {processor.py:183} INFO - Processing /home/airflow/.local/lib/python3.12/site-packages/airflow/example_dags/example_branch_datetime_operator.py took 0.042 seconds
[2024-05-14T02:01:11.267+0000] {processor.py:161} INFO - Started process (PID=866) to work on /home/airflow/.local/lib/python3.12/site-packages/airflow/example_dags/example_branch_datetime_operator.py
[2024-05-14T02:01:11.269+0000] {processor.py:830} INFO - Processing file /home/airflow/.local/lib/python3.12/site-packages/airflow/example_dags/example_branch_datetime_operator.py for tasks to queue
[2024-05-14T02:01:11.270+0000] {logging_mixin.py:188} INFO - [2024-05-14T02:01:11.270+0000] {dagbag.py:545} INFO - Filling up the DagBag from /home/airflow/.local/lib/python3.12/site-packages/airflow/example_dags/example_branch_datetime_operator.py
[2024-05-14T02:01:11.276+0000] {processor.py:840} INFO - DAG(s) 'example_branch_datetime_operator', 'example_branch_datetime_operator_3', 'example_branch_datetime_operator_2' retrieved from /home/airflow/.local/lib/python3.12/site-packages/airflow/example_dags/example_branch_datetime_operator.py
[2024-05-14T02:01:11.295+0000] {logging_mixin.py:188} INFO - [2024-05-14T02:01:11.294+0000] {dag.py:3096} INFO - Sync 3 DAGs
[2024-05-14T02:01:11.310+0000] {logging_mixin.py:188} INFO - [2024-05-14T02:01:11.310+0000] {dag.py:3954} INFO - Setting next_dagrun for example_branch_datetime_operator to 2024-05-13 00:00:00+00:00, run_after=2024-05-14 00:00:00+00:00
[2024-05-14T02:01:11.313+0000] {logging_mixin.py:188} INFO - [2024-05-14T02:01:11.313+0000] {dag.py:3954} INFO - Setting next_dagrun for example_branch_datetime_operator_2 to 2024-05-13 00:00:00+00:00, run_after=2024-05-14 00:00:00+00:00
[2024-05-14T02:01:11.315+0000] {logging_mixin.py:188} INFO - [2024-05-14T02:01:11.315+0000] {dag.py:3954} INFO - Setting next_dagrun for example_branch_datetime_operator_3 to 2024-05-13 00:00:00+00:00, run_after=2024-05-14 00:00:00+00:00
[2024-05-14T02:01:11.324+0000] {processor.py:183} INFO - Processing /home/airflow/.local/lib/python3.12/site-packages/airflow/example_dags/example_branch_datetime_operator.py took 0.061 seconds
[2024-05-14T02:01:41.347+0000] {processor.py:161} INFO - Started process (PID=925) to work on /home/airflow/.local/lib/python3.12/site-packages/airflow/example_dags/example_branch_datetime_operator.py
[2024-05-14T02:01:41.348+0000] {processor.py:830} INFO - Processing file /home/airflow/.local/lib/python3.12/site-packages/airflow/example_dags/example_branch_datetime_operator.py for tasks to queue
[2024-05-14T02:01:41.349+0000] {logging_mixin.py:188} INFO - [2024-05-14T02:01:41.348+0000] {dagbag.py:545} INFO - Filling up the DagBag from /home/airflow/.local/lib/python3.12/site-packages/airflow/example_dags/example_branch_datetime_operator.py
[2024-05-14T02:01:41.353+0000] {processor.py:840} INFO - DAG(s) 'example_branch_datetime_operator_2', 'example_branch_datetime_operator', 'example_branch_datetime_operator_3' retrieved from /home/airflow/.local/lib/python3.12/site-packages/airflow/example_dags/example_branch_datetime_operator.py
[2024-05-14T02:01:41.365+0000] {logging_mixin.py:188} INFO - [2024-05-14T02:01:41.365+0000] {dag.py:3096} INFO - Sync 3 DAGs
[2024-05-14T02:01:41.375+0000] {logging_mixin.py:188} INFO - [2024-05-14T02:01:41.375+0000] {dag.py:3954} INFO - Setting next_dagrun for example_branch_datetime_operator to 2024-05-13 00:00:00+00:00, run_after=2024-05-14 00:00:00+00:00
[2024-05-14T02:01:41.377+0000] {logging_mixin.py:188} INFO - [2024-05-14T02:01:41.377+0000] {dag.py:3954} INFO - Setting next_dagrun for example_branch_datetime_operator_2 to 2024-05-13 00:00:00+00:00, run_after=2024-05-14 00:00:00+00:00
[2024-05-14T02:01:41.378+0000] {logging_mixin.py:188} INFO - [2024-05-14T02:01:41.378+0000] {dag.py:3954} INFO - Setting next_dagrun for example_branch_datetime_operator_3 to 2024-05-13 00:00:00+00:00, run_after=2024-05-14 00:00:00+00:00
[2024-05-14T02:01:41.385+0000] {processor.py:183} INFO - Processing /home/airflow/.local/lib/python3.12/site-packages/airflow/example_dags/example_branch_datetime_operator.py took 0.041 seconds
[2024-05-14T02:02:11.545+0000] {processor.py:161} INFO - Started process (PID=984) to work on /home/airflow/.local/lib/python3.12/site-packages/airflow/example_dags/example_branch_datetime_operator.py
[2024-05-14T02:02:11.546+0000] {processor.py:830} INFO - Processing file /home/airflow/.local/lib/python3.12/site-packages/airflow/example_dags/example_branch_datetime_operator.py for tasks to queue
[2024-05-14T02:02:11.547+0000] {logging_mixin.py:188} INFO - [2024-05-14T02:02:11.547+0000] {dagbag.py:545} INFO - Filling up the DagBag from /home/airflow/.local/lib/python3.12/site-packages/airflow/example_dags/example_branch_datetime_operator.py
[2024-05-14T02:02:11.552+0000] {processor.py:840} INFO - DAG(s) 'example_branch_datetime_operator_2', 'example_branch_datetime_operator', 'example_branch_datetime_operator_3' retrieved from /home/airflow/.local/lib/python3.12/site-packages/airflow/example_dags/example_branch_datetime_operator.py
[2024-05-14T02:02:11.565+0000] {logging_mixin.py:188} INFO - [2024-05-14T02:02:11.565+0000] {dag.py:3096} INFO - Sync 3 DAGs
[2024-05-14T02:02:11.576+0000] {logging_mixin.py:188} INFO - [2024-05-14T02:02:11.576+0000] {dag.py:3954} INFO - Setting next_dagrun for example_branch_datetime_operator to 2024-05-13 00:00:00+00:00, run_after=2024-05-14 00:00:00+00:00
[2024-05-14T02:02:11.578+0000] {logging_mixin.py:188} INFO - [2024-05-14T02:02:11.578+0000] {dag.py:3954} INFO - Setting next_dagrun for example_branch_datetime_operator_2 to 2024-05-13 00:00:00+00:00, run_after=2024-05-14 00:00:00+00:00
[2024-05-14T02:02:11.579+0000] {logging_mixin.py:188} INFO - [2024-05-14T02:02:11.579+0000] {dag.py:3954} INFO - Setting next_dagrun for example_branch_datetime_operator_3 to 2024-05-13 00:00:00+00:00, run_after=2024-05-14 00:00:00+00:00
[2024-05-14T02:02:11.586+0000] {processor.py:183} INFO - Processing /home/airflow/.local/lib/python3.12/site-packages/airflow/example_dags/example_branch_datetime_operator.py took 0.044 seconds
[2024-05-14T02:02:41.761+0000] {processor.py:161} INFO - Started process (PID=1043) to work on /home/airflow/.local/lib/python3.12/site-packages/airflow/example_dags/example_branch_datetime_operator.py
[2024-05-14T02:02:41.762+0000] {processor.py:830} INFO - Processing file /home/airflow/.local/lib/python3.12/site-packages/airflow/example_dags/example_branch_datetime_operator.py for tasks to queue
[2024-05-14T02:02:41.763+0000] {logging_mixin.py:188} INFO - [2024-05-14T02:02:41.763+0000] {dagbag.py:545} INFO - Filling up the DagBag from /home/airflow/.local/lib/python3.12/site-packages/airflow/example_dags/example_branch_datetime_operator.py
[2024-05-14T02:02:41.768+0000] {processor.py:840} INFO - DAG(s) 'example_branch_datetime_operator_3', 'example_branch_datetime_operator_2', 'example_branch_datetime_operator' retrieved from /home/airflow/.local/lib/python3.12/site-packages/airflow/example_dags/example_branch_datetime_operator.py
[2024-05-14T02:02:41.781+0000] {logging_mixin.py:188} INFO - [2024-05-14T02:02:41.781+0000] {dag.py:3096} INFO - Sync 3 DAGs
[2024-05-14T02:02:41.792+0000] {logging_mixin.py:188} INFO - [2024-05-14T02:02:41.792+0000] {dag.py:3954} INFO - Setting next_dagrun for example_branch_datetime_operator to 2024-05-13 00:00:00+00:00, run_after=2024-05-14 00:00:00+00:00
[2024-05-14T02:02:41.795+0000] {logging_mixin.py:188} INFO - [2024-05-14T02:02:41.794+0000] {dag.py:3954} INFO - Setting next_dagrun for example_branch_datetime_operator_2 to 2024-05-13 00:00:00+00:00, run_after=2024-05-14 00:00:00+00:00
[2024-05-14T02:02:41.795+0000] {logging_mixin.py:188} INFO - [2024-05-14T02:02:41.795+0000] {dag.py:3954} INFO - Setting next_dagrun for example_branch_datetime_operator_3 to 2024-05-13 00:00:00+00:00, run_after=2024-05-14 00:00:00+00:00
[2024-05-14T02:02:41.802+0000] {processor.py:183} INFO - Processing /home/airflow/.local/lib/python3.12/site-packages/airflow/example_dags/example_branch_datetime_operator.py took 0.044 seconds
[2024-05-14T02:03:11.859+0000] {processor.py:161} INFO - Started process (PID=1102) to work on /home/airflow/.local/lib/python3.12/site-packages/airflow/example_dags/example_branch_datetime_operator.py
[2024-05-14T02:03:11.859+0000] {processor.py:830} INFO - Processing file /home/airflow/.local/lib/python3.12/site-packages/airflow/example_dags/example_branch_datetime_operator.py for tasks to queue
[2024-05-14T02:03:11.860+0000] {logging_mixin.py:188} INFO - [2024-05-14T02:03:11.860+0000] {dagbag.py:545} INFO - Filling up the DagBag from /home/airflow/.local/lib/python3.12/site-packages/airflow/example_dags/example_branch_datetime_operator.py
[2024-05-14T02:03:11.865+0000] {processor.py:840} INFO - DAG(s) 'example_branch_datetime_operator_3', 'example_branch_datetime_operator_2', 'example_branch_datetime_operator' retrieved from /home/airflow/.local/lib/python3.12/site-packages/airflow/example_dags/example_branch_datetime_operator.py
[2024-05-14T02:03:11.878+0000] {logging_mixin.py:188} INFO - [2024-05-14T02:03:11.878+0000] {dag.py:3096} INFO - Sync 3 DAGs
[2024-05-14T02:03:11.889+0000] {logging_mixin.py:188} INFO - [2024-05-14T02:03:11.888+0000] {dag.py:3954} INFO - Setting next_dagrun for example_branch_datetime_operator to 2024-05-13 00:00:00+00:00, run_after=2024-05-14 00:00:00+00:00
[2024-05-14T02:03:11.891+0000] {logging_mixin.py:188} INFO - [2024-05-14T02:03:11.891+0000] {dag.py:3954} INFO - Setting next_dagrun for example_branch_datetime_operator_2 to 2024-05-13 00:00:00+00:00, run_after=2024-05-14 00:00:00+00:00
[2024-05-14T02:03:11.892+0000] {logging_mixin.py:188} INFO - [2024-05-14T02:03:11.892+0000] {dag.py:3954} INFO - Setting next_dagrun for example_branch_datetime_operator_3 to 2024-05-13 00:00:00+00:00, run_after=2024-05-14 00:00:00+00:00
[2024-05-14T02:03:11.900+0000] {processor.py:183} INFO - Processing /home/airflow/.local/lib/python3.12/site-packages/airflow/example_dags/example_branch_datetime_operator.py took 0.044 seconds
[2024-05-14T02:03:42.655+0000] {processor.py:161} INFO - Started process (PID=1161) to work on /home/airflow/.local/lib/python3.12/site-packages/airflow/example_dags/example_branch_datetime_operator.py
[2024-05-14T02:03:42.658+0000] {processor.py:830} INFO - Processing file /home/airflow/.local/lib/python3.12/site-packages/airflow/example_dags/example_branch_datetime_operator.py for tasks to queue
[2024-05-14T02:03:42.663+0000] {logging_mixin.py:188} INFO - [2024-05-14T02:03:42.663+0000] {dagbag.py:545} INFO - Filling up the DagBag from /home/airflow/.local/lib/python3.12/site-packages/airflow/example_dags/example_branch_datetime_operator.py
[2024-05-14T02:03:42.669+0000] {processor.py:840} INFO - DAG(s) 'example_branch_datetime_operator_3', 'example_branch_datetime_operator_2', 'example_branch_datetime_operator' retrieved from /home/airflow/.local/lib/python3.12/site-packages/airflow/example_dags/example_branch_datetime_operator.py
[2024-05-14T02:03:42.681+0000] {logging_mixin.py:188} INFO - [2024-05-14T02:03:42.681+0000] {dag.py:3096} INFO - Sync 3 DAGs
[2024-05-14T02:03:42.692+0000] {logging_mixin.py:188} INFO - [2024-05-14T02:03:42.692+0000] {dag.py:3954} INFO - Setting next_dagrun for example_branch_datetime_operator to 2024-05-13 00:00:00+00:00, run_after=2024-05-14 00:00:00+00:00
[2024-05-14T02:03:42.694+0000] {logging_mixin.py:188} INFO - [2024-05-14T02:03:42.694+0000] {dag.py:3954} INFO - Setting next_dagrun for example_branch_datetime_operator_2 to 2024-05-13 00:00:00+00:00, run_after=2024-05-14 00:00:00+00:00
[2024-05-14T02:03:42.695+0000] {logging_mixin.py:188} INFO - [2024-05-14T02:03:42.695+0000] {dag.py:3954} INFO - Setting next_dagrun for example_branch_datetime_operator_3 to 2024-05-13 00:00:00+00:00, run_after=2024-05-14 00:00:00+00:00
[2024-05-14T02:03:42.702+0000] {processor.py:183} INFO - Processing /home/airflow/.local/lib/python3.12/site-packages/airflow/example_dags/example_branch_datetime_operator.py took 0.049 seconds
[2024-05-14T02:04:12.779+0000] {processor.py:161} INFO - Started process (PID=1219) to work on /home/airflow/.local/lib/python3.12/site-packages/airflow/example_dags/example_branch_datetime_operator.py
[2024-05-14T02:04:12.779+0000] {processor.py:830} INFO - Processing file /home/airflow/.local/lib/python3.12/site-packages/airflow/example_dags/example_branch_datetime_operator.py for tasks to queue
[2024-05-14T02:04:12.780+0000] {logging_mixin.py:188} INFO - [2024-05-14T02:04:12.780+0000] {dagbag.py:545} INFO - Filling up the DagBag from /home/airflow/.local/lib/python3.12/site-packages/airflow/example_dags/example_branch_datetime_operator.py
[2024-05-14T02:04:12.785+0000] {processor.py:840} INFO - DAG(s) 'example_branch_datetime_operator_2', 'example_branch_datetime_operator_3', 'example_branch_datetime_operator' retrieved from /home/airflow/.local/lib/python3.12/site-packages/airflow/example_dags/example_branch_datetime_operator.py
[2024-05-14T02:04:12.800+0000] {logging_mixin.py:188} INFO - [2024-05-14T02:04:12.799+0000] {dag.py:3096} INFO - Sync 3 DAGs
[2024-05-14T02:04:12.811+0000] {logging_mixin.py:188} INFO - [2024-05-14T02:04:12.811+0000] {dag.py:3954} INFO - Setting next_dagrun for example_branch_datetime_operator to 2024-05-13 00:00:00+00:00, run_after=2024-05-14 00:00:00+00:00
[2024-05-14T02:04:12.814+0000] {logging_mixin.py:188} INFO - [2024-05-14T02:04:12.814+0000] {dag.py:3954} INFO - Setting next_dagrun for example_branch_datetime_operator_2 to 2024-05-13 00:00:00+00:00, run_after=2024-05-14 00:00:00+00:00
[2024-05-14T02:04:12.815+0000] {logging_mixin.py:188} INFO - [2024-05-14T02:04:12.815+0000] {dag.py:3954} INFO - Setting next_dagrun for example_branch_datetime_operator_3 to 2024-05-13 00:00:00+00:00, run_after=2024-05-14 00:00:00+00:00
[2024-05-14T02:04:12.824+0000] {processor.py:183} INFO - Processing /home/airflow/.local/lib/python3.12/site-packages/airflow/example_dags/example_branch_datetime_operator.py took 0.048 seconds
[2024-05-14T02:04:42.968+0000] {processor.py:161} INFO - Started process (PID=1278) to work on /home/airflow/.local/lib/python3.12/site-packages/airflow/example_dags/example_branch_datetime_operator.py
[2024-05-14T02:04:42.968+0000] {processor.py:830} INFO - Processing file /home/airflow/.local/lib/python3.12/site-packages/airflow/example_dags/example_branch_datetime_operator.py for tasks to queue
[2024-05-14T02:04:42.969+0000] {logging_mixin.py:188} INFO - [2024-05-14T02:04:42.969+0000] {dagbag.py:545} INFO - Filling up the DagBag from /home/airflow/.local/lib/python3.12/site-packages/airflow/example_dags/example_branch_datetime_operator.py
[2024-05-14T02:04:42.974+0000] {processor.py:840} INFO - DAG(s) 'example_branch_datetime_operator_3', 'example_branch_datetime_operator', 'example_branch_datetime_operator_2' retrieved from /home/airflow/.local/lib/python3.12/site-packages/airflow/example_dags/example_branch_datetime_operator.py
[2024-05-14T02:04:42.991+0000] {logging_mixin.py:188} INFO - [2024-05-14T02:04:42.991+0000] {dag.py:3096} INFO - Sync 3 DAGs
[2024-05-14T02:04:43.003+0000] {logging_mixin.py:188} INFO - [2024-05-14T02:04:43.003+0000] {dag.py:3954} INFO - Setting next_dagrun for example_branch_datetime_operator to 2024-05-13 00:00:00+00:00, run_after=2024-05-14 00:00:00+00:00
[2024-05-14T02:04:43.006+0000] {logging_mixin.py:188} INFO - [2024-05-14T02:04:43.006+0000] {dag.py:3954} INFO - Setting next_dagrun for example_branch_datetime_operator_2 to 2024-05-13 00:00:00+00:00, run_after=2024-05-14 00:00:00+00:00
[2024-05-14T02:04:43.007+0000] {logging_mixin.py:188} INFO - [2024-05-14T02:04:43.007+0000] {dag.py:3954} INFO - Setting next_dagrun for example_branch_datetime_operator_3 to 2024-05-13 00:00:00+00:00, run_after=2024-05-14 00:00:00+00:00
[2024-05-14T02:04:43.014+0000] {processor.py:183} INFO - Processing /home/airflow/.local/lib/python3.12/site-packages/airflow/example_dags/example_branch_datetime_operator.py took 0.049 seconds
[2024-05-14T02:05:13.079+0000] {processor.py:161} INFO - Started process (PID=1337) to work on /home/airflow/.local/lib/python3.12/site-packages/airflow/example_dags/example_branch_datetime_operator.py
[2024-05-14T02:05:13.080+0000] {processor.py:830} INFO - Processing file /home/airflow/.local/lib/python3.12/site-packages/airflow/example_dags/example_branch_datetime_operator.py for tasks to queue
[2024-05-14T02:05:13.081+0000] {logging_mixin.py:188} INFO - [2024-05-14T02:05:13.081+0000] {dagbag.py:545} INFO - Filling up the DagBag from /home/airflow/.local/lib/python3.12/site-packages/airflow/example_dags/example_branch_datetime_operator.py
[2024-05-14T02:05:13.087+0000] {processor.py:840} INFO - DAG(s) 'example_branch_datetime_operator', 'example_branch_datetime_operator_3', 'example_branch_datetime_operator_2' retrieved from /home/airflow/.local/lib/python3.12/site-packages/airflow/example_dags/example_branch_datetime_operator.py
[2024-05-14T02:05:13.101+0000] {logging_mixin.py:188} INFO - [2024-05-14T02:05:13.101+0000] {dag.py:3096} INFO - Sync 3 DAGs
[2024-05-14T02:05:13.113+0000] {logging_mixin.py:188} INFO - [2024-05-14T02:05:13.113+0000] {dag.py:3954} INFO - Setting next_dagrun for example_branch_datetime_operator to 2024-05-13 00:00:00+00:00, run_after=2024-05-14 00:00:00+00:00
[2024-05-14T02:05:13.116+0000] {logging_mixin.py:188} INFO - [2024-05-14T02:05:13.116+0000] {dag.py:3954} INFO - Setting next_dagrun for example_branch_datetime_operator_2 to 2024-05-13 00:00:00+00:00, run_after=2024-05-14 00:00:00+00:00
[2024-05-14T02:05:13.117+0000] {logging_mixin.py:188} INFO - [2024-05-14T02:05:13.117+0000] {dag.py:3954} INFO - Setting next_dagrun for example_branch_datetime_operator_3 to 2024-05-13 00:00:00+00:00, run_after=2024-05-14 00:00:00+00:00
[2024-05-14T02:05:13.125+0000] {processor.py:183} INFO - Processing /home/airflow/.local/lib/python3.12/site-packages/airflow/example_dags/example_branch_datetime_operator.py took 0.049 seconds
[2024-05-14T02:05:43.811+0000] {processor.py:161} INFO - Started process (PID=1396) to work on /home/airflow/.local/lib/python3.12/site-packages/airflow/example_dags/example_branch_datetime_operator.py
[2024-05-14T02:05:43.811+0000] {processor.py:830} INFO - Processing file /home/airflow/.local/lib/python3.12/site-packages/airflow/example_dags/example_branch_datetime_operator.py for tasks to queue
[2024-05-14T02:05:43.812+0000] {logging_mixin.py:188} INFO - [2024-05-14T02:05:43.812+0000] {dagbag.py:545} INFO - Filling up the DagBag from /home/airflow/.local/lib/python3.12/site-packages/airflow/example_dags/example_branch_datetime_operator.py
[2024-05-14T02:05:43.817+0000] {processor.py:840} INFO - DAG(s) 'example_branch_datetime_operator', 'example_branch_datetime_operator_3', 'example_branch_datetime_operator_2' retrieved from /home/airflow/.local/lib/python3.12/site-packages/airflow/example_dags/example_branch_datetime_operator.py
[2024-05-14T02:05:43.830+0000] {logging_mixin.py:188} INFO - [2024-05-14T02:05:43.830+0000] {dag.py:3096} INFO - Sync 3 DAGs
[2024-05-14T02:05:43.840+0000] {logging_mixin.py:188} INFO - [2024-05-14T02:05:43.840+0000] {dag.py:3954} INFO - Setting next_dagrun for example_branch_datetime_operator to 2024-05-13 00:00:00+00:00, run_after=2024-05-14 00:00:00+00:00
[2024-05-14T02:05:43.842+0000] {logging_mixin.py:188} INFO - [2024-05-14T02:05:43.842+0000] {dag.py:3954} INFO - Setting next_dagrun for example_branch_datetime_operator_2 to 2024-05-13 00:00:00+00:00, run_after=2024-05-14 00:00:00+00:00
[2024-05-14T02:05:43.843+0000] {logging_mixin.py:188} INFO - [2024-05-14T02:05:43.843+0000] {dag.py:3954} INFO - Setting next_dagrun for example_branch_datetime_operator_3 to 2024-05-13 00:00:00+00:00, run_after=2024-05-14 00:00:00+00:00
[2024-05-14T02:05:43.850+0000] {processor.py:183} INFO - Processing /home/airflow/.local/lib/python3.12/site-packages/airflow/example_dags/example_branch_datetime_operator.py took 0.042 seconds
[2024-05-14T02:06:13.970+0000] {processor.py:161} INFO - Started process (PID=1455) to work on /home/airflow/.local/lib/python3.12/site-packages/airflow/example_dags/example_branch_datetime_operator.py
[2024-05-14T02:06:13.970+0000] {processor.py:830} INFO - Processing file /home/airflow/.local/lib/python3.12/site-packages/airflow/example_dags/example_branch_datetime_operator.py for tasks to queue
[2024-05-14T02:06:13.971+0000] {logging_mixin.py:188} INFO - [2024-05-14T02:06:13.971+0000] {dagbag.py:545} INFO - Filling up the DagBag from /home/airflow/.local/lib/python3.12/site-packages/airflow/example_dags/example_branch_datetime_operator.py
[2024-05-14T02:06:13.976+0000] {processor.py:840} INFO - DAG(s) 'example_branch_datetime_operator_3', 'example_branch_datetime_operator', 'example_branch_datetime_operator_2' retrieved from /home/airflow/.local/lib/python3.12/site-packages/airflow/example_dags/example_branch_datetime_operator.py
[2024-05-14T02:06:13.990+0000] {logging_mixin.py:188} INFO - [2024-05-14T02:06:13.989+0000] {dag.py:3096} INFO - Sync 3 DAGs
[2024-05-14T02:06:14.000+0000] {logging_mixin.py:188} INFO - [2024-05-14T02:06:14.000+0000] {dag.py:3954} INFO - Setting next_dagrun for example_branch_datetime_operator to 2024-05-13 00:00:00+00:00, run_after=2024-05-14 00:00:00+00:00
[2024-05-14T02:06:14.002+0000] {logging_mixin.py:188} INFO - [2024-05-14T02:06:14.002+0000] {dag.py:3954} INFO - Setting next_dagrun for example_branch_datetime_operator_2 to 2024-05-13 00:00:00+00:00, run_after=2024-05-14 00:00:00+00:00
[2024-05-14T02:06:14.003+0000] {logging_mixin.py:188} INFO - [2024-05-14T02:06:14.003+0000] {dag.py:3954} INFO - Setting next_dagrun for example_branch_datetime_operator_3 to 2024-05-13 00:00:00+00:00, run_after=2024-05-14 00:00:00+00:00
[2024-05-14T02:06:14.009+0000] {processor.py:183} INFO - Processing /home/airflow/.local/lib/python3.12/site-packages/airflow/example_dags/example_branch_datetime_operator.py took 0.042 seconds
[2024-05-14T02:06:44.133+0000] {processor.py:161} INFO - Started process (PID=1514) to work on /home/airflow/.local/lib/python3.12/site-packages/airflow/example_dags/example_branch_datetime_operator.py
[2024-05-14T02:06:44.134+0000] {processor.py:830} INFO - Processing file /home/airflow/.local/lib/python3.12/site-packages/airflow/example_dags/example_branch_datetime_operator.py for tasks to queue
[2024-05-14T02:06:44.135+0000] {logging_mixin.py:188} INFO - [2024-05-14T02:06:44.135+0000] {dagbag.py:545} INFO - Filling up the DagBag from /home/airflow/.local/lib/python3.12/site-packages/airflow/example_dags/example_branch_datetime_operator.py
[2024-05-14T02:06:44.139+0000] {processor.py:840} INFO - DAG(s) 'example_branch_datetime_operator_3', 'example_branch_datetime_operator', 'example_branch_datetime_operator_2' retrieved from /home/airflow/.local/lib/python3.12/site-packages/airflow/example_dags/example_branch_datetime_operator.py
[2024-05-14T02:06:44.152+0000] {logging_mixin.py:188} INFO - [2024-05-14T02:06:44.152+0000] {dag.py:3096} INFO - Sync 3 DAGs
[2024-05-14T02:06:44.161+0000] {logging_mixin.py:188} INFO - [2024-05-14T02:06:44.161+0000] {dag.py:3954} INFO - Setting next_dagrun for example_branch_datetime_operator to 2024-05-13 00:00:00+00:00, run_after=2024-05-14 00:00:00+00:00
[2024-05-14T02:06:44.163+0000] {logging_mixin.py:188} INFO - [2024-05-14T02:06:44.163+0000] {dag.py:3954} INFO - Setting next_dagrun for example_branch_datetime_operator_2 to 2024-05-13 00:00:00+00:00, run_after=2024-05-14 00:00:00+00:00
[2024-05-14T02:06:44.164+0000] {logging_mixin.py:188} INFO - [2024-05-14T02:06:44.164+0000] {dag.py:3954} INFO - Setting next_dagrun for example_branch_datetime_operator_3 to 2024-05-13 00:00:00+00:00, run_after=2024-05-14 00:00:00+00:00
[2024-05-14T02:06:44.172+0000] {processor.py:183} INFO - Processing /home/airflow/.local/lib/python3.12/site-packages/airflow/example_dags/example_branch_datetime_operator.py took 0.041 seconds
[2024-05-14T02:07:14.221+0000] {processor.py:161} INFO - Started process (PID=1573) to work on /home/airflow/.local/lib/python3.12/site-packages/airflow/example_dags/example_branch_datetime_operator.py
[2024-05-14T02:07:14.221+0000] {processor.py:830} INFO - Processing file /home/airflow/.local/lib/python3.12/site-packages/airflow/example_dags/example_branch_datetime_operator.py for tasks to queue
[2024-05-14T02:07:14.222+0000] {logging_mixin.py:188} INFO - [2024-05-14T02:07:14.222+0000] {dagbag.py:545} INFO - Filling up the DagBag from /home/airflow/.local/lib/python3.12/site-packages/airflow/example_dags/example_branch_datetime_operator.py
[2024-05-14T02:07:14.227+0000] {processor.py:840} INFO - DAG(s) 'example_branch_datetime_operator_2', 'example_branch_datetime_operator', 'example_branch_datetime_operator_3' retrieved from /home/airflow/.local/lib/python3.12/site-packages/airflow/example_dags/example_branch_datetime_operator.py
[2024-05-14T02:07:14.239+0000] {logging_mixin.py:188} INFO - [2024-05-14T02:07:14.238+0000] {dag.py:3096} INFO - Sync 3 DAGs
[2024-05-14T02:07:14.248+0000] {logging_mixin.py:188} INFO - [2024-05-14T02:07:14.248+0000] {dag.py:3954} INFO - Setting next_dagrun for example_branch_datetime_operator to 2024-05-13 00:00:00+00:00, run_after=2024-05-14 00:00:00+00:00
[2024-05-14T02:07:14.250+0000] {logging_mixin.py:188} INFO - [2024-05-14T02:07:14.250+0000] {dag.py:3954} INFO - Setting next_dagrun for example_branch_datetime_operator_2 to 2024-05-13 00:00:00+00:00, run_after=2024-05-14 00:00:00+00:00
[2024-05-14T02:07:14.251+0000] {logging_mixin.py:188} INFO - [2024-05-14T02:07:14.251+0000] {dag.py:3954} INFO - Setting next_dagrun for example_branch_datetime_operator_3 to 2024-05-13 00:00:00+00:00, run_after=2024-05-14 00:00:00+00:00
[2024-05-14T02:07:14.258+0000] {processor.py:183} INFO - Processing /home/airflow/.local/lib/python3.12/site-packages/airflow/example_dags/example_branch_datetime_operator.py took 0.040 seconds
[2024-05-14T02:07:44.469+0000] {processor.py:161} INFO - Started process (PID=1632) to work on /home/airflow/.local/lib/python3.12/site-packages/airflow/example_dags/example_branch_datetime_operator.py
[2024-05-14T02:07:44.469+0000] {processor.py:830} INFO - Processing file /home/airflow/.local/lib/python3.12/site-packages/airflow/example_dags/example_branch_datetime_operator.py for tasks to queue
[2024-05-14T02:07:44.471+0000] {logging_mixin.py:188} INFO - [2024-05-14T02:07:44.470+0000] {dagbag.py:545} INFO - Filling up the DagBag from /home/airflow/.local/lib/python3.12/site-packages/airflow/example_dags/example_branch_datetime_operator.py
[2024-05-14T02:07:44.476+0000] {processor.py:840} INFO - DAG(s) 'example_branch_datetime_operator_2', 'example_branch_datetime_operator_3', 'example_branch_datetime_operator' retrieved from /home/airflow/.local/lib/python3.12/site-packages/airflow/example_dags/example_branch_datetime_operator.py
[2024-05-14T02:07:44.489+0000] {logging_mixin.py:188} INFO - [2024-05-14T02:07:44.489+0000] {dag.py:3096} INFO - Sync 3 DAGs
[2024-05-14T02:07:44.499+0000] {logging_mixin.py:188} INFO - [2024-05-14T02:07:44.499+0000] {dag.py:3954} INFO - Setting next_dagrun for example_branch_datetime_operator to 2024-05-13 00:00:00+00:00, run_after=2024-05-14 00:00:00+00:00
[2024-05-14T02:07:44.502+0000] {logging_mixin.py:188} INFO - [2024-05-14T02:07:44.501+0000] {dag.py:3954} INFO - Setting next_dagrun for example_branch_datetime_operator_2 to 2024-05-13 00:00:00+00:00, run_after=2024-05-14 00:00:00+00:00
[2024-05-14T02:07:44.502+0000] {logging_mixin.py:188} INFO - [2024-05-14T02:07:44.502+0000] {dag.py:3954} INFO - Setting next_dagrun for example_branch_datetime_operator_3 to 2024-05-13 00:00:00+00:00, run_after=2024-05-14 00:00:00+00:00
[2024-05-14T02:07:44.509+0000] {processor.py:183} INFO - Processing /home/airflow/.local/lib/python3.12/site-packages/airflow/example_dags/example_branch_datetime_operator.py took 0.043 seconds
[2024-05-14T02:08:14.774+0000] {processor.py:161} INFO - Started process (PID=1691) to work on /home/airflow/.local/lib/python3.12/site-packages/airflow/example_dags/example_branch_datetime_operator.py
[2024-05-14T02:08:14.775+0000] {processor.py:830} INFO - Processing file /home/airflow/.local/lib/python3.12/site-packages/airflow/example_dags/example_branch_datetime_operator.py for tasks to queue
[2024-05-14T02:08:14.776+0000] {logging_mixin.py:188} INFO - [2024-05-14T02:08:14.776+0000] {dagbag.py:545} INFO - Filling up the DagBag from /home/airflow/.local/lib/python3.12/site-packages/airflow/example_dags/example_branch_datetime_operator.py
[2024-05-14T02:08:14.781+0000] {processor.py:840} INFO - DAG(s) 'example_branch_datetime_operator_2', 'example_branch_datetime_operator', 'example_branch_datetime_operator_3' retrieved from /home/airflow/.local/lib/python3.12/site-packages/airflow/example_dags/example_branch_datetime_operator.py
[2024-05-14T02:08:14.794+0000] {logging_mixin.py:188} INFO - [2024-05-14T02:08:14.794+0000] {dag.py:3096} INFO - Sync 3 DAGs
[2024-05-14T02:08:14.804+0000] {logging_mixin.py:188} INFO - [2024-05-14T02:08:14.804+0000] {dag.py:3954} INFO - Setting next_dagrun for example_branch_datetime_operator to 2024-05-13 00:00:00+00:00, run_after=2024-05-14 00:00:00+00:00
[2024-05-14T02:08:14.807+0000] {logging_mixin.py:188} INFO - [2024-05-14T02:08:14.807+0000] {dag.py:3954} INFO - Setting next_dagrun for example_branch_datetime_operator_2 to 2024-05-13 00:00:00+00:00, run_after=2024-05-14 00:00:00+00:00
[2024-05-14T02:08:14.808+0000] {logging_mixin.py:188} INFO - [2024-05-14T02:08:14.808+0000] {dag.py:3954} INFO - Setting next_dagrun for example_branch_datetime_operator_3 to 2024-05-13 00:00:00+00:00, run_after=2024-05-14 00:00:00+00:00
[2024-05-14T02:08:14.815+0000] {processor.py:183} INFO - Processing /home/airflow/.local/lib/python3.12/site-packages/airflow/example_dags/example_branch_datetime_operator.py took 0.044 seconds
[2024-05-14T02:08:44.898+0000] {processor.py:161} INFO - Started process (PID=1750) to work on /home/airflow/.local/lib/python3.12/site-packages/airflow/example_dags/example_branch_datetime_operator.py
[2024-05-14T02:08:44.899+0000] {processor.py:830} INFO - Processing file /home/airflow/.local/lib/python3.12/site-packages/airflow/example_dags/example_branch_datetime_operator.py for tasks to queue
[2024-05-14T02:08:44.899+0000] {logging_mixin.py:188} INFO - [2024-05-14T02:08:44.899+0000] {dagbag.py:545} INFO - Filling up the DagBag from /home/airflow/.local/lib/python3.12/site-packages/airflow/example_dags/example_branch_datetime_operator.py
[2024-05-14T02:08:44.905+0000] {processor.py:840} INFO - DAG(s) 'example_branch_datetime_operator_3', 'example_branch_datetime_operator_2', 'example_branch_datetime_operator' retrieved from /home/airflow/.local/lib/python3.12/site-packages/airflow/example_dags/example_branch_datetime_operator.py
[2024-05-14T02:08:44.917+0000] {logging_mixin.py:188} INFO - [2024-05-14T02:08:44.917+0000] {dag.py:3096} INFO - Sync 3 DAGs
[2024-05-14T02:08:44.927+0000] {logging_mixin.py:188} INFO - [2024-05-14T02:08:44.927+0000] {dag.py:3954} INFO - Setting next_dagrun for example_branch_datetime_operator to 2024-05-13 00:00:00+00:00, run_after=2024-05-14 00:00:00+00:00
[2024-05-14T02:08:44.930+0000] {logging_mixin.py:188} INFO - [2024-05-14T02:08:44.930+0000] {dag.py:3954} INFO - Setting next_dagrun for example_branch_datetime_operator_2 to 2024-05-13 00:00:00+00:00, run_after=2024-05-14 00:00:00+00:00
[2024-05-14T02:08:44.931+0000] {logging_mixin.py:188} INFO - [2024-05-14T02:08:44.931+0000] {dag.py:3954} INFO - Setting next_dagrun for example_branch_datetime_operator_3 to 2024-05-13 00:00:00+00:00, run_after=2024-05-14 00:00:00+00:00
[2024-05-14T02:08:44.937+0000] {processor.py:183} INFO - Processing /home/airflow/.local/lib/python3.12/site-packages/airflow/example_dags/example_branch_datetime_operator.py took 0.042 seconds
[2024-05-14T02:09:15.395+0000] {processor.py:161} INFO - Started process (PID=1809) to work on /home/airflow/.local/lib/python3.12/site-packages/airflow/example_dags/example_branch_datetime_operator.py
[2024-05-14T02:09:15.395+0000] {processor.py:830} INFO - Processing file /home/airflow/.local/lib/python3.12/site-packages/airflow/example_dags/example_branch_datetime_operator.py for tasks to queue
[2024-05-14T02:09:15.396+0000] {logging_mixin.py:188} INFO - [2024-05-14T02:09:15.396+0000] {dagbag.py:545} INFO - Filling up the DagBag from /home/airflow/.local/lib/python3.12/site-packages/airflow/example_dags/example_branch_datetime_operator.py
[2024-05-14T02:09:15.401+0000] {processor.py:840} INFO - DAG(s) 'example_branch_datetime_operator_2', 'example_branch_datetime_operator_3', 'example_branch_datetime_operator' retrieved from /home/airflow/.local/lib/python3.12/site-packages/airflow/example_dags/example_branch_datetime_operator.py
[2024-05-14T02:09:15.414+0000] {logging_mixin.py:188} INFO - [2024-05-14T02:09:15.414+0000] {dag.py:3096} INFO - Sync 3 DAGs
[2024-05-14T02:09:15.425+0000] {logging_mixin.py:188} INFO - [2024-05-14T02:09:15.425+0000] {dag.py:3954} INFO - Setting next_dagrun for example_branch_datetime_operator to 2024-05-13 00:00:00+00:00, run_after=2024-05-14 00:00:00+00:00
[2024-05-14T02:09:15.503+0000] {logging_mixin.py:188} INFO - [2024-05-14T02:09:15.502+0000] {dag.py:3954} INFO - Setting next_dagrun for example_branch_datetime_operator_2 to 2024-05-13 00:00:00+00:00, run_after=2024-05-14 00:00:00+00:00
[2024-05-14T02:09:15.504+0000] {logging_mixin.py:188} INFO - [2024-05-14T02:09:15.504+0000] {dag.py:3954} INFO - Setting next_dagrun for example_branch_datetime_operator_3 to 2024-05-13 00:00:00+00:00, run_after=2024-05-14 00:00:00+00:00
[2024-05-14T02:09:15.510+0000] {processor.py:183} INFO - Processing /home/airflow/.local/lib/python3.12/site-packages/airflow/example_dags/example_branch_datetime_operator.py took 0.118 seconds
[2024-05-14T02:09:45.587+0000] {processor.py:161} INFO - Started process (PID=1868) to work on /home/airflow/.local/lib/python3.12/site-packages/airflow/example_dags/example_branch_datetime_operator.py
[2024-05-14T02:09:45.587+0000] {processor.py:830} INFO - Processing file /home/airflow/.local/lib/python3.12/site-packages/airflow/example_dags/example_branch_datetime_operator.py for tasks to queue
[2024-05-14T02:09:45.588+0000] {logging_mixin.py:188} INFO - [2024-05-14T02:09:45.588+0000] {dagbag.py:545} INFO - Filling up the DagBag from /home/airflow/.local/lib/python3.12/site-packages/airflow/example_dags/example_branch_datetime_operator.py
[2024-05-14T02:09:45.593+0000] {processor.py:840} INFO - DAG(s) 'example_branch_datetime_operator', 'example_branch_datetime_operator_2', 'example_branch_datetime_operator_3' retrieved from /home/airflow/.local/lib/python3.12/site-packages/airflow/example_dags/example_branch_datetime_operator.py
[2024-05-14T02:09:45.605+0000] {logging_mixin.py:188} INFO - [2024-05-14T02:09:45.605+0000] {dag.py:3096} INFO - Sync 3 DAGs
[2024-05-14T02:09:45.614+0000] {logging_mixin.py:188} INFO - [2024-05-14T02:09:45.614+0000] {dag.py:3954} INFO - Setting next_dagrun for example_branch_datetime_operator to 2024-05-13 00:00:00+00:00, run_after=2024-05-14 00:00:00+00:00
[2024-05-14T02:09:45.616+0000] {logging_mixin.py:188} INFO - [2024-05-14T02:09:45.616+0000] {dag.py:3954} INFO - Setting next_dagrun for example_branch_datetime_operator_2 to 2024-05-13 00:00:00+00:00, run_after=2024-05-14 00:00:00+00:00
[2024-05-14T02:09:45.617+0000] {logging_mixin.py:188} INFO - [2024-05-14T02:09:45.617+0000] {dag.py:3954} INFO - Setting next_dagrun for example_branch_datetime_operator_3 to 2024-05-13 00:00:00+00:00, run_after=2024-05-14 00:00:00+00:00
[2024-05-14T02:09:45.695+0000] {processor.py:183} INFO - Processing /home/airflow/.local/lib/python3.12/site-packages/airflow/example_dags/example_branch_datetime_operator.py took 0.111 seconds
[2024-05-14T02:10:15.996+0000] {processor.py:161} INFO - Started process (PID=1927) to work on /home/airflow/.local/lib/python3.12/site-packages/airflow/example_dags/example_branch_datetime_operator.py
[2024-05-14T02:10:15.997+0000] {processor.py:830} INFO - Processing file /home/airflow/.local/lib/python3.12/site-packages/airflow/example_dags/example_branch_datetime_operator.py for tasks to queue
[2024-05-14T02:10:15.998+0000] {logging_mixin.py:188} INFO - [2024-05-14T02:10:15.997+0000] {dagbag.py:545} INFO - Filling up the DagBag from /home/airflow/.local/lib/python3.12/site-packages/airflow/example_dags/example_branch_datetime_operator.py
[2024-05-14T02:10:16.003+0000] {processor.py:840} INFO - DAG(s) 'example_branch_datetime_operator_3', 'example_branch_datetime_operator_2', 'example_branch_datetime_operator' retrieved from /home/airflow/.local/lib/python3.12/site-packages/airflow/example_dags/example_branch_datetime_operator.py
[2024-05-14T02:10:16.021+0000] {logging_mixin.py:188} INFO - [2024-05-14T02:10:16.021+0000] {dag.py:3096} INFO - Sync 3 DAGs
[2024-05-14T02:10:16.039+0000] {logging_mixin.py:188} INFO - [2024-05-14T02:10:16.039+0000] {dag.py:3954} INFO - Setting next_dagrun for example_branch_datetime_operator to 2024-05-13 00:00:00+00:00, run_after=2024-05-14 00:00:00+00:00
[2024-05-14T02:10:16.042+0000] {logging_mixin.py:188} INFO - [2024-05-14T02:10:16.042+0000] {dag.py:3954} INFO - Setting next_dagrun for example_branch_datetime_operator_2 to 2024-05-13 00:00:00+00:00, run_after=2024-05-14 00:00:00+00:00
[2024-05-14T02:10:16.044+0000] {logging_mixin.py:188} INFO - [2024-05-14T02:10:16.044+0000] {dag.py:3954} INFO - Setting next_dagrun for example_branch_datetime_operator_3 to 2024-05-13 00:00:00+00:00, run_after=2024-05-14 00:00:00+00:00
[2024-05-14T02:10:16.056+0000] {processor.py:183} INFO - Processing /home/airflow/.local/lib/python3.12/site-packages/airflow/example_dags/example_branch_datetime_operator.py took 0.063 seconds
[2024-05-14T02:10:46.989+0000] {processor.py:161} INFO - Started process (PID=1986) to work on /home/airflow/.local/lib/python3.12/site-packages/airflow/example_dags/example_branch_datetime_operator.py
[2024-05-14T02:10:46.989+0000] {processor.py:830} INFO - Processing file /home/airflow/.local/lib/python3.12/site-packages/airflow/example_dags/example_branch_datetime_operator.py for tasks to queue
[2024-05-14T02:10:46.991+0000] {logging_mixin.py:188} INFO - [2024-05-14T02:10:46.991+0000] {dagbag.py:545} INFO - Filling up the DagBag from /home/airflow/.local/lib/python3.12/site-packages/airflow/example_dags/example_branch_datetime_operator.py
[2024-05-14T02:10:46.996+0000] {processor.py:840} INFO - DAG(s) 'example_branch_datetime_operator_2', 'example_branch_datetime_operator', 'example_branch_datetime_operator_3' retrieved from /home/airflow/.local/lib/python3.12/site-packages/airflow/example_dags/example_branch_datetime_operator.py
[2024-05-14T02:10:47.009+0000] {logging_mixin.py:188} INFO - [2024-05-14T02:10:47.009+0000] {dag.py:3096} INFO - Sync 3 DAGs
[2024-05-14T02:10:47.019+0000] {logging_mixin.py:188} INFO - [2024-05-14T02:10:47.019+0000] {dag.py:3954} INFO - Setting next_dagrun for example_branch_datetime_operator to 2024-05-13 00:00:00+00:00, run_after=2024-05-14 00:00:00+00:00
[2024-05-14T02:10:47.021+0000] {logging_mixin.py:188} INFO - [2024-05-14T02:10:47.021+0000] {dag.py:3954} INFO - Setting next_dagrun for example_branch_datetime_operator_2 to 2024-05-13 00:00:00+00:00, run_after=2024-05-14 00:00:00+00:00
[2024-05-14T02:10:47.022+0000] {logging_mixin.py:188} INFO - [2024-05-14T02:10:47.022+0000] {dag.py:3954} INFO - Setting next_dagrun for example_branch_datetime_operator_3 to 2024-05-13 00:00:00+00:00, run_after=2024-05-14 00:00:00+00:00
[2024-05-14T02:10:47.029+0000] {processor.py:183} INFO - Processing /home/airflow/.local/lib/python3.12/site-packages/airflow/example_dags/example_branch_datetime_operator.py took 0.043 seconds
[2024-05-14T02:11:17.796+0000] {processor.py:161} INFO - Started process (PID=2044) to work on /home/airflow/.local/lib/python3.12/site-packages/airflow/example_dags/example_branch_datetime_operator.py
[2024-05-14T02:11:17.797+0000] {processor.py:830} INFO - Processing file /home/airflow/.local/lib/python3.12/site-packages/airflow/example_dags/example_branch_datetime_operator.py for tasks to queue
[2024-05-14T02:11:17.798+0000] {logging_mixin.py:188} INFO - [2024-05-14T02:11:17.798+0000] {dagbag.py:545} INFO - Filling up the DagBag from /home/airflow/.local/lib/python3.12/site-packages/airflow/example_dags/example_branch_datetime_operator.py
[2024-05-14T02:11:17.803+0000] {processor.py:840} INFO - DAG(s) 'example_branch_datetime_operator', 'example_branch_datetime_operator_2', 'example_branch_datetime_operator_3' retrieved from /home/airflow/.local/lib/python3.12/site-packages/airflow/example_dags/example_branch_datetime_operator.py
[2024-05-14T02:11:17.816+0000] {logging_mixin.py:188} INFO - [2024-05-14T02:11:17.816+0000] {dag.py:3096} INFO - Sync 3 DAGs
[2024-05-14T02:11:17.827+0000] {logging_mixin.py:188} INFO - [2024-05-14T02:11:17.827+0000] {dag.py:3954} INFO - Setting next_dagrun for example_branch_datetime_operator to 2024-05-13 00:00:00+00:00, run_after=2024-05-14 00:00:00+00:00
[2024-05-14T02:11:17.829+0000] {logging_mixin.py:188} INFO - [2024-05-14T02:11:17.829+0000] {dag.py:3954} INFO - Setting next_dagrun for example_branch_datetime_operator_2 to 2024-05-13 00:00:00+00:00, run_after=2024-05-14 00:00:00+00:00
[2024-05-14T02:11:17.830+0000] {logging_mixin.py:188} INFO - [2024-05-14T02:11:17.830+0000] {dag.py:3954} INFO - Setting next_dagrun for example_branch_datetime_operator_3 to 2024-05-13 00:00:00+00:00, run_after=2024-05-14 00:00:00+00:00
[2024-05-14T02:11:17.837+0000] {processor.py:183} INFO - Processing /home/airflow/.local/lib/python3.12/site-packages/airflow/example_dags/example_branch_datetime_operator.py took 0.044 seconds
[2024-05-14T02:11:48.148+0000] {processor.py:161} INFO - Started process (PID=2103) to work on /home/airflow/.local/lib/python3.12/site-packages/airflow/example_dags/example_branch_datetime_operator.py
[2024-05-14T02:11:48.149+0000] {processor.py:830} INFO - Processing file /home/airflow/.local/lib/python3.12/site-packages/airflow/example_dags/example_branch_datetime_operator.py for tasks to queue
[2024-05-14T02:11:48.151+0000] {logging_mixin.py:188} INFO - [2024-05-14T02:11:48.151+0000] {dagbag.py:545} INFO - Filling up the DagBag from /home/airflow/.local/lib/python3.12/site-packages/airflow/example_dags/example_branch_datetime_operator.py
[2024-05-14T02:11:48.158+0000] {processor.py:840} INFO - DAG(s) 'example_branch_datetime_operator_2', 'example_branch_datetime_operator', 'example_branch_datetime_operator_3' retrieved from /home/airflow/.local/lib/python3.12/site-packages/airflow/example_dags/example_branch_datetime_operator.py
[2024-05-14T02:11:48.173+0000] {logging_mixin.py:188} INFO - [2024-05-14T02:11:48.173+0000] {dag.py:3096} INFO - Sync 3 DAGs
[2024-05-14T02:11:48.185+0000] {logging_mixin.py:188} INFO - [2024-05-14T02:11:48.185+0000] {dag.py:3954} INFO - Setting next_dagrun for example_branch_datetime_operator to 2024-05-13 00:00:00+00:00, run_after=2024-05-14 00:00:00+00:00
[2024-05-14T02:11:48.188+0000] {logging_mixin.py:188} INFO - [2024-05-14T02:11:48.188+0000] {dag.py:3954} INFO - Setting next_dagrun for example_branch_datetime_operator_2 to 2024-05-13 00:00:00+00:00, run_after=2024-05-14 00:00:00+00:00
[2024-05-14T02:11:48.190+0000] {logging_mixin.py:188} INFO - [2024-05-14T02:11:48.190+0000] {dag.py:3954} INFO - Setting next_dagrun for example_branch_datetime_operator_3 to 2024-05-13 00:00:00+00:00, run_after=2024-05-14 00:00:00+00:00
[2024-05-14T02:11:48.198+0000] {processor.py:183} INFO - Processing /home/airflow/.local/lib/python3.12/site-packages/airflow/example_dags/example_branch_datetime_operator.py took 0.053 seconds
[2024-05-14T02:12:18.247+0000] {processor.py:161} INFO - Started process (PID=2161) to work on /home/airflow/.local/lib/python3.12/site-packages/airflow/example_dags/example_branch_datetime_operator.py
[2024-05-14T02:12:18.248+0000] {processor.py:830} INFO - Processing file /home/airflow/.local/lib/python3.12/site-packages/airflow/example_dags/example_branch_datetime_operator.py for tasks to queue
[2024-05-14T02:12:18.249+0000] {logging_mixin.py:188} INFO - [2024-05-14T02:12:18.249+0000] {dagbag.py:545} INFO - Filling up the DagBag from /home/airflow/.local/lib/python3.12/site-packages/airflow/example_dags/example_branch_datetime_operator.py
[2024-05-14T02:12:18.254+0000] {processor.py:840} INFO - DAG(s) 'example_branch_datetime_operator', 'example_branch_datetime_operator_3', 'example_branch_datetime_operator_2' retrieved from /home/airflow/.local/lib/python3.12/site-packages/airflow/example_dags/example_branch_datetime_operator.py
[2024-05-14T02:12:18.266+0000] {logging_mixin.py:188} INFO - [2024-05-14T02:12:18.266+0000] {dag.py:3096} INFO - Sync 3 DAGs
[2024-05-14T02:12:18.276+0000] {logging_mixin.py:188} INFO - [2024-05-14T02:12:18.276+0000] {dag.py:3954} INFO - Setting next_dagrun for example_branch_datetime_operator to 2024-05-13 00:00:00+00:00, run_after=2024-05-14 00:00:00+00:00
[2024-05-14T02:12:18.278+0000] {logging_mixin.py:188} INFO - [2024-05-14T02:12:18.278+0000] {dag.py:3954} INFO - Setting next_dagrun for example_branch_datetime_operator_2 to 2024-05-13 00:00:00+00:00, run_after=2024-05-14 00:00:00+00:00
[2024-05-14T02:12:18.279+0000] {logging_mixin.py:188} INFO - [2024-05-14T02:12:18.279+0000] {dag.py:3954} INFO - Setting next_dagrun for example_branch_datetime_operator_3 to 2024-05-13 00:00:00+00:00, run_after=2024-05-14 00:00:00+00:00
[2024-05-14T02:12:18.286+0000] {processor.py:183} INFO - Processing /home/airflow/.local/lib/python3.12/site-packages/airflow/example_dags/example_branch_datetime_operator.py took 0.041 seconds
[2024-05-14T02:12:48.354+0000] {processor.py:161} INFO - Started process (PID=2219) to work on /home/airflow/.local/lib/python3.12/site-packages/airflow/example_dags/example_branch_datetime_operator.py
[2024-05-14T02:12:48.355+0000] {processor.py:830} INFO - Processing file /home/airflow/.local/lib/python3.12/site-packages/airflow/example_dags/example_branch_datetime_operator.py for tasks to queue
[2024-05-14T02:12:48.356+0000] {logging_mixin.py:188} INFO - [2024-05-14T02:12:48.356+0000] {dagbag.py:545} INFO - Filling up the DagBag from /home/airflow/.local/lib/python3.12/site-packages/airflow/example_dags/example_branch_datetime_operator.py
[2024-05-14T02:12:48.362+0000] {processor.py:840} INFO - DAG(s) 'example_branch_datetime_operator_2', 'example_branch_datetime_operator', 'example_branch_datetime_operator_3' retrieved from /home/airflow/.local/lib/python3.12/site-packages/airflow/example_dags/example_branch_datetime_operator.py
[2024-05-14T02:12:48.377+0000] {logging_mixin.py:188} INFO - [2024-05-14T02:12:48.377+0000] {dag.py:3096} INFO - Sync 3 DAGs
[2024-05-14T02:12:48.390+0000] {logging_mixin.py:188} INFO - [2024-05-14T02:12:48.390+0000] {dag.py:3954} INFO - Setting next_dagrun for example_branch_datetime_operator to 2024-05-13 00:00:00+00:00, run_after=2024-05-14 00:00:00+00:00
[2024-05-14T02:12:48.392+0000] {logging_mixin.py:188} INFO - [2024-05-14T02:12:48.392+0000] {dag.py:3954} INFO - Setting next_dagrun for example_branch_datetime_operator_2 to 2024-05-13 00:00:00+00:00, run_after=2024-05-14 00:00:00+00:00
[2024-05-14T02:12:48.393+0000] {logging_mixin.py:188} INFO - [2024-05-14T02:12:48.393+0000] {dag.py:3954} INFO - Setting next_dagrun for example_branch_datetime_operator_3 to 2024-05-13 00:00:00+00:00, run_after=2024-05-14 00:00:00+00:00
[2024-05-14T02:12:48.400+0000] {processor.py:183} INFO - Processing /home/airflow/.local/lib/python3.12/site-packages/airflow/example_dags/example_branch_datetime_operator.py took 0.050 seconds
