[2024-05-14T01:54:05.218+0000] {processor.py:161} INFO - Started process (PID=51) to work on /home/airflow/.local/lib/python3.12/site-packages/airflow/example_dags/example_complex.py
[2024-05-14T01:54:05.222+0000] {processor.py:830} INFO - Processing file /home/airflow/.local/lib/python3.12/site-packages/airflow/example_dags/example_complex.py for tasks to queue
[2024-05-14T01:54:05.229+0000] {logging_mixin.py:188} INFO - [2024-05-14T01:54:05.228+0000] {dagbag.py:545} INFO - Filling up the DagBag from /home/airflow/.local/lib/python3.12/site-packages/airflow/example_dags/example_complex.py
[2024-05-14T01:54:05.238+0000] {processor.py:840} INFO - DAG(s) 'example_complex' retrieved from /home/airflow/.local/lib/python3.12/site-packages/airflow/example_dags/example_complex.py
[2024-05-14T01:54:05.262+0000] {logging_mixin.py:188} INFO - [2024-05-14T01:54:05.262+0000] {dag.py:3096} INFO - Sync 1 DAGs
[2024-05-14T01:54:05.307+0000] {logging_mixin.py:188} INFO - [2024-05-14T01:54:05.307+0000] {dag.py:3954} INFO - Setting next_dagrun for example_complex to None, run_after=None
[2024-05-14T01:54:05.332+0000] {processor.py:183} INFO - Processing /home/airflow/.local/lib/python3.12/site-packages/airflow/example_dags/example_complex.py took 0.144 seconds
[2024-05-14T01:54:35.918+0000] {processor.py:161} INFO - Started process (PID=110) to work on /home/airflow/.local/lib/python3.12/site-packages/airflow/example_dags/example_complex.py
[2024-05-14T01:54:35.919+0000] {processor.py:830} INFO - Processing file /home/airflow/.local/lib/python3.12/site-packages/airflow/example_dags/example_complex.py for tasks to queue
[2024-05-14T01:54:35.920+0000] {logging_mixin.py:188} INFO - [2024-05-14T01:54:35.920+0000] {dagbag.py:545} INFO - Filling up the DagBag from /home/airflow/.local/lib/python3.12/site-packages/airflow/example_dags/example_complex.py
[2024-05-14T01:54:35.925+0000] {processor.py:840} INFO - DAG(s) 'example_complex' retrieved from /home/airflow/.local/lib/python3.12/site-packages/airflow/example_dags/example_complex.py
[2024-05-14T01:54:35.974+0000] {logging_mixin.py:188} INFO - [2024-05-14T01:54:35.974+0000] {dag.py:3096} INFO - Sync 1 DAGs
[2024-05-14T01:54:35.979+0000] {logging_mixin.py:188} INFO - [2024-05-14T01:54:35.979+0000] {dag.py:3954} INFO - Setting next_dagrun for example_complex to None, run_after=None
[2024-05-14T01:54:35.989+0000] {processor.py:183} INFO - Processing /home/airflow/.local/lib/python3.12/site-packages/airflow/example_dags/example_complex.py took 0.074 seconds
[2024-05-14T01:55:06.326+0000] {processor.py:161} INFO - Started process (PID=169) to work on /home/airflow/.local/lib/python3.12/site-packages/airflow/example_dags/example_complex.py
[2024-05-14T01:55:06.326+0000] {processor.py:830} INFO - Processing file /home/airflow/.local/lib/python3.12/site-packages/airflow/example_dags/example_complex.py for tasks to queue
[2024-05-14T01:55:06.327+0000] {logging_mixin.py:188} INFO - [2024-05-14T01:55:06.327+0000] {dagbag.py:545} INFO - Filling up the DagBag from /home/airflow/.local/lib/python3.12/site-packages/airflow/example_dags/example_complex.py
[2024-05-14T01:55:06.332+0000] {processor.py:840} INFO - DAG(s) 'example_complex' retrieved from /home/airflow/.local/lib/python3.12/site-packages/airflow/example_dags/example_complex.py
[2024-05-14T01:55:06.347+0000] {logging_mixin.py:188} INFO - [2024-05-14T01:55:06.347+0000] {dag.py:3096} INFO - Sync 1 DAGs
[2024-05-14T01:55:06.354+0000] {logging_mixin.py:188} INFO - [2024-05-14T01:55:06.353+0000] {dag.py:3954} INFO - Setting next_dagrun for example_complex to None, run_after=None
[2024-05-14T01:55:06.362+0000] {processor.py:183} INFO - Processing /home/airflow/.local/lib/python3.12/site-packages/airflow/example_dags/example_complex.py took 0.039 seconds
[2024-05-14T01:55:36.396+0000] {processor.py:161} INFO - Started process (PID=228) to work on /home/airflow/.local/lib/python3.12/site-packages/airflow/example_dags/example_complex.py
[2024-05-14T01:55:36.396+0000] {processor.py:830} INFO - Processing file /home/airflow/.local/lib/python3.12/site-packages/airflow/example_dags/example_complex.py for tasks to queue
[2024-05-14T01:55:36.397+0000] {logging_mixin.py:188} INFO - [2024-05-14T01:55:36.397+0000] {dagbag.py:545} INFO - Filling up the DagBag from /home/airflow/.local/lib/python3.12/site-packages/airflow/example_dags/example_complex.py
[2024-05-14T01:55:36.402+0000] {processor.py:840} INFO - DAG(s) 'example_complex' retrieved from /home/airflow/.local/lib/python3.12/site-packages/airflow/example_dags/example_complex.py
[2024-05-14T01:55:36.415+0000] {logging_mixin.py:188} INFO - [2024-05-14T01:55:36.415+0000] {dag.py:3096} INFO - Sync 1 DAGs
[2024-05-14T01:55:36.420+0000] {logging_mixin.py:188} INFO - [2024-05-14T01:55:36.420+0000] {dag.py:3954} INFO - Setting next_dagrun for example_complex to None, run_after=None
[2024-05-14T01:55:36.428+0000] {processor.py:183} INFO - Processing /home/airflow/.local/lib/python3.12/site-packages/airflow/example_dags/example_complex.py took 0.035 seconds
[2024-05-14T01:56:06.703+0000] {processor.py:161} INFO - Started process (PID=287) to work on /home/airflow/.local/lib/python3.12/site-packages/airflow/example_dags/example_complex.py
[2024-05-14T01:56:06.704+0000] {processor.py:830} INFO - Processing file /home/airflow/.local/lib/python3.12/site-packages/airflow/example_dags/example_complex.py for tasks to queue
[2024-05-14T01:56:06.704+0000] {logging_mixin.py:188} INFO - [2024-05-14T01:56:06.704+0000] {dagbag.py:545} INFO - Filling up the DagBag from /home/airflow/.local/lib/python3.12/site-packages/airflow/example_dags/example_complex.py
[2024-05-14T01:56:06.709+0000] {processor.py:840} INFO - DAG(s) 'example_complex' retrieved from /home/airflow/.local/lib/python3.12/site-packages/airflow/example_dags/example_complex.py
[2024-05-14T01:56:06.735+0000] {logging_mixin.py:188} INFO - [2024-05-14T01:56:06.734+0000] {dag.py:3096} INFO - Sync 1 DAGs
[2024-05-14T01:56:06.744+0000] {logging_mixin.py:188} INFO - [2024-05-14T01:56:06.743+0000] {dag.py:3954} INFO - Setting next_dagrun for example_complex to None, run_after=None
[2024-05-14T01:56:06.754+0000] {processor.py:183} INFO - Processing /home/airflow/.local/lib/python3.12/site-packages/airflow/example_dags/example_complex.py took 0.055 seconds
[2024-05-14T01:56:36.858+0000] {processor.py:161} INFO - Started process (PID=345) to work on /home/airflow/.local/lib/python3.12/site-packages/airflow/example_dags/example_complex.py
[2024-05-14T01:56:36.859+0000] {processor.py:830} INFO - Processing file /home/airflow/.local/lib/python3.12/site-packages/airflow/example_dags/example_complex.py for tasks to queue
[2024-05-14T01:56:36.860+0000] {logging_mixin.py:188} INFO - [2024-05-14T01:56:36.859+0000] {dagbag.py:545} INFO - Filling up the DagBag from /home/airflow/.local/lib/python3.12/site-packages/airflow/example_dags/example_complex.py
[2024-05-14T01:56:36.865+0000] {processor.py:840} INFO - DAG(s) 'example_complex' retrieved from /home/airflow/.local/lib/python3.12/site-packages/airflow/example_dags/example_complex.py
[2024-05-14T01:56:36.881+0000] {logging_mixin.py:188} INFO - [2024-05-14T01:56:36.881+0000] {dag.py:3096} INFO - Sync 1 DAGs
[2024-05-14T01:56:36.887+0000] {logging_mixin.py:188} INFO - [2024-05-14T01:56:36.887+0000] {dag.py:3954} INFO - Setting next_dagrun for example_complex to None, run_after=None
[2024-05-14T01:56:36.896+0000] {processor.py:183} INFO - Processing /home/airflow/.local/lib/python3.12/site-packages/airflow/example_dags/example_complex.py took 0.041 seconds
[2024-05-14T01:57:07.902+0000] {processor.py:161} INFO - Started process (PID=404) to work on /home/airflow/.local/lib/python3.12/site-packages/airflow/example_dags/example_complex.py
[2024-05-14T01:57:07.902+0000] {processor.py:830} INFO - Processing file /home/airflow/.local/lib/python3.12/site-packages/airflow/example_dags/example_complex.py for tasks to queue
[2024-05-14T01:57:07.903+0000] {logging_mixin.py:188} INFO - [2024-05-14T01:57:07.903+0000] {dagbag.py:545} INFO - Filling up the DagBag from /home/airflow/.local/lib/python3.12/site-packages/airflow/example_dags/example_complex.py
[2024-05-14T01:57:07.908+0000] {processor.py:840} INFO - DAG(s) 'example_complex' retrieved from /home/airflow/.local/lib/python3.12/site-packages/airflow/example_dags/example_complex.py
[2024-05-14T01:57:07.922+0000] {logging_mixin.py:188} INFO - [2024-05-14T01:57:07.922+0000] {dag.py:3096} INFO - Sync 1 DAGs
[2024-05-14T01:57:07.928+0000] {logging_mixin.py:188} INFO - [2024-05-14T01:57:07.927+0000] {dag.py:3954} INFO - Setting next_dagrun for example_complex to None, run_after=None
[2024-05-14T01:57:07.936+0000] {processor.py:183} INFO - Processing /home/airflow/.local/lib/python3.12/site-packages/airflow/example_dags/example_complex.py took 0.037 seconds
[2024-05-14T01:57:38.712+0000] {processor.py:161} INFO - Started process (PID=463) to work on /home/airflow/.local/lib/python3.12/site-packages/airflow/example_dags/example_complex.py
[2024-05-14T01:57:38.712+0000] {processor.py:830} INFO - Processing file /home/airflow/.local/lib/python3.12/site-packages/airflow/example_dags/example_complex.py for tasks to queue
[2024-05-14T01:57:38.714+0000] {logging_mixin.py:188} INFO - [2024-05-14T01:57:38.714+0000] {dagbag.py:545} INFO - Filling up the DagBag from /home/airflow/.local/lib/python3.12/site-packages/airflow/example_dags/example_complex.py
[2024-05-14T01:57:38.720+0000] {processor.py:840} INFO - DAG(s) 'example_complex' retrieved from /home/airflow/.local/lib/python3.12/site-packages/airflow/example_dags/example_complex.py
[2024-05-14T01:57:38.737+0000] {logging_mixin.py:188} INFO - [2024-05-14T01:57:38.736+0000] {dag.py:3096} INFO - Sync 1 DAGs
[2024-05-14T01:57:38.744+0000] {logging_mixin.py:188} INFO - [2024-05-14T01:57:38.743+0000] {dag.py:3954} INFO - Setting next_dagrun for example_complex to None, run_after=None
[2024-05-14T01:57:38.754+0000] {processor.py:183} INFO - Processing /home/airflow/.local/lib/python3.12/site-packages/airflow/example_dags/example_complex.py took 0.047 seconds
[2024-05-14T01:58:09.339+0000] {processor.py:161} INFO - Started process (PID=522) to work on /home/airflow/.local/lib/python3.12/site-packages/airflow/example_dags/example_complex.py
[2024-05-14T01:58:09.340+0000] {processor.py:830} INFO - Processing file /home/airflow/.local/lib/python3.12/site-packages/airflow/example_dags/example_complex.py for tasks to queue
[2024-05-14T01:58:09.341+0000] {logging_mixin.py:188} INFO - [2024-05-14T01:58:09.341+0000] {dagbag.py:545} INFO - Filling up the DagBag from /home/airflow/.local/lib/python3.12/site-packages/airflow/example_dags/example_complex.py
[2024-05-14T01:58:09.345+0000] {processor.py:840} INFO - DAG(s) 'example_complex' retrieved from /home/airflow/.local/lib/python3.12/site-packages/airflow/example_dags/example_complex.py
[2024-05-14T01:58:09.359+0000] {logging_mixin.py:188} INFO - [2024-05-14T01:58:09.359+0000] {dag.py:3096} INFO - Sync 1 DAGs
[2024-05-14T01:58:09.365+0000] {logging_mixin.py:188} INFO - [2024-05-14T01:58:09.365+0000] {dag.py:3954} INFO - Setting next_dagrun for example_complex to None, run_after=None
[2024-05-14T01:58:09.374+0000] {processor.py:183} INFO - Processing /home/airflow/.local/lib/python3.12/site-packages/airflow/example_dags/example_complex.py took 0.038 seconds
[2024-05-14T01:58:40.124+0000] {processor.py:161} INFO - Started process (PID=580) to work on /home/airflow/.local/lib/python3.12/site-packages/airflow/example_dags/example_complex.py
[2024-05-14T01:58:40.124+0000] {processor.py:830} INFO - Processing file /home/airflow/.local/lib/python3.12/site-packages/airflow/example_dags/example_complex.py for tasks to queue
[2024-05-14T01:58:40.125+0000] {logging_mixin.py:188} INFO - [2024-05-14T01:58:40.125+0000] {dagbag.py:545} INFO - Filling up the DagBag from /home/airflow/.local/lib/python3.12/site-packages/airflow/example_dags/example_complex.py
[2024-05-14T01:58:40.130+0000] {processor.py:840} INFO - DAG(s) 'example_complex' retrieved from /home/airflow/.local/lib/python3.12/site-packages/airflow/example_dags/example_complex.py
[2024-05-14T01:58:40.145+0000] {logging_mixin.py:188} INFO - [2024-05-14T01:58:40.145+0000] {dag.py:3096} INFO - Sync 1 DAGs
[2024-05-14T01:58:40.153+0000] {logging_mixin.py:188} INFO - [2024-05-14T01:58:40.153+0000] {dag.py:3954} INFO - Setting next_dagrun for example_complex to None, run_after=None
[2024-05-14T01:58:40.164+0000] {processor.py:183} INFO - Processing /home/airflow/.local/lib/python3.12/site-packages/airflow/example_dags/example_complex.py took 0.043 seconds
[2024-05-14T01:59:11.017+0000] {processor.py:161} INFO - Started process (PID=639) to work on /home/airflow/.local/lib/python3.12/site-packages/airflow/example_dags/example_complex.py
[2024-05-14T01:59:11.017+0000] {processor.py:830} INFO - Processing file /home/airflow/.local/lib/python3.12/site-packages/airflow/example_dags/example_complex.py for tasks to queue
[2024-05-14T01:59:11.018+0000] {logging_mixin.py:188} INFO - [2024-05-14T01:59:11.018+0000] {dagbag.py:545} INFO - Filling up the DagBag from /home/airflow/.local/lib/python3.12/site-packages/airflow/example_dags/example_complex.py
[2024-05-14T01:59:11.024+0000] {processor.py:840} INFO - DAG(s) 'example_complex' retrieved from /home/airflow/.local/lib/python3.12/site-packages/airflow/example_dags/example_complex.py
[2024-05-14T01:59:11.038+0000] {logging_mixin.py:188} INFO - [2024-05-14T01:59:11.038+0000] {dag.py:3096} INFO - Sync 1 DAGs
[2024-05-14T01:59:11.044+0000] {logging_mixin.py:188} INFO - [2024-05-14T01:59:11.043+0000] {dag.py:3954} INFO - Setting next_dagrun for example_complex to None, run_after=None
[2024-05-14T01:59:11.052+0000] {processor.py:183} INFO - Processing /home/airflow/.local/lib/python3.12/site-packages/airflow/example_dags/example_complex.py took 0.039 seconds
[2024-05-14T01:59:41.709+0000] {processor.py:161} INFO - Started process (PID=698) to work on /home/airflow/.local/lib/python3.12/site-packages/airflow/example_dags/example_complex.py
[2024-05-14T01:59:41.709+0000] {processor.py:830} INFO - Processing file /home/airflow/.local/lib/python3.12/site-packages/airflow/example_dags/example_complex.py for tasks to queue
[2024-05-14T01:59:41.710+0000] {logging_mixin.py:188} INFO - [2024-05-14T01:59:41.710+0000] {dagbag.py:545} INFO - Filling up the DagBag from /home/airflow/.local/lib/python3.12/site-packages/airflow/example_dags/example_complex.py
[2024-05-14T01:59:41.716+0000] {processor.py:840} INFO - DAG(s) 'example_complex' retrieved from /home/airflow/.local/lib/python3.12/site-packages/airflow/example_dags/example_complex.py
[2024-05-14T01:59:41.732+0000] {logging_mixin.py:188} INFO - [2024-05-14T01:59:41.732+0000] {dag.py:3096} INFO - Sync 1 DAGs
[2024-05-14T01:59:41.741+0000] {logging_mixin.py:188} INFO - [2024-05-14T01:59:41.741+0000] {dag.py:3954} INFO - Setting next_dagrun for example_complex to None, run_after=None
[2024-05-14T01:59:41.756+0000] {processor.py:183} INFO - Processing /home/airflow/.local/lib/python3.12/site-packages/airflow/example_dags/example_complex.py took 0.051 seconds
[2024-05-14T02:00:12.534+0000] {processor.py:161} INFO - Started process (PID=757) to work on /home/airflow/.local/lib/python3.12/site-packages/airflow/example_dags/example_complex.py
[2024-05-14T02:00:12.536+0000] {processor.py:830} INFO - Processing file /home/airflow/.local/lib/python3.12/site-packages/airflow/example_dags/example_complex.py for tasks to queue
[2024-05-14T02:00:12.538+0000] {logging_mixin.py:188} INFO - [2024-05-14T02:00:12.537+0000] {dagbag.py:545} INFO - Filling up the DagBag from /home/airflow/.local/lib/python3.12/site-packages/airflow/example_dags/example_complex.py
[2024-05-14T02:00:12.543+0000] {processor.py:840} INFO - DAG(s) 'example_complex' retrieved from /home/airflow/.local/lib/python3.12/site-packages/airflow/example_dags/example_complex.py
[2024-05-14T02:00:12.558+0000] {logging_mixin.py:188} INFO - [2024-05-14T02:00:12.558+0000] {dag.py:3096} INFO - Sync 1 DAGs
[2024-05-14T02:00:12.564+0000] {logging_mixin.py:188} INFO - [2024-05-14T02:00:12.564+0000] {dag.py:3954} INFO - Setting next_dagrun for example_complex to None, run_after=None
[2024-05-14T02:00:12.573+0000] {processor.py:183} INFO - Processing /home/airflow/.local/lib/python3.12/site-packages/airflow/example_dags/example_complex.py took 0.042 seconds
[2024-05-14T02:00:43.355+0000] {processor.py:161} INFO - Started process (PID=816) to work on /home/airflow/.local/lib/python3.12/site-packages/airflow/example_dags/example_complex.py
[2024-05-14T02:00:43.355+0000] {processor.py:830} INFO - Processing file /home/airflow/.local/lib/python3.12/site-packages/airflow/example_dags/example_complex.py for tasks to queue
[2024-05-14T02:00:43.356+0000] {logging_mixin.py:188} INFO - [2024-05-14T02:00:43.356+0000] {dagbag.py:545} INFO - Filling up the DagBag from /home/airflow/.local/lib/python3.12/site-packages/airflow/example_dags/example_complex.py
[2024-05-14T02:00:43.363+0000] {processor.py:840} INFO - DAG(s) 'example_complex' retrieved from /home/airflow/.local/lib/python3.12/site-packages/airflow/example_dags/example_complex.py
[2024-05-14T02:00:43.381+0000] {logging_mixin.py:188} INFO - [2024-05-14T02:00:43.381+0000] {dag.py:3096} INFO - Sync 1 DAGs
[2024-05-14T02:00:43.387+0000] {logging_mixin.py:188} INFO - [2024-05-14T02:00:43.387+0000] {dag.py:3954} INFO - Setting next_dagrun for example_complex to None, run_after=None
[2024-05-14T02:00:43.396+0000] {processor.py:183} INFO - Processing /home/airflow/.local/lib/python3.12/site-packages/airflow/example_dags/example_complex.py took 0.044 seconds
[2024-05-14T02:01:13.575+0000] {processor.py:161} INFO - Started process (PID=875) to work on /home/airflow/.local/lib/python3.12/site-packages/airflow/example_dags/example_complex.py
[2024-05-14T02:01:13.575+0000] {processor.py:830} INFO - Processing file /home/airflow/.local/lib/python3.12/site-packages/airflow/example_dags/example_complex.py for tasks to queue
[2024-05-14T02:01:13.576+0000] {logging_mixin.py:188} INFO - [2024-05-14T02:01:13.576+0000] {dagbag.py:545} INFO - Filling up the DagBag from /home/airflow/.local/lib/python3.12/site-packages/airflow/example_dags/example_complex.py
[2024-05-14T02:01:13.582+0000] {processor.py:840} INFO - DAG(s) 'example_complex' retrieved from /home/airflow/.local/lib/python3.12/site-packages/airflow/example_dags/example_complex.py
[2024-05-14T02:01:13.600+0000] {logging_mixin.py:188} INFO - [2024-05-14T02:01:13.600+0000] {dag.py:3096} INFO - Sync 1 DAGs
[2024-05-14T02:01:13.606+0000] {logging_mixin.py:188} INFO - [2024-05-14T02:01:13.606+0000] {dag.py:3954} INFO - Setting next_dagrun for example_complex to None, run_after=None
[2024-05-14T02:01:13.617+0000] {processor.py:183} INFO - Processing /home/airflow/.local/lib/python3.12/site-packages/airflow/example_dags/example_complex.py took 0.046 seconds
[2024-05-14T02:01:44.700+0000] {processor.py:161} INFO - Started process (PID=934) to work on /home/airflow/.local/lib/python3.12/site-packages/airflow/example_dags/example_complex.py
[2024-05-14T02:01:44.701+0000] {processor.py:830} INFO - Processing file /home/airflow/.local/lib/python3.12/site-packages/airflow/example_dags/example_complex.py for tasks to queue
[2024-05-14T02:01:44.702+0000] {logging_mixin.py:188} INFO - [2024-05-14T02:01:44.702+0000] {dagbag.py:545} INFO - Filling up the DagBag from /home/airflow/.local/lib/python3.12/site-packages/airflow/example_dags/example_complex.py
[2024-05-14T02:01:44.706+0000] {processor.py:840} INFO - DAG(s) 'example_complex' retrieved from /home/airflow/.local/lib/python3.12/site-packages/airflow/example_dags/example_complex.py
[2024-05-14T02:01:44.720+0000] {logging_mixin.py:188} INFO - [2024-05-14T02:01:44.720+0000] {dag.py:3096} INFO - Sync 1 DAGs
[2024-05-14T02:01:44.726+0000] {logging_mixin.py:188} INFO - [2024-05-14T02:01:44.726+0000] {dag.py:3954} INFO - Setting next_dagrun for example_complex to None, run_after=None
[2024-05-14T02:01:44.735+0000] {processor.py:183} INFO - Processing /home/airflow/.local/lib/python3.12/site-packages/airflow/example_dags/example_complex.py took 0.038 seconds
[2024-05-14T02:02:14.857+0000] {processor.py:161} INFO - Started process (PID=993) to work on /home/airflow/.local/lib/python3.12/site-packages/airflow/example_dags/example_complex.py
[2024-05-14T02:02:14.861+0000] {processor.py:830} INFO - Processing file /home/airflow/.local/lib/python3.12/site-packages/airflow/example_dags/example_complex.py for tasks to queue
[2024-05-14T02:02:14.863+0000] {logging_mixin.py:188} INFO - [2024-05-14T02:02:14.862+0000] {dagbag.py:545} INFO - Filling up the DagBag from /home/airflow/.local/lib/python3.12/site-packages/airflow/example_dags/example_complex.py
[2024-05-14T02:02:14.868+0000] {processor.py:840} INFO - DAG(s) 'example_complex' retrieved from /home/airflow/.local/lib/python3.12/site-packages/airflow/example_dags/example_complex.py
[2024-05-14T02:02:14.886+0000] {logging_mixin.py:188} INFO - [2024-05-14T02:02:14.886+0000] {dag.py:3096} INFO - Sync 1 DAGs
[2024-05-14T02:02:14.894+0000] {logging_mixin.py:188} INFO - [2024-05-14T02:02:14.894+0000] {dag.py:3954} INFO - Setting next_dagrun for example_complex to None, run_after=None
[2024-05-14T02:02:14.904+0000] {processor.py:183} INFO - Processing /home/airflow/.local/lib/python3.12/site-packages/airflow/example_dags/example_complex.py took 0.050 seconds
[2024-05-14T02:02:45.069+0000] {processor.py:161} INFO - Started process (PID=1052) to work on /home/airflow/.local/lib/python3.12/site-packages/airflow/example_dags/example_complex.py
[2024-05-14T02:02:45.070+0000] {processor.py:830} INFO - Processing file /home/airflow/.local/lib/python3.12/site-packages/airflow/example_dags/example_complex.py for tasks to queue
[2024-05-14T02:02:45.071+0000] {logging_mixin.py:188} INFO - [2024-05-14T02:02:45.070+0000] {dagbag.py:545} INFO - Filling up the DagBag from /home/airflow/.local/lib/python3.12/site-packages/airflow/example_dags/example_complex.py
[2024-05-14T02:02:45.075+0000] {processor.py:840} INFO - DAG(s) 'example_complex' retrieved from /home/airflow/.local/lib/python3.12/site-packages/airflow/example_dags/example_complex.py
[2024-05-14T02:02:45.091+0000] {logging_mixin.py:188} INFO - [2024-05-14T02:02:45.091+0000] {dag.py:3096} INFO - Sync 1 DAGs
[2024-05-14T02:02:45.097+0000] {logging_mixin.py:188} INFO - [2024-05-14T02:02:45.097+0000] {dag.py:3954} INFO - Setting next_dagrun for example_complex to None, run_after=None
[2024-05-14T02:02:45.107+0000] {processor.py:183} INFO - Processing /home/airflow/.local/lib/python3.12/site-packages/airflow/example_dags/example_complex.py took 0.044 seconds
[2024-05-14T02:03:15.209+0000] {processor.py:161} INFO - Started process (PID=1111) to work on /home/airflow/.local/lib/python3.12/site-packages/airflow/example_dags/example_complex.py
[2024-05-14T02:03:15.209+0000] {processor.py:830} INFO - Processing file /home/airflow/.local/lib/python3.12/site-packages/airflow/example_dags/example_complex.py for tasks to queue
[2024-05-14T02:03:15.210+0000] {logging_mixin.py:188} INFO - [2024-05-14T02:03:15.210+0000] {dagbag.py:545} INFO - Filling up the DagBag from /home/airflow/.local/lib/python3.12/site-packages/airflow/example_dags/example_complex.py
[2024-05-14T02:03:15.215+0000] {processor.py:840} INFO - DAG(s) 'example_complex' retrieved from /home/airflow/.local/lib/python3.12/site-packages/airflow/example_dags/example_complex.py
[2024-05-14T02:03:15.228+0000] {logging_mixin.py:188} INFO - [2024-05-14T02:03:15.228+0000] {dag.py:3096} INFO - Sync 1 DAGs
[2024-05-14T02:03:15.234+0000] {logging_mixin.py:188} INFO - [2024-05-14T02:03:15.234+0000] {dag.py:3954} INFO - Setting next_dagrun for example_complex to None, run_after=None
[2024-05-14T02:03:15.243+0000] {processor.py:183} INFO - Processing /home/airflow/.local/lib/python3.12/site-packages/airflow/example_dags/example_complex.py took 0.037 seconds
[2024-05-14T02:03:46.068+0000] {processor.py:161} INFO - Started process (PID=1170) to work on /home/airflow/.local/lib/python3.12/site-packages/airflow/example_dags/example_complex.py
[2024-05-14T02:03:46.068+0000] {processor.py:830} INFO - Processing file /home/airflow/.local/lib/python3.12/site-packages/airflow/example_dags/example_complex.py for tasks to queue
[2024-05-14T02:03:46.069+0000] {logging_mixin.py:188} INFO - [2024-05-14T02:03:46.069+0000] {dagbag.py:545} INFO - Filling up the DagBag from /home/airflow/.local/lib/python3.12/site-packages/airflow/example_dags/example_complex.py
[2024-05-14T02:03:46.074+0000] {processor.py:840} INFO - DAG(s) 'example_complex' retrieved from /home/airflow/.local/lib/python3.12/site-packages/airflow/example_dags/example_complex.py
[2024-05-14T02:03:46.088+0000] {logging_mixin.py:188} INFO - [2024-05-14T02:03:46.088+0000] {dag.py:3096} INFO - Sync 1 DAGs
[2024-05-14T02:03:46.093+0000] {logging_mixin.py:188} INFO - [2024-05-14T02:03:46.093+0000] {dag.py:3954} INFO - Setting next_dagrun for example_complex to None, run_after=None
[2024-05-14T02:03:46.101+0000] {processor.py:183} INFO - Processing /home/airflow/.local/lib/python3.12/site-packages/airflow/example_dags/example_complex.py took 0.036 seconds
[2024-05-14T02:04:16.125+0000] {processor.py:161} INFO - Started process (PID=1228) to work on /home/airflow/.local/lib/python3.12/site-packages/airflow/example_dags/example_complex.py
[2024-05-14T02:04:16.126+0000] {processor.py:830} INFO - Processing file /home/airflow/.local/lib/python3.12/site-packages/airflow/example_dags/example_complex.py for tasks to queue
[2024-05-14T02:04:16.127+0000] {logging_mixin.py:188} INFO - [2024-05-14T02:04:16.126+0000] {dagbag.py:545} INFO - Filling up the DagBag from /home/airflow/.local/lib/python3.12/site-packages/airflow/example_dags/example_complex.py
[2024-05-14T02:04:16.131+0000] {processor.py:840} INFO - DAG(s) 'example_complex' retrieved from /home/airflow/.local/lib/python3.12/site-packages/airflow/example_dags/example_complex.py
[2024-05-14T02:04:16.145+0000] {logging_mixin.py:188} INFO - [2024-05-14T02:04:16.145+0000] {dag.py:3096} INFO - Sync 1 DAGs
[2024-05-14T02:04:16.150+0000] {logging_mixin.py:188} INFO - [2024-05-14T02:04:16.150+0000] {dag.py:3954} INFO - Setting next_dagrun for example_complex to None, run_after=None
[2024-05-14T02:04:16.158+0000] {processor.py:183} INFO - Processing /home/airflow/.local/lib/python3.12/site-packages/airflow/example_dags/example_complex.py took 0.036 seconds
[2024-05-14T02:04:46.277+0000] {processor.py:161} INFO - Started process (PID=1287) to work on /home/airflow/.local/lib/python3.12/site-packages/airflow/example_dags/example_complex.py
[2024-05-14T02:04:46.278+0000] {processor.py:830} INFO - Processing file /home/airflow/.local/lib/python3.12/site-packages/airflow/example_dags/example_complex.py for tasks to queue
[2024-05-14T02:04:46.279+0000] {logging_mixin.py:188} INFO - [2024-05-14T02:04:46.279+0000] {dagbag.py:545} INFO - Filling up the DagBag from /home/airflow/.local/lib/python3.12/site-packages/airflow/example_dags/example_complex.py
[2024-05-14T02:04:46.284+0000] {processor.py:840} INFO - DAG(s) 'example_complex' retrieved from /home/airflow/.local/lib/python3.12/site-packages/airflow/example_dags/example_complex.py
[2024-05-14T02:04:46.301+0000] {logging_mixin.py:188} INFO - [2024-05-14T02:04:46.301+0000] {dag.py:3096} INFO - Sync 1 DAGs
[2024-05-14T02:04:46.309+0000] {logging_mixin.py:188} INFO - [2024-05-14T02:04:46.309+0000] {dag.py:3954} INFO - Setting next_dagrun for example_complex to None, run_after=None
[2024-05-14T02:04:46.319+0000] {processor.py:183} INFO - Processing /home/airflow/.local/lib/python3.12/site-packages/airflow/example_dags/example_complex.py took 0.045 seconds
[2024-05-14T02:05:16.428+0000] {processor.py:161} INFO - Started process (PID=1346) to work on /home/airflow/.local/lib/python3.12/site-packages/airflow/example_dags/example_complex.py
[2024-05-14T02:05:16.428+0000] {processor.py:830} INFO - Processing file /home/airflow/.local/lib/python3.12/site-packages/airflow/example_dags/example_complex.py for tasks to queue
[2024-05-14T02:05:16.430+0000] {logging_mixin.py:188} INFO - [2024-05-14T02:05:16.429+0000] {dagbag.py:545} INFO - Filling up the DagBag from /home/airflow/.local/lib/python3.12/site-packages/airflow/example_dags/example_complex.py
[2024-05-14T02:05:16.435+0000] {processor.py:840} INFO - DAG(s) 'example_complex' retrieved from /home/airflow/.local/lib/python3.12/site-packages/airflow/example_dags/example_complex.py
[2024-05-14T02:05:16.450+0000] {logging_mixin.py:188} INFO - [2024-05-14T02:05:16.450+0000] {dag.py:3096} INFO - Sync 1 DAGs
[2024-05-14T02:05:16.456+0000] {logging_mixin.py:188} INFO - [2024-05-14T02:05:16.456+0000] {dag.py:3954} INFO - Setting next_dagrun for example_complex to None, run_after=None
[2024-05-14T02:05:16.465+0000] {processor.py:183} INFO - Processing /home/airflow/.local/lib/python3.12/site-packages/airflow/example_dags/example_complex.py took 0.040 seconds
[2024-05-14T02:05:47.193+0000] {processor.py:161} INFO - Started process (PID=1405) to work on /home/airflow/.local/lib/python3.12/site-packages/airflow/example_dags/example_complex.py
[2024-05-14T02:05:47.194+0000] {processor.py:830} INFO - Processing file /home/airflow/.local/lib/python3.12/site-packages/airflow/example_dags/example_complex.py for tasks to queue
[2024-05-14T02:05:47.195+0000] {logging_mixin.py:188} INFO - [2024-05-14T02:05:47.195+0000] {dagbag.py:545} INFO - Filling up the DagBag from /home/airflow/.local/lib/python3.12/site-packages/airflow/example_dags/example_complex.py
[2024-05-14T02:05:47.200+0000] {processor.py:840} INFO - DAG(s) 'example_complex' retrieved from /home/airflow/.local/lib/python3.12/site-packages/airflow/example_dags/example_complex.py
[2024-05-14T02:05:47.214+0000] {logging_mixin.py:188} INFO - [2024-05-14T02:05:47.214+0000] {dag.py:3096} INFO - Sync 1 DAGs
[2024-05-14T02:05:47.220+0000] {logging_mixin.py:188} INFO - [2024-05-14T02:05:47.220+0000] {dag.py:3954} INFO - Setting next_dagrun for example_complex to None, run_after=None
[2024-05-14T02:05:47.228+0000] {processor.py:183} INFO - Processing /home/airflow/.local/lib/python3.12/site-packages/airflow/example_dags/example_complex.py took 0.038 seconds
[2024-05-14T02:06:17.304+0000] {processor.py:161} INFO - Started process (PID=1464) to work on /home/airflow/.local/lib/python3.12/site-packages/airflow/example_dags/example_complex.py
[2024-05-14T02:06:17.304+0000] {processor.py:830} INFO - Processing file /home/airflow/.local/lib/python3.12/site-packages/airflow/example_dags/example_complex.py for tasks to queue
[2024-05-14T02:06:17.305+0000] {logging_mixin.py:188} INFO - [2024-05-14T02:06:17.305+0000] {dagbag.py:545} INFO - Filling up the DagBag from /home/airflow/.local/lib/python3.12/site-packages/airflow/example_dags/example_complex.py
[2024-05-14T02:06:17.310+0000] {processor.py:840} INFO - DAG(s) 'example_complex' retrieved from /home/airflow/.local/lib/python3.12/site-packages/airflow/example_dags/example_complex.py
[2024-05-14T02:06:17.324+0000] {logging_mixin.py:188} INFO - [2024-05-14T02:06:17.324+0000] {dag.py:3096} INFO - Sync 1 DAGs
[2024-05-14T02:06:17.329+0000] {logging_mixin.py:188} INFO - [2024-05-14T02:06:17.329+0000] {dag.py:3954} INFO - Setting next_dagrun for example_complex to None, run_after=None
[2024-05-14T02:06:17.337+0000] {processor.py:183} INFO - Processing /home/airflow/.local/lib/python3.12/site-packages/airflow/example_dags/example_complex.py took 0.037 seconds
[2024-05-14T02:06:47.378+0000] {processor.py:161} INFO - Started process (PID=1523) to work on /home/airflow/.local/lib/python3.12/site-packages/airflow/example_dags/example_complex.py
[2024-05-14T02:06:47.379+0000] {processor.py:830} INFO - Processing file /home/airflow/.local/lib/python3.12/site-packages/airflow/example_dags/example_complex.py for tasks to queue
[2024-05-14T02:06:47.380+0000] {logging_mixin.py:188} INFO - [2024-05-14T02:06:47.380+0000] {dagbag.py:545} INFO - Filling up the DagBag from /home/airflow/.local/lib/python3.12/site-packages/airflow/example_dags/example_complex.py
[2024-05-14T02:06:47.385+0000] {processor.py:840} INFO - DAG(s) 'example_complex' retrieved from /home/airflow/.local/lib/python3.12/site-packages/airflow/example_dags/example_complex.py
[2024-05-14T02:06:47.399+0000] {logging_mixin.py:188} INFO - [2024-05-14T02:06:47.399+0000] {dag.py:3096} INFO - Sync 1 DAGs
[2024-05-14T02:06:47.405+0000] {logging_mixin.py:188} INFO - [2024-05-14T02:06:47.405+0000] {dag.py:3954} INFO - Setting next_dagrun for example_complex to None, run_after=None
[2024-05-14T02:06:47.414+0000] {processor.py:183} INFO - Processing /home/airflow/.local/lib/python3.12/site-packages/airflow/example_dags/example_complex.py took 0.039 seconds
[2024-05-14T02:07:17.464+0000] {processor.py:161} INFO - Started process (PID=1581) to work on /home/airflow/.local/lib/python3.12/site-packages/airflow/example_dags/example_complex.py
[2024-05-14T02:07:17.464+0000] {processor.py:830} INFO - Processing file /home/airflow/.local/lib/python3.12/site-packages/airflow/example_dags/example_complex.py for tasks to queue
[2024-05-14T02:07:17.466+0000] {logging_mixin.py:188} INFO - [2024-05-14T02:07:17.466+0000] {dagbag.py:545} INFO - Filling up the DagBag from /home/airflow/.local/lib/python3.12/site-packages/airflow/example_dags/example_complex.py
[2024-05-14T02:07:17.472+0000] {processor.py:840} INFO - DAG(s) 'example_complex' retrieved from /home/airflow/.local/lib/python3.12/site-packages/airflow/example_dags/example_complex.py
[2024-05-14T02:07:17.487+0000] {logging_mixin.py:188} INFO - [2024-05-14T02:07:17.487+0000] {dag.py:3096} INFO - Sync 1 DAGs
[2024-05-14T02:07:17.493+0000] {logging_mixin.py:188} INFO - [2024-05-14T02:07:17.493+0000] {dag.py:3954} INFO - Setting next_dagrun for example_complex to None, run_after=None
[2024-05-14T02:07:17.501+0000] {processor.py:183} INFO - Processing /home/airflow/.local/lib/python3.12/site-packages/airflow/example_dags/example_complex.py took 0.041 seconds
[2024-05-14T02:07:47.783+0000] {processor.py:161} INFO - Started process (PID=1640) to work on /home/airflow/.local/lib/python3.12/site-packages/airflow/example_dags/example_complex.py
[2024-05-14T02:07:47.784+0000] {processor.py:830} INFO - Processing file /home/airflow/.local/lib/python3.12/site-packages/airflow/example_dags/example_complex.py for tasks to queue
[2024-05-14T02:07:47.786+0000] {logging_mixin.py:188} INFO - [2024-05-14T02:07:47.785+0000] {dagbag.py:545} INFO - Filling up the DagBag from /home/airflow/.local/lib/python3.12/site-packages/airflow/example_dags/example_complex.py
[2024-05-14T02:07:47.792+0000] {processor.py:840} INFO - DAG(s) 'example_complex' retrieved from /home/airflow/.local/lib/python3.12/site-packages/airflow/example_dags/example_complex.py
[2024-05-14T02:07:47.810+0000] {logging_mixin.py:188} INFO - [2024-05-14T02:07:47.810+0000] {dag.py:3096} INFO - Sync 1 DAGs
[2024-05-14T02:07:47.816+0000] {logging_mixin.py:188} INFO - [2024-05-14T02:07:47.816+0000] {dag.py:3954} INFO - Setting next_dagrun for example_complex to None, run_after=None
[2024-05-14T02:07:47.826+0000] {processor.py:183} INFO - Processing /home/airflow/.local/lib/python3.12/site-packages/airflow/example_dags/example_complex.py took 0.047 seconds
[2024-05-14T02:08:18.017+0000] {processor.py:161} INFO - Started process (PID=1699) to work on /home/airflow/.local/lib/python3.12/site-packages/airflow/example_dags/example_complex.py
[2024-05-14T02:08:18.018+0000] {processor.py:830} INFO - Processing file /home/airflow/.local/lib/python3.12/site-packages/airflow/example_dags/example_complex.py for tasks to queue
[2024-05-14T02:08:18.019+0000] {logging_mixin.py:188} INFO - [2024-05-14T02:08:18.018+0000] {dagbag.py:545} INFO - Filling up the DagBag from /home/airflow/.local/lib/python3.12/site-packages/airflow/example_dags/example_complex.py
[2024-05-14T02:08:18.024+0000] {processor.py:840} INFO - DAG(s) 'example_complex' retrieved from /home/airflow/.local/lib/python3.12/site-packages/airflow/example_dags/example_complex.py
[2024-05-14T02:08:18.038+0000] {logging_mixin.py:188} INFO - [2024-05-14T02:08:18.038+0000] {dag.py:3096} INFO - Sync 1 DAGs
[2024-05-14T02:08:18.044+0000] {logging_mixin.py:188} INFO - [2024-05-14T02:08:18.044+0000] {dag.py:3954} INFO - Setting next_dagrun for example_complex to None, run_after=None
[2024-05-14T02:08:18.053+0000] {processor.py:183} INFO - Processing /home/airflow/.local/lib/python3.12/site-packages/airflow/example_dags/example_complex.py took 0.039 seconds
[2024-05-14T02:08:48.154+0000] {processor.py:161} INFO - Started process (PID=1758) to work on /home/airflow/.local/lib/python3.12/site-packages/airflow/example_dags/example_complex.py
[2024-05-14T02:08:48.155+0000] {processor.py:830} INFO - Processing file /home/airflow/.local/lib/python3.12/site-packages/airflow/example_dags/example_complex.py for tasks to queue
[2024-05-14T02:08:48.156+0000] {logging_mixin.py:188} INFO - [2024-05-14T02:08:48.156+0000] {dagbag.py:545} INFO - Filling up the DagBag from /home/airflow/.local/lib/python3.12/site-packages/airflow/example_dags/example_complex.py
[2024-05-14T02:08:48.161+0000] {processor.py:840} INFO - DAG(s) 'example_complex' retrieved from /home/airflow/.local/lib/python3.12/site-packages/airflow/example_dags/example_complex.py
[2024-05-14T02:08:48.175+0000] {logging_mixin.py:188} INFO - [2024-05-14T02:08:48.175+0000] {dag.py:3096} INFO - Sync 1 DAGs
[2024-05-14T02:08:48.181+0000] {logging_mixin.py:188} INFO - [2024-05-14T02:08:48.181+0000] {dag.py:3954} INFO - Setting next_dagrun for example_complex to None, run_after=None
[2024-05-14T02:08:48.191+0000] {processor.py:183} INFO - Processing /home/airflow/.local/lib/python3.12/site-packages/airflow/example_dags/example_complex.py took 0.040 seconds
[2024-05-14T02:09:18.920+0000] {processor.py:161} INFO - Started process (PID=1817) to work on /home/airflow/.local/lib/python3.12/site-packages/airflow/example_dags/example_complex.py
[2024-05-14T02:09:18.921+0000] {processor.py:830} INFO - Processing file /home/airflow/.local/lib/python3.12/site-packages/airflow/example_dags/example_complex.py for tasks to queue
[2024-05-14T02:09:18.923+0000] {logging_mixin.py:188} INFO - [2024-05-14T02:09:18.922+0000] {dagbag.py:545} INFO - Filling up the DagBag from /home/airflow/.local/lib/python3.12/site-packages/airflow/example_dags/example_complex.py
[2024-05-14T02:09:18.928+0000] {processor.py:840} INFO - DAG(s) 'example_complex' retrieved from /home/airflow/.local/lib/python3.12/site-packages/airflow/example_dags/example_complex.py
[2024-05-14T02:09:18.946+0000] {logging_mixin.py:188} INFO - [2024-05-14T02:09:18.945+0000] {dag.py:3096} INFO - Sync 1 DAGs
[2024-05-14T02:09:18.952+0000] {logging_mixin.py:188} INFO - [2024-05-14T02:09:18.952+0000] {dag.py:3954} INFO - Setting next_dagrun for example_complex to None, run_after=None
[2024-05-14T02:09:18.961+0000] {processor.py:183} INFO - Processing /home/airflow/.local/lib/python3.12/site-packages/airflow/example_dags/example_complex.py took 0.044 seconds
[2024-05-14T02:09:49.143+0000] {processor.py:161} INFO - Started process (PID=1876) to work on /home/airflow/.local/lib/python3.12/site-packages/airflow/example_dags/example_complex.py
[2024-05-14T02:09:49.144+0000] {processor.py:830} INFO - Processing file /home/airflow/.local/lib/python3.12/site-packages/airflow/example_dags/example_complex.py for tasks to queue
[2024-05-14T02:09:49.145+0000] {logging_mixin.py:188} INFO - [2024-05-14T02:09:49.145+0000] {dagbag.py:545} INFO - Filling up the DagBag from /home/airflow/.local/lib/python3.12/site-packages/airflow/example_dags/example_complex.py
[2024-05-14T02:09:49.150+0000] {processor.py:840} INFO - DAG(s) 'example_complex' retrieved from /home/airflow/.local/lib/python3.12/site-packages/airflow/example_dags/example_complex.py
[2024-05-14T02:09:49.165+0000] {logging_mixin.py:188} INFO - [2024-05-14T02:09:49.164+0000] {dag.py:3096} INFO - Sync 1 DAGs
[2024-05-14T02:09:49.258+0000] {logging_mixin.py:188} INFO - [2024-05-14T02:09:49.258+0000] {dag.py:3954} INFO - Setting next_dagrun for example_complex to None, run_after=None
[2024-05-14T02:09:49.268+0000] {processor.py:183} INFO - Processing /home/airflow/.local/lib/python3.12/site-packages/airflow/example_dags/example_complex.py took 0.128 seconds
[2024-05-14T02:10:19.415+0000] {processor.py:161} INFO - Started process (PID=1935) to work on /home/airflow/.local/lib/python3.12/site-packages/airflow/example_dags/example_complex.py
[2024-05-14T02:10:19.416+0000] {processor.py:830} INFO - Processing file /home/airflow/.local/lib/python3.12/site-packages/airflow/example_dags/example_complex.py for tasks to queue
[2024-05-14T02:10:19.417+0000] {logging_mixin.py:188} INFO - [2024-05-14T02:10:19.417+0000] {dagbag.py:545} INFO - Filling up the DagBag from /home/airflow/.local/lib/python3.12/site-packages/airflow/example_dags/example_complex.py
[2024-05-14T02:10:19.422+0000] {processor.py:840} INFO - DAG(s) 'example_complex' retrieved from /home/airflow/.local/lib/python3.12/site-packages/airflow/example_dags/example_complex.py
[2024-05-14T02:10:19.436+0000] {logging_mixin.py:188} INFO - [2024-05-14T02:10:19.436+0000] {dag.py:3096} INFO - Sync 1 DAGs
[2024-05-14T02:10:19.442+0000] {logging_mixin.py:188} INFO - [2024-05-14T02:10:19.442+0000] {dag.py:3954} INFO - Setting next_dagrun for example_complex to None, run_after=None
[2024-05-14T02:10:19.575+0000] {processor.py:183} INFO - Processing /home/airflow/.local/lib/python3.12/site-packages/airflow/example_dags/example_complex.py took 0.163 seconds
[2024-05-14T02:10:50.262+0000] {processor.py:161} INFO - Started process (PID=1994) to work on /home/airflow/.local/lib/python3.12/site-packages/airflow/example_dags/example_complex.py
[2024-05-14T02:10:50.263+0000] {processor.py:830} INFO - Processing file /home/airflow/.local/lib/python3.12/site-packages/airflow/example_dags/example_complex.py for tasks to queue
[2024-05-14T02:10:50.264+0000] {logging_mixin.py:188} INFO - [2024-05-14T02:10:50.264+0000] {dagbag.py:545} INFO - Filling up the DagBag from /home/airflow/.local/lib/python3.12/site-packages/airflow/example_dags/example_complex.py
[2024-05-14T02:10:50.269+0000] {processor.py:840} INFO - DAG(s) 'example_complex' retrieved from /home/airflow/.local/lib/python3.12/site-packages/airflow/example_dags/example_complex.py
[2024-05-14T02:10:50.283+0000] {logging_mixin.py:188} INFO - [2024-05-14T02:10:50.283+0000] {dag.py:3096} INFO - Sync 1 DAGs
[2024-05-14T02:10:50.289+0000] {logging_mixin.py:188} INFO - [2024-05-14T02:10:50.289+0000] {dag.py:3954} INFO - Setting next_dagrun for example_complex to None, run_after=None
[2024-05-14T02:10:50.298+0000] {processor.py:183} INFO - Processing /home/airflow/.local/lib/python3.12/site-packages/airflow/example_dags/example_complex.py took 0.039 seconds
[2024-05-14T02:11:21.084+0000] {processor.py:161} INFO - Started process (PID=2052) to work on /home/airflow/.local/lib/python3.12/site-packages/airflow/example_dags/example_complex.py
[2024-05-14T02:11:21.086+0000] {processor.py:830} INFO - Processing file /home/airflow/.local/lib/python3.12/site-packages/airflow/example_dags/example_complex.py for tasks to queue
[2024-05-14T02:11:21.088+0000] {logging_mixin.py:188} INFO - [2024-05-14T02:11:21.087+0000] {dagbag.py:545} INFO - Filling up the DagBag from /home/airflow/.local/lib/python3.12/site-packages/airflow/example_dags/example_complex.py
[2024-05-14T02:11:21.094+0000] {processor.py:840} INFO - DAG(s) 'example_complex' retrieved from /home/airflow/.local/lib/python3.12/site-packages/airflow/example_dags/example_complex.py
[2024-05-14T02:11:21.108+0000] {logging_mixin.py:188} INFO - [2024-05-14T02:11:21.108+0000] {dag.py:3096} INFO - Sync 1 DAGs
[2024-05-14T02:11:21.114+0000] {logging_mixin.py:188} INFO - [2024-05-14T02:11:21.114+0000] {dag.py:3954} INFO - Setting next_dagrun for example_complex to None, run_after=None
[2024-05-14T02:11:21.123+0000] {processor.py:183} INFO - Processing /home/airflow/.local/lib/python3.12/site-packages/airflow/example_dags/example_complex.py took 0.042 seconds
[2024-05-14T02:11:51.465+0000] {processor.py:161} INFO - Started process (PID=2111) to work on /home/airflow/.local/lib/python3.12/site-packages/airflow/example_dags/example_complex.py
[2024-05-14T02:11:51.466+0000] {processor.py:830} INFO - Processing file /home/airflow/.local/lib/python3.12/site-packages/airflow/example_dags/example_complex.py for tasks to queue
[2024-05-14T02:11:51.467+0000] {logging_mixin.py:188} INFO - [2024-05-14T02:11:51.467+0000] {dagbag.py:545} INFO - Filling up the DagBag from /home/airflow/.local/lib/python3.12/site-packages/airflow/example_dags/example_complex.py
[2024-05-14T02:11:51.473+0000] {processor.py:840} INFO - DAG(s) 'example_complex' retrieved from /home/airflow/.local/lib/python3.12/site-packages/airflow/example_dags/example_complex.py
[2024-05-14T02:11:51.488+0000] {logging_mixin.py:188} INFO - [2024-05-14T02:11:51.488+0000] {dag.py:3096} INFO - Sync 1 DAGs
[2024-05-14T02:11:51.494+0000] {logging_mixin.py:188} INFO - [2024-05-14T02:11:51.494+0000] {dag.py:3954} INFO - Setting next_dagrun for example_complex to None, run_after=None
[2024-05-14T02:11:51.504+0000] {processor.py:183} INFO - Processing /home/airflow/.local/lib/python3.12/site-packages/airflow/example_dags/example_complex.py took 0.042 seconds
[2024-05-14T02:12:22.528+0000] {processor.py:161} INFO - Started process (PID=2174) to work on /home/airflow/.local/lib/python3.12/site-packages/airflow/example_dags/example_complex.py
[2024-05-14T02:12:22.528+0000] {processor.py:830} INFO - Processing file /home/airflow/.local/lib/python3.12/site-packages/airflow/example_dags/example_complex.py for tasks to queue
[2024-05-14T02:12:22.529+0000] {logging_mixin.py:188} INFO - [2024-05-14T02:12:22.529+0000] {dagbag.py:545} INFO - Filling up the DagBag from /home/airflow/.local/lib/python3.12/site-packages/airflow/example_dags/example_complex.py
[2024-05-14T02:12:22.535+0000] {processor.py:840} INFO - DAG(s) 'example_complex' retrieved from /home/airflow/.local/lib/python3.12/site-packages/airflow/example_dags/example_complex.py
[2024-05-14T02:12:22.549+0000] {logging_mixin.py:188} INFO - [2024-05-14T02:12:22.549+0000] {dag.py:3096} INFO - Sync 1 DAGs
[2024-05-14T02:12:22.555+0000] {logging_mixin.py:188} INFO - [2024-05-14T02:12:22.555+0000] {dag.py:3954} INFO - Setting next_dagrun for example_complex to None, run_after=None
[2024-05-14T02:12:22.563+0000] {processor.py:183} INFO - Processing /home/airflow/.local/lib/python3.12/site-packages/airflow/example_dags/example_complex.py took 0.039 seconds
