[2024-05-14T01:54:07.127+0000] {processor.py:161} INFO - Started process (PID=65) to work on /home/airflow/.local/lib/python3.12/site-packages/airflow/example_dags/example_branch_operator.py
[2024-05-14T01:54:07.132+0000] {processor.py:830} INFO - Processing file /home/airflow/.local/lib/python3.12/site-packages/airflow/example_dags/example_branch_operator.py for tasks to queue
[2024-05-14T01:54:07.136+0000] {logging_mixin.py:188} INFO - [2024-05-14T01:54:07.136+0000] {dagbag.py:545} INFO - Filling up the DagBag from /home/airflow/.local/lib/python3.12/site-packages/airflow/example_dags/example_branch_operator.py
[2024-05-14T01:54:07.198+0000] {processor.py:840} INFO - DAG(s) 'example_branch_operator' retrieved from /home/airflow/.local/lib/python3.12/site-packages/airflow/example_dags/example_branch_operator.py
[2024-05-14T01:54:07.255+0000] {logging_mixin.py:188} INFO - [2024-05-14T01:54:07.255+0000] {dag.py:3096} INFO - Sync 1 DAGs
[2024-05-14T01:54:07.466+0000] {logging_mixin.py:188} INFO - [2024-05-14T01:54:07.466+0000] {dag.py:3954} INFO - Setting next_dagrun for example_branch_operator to 2024-05-13 00:00:00+00:00, run_after=2024-05-14 00:00:00+00:00
[2024-05-14T01:54:07.589+0000] {processor.py:183} INFO - Processing /home/airflow/.local/lib/python3.12/site-packages/airflow/example_dags/example_branch_operator.py took 0.476 seconds
[2024-05-14T01:54:37.749+0000] {processor.py:161} INFO - Started process (PID=124) to work on /home/airflow/.local/lib/python3.12/site-packages/airflow/example_dags/example_branch_operator.py
[2024-05-14T01:54:37.750+0000] {processor.py:830} INFO - Processing file /home/airflow/.local/lib/python3.12/site-packages/airflow/example_dags/example_branch_operator.py for tasks to queue
[2024-05-14T01:54:37.751+0000] {logging_mixin.py:188} INFO - [2024-05-14T01:54:37.751+0000] {dagbag.py:545} INFO - Filling up the DagBag from /home/airflow/.local/lib/python3.12/site-packages/airflow/example_dags/example_branch_operator.py
[2024-05-14T01:54:37.759+0000] {processor.py:840} INFO - DAG(s) 'example_branch_operator' retrieved from /home/airflow/.local/lib/python3.12/site-packages/airflow/example_dags/example_branch_operator.py
[2024-05-14T01:54:37.805+0000] {logging_mixin.py:188} INFO - [2024-05-14T01:54:37.805+0000] {dag.py:3096} INFO - Sync 1 DAGs
[2024-05-14T01:54:37.814+0000] {logging_mixin.py:188} INFO - [2024-05-14T01:54:37.813+0000] {dag.py:3954} INFO - Setting next_dagrun for example_branch_operator to 2024-05-13 00:00:00+00:00, run_after=2024-05-14 00:00:00+00:00
[2024-05-14T01:54:37.822+0000] {processor.py:183} INFO - Processing /home/airflow/.local/lib/python3.12/site-packages/airflow/example_dags/example_branch_operator.py took 0.076 seconds
[2024-05-14T01:55:08.775+0000] {processor.py:161} INFO - Started process (PID=183) to work on /home/airflow/.local/lib/python3.12/site-packages/airflow/example_dags/example_branch_operator.py
[2024-05-14T01:55:08.776+0000] {processor.py:830} INFO - Processing file /home/airflow/.local/lib/python3.12/site-packages/airflow/example_dags/example_branch_operator.py for tasks to queue
[2024-05-14T01:55:08.778+0000] {logging_mixin.py:188} INFO - [2024-05-14T01:55:08.778+0000] {dagbag.py:545} INFO - Filling up the DagBag from /home/airflow/.local/lib/python3.12/site-packages/airflow/example_dags/example_branch_operator.py
[2024-05-14T01:55:08.793+0000] {processor.py:840} INFO - DAG(s) 'example_branch_operator' retrieved from /home/airflow/.local/lib/python3.12/site-packages/airflow/example_dags/example_branch_operator.py
[2024-05-14T01:55:08.810+0000] {logging_mixin.py:188} INFO - [2024-05-14T01:55:08.810+0000] {dag.py:3096} INFO - Sync 1 DAGs
[2024-05-14T01:55:08.823+0000] {logging_mixin.py:188} INFO - [2024-05-14T01:55:08.823+0000] {dag.py:3954} INFO - Setting next_dagrun for example_branch_operator to 2024-05-13 00:00:00+00:00, run_after=2024-05-14 00:00:00+00:00
[2024-05-14T01:55:08.835+0000] {processor.py:183} INFO - Processing /home/airflow/.local/lib/python3.12/site-packages/airflow/example_dags/example_branch_operator.py took 0.066 seconds
[2024-05-14T01:55:38.908+0000] {processor.py:161} INFO - Started process (PID=242) to work on /home/airflow/.local/lib/python3.12/site-packages/airflow/example_dags/example_branch_operator.py
[2024-05-14T01:55:38.909+0000] {processor.py:830} INFO - Processing file /home/airflow/.local/lib/python3.12/site-packages/airflow/example_dags/example_branch_operator.py for tasks to queue
[2024-05-14T01:55:38.912+0000] {logging_mixin.py:188} INFO - [2024-05-14T01:55:38.911+0000] {dagbag.py:545} INFO - Filling up the DagBag from /home/airflow/.local/lib/python3.12/site-packages/airflow/example_dags/example_branch_operator.py
[2024-05-14T01:55:38.930+0000] {processor.py:840} INFO - DAG(s) 'example_branch_operator' retrieved from /home/airflow/.local/lib/python3.12/site-packages/airflow/example_dags/example_branch_operator.py
[2024-05-14T01:55:38.952+0000] {logging_mixin.py:188} INFO - [2024-05-14T01:55:38.951+0000] {dag.py:3096} INFO - Sync 1 DAGs
[2024-05-14T01:55:38.965+0000] {logging_mixin.py:188} INFO - [2024-05-14T01:55:38.965+0000] {dag.py:3954} INFO - Setting next_dagrun for example_branch_operator to 2024-05-13 00:00:00+00:00, run_after=2024-05-14 00:00:00+00:00
[2024-05-14T01:55:38.975+0000] {processor.py:183} INFO - Processing /home/airflow/.local/lib/python3.12/site-packages/airflow/example_dags/example_branch_operator.py took 0.078 seconds
[2024-05-14T01:56:09.104+0000] {processor.py:161} INFO - Started process (PID=301) to work on /home/airflow/.local/lib/python3.12/site-packages/airflow/example_dags/example_branch_operator.py
[2024-05-14T01:56:09.105+0000] {processor.py:830} INFO - Processing file /home/airflow/.local/lib/python3.12/site-packages/airflow/example_dags/example_branch_operator.py for tasks to queue
[2024-05-14T01:56:09.107+0000] {logging_mixin.py:188} INFO - [2024-05-14T01:56:09.107+0000] {dagbag.py:545} INFO - Filling up the DagBag from /home/airflow/.local/lib/python3.12/site-packages/airflow/example_dags/example_branch_operator.py
[2024-05-14T01:56:09.125+0000] {processor.py:840} INFO - DAG(s) 'example_branch_operator' retrieved from /home/airflow/.local/lib/python3.12/site-packages/airflow/example_dags/example_branch_operator.py
[2024-05-14T01:56:09.152+0000] {logging_mixin.py:188} INFO - [2024-05-14T01:56:09.152+0000] {dag.py:3096} INFO - Sync 1 DAGs
[2024-05-14T01:56:09.165+0000] {logging_mixin.py:188} INFO - [2024-05-14T01:56:09.165+0000] {dag.py:3954} INFO - Setting next_dagrun for example_branch_operator to 2024-05-13 00:00:00+00:00, run_after=2024-05-14 00:00:00+00:00
[2024-05-14T01:56:09.175+0000] {processor.py:183} INFO - Processing /home/airflow/.local/lib/python3.12/site-packages/airflow/example_dags/example_branch_operator.py took 0.080 seconds
[2024-05-14T01:56:39.252+0000] {processor.py:161} INFO - Started process (PID=359) to work on /home/airflow/.local/lib/python3.12/site-packages/airflow/example_dags/example_branch_operator.py
[2024-05-14T01:56:39.253+0000] {processor.py:830} INFO - Processing file /home/airflow/.local/lib/python3.12/site-packages/airflow/example_dags/example_branch_operator.py for tasks to queue
[2024-05-14T01:56:39.256+0000] {logging_mixin.py:188} INFO - [2024-05-14T01:56:39.256+0000] {dagbag.py:545} INFO - Filling up the DagBag from /home/airflow/.local/lib/python3.12/site-packages/airflow/example_dags/example_branch_operator.py
[2024-05-14T01:56:39.275+0000] {processor.py:840} INFO - DAG(s) 'example_branch_operator' retrieved from /home/airflow/.local/lib/python3.12/site-packages/airflow/example_dags/example_branch_operator.py
[2024-05-14T01:56:39.296+0000] {logging_mixin.py:188} INFO - [2024-05-14T01:56:39.296+0000] {dag.py:3096} INFO - Sync 1 DAGs
[2024-05-14T01:56:39.309+0000] {logging_mixin.py:188} INFO - [2024-05-14T01:56:39.309+0000] {dag.py:3954} INFO - Setting next_dagrun for example_branch_operator to 2024-05-13 00:00:00+00:00, run_after=2024-05-14 00:00:00+00:00
[2024-05-14T01:56:39.319+0000] {processor.py:183} INFO - Processing /home/airflow/.local/lib/python3.12/site-packages/airflow/example_dags/example_branch_operator.py took 0.077 seconds
[2024-05-14T01:57:10.290+0000] {processor.py:161} INFO - Started process (PID=418) to work on /home/airflow/.local/lib/python3.12/site-packages/airflow/example_dags/example_branch_operator.py
[2024-05-14T01:57:10.291+0000] {processor.py:830} INFO - Processing file /home/airflow/.local/lib/python3.12/site-packages/airflow/example_dags/example_branch_operator.py for tasks to queue
[2024-05-14T01:57:10.294+0000] {logging_mixin.py:188} INFO - [2024-05-14T01:57:10.293+0000] {dagbag.py:545} INFO - Filling up the DagBag from /home/airflow/.local/lib/python3.12/site-packages/airflow/example_dags/example_branch_operator.py
[2024-05-14T01:57:10.309+0000] {processor.py:840} INFO - DAG(s) 'example_branch_operator' retrieved from /home/airflow/.local/lib/python3.12/site-packages/airflow/example_dags/example_branch_operator.py
[2024-05-14T01:57:10.327+0000] {logging_mixin.py:188} INFO - [2024-05-14T01:57:10.327+0000] {dag.py:3096} INFO - Sync 1 DAGs
[2024-05-14T01:57:10.339+0000] {logging_mixin.py:188} INFO - [2024-05-14T01:57:10.339+0000] {dag.py:3954} INFO - Setting next_dagrun for example_branch_operator to 2024-05-13 00:00:00+00:00, run_after=2024-05-14 00:00:00+00:00
[2024-05-14T01:57:10.354+0000] {processor.py:183} INFO - Processing /home/airflow/.local/lib/python3.12/site-packages/airflow/example_dags/example_branch_operator.py took 0.073 seconds
[2024-05-14T01:57:41.065+0000] {processor.py:161} INFO - Started process (PID=477) to work on /home/airflow/.local/lib/python3.12/site-packages/airflow/example_dags/example_branch_operator.py
[2024-05-14T01:57:41.066+0000] {processor.py:830} INFO - Processing file /home/airflow/.local/lib/python3.12/site-packages/airflow/example_dags/example_branch_operator.py for tasks to queue
[2024-05-14T01:57:41.068+0000] {logging_mixin.py:188} INFO - [2024-05-14T01:57:41.068+0000] {dagbag.py:545} INFO - Filling up the DagBag from /home/airflow/.local/lib/python3.12/site-packages/airflow/example_dags/example_branch_operator.py
[2024-05-14T01:57:41.087+0000] {processor.py:840} INFO - DAG(s) 'example_branch_operator' retrieved from /home/airflow/.local/lib/python3.12/site-packages/airflow/example_dags/example_branch_operator.py
[2024-05-14T01:57:41.108+0000] {logging_mixin.py:188} INFO - [2024-05-14T01:57:41.108+0000] {dag.py:3096} INFO - Sync 1 DAGs
[2024-05-14T01:57:41.121+0000] {logging_mixin.py:188} INFO - [2024-05-14T01:57:41.120+0000] {dag.py:3954} INFO - Setting next_dagrun for example_branch_operator to 2024-05-13 00:00:00+00:00, run_after=2024-05-14 00:00:00+00:00
[2024-05-14T01:57:41.130+0000] {processor.py:183} INFO - Processing /home/airflow/.local/lib/python3.12/site-packages/airflow/example_dags/example_branch_operator.py took 0.074 seconds
[2024-05-14T01:58:11.784+0000] {processor.py:161} INFO - Started process (PID=536) to work on /home/airflow/.local/lib/python3.12/site-packages/airflow/example_dags/example_branch_operator.py
[2024-05-14T01:58:11.786+0000] {processor.py:830} INFO - Processing file /home/airflow/.local/lib/python3.12/site-packages/airflow/example_dags/example_branch_operator.py for tasks to queue
[2024-05-14T01:58:11.788+0000] {logging_mixin.py:188} INFO - [2024-05-14T01:58:11.787+0000] {dagbag.py:545} INFO - Filling up the DagBag from /home/airflow/.local/lib/python3.12/site-packages/airflow/example_dags/example_branch_operator.py
[2024-05-14T01:58:11.803+0000] {processor.py:840} INFO - DAG(s) 'example_branch_operator' retrieved from /home/airflow/.local/lib/python3.12/site-packages/airflow/example_dags/example_branch_operator.py
[2024-05-14T01:58:11.821+0000] {logging_mixin.py:188} INFO - [2024-05-14T01:58:11.821+0000] {dag.py:3096} INFO - Sync 1 DAGs
[2024-05-14T01:58:11.833+0000] {logging_mixin.py:188} INFO - [2024-05-14T01:58:11.832+0000] {dag.py:3954} INFO - Setting next_dagrun for example_branch_operator to 2024-05-13 00:00:00+00:00, run_after=2024-05-14 00:00:00+00:00
[2024-05-14T01:58:11.841+0000] {processor.py:183} INFO - Processing /home/airflow/.local/lib/python3.12/site-packages/airflow/example_dags/example_branch_operator.py took 0.064 seconds
[2024-05-14T01:58:42.544+0000] {processor.py:161} INFO - Started process (PID=594) to work on /home/airflow/.local/lib/python3.12/site-packages/airflow/example_dags/example_branch_operator.py
[2024-05-14T01:58:42.544+0000] {processor.py:830} INFO - Processing file /home/airflow/.local/lib/python3.12/site-packages/airflow/example_dags/example_branch_operator.py for tasks to queue
[2024-05-14T01:58:42.546+0000] {logging_mixin.py:188} INFO - [2024-05-14T01:58:42.545+0000] {dagbag.py:545} INFO - Filling up the DagBag from /home/airflow/.local/lib/python3.12/site-packages/airflow/example_dags/example_branch_operator.py
[2024-05-14T01:58:42.554+0000] {processor.py:840} INFO - DAG(s) 'example_branch_operator' retrieved from /home/airflow/.local/lib/python3.12/site-packages/airflow/example_dags/example_branch_operator.py
[2024-05-14T01:58:42.568+0000] {logging_mixin.py:188} INFO - [2024-05-14T01:58:42.567+0000] {dag.py:3096} INFO - Sync 1 DAGs
[2024-05-14T01:58:42.578+0000] {logging_mixin.py:188} INFO - [2024-05-14T01:58:42.578+0000] {dag.py:3954} INFO - Setting next_dagrun for example_branch_operator to 2024-05-13 00:00:00+00:00, run_after=2024-05-14 00:00:00+00:00
[2024-05-14T01:58:42.587+0000] {processor.py:183} INFO - Processing /home/airflow/.local/lib/python3.12/site-packages/airflow/example_dags/example_branch_operator.py took 0.047 seconds
[2024-05-14T01:59:13.395+0000] {processor.py:161} INFO - Started process (PID=653) to work on /home/airflow/.local/lib/python3.12/site-packages/airflow/example_dags/example_branch_operator.py
[2024-05-14T01:59:13.396+0000] {processor.py:830} INFO - Processing file /home/airflow/.local/lib/python3.12/site-packages/airflow/example_dags/example_branch_operator.py for tasks to queue
[2024-05-14T01:59:13.397+0000] {logging_mixin.py:188} INFO - [2024-05-14T01:59:13.397+0000] {dagbag.py:545} INFO - Filling up the DagBag from /home/airflow/.local/lib/python3.12/site-packages/airflow/example_dags/example_branch_operator.py
[2024-05-14T01:59:13.406+0000] {processor.py:840} INFO - DAG(s) 'example_branch_operator' retrieved from /home/airflow/.local/lib/python3.12/site-packages/airflow/example_dags/example_branch_operator.py
[2024-05-14T01:59:13.422+0000] {logging_mixin.py:188} INFO - [2024-05-14T01:59:13.422+0000] {dag.py:3096} INFO - Sync 1 DAGs
[2024-05-14T01:59:13.433+0000] {logging_mixin.py:188} INFO - [2024-05-14T01:59:13.433+0000] {dag.py:3954} INFO - Setting next_dagrun for example_branch_operator to 2024-05-13 00:00:00+00:00, run_after=2024-05-14 00:00:00+00:00
[2024-05-14T01:59:13.446+0000] {processor.py:183} INFO - Processing /home/airflow/.local/lib/python3.12/site-packages/airflow/example_dags/example_branch_operator.py took 0.058 seconds
[2024-05-14T01:59:44.205+0000] {processor.py:161} INFO - Started process (PID=712) to work on /home/airflow/.local/lib/python3.12/site-packages/airflow/example_dags/example_branch_operator.py
[2024-05-14T01:59:44.206+0000] {processor.py:830} INFO - Processing file /home/airflow/.local/lib/python3.12/site-packages/airflow/example_dags/example_branch_operator.py for tasks to queue
[2024-05-14T01:59:44.207+0000] {logging_mixin.py:188} INFO - [2024-05-14T01:59:44.207+0000] {dagbag.py:545} INFO - Filling up the DagBag from /home/airflow/.local/lib/python3.12/site-packages/airflow/example_dags/example_branch_operator.py
[2024-05-14T01:59:44.218+0000] {processor.py:840} INFO - DAG(s) 'example_branch_operator' retrieved from /home/airflow/.local/lib/python3.12/site-packages/airflow/example_dags/example_branch_operator.py
[2024-05-14T01:59:44.234+0000] {logging_mixin.py:188} INFO - [2024-05-14T01:59:44.234+0000] {dag.py:3096} INFO - Sync 1 DAGs
[2024-05-14T01:59:44.250+0000] {logging_mixin.py:188} INFO - [2024-05-14T01:59:44.250+0000] {dag.py:3954} INFO - Setting next_dagrun for example_branch_operator to 2024-05-13 00:00:00+00:00, run_after=2024-05-14 00:00:00+00:00
[2024-05-14T01:59:44.261+0000] {processor.py:183} INFO - Processing /home/airflow/.local/lib/python3.12/site-packages/airflow/example_dags/example_branch_operator.py took 0.064 seconds
[2024-05-14T02:00:14.946+0000] {processor.py:161} INFO - Started process (PID=771) to work on /home/airflow/.local/lib/python3.12/site-packages/airflow/example_dags/example_branch_operator.py
[2024-05-14T02:00:14.948+0000] {processor.py:830} INFO - Processing file /home/airflow/.local/lib/python3.12/site-packages/airflow/example_dags/example_branch_operator.py for tasks to queue
[2024-05-14T02:00:14.951+0000] {logging_mixin.py:188} INFO - [2024-05-14T02:00:14.950+0000] {dagbag.py:545} INFO - Filling up the DagBag from /home/airflow/.local/lib/python3.12/site-packages/airflow/example_dags/example_branch_operator.py
[2024-05-14T02:00:14.968+0000] {processor.py:840} INFO - DAG(s) 'example_branch_operator' retrieved from /home/airflow/.local/lib/python3.12/site-packages/airflow/example_dags/example_branch_operator.py
[2024-05-14T02:00:14.989+0000] {logging_mixin.py:188} INFO - [2024-05-14T02:00:14.988+0000] {dag.py:3096} INFO - Sync 1 DAGs
[2024-05-14T02:00:15.001+0000] {logging_mixin.py:188} INFO - [2024-05-14T02:00:15.001+0000] {dag.py:3954} INFO - Setting next_dagrun for example_branch_operator to 2024-05-13 00:00:00+00:00, run_after=2024-05-14 00:00:00+00:00
[2024-05-14T02:00:15.010+0000] {processor.py:183} INFO - Processing /home/airflow/.local/lib/python3.12/site-packages/airflow/example_dags/example_branch_operator.py took 0.073 seconds
[2024-05-14T02:00:45.894+0000] {processor.py:161} INFO - Started process (PID=830) to work on /home/airflow/.local/lib/python3.12/site-packages/airflow/example_dags/example_branch_operator.py
[2024-05-14T02:00:45.896+0000] {processor.py:830} INFO - Processing file /home/airflow/.local/lib/python3.12/site-packages/airflow/example_dags/example_branch_operator.py for tasks to queue
[2024-05-14T02:00:45.899+0000] {logging_mixin.py:188} INFO - [2024-05-14T02:00:45.898+0000] {dagbag.py:545} INFO - Filling up the DagBag from /home/airflow/.local/lib/python3.12/site-packages/airflow/example_dags/example_branch_operator.py
[2024-05-14T02:00:45.915+0000] {processor.py:840} INFO - DAG(s) 'example_branch_operator' retrieved from /home/airflow/.local/lib/python3.12/site-packages/airflow/example_dags/example_branch_operator.py
[2024-05-14T02:00:45.936+0000] {logging_mixin.py:188} INFO - [2024-05-14T02:00:45.935+0000] {dag.py:3096} INFO - Sync 1 DAGs
[2024-05-14T02:00:45.948+0000] {logging_mixin.py:188} INFO - [2024-05-14T02:00:45.948+0000] {dag.py:3954} INFO - Setting next_dagrun for example_branch_operator to 2024-05-13 00:00:00+00:00, run_after=2024-05-14 00:00:00+00:00
[2024-05-14T02:00:45.959+0000] {processor.py:183} INFO - Processing /home/airflow/.local/lib/python3.12/site-packages/airflow/example_dags/example_branch_operator.py took 0.073 seconds
[2024-05-14T02:01:15.988+0000] {processor.py:161} INFO - Started process (PID=889) to work on /home/airflow/.local/lib/python3.12/site-packages/airflow/example_dags/example_branch_operator.py
[2024-05-14T02:01:15.990+0000] {processor.py:830} INFO - Processing file /home/airflow/.local/lib/python3.12/site-packages/airflow/example_dags/example_branch_operator.py for tasks to queue
[2024-05-14T02:01:15.992+0000] {logging_mixin.py:188} INFO - [2024-05-14T02:01:15.992+0000] {dagbag.py:545} INFO - Filling up the DagBag from /home/airflow/.local/lib/python3.12/site-packages/airflow/example_dags/example_branch_operator.py
[2024-05-14T02:01:16.010+0000] {processor.py:840} INFO - DAG(s) 'example_branch_operator' retrieved from /home/airflow/.local/lib/python3.12/site-packages/airflow/example_dags/example_branch_operator.py
[2024-05-14T02:01:16.032+0000] {logging_mixin.py:188} INFO - [2024-05-14T02:01:16.031+0000] {dag.py:3096} INFO - Sync 1 DAGs
[2024-05-14T02:01:16.044+0000] {logging_mixin.py:188} INFO - [2024-05-14T02:01:16.044+0000] {dag.py:3954} INFO - Setting next_dagrun for example_branch_operator to 2024-05-13 00:00:00+00:00, run_after=2024-05-14 00:00:00+00:00
[2024-05-14T02:01:16.054+0000] {processor.py:183} INFO - Processing /home/airflow/.local/lib/python3.12/site-packages/airflow/example_dags/example_branch_operator.py took 0.077 seconds
[2024-05-14T02:01:46.100+0000] {processor.py:161} INFO - Started process (PID=949) to work on /home/airflow/.local/lib/python3.12/site-packages/airflow/example_dags/example_branch_operator.py
[2024-05-14T02:01:46.102+0000] {processor.py:830} INFO - Processing file /home/airflow/.local/lib/python3.12/site-packages/airflow/example_dags/example_branch_operator.py for tasks to queue
[2024-05-14T02:01:46.104+0000] {logging_mixin.py:188} INFO - [2024-05-14T02:01:46.103+0000] {dagbag.py:545} INFO - Filling up the DagBag from /home/airflow/.local/lib/python3.12/site-packages/airflow/example_dags/example_branch_operator.py
[2024-05-14T02:01:46.116+0000] {processor.py:840} INFO - DAG(s) 'example_branch_operator' retrieved from /home/airflow/.local/lib/python3.12/site-packages/airflow/example_dags/example_branch_operator.py
[2024-05-14T02:01:46.132+0000] {logging_mixin.py:188} INFO - [2024-05-14T02:01:46.132+0000] {dag.py:3096} INFO - Sync 1 DAGs
[2024-05-14T02:01:46.143+0000] {logging_mixin.py:188} INFO - [2024-05-14T02:01:46.143+0000] {dag.py:3954} INFO - Setting next_dagrun for example_branch_operator to 2024-05-13 00:00:00+00:00, run_after=2024-05-14 00:00:00+00:00
[2024-05-14T02:01:46.151+0000] {processor.py:183} INFO - Processing /home/airflow/.local/lib/python3.12/site-packages/airflow/example_dags/example_branch_operator.py took 0.056 seconds
[2024-05-14T02:02:16.419+0000] {processor.py:161} INFO - Started process (PID=1007) to work on /home/airflow/.local/lib/python3.12/site-packages/airflow/example_dags/example_branch_operator.py
[2024-05-14T02:02:16.420+0000] {processor.py:830} INFO - Processing file /home/airflow/.local/lib/python3.12/site-packages/airflow/example_dags/example_branch_operator.py for tasks to queue
[2024-05-14T02:02:16.423+0000] {logging_mixin.py:188} INFO - [2024-05-14T02:02:16.423+0000] {dagbag.py:545} INFO - Filling up the DagBag from /home/airflow/.local/lib/python3.12/site-packages/airflow/example_dags/example_branch_operator.py
[2024-05-14T02:02:16.443+0000] {processor.py:840} INFO - DAG(s) 'example_branch_operator' retrieved from /home/airflow/.local/lib/python3.12/site-packages/airflow/example_dags/example_branch_operator.py
[2024-05-14T02:02:16.463+0000] {logging_mixin.py:188} INFO - [2024-05-14T02:02:16.462+0000] {dag.py:3096} INFO - Sync 1 DAGs
[2024-05-14T02:02:16.475+0000] {logging_mixin.py:188} INFO - [2024-05-14T02:02:16.475+0000] {dag.py:3954} INFO - Setting next_dagrun for example_branch_operator to 2024-05-13 00:00:00+00:00, run_after=2024-05-14 00:00:00+00:00
[2024-05-14T02:02:16.484+0000] {processor.py:183} INFO - Processing /home/airflow/.local/lib/python3.12/site-packages/airflow/example_dags/example_branch_operator.py took 0.076 seconds
[2024-05-14T02:02:46.574+0000] {processor.py:161} INFO - Started process (PID=1066) to work on /home/airflow/.local/lib/python3.12/site-packages/airflow/example_dags/example_branch_operator.py
[2024-05-14T02:02:46.575+0000] {processor.py:830} INFO - Processing file /home/airflow/.local/lib/python3.12/site-packages/airflow/example_dags/example_branch_operator.py for tasks to queue
[2024-05-14T02:02:46.576+0000] {logging_mixin.py:188} INFO - [2024-05-14T02:02:46.576+0000] {dagbag.py:545} INFO - Filling up the DagBag from /home/airflow/.local/lib/python3.12/site-packages/airflow/example_dags/example_branch_operator.py
[2024-05-14T02:02:46.586+0000] {processor.py:840} INFO - DAG(s) 'example_branch_operator' retrieved from /home/airflow/.local/lib/python3.12/site-packages/airflow/example_dags/example_branch_operator.py
[2024-05-14T02:02:46.601+0000] {logging_mixin.py:188} INFO - [2024-05-14T02:02:46.601+0000] {dag.py:3096} INFO - Sync 1 DAGs
[2024-05-14T02:02:46.614+0000] {logging_mixin.py:188} INFO - [2024-05-14T02:02:46.614+0000] {dag.py:3954} INFO - Setting next_dagrun for example_branch_operator to 2024-05-13 00:00:00+00:00, run_after=2024-05-14 00:00:00+00:00
[2024-05-14T02:02:46.624+0000] {processor.py:183} INFO - Processing /home/airflow/.local/lib/python3.12/site-packages/airflow/example_dags/example_branch_operator.py took 0.054 seconds
[2024-05-14T02:03:16.636+0000] {processor.py:161} INFO - Started process (PID=1125) to work on /home/airflow/.local/lib/python3.12/site-packages/airflow/example_dags/example_branch_operator.py
[2024-05-14T02:03:16.637+0000] {processor.py:830} INFO - Processing file /home/airflow/.local/lib/python3.12/site-packages/airflow/example_dags/example_branch_operator.py for tasks to queue
[2024-05-14T02:03:16.638+0000] {logging_mixin.py:188} INFO - [2024-05-14T02:03:16.638+0000] {dagbag.py:545} INFO - Filling up the DagBag from /home/airflow/.local/lib/python3.12/site-packages/airflow/example_dags/example_branch_operator.py
[2024-05-14T02:03:16.647+0000] {processor.py:840} INFO - DAG(s) 'example_branch_operator' retrieved from /home/airflow/.local/lib/python3.12/site-packages/airflow/example_dags/example_branch_operator.py
[2024-05-14T02:03:16.664+0000] {logging_mixin.py:188} INFO - [2024-05-14T02:03:16.663+0000] {dag.py:3096} INFO - Sync 1 DAGs
[2024-05-14T02:03:16.674+0000] {logging_mixin.py:188} INFO - [2024-05-14T02:03:16.674+0000] {dag.py:3954} INFO - Setting next_dagrun for example_branch_operator to 2024-05-13 00:00:00+00:00, run_after=2024-05-14 00:00:00+00:00
[2024-05-14T02:03:16.683+0000] {processor.py:183} INFO - Processing /home/airflow/.local/lib/python3.12/site-packages/airflow/example_dags/example_branch_operator.py took 0.051 seconds
[2024-05-14T02:03:47.411+0000] {processor.py:161} INFO - Started process (PID=1184) to work on /home/airflow/.local/lib/python3.12/site-packages/airflow/example_dags/example_branch_operator.py
[2024-05-14T02:03:47.412+0000] {processor.py:830} INFO - Processing file /home/airflow/.local/lib/python3.12/site-packages/airflow/example_dags/example_branch_operator.py for tasks to queue
[2024-05-14T02:03:47.413+0000] {logging_mixin.py:188} INFO - [2024-05-14T02:03:47.413+0000] {dagbag.py:545} INFO - Filling up the DagBag from /home/airflow/.local/lib/python3.12/site-packages/airflow/example_dags/example_branch_operator.py
[2024-05-14T02:03:47.425+0000] {processor.py:840} INFO - DAG(s) 'example_branch_operator' retrieved from /home/airflow/.local/lib/python3.12/site-packages/airflow/example_dags/example_branch_operator.py
[2024-05-14T02:03:47.441+0000] {logging_mixin.py:188} INFO - [2024-05-14T02:03:47.441+0000] {dag.py:3096} INFO - Sync 1 DAGs
[2024-05-14T02:03:47.452+0000] {logging_mixin.py:188} INFO - [2024-05-14T02:03:47.452+0000] {dag.py:3954} INFO - Setting next_dagrun for example_branch_operator to 2024-05-13 00:00:00+00:00, run_after=2024-05-14 00:00:00+00:00
[2024-05-14T02:03:47.461+0000] {processor.py:183} INFO - Processing /home/airflow/.local/lib/python3.12/site-packages/airflow/example_dags/example_branch_operator.py took 0.055 seconds
[2024-05-14T02:04:17.548+0000] {processor.py:161} INFO - Started process (PID=1242) to work on /home/airflow/.local/lib/python3.12/site-packages/airflow/example_dags/example_branch_operator.py
[2024-05-14T02:04:17.549+0000] {processor.py:830} INFO - Processing file /home/airflow/.local/lib/python3.12/site-packages/airflow/example_dags/example_branch_operator.py for tasks to queue
[2024-05-14T02:04:17.552+0000] {logging_mixin.py:188} INFO - [2024-05-14T02:04:17.551+0000] {dagbag.py:545} INFO - Filling up the DagBag from /home/airflow/.local/lib/python3.12/site-packages/airflow/example_dags/example_branch_operator.py
[2024-05-14T02:04:17.569+0000] {processor.py:840} INFO - DAG(s) 'example_branch_operator' retrieved from /home/airflow/.local/lib/python3.12/site-packages/airflow/example_dags/example_branch_operator.py
[2024-05-14T02:04:17.589+0000] {logging_mixin.py:188} INFO - [2024-05-14T02:04:17.589+0000] {dag.py:3096} INFO - Sync 1 DAGs
[2024-05-14T02:04:17.601+0000] {logging_mixin.py:188} INFO - [2024-05-14T02:04:17.601+0000] {dag.py:3954} INFO - Setting next_dagrun for example_branch_operator to 2024-05-13 00:00:00+00:00, run_after=2024-05-14 00:00:00+00:00
[2024-05-14T02:04:17.611+0000] {processor.py:183} INFO - Processing /home/airflow/.local/lib/python3.12/site-packages/airflow/example_dags/example_branch_operator.py took 0.072 seconds
[2024-05-14T02:04:47.697+0000] {processor.py:161} INFO - Started process (PID=1301) to work on /home/airflow/.local/lib/python3.12/site-packages/airflow/example_dags/example_branch_operator.py
[2024-05-14T02:04:47.699+0000] {processor.py:830} INFO - Processing file /home/airflow/.local/lib/python3.12/site-packages/airflow/example_dags/example_branch_operator.py for tasks to queue
[2024-05-14T02:04:47.701+0000] {logging_mixin.py:188} INFO - [2024-05-14T02:04:47.701+0000] {dagbag.py:545} INFO - Filling up the DagBag from /home/airflow/.local/lib/python3.12/site-packages/airflow/example_dags/example_branch_operator.py
[2024-05-14T02:04:47.718+0000] {processor.py:840} INFO - DAG(s) 'example_branch_operator' retrieved from /home/airflow/.local/lib/python3.12/site-packages/airflow/example_dags/example_branch_operator.py
[2024-05-14T02:04:47.738+0000] {logging_mixin.py:188} INFO - [2024-05-14T02:04:47.738+0000] {dag.py:3096} INFO - Sync 1 DAGs
[2024-05-14T02:04:47.751+0000] {logging_mixin.py:188} INFO - [2024-05-14T02:04:47.751+0000] {dag.py:3954} INFO - Setting next_dagrun for example_branch_operator to 2024-05-13 00:00:00+00:00, run_after=2024-05-14 00:00:00+00:00
[2024-05-14T02:04:47.760+0000] {processor.py:183} INFO - Processing /home/airflow/.local/lib/python3.12/site-packages/airflow/example_dags/example_branch_operator.py took 0.070 seconds
[2024-05-14T02:05:17.798+0000] {processor.py:161} INFO - Started process (PID=1360) to work on /home/airflow/.local/lib/python3.12/site-packages/airflow/example_dags/example_branch_operator.py
[2024-05-14T02:05:17.800+0000] {processor.py:830} INFO - Processing file /home/airflow/.local/lib/python3.12/site-packages/airflow/example_dags/example_branch_operator.py for tasks to queue
[2024-05-14T02:05:17.802+0000] {logging_mixin.py:188} INFO - [2024-05-14T02:05:17.802+0000] {dagbag.py:545} INFO - Filling up the DagBag from /home/airflow/.local/lib/python3.12/site-packages/airflow/example_dags/example_branch_operator.py
[2024-05-14T02:05:17.819+0000] {processor.py:840} INFO - DAG(s) 'example_branch_operator' retrieved from /home/airflow/.local/lib/python3.12/site-packages/airflow/example_dags/example_branch_operator.py
[2024-05-14T02:05:17.839+0000] {logging_mixin.py:188} INFO - [2024-05-14T02:05:17.839+0000] {dag.py:3096} INFO - Sync 1 DAGs
[2024-05-14T02:05:17.853+0000] {logging_mixin.py:188} INFO - [2024-05-14T02:05:17.852+0000] {dag.py:3954} INFO - Setting next_dagrun for example_branch_operator to 2024-05-13 00:00:00+00:00, run_after=2024-05-14 00:00:00+00:00
[2024-05-14T02:05:17.862+0000] {processor.py:183} INFO - Processing /home/airflow/.local/lib/python3.12/site-packages/airflow/example_dags/example_branch_operator.py took 0.072 seconds
[2024-05-14T02:05:48.627+0000] {processor.py:161} INFO - Started process (PID=1419) to work on /home/airflow/.local/lib/python3.12/site-packages/airflow/example_dags/example_branch_operator.py
[2024-05-14T02:05:48.628+0000] {processor.py:830} INFO - Processing file /home/airflow/.local/lib/python3.12/site-packages/airflow/example_dags/example_branch_operator.py for tasks to queue
[2024-05-14T02:05:48.630+0000] {logging_mixin.py:188} INFO - [2024-05-14T02:05:48.630+0000] {dagbag.py:545} INFO - Filling up the DagBag from /home/airflow/.local/lib/python3.12/site-packages/airflow/example_dags/example_branch_operator.py
[2024-05-14T02:05:48.645+0000] {processor.py:840} INFO - DAG(s) 'example_branch_operator' retrieved from /home/airflow/.local/lib/python3.12/site-packages/airflow/example_dags/example_branch_operator.py
[2024-05-14T02:05:48.663+0000] {logging_mixin.py:188} INFO - [2024-05-14T02:05:48.663+0000] {dag.py:3096} INFO - Sync 1 DAGs
[2024-05-14T02:05:48.675+0000] {logging_mixin.py:188} INFO - [2024-05-14T02:05:48.675+0000] {dag.py:3954} INFO - Setting next_dagrun for example_branch_operator to 2024-05-13 00:00:00+00:00, run_after=2024-05-14 00:00:00+00:00
[2024-05-14T02:05:48.684+0000] {processor.py:183} INFO - Processing /home/airflow/.local/lib/python3.12/site-packages/airflow/example_dags/example_branch_operator.py took 0.064 seconds
[2024-05-14T02:06:19.715+0000] {processor.py:161} INFO - Started process (PID=1478) to work on /home/airflow/.local/lib/python3.12/site-packages/airflow/example_dags/example_branch_operator.py
[2024-05-14T02:06:19.717+0000] {processor.py:830} INFO - Processing file /home/airflow/.local/lib/python3.12/site-packages/airflow/example_dags/example_branch_operator.py for tasks to queue
[2024-05-14T02:06:19.719+0000] {logging_mixin.py:188} INFO - [2024-05-14T02:06:19.719+0000] {dagbag.py:545} INFO - Filling up the DagBag from /home/airflow/.local/lib/python3.12/site-packages/airflow/example_dags/example_branch_operator.py
[2024-05-14T02:06:19.735+0000] {processor.py:840} INFO - DAG(s) 'example_branch_operator' retrieved from /home/airflow/.local/lib/python3.12/site-packages/airflow/example_dags/example_branch_operator.py
[2024-05-14T02:06:19.753+0000] {logging_mixin.py:188} INFO - [2024-05-14T02:06:19.753+0000] {dag.py:3096} INFO - Sync 1 DAGs
[2024-05-14T02:06:19.765+0000] {logging_mixin.py:188} INFO - [2024-05-14T02:06:19.765+0000] {dag.py:3954} INFO - Setting next_dagrun for example_branch_operator to 2024-05-13 00:00:00+00:00, run_after=2024-05-14 00:00:00+00:00
[2024-05-14T02:06:19.774+0000] {processor.py:183} INFO - Processing /home/airflow/.local/lib/python3.12/site-packages/airflow/example_dags/example_branch_operator.py took 0.067 seconds
[2024-05-14T02:06:49.864+0000] {processor.py:161} INFO - Started process (PID=1537) to work on /home/airflow/.local/lib/python3.12/site-packages/airflow/example_dags/example_branch_operator.py
[2024-05-14T02:06:49.866+0000] {processor.py:830} INFO - Processing file /home/airflow/.local/lib/python3.12/site-packages/airflow/example_dags/example_branch_operator.py for tasks to queue
[2024-05-14T02:06:49.869+0000] {logging_mixin.py:188} INFO - [2024-05-14T02:06:49.868+0000] {dagbag.py:545} INFO - Filling up the DagBag from /home/airflow/.local/lib/python3.12/site-packages/airflow/example_dags/example_branch_operator.py
[2024-05-14T02:06:49.886+0000] {processor.py:840} INFO - DAG(s) 'example_branch_operator' retrieved from /home/airflow/.local/lib/python3.12/site-packages/airflow/example_dags/example_branch_operator.py
[2024-05-14T02:06:49.908+0000] {logging_mixin.py:188} INFO - [2024-05-14T02:06:49.908+0000] {dag.py:3096} INFO - Sync 1 DAGs
[2024-05-14T02:06:49.922+0000] {logging_mixin.py:188} INFO - [2024-05-14T02:06:49.922+0000] {dag.py:3954} INFO - Setting next_dagrun for example_branch_operator to 2024-05-13 00:00:00+00:00, run_after=2024-05-14 00:00:00+00:00
[2024-05-14T02:06:49.931+0000] {processor.py:183} INFO - Processing /home/airflow/.local/lib/python3.12/site-packages/airflow/example_dags/example_branch_operator.py took 0.075 seconds
[2024-05-14T02:07:20.201+0000] {processor.py:161} INFO - Started process (PID=1596) to work on /home/airflow/.local/lib/python3.12/site-packages/airflow/example_dags/example_branch_operator.py
[2024-05-14T02:07:20.201+0000] {processor.py:830} INFO - Processing file /home/airflow/.local/lib/python3.12/site-packages/airflow/example_dags/example_branch_operator.py for tasks to queue
[2024-05-14T02:07:20.203+0000] {logging_mixin.py:188} INFO - [2024-05-14T02:07:20.203+0000] {dagbag.py:545} INFO - Filling up the DagBag from /home/airflow/.local/lib/python3.12/site-packages/airflow/example_dags/example_branch_operator.py
[2024-05-14T02:07:20.215+0000] {processor.py:840} INFO - DAG(s) 'example_branch_operator' retrieved from /home/airflow/.local/lib/python3.12/site-packages/airflow/example_dags/example_branch_operator.py
[2024-05-14T02:07:20.232+0000] {logging_mixin.py:188} INFO - [2024-05-14T02:07:20.231+0000] {dag.py:3096} INFO - Sync 1 DAGs
[2024-05-14T02:07:20.244+0000] {logging_mixin.py:188} INFO - [2024-05-14T02:07:20.244+0000] {dag.py:3954} INFO - Setting next_dagrun for example_branch_operator to 2024-05-13 00:00:00+00:00, run_after=2024-05-14 00:00:00+00:00
[2024-05-14T02:07:20.255+0000] {processor.py:183} INFO - Processing /home/airflow/.local/lib/python3.12/site-packages/airflow/example_dags/example_branch_operator.py took 0.059 seconds
[2024-05-14T02:07:50.439+0000] {processor.py:161} INFO - Started process (PID=1655) to work on /home/airflow/.local/lib/python3.12/site-packages/airflow/example_dags/example_branch_operator.py
[2024-05-14T02:07:50.440+0000] {processor.py:830} INFO - Processing file /home/airflow/.local/lib/python3.12/site-packages/airflow/example_dags/example_branch_operator.py for tasks to queue
[2024-05-14T02:07:50.442+0000] {logging_mixin.py:188} INFO - [2024-05-14T02:07:50.442+0000] {dagbag.py:545} INFO - Filling up the DagBag from /home/airflow/.local/lib/python3.12/site-packages/airflow/example_dags/example_branch_operator.py
[2024-05-14T02:07:50.457+0000] {processor.py:840} INFO - DAG(s) 'example_branch_operator' retrieved from /home/airflow/.local/lib/python3.12/site-packages/airflow/example_dags/example_branch_operator.py
[2024-05-14T02:07:50.476+0000] {logging_mixin.py:188} INFO - [2024-05-14T02:07:50.476+0000] {dag.py:3096} INFO - Sync 1 DAGs
[2024-05-14T02:07:50.489+0000] {logging_mixin.py:188} INFO - [2024-05-14T02:07:50.489+0000] {dag.py:3954} INFO - Setting next_dagrun for example_branch_operator to 2024-05-13 00:00:00+00:00, run_after=2024-05-14 00:00:00+00:00
[2024-05-14T02:07:50.501+0000] {processor.py:183} INFO - Processing /home/airflow/.local/lib/python3.12/site-packages/airflow/example_dags/example_branch_operator.py took 0.069 seconds
[2024-05-14T02:08:20.536+0000] {processor.py:161} INFO - Started process (PID=1714) to work on /home/airflow/.local/lib/python3.12/site-packages/airflow/example_dags/example_branch_operator.py
[2024-05-14T02:08:20.538+0000] {processor.py:830} INFO - Processing file /home/airflow/.local/lib/python3.12/site-packages/airflow/example_dags/example_branch_operator.py for tasks to queue
[2024-05-14T02:08:20.542+0000] {logging_mixin.py:188} INFO - [2024-05-14T02:08:20.541+0000] {dagbag.py:545} INFO - Filling up the DagBag from /home/airflow/.local/lib/python3.12/site-packages/airflow/example_dags/example_branch_operator.py
[2024-05-14T02:08:20.560+0000] {processor.py:840} INFO - DAG(s) 'example_branch_operator' retrieved from /home/airflow/.local/lib/python3.12/site-packages/airflow/example_dags/example_branch_operator.py
[2024-05-14T02:08:20.579+0000] {logging_mixin.py:188} INFO - [2024-05-14T02:08:20.579+0000] {dag.py:3096} INFO - Sync 1 DAGs
[2024-05-14T02:08:20.592+0000] {logging_mixin.py:188} INFO - [2024-05-14T02:08:20.592+0000] {dag.py:3954} INFO - Setting next_dagrun for example_branch_operator to 2024-05-13 00:00:00+00:00, run_after=2024-05-14 00:00:00+00:00
[2024-05-14T02:08:20.601+0000] {processor.py:183} INFO - Processing /home/airflow/.local/lib/python3.12/site-packages/airflow/example_dags/example_branch_operator.py took 0.075 seconds
[2024-05-14T02:08:50.722+0000] {processor.py:161} INFO - Started process (PID=1773) to work on /home/airflow/.local/lib/python3.12/site-packages/airflow/example_dags/example_branch_operator.py
[2024-05-14T02:08:50.724+0000] {processor.py:830} INFO - Processing file /home/airflow/.local/lib/python3.12/site-packages/airflow/example_dags/example_branch_operator.py for tasks to queue
[2024-05-14T02:08:50.727+0000] {logging_mixin.py:188} INFO - [2024-05-14T02:08:50.727+0000] {dagbag.py:545} INFO - Filling up the DagBag from /home/airflow/.local/lib/python3.12/site-packages/airflow/example_dags/example_branch_operator.py
[2024-05-14T02:08:50.746+0000] {processor.py:840} INFO - DAG(s) 'example_branch_operator' retrieved from /home/airflow/.local/lib/python3.12/site-packages/airflow/example_dags/example_branch_operator.py
[2024-05-14T02:08:50.765+0000] {logging_mixin.py:188} INFO - [2024-05-14T02:08:50.765+0000] {dag.py:3096} INFO - Sync 1 DAGs
[2024-05-14T02:08:50.778+0000] {logging_mixin.py:188} INFO - [2024-05-14T02:08:50.777+0000] {dag.py:3954} INFO - Setting next_dagrun for example_branch_operator to 2024-05-13 00:00:00+00:00, run_after=2024-05-14 00:00:00+00:00
[2024-05-14T02:08:50.789+0000] {processor.py:183} INFO - Processing /home/airflow/.local/lib/python3.12/site-packages/airflow/example_dags/example_branch_operator.py took 0.079 seconds
[2024-05-14T02:09:21.452+0000] {processor.py:161} INFO - Started process (PID=1838) to work on /home/airflow/.local/lib/python3.12/site-packages/airflow/example_dags/example_branch_operator.py
[2024-05-14T02:09:21.453+0000] {processor.py:830} INFO - Processing file /home/airflow/.local/lib/python3.12/site-packages/airflow/example_dags/example_branch_operator.py for tasks to queue
[2024-05-14T02:09:21.454+0000] {logging_mixin.py:188} INFO - [2024-05-14T02:09:21.454+0000] {dagbag.py:545} INFO - Filling up the DagBag from /home/airflow/.local/lib/python3.12/site-packages/airflow/example_dags/example_branch_operator.py
[2024-05-14T02:09:21.467+0000] {processor.py:840} INFO - DAG(s) 'example_branch_operator' retrieved from /home/airflow/.local/lib/python3.12/site-packages/airflow/example_dags/example_branch_operator.py
[2024-05-14T02:09:21.482+0000] {logging_mixin.py:188} INFO - [2024-05-14T02:09:21.482+0000] {dag.py:3096} INFO - Sync 1 DAGs
[2024-05-14T02:09:21.493+0000] {logging_mixin.py:188} INFO - [2024-05-14T02:09:21.493+0000] {dag.py:3954} INFO - Setting next_dagrun for example_branch_operator to 2024-05-13 00:00:00+00:00, run_after=2024-05-14 00:00:00+00:00
[2024-05-14T02:09:21.502+0000] {processor.py:183} INFO - Processing /home/airflow/.local/lib/python3.12/site-packages/airflow/example_dags/example_branch_operator.py took 0.056 seconds
[2024-05-14T02:09:51.818+0000] {processor.py:161} INFO - Started process (PID=1897) to work on /home/airflow/.local/lib/python3.12/site-packages/airflow/example_dags/example_branch_operator.py
[2024-05-14T02:09:51.819+0000] {processor.py:830} INFO - Processing file /home/airflow/.local/lib/python3.12/site-packages/airflow/example_dags/example_branch_operator.py for tasks to queue
[2024-05-14T02:09:51.821+0000] {logging_mixin.py:188} INFO - [2024-05-14T02:09:51.821+0000] {dagbag.py:545} INFO - Filling up the DagBag from /home/airflow/.local/lib/python3.12/site-packages/airflow/example_dags/example_branch_operator.py
[2024-05-14T02:09:51.836+0000] {processor.py:840} INFO - DAG(s) 'example_branch_operator' retrieved from /home/airflow/.local/lib/python3.12/site-packages/airflow/example_dags/example_branch_operator.py
[2024-05-14T02:09:51.856+0000] {logging_mixin.py:188} INFO - [2024-05-14T02:09:51.856+0000] {dag.py:3096} INFO - Sync 1 DAGs
[2024-05-14T02:09:51.868+0000] {logging_mixin.py:188} INFO - [2024-05-14T02:09:51.868+0000] {dag.py:3954} INFO - Setting next_dagrun for example_branch_operator to 2024-05-13 00:00:00+00:00, run_after=2024-05-14 00:00:00+00:00
[2024-05-14T02:09:51.877+0000] {processor.py:183} INFO - Processing /home/airflow/.local/lib/python3.12/site-packages/airflow/example_dags/example_branch_operator.py took 0.066 seconds
[2024-05-14T02:10:22.720+0000] {processor.py:161} INFO - Started process (PID=1956) to work on /home/airflow/.local/lib/python3.12/site-packages/airflow/example_dags/example_branch_operator.py
[2024-05-14T02:10:22.723+0000] {processor.py:830} INFO - Processing file /home/airflow/.local/lib/python3.12/site-packages/airflow/example_dags/example_branch_operator.py for tasks to queue
[2024-05-14T02:10:22.725+0000] {logging_mixin.py:188} INFO - [2024-05-14T02:10:22.725+0000] {dagbag.py:545} INFO - Filling up the DagBag from /home/airflow/.local/lib/python3.12/site-packages/airflow/example_dags/example_branch_operator.py
[2024-05-14T02:10:22.742+0000] {processor.py:840} INFO - DAG(s) 'example_branch_operator' retrieved from /home/airflow/.local/lib/python3.12/site-packages/airflow/example_dags/example_branch_operator.py
[2024-05-14T02:10:22.850+0000] {logging_mixin.py:188} INFO - [2024-05-14T02:10:22.849+0000] {dag.py:3096} INFO - Sync 1 DAGs
[2024-05-14T02:10:22.859+0000] {logging_mixin.py:188} INFO - [2024-05-14T02:10:22.859+0000] {dag.py:3954} INFO - Setting next_dagrun for example_branch_operator to 2024-05-13 00:00:00+00:00, run_after=2024-05-14 00:00:00+00:00
[2024-05-14T02:10:22.867+0000] {processor.py:183} INFO - Processing /home/airflow/.local/lib/python3.12/site-packages/airflow/example_dags/example_branch_operator.py took 0.155 seconds
[2024-05-14T02:10:53.602+0000] {processor.py:161} INFO - Started process (PID=2014) to work on /home/airflow/.local/lib/python3.12/site-packages/airflow/example_dags/example_branch_operator.py
[2024-05-14T02:10:53.604+0000] {processor.py:830} INFO - Processing file /home/airflow/.local/lib/python3.12/site-packages/airflow/example_dags/example_branch_operator.py for tasks to queue
[2024-05-14T02:10:53.607+0000] {logging_mixin.py:188} INFO - [2024-05-14T02:10:53.606+0000] {dagbag.py:545} INFO - Filling up the DagBag from /home/airflow/.local/lib/python3.12/site-packages/airflow/example_dags/example_branch_operator.py
[2024-05-14T02:10:53.626+0000] {processor.py:840} INFO - DAG(s) 'example_branch_operator' retrieved from /home/airflow/.local/lib/python3.12/site-packages/airflow/example_dags/example_branch_operator.py
[2024-05-14T02:10:53.741+0000] {logging_mixin.py:188} INFO - [2024-05-14T02:10:53.740+0000] {dag.py:3096} INFO - Sync 1 DAGs
[2024-05-14T02:10:53.750+0000] {logging_mixin.py:188} INFO - [2024-05-14T02:10:53.750+0000] {dag.py:3954} INFO - Setting next_dagrun for example_branch_operator to 2024-05-13 00:00:00+00:00, run_after=2024-05-14 00:00:00+00:00
[2024-05-14T02:10:53.759+0000] {processor.py:183} INFO - Processing /home/airflow/.local/lib/python3.12/site-packages/airflow/example_dags/example_branch_operator.py took 0.166 seconds
[2024-05-14T02:11:24.598+0000] {processor.py:161} INFO - Started process (PID=2073) to work on /home/airflow/.local/lib/python3.12/site-packages/airflow/example_dags/example_branch_operator.py
[2024-05-14T02:11:24.600+0000] {processor.py:830} INFO - Processing file /home/airflow/.local/lib/python3.12/site-packages/airflow/example_dags/example_branch_operator.py for tasks to queue
[2024-05-14T02:11:24.602+0000] {logging_mixin.py:188} INFO - [2024-05-14T02:11:24.602+0000] {dagbag.py:545} INFO - Filling up the DagBag from /home/airflow/.local/lib/python3.12/site-packages/airflow/example_dags/example_branch_operator.py
[2024-05-14T02:11:24.618+0000] {processor.py:840} INFO - DAG(s) 'example_branch_operator' retrieved from /home/airflow/.local/lib/python3.12/site-packages/airflow/example_dags/example_branch_operator.py
[2024-05-14T02:11:24.637+0000] {logging_mixin.py:188} INFO - [2024-05-14T02:11:24.636+0000] {dag.py:3096} INFO - Sync 1 DAGs
[2024-05-14T02:11:24.649+0000] {logging_mixin.py:188} INFO - [2024-05-14T02:11:24.649+0000] {dag.py:3954} INFO - Setting next_dagrun for example_branch_operator to 2024-05-13 00:00:00+00:00, run_after=2024-05-14 00:00:00+00:00
[2024-05-14T02:11:24.657+0000] {processor.py:183} INFO - Processing /home/airflow/.local/lib/python3.12/site-packages/airflow/example_dags/example_branch_operator.py took 0.067 seconds
[2024-05-14T02:11:55.190+0000] {processor.py:161} INFO - Started process (PID=2131) to work on /home/airflow/.local/lib/python3.12/site-packages/airflow/example_dags/example_branch_operator.py
[2024-05-14T02:11:55.193+0000] {processor.py:830} INFO - Processing file /home/airflow/.local/lib/python3.12/site-packages/airflow/example_dags/example_branch_operator.py for tasks to queue
[2024-05-14T02:11:55.196+0000] {logging_mixin.py:188} INFO - [2024-05-14T02:11:55.195+0000] {dagbag.py:545} INFO - Filling up the DagBag from /home/airflow/.local/lib/python3.12/site-packages/airflow/example_dags/example_branch_operator.py
[2024-05-14T02:11:55.216+0000] {processor.py:840} INFO - DAG(s) 'example_branch_operator' retrieved from /home/airflow/.local/lib/python3.12/site-packages/airflow/example_dags/example_branch_operator.py
[2024-05-14T02:11:55.237+0000] {logging_mixin.py:188} INFO - [2024-05-14T02:11:55.237+0000] {dag.py:3096} INFO - Sync 1 DAGs
[2024-05-14T02:11:55.249+0000] {logging_mixin.py:188} INFO - [2024-05-14T02:11:55.249+0000] {dag.py:3954} INFO - Setting next_dagrun for example_branch_operator to 2024-05-13 00:00:00+00:00, run_after=2024-05-14 00:00:00+00:00
[2024-05-14T02:11:55.258+0000] {processor.py:183} INFO - Processing /home/airflow/.local/lib/python3.12/site-packages/airflow/example_dags/example_branch_operator.py took 0.080 seconds
[2024-05-14T02:12:26.095+0000] {processor.py:161} INFO - Started process (PID=2189) to work on /home/airflow/.local/lib/python3.12/site-packages/airflow/example_dags/example_branch_operator.py
[2024-05-14T02:12:26.098+0000] {processor.py:830} INFO - Processing file /home/airflow/.local/lib/python3.12/site-packages/airflow/example_dags/example_branch_operator.py for tasks to queue
[2024-05-14T02:12:26.101+0000] {logging_mixin.py:188} INFO - [2024-05-14T02:12:26.100+0000] {dagbag.py:545} INFO - Filling up the DagBag from /home/airflow/.local/lib/python3.12/site-packages/airflow/example_dags/example_branch_operator.py
[2024-05-14T02:12:26.119+0000] {processor.py:840} INFO - DAG(s) 'example_branch_operator' retrieved from /home/airflow/.local/lib/python3.12/site-packages/airflow/example_dags/example_branch_operator.py
[2024-05-14T02:12:26.136+0000] {logging_mixin.py:188} INFO - [2024-05-14T02:12:26.136+0000] {dag.py:3096} INFO - Sync 1 DAGs
[2024-05-14T02:12:26.149+0000] {logging_mixin.py:188} INFO - [2024-05-14T02:12:26.149+0000] {dag.py:3954} INFO - Setting next_dagrun for example_branch_operator to 2024-05-13 00:00:00+00:00, run_after=2024-05-14 00:00:00+00:00
[2024-05-14T02:12:26.158+0000] {processor.py:183} INFO - Processing /home/airflow/.local/lib/python3.12/site-packages/airflow/example_dags/example_branch_operator.py took 0.076 seconds
