[2024-05-14T01:54:09.785+0000] {processor.py:161} INFO - Started process (PID=73) to work on /home/airflow/.local/lib/python3.12/site-packages/airflow/example_dags/example_task_group.py
[2024-05-14T01:54:09.786+0000] {processor.py:830} INFO - Processing file /home/airflow/.local/lib/python3.12/site-packages/airflow/example_dags/example_task_group.py for tasks to queue
[2024-05-14T01:54:09.788+0000] {logging_mixin.py:188} INFO - [2024-05-14T01:54:09.787+0000] {dagbag.py:545} INFO - Filling up the DagBag from /home/airflow/.local/lib/python3.12/site-packages/airflow/example_dags/example_task_group.py
[2024-05-14T01:54:09.794+0000] {processor.py:840} INFO - DAG(s) 'example_task_group' retrieved from /home/airflow/.local/lib/python3.12/site-packages/airflow/example_dags/example_task_group.py
[2024-05-14T01:54:09.821+0000] {logging_mixin.py:188} INFO - [2024-05-14T01:54:09.821+0000] {dag.py:3096} INFO - Sync 1 DAGs
[2024-05-14T01:54:09.851+0000] {logging_mixin.py:188} INFO - [2024-05-14T01:54:09.851+0000] {dag.py:3954} INFO - Setting next_dagrun for example_task_group to 2024-05-13 00:00:00+00:00, run_after=2024-05-14 00:00:00+00:00
[2024-05-14T01:54:09.930+0000] {processor.py:183} INFO - Processing /home/airflow/.local/lib/python3.12/site-packages/airflow/example_dags/example_task_group.py took 0.151 seconds
[2024-05-14T01:54:40.177+0000] {processor.py:161} INFO - Started process (PID=132) to work on /home/airflow/.local/lib/python3.12/site-packages/airflow/example_dags/example_task_group.py
[2024-05-14T01:54:40.178+0000] {processor.py:830} INFO - Processing file /home/airflow/.local/lib/python3.12/site-packages/airflow/example_dags/example_task_group.py for tasks to queue
[2024-05-14T01:54:40.179+0000] {logging_mixin.py:188} INFO - [2024-05-14T01:54:40.179+0000] {dagbag.py:545} INFO - Filling up the DagBag from /home/airflow/.local/lib/python3.12/site-packages/airflow/example_dags/example_task_group.py
[2024-05-14T01:54:40.182+0000] {processor.py:840} INFO - DAG(s) 'example_task_group' retrieved from /home/airflow/.local/lib/python3.12/site-packages/airflow/example_dags/example_task_group.py
[2024-05-14T01:54:40.227+0000] {logging_mixin.py:188} INFO - [2024-05-14T01:54:40.227+0000] {dag.py:3096} INFO - Sync 1 DAGs
[2024-05-14T01:54:40.235+0000] {logging_mixin.py:188} INFO - [2024-05-14T01:54:40.235+0000] {dag.py:3954} INFO - Setting next_dagrun for example_task_group to 2024-05-13 00:00:00+00:00, run_after=2024-05-14 00:00:00+00:00
[2024-05-14T01:54:40.243+0000] {processor.py:183} INFO - Processing /home/airflow/.local/lib/python3.12/site-packages/airflow/example_dags/example_task_group.py took 0.069 seconds
[2024-05-14T01:55:11.092+0000] {processor.py:161} INFO - Started process (PID=191) to work on /home/airflow/.local/lib/python3.12/site-packages/airflow/example_dags/example_task_group.py
[2024-05-14T01:55:11.092+0000] {processor.py:830} INFO - Processing file /home/airflow/.local/lib/python3.12/site-packages/airflow/example_dags/example_task_group.py for tasks to queue
[2024-05-14T01:55:11.094+0000] {logging_mixin.py:188} INFO - [2024-05-14T01:55:11.093+0000] {dagbag.py:545} INFO - Filling up the DagBag from /home/airflow/.local/lib/python3.12/site-packages/airflow/example_dags/example_task_group.py
[2024-05-14T01:55:11.097+0000] {processor.py:840} INFO - DAG(s) 'example_task_group' retrieved from /home/airflow/.local/lib/python3.12/site-packages/airflow/example_dags/example_task_group.py
[2024-05-14T01:55:11.113+0000] {logging_mixin.py:188} INFO - [2024-05-14T01:55:11.112+0000] {dag.py:3096} INFO - Sync 1 DAGs
[2024-05-14T01:55:11.128+0000] {logging_mixin.py:188} INFO - [2024-05-14T01:55:11.128+0000] {dag.py:3954} INFO - Setting next_dagrun for example_task_group to 2024-05-13 00:00:00+00:00, run_after=2024-05-14 00:00:00+00:00
[2024-05-14T01:55:11.139+0000] {processor.py:183} INFO - Processing /home/airflow/.local/lib/python3.12/site-packages/airflow/example_dags/example_task_group.py took 0.050 seconds
[2024-05-14T01:55:41.270+0000] {processor.py:161} INFO - Started process (PID=250) to work on /home/airflow/.local/lib/python3.12/site-packages/airflow/example_dags/example_task_group.py
[2024-05-14T01:55:41.270+0000] {processor.py:830} INFO - Processing file /home/airflow/.local/lib/python3.12/site-packages/airflow/example_dags/example_task_group.py for tasks to queue
[2024-05-14T01:55:41.271+0000] {logging_mixin.py:188} INFO - [2024-05-14T01:55:41.271+0000] {dagbag.py:545} INFO - Filling up the DagBag from /home/airflow/.local/lib/python3.12/site-packages/airflow/example_dags/example_task_group.py
[2024-05-14T01:55:41.276+0000] {processor.py:840} INFO - DAG(s) 'example_task_group' retrieved from /home/airflow/.local/lib/python3.12/site-packages/airflow/example_dags/example_task_group.py
[2024-05-14T01:55:41.302+0000] {logging_mixin.py:188} INFO - [2024-05-14T01:55:41.302+0000] {dag.py:3096} INFO - Sync 1 DAGs
[2024-05-14T01:55:41.314+0000] {logging_mixin.py:188} INFO - [2024-05-14T01:55:41.314+0000] {dag.py:3954} INFO - Setting next_dagrun for example_task_group to 2024-05-13 00:00:00+00:00, run_after=2024-05-14 00:00:00+00:00
[2024-05-14T01:55:41.327+0000] {processor.py:183} INFO - Processing /home/airflow/.local/lib/python3.12/site-packages/airflow/example_dags/example_task_group.py took 0.061 seconds
[2024-05-14T01:56:11.432+0000] {processor.py:161} INFO - Started process (PID=309) to work on /home/airflow/.local/lib/python3.12/site-packages/airflow/example_dags/example_task_group.py
[2024-05-14T01:56:11.432+0000] {processor.py:830} INFO - Processing file /home/airflow/.local/lib/python3.12/site-packages/airflow/example_dags/example_task_group.py for tasks to queue
[2024-05-14T01:56:11.433+0000] {logging_mixin.py:188} INFO - [2024-05-14T01:56:11.433+0000] {dagbag.py:545} INFO - Filling up the DagBag from /home/airflow/.local/lib/python3.12/site-packages/airflow/example_dags/example_task_group.py
[2024-05-14T01:56:11.436+0000] {processor.py:840} INFO - DAG(s) 'example_task_group' retrieved from /home/airflow/.local/lib/python3.12/site-packages/airflow/example_dags/example_task_group.py
[2024-05-14T01:56:11.446+0000] {logging_mixin.py:188} INFO - [2024-05-14T01:56:11.446+0000] {dag.py:3096} INFO - Sync 1 DAGs
[2024-05-14T01:56:11.456+0000] {logging_mixin.py:188} INFO - [2024-05-14T01:56:11.456+0000] {dag.py:3954} INFO - Setting next_dagrun for example_task_group to 2024-05-13 00:00:00+00:00, run_after=2024-05-14 00:00:00+00:00
[2024-05-14T01:56:11.468+0000] {processor.py:183} INFO - Processing /home/airflow/.local/lib/python3.12/site-packages/airflow/example_dags/example_task_group.py took 0.039 seconds
[2024-05-14T01:56:41.584+0000] {processor.py:161} INFO - Started process (PID=367) to work on /home/airflow/.local/lib/python3.12/site-packages/airflow/example_dags/example_task_group.py
[2024-05-14T01:56:41.585+0000] {processor.py:830} INFO - Processing file /home/airflow/.local/lib/python3.12/site-packages/airflow/example_dags/example_task_group.py for tasks to queue
[2024-05-14T01:56:41.586+0000] {logging_mixin.py:188} INFO - [2024-05-14T01:56:41.586+0000] {dagbag.py:545} INFO - Filling up the DagBag from /home/airflow/.local/lib/python3.12/site-packages/airflow/example_dags/example_task_group.py
[2024-05-14T01:56:41.590+0000] {processor.py:840} INFO - DAG(s) 'example_task_group' retrieved from /home/airflow/.local/lib/python3.12/site-packages/airflow/example_dags/example_task_group.py
[2024-05-14T01:56:41.606+0000] {logging_mixin.py:188} INFO - [2024-05-14T01:56:41.606+0000] {dag.py:3096} INFO - Sync 1 DAGs
[2024-05-14T01:56:41.618+0000] {logging_mixin.py:188} INFO - [2024-05-14T01:56:41.618+0000] {dag.py:3954} INFO - Setting next_dagrun for example_task_group to 2024-05-13 00:00:00+00:00, run_after=2024-05-14 00:00:00+00:00
[2024-05-14T01:56:41.627+0000] {processor.py:183} INFO - Processing /home/airflow/.local/lib/python3.12/site-packages/airflow/example_dags/example_task_group.py took 0.046 seconds
[2024-05-14T01:57:12.602+0000] {processor.py:161} INFO - Started process (PID=426) to work on /home/airflow/.local/lib/python3.12/site-packages/airflow/example_dags/example_task_group.py
[2024-05-14T01:57:12.602+0000] {processor.py:830} INFO - Processing file /home/airflow/.local/lib/python3.12/site-packages/airflow/example_dags/example_task_group.py for tasks to queue
[2024-05-14T01:57:12.603+0000] {logging_mixin.py:188} INFO - [2024-05-14T01:57:12.603+0000] {dagbag.py:545} INFO - Filling up the DagBag from /home/airflow/.local/lib/python3.12/site-packages/airflow/example_dags/example_task_group.py
[2024-05-14T01:57:12.607+0000] {processor.py:840} INFO - DAG(s) 'example_task_group' retrieved from /home/airflow/.local/lib/python3.12/site-packages/airflow/example_dags/example_task_group.py
[2024-05-14T01:57:12.617+0000] {logging_mixin.py:188} INFO - [2024-05-14T01:57:12.617+0000] {dag.py:3096} INFO - Sync 1 DAGs
[2024-05-14T01:57:12.627+0000] {logging_mixin.py:188} INFO - [2024-05-14T01:57:12.627+0000] {dag.py:3954} INFO - Setting next_dagrun for example_task_group to 2024-05-13 00:00:00+00:00, run_after=2024-05-14 00:00:00+00:00
[2024-05-14T01:57:12.635+0000] {processor.py:183} INFO - Processing /home/airflow/.local/lib/python3.12/site-packages/airflow/example_dags/example_task_group.py took 0.037 seconds
[2024-05-14T01:57:43.343+0000] {processor.py:161} INFO - Started process (PID=485) to work on /home/airflow/.local/lib/python3.12/site-packages/airflow/example_dags/example_task_group.py
[2024-05-14T01:57:43.344+0000] {processor.py:830} INFO - Processing file /home/airflow/.local/lib/python3.12/site-packages/airflow/example_dags/example_task_group.py for tasks to queue
[2024-05-14T01:57:43.345+0000] {logging_mixin.py:188} INFO - [2024-05-14T01:57:43.345+0000] {dagbag.py:545} INFO - Filling up the DagBag from /home/airflow/.local/lib/python3.12/site-packages/airflow/example_dags/example_task_group.py
[2024-05-14T01:57:43.350+0000] {processor.py:840} INFO - DAG(s) 'example_task_group' retrieved from /home/airflow/.local/lib/python3.12/site-packages/airflow/example_dags/example_task_group.py
[2024-05-14T01:57:43.361+0000] {logging_mixin.py:188} INFO - [2024-05-14T01:57:43.361+0000] {dag.py:3096} INFO - Sync 1 DAGs
[2024-05-14T01:57:43.373+0000] {logging_mixin.py:188} INFO - [2024-05-14T01:57:43.373+0000] {dag.py:3954} INFO - Setting next_dagrun for example_task_group to 2024-05-13 00:00:00+00:00, run_after=2024-05-14 00:00:00+00:00
[2024-05-14T01:57:43.383+0000] {processor.py:183} INFO - Processing /home/airflow/.local/lib/python3.12/site-packages/airflow/example_dags/example_task_group.py took 0.042 seconds
[2024-05-14T01:58:14.084+0000] {processor.py:161} INFO - Started process (PID=544) to work on /home/airflow/.local/lib/python3.12/site-packages/airflow/example_dags/example_task_group.py
[2024-05-14T01:58:14.085+0000] {processor.py:830} INFO - Processing file /home/airflow/.local/lib/python3.12/site-packages/airflow/example_dags/example_task_group.py for tasks to queue
[2024-05-14T01:58:14.086+0000] {logging_mixin.py:188} INFO - [2024-05-14T01:58:14.086+0000] {dagbag.py:545} INFO - Filling up the DagBag from /home/airflow/.local/lib/python3.12/site-packages/airflow/example_dags/example_task_group.py
[2024-05-14T01:58:14.089+0000] {processor.py:840} INFO - DAG(s) 'example_task_group' retrieved from /home/airflow/.local/lib/python3.12/site-packages/airflow/example_dags/example_task_group.py
[2024-05-14T01:58:14.099+0000] {logging_mixin.py:188} INFO - [2024-05-14T01:58:14.099+0000] {dag.py:3096} INFO - Sync 1 DAGs
[2024-05-14T01:58:14.108+0000] {logging_mixin.py:188} INFO - [2024-05-14T01:58:14.108+0000] {dag.py:3954} INFO - Setting next_dagrun for example_task_group to 2024-05-13 00:00:00+00:00, run_after=2024-05-14 00:00:00+00:00
[2024-05-14T01:58:14.115+0000] {processor.py:183} INFO - Processing /home/airflow/.local/lib/python3.12/site-packages/airflow/example_dags/example_task_group.py took 0.034 seconds
[2024-05-14T01:58:44.859+0000] {processor.py:161} INFO - Started process (PID=602) to work on /home/airflow/.local/lib/python3.12/site-packages/airflow/example_dags/example_task_group.py
[2024-05-14T01:58:44.860+0000] {processor.py:830} INFO - Processing file /home/airflow/.local/lib/python3.12/site-packages/airflow/example_dags/example_task_group.py for tasks to queue
[2024-05-14T01:58:44.861+0000] {logging_mixin.py:188} INFO - [2024-05-14T01:58:44.861+0000] {dagbag.py:545} INFO - Filling up the DagBag from /home/airflow/.local/lib/python3.12/site-packages/airflow/example_dags/example_task_group.py
[2024-05-14T01:58:44.864+0000] {processor.py:840} INFO - DAG(s) 'example_task_group' retrieved from /home/airflow/.local/lib/python3.12/site-packages/airflow/example_dags/example_task_group.py
[2024-05-14T01:58:44.875+0000] {logging_mixin.py:188} INFO - [2024-05-14T01:58:44.875+0000] {dag.py:3096} INFO - Sync 1 DAGs
[2024-05-14T01:58:44.885+0000] {logging_mixin.py:188} INFO - [2024-05-14T01:58:44.885+0000] {dag.py:3954} INFO - Setting next_dagrun for example_task_group to 2024-05-13 00:00:00+00:00, run_after=2024-05-14 00:00:00+00:00
[2024-05-14T01:58:44.894+0000] {processor.py:183} INFO - Processing /home/airflow/.local/lib/python3.12/site-packages/airflow/example_dags/example_task_group.py took 0.037 seconds
[2024-05-14T01:59:15.669+0000] {processor.py:161} INFO - Started process (PID=661) to work on /home/airflow/.local/lib/python3.12/site-packages/airflow/example_dags/example_task_group.py
[2024-05-14T01:59:15.670+0000] {processor.py:830} INFO - Processing file /home/airflow/.local/lib/python3.12/site-packages/airflow/example_dags/example_task_group.py for tasks to queue
[2024-05-14T01:59:15.671+0000] {logging_mixin.py:188} INFO - [2024-05-14T01:59:15.671+0000] {dagbag.py:545} INFO - Filling up the DagBag from /home/airflow/.local/lib/python3.12/site-packages/airflow/example_dags/example_task_group.py
[2024-05-14T01:59:15.675+0000] {processor.py:840} INFO - DAG(s) 'example_task_group' retrieved from /home/airflow/.local/lib/python3.12/site-packages/airflow/example_dags/example_task_group.py
[2024-05-14T01:59:15.687+0000] {logging_mixin.py:188} INFO - [2024-05-14T01:59:15.687+0000] {dag.py:3096} INFO - Sync 1 DAGs
[2024-05-14T01:59:15.698+0000] {logging_mixin.py:188} INFO - [2024-05-14T01:59:15.698+0000] {dag.py:3954} INFO - Setting next_dagrun for example_task_group to 2024-05-13 00:00:00+00:00, run_after=2024-05-14 00:00:00+00:00
[2024-05-14T01:59:15.707+0000] {processor.py:183} INFO - Processing /home/airflow/.local/lib/python3.12/site-packages/airflow/example_dags/example_task_group.py took 0.042 seconds
[2024-05-14T01:59:46.488+0000] {processor.py:161} INFO - Started process (PID=720) to work on /home/airflow/.local/lib/python3.12/site-packages/airflow/example_dags/example_task_group.py
[2024-05-14T01:59:46.488+0000] {processor.py:830} INFO - Processing file /home/airflow/.local/lib/python3.12/site-packages/airflow/example_dags/example_task_group.py for tasks to queue
[2024-05-14T01:59:46.489+0000] {logging_mixin.py:188} INFO - [2024-05-14T01:59:46.489+0000] {dagbag.py:545} INFO - Filling up the DagBag from /home/airflow/.local/lib/python3.12/site-packages/airflow/example_dags/example_task_group.py
[2024-05-14T01:59:46.493+0000] {processor.py:840} INFO - DAG(s) 'example_task_group' retrieved from /home/airflow/.local/lib/python3.12/site-packages/airflow/example_dags/example_task_group.py
[2024-05-14T01:59:46.503+0000] {logging_mixin.py:188} INFO - [2024-05-14T01:59:46.503+0000] {dag.py:3096} INFO - Sync 1 DAGs
[2024-05-14T01:59:46.515+0000] {logging_mixin.py:188} INFO - [2024-05-14T01:59:46.515+0000] {dag.py:3954} INFO - Setting next_dagrun for example_task_group to 2024-05-13 00:00:00+00:00, run_after=2024-05-14 00:00:00+00:00
[2024-05-14T01:59:46.532+0000] {processor.py:183} INFO - Processing /home/airflow/.local/lib/python3.12/site-packages/airflow/example_dags/example_task_group.py took 0.048 seconds
[2024-05-14T02:00:17.261+0000] {processor.py:161} INFO - Started process (PID=779) to work on /home/airflow/.local/lib/python3.12/site-packages/airflow/example_dags/example_task_group.py
[2024-05-14T02:00:17.262+0000] {processor.py:830} INFO - Processing file /home/airflow/.local/lib/python3.12/site-packages/airflow/example_dags/example_task_group.py for tasks to queue
[2024-05-14T02:00:17.263+0000] {logging_mixin.py:188} INFO - [2024-05-14T02:00:17.263+0000] {dagbag.py:545} INFO - Filling up the DagBag from /home/airflow/.local/lib/python3.12/site-packages/airflow/example_dags/example_task_group.py
[2024-05-14T02:00:17.266+0000] {processor.py:840} INFO - DAG(s) 'example_task_group' retrieved from /home/airflow/.local/lib/python3.12/site-packages/airflow/example_dags/example_task_group.py
[2024-05-14T02:00:17.277+0000] {logging_mixin.py:188} INFO - [2024-05-14T02:00:17.277+0000] {dag.py:3096} INFO - Sync 1 DAGs
[2024-05-14T02:00:17.287+0000] {logging_mixin.py:188} INFO - [2024-05-14T02:00:17.287+0000] {dag.py:3954} INFO - Setting next_dagrun for example_task_group to 2024-05-13 00:00:00+00:00, run_after=2024-05-14 00:00:00+00:00
[2024-05-14T02:00:17.295+0000] {processor.py:183} INFO - Processing /home/airflow/.local/lib/python3.12/site-packages/airflow/example_dags/example_task_group.py took 0.037 seconds
[2024-05-14T02:00:48.224+0000] {processor.py:161} INFO - Started process (PID=838) to work on /home/airflow/.local/lib/python3.12/site-packages/airflow/example_dags/example_task_group.py
[2024-05-14T02:00:48.225+0000] {processor.py:830} INFO - Processing file /home/airflow/.local/lib/python3.12/site-packages/airflow/example_dags/example_task_group.py for tasks to queue
[2024-05-14T02:00:48.226+0000] {logging_mixin.py:188} INFO - [2024-05-14T02:00:48.226+0000] {dagbag.py:545} INFO - Filling up the DagBag from /home/airflow/.local/lib/python3.12/site-packages/airflow/example_dags/example_task_group.py
[2024-05-14T02:00:48.229+0000] {processor.py:840} INFO - DAG(s) 'example_task_group' retrieved from /home/airflow/.local/lib/python3.12/site-packages/airflow/example_dags/example_task_group.py
[2024-05-14T02:00:48.240+0000] {logging_mixin.py:188} INFO - [2024-05-14T02:00:48.240+0000] {dag.py:3096} INFO - Sync 1 DAGs
[2024-05-14T02:00:48.250+0000] {logging_mixin.py:188} INFO - [2024-05-14T02:00:48.250+0000] {dag.py:3954} INFO - Setting next_dagrun for example_task_group to 2024-05-13 00:00:00+00:00, run_after=2024-05-14 00:00:00+00:00
[2024-05-14T02:00:48.259+0000] {processor.py:183} INFO - Processing /home/airflow/.local/lib/python3.12/site-packages/airflow/example_dags/example_task_group.py took 0.037 seconds
[2024-05-14T02:01:18.357+0000] {processor.py:161} INFO - Started process (PID=897) to work on /home/airflow/.local/lib/python3.12/site-packages/airflow/example_dags/example_task_group.py
[2024-05-14T02:01:18.357+0000] {processor.py:830} INFO - Processing file /home/airflow/.local/lib/python3.12/site-packages/airflow/example_dags/example_task_group.py for tasks to queue
[2024-05-14T02:01:18.358+0000] {logging_mixin.py:188} INFO - [2024-05-14T02:01:18.358+0000] {dagbag.py:545} INFO - Filling up the DagBag from /home/airflow/.local/lib/python3.12/site-packages/airflow/example_dags/example_task_group.py
[2024-05-14T02:01:18.362+0000] {processor.py:840} INFO - DAG(s) 'example_task_group' retrieved from /home/airflow/.local/lib/python3.12/site-packages/airflow/example_dags/example_task_group.py
[2024-05-14T02:01:18.372+0000] {logging_mixin.py:188} INFO - [2024-05-14T02:01:18.372+0000] {dag.py:3096} INFO - Sync 1 DAGs
[2024-05-14T02:01:18.382+0000] {logging_mixin.py:188} INFO - [2024-05-14T02:01:18.382+0000] {dag.py:3954} INFO - Setting next_dagrun for example_task_group to 2024-05-13 00:00:00+00:00, run_after=2024-05-14 00:00:00+00:00
[2024-05-14T02:01:18.390+0000] {processor.py:183} INFO - Processing /home/airflow/.local/lib/python3.12/site-packages/airflow/example_dags/example_task_group.py took 0.036 seconds
[2024-05-14T02:01:48.484+0000] {processor.py:161} INFO - Started process (PID=956) to work on /home/airflow/.local/lib/python3.12/site-packages/airflow/example_dags/example_task_group.py
[2024-05-14T02:01:48.491+0000] {processor.py:830} INFO - Processing file /home/airflow/.local/lib/python3.12/site-packages/airflow/example_dags/example_task_group.py for tasks to queue
[2024-05-14T02:01:48.492+0000] {logging_mixin.py:188} INFO - [2024-05-14T02:01:48.492+0000] {dagbag.py:545} INFO - Filling up the DagBag from /home/airflow/.local/lib/python3.12/site-packages/airflow/example_dags/example_task_group.py
[2024-05-14T02:01:48.496+0000] {processor.py:840} INFO - DAG(s) 'example_task_group' retrieved from /home/airflow/.local/lib/python3.12/site-packages/airflow/example_dags/example_task_group.py
[2024-05-14T02:01:48.507+0000] {logging_mixin.py:188} INFO - [2024-05-14T02:01:48.507+0000] {dag.py:3096} INFO - Sync 1 DAGs
[2024-05-14T02:01:48.517+0000] {logging_mixin.py:188} INFO - [2024-05-14T02:01:48.516+0000] {dag.py:3954} INFO - Setting next_dagrun for example_task_group to 2024-05-13 00:00:00+00:00, run_after=2024-05-14 00:00:00+00:00
[2024-05-14T02:01:48.526+0000] {processor.py:183} INFO - Processing /home/airflow/.local/lib/python3.12/site-packages/airflow/example_dags/example_task_group.py took 0.045 seconds
[2024-05-14T02:02:18.708+0000] {processor.py:161} INFO - Started process (PID=1015) to work on /home/airflow/.local/lib/python3.12/site-packages/airflow/example_dags/example_task_group.py
[2024-05-14T02:02:18.709+0000] {processor.py:830} INFO - Processing file /home/airflow/.local/lib/python3.12/site-packages/airflow/example_dags/example_task_group.py for tasks to queue
[2024-05-14T02:02:18.710+0000] {logging_mixin.py:188} INFO - [2024-05-14T02:02:18.710+0000] {dagbag.py:545} INFO - Filling up the DagBag from /home/airflow/.local/lib/python3.12/site-packages/airflow/example_dags/example_task_group.py
[2024-05-14T02:02:18.714+0000] {processor.py:840} INFO - DAG(s) 'example_task_group' retrieved from /home/airflow/.local/lib/python3.12/site-packages/airflow/example_dags/example_task_group.py
[2024-05-14T02:02:18.724+0000] {logging_mixin.py:188} INFO - [2024-05-14T02:02:18.724+0000] {dag.py:3096} INFO - Sync 1 DAGs
[2024-05-14T02:02:18.734+0000] {logging_mixin.py:188} INFO - [2024-05-14T02:02:18.734+0000] {dag.py:3954} INFO - Setting next_dagrun for example_task_group to 2024-05-13 00:00:00+00:00, run_after=2024-05-14 00:00:00+00:00
[2024-05-14T02:02:18.742+0000] {processor.py:183} INFO - Processing /home/airflow/.local/lib/python3.12/site-packages/airflow/example_dags/example_task_group.py took 0.037 seconds
[2024-05-14T02:02:48.882+0000] {processor.py:161} INFO - Started process (PID=1074) to work on /home/airflow/.local/lib/python3.12/site-packages/airflow/example_dags/example_task_group.py
[2024-05-14T02:02:48.883+0000] {processor.py:830} INFO - Processing file /home/airflow/.local/lib/python3.12/site-packages/airflow/example_dags/example_task_group.py for tasks to queue
[2024-05-14T02:02:48.884+0000] {logging_mixin.py:188} INFO - [2024-05-14T02:02:48.884+0000] {dagbag.py:545} INFO - Filling up the DagBag from /home/airflow/.local/lib/python3.12/site-packages/airflow/example_dags/example_task_group.py
[2024-05-14T02:02:48.888+0000] {processor.py:840} INFO - DAG(s) 'example_task_group' retrieved from /home/airflow/.local/lib/python3.12/site-packages/airflow/example_dags/example_task_group.py
[2024-05-14T02:02:48.899+0000] {logging_mixin.py:188} INFO - [2024-05-14T02:02:48.899+0000] {dag.py:3096} INFO - Sync 1 DAGs
[2024-05-14T02:02:48.909+0000] {logging_mixin.py:188} INFO - [2024-05-14T02:02:48.909+0000] {dag.py:3954} INFO - Setting next_dagrun for example_task_group to 2024-05-13 00:00:00+00:00, run_after=2024-05-14 00:00:00+00:00
[2024-05-14T02:02:48.917+0000] {processor.py:183} INFO - Processing /home/airflow/.local/lib/python3.12/site-packages/airflow/example_dags/example_task_group.py took 0.037 seconds
[2024-05-14T02:03:19.947+0000] {processor.py:161} INFO - Started process (PID=1133) to work on /home/airflow/.local/lib/python3.12/site-packages/airflow/example_dags/example_task_group.py
[2024-05-14T02:03:19.948+0000] {processor.py:830} INFO - Processing file /home/airflow/.local/lib/python3.12/site-packages/airflow/example_dags/example_task_group.py for tasks to queue
[2024-05-14T02:03:19.949+0000] {logging_mixin.py:188} INFO - [2024-05-14T02:03:19.948+0000] {dagbag.py:545} INFO - Filling up the DagBag from /home/airflow/.local/lib/python3.12/site-packages/airflow/example_dags/example_task_group.py
[2024-05-14T02:03:19.952+0000] {processor.py:840} INFO - DAG(s) 'example_task_group' retrieved from /home/airflow/.local/lib/python3.12/site-packages/airflow/example_dags/example_task_group.py
[2024-05-14T02:03:19.963+0000] {logging_mixin.py:188} INFO - [2024-05-14T02:03:19.963+0000] {dag.py:3096} INFO - Sync 1 DAGs
[2024-05-14T02:03:19.973+0000] {logging_mixin.py:188} INFO - [2024-05-14T02:03:19.973+0000] {dag.py:3954} INFO - Setting next_dagrun for example_task_group to 2024-05-13 00:00:00+00:00, run_after=2024-05-14 00:00:00+00:00
[2024-05-14T02:03:19.981+0000] {processor.py:183} INFO - Processing /home/airflow/.local/lib/python3.12/site-packages/airflow/example_dags/example_task_group.py took 0.037 seconds
[2024-05-14T02:03:50.688+0000] {processor.py:161} INFO - Started process (PID=1192) to work on /home/airflow/.local/lib/python3.12/site-packages/airflow/example_dags/example_task_group.py
[2024-05-14T02:03:50.691+0000] {processor.py:830} INFO - Processing file /home/airflow/.local/lib/python3.12/site-packages/airflow/example_dags/example_task_group.py for tasks to queue
[2024-05-14T02:03:50.693+0000] {logging_mixin.py:188} INFO - [2024-05-14T02:03:50.693+0000] {dagbag.py:545} INFO - Filling up the DagBag from /home/airflow/.local/lib/python3.12/site-packages/airflow/example_dags/example_task_group.py
[2024-05-14T02:03:50.701+0000] {processor.py:840} INFO - DAG(s) 'example_task_group' retrieved from /home/airflow/.local/lib/python3.12/site-packages/airflow/example_dags/example_task_group.py
[2024-05-14T02:03:50.721+0000] {logging_mixin.py:188} INFO - [2024-05-14T02:03:50.721+0000] {dag.py:3096} INFO - Sync 1 DAGs
[2024-05-14T02:03:50.732+0000] {logging_mixin.py:188} INFO - [2024-05-14T02:03:50.732+0000] {dag.py:3954} INFO - Setting next_dagrun for example_task_group to 2024-05-13 00:00:00+00:00, run_after=2024-05-14 00:00:00+00:00
[2024-05-14T02:03:50.741+0000] {processor.py:183} INFO - Processing /home/airflow/.local/lib/python3.12/site-packages/airflow/example_dags/example_task_group.py took 0.057 seconds
[2024-05-14T02:04:20.818+0000] {processor.py:161} INFO - Started process (PID=1256) to work on /home/airflow/.local/lib/python3.12/site-packages/airflow/example_dags/example_task_group.py
[2024-05-14T02:04:20.819+0000] {processor.py:830} INFO - Processing file /home/airflow/.local/lib/python3.12/site-packages/airflow/example_dags/example_task_group.py for tasks to queue
[2024-05-14T02:04:20.820+0000] {logging_mixin.py:188} INFO - [2024-05-14T02:04:20.819+0000] {dagbag.py:545} INFO - Filling up the DagBag from /home/airflow/.local/lib/python3.12/site-packages/airflow/example_dags/example_task_group.py
[2024-05-14T02:04:20.823+0000] {processor.py:840} INFO - DAG(s) 'example_task_group' retrieved from /home/airflow/.local/lib/python3.12/site-packages/airflow/example_dags/example_task_group.py
[2024-05-14T02:04:20.834+0000] {logging_mixin.py:188} INFO - [2024-05-14T02:04:20.833+0000] {dag.py:3096} INFO - Sync 1 DAGs
[2024-05-14T02:04:20.843+0000] {logging_mixin.py:188} INFO - [2024-05-14T02:04:20.843+0000] {dag.py:3954} INFO - Setting next_dagrun for example_task_group to 2024-05-13 00:00:00+00:00, run_after=2024-05-14 00:00:00+00:00
[2024-05-14T02:04:20.852+0000] {processor.py:183} INFO - Processing /home/airflow/.local/lib/python3.12/site-packages/airflow/example_dags/example_task_group.py took 0.036 seconds
[2024-05-14T02:04:50.996+0000] {processor.py:161} INFO - Started process (PID=1315) to work on /home/airflow/.local/lib/python3.12/site-packages/airflow/example_dags/example_task_group.py
[2024-05-14T02:04:50.997+0000] {processor.py:830} INFO - Processing file /home/airflow/.local/lib/python3.12/site-packages/airflow/example_dags/example_task_group.py for tasks to queue
[2024-05-14T02:04:50.998+0000] {logging_mixin.py:188} INFO - [2024-05-14T02:04:50.998+0000] {dagbag.py:545} INFO - Filling up the DagBag from /home/airflow/.local/lib/python3.12/site-packages/airflow/example_dags/example_task_group.py
[2024-05-14T02:04:51.002+0000] {processor.py:840} INFO - DAG(s) 'example_task_group' retrieved from /home/airflow/.local/lib/python3.12/site-packages/airflow/example_dags/example_task_group.py
[2024-05-14T02:04:51.016+0000] {logging_mixin.py:188} INFO - [2024-05-14T02:04:51.015+0000] {dag.py:3096} INFO - Sync 1 DAGs
[2024-05-14T02:04:51.027+0000] {logging_mixin.py:188} INFO - [2024-05-14T02:04:51.027+0000] {dag.py:3954} INFO - Setting next_dagrun for example_task_group to 2024-05-13 00:00:00+00:00, run_after=2024-05-14 00:00:00+00:00
[2024-05-14T02:04:51.037+0000] {processor.py:183} INFO - Processing /home/airflow/.local/lib/python3.12/site-packages/airflow/example_dags/example_task_group.py took 0.044 seconds
[2024-05-14T02:05:21.079+0000] {processor.py:161} INFO - Started process (PID=1374) to work on /home/airflow/.local/lib/python3.12/site-packages/airflow/example_dags/example_task_group.py
[2024-05-14T02:05:21.079+0000] {processor.py:830} INFO - Processing file /home/airflow/.local/lib/python3.12/site-packages/airflow/example_dags/example_task_group.py for tasks to queue
[2024-05-14T02:05:21.080+0000] {logging_mixin.py:188} INFO - [2024-05-14T02:05:21.080+0000] {dagbag.py:545} INFO - Filling up the DagBag from /home/airflow/.local/lib/python3.12/site-packages/airflow/example_dags/example_task_group.py
[2024-05-14T02:05:21.084+0000] {processor.py:840} INFO - DAG(s) 'example_task_group' retrieved from /home/airflow/.local/lib/python3.12/site-packages/airflow/example_dags/example_task_group.py
[2024-05-14T02:05:21.094+0000] {logging_mixin.py:188} INFO - [2024-05-14T02:05:21.094+0000] {dag.py:3096} INFO - Sync 1 DAGs
[2024-05-14T02:05:21.105+0000] {logging_mixin.py:188} INFO - [2024-05-14T02:05:21.105+0000] {dag.py:3954} INFO - Setting next_dagrun for example_task_group to 2024-05-13 00:00:00+00:00, run_after=2024-05-14 00:00:00+00:00
[2024-05-14T02:05:21.114+0000] {processor.py:183} INFO - Processing /home/airflow/.local/lib/python3.12/site-packages/airflow/example_dags/example_task_group.py took 0.038 seconds
[2024-05-14T02:05:51.924+0000] {processor.py:161} INFO - Started process (PID=1433) to work on /home/airflow/.local/lib/python3.12/site-packages/airflow/example_dags/example_task_group.py
[2024-05-14T02:05:51.925+0000] {processor.py:830} INFO - Processing file /home/airflow/.local/lib/python3.12/site-packages/airflow/example_dags/example_task_group.py for tasks to queue
[2024-05-14T02:05:51.925+0000] {logging_mixin.py:188} INFO - [2024-05-14T02:05:51.925+0000] {dagbag.py:545} INFO - Filling up the DagBag from /home/airflow/.local/lib/python3.12/site-packages/airflow/example_dags/example_task_group.py
[2024-05-14T02:05:51.929+0000] {processor.py:840} INFO - DAG(s) 'example_task_group' retrieved from /home/airflow/.local/lib/python3.12/site-packages/airflow/example_dags/example_task_group.py
[2024-05-14T02:05:51.939+0000] {logging_mixin.py:188} INFO - [2024-05-14T02:05:51.939+0000] {dag.py:3096} INFO - Sync 1 DAGs
[2024-05-14T02:05:51.949+0000] {logging_mixin.py:188} INFO - [2024-05-14T02:05:51.949+0000] {dag.py:3954} INFO - Setting next_dagrun for example_task_group to 2024-05-13 00:00:00+00:00, run_after=2024-05-14 00:00:00+00:00
[2024-05-14T02:05:51.957+0000] {processor.py:183} INFO - Processing /home/airflow/.local/lib/python3.12/site-packages/airflow/example_dags/example_task_group.py took 0.035 seconds
[2024-05-14T02:06:22.026+0000] {processor.py:161} INFO - Started process (PID=1492) to work on /home/airflow/.local/lib/python3.12/site-packages/airflow/example_dags/example_task_group.py
[2024-05-14T02:06:22.027+0000] {processor.py:830} INFO - Processing file /home/airflow/.local/lib/python3.12/site-packages/airflow/example_dags/example_task_group.py for tasks to queue
[2024-05-14T02:06:22.028+0000] {logging_mixin.py:188} INFO - [2024-05-14T02:06:22.028+0000] {dagbag.py:545} INFO - Filling up the DagBag from /home/airflow/.local/lib/python3.12/site-packages/airflow/example_dags/example_task_group.py
[2024-05-14T02:06:22.031+0000] {processor.py:840} INFO - DAG(s) 'example_task_group' retrieved from /home/airflow/.local/lib/python3.12/site-packages/airflow/example_dags/example_task_group.py
[2024-05-14T02:06:22.042+0000] {logging_mixin.py:188} INFO - [2024-05-14T02:06:22.041+0000] {dag.py:3096} INFO - Sync 1 DAGs
[2024-05-14T02:06:22.051+0000] {logging_mixin.py:188} INFO - [2024-05-14T02:06:22.051+0000] {dag.py:3954} INFO - Setting next_dagrun for example_task_group to 2024-05-13 00:00:00+00:00, run_after=2024-05-14 00:00:00+00:00
[2024-05-14T02:06:22.059+0000] {processor.py:183} INFO - Processing /home/airflow/.local/lib/python3.12/site-packages/airflow/example_dags/example_task_group.py took 0.035 seconds
[2024-05-14T02:06:52.194+0000] {processor.py:161} INFO - Started process (PID=1551) to work on /home/airflow/.local/lib/python3.12/site-packages/airflow/example_dags/example_task_group.py
[2024-05-14T02:06:52.195+0000] {processor.py:830} INFO - Processing file /home/airflow/.local/lib/python3.12/site-packages/airflow/example_dags/example_task_group.py for tasks to queue
[2024-05-14T02:06:52.196+0000] {logging_mixin.py:188} INFO - [2024-05-14T02:06:52.196+0000] {dagbag.py:545} INFO - Filling up the DagBag from /home/airflow/.local/lib/python3.12/site-packages/airflow/example_dags/example_task_group.py
[2024-05-14T02:06:52.200+0000] {processor.py:840} INFO - DAG(s) 'example_task_group' retrieved from /home/airflow/.local/lib/python3.12/site-packages/airflow/example_dags/example_task_group.py
[2024-05-14T02:06:52.211+0000] {logging_mixin.py:188} INFO - [2024-05-14T02:06:52.211+0000] {dag.py:3096} INFO - Sync 1 DAGs
[2024-05-14T02:06:52.221+0000] {logging_mixin.py:188} INFO - [2024-05-14T02:06:52.221+0000] {dag.py:3954} INFO - Setting next_dagrun for example_task_group to 2024-05-13 00:00:00+00:00, run_after=2024-05-14 00:00:00+00:00
[2024-05-14T02:06:52.229+0000] {processor.py:183} INFO - Processing /home/airflow/.local/lib/python3.12/site-packages/airflow/example_dags/example_task_group.py took 0.039 seconds
[2024-05-14T02:07:22.491+0000] {processor.py:161} INFO - Started process (PID=1610) to work on /home/airflow/.local/lib/python3.12/site-packages/airflow/example_dags/example_task_group.py
[2024-05-14T02:07:22.492+0000] {processor.py:830} INFO - Processing file /home/airflow/.local/lib/python3.12/site-packages/airflow/example_dags/example_task_group.py for tasks to queue
[2024-05-14T02:07:22.493+0000] {logging_mixin.py:188} INFO - [2024-05-14T02:07:22.493+0000] {dagbag.py:545} INFO - Filling up the DagBag from /home/airflow/.local/lib/python3.12/site-packages/airflow/example_dags/example_task_group.py
[2024-05-14T02:07:22.497+0000] {processor.py:840} INFO - DAG(s) 'example_task_group' retrieved from /home/airflow/.local/lib/python3.12/site-packages/airflow/example_dags/example_task_group.py
[2024-05-14T02:07:22.510+0000] {logging_mixin.py:188} INFO - [2024-05-14T02:07:22.510+0000] {dag.py:3096} INFO - Sync 1 DAGs
[2024-05-14T02:07:22.523+0000] {logging_mixin.py:188} INFO - [2024-05-14T02:07:22.523+0000] {dag.py:3954} INFO - Setting next_dagrun for example_task_group to 2024-05-13 00:00:00+00:00, run_after=2024-05-14 00:00:00+00:00
[2024-05-14T02:07:22.533+0000] {processor.py:183} INFO - Processing /home/airflow/.local/lib/python3.12/site-packages/airflow/example_dags/example_task_group.py took 0.045 seconds
[2024-05-14T02:07:52.758+0000] {processor.py:161} INFO - Started process (PID=1669) to work on /home/airflow/.local/lib/python3.12/site-packages/airflow/example_dags/example_task_group.py
[2024-05-14T02:07:52.759+0000] {processor.py:830} INFO - Processing file /home/airflow/.local/lib/python3.12/site-packages/airflow/example_dags/example_task_group.py for tasks to queue
[2024-05-14T02:07:52.760+0000] {logging_mixin.py:188} INFO - [2024-05-14T02:07:52.759+0000] {dagbag.py:545} INFO - Filling up the DagBag from /home/airflow/.local/lib/python3.12/site-packages/airflow/example_dags/example_task_group.py
[2024-05-14T02:07:52.763+0000] {processor.py:840} INFO - DAG(s) 'example_task_group' retrieved from /home/airflow/.local/lib/python3.12/site-packages/airflow/example_dags/example_task_group.py
[2024-05-14T02:07:52.775+0000] {logging_mixin.py:188} INFO - [2024-05-14T02:07:52.775+0000] {dag.py:3096} INFO - Sync 1 DAGs
[2024-05-14T02:07:52.784+0000] {logging_mixin.py:188} INFO - [2024-05-14T02:07:52.784+0000] {dag.py:3954} INFO - Setting next_dagrun for example_task_group to 2024-05-13 00:00:00+00:00, run_after=2024-05-14 00:00:00+00:00
[2024-05-14T02:07:52.793+0000] {processor.py:183} INFO - Processing /home/airflow/.local/lib/python3.12/site-packages/airflow/example_dags/example_task_group.py took 0.037 seconds
[2024-05-14T02:08:22.879+0000] {processor.py:161} INFO - Started process (PID=1728) to work on /home/airflow/.local/lib/python3.12/site-packages/airflow/example_dags/example_task_group.py
[2024-05-14T02:08:22.880+0000] {processor.py:830} INFO - Processing file /home/airflow/.local/lib/python3.12/site-packages/airflow/example_dags/example_task_group.py for tasks to queue
[2024-05-14T02:08:22.881+0000] {logging_mixin.py:188} INFO - [2024-05-14T02:08:22.880+0000] {dagbag.py:545} INFO - Filling up the DagBag from /home/airflow/.local/lib/python3.12/site-packages/airflow/example_dags/example_task_group.py
[2024-05-14T02:08:22.884+0000] {processor.py:840} INFO - DAG(s) 'example_task_group' retrieved from /home/airflow/.local/lib/python3.12/site-packages/airflow/example_dags/example_task_group.py
[2024-05-14T02:08:22.896+0000] {logging_mixin.py:188} INFO - [2024-05-14T02:08:22.896+0000] {dag.py:3096} INFO - Sync 1 DAGs
[2024-05-14T02:08:22.907+0000] {logging_mixin.py:188} INFO - [2024-05-14T02:08:22.907+0000] {dag.py:3954} INFO - Setting next_dagrun for example_task_group to 2024-05-13 00:00:00+00:00, run_after=2024-05-14 00:00:00+00:00
[2024-05-14T02:08:22.915+0000] {processor.py:183} INFO - Processing /home/airflow/.local/lib/python3.12/site-packages/airflow/example_dags/example_task_group.py took 0.040 seconds
[2024-05-14T02:08:53.032+0000] {processor.py:161} INFO - Started process (PID=1787) to work on /home/airflow/.local/lib/python3.12/site-packages/airflow/example_dags/example_task_group.py
[2024-05-14T02:08:53.032+0000] {processor.py:830} INFO - Processing file /home/airflow/.local/lib/python3.12/site-packages/airflow/example_dags/example_task_group.py for tasks to queue
[2024-05-14T02:08:53.033+0000] {logging_mixin.py:188} INFO - [2024-05-14T02:08:53.033+0000] {dagbag.py:545} INFO - Filling up the DagBag from /home/airflow/.local/lib/python3.12/site-packages/airflow/example_dags/example_task_group.py
[2024-05-14T02:08:53.037+0000] {processor.py:840} INFO - DAG(s) 'example_task_group' retrieved from /home/airflow/.local/lib/python3.12/site-packages/airflow/example_dags/example_task_group.py
[2024-05-14T02:08:53.047+0000] {logging_mixin.py:188} INFO - [2024-05-14T02:08:53.047+0000] {dag.py:3096} INFO - Sync 1 DAGs
[2024-05-14T02:08:53.057+0000] {logging_mixin.py:188} INFO - [2024-05-14T02:08:53.057+0000] {dag.py:3954} INFO - Setting next_dagrun for example_task_group to 2024-05-13 00:00:00+00:00, run_after=2024-05-14 00:00:00+00:00
[2024-05-14T02:08:53.066+0000] {processor.py:183} INFO - Processing /home/airflow/.local/lib/python3.12/site-packages/airflow/example_dags/example_task_group.py took 0.037 seconds
[2024-05-14T02:09:23.766+0000] {processor.py:161} INFO - Started process (PID=1846) to work on /home/airflow/.local/lib/python3.12/site-packages/airflow/example_dags/example_task_group.py
[2024-05-14T02:09:23.766+0000] {processor.py:830} INFO - Processing file /home/airflow/.local/lib/python3.12/site-packages/airflow/example_dags/example_task_group.py for tasks to queue
[2024-05-14T02:09:23.768+0000] {logging_mixin.py:188} INFO - [2024-05-14T02:09:23.767+0000] {dagbag.py:545} INFO - Filling up the DagBag from /home/airflow/.local/lib/python3.12/site-packages/airflow/example_dags/example_task_group.py
[2024-05-14T02:09:23.771+0000] {processor.py:840} INFO - DAG(s) 'example_task_group' retrieved from /home/airflow/.local/lib/python3.12/site-packages/airflow/example_dags/example_task_group.py
[2024-05-14T02:09:23.782+0000] {logging_mixin.py:188} INFO - [2024-05-14T02:09:23.782+0000] {dag.py:3096} INFO - Sync 1 DAGs
[2024-05-14T02:09:23.792+0000] {logging_mixin.py:188} INFO - [2024-05-14T02:09:23.792+0000] {dag.py:3954} INFO - Setting next_dagrun for example_task_group to 2024-05-13 00:00:00+00:00, run_after=2024-05-14 00:00:00+00:00
[2024-05-14T02:09:23.801+0000] {processor.py:183} INFO - Processing /home/airflow/.local/lib/python3.12/site-packages/airflow/example_dags/example_task_group.py took 0.038 seconds
[2024-05-14T02:09:54.109+0000] {processor.py:161} INFO - Started process (PID=1905) to work on /home/airflow/.local/lib/python3.12/site-packages/airflow/example_dags/example_task_group.py
[2024-05-14T02:09:54.110+0000] {processor.py:830} INFO - Processing file /home/airflow/.local/lib/python3.12/site-packages/airflow/example_dags/example_task_group.py for tasks to queue
[2024-05-14T02:09:54.111+0000] {logging_mixin.py:188} INFO - [2024-05-14T02:09:54.110+0000] {dagbag.py:545} INFO - Filling up the DagBag from /home/airflow/.local/lib/python3.12/site-packages/airflow/example_dags/example_task_group.py
[2024-05-14T02:09:54.114+0000] {processor.py:840} INFO - DAG(s) 'example_task_group' retrieved from /home/airflow/.local/lib/python3.12/site-packages/airflow/example_dags/example_task_group.py
[2024-05-14T02:09:54.125+0000] {logging_mixin.py:188} INFO - [2024-05-14T02:09:54.125+0000] {dag.py:3096} INFO - Sync 1 DAGs
[2024-05-14T02:09:54.135+0000] {logging_mixin.py:188} INFO - [2024-05-14T02:09:54.134+0000] {dag.py:3954} INFO - Setting next_dagrun for example_task_group to 2024-05-13 00:00:00+00:00, run_after=2024-05-14 00:00:00+00:00
[2024-05-14T02:09:54.143+0000] {processor.py:183} INFO - Processing /home/airflow/.local/lib/python3.12/site-packages/airflow/example_dags/example_task_group.py took 0.037 seconds
[2024-05-14T02:10:24.231+0000] {processor.py:161} INFO - Started process (PID=1964) to work on /home/airflow/.local/lib/python3.12/site-packages/airflow/example_dags/example_task_group.py
[2024-05-14T02:10:24.232+0000] {processor.py:830} INFO - Processing file /home/airflow/.local/lib/python3.12/site-packages/airflow/example_dags/example_task_group.py for tasks to queue
[2024-05-14T02:10:24.233+0000] {logging_mixin.py:188} INFO - [2024-05-14T02:10:24.233+0000] {dagbag.py:545} INFO - Filling up the DagBag from /home/airflow/.local/lib/python3.12/site-packages/airflow/example_dags/example_task_group.py
[2024-05-14T02:10:24.237+0000] {processor.py:840} INFO - DAG(s) 'example_task_group' retrieved from /home/airflow/.local/lib/python3.12/site-packages/airflow/example_dags/example_task_group.py
[2024-05-14T02:10:24.248+0000] {logging_mixin.py:188} INFO - [2024-05-14T02:10:24.248+0000] {dag.py:3096} INFO - Sync 1 DAGs
[2024-05-14T02:10:24.258+0000] {logging_mixin.py:188} INFO - [2024-05-14T02:10:24.258+0000] {dag.py:3954} INFO - Setting next_dagrun for example_task_group to 2024-05-13 00:00:00+00:00, run_after=2024-05-14 00:00:00+00:00
[2024-05-14T02:10:24.267+0000] {processor.py:183} INFO - Processing /home/airflow/.local/lib/python3.12/site-packages/airflow/example_dags/example_task_group.py took 0.039 seconds
[2024-05-14T02:10:55.375+0000] {processor.py:161} INFO - Started process (PID=2022) to work on /home/airflow/.local/lib/python3.12/site-packages/airflow/example_dags/example_task_group.py
[2024-05-14T02:10:55.375+0000] {processor.py:830} INFO - Processing file /home/airflow/.local/lib/python3.12/site-packages/airflow/example_dags/example_task_group.py for tasks to queue
[2024-05-14T02:10:55.376+0000] {logging_mixin.py:188} INFO - [2024-05-14T02:10:55.376+0000] {dagbag.py:545} INFO - Filling up the DagBag from /home/airflow/.local/lib/python3.12/site-packages/airflow/example_dags/example_task_group.py
[2024-05-14T02:10:55.380+0000] {processor.py:840} INFO - DAG(s) 'example_task_group' retrieved from /home/airflow/.local/lib/python3.12/site-packages/airflow/example_dags/example_task_group.py
[2024-05-14T02:10:55.520+0000] {logging_mixin.py:188} INFO - [2024-05-14T02:10:55.520+0000] {dag.py:3096} INFO - Sync 1 DAGs
[2024-05-14T02:10:55.535+0000] {logging_mixin.py:188} INFO - [2024-05-14T02:10:55.535+0000] {dag.py:3954} INFO - Setting next_dagrun for example_task_group to 2024-05-13 00:00:00+00:00, run_after=2024-05-14 00:00:00+00:00
[2024-05-14T02:10:55.545+0000] {processor.py:183} INFO - Processing /home/airflow/.local/lib/python3.12/site-packages/airflow/example_dags/example_task_group.py took 0.173 seconds
[2024-05-14T02:11:25.869+0000] {processor.py:161} INFO - Started process (PID=2081) to work on /home/airflow/.local/lib/python3.12/site-packages/airflow/example_dags/example_task_group.py
[2024-05-14T02:11:25.870+0000] {processor.py:830} INFO - Processing file /home/airflow/.local/lib/python3.12/site-packages/airflow/example_dags/example_task_group.py for tasks to queue
[2024-05-14T02:11:25.871+0000] {logging_mixin.py:188} INFO - [2024-05-14T02:11:25.871+0000] {dagbag.py:545} INFO - Filling up the DagBag from /home/airflow/.local/lib/python3.12/site-packages/airflow/example_dags/example_task_group.py
[2024-05-14T02:11:25.875+0000] {processor.py:840} INFO - DAG(s) 'example_task_group' retrieved from /home/airflow/.local/lib/python3.12/site-packages/airflow/example_dags/example_task_group.py
[2024-05-14T02:11:25.884+0000] {logging_mixin.py:188} INFO - [2024-05-14T02:11:25.884+0000] {dag.py:3096} INFO - Sync 1 DAGs
[2024-05-14T02:11:25.893+0000] {logging_mixin.py:188} INFO - [2024-05-14T02:11:25.893+0000] {dag.py:3954} INFO - Setting next_dagrun for example_task_group to 2024-05-13 00:00:00+00:00, run_after=2024-05-14 00:00:00+00:00
[2024-05-14T02:11:25.901+0000] {processor.py:183} INFO - Processing /home/airflow/.local/lib/python3.12/site-packages/airflow/example_dags/example_task_group.py took 0.034 seconds
[2024-05-14T02:11:56.385+0000] {processor.py:161} INFO - Started process (PID=2139) to work on /home/airflow/.local/lib/python3.12/site-packages/airflow/example_dags/example_task_group.py
[2024-05-14T02:11:56.386+0000] {processor.py:830} INFO - Processing file /home/airflow/.local/lib/python3.12/site-packages/airflow/example_dags/example_task_group.py for tasks to queue
[2024-05-14T02:11:56.387+0000] {logging_mixin.py:188} INFO - [2024-05-14T02:11:56.387+0000] {dagbag.py:545} INFO - Filling up the DagBag from /home/airflow/.local/lib/python3.12/site-packages/airflow/example_dags/example_task_group.py
[2024-05-14T02:11:56.391+0000] {processor.py:840} INFO - DAG(s) 'example_task_group' retrieved from /home/airflow/.local/lib/python3.12/site-packages/airflow/example_dags/example_task_group.py
[2024-05-14T02:11:56.402+0000] {logging_mixin.py:188} INFO - [2024-05-14T02:11:56.402+0000] {dag.py:3096} INFO - Sync 1 DAGs
[2024-05-14T02:11:56.412+0000] {logging_mixin.py:188} INFO - [2024-05-14T02:11:56.412+0000] {dag.py:3954} INFO - Setting next_dagrun for example_task_group to 2024-05-13 00:00:00+00:00, run_after=2024-05-14 00:00:00+00:00
[2024-05-14T02:11:56.421+0000] {processor.py:183} INFO - Processing /home/airflow/.local/lib/python3.12/site-packages/airflow/example_dags/example_task_group.py took 0.039 seconds
[2024-05-14T02:12:27.373+0000] {processor.py:161} INFO - Started process (PID=2197) to work on /home/airflow/.local/lib/python3.12/site-packages/airflow/example_dags/example_task_group.py
[2024-05-14T02:12:27.373+0000] {processor.py:830} INFO - Processing file /home/airflow/.local/lib/python3.12/site-packages/airflow/example_dags/example_task_group.py for tasks to queue
[2024-05-14T02:12:27.375+0000] {logging_mixin.py:188} INFO - [2024-05-14T02:12:27.374+0000] {dagbag.py:545} INFO - Filling up the DagBag from /home/airflow/.local/lib/python3.12/site-packages/airflow/example_dags/example_task_group.py
[2024-05-14T02:12:27.379+0000] {processor.py:840} INFO - DAG(s) 'example_task_group' retrieved from /home/airflow/.local/lib/python3.12/site-packages/airflow/example_dags/example_task_group.py
[2024-05-14T02:12:27.390+0000] {logging_mixin.py:188} INFO - [2024-05-14T02:12:27.390+0000] {dag.py:3096} INFO - Sync 1 DAGs
[2024-05-14T02:12:27.401+0000] {logging_mixin.py:188} INFO - [2024-05-14T02:12:27.400+0000] {dag.py:3954} INFO - Setting next_dagrun for example_task_group to 2024-05-13 00:00:00+00:00, run_after=2024-05-14 00:00:00+00:00
[2024-05-14T02:12:27.410+0000] {processor.py:183} INFO - Processing /home/airflow/.local/lib/python3.12/site-packages/airflow/example_dags/example_task_group.py took 0.040 seconds
