[2024-05-14T01:54:05.863+0000] {processor.py:161} INFO - Started process (PID=57) to work on /home/airflow/.local/lib/python3.12/site-packages/airflow/example_dags/example_task_group_decorator.py
[2024-05-14T01:54:05.865+0000] {processor.py:830} INFO - Processing file /home/airflow/.local/lib/python3.12/site-packages/airflow/example_dags/example_task_group_decorator.py for tasks to queue
[2024-05-14T01:54:05.869+0000] {logging_mixin.py:188} INFO - [2024-05-14T01:54:05.869+0000] {dagbag.py:545} INFO - Filling up the DagBag from /home/airflow/.local/lib/python3.12/site-packages/airflow/example_dags/example_task_group_decorator.py
[2024-05-14T01:54:05.901+0000] {processor.py:840} INFO - DAG(s) 'example_task_group_decorator' retrieved from /home/airflow/.local/lib/python3.12/site-packages/airflow/example_dags/example_task_group_decorator.py
[2024-05-14T01:54:05.919+0000] {logging_mixin.py:188} INFO - [2024-05-14T01:54:05.918+0000] {dag.py:3096} INFO - Sync 1 DAGs
[2024-05-14T01:54:05.967+0000] {logging_mixin.py:188} INFO - [2024-05-14T01:54:05.967+0000] {dag.py:3954} INFO - Setting next_dagrun for example_task_group_decorator to 2024-05-13 00:00:00+00:00, run_after=2024-05-14 00:00:00+00:00
[2024-05-14T01:54:06.015+0000] {processor.py:183} INFO - Processing /home/airflow/.local/lib/python3.12/site-packages/airflow/example_dags/example_task_group_decorator.py took 0.163 seconds
[2024-05-14T01:54:36.224+0000] {processor.py:161} INFO - Started process (PID=116) to work on /home/airflow/.local/lib/python3.12/site-packages/airflow/example_dags/example_task_group_decorator.py
[2024-05-14T01:54:36.225+0000] {processor.py:830} INFO - Processing file /home/airflow/.local/lib/python3.12/site-packages/airflow/example_dags/example_task_group_decorator.py for tasks to queue
[2024-05-14T01:54:36.226+0000] {logging_mixin.py:188} INFO - [2024-05-14T01:54:36.226+0000] {dagbag.py:545} INFO - Filling up the DagBag from /home/airflow/.local/lib/python3.12/site-packages/airflow/example_dags/example_task_group_decorator.py
[2024-05-14T01:54:36.233+0000] {processor.py:840} INFO - DAG(s) 'example_task_group_decorator' retrieved from /home/airflow/.local/lib/python3.12/site-packages/airflow/example_dags/example_task_group_decorator.py
[2024-05-14T01:54:36.291+0000] {logging_mixin.py:188} INFO - [2024-05-14T01:54:36.291+0000] {dag.py:3096} INFO - Sync 1 DAGs
[2024-05-14T01:54:36.303+0000] {logging_mixin.py:188} INFO - [2024-05-14T01:54:36.303+0000] {dag.py:3954} INFO - Setting next_dagrun for example_task_group_decorator to 2024-05-13 00:00:00+00:00, run_after=2024-05-14 00:00:00+00:00
[2024-05-14T01:54:36.316+0000] {processor.py:183} INFO - Processing /home/airflow/.local/lib/python3.12/site-packages/airflow/example_dags/example_task_group_decorator.py took 0.095 seconds
[2024-05-14T01:55:06.513+0000] {processor.py:161} INFO - Started process (PID=175) to work on /home/airflow/.local/lib/python3.12/site-packages/airflow/example_dags/example_task_group_decorator.py
[2024-05-14T01:55:06.514+0000] {processor.py:830} INFO - Processing file /home/airflow/.local/lib/python3.12/site-packages/airflow/example_dags/example_task_group_decorator.py for tasks to queue
[2024-05-14T01:55:06.515+0000] {logging_mixin.py:188} INFO - [2024-05-14T01:55:06.515+0000] {dagbag.py:545} INFO - Filling up the DagBag from /home/airflow/.local/lib/python3.12/site-packages/airflow/example_dags/example_task_group_decorator.py
[2024-05-14T01:55:06.521+0000] {processor.py:840} INFO - DAG(s) 'example_task_group_decorator' retrieved from /home/airflow/.local/lib/python3.12/site-packages/airflow/example_dags/example_task_group_decorator.py
[2024-05-14T01:55:06.533+0000] {logging_mixin.py:188} INFO - [2024-05-14T01:55:06.533+0000] {dag.py:3096} INFO - Sync 1 DAGs
[2024-05-14T01:55:06.544+0000] {logging_mixin.py:188} INFO - [2024-05-14T01:55:06.544+0000] {dag.py:3954} INFO - Setting next_dagrun for example_task_group_decorator to 2024-05-13 00:00:00+00:00, run_after=2024-05-14 00:00:00+00:00
[2024-05-14T01:55:06.553+0000] {processor.py:183} INFO - Processing /home/airflow/.local/lib/python3.12/site-packages/airflow/example_dags/example_task_group_decorator.py took 0.043 seconds
[2024-05-14T01:55:36.630+0000] {processor.py:161} INFO - Started process (PID=234) to work on /home/airflow/.local/lib/python3.12/site-packages/airflow/example_dags/example_task_group_decorator.py
[2024-05-14T01:55:36.630+0000] {processor.py:830} INFO - Processing file /home/airflow/.local/lib/python3.12/site-packages/airflow/example_dags/example_task_group_decorator.py for tasks to queue
[2024-05-14T01:55:36.631+0000] {logging_mixin.py:188} INFO - [2024-05-14T01:55:36.631+0000] {dagbag.py:545} INFO - Filling up the DagBag from /home/airflow/.local/lib/python3.12/site-packages/airflow/example_dags/example_task_group_decorator.py
[2024-05-14T01:55:36.638+0000] {processor.py:840} INFO - DAG(s) 'example_task_group_decorator' retrieved from /home/airflow/.local/lib/python3.12/site-packages/airflow/example_dags/example_task_group_decorator.py
[2024-05-14T01:55:36.648+0000] {logging_mixin.py:188} INFO - [2024-05-14T01:55:36.648+0000] {dag.py:3096} INFO - Sync 1 DAGs
[2024-05-14T01:55:36.657+0000] {logging_mixin.py:188} INFO - [2024-05-14T01:55:36.657+0000] {dag.py:3954} INFO - Setting next_dagrun for example_task_group_decorator to 2024-05-13 00:00:00+00:00, run_after=2024-05-14 00:00:00+00:00
[2024-05-14T01:55:36.664+0000] {processor.py:183} INFO - Processing /home/airflow/.local/lib/python3.12/site-packages/airflow/example_dags/example_task_group_decorator.py took 0.037 seconds
[2024-05-14T01:56:06.894+0000] {processor.py:161} INFO - Started process (PID=293) to work on /home/airflow/.local/lib/python3.12/site-packages/airflow/example_dags/example_task_group_decorator.py
[2024-05-14T01:56:06.895+0000] {processor.py:830} INFO - Processing file /home/airflow/.local/lib/python3.12/site-packages/airflow/example_dags/example_task_group_decorator.py for tasks to queue
[2024-05-14T01:56:06.896+0000] {logging_mixin.py:188} INFO - [2024-05-14T01:56:06.895+0000] {dagbag.py:545} INFO - Filling up the DagBag from /home/airflow/.local/lib/python3.12/site-packages/airflow/example_dags/example_task_group_decorator.py
[2024-05-14T01:56:06.903+0000] {processor.py:840} INFO - DAG(s) 'example_task_group_decorator' retrieved from /home/airflow/.local/lib/python3.12/site-packages/airflow/example_dags/example_task_group_decorator.py
[2024-05-14T01:56:06.915+0000] {logging_mixin.py:188} INFO - [2024-05-14T01:56:06.914+0000] {dag.py:3096} INFO - Sync 1 DAGs
[2024-05-14T01:56:06.924+0000] {logging_mixin.py:188} INFO - [2024-05-14T01:56:06.924+0000] {dag.py:3954} INFO - Setting next_dagrun for example_task_group_decorator to 2024-05-13 00:00:00+00:00, run_after=2024-05-14 00:00:00+00:00
[2024-05-14T01:56:06.932+0000] {processor.py:183} INFO - Processing /home/airflow/.local/lib/python3.12/site-packages/airflow/example_dags/example_task_group_decorator.py took 0.041 seconds
[2024-05-14T01:56:37.027+0000] {processor.py:161} INFO - Started process (PID=351) to work on /home/airflow/.local/lib/python3.12/site-packages/airflow/example_dags/example_task_group_decorator.py
[2024-05-14T01:56:37.028+0000] {processor.py:830} INFO - Processing file /home/airflow/.local/lib/python3.12/site-packages/airflow/example_dags/example_task_group_decorator.py for tasks to queue
[2024-05-14T01:56:37.029+0000] {logging_mixin.py:188} INFO - [2024-05-14T01:56:37.029+0000] {dagbag.py:545} INFO - Filling up the DagBag from /home/airflow/.local/lib/python3.12/site-packages/airflow/example_dags/example_task_group_decorator.py
[2024-05-14T01:56:37.036+0000] {processor.py:840} INFO - DAG(s) 'example_task_group_decorator' retrieved from /home/airflow/.local/lib/python3.12/site-packages/airflow/example_dags/example_task_group_decorator.py
[2024-05-14T01:56:37.048+0000] {logging_mixin.py:188} INFO - [2024-05-14T01:56:37.048+0000] {dag.py:3096} INFO - Sync 1 DAGs
[2024-05-14T01:56:37.059+0000] {logging_mixin.py:188} INFO - [2024-05-14T01:56:37.059+0000] {dag.py:3954} INFO - Setting next_dagrun for example_task_group_decorator to 2024-05-13 00:00:00+00:00, run_after=2024-05-14 00:00:00+00:00
[2024-05-14T01:56:37.067+0000] {processor.py:183} INFO - Processing /home/airflow/.local/lib/python3.12/site-packages/airflow/example_dags/example_task_group_decorator.py took 0.043 seconds
[2024-05-14T01:57:08.068+0000] {processor.py:161} INFO - Started process (PID=410) to work on /home/airflow/.local/lib/python3.12/site-packages/airflow/example_dags/example_task_group_decorator.py
[2024-05-14T01:57:08.068+0000] {processor.py:830} INFO - Processing file /home/airflow/.local/lib/python3.12/site-packages/airflow/example_dags/example_task_group_decorator.py for tasks to queue
[2024-05-14T01:57:08.069+0000] {logging_mixin.py:188} INFO - [2024-05-14T01:57:08.069+0000] {dagbag.py:545} INFO - Filling up the DagBag from /home/airflow/.local/lib/python3.12/site-packages/airflow/example_dags/example_task_group_decorator.py
[2024-05-14T01:57:08.076+0000] {processor.py:840} INFO - DAG(s) 'example_task_group_decorator' retrieved from /home/airflow/.local/lib/python3.12/site-packages/airflow/example_dags/example_task_group_decorator.py
[2024-05-14T01:57:08.088+0000] {logging_mixin.py:188} INFO - [2024-05-14T01:57:08.088+0000] {dag.py:3096} INFO - Sync 1 DAGs
[2024-05-14T01:57:08.097+0000] {logging_mixin.py:188} INFO - [2024-05-14T01:57:08.097+0000] {dag.py:3954} INFO - Setting next_dagrun for example_task_group_decorator to 2024-05-13 00:00:00+00:00, run_after=2024-05-14 00:00:00+00:00
[2024-05-14T01:57:08.105+0000] {processor.py:183} INFO - Processing /home/airflow/.local/lib/python3.12/site-packages/airflow/example_dags/example_task_group_decorator.py took 0.041 seconds
[2024-05-14T01:57:38.902+0000] {processor.py:161} INFO - Started process (PID=469) to work on /home/airflow/.local/lib/python3.12/site-packages/airflow/example_dags/example_task_group_decorator.py
[2024-05-14T01:57:38.903+0000] {processor.py:830} INFO - Processing file /home/airflow/.local/lib/python3.12/site-packages/airflow/example_dags/example_task_group_decorator.py for tasks to queue
[2024-05-14T01:57:38.904+0000] {logging_mixin.py:188} INFO - [2024-05-14T01:57:38.904+0000] {dagbag.py:545} INFO - Filling up the DagBag from /home/airflow/.local/lib/python3.12/site-packages/airflow/example_dags/example_task_group_decorator.py
[2024-05-14T01:57:38.911+0000] {processor.py:840} INFO - DAG(s) 'example_task_group_decorator' retrieved from /home/airflow/.local/lib/python3.12/site-packages/airflow/example_dags/example_task_group_decorator.py
[2024-05-14T01:57:38.925+0000] {logging_mixin.py:188} INFO - [2024-05-14T01:57:38.925+0000] {dag.py:3096} INFO - Sync 1 DAGs
[2024-05-14T01:57:38.935+0000] {logging_mixin.py:188} INFO - [2024-05-14T01:57:38.935+0000] {dag.py:3954} INFO - Setting next_dagrun for example_task_group_decorator to 2024-05-13 00:00:00+00:00, run_after=2024-05-14 00:00:00+00:00
[2024-05-14T01:57:38.943+0000] {processor.py:183} INFO - Processing /home/airflow/.local/lib/python3.12/site-packages/airflow/example_dags/example_task_group_decorator.py took 0.044 seconds
[2024-05-14T01:58:09.513+0000] {processor.py:161} INFO - Started process (PID=528) to work on /home/airflow/.local/lib/python3.12/site-packages/airflow/example_dags/example_task_group_decorator.py
[2024-05-14T01:58:09.513+0000] {processor.py:830} INFO - Processing file /home/airflow/.local/lib/python3.12/site-packages/airflow/example_dags/example_task_group_decorator.py for tasks to queue
[2024-05-14T01:58:09.514+0000] {logging_mixin.py:188} INFO - [2024-05-14T01:58:09.514+0000] {dagbag.py:545} INFO - Filling up the DagBag from /home/airflow/.local/lib/python3.12/site-packages/airflow/example_dags/example_task_group_decorator.py
[2024-05-14T01:58:09.520+0000] {processor.py:840} INFO - DAG(s) 'example_task_group_decorator' retrieved from /home/airflow/.local/lib/python3.12/site-packages/airflow/example_dags/example_task_group_decorator.py
[2024-05-14T01:58:09.532+0000] {logging_mixin.py:188} INFO - [2024-05-14T01:58:09.532+0000] {dag.py:3096} INFO - Sync 1 DAGs
[2024-05-14T01:58:09.542+0000] {logging_mixin.py:188} INFO - [2024-05-14T01:58:09.542+0000] {dag.py:3954} INFO - Setting next_dagrun for example_task_group_decorator to 2024-05-13 00:00:00+00:00, run_after=2024-05-14 00:00:00+00:00
[2024-05-14T01:58:09.549+0000] {processor.py:183} INFO - Processing /home/airflow/.local/lib/python3.12/site-packages/airflow/example_dags/example_task_group_decorator.py took 0.039 seconds
[2024-05-14T01:58:40.305+0000] {processor.py:161} INFO - Started process (PID=586) to work on /home/airflow/.local/lib/python3.12/site-packages/airflow/example_dags/example_task_group_decorator.py
[2024-05-14T01:58:40.306+0000] {processor.py:830} INFO - Processing file /home/airflow/.local/lib/python3.12/site-packages/airflow/example_dags/example_task_group_decorator.py for tasks to queue
[2024-05-14T01:58:40.307+0000] {logging_mixin.py:188} INFO - [2024-05-14T01:58:40.306+0000] {dagbag.py:545} INFO - Filling up the DagBag from /home/airflow/.local/lib/python3.12/site-packages/airflow/example_dags/example_task_group_decorator.py
[2024-05-14T01:58:40.313+0000] {processor.py:840} INFO - DAG(s) 'example_task_group_decorator' retrieved from /home/airflow/.local/lib/python3.12/site-packages/airflow/example_dags/example_task_group_decorator.py
[2024-05-14T01:58:40.325+0000] {logging_mixin.py:188} INFO - [2024-05-14T01:58:40.325+0000] {dag.py:3096} INFO - Sync 1 DAGs
[2024-05-14T01:58:40.336+0000] {logging_mixin.py:188} INFO - [2024-05-14T01:58:40.336+0000] {dag.py:3954} INFO - Setting next_dagrun for example_task_group_decorator to 2024-05-13 00:00:00+00:00, run_after=2024-05-14 00:00:00+00:00
[2024-05-14T01:58:40.344+0000] {processor.py:183} INFO - Processing /home/airflow/.local/lib/python3.12/site-packages/airflow/example_dags/example_task_group_decorator.py took 0.042 seconds
[2024-05-14T01:59:11.197+0000] {processor.py:161} INFO - Started process (PID=645) to work on /home/airflow/.local/lib/python3.12/site-packages/airflow/example_dags/example_task_group_decorator.py
[2024-05-14T01:59:11.198+0000] {processor.py:830} INFO - Processing file /home/airflow/.local/lib/python3.12/site-packages/airflow/example_dags/example_task_group_decorator.py for tasks to queue
[2024-05-14T01:59:11.199+0000] {logging_mixin.py:188} INFO - [2024-05-14T01:59:11.199+0000] {dagbag.py:545} INFO - Filling up the DagBag from /home/airflow/.local/lib/python3.12/site-packages/airflow/example_dags/example_task_group_decorator.py
[2024-05-14T01:59:11.207+0000] {processor.py:840} INFO - DAG(s) 'example_task_group_decorator' retrieved from /home/airflow/.local/lib/python3.12/site-packages/airflow/example_dags/example_task_group_decorator.py
[2024-05-14T01:59:11.221+0000] {logging_mixin.py:188} INFO - [2024-05-14T01:59:11.221+0000] {dag.py:3096} INFO - Sync 1 DAGs
[2024-05-14T01:59:11.232+0000] {logging_mixin.py:188} INFO - [2024-05-14T01:59:11.232+0000] {dag.py:3954} INFO - Setting next_dagrun for example_task_group_decorator to 2024-05-13 00:00:00+00:00, run_after=2024-05-14 00:00:00+00:00
[2024-05-14T01:59:11.241+0000] {processor.py:183} INFO - Processing /home/airflow/.local/lib/python3.12/site-packages/airflow/example_dags/example_task_group_decorator.py took 0.046 seconds
[2024-05-14T01:59:41.920+0000] {processor.py:161} INFO - Started process (PID=704) to work on /home/airflow/.local/lib/python3.12/site-packages/airflow/example_dags/example_task_group_decorator.py
[2024-05-14T01:59:41.921+0000] {processor.py:830} INFO - Processing file /home/airflow/.local/lib/python3.12/site-packages/airflow/example_dags/example_task_group_decorator.py for tasks to queue
[2024-05-14T01:59:41.923+0000] {logging_mixin.py:188} INFO - [2024-05-14T01:59:41.922+0000] {dagbag.py:545} INFO - Filling up the DagBag from /home/airflow/.local/lib/python3.12/site-packages/airflow/example_dags/example_task_group_decorator.py
[2024-05-14T01:59:41.931+0000] {processor.py:840} INFO - DAG(s) 'example_task_group_decorator' retrieved from /home/airflow/.local/lib/python3.12/site-packages/airflow/example_dags/example_task_group_decorator.py
[2024-05-14T01:59:41.950+0000] {logging_mixin.py:188} INFO - [2024-05-14T01:59:41.950+0000] {dag.py:3096} INFO - Sync 1 DAGs
[2024-05-14T01:59:41.966+0000] {logging_mixin.py:188} INFO - [2024-05-14T01:59:41.965+0000] {dag.py:3954} INFO - Setting next_dagrun for example_task_group_decorator to 2024-05-13 00:00:00+00:00, run_after=2024-05-14 00:00:00+00:00
[2024-05-14T01:59:41.986+0000] {processor.py:183} INFO - Processing /home/airflow/.local/lib/python3.12/site-packages/airflow/example_dags/example_task_group_decorator.py took 0.070 seconds
[2024-05-14T02:00:12.724+0000] {processor.py:161} INFO - Started process (PID=763) to work on /home/airflow/.local/lib/python3.12/site-packages/airflow/example_dags/example_task_group_decorator.py
[2024-05-14T02:00:12.725+0000] {processor.py:830} INFO - Processing file /home/airflow/.local/lib/python3.12/site-packages/airflow/example_dags/example_task_group_decorator.py for tasks to queue
[2024-05-14T02:00:12.726+0000] {logging_mixin.py:188} INFO - [2024-05-14T02:00:12.726+0000] {dagbag.py:545} INFO - Filling up the DagBag from /home/airflow/.local/lib/python3.12/site-packages/airflow/example_dags/example_task_group_decorator.py
[2024-05-14T02:00:12.732+0000] {processor.py:840} INFO - DAG(s) 'example_task_group_decorator' retrieved from /home/airflow/.local/lib/python3.12/site-packages/airflow/example_dags/example_task_group_decorator.py
[2024-05-14T02:00:12.743+0000] {logging_mixin.py:188} INFO - [2024-05-14T02:00:12.743+0000] {dag.py:3096} INFO - Sync 1 DAGs
[2024-05-14T02:00:12.752+0000] {logging_mixin.py:188} INFO - [2024-05-14T02:00:12.752+0000] {dag.py:3954} INFO - Setting next_dagrun for example_task_group_decorator to 2024-05-13 00:00:00+00:00, run_after=2024-05-14 00:00:00+00:00
[2024-05-14T02:00:12.760+0000] {processor.py:183} INFO - Processing /home/airflow/.local/lib/python3.12/site-packages/airflow/example_dags/example_task_group_decorator.py took 0.038 seconds
[2024-05-14T02:00:43.594+0000] {processor.py:161} INFO - Started process (PID=822) to work on /home/airflow/.local/lib/python3.12/site-packages/airflow/example_dags/example_task_group_decorator.py
[2024-05-14T02:00:43.595+0000] {processor.py:830} INFO - Processing file /home/airflow/.local/lib/python3.12/site-packages/airflow/example_dags/example_task_group_decorator.py for tasks to queue
[2024-05-14T02:00:43.596+0000] {logging_mixin.py:188} INFO - [2024-05-14T02:00:43.596+0000] {dagbag.py:545} INFO - Filling up the DagBag from /home/airflow/.local/lib/python3.12/site-packages/airflow/example_dags/example_task_group_decorator.py
[2024-05-14T02:00:43.603+0000] {processor.py:840} INFO - DAG(s) 'example_task_group_decorator' retrieved from /home/airflow/.local/lib/python3.12/site-packages/airflow/example_dags/example_task_group_decorator.py
[2024-05-14T02:00:43.614+0000] {logging_mixin.py:188} INFO - [2024-05-14T02:00:43.614+0000] {dag.py:3096} INFO - Sync 1 DAGs
[2024-05-14T02:00:43.624+0000] {logging_mixin.py:188} INFO - [2024-05-14T02:00:43.624+0000] {dag.py:3954} INFO - Setting next_dagrun for example_task_group_decorator to 2024-05-13 00:00:00+00:00, run_after=2024-05-14 00:00:00+00:00
[2024-05-14T02:00:43.632+0000] {processor.py:183} INFO - Processing /home/airflow/.local/lib/python3.12/site-packages/airflow/example_dags/example_task_group_decorator.py took 0.041 seconds
[2024-05-14T02:01:13.760+0000] {processor.py:161} INFO - Started process (PID=881) to work on /home/airflow/.local/lib/python3.12/site-packages/airflow/example_dags/example_task_group_decorator.py
[2024-05-14T02:01:13.761+0000] {processor.py:830} INFO - Processing file /home/airflow/.local/lib/python3.12/site-packages/airflow/example_dags/example_task_group_decorator.py for tasks to queue
[2024-05-14T02:01:13.764+0000] {logging_mixin.py:188} INFO - [2024-05-14T02:01:13.764+0000] {dagbag.py:545} INFO - Filling up the DagBag from /home/airflow/.local/lib/python3.12/site-packages/airflow/example_dags/example_task_group_decorator.py
[2024-05-14T02:01:13.771+0000] {processor.py:840} INFO - DAG(s) 'example_task_group_decorator' retrieved from /home/airflow/.local/lib/python3.12/site-packages/airflow/example_dags/example_task_group_decorator.py
[2024-05-14T02:01:13.783+0000] {logging_mixin.py:188} INFO - [2024-05-14T02:01:13.783+0000] {dag.py:3096} INFO - Sync 1 DAGs
[2024-05-14T02:01:13.793+0000] {logging_mixin.py:188} INFO - [2024-05-14T02:01:13.793+0000] {dag.py:3954} INFO - Setting next_dagrun for example_task_group_decorator to 2024-05-13 00:00:00+00:00, run_after=2024-05-14 00:00:00+00:00
[2024-05-14T02:01:13.802+0000] {processor.py:183} INFO - Processing /home/airflow/.local/lib/python3.12/site-packages/airflow/example_dags/example_task_group_decorator.py took 0.045 seconds
[2024-05-14T02:01:44.870+0000] {processor.py:161} INFO - Started process (PID=940) to work on /home/airflow/.local/lib/python3.12/site-packages/airflow/example_dags/example_task_group_decorator.py
[2024-05-14T02:01:44.871+0000] {processor.py:830} INFO - Processing file /home/airflow/.local/lib/python3.12/site-packages/airflow/example_dags/example_task_group_decorator.py for tasks to queue
[2024-05-14T02:01:44.872+0000] {logging_mixin.py:188} INFO - [2024-05-14T02:01:44.872+0000] {dagbag.py:545} INFO - Filling up the DagBag from /home/airflow/.local/lib/python3.12/site-packages/airflow/example_dags/example_task_group_decorator.py
[2024-05-14T02:01:44.879+0000] {processor.py:840} INFO - DAG(s) 'example_task_group_decorator' retrieved from /home/airflow/.local/lib/python3.12/site-packages/airflow/example_dags/example_task_group_decorator.py
[2024-05-14T02:01:44.890+0000] {logging_mixin.py:188} INFO - [2024-05-14T02:01:44.890+0000] {dag.py:3096} INFO - Sync 1 DAGs
[2024-05-14T02:01:44.900+0000] {logging_mixin.py:188} INFO - [2024-05-14T02:01:44.900+0000] {dag.py:3954} INFO - Setting next_dagrun for example_task_group_decorator to 2024-05-13 00:00:00+00:00, run_after=2024-05-14 00:00:00+00:00
[2024-05-14T02:01:44.908+0000] {processor.py:183} INFO - Processing /home/airflow/.local/lib/python3.12/site-packages/airflow/example_dags/example_task_group_decorator.py took 0.040 seconds
[2024-05-14T02:02:15.159+0000] {processor.py:161} INFO - Started process (PID=999) to work on /home/airflow/.local/lib/python3.12/site-packages/airflow/example_dags/example_task_group_decorator.py
[2024-05-14T02:02:15.160+0000] {processor.py:830} INFO - Processing file /home/airflow/.local/lib/python3.12/site-packages/airflow/example_dags/example_task_group_decorator.py for tasks to queue
[2024-05-14T02:02:15.161+0000] {logging_mixin.py:188} INFO - [2024-05-14T02:02:15.161+0000] {dagbag.py:545} INFO - Filling up the DagBag from /home/airflow/.local/lib/python3.12/site-packages/airflow/example_dags/example_task_group_decorator.py
[2024-05-14T02:02:15.170+0000] {processor.py:840} INFO - DAG(s) 'example_task_group_decorator' retrieved from /home/airflow/.local/lib/python3.12/site-packages/airflow/example_dags/example_task_group_decorator.py
[2024-05-14T02:02:15.187+0000] {logging_mixin.py:188} INFO - [2024-05-14T02:02:15.187+0000] {dag.py:3096} INFO - Sync 1 DAGs
[2024-05-14T02:02:15.200+0000] {logging_mixin.py:188} INFO - [2024-05-14T02:02:15.200+0000] {dag.py:3954} INFO - Setting next_dagrun for example_task_group_decorator to 2024-05-13 00:00:00+00:00, run_after=2024-05-14 00:00:00+00:00
[2024-05-14T02:02:15.212+0000] {processor.py:183} INFO - Processing /home/airflow/.local/lib/python3.12/site-packages/airflow/example_dags/example_task_group_decorator.py took 0.056 seconds
[2024-05-14T02:02:45.276+0000] {processor.py:161} INFO - Started process (PID=1058) to work on /home/airflow/.local/lib/python3.12/site-packages/airflow/example_dags/example_task_group_decorator.py
[2024-05-14T02:02:45.277+0000] {processor.py:830} INFO - Processing file /home/airflow/.local/lib/python3.12/site-packages/airflow/example_dags/example_task_group_decorator.py for tasks to queue
[2024-05-14T02:02:45.278+0000] {logging_mixin.py:188} INFO - [2024-05-14T02:02:45.278+0000] {dagbag.py:545} INFO - Filling up the DagBag from /home/airflow/.local/lib/python3.12/site-packages/airflow/example_dags/example_task_group_decorator.py
[2024-05-14T02:02:45.285+0000] {processor.py:840} INFO - DAG(s) 'example_task_group_decorator' retrieved from /home/airflow/.local/lib/python3.12/site-packages/airflow/example_dags/example_task_group_decorator.py
[2024-05-14T02:02:45.298+0000] {logging_mixin.py:188} INFO - [2024-05-14T02:02:45.298+0000] {dag.py:3096} INFO - Sync 1 DAGs
[2024-05-14T02:02:45.311+0000] {logging_mixin.py:188} INFO - [2024-05-14T02:02:45.311+0000] {dag.py:3954} INFO - Setting next_dagrun for example_task_group_decorator to 2024-05-13 00:00:00+00:00, run_after=2024-05-14 00:00:00+00:00
[2024-05-14T02:02:45.322+0000] {processor.py:183} INFO - Processing /home/airflow/.local/lib/python3.12/site-packages/airflow/example_dags/example_task_group_decorator.py took 0.050 seconds
[2024-05-14T02:03:15.398+0000] {processor.py:161} INFO - Started process (PID=1117) to work on /home/airflow/.local/lib/python3.12/site-packages/airflow/example_dags/example_task_group_decorator.py
[2024-05-14T02:03:15.399+0000] {processor.py:830} INFO - Processing file /home/airflow/.local/lib/python3.12/site-packages/airflow/example_dags/example_task_group_decorator.py for tasks to queue
[2024-05-14T02:03:15.400+0000] {logging_mixin.py:188} INFO - [2024-05-14T02:03:15.400+0000] {dagbag.py:545} INFO - Filling up the DagBag from /home/airflow/.local/lib/python3.12/site-packages/airflow/example_dags/example_task_group_decorator.py
[2024-05-14T02:03:15.407+0000] {processor.py:840} INFO - DAG(s) 'example_task_group_decorator' retrieved from /home/airflow/.local/lib/python3.12/site-packages/airflow/example_dags/example_task_group_decorator.py
[2024-05-14T02:03:15.419+0000] {logging_mixin.py:188} INFO - [2024-05-14T02:03:15.418+0000] {dag.py:3096} INFO - Sync 1 DAGs
[2024-05-14T02:03:15.428+0000] {logging_mixin.py:188} INFO - [2024-05-14T02:03:15.428+0000] {dag.py:3954} INFO - Setting next_dagrun for example_task_group_decorator to 2024-05-13 00:00:00+00:00, run_after=2024-05-14 00:00:00+00:00
[2024-05-14T02:03:15.436+0000] {processor.py:183} INFO - Processing /home/airflow/.local/lib/python3.12/site-packages/airflow/example_dags/example_task_group_decorator.py took 0.041 seconds
[2024-05-14T02:03:46.249+0000] {processor.py:161} INFO - Started process (PID=1176) to work on /home/airflow/.local/lib/python3.12/site-packages/airflow/example_dags/example_task_group_decorator.py
[2024-05-14T02:03:46.250+0000] {processor.py:830} INFO - Processing file /home/airflow/.local/lib/python3.12/site-packages/airflow/example_dags/example_task_group_decorator.py for tasks to queue
[2024-05-14T02:03:46.251+0000] {logging_mixin.py:188} INFO - [2024-05-14T02:03:46.251+0000] {dagbag.py:545} INFO - Filling up the DagBag from /home/airflow/.local/lib/python3.12/site-packages/airflow/example_dags/example_task_group_decorator.py
[2024-05-14T02:03:46.258+0000] {processor.py:840} INFO - DAG(s) 'example_task_group_decorator' retrieved from /home/airflow/.local/lib/python3.12/site-packages/airflow/example_dags/example_task_group_decorator.py
[2024-05-14T02:03:46.270+0000] {logging_mixin.py:188} INFO - [2024-05-14T02:03:46.270+0000] {dag.py:3096} INFO - Sync 1 DAGs
[2024-05-14T02:03:46.280+0000] {logging_mixin.py:188} INFO - [2024-05-14T02:03:46.280+0000] {dag.py:3954} INFO - Setting next_dagrun for example_task_group_decorator to 2024-05-13 00:00:00+00:00, run_after=2024-05-14 00:00:00+00:00
[2024-05-14T02:03:46.289+0000] {processor.py:183} INFO - Processing /home/airflow/.local/lib/python3.12/site-packages/airflow/example_dags/example_task_group_decorator.py took 0.042 seconds
[2024-05-14T02:04:16.315+0000] {processor.py:161} INFO - Started process (PID=1234) to work on /home/airflow/.local/lib/python3.12/site-packages/airflow/example_dags/example_task_group_decorator.py
[2024-05-14T02:04:16.316+0000] {processor.py:830} INFO - Processing file /home/airflow/.local/lib/python3.12/site-packages/airflow/example_dags/example_task_group_decorator.py for tasks to queue
[2024-05-14T02:04:16.317+0000] {logging_mixin.py:188} INFO - [2024-05-14T02:04:16.317+0000] {dagbag.py:545} INFO - Filling up the DagBag from /home/airflow/.local/lib/python3.12/site-packages/airflow/example_dags/example_task_group_decorator.py
[2024-05-14T02:04:16.324+0000] {processor.py:840} INFO - DAG(s) 'example_task_group_decorator' retrieved from /home/airflow/.local/lib/python3.12/site-packages/airflow/example_dags/example_task_group_decorator.py
[2024-05-14T02:04:16.336+0000] {logging_mixin.py:188} INFO - [2024-05-14T02:04:16.336+0000] {dag.py:3096} INFO - Sync 1 DAGs
[2024-05-14T02:04:16.347+0000] {logging_mixin.py:188} INFO - [2024-05-14T02:04:16.347+0000] {dag.py:3954} INFO - Setting next_dagrun for example_task_group_decorator to 2024-05-13 00:00:00+00:00, run_after=2024-05-14 00:00:00+00:00
[2024-05-14T02:04:16.356+0000] {processor.py:183} INFO - Processing /home/airflow/.local/lib/python3.12/site-packages/airflow/example_dags/example_task_group_decorator.py took 0.044 seconds
[2024-05-14T02:04:46.471+0000] {processor.py:161} INFO - Started process (PID=1293) to work on /home/airflow/.local/lib/python3.12/site-packages/airflow/example_dags/example_task_group_decorator.py
[2024-05-14T02:04:46.472+0000] {processor.py:830} INFO - Processing file /home/airflow/.local/lib/python3.12/site-packages/airflow/example_dags/example_task_group_decorator.py for tasks to queue
[2024-05-14T02:04:46.473+0000] {logging_mixin.py:188} INFO - [2024-05-14T02:04:46.472+0000] {dagbag.py:545} INFO - Filling up the DagBag from /home/airflow/.local/lib/python3.12/site-packages/airflow/example_dags/example_task_group_decorator.py
[2024-05-14T02:04:46.480+0000] {processor.py:840} INFO - DAG(s) 'example_task_group_decorator' retrieved from /home/airflow/.local/lib/python3.12/site-packages/airflow/example_dags/example_task_group_decorator.py
[2024-05-14T02:04:46.492+0000] {logging_mixin.py:188} INFO - [2024-05-14T02:04:46.492+0000] {dag.py:3096} INFO - Sync 1 DAGs
[2024-05-14T02:04:46.503+0000] {logging_mixin.py:188} INFO - [2024-05-14T02:04:46.503+0000] {dag.py:3954} INFO - Setting next_dagrun for example_task_group_decorator to 2024-05-13 00:00:00+00:00, run_after=2024-05-14 00:00:00+00:00
[2024-05-14T02:04:46.512+0000] {processor.py:183} INFO - Processing /home/airflow/.local/lib/python3.12/site-packages/airflow/example_dags/example_task_group_decorator.py took 0.044 seconds
[2024-05-14T02:05:16.569+0000] {processor.py:161} INFO - Started process (PID=1352) to work on /home/airflow/.local/lib/python3.12/site-packages/airflow/example_dags/example_task_group_decorator.py
[2024-05-14T02:05:16.570+0000] {processor.py:830} INFO - Processing file /home/airflow/.local/lib/python3.12/site-packages/airflow/example_dags/example_task_group_decorator.py for tasks to queue
[2024-05-14T02:05:16.571+0000] {logging_mixin.py:188} INFO - [2024-05-14T02:05:16.571+0000] {dagbag.py:545} INFO - Filling up the DagBag from /home/airflow/.local/lib/python3.12/site-packages/airflow/example_dags/example_task_group_decorator.py
[2024-05-14T02:05:16.577+0000] {processor.py:840} INFO - DAG(s) 'example_task_group_decorator' retrieved from /home/airflow/.local/lib/python3.12/site-packages/airflow/example_dags/example_task_group_decorator.py
[2024-05-14T02:05:16.589+0000] {logging_mixin.py:188} INFO - [2024-05-14T02:05:16.589+0000] {dag.py:3096} INFO - Sync 1 DAGs
[2024-05-14T02:05:16.599+0000] {logging_mixin.py:188} INFO - [2024-05-14T02:05:16.599+0000] {dag.py:3954} INFO - Setting next_dagrun for example_task_group_decorator to 2024-05-13 00:00:00+00:00, run_after=2024-05-14 00:00:00+00:00
[2024-05-14T02:05:16.608+0000] {processor.py:183} INFO - Processing /home/airflow/.local/lib/python3.12/site-packages/airflow/example_dags/example_task_group_decorator.py took 0.042 seconds
[2024-05-14T02:05:47.378+0000] {processor.py:161} INFO - Started process (PID=1411) to work on /home/airflow/.local/lib/python3.12/site-packages/airflow/example_dags/example_task_group_decorator.py
[2024-05-14T02:05:47.379+0000] {processor.py:830} INFO - Processing file /home/airflow/.local/lib/python3.12/site-packages/airflow/example_dags/example_task_group_decorator.py for tasks to queue
[2024-05-14T02:05:47.380+0000] {logging_mixin.py:188} INFO - [2024-05-14T02:05:47.379+0000] {dagbag.py:545} INFO - Filling up the DagBag from /home/airflow/.local/lib/python3.12/site-packages/airflow/example_dags/example_task_group_decorator.py
[2024-05-14T02:05:47.386+0000] {processor.py:840} INFO - DAG(s) 'example_task_group_decorator' retrieved from /home/airflow/.local/lib/python3.12/site-packages/airflow/example_dags/example_task_group_decorator.py
[2024-05-14T02:05:47.398+0000] {logging_mixin.py:188} INFO - [2024-05-14T02:05:47.398+0000] {dag.py:3096} INFO - Sync 1 DAGs
[2024-05-14T02:05:47.409+0000] {logging_mixin.py:188} INFO - [2024-05-14T02:05:47.409+0000] {dag.py:3954} INFO - Setting next_dagrun for example_task_group_decorator to 2024-05-13 00:00:00+00:00, run_after=2024-05-14 00:00:00+00:00
[2024-05-14T02:05:47.417+0000] {processor.py:183} INFO - Processing /home/airflow/.local/lib/python3.12/site-packages/airflow/example_dags/example_task_group_decorator.py took 0.042 seconds
[2024-05-14T02:06:17.484+0000] {processor.py:161} INFO - Started process (PID=1470) to work on /home/airflow/.local/lib/python3.12/site-packages/airflow/example_dags/example_task_group_decorator.py
[2024-05-14T02:06:17.485+0000] {processor.py:830} INFO - Processing file /home/airflow/.local/lib/python3.12/site-packages/airflow/example_dags/example_task_group_decorator.py for tasks to queue
[2024-05-14T02:06:17.486+0000] {logging_mixin.py:188} INFO - [2024-05-14T02:06:17.485+0000] {dagbag.py:545} INFO - Filling up the DagBag from /home/airflow/.local/lib/python3.12/site-packages/airflow/example_dags/example_task_group_decorator.py
[2024-05-14T02:06:17.492+0000] {processor.py:840} INFO - DAG(s) 'example_task_group_decorator' retrieved from /home/airflow/.local/lib/python3.12/site-packages/airflow/example_dags/example_task_group_decorator.py
[2024-05-14T02:06:17.504+0000] {logging_mixin.py:188} INFO - [2024-05-14T02:06:17.504+0000] {dag.py:3096} INFO - Sync 1 DAGs
[2024-05-14T02:06:17.514+0000] {logging_mixin.py:188} INFO - [2024-05-14T02:06:17.514+0000] {dag.py:3954} INFO - Setting next_dagrun for example_task_group_decorator to 2024-05-13 00:00:00+00:00, run_after=2024-05-14 00:00:00+00:00
[2024-05-14T02:06:17.522+0000] {processor.py:183} INFO - Processing /home/airflow/.local/lib/python3.12/site-packages/airflow/example_dags/example_task_group_decorator.py took 0.041 seconds
[2024-05-14T02:06:47.634+0000] {processor.py:161} INFO - Started process (PID=1529) to work on /home/airflow/.local/lib/python3.12/site-packages/airflow/example_dags/example_task_group_decorator.py
[2024-05-14T02:06:47.635+0000] {processor.py:830} INFO - Processing file /home/airflow/.local/lib/python3.12/site-packages/airflow/example_dags/example_task_group_decorator.py for tasks to queue
[2024-05-14T02:06:47.636+0000] {logging_mixin.py:188} INFO - [2024-05-14T02:06:47.636+0000] {dagbag.py:545} INFO - Filling up the DagBag from /home/airflow/.local/lib/python3.12/site-packages/airflow/example_dags/example_task_group_decorator.py
[2024-05-14T02:06:47.642+0000] {processor.py:840} INFO - DAG(s) 'example_task_group_decorator' retrieved from /home/airflow/.local/lib/python3.12/site-packages/airflow/example_dags/example_task_group_decorator.py
[2024-05-14T02:06:47.654+0000] {logging_mixin.py:188} INFO - [2024-05-14T02:06:47.654+0000] {dag.py:3096} INFO - Sync 1 DAGs
[2024-05-14T02:06:47.664+0000] {logging_mixin.py:188} INFO - [2024-05-14T02:06:47.663+0000] {dag.py:3954} INFO - Setting next_dagrun for example_task_group_decorator to 2024-05-13 00:00:00+00:00, run_after=2024-05-14 00:00:00+00:00
[2024-05-14T02:06:47.673+0000] {processor.py:183} INFO - Processing /home/airflow/.local/lib/python3.12/site-packages/airflow/example_dags/example_task_group_decorator.py took 0.041 seconds
[2024-05-14T02:07:17.890+0000] {processor.py:161} INFO - Started process (PID=1588) to work on /home/airflow/.local/lib/python3.12/site-packages/airflow/example_dags/example_task_group_decorator.py
[2024-05-14T02:07:17.891+0000] {processor.py:830} INFO - Processing file /home/airflow/.local/lib/python3.12/site-packages/airflow/example_dags/example_task_group_decorator.py for tasks to queue
[2024-05-14T02:07:17.892+0000] {logging_mixin.py:188} INFO - [2024-05-14T02:07:17.892+0000] {dagbag.py:545} INFO - Filling up the DagBag from /home/airflow/.local/lib/python3.12/site-packages/airflow/example_dags/example_task_group_decorator.py
[2024-05-14T02:07:17.900+0000] {processor.py:840} INFO - DAG(s) 'example_task_group_decorator' retrieved from /home/airflow/.local/lib/python3.12/site-packages/airflow/example_dags/example_task_group_decorator.py
[2024-05-14T02:07:17.914+0000] {logging_mixin.py:188} INFO - [2024-05-14T02:07:17.914+0000] {dag.py:3096} INFO - Sync 1 DAGs
[2024-05-14T02:07:17.925+0000] {logging_mixin.py:188} INFO - [2024-05-14T02:07:17.925+0000] {dag.py:3954} INFO - Setting next_dagrun for example_task_group_decorator to 2024-05-13 00:00:00+00:00, run_after=2024-05-14 00:00:00+00:00
[2024-05-14T02:07:17.934+0000] {processor.py:183} INFO - Processing /home/airflow/.local/lib/python3.12/site-packages/airflow/example_dags/example_task_group_decorator.py took 0.048 seconds
[2024-05-14T02:07:48.145+0000] {processor.py:161} INFO - Started process (PID=1647) to work on /home/airflow/.local/lib/python3.12/site-packages/airflow/example_dags/example_task_group_decorator.py
[2024-05-14T02:07:48.146+0000] {processor.py:830} INFO - Processing file /home/airflow/.local/lib/python3.12/site-packages/airflow/example_dags/example_task_group_decorator.py for tasks to queue
[2024-05-14T02:07:48.147+0000] {logging_mixin.py:188} INFO - [2024-05-14T02:07:48.147+0000] {dagbag.py:545} INFO - Filling up the DagBag from /home/airflow/.local/lib/python3.12/site-packages/airflow/example_dags/example_task_group_decorator.py
[2024-05-14T02:07:48.154+0000] {processor.py:840} INFO - DAG(s) 'example_task_group_decorator' retrieved from /home/airflow/.local/lib/python3.12/site-packages/airflow/example_dags/example_task_group_decorator.py
[2024-05-14T02:07:48.168+0000] {logging_mixin.py:188} INFO - [2024-05-14T02:07:48.168+0000] {dag.py:3096} INFO - Sync 1 DAGs
[2024-05-14T02:07:48.183+0000] {logging_mixin.py:188} INFO - [2024-05-14T02:07:48.183+0000] {dag.py:3954} INFO - Setting next_dagrun for example_task_group_decorator to 2024-05-13 00:00:00+00:00, run_after=2024-05-14 00:00:00+00:00
[2024-05-14T02:07:48.194+0000] {processor.py:183} INFO - Processing /home/airflow/.local/lib/python3.12/site-packages/airflow/example_dags/example_task_group_decorator.py took 0.052 seconds
[2024-05-14T02:08:19.186+0000] {processor.py:161} INFO - Started process (PID=1706) to work on /home/airflow/.local/lib/python3.12/site-packages/airflow/example_dags/example_task_group_decorator.py
[2024-05-14T02:08:19.188+0000] {processor.py:830} INFO - Processing file /home/airflow/.local/lib/python3.12/site-packages/airflow/example_dags/example_task_group_decorator.py for tasks to queue
[2024-05-14T02:08:19.190+0000] {logging_mixin.py:188} INFO - [2024-05-14T02:08:19.190+0000] {dagbag.py:545} INFO - Filling up the DagBag from /home/airflow/.local/lib/python3.12/site-packages/airflow/example_dags/example_task_group_decorator.py
[2024-05-14T02:08:19.204+0000] {processor.py:840} INFO - DAG(s) 'example_task_group_decorator' retrieved from /home/airflow/.local/lib/python3.12/site-packages/airflow/example_dags/example_task_group_decorator.py
[2024-05-14T02:08:19.222+0000] {logging_mixin.py:188} INFO - [2024-05-14T02:08:19.222+0000] {dag.py:3096} INFO - Sync 1 DAGs
[2024-05-14T02:08:19.235+0000] {logging_mixin.py:188} INFO - [2024-05-14T02:08:19.235+0000] {dag.py:3954} INFO - Setting next_dagrun for example_task_group_decorator to 2024-05-13 00:00:00+00:00, run_after=2024-05-14 00:00:00+00:00
[2024-05-14T02:08:19.245+0000] {processor.py:183} INFO - Processing /home/airflow/.local/lib/python3.12/site-packages/airflow/example_dags/example_task_group_decorator.py took 0.068 seconds
[2024-05-14T02:08:49.354+0000] {processor.py:161} INFO - Started process (PID=1764) to work on /home/airflow/.local/lib/python3.12/site-packages/airflow/example_dags/example_task_group_decorator.py
[2024-05-14T02:08:49.356+0000] {processor.py:830} INFO - Processing file /home/airflow/.local/lib/python3.12/site-packages/airflow/example_dags/example_task_group_decorator.py for tasks to queue
[2024-05-14T02:08:49.359+0000] {logging_mixin.py:188} INFO - [2024-05-14T02:08:49.358+0000] {dagbag.py:545} INFO - Filling up the DagBag from /home/airflow/.local/lib/python3.12/site-packages/airflow/example_dags/example_task_group_decorator.py
[2024-05-14T02:08:49.374+0000] {processor.py:840} INFO - DAG(s) 'example_task_group_decorator' retrieved from /home/airflow/.local/lib/python3.12/site-packages/airflow/example_dags/example_task_group_decorator.py
[2024-05-14T02:08:49.394+0000] {logging_mixin.py:188} INFO - [2024-05-14T02:08:49.394+0000] {dag.py:3096} INFO - Sync 1 DAGs
[2024-05-14T02:08:49.407+0000] {logging_mixin.py:188} INFO - [2024-05-14T02:08:49.407+0000] {dag.py:3954} INFO - Setting next_dagrun for example_task_group_decorator to 2024-05-13 00:00:00+00:00, run_after=2024-05-14 00:00:00+00:00
[2024-05-14T02:08:49.415+0000] {processor.py:183} INFO - Processing /home/airflow/.local/lib/python3.12/site-packages/airflow/example_dags/example_task_group_decorator.py took 0.070 seconds
[2024-05-14T02:09:20.122+0000] {processor.py:161} INFO - Started process (PID=1824) to work on /home/airflow/.local/lib/python3.12/site-packages/airflow/example_dags/example_task_group_decorator.py
[2024-05-14T02:09:20.123+0000] {processor.py:830} INFO - Processing file /home/airflow/.local/lib/python3.12/site-packages/airflow/example_dags/example_task_group_decorator.py for tasks to queue
[2024-05-14T02:09:20.126+0000] {logging_mixin.py:188} INFO - [2024-05-14T02:09:20.125+0000] {dagbag.py:545} INFO - Filling up the DagBag from /home/airflow/.local/lib/python3.12/site-packages/airflow/example_dags/example_task_group_decorator.py
[2024-05-14T02:09:20.140+0000] {processor.py:840} INFO - DAG(s) 'example_task_group_decorator' retrieved from /home/airflow/.local/lib/python3.12/site-packages/airflow/example_dags/example_task_group_decorator.py
[2024-05-14T02:09:20.158+0000] {logging_mixin.py:188} INFO - [2024-05-14T02:09:20.158+0000] {dag.py:3096} INFO - Sync 1 DAGs
[2024-05-14T02:09:20.171+0000] {logging_mixin.py:188} INFO - [2024-05-14T02:09:20.171+0000] {dag.py:3954} INFO - Setting next_dagrun for example_task_group_decorator to 2024-05-13 00:00:00+00:00, run_after=2024-05-14 00:00:00+00:00
[2024-05-14T02:09:20.180+0000] {processor.py:183} INFO - Processing /home/airflow/.local/lib/python3.12/site-packages/airflow/example_dags/example_task_group_decorator.py took 0.067 seconds
[2024-05-14T02:09:50.493+0000] {processor.py:161} INFO - Started process (PID=1883) to work on /home/airflow/.local/lib/python3.12/site-packages/airflow/example_dags/example_task_group_decorator.py
[2024-05-14T02:09:50.494+0000] {processor.py:830} INFO - Processing file /home/airflow/.local/lib/python3.12/site-packages/airflow/example_dags/example_task_group_decorator.py for tasks to queue
[2024-05-14T02:09:50.495+0000] {logging_mixin.py:188} INFO - [2024-05-14T02:09:50.495+0000] {dagbag.py:545} INFO - Filling up the DagBag from /home/airflow/.local/lib/python3.12/site-packages/airflow/example_dags/example_task_group_decorator.py
[2024-05-14T02:09:50.504+0000] {processor.py:840} INFO - DAG(s) 'example_task_group_decorator' retrieved from /home/airflow/.local/lib/python3.12/site-packages/airflow/example_dags/example_task_group_decorator.py
[2024-05-14T02:09:50.518+0000] {logging_mixin.py:188} INFO - [2024-05-14T02:09:50.518+0000] {dag.py:3096} INFO - Sync 1 DAGs
[2024-05-14T02:09:50.531+0000] {logging_mixin.py:188} INFO - [2024-05-14T02:09:50.530+0000] {dag.py:3954} INFO - Setting next_dagrun for example_task_group_decorator to 2024-05-13 00:00:00+00:00, run_after=2024-05-14 00:00:00+00:00
[2024-05-14T02:09:50.540+0000] {processor.py:183} INFO - Processing /home/airflow/.local/lib/python3.12/site-packages/airflow/example_dags/example_task_group_decorator.py took 0.051 seconds
[2024-05-14T02:10:20.922+0000] {processor.py:161} INFO - Started process (PID=1942) to work on /home/airflow/.local/lib/python3.12/site-packages/airflow/example_dags/example_task_group_decorator.py
[2024-05-14T02:10:20.924+0000] {processor.py:830} INFO - Processing file /home/airflow/.local/lib/python3.12/site-packages/airflow/example_dags/example_task_group_decorator.py for tasks to queue
[2024-05-14T02:10:20.926+0000] {logging_mixin.py:188} INFO - [2024-05-14T02:10:20.926+0000] {dagbag.py:545} INFO - Filling up the DagBag from /home/airflow/.local/lib/python3.12/site-packages/airflow/example_dags/example_task_group_decorator.py
[2024-05-14T02:10:20.941+0000] {processor.py:840} INFO - DAG(s) 'example_task_group_decorator' retrieved from /home/airflow/.local/lib/python3.12/site-packages/airflow/example_dags/example_task_group_decorator.py
[2024-05-14T02:10:20.960+0000] {logging_mixin.py:188} INFO - [2024-05-14T02:10:20.959+0000] {dag.py:3096} INFO - Sync 1 DAGs
[2024-05-14T02:10:21.063+0000] {logging_mixin.py:188} INFO - [2024-05-14T02:10:21.063+0000] {dag.py:3954} INFO - Setting next_dagrun for example_task_group_decorator to 2024-05-13 00:00:00+00:00, run_after=2024-05-14 00:00:00+00:00
[2024-05-14T02:10:21.071+0000] {processor.py:183} INFO - Processing /home/airflow/.local/lib/python3.12/site-packages/airflow/example_dags/example_task_group_decorator.py took 0.158 seconds
[2024-05-14T02:10:51.720+0000] {processor.py:161} INFO - Started process (PID=2006) to work on /home/airflow/.local/lib/python3.12/site-packages/airflow/example_dags/example_task_group_decorator.py
[2024-05-14T02:10:51.723+0000] {processor.py:830} INFO - Processing file /home/airflow/.local/lib/python3.12/site-packages/airflow/example_dags/example_task_group_decorator.py for tasks to queue
[2024-05-14T02:10:51.731+0000] {logging_mixin.py:188} INFO - [2024-05-14T02:10:51.727+0000] {dagbag.py:545} INFO - Filling up the DagBag from /home/airflow/.local/lib/python3.12/site-packages/airflow/example_dags/example_task_group_decorator.py
[2024-05-14T02:10:51.767+0000] {processor.py:840} INFO - DAG(s) 'example_task_group_decorator' retrieved from /home/airflow/.local/lib/python3.12/site-packages/airflow/example_dags/example_task_group_decorator.py
[2024-05-14T02:10:51.795+0000] {logging_mixin.py:188} INFO - [2024-05-14T02:10:51.795+0000] {dag.py:3096} INFO - Sync 1 DAGs
[2024-05-14T02:10:51.943+0000] {logging_mixin.py:188} INFO - [2024-05-14T02:10:51.942+0000] {dag.py:3954} INFO - Setting next_dagrun for example_task_group_decorator to 2024-05-13 00:00:00+00:00, run_after=2024-05-14 00:00:00+00:00
[2024-05-14T02:10:51.953+0000] {processor.py:183} INFO - Processing /home/airflow/.local/lib/python3.12/site-packages/airflow/example_dags/example_task_group_decorator.py took 0.246 seconds
[2024-05-14T02:11:22.309+0000] {processor.py:161} INFO - Started process (PID=2065) to work on /home/airflow/.local/lib/python3.12/site-packages/airflow/example_dags/example_task_group_decorator.py
[2024-05-14T02:11:22.310+0000] {processor.py:830} INFO - Processing file /home/airflow/.local/lib/python3.12/site-packages/airflow/example_dags/example_task_group_decorator.py for tasks to queue
[2024-05-14T02:11:22.313+0000] {logging_mixin.py:188} INFO - [2024-05-14T02:11:22.312+0000] {dagbag.py:545} INFO - Filling up the DagBag from /home/airflow/.local/lib/python3.12/site-packages/airflow/example_dags/example_task_group_decorator.py
[2024-05-14T02:11:22.326+0000] {processor.py:840} INFO - DAG(s) 'example_task_group_decorator' retrieved from /home/airflow/.local/lib/python3.12/site-packages/airflow/example_dags/example_task_group_decorator.py
[2024-05-14T02:11:22.343+0000] {logging_mixin.py:188} INFO - [2024-05-14T02:11:22.342+0000] {dag.py:3096} INFO - Sync 1 DAGs
[2024-05-14T02:11:22.356+0000] {logging_mixin.py:188} INFO - [2024-05-14T02:11:22.356+0000] {dag.py:3954} INFO - Setting next_dagrun for example_task_group_decorator to 2024-05-13 00:00:00+00:00, run_after=2024-05-14 00:00:00+00:00
[2024-05-14T02:11:22.365+0000] {processor.py:183} INFO - Processing /home/airflow/.local/lib/python3.12/site-packages/airflow/example_dags/example_task_group_decorator.py took 0.063 seconds
[2024-05-14T02:11:52.698+0000] {processor.py:161} INFO - Started process (PID=2123) to work on /home/airflow/.local/lib/python3.12/site-packages/airflow/example_dags/example_task_group_decorator.py
[2024-05-14T02:11:52.699+0000] {processor.py:830} INFO - Processing file /home/airflow/.local/lib/python3.12/site-packages/airflow/example_dags/example_task_group_decorator.py for tasks to queue
[2024-05-14T02:11:52.702+0000] {logging_mixin.py:188} INFO - [2024-05-14T02:11:52.701+0000] {dagbag.py:545} INFO - Filling up the DagBag from /home/airflow/.local/lib/python3.12/site-packages/airflow/example_dags/example_task_group_decorator.py
[2024-05-14T02:11:52.716+0000] {processor.py:840} INFO - DAG(s) 'example_task_group_decorator' retrieved from /home/airflow/.local/lib/python3.12/site-packages/airflow/example_dags/example_task_group_decorator.py
[2024-05-14T02:11:52.733+0000] {logging_mixin.py:188} INFO - [2024-05-14T02:11:52.733+0000] {dag.py:3096} INFO - Sync 1 DAGs
[2024-05-14T02:11:52.747+0000] {logging_mixin.py:188} INFO - [2024-05-14T02:11:52.746+0000] {dag.py:3954} INFO - Setting next_dagrun for example_task_group_decorator to 2024-05-13 00:00:00+00:00, run_after=2024-05-14 00:00:00+00:00
[2024-05-14T02:11:52.757+0000] {processor.py:183} INFO - Processing /home/airflow/.local/lib/python3.12/site-packages/airflow/example_dags/example_task_group_decorator.py took 0.066 seconds
[2024-05-14T02:12:23.745+0000] {processor.py:161} INFO - Started process (PID=2181) to work on /home/airflow/.local/lib/python3.12/site-packages/airflow/example_dags/example_task_group_decorator.py
[2024-05-14T02:12:23.747+0000] {processor.py:830} INFO - Processing file /home/airflow/.local/lib/python3.12/site-packages/airflow/example_dags/example_task_group_decorator.py for tasks to queue
[2024-05-14T02:12:23.749+0000] {logging_mixin.py:188} INFO - [2024-05-14T02:12:23.749+0000] {dagbag.py:545} INFO - Filling up the DagBag from /home/airflow/.local/lib/python3.12/site-packages/airflow/example_dags/example_task_group_decorator.py
[2024-05-14T02:12:23.763+0000] {processor.py:840} INFO - DAG(s) 'example_task_group_decorator' retrieved from /home/airflow/.local/lib/python3.12/site-packages/airflow/example_dags/example_task_group_decorator.py
[2024-05-14T02:12:23.781+0000] {logging_mixin.py:188} INFO - [2024-05-14T02:12:23.781+0000] {dag.py:3096} INFO - Sync 1 DAGs
[2024-05-14T02:12:23.794+0000] {logging_mixin.py:188} INFO - [2024-05-14T02:12:23.794+0000] {dag.py:3954} INFO - Setting next_dagrun for example_task_group_decorator to 2024-05-13 00:00:00+00:00, run_after=2024-05-14 00:00:00+00:00
[2024-05-14T02:12:23.804+0000] {processor.py:183} INFO - Processing /home/airflow/.local/lib/python3.12/site-packages/airflow/example_dags/example_task_group_decorator.py took 0.066 seconds
