[2024-05-14T01:54:06.201+0000] {processor.py:161} INFO - Started process (PID=60) to work on /home/airflow/.local/lib/python3.12/site-packages/airflow/example_dags/example_xcomargs.py
[2024-05-14T01:54:06.249+0000] {processor.py:830} INFO - Processing file /home/airflow/.local/lib/python3.12/site-packages/airflow/example_dags/example_xcomargs.py for tasks to queue
[2024-05-14T01:54:06.261+0000] {logging_mixin.py:188} INFO - [2024-05-14T01:54:06.260+0000] {dagbag.py:545} INFO - Filling up the DagBag from /home/airflow/.local/lib/python3.12/site-packages/airflow/example_dags/example_xcomargs.py
[2024-05-14T01:54:06.299+0000] {processor.py:840} INFO - DAG(s) 'example_xcom_args', 'example_xcom_args_with_operators' retrieved from /home/airflow/.local/lib/python3.12/site-packages/airflow/example_dags/example_xcomargs.py
[2024-05-14T01:54:06.330+0000] {logging_mixin.py:188} INFO - [2024-05-14T01:54:06.330+0000] {dag.py:3096} INFO - Sync 2 DAGs
[2024-05-14T01:54:06.362+0000] {logging_mixin.py:188} INFO - [2024-05-14T01:54:06.362+0000] {dag.py:3954} INFO - Setting next_dagrun for example_xcom_args to None, run_after=None
[2024-05-14T01:54:06.367+0000] {logging_mixin.py:188} INFO - [2024-05-14T01:54:06.367+0000] {dag.py:3954} INFO - Setting next_dagrun for example_xcom_args_with_operators to None, run_after=None
[2024-05-14T01:54:06.394+0000] {processor.py:183} INFO - Processing /home/airflow/.local/lib/python3.12/site-packages/airflow/example_dags/example_xcomargs.py took 0.283 seconds
[2024-05-14T01:54:36.463+0000] {processor.py:161} INFO - Started process (PID=119) to work on /home/airflow/.local/lib/python3.12/site-packages/airflow/example_dags/example_xcomargs.py
[2024-05-14T01:54:36.464+0000] {processor.py:830} INFO - Processing file /home/airflow/.local/lib/python3.12/site-packages/airflow/example_dags/example_xcomargs.py for tasks to queue
[2024-05-14T01:54:36.465+0000] {logging_mixin.py:188} INFO - [2024-05-14T01:54:36.465+0000] {dagbag.py:545} INFO - Filling up the DagBag from /home/airflow/.local/lib/python3.12/site-packages/airflow/example_dags/example_xcomargs.py
[2024-05-14T01:54:36.469+0000] {processor.py:840} INFO - DAG(s) 'example_xcom_args', 'example_xcom_args_with_operators' retrieved from /home/airflow/.local/lib/python3.12/site-packages/airflow/example_dags/example_xcomargs.py
[2024-05-14T01:54:36.517+0000] {logging_mixin.py:188} INFO - [2024-05-14T01:54:36.517+0000] {dag.py:3096} INFO - Sync 2 DAGs
[2024-05-14T01:54:36.522+0000] {logging_mixin.py:188} INFO - [2024-05-14T01:54:36.522+0000] {dag.py:3954} INFO - Setting next_dagrun for example_xcom_args to None, run_after=None
[2024-05-14T01:54:36.524+0000] {logging_mixin.py:188} INFO - [2024-05-14T01:54:36.523+0000] {dag.py:3954} INFO - Setting next_dagrun for example_xcom_args_with_operators to None, run_after=None
[2024-05-14T01:54:36.530+0000] {processor.py:183} INFO - Processing /home/airflow/.local/lib/python3.12/site-packages/airflow/example_dags/example_xcomargs.py took 0.070 seconds
[2024-05-14T01:55:06.597+0000] {processor.py:161} INFO - Started process (PID=178) to work on /home/airflow/.local/lib/python3.12/site-packages/airflow/example_dags/example_xcomargs.py
[2024-05-14T01:55:06.598+0000] {processor.py:830} INFO - Processing file /home/airflow/.local/lib/python3.12/site-packages/airflow/example_dags/example_xcomargs.py for tasks to queue
[2024-05-14T01:55:06.599+0000] {logging_mixin.py:188} INFO - [2024-05-14T01:55:06.599+0000] {dagbag.py:545} INFO - Filling up the DagBag from /home/airflow/.local/lib/python3.12/site-packages/airflow/example_dags/example_xcomargs.py
[2024-05-14T01:55:06.604+0000] {processor.py:840} INFO - DAG(s) 'example_xcom_args_with_operators', 'example_xcom_args' retrieved from /home/airflow/.local/lib/python3.12/site-packages/airflow/example_dags/example_xcomargs.py
[2024-05-14T01:55:06.614+0000] {logging_mixin.py:188} INFO - [2024-05-14T01:55:06.614+0000] {dag.py:3096} INFO - Sync 2 DAGs
[2024-05-14T01:55:06.621+0000] {logging_mixin.py:188} INFO - [2024-05-14T01:55:06.620+0000] {dag.py:3954} INFO - Setting next_dagrun for example_xcom_args to None, run_after=None
[2024-05-14T01:55:06.622+0000] {logging_mixin.py:188} INFO - [2024-05-14T01:55:06.622+0000] {dag.py:3954} INFO - Setting next_dagrun for example_xcom_args_with_operators to None, run_after=None
[2024-05-14T01:55:06.630+0000] {processor.py:183} INFO - Processing /home/airflow/.local/lib/python3.12/site-packages/airflow/example_dags/example_xcomargs.py took 0.036 seconds
[2024-05-14T01:55:36.715+0000] {processor.py:161} INFO - Started process (PID=237) to work on /home/airflow/.local/lib/python3.12/site-packages/airflow/example_dags/example_xcomargs.py
[2024-05-14T01:55:36.715+0000] {processor.py:830} INFO - Processing file /home/airflow/.local/lib/python3.12/site-packages/airflow/example_dags/example_xcomargs.py for tasks to queue
[2024-05-14T01:55:36.716+0000] {logging_mixin.py:188} INFO - [2024-05-14T01:55:36.716+0000] {dagbag.py:545} INFO - Filling up the DagBag from /home/airflow/.local/lib/python3.12/site-packages/airflow/example_dags/example_xcomargs.py
[2024-05-14T01:55:36.720+0000] {processor.py:840} INFO - DAG(s) 'example_xcom_args', 'example_xcom_args_with_operators' retrieved from /home/airflow/.local/lib/python3.12/site-packages/airflow/example_dags/example_xcomargs.py
[2024-05-14T01:55:36.731+0000] {logging_mixin.py:188} INFO - [2024-05-14T01:55:36.731+0000] {dag.py:3096} INFO - Sync 2 DAGs
[2024-05-14T01:55:36.736+0000] {logging_mixin.py:188} INFO - [2024-05-14T01:55:36.736+0000] {dag.py:3954} INFO - Setting next_dagrun for example_xcom_args to None, run_after=None
[2024-05-14T01:55:36.738+0000] {logging_mixin.py:188} INFO - [2024-05-14T01:55:36.738+0000] {dag.py:3954} INFO - Setting next_dagrun for example_xcom_args_with_operators to None, run_after=None
[2024-05-14T01:55:36.744+0000] {processor.py:183} INFO - Processing /home/airflow/.local/lib/python3.12/site-packages/airflow/example_dags/example_xcomargs.py took 0.032 seconds
[2024-05-14T01:56:06.986+0000] {processor.py:161} INFO - Started process (PID=296) to work on /home/airflow/.local/lib/python3.12/site-packages/airflow/example_dags/example_xcomargs.py
[2024-05-14T01:56:06.986+0000] {processor.py:830} INFO - Processing file /home/airflow/.local/lib/python3.12/site-packages/airflow/example_dags/example_xcomargs.py for tasks to queue
[2024-05-14T01:56:06.987+0000] {logging_mixin.py:188} INFO - [2024-05-14T01:56:06.987+0000] {dagbag.py:545} INFO - Filling up the DagBag from /home/airflow/.local/lib/python3.12/site-packages/airflow/example_dags/example_xcomargs.py
[2024-05-14T01:56:06.991+0000] {processor.py:840} INFO - DAG(s) 'example_xcom_args', 'example_xcom_args_with_operators' retrieved from /home/airflow/.local/lib/python3.12/site-packages/airflow/example_dags/example_xcomargs.py
[2024-05-14T01:56:07.002+0000] {logging_mixin.py:188} INFO - [2024-05-14T01:56:07.002+0000] {dag.py:3096} INFO - Sync 2 DAGs
[2024-05-14T01:56:07.007+0000] {logging_mixin.py:188} INFO - [2024-05-14T01:56:07.007+0000] {dag.py:3954} INFO - Setting next_dagrun for example_xcom_args to None, run_after=None
[2024-05-14T01:56:07.009+0000] {logging_mixin.py:188} INFO - [2024-05-14T01:56:07.009+0000] {dag.py:3954} INFO - Setting next_dagrun for example_xcom_args_with_operators to None, run_after=None
[2024-05-14T01:56:07.016+0000] {processor.py:183} INFO - Processing /home/airflow/.local/lib/python3.12/site-packages/airflow/example_dags/example_xcomargs.py took 0.033 seconds
[2024-05-14T01:56:37.097+0000] {processor.py:161} INFO - Started process (PID=354) to work on /home/airflow/.local/lib/python3.12/site-packages/airflow/example_dags/example_xcomargs.py
[2024-05-14T01:56:37.099+0000] {processor.py:830} INFO - Processing file /home/airflow/.local/lib/python3.12/site-packages/airflow/example_dags/example_xcomargs.py for tasks to queue
[2024-05-14T01:56:37.100+0000] {logging_mixin.py:188} INFO - [2024-05-14T01:56:37.100+0000] {dagbag.py:545} INFO - Filling up the DagBag from /home/airflow/.local/lib/python3.12/site-packages/airflow/example_dags/example_xcomargs.py
[2024-05-14T01:56:37.107+0000] {processor.py:840} INFO - DAG(s) 'example_xcom_args_with_operators', 'example_xcom_args' retrieved from /home/airflow/.local/lib/python3.12/site-packages/airflow/example_dags/example_xcomargs.py
[2024-05-14T01:56:37.120+0000] {logging_mixin.py:188} INFO - [2024-05-14T01:56:37.120+0000] {dag.py:3096} INFO - Sync 2 DAGs
[2024-05-14T01:56:37.126+0000] {logging_mixin.py:188} INFO - [2024-05-14T01:56:37.126+0000] {dag.py:3954} INFO - Setting next_dagrun for example_xcom_args to None, run_after=None
[2024-05-14T01:56:37.128+0000] {logging_mixin.py:188} INFO - [2024-05-14T01:56:37.128+0000] {dag.py:3954} INFO - Setting next_dagrun for example_xcom_args_with_operators to None, run_after=None
[2024-05-14T01:56:37.134+0000] {processor.py:183} INFO - Processing /home/airflow/.local/lib/python3.12/site-packages/airflow/example_dags/example_xcomargs.py took 0.040 seconds
[2024-05-14T01:57:08.125+0000] {processor.py:161} INFO - Started process (PID=413) to work on /home/airflow/.local/lib/python3.12/site-packages/airflow/example_dags/example_xcomargs.py
[2024-05-14T01:57:08.126+0000] {processor.py:830} INFO - Processing file /home/airflow/.local/lib/python3.12/site-packages/airflow/example_dags/example_xcomargs.py for tasks to queue
[2024-05-14T01:57:08.127+0000] {logging_mixin.py:188} INFO - [2024-05-14T01:57:08.126+0000] {dagbag.py:545} INFO - Filling up the DagBag from /home/airflow/.local/lib/python3.12/site-packages/airflow/example_dags/example_xcomargs.py
[2024-05-14T01:57:08.131+0000] {processor.py:840} INFO - DAG(s) 'example_xcom_args_with_operators', 'example_xcom_args' retrieved from /home/airflow/.local/lib/python3.12/site-packages/airflow/example_dags/example_xcomargs.py
[2024-05-14T01:57:08.142+0000] {logging_mixin.py:188} INFO - [2024-05-14T01:57:08.141+0000] {dag.py:3096} INFO - Sync 2 DAGs
[2024-05-14T01:57:08.147+0000] {logging_mixin.py:188} INFO - [2024-05-14T01:57:08.147+0000] {dag.py:3954} INFO - Setting next_dagrun for example_xcom_args to None, run_after=None
[2024-05-14T01:57:08.149+0000] {logging_mixin.py:188} INFO - [2024-05-14T01:57:08.149+0000] {dag.py:3954} INFO - Setting next_dagrun for example_xcom_args_with_operators to None, run_after=None
[2024-05-14T01:57:08.156+0000] {processor.py:183} INFO - Processing /home/airflow/.local/lib/python3.12/site-packages/airflow/example_dags/example_xcomargs.py took 0.034 seconds
[2024-05-14T01:57:38.957+0000] {processor.py:161} INFO - Started process (PID=472) to work on /home/airflow/.local/lib/python3.12/site-packages/airflow/example_dags/example_xcomargs.py
[2024-05-14T01:57:38.957+0000] {processor.py:830} INFO - Processing file /home/airflow/.local/lib/python3.12/site-packages/airflow/example_dags/example_xcomargs.py for tasks to queue
[2024-05-14T01:57:38.958+0000] {logging_mixin.py:188} INFO - [2024-05-14T01:57:38.958+0000] {dagbag.py:545} INFO - Filling up the DagBag from /home/airflow/.local/lib/python3.12/site-packages/airflow/example_dags/example_xcomargs.py
[2024-05-14T01:57:38.962+0000] {processor.py:840} INFO - DAG(s) 'example_xcom_args_with_operators', 'example_xcom_args' retrieved from /home/airflow/.local/lib/python3.12/site-packages/airflow/example_dags/example_xcomargs.py
[2024-05-14T01:57:38.973+0000] {logging_mixin.py:188} INFO - [2024-05-14T01:57:38.973+0000] {dag.py:3096} INFO - Sync 2 DAGs
[2024-05-14T01:57:38.979+0000] {logging_mixin.py:188} INFO - [2024-05-14T01:57:38.979+0000] {dag.py:3954} INFO - Setting next_dagrun for example_xcom_args to None, run_after=None
[2024-05-14T01:57:38.981+0000] {logging_mixin.py:188} INFO - [2024-05-14T01:57:38.981+0000] {dag.py:3954} INFO - Setting next_dagrun for example_xcom_args_with_operators to None, run_after=None
[2024-05-14T01:57:38.989+0000] {processor.py:183} INFO - Processing /home/airflow/.local/lib/python3.12/site-packages/airflow/example_dags/example_xcomargs.py took 0.035 seconds
[2024-05-14T01:58:09.603+0000] {processor.py:161} INFO - Started process (PID=531) to work on /home/airflow/.local/lib/python3.12/site-packages/airflow/example_dags/example_xcomargs.py
[2024-05-14T01:58:09.604+0000] {processor.py:830} INFO - Processing file /home/airflow/.local/lib/python3.12/site-packages/airflow/example_dags/example_xcomargs.py for tasks to queue
[2024-05-14T01:58:09.605+0000] {logging_mixin.py:188} INFO - [2024-05-14T01:58:09.605+0000] {dagbag.py:545} INFO - Filling up the DagBag from /home/airflow/.local/lib/python3.12/site-packages/airflow/example_dags/example_xcomargs.py
[2024-05-14T01:58:09.609+0000] {processor.py:840} INFO - DAG(s) 'example_xcom_args_with_operators', 'example_xcom_args' retrieved from /home/airflow/.local/lib/python3.12/site-packages/airflow/example_dags/example_xcomargs.py
[2024-05-14T01:58:09.619+0000] {logging_mixin.py:188} INFO - [2024-05-14T01:58:09.619+0000] {dag.py:3096} INFO - Sync 2 DAGs
[2024-05-14T01:58:09.625+0000] {logging_mixin.py:188} INFO - [2024-05-14T01:58:09.625+0000] {dag.py:3954} INFO - Setting next_dagrun for example_xcom_args to None, run_after=None
[2024-05-14T01:58:09.626+0000] {logging_mixin.py:188} INFO - [2024-05-14T01:58:09.626+0000] {dag.py:3954} INFO - Setting next_dagrun for example_xcom_args_with_operators to None, run_after=None
[2024-05-14T01:58:09.633+0000] {processor.py:183} INFO - Processing /home/airflow/.local/lib/python3.12/site-packages/airflow/example_dags/example_xcomargs.py took 0.032 seconds
[2024-05-14T01:58:40.381+0000] {processor.py:161} INFO - Started process (PID=589) to work on /home/airflow/.local/lib/python3.12/site-packages/airflow/example_dags/example_xcomargs.py
[2024-05-14T01:58:40.382+0000] {processor.py:830} INFO - Processing file /home/airflow/.local/lib/python3.12/site-packages/airflow/example_dags/example_xcomargs.py for tasks to queue
[2024-05-14T01:58:40.383+0000] {logging_mixin.py:188} INFO - [2024-05-14T01:58:40.382+0000] {dagbag.py:545} INFO - Filling up the DagBag from /home/airflow/.local/lib/python3.12/site-packages/airflow/example_dags/example_xcomargs.py
[2024-05-14T01:58:40.387+0000] {processor.py:840} INFO - DAG(s) 'example_xcom_args_with_operators', 'example_xcom_args' retrieved from /home/airflow/.local/lib/python3.12/site-packages/airflow/example_dags/example_xcomargs.py
[2024-05-14T01:58:40.399+0000] {logging_mixin.py:188} INFO - [2024-05-14T01:58:40.399+0000] {dag.py:3096} INFO - Sync 2 DAGs
[2024-05-14T01:58:40.405+0000] {logging_mixin.py:188} INFO - [2024-05-14T01:58:40.405+0000] {dag.py:3954} INFO - Setting next_dagrun for example_xcom_args to None, run_after=None
[2024-05-14T01:58:40.407+0000] {logging_mixin.py:188} INFO - [2024-05-14T01:58:40.406+0000] {dag.py:3954} INFO - Setting next_dagrun for example_xcom_args_with_operators to None, run_after=None
[2024-05-14T01:58:40.413+0000] {processor.py:183} INFO - Processing /home/airflow/.local/lib/python3.12/site-packages/airflow/example_dags/example_xcomargs.py took 0.035 seconds
[2024-05-14T01:59:11.261+0000] {processor.py:161} INFO - Started process (PID=648) to work on /home/airflow/.local/lib/python3.12/site-packages/airflow/example_dags/example_xcomargs.py
[2024-05-14T01:59:11.262+0000] {processor.py:830} INFO - Processing file /home/airflow/.local/lib/python3.12/site-packages/airflow/example_dags/example_xcomargs.py for tasks to queue
[2024-05-14T01:59:11.263+0000] {logging_mixin.py:188} INFO - [2024-05-14T01:59:11.263+0000] {dagbag.py:545} INFO - Filling up the DagBag from /home/airflow/.local/lib/python3.12/site-packages/airflow/example_dags/example_xcomargs.py
[2024-05-14T01:59:11.267+0000] {processor.py:840} INFO - DAG(s) 'example_xcom_args', 'example_xcom_args_with_operators' retrieved from /home/airflow/.local/lib/python3.12/site-packages/airflow/example_dags/example_xcomargs.py
[2024-05-14T01:59:11.278+0000] {logging_mixin.py:188} INFO - [2024-05-14T01:59:11.278+0000] {dag.py:3096} INFO - Sync 2 DAGs
[2024-05-14T01:59:11.285+0000] {logging_mixin.py:188} INFO - [2024-05-14T01:59:11.285+0000] {dag.py:3954} INFO - Setting next_dagrun for example_xcom_args to None, run_after=None
[2024-05-14T01:59:11.287+0000] {logging_mixin.py:188} INFO - [2024-05-14T01:59:11.287+0000] {dag.py:3954} INFO - Setting next_dagrun for example_xcom_args_with_operators to None, run_after=None
[2024-05-14T01:59:11.294+0000] {processor.py:183} INFO - Processing /home/airflow/.local/lib/python3.12/site-packages/airflow/example_dags/example_xcomargs.py took 0.036 seconds
[2024-05-14T01:59:42.039+0000] {processor.py:161} INFO - Started process (PID=707) to work on /home/airflow/.local/lib/python3.12/site-packages/airflow/example_dags/example_xcomargs.py
[2024-05-14T01:59:42.039+0000] {processor.py:830} INFO - Processing file /home/airflow/.local/lib/python3.12/site-packages/airflow/example_dags/example_xcomargs.py for tasks to queue
[2024-05-14T01:59:42.041+0000] {logging_mixin.py:188} INFO - [2024-05-14T01:59:42.040+0000] {dagbag.py:545} INFO - Filling up the DagBag from /home/airflow/.local/lib/python3.12/site-packages/airflow/example_dags/example_xcomargs.py
[2024-05-14T01:59:42.047+0000] {processor.py:840} INFO - DAG(s) 'example_xcom_args_with_operators', 'example_xcom_args' retrieved from /home/airflow/.local/lib/python3.12/site-packages/airflow/example_dags/example_xcomargs.py
[2024-05-14T01:59:42.069+0000] {logging_mixin.py:188} INFO - [2024-05-14T01:59:42.069+0000] {dag.py:3096} INFO - Sync 2 DAGs
[2024-05-14T01:59:42.077+0000] {logging_mixin.py:188} INFO - [2024-05-14T01:59:42.077+0000] {dag.py:3954} INFO - Setting next_dagrun for example_xcom_args to None, run_after=None
[2024-05-14T01:59:42.079+0000] {logging_mixin.py:188} INFO - [2024-05-14T01:59:42.079+0000] {dag.py:3954} INFO - Setting next_dagrun for example_xcom_args_with_operators to None, run_after=None
[2024-05-14T01:59:42.089+0000] {processor.py:183} INFO - Processing /home/airflow/.local/lib/python3.12/site-packages/airflow/example_dags/example_xcomargs.py took 0.053 seconds
[2024-05-14T02:00:12.817+0000] {processor.py:161} INFO - Started process (PID=766) to work on /home/airflow/.local/lib/python3.12/site-packages/airflow/example_dags/example_xcomargs.py
[2024-05-14T02:00:12.818+0000] {processor.py:830} INFO - Processing file /home/airflow/.local/lib/python3.12/site-packages/airflow/example_dags/example_xcomargs.py for tasks to queue
[2024-05-14T02:00:12.819+0000] {logging_mixin.py:188} INFO - [2024-05-14T02:00:12.819+0000] {dagbag.py:545} INFO - Filling up the DagBag from /home/airflow/.local/lib/python3.12/site-packages/airflow/example_dags/example_xcomargs.py
[2024-05-14T02:00:12.823+0000] {processor.py:840} INFO - DAG(s) 'example_xcom_args_with_operators', 'example_xcom_args' retrieved from /home/airflow/.local/lib/python3.12/site-packages/airflow/example_dags/example_xcomargs.py
[2024-05-14T02:00:12.834+0000] {logging_mixin.py:188} INFO - [2024-05-14T02:00:12.834+0000] {dag.py:3096} INFO - Sync 2 DAGs
[2024-05-14T02:00:12.839+0000] {logging_mixin.py:188} INFO - [2024-05-14T02:00:12.839+0000] {dag.py:3954} INFO - Setting next_dagrun for example_xcom_args to None, run_after=None
[2024-05-14T02:00:12.841+0000] {logging_mixin.py:188} INFO - [2024-05-14T02:00:12.841+0000] {dag.py:3954} INFO - Setting next_dagrun for example_xcom_args_with_operators to None, run_after=None
[2024-05-14T02:00:12.848+0000] {processor.py:183} INFO - Processing /home/airflow/.local/lib/python3.12/site-packages/airflow/example_dags/example_xcomargs.py took 0.033 seconds
[2024-05-14T02:00:43.655+0000] {processor.py:161} INFO - Started process (PID=825) to work on /home/airflow/.local/lib/python3.12/site-packages/airflow/example_dags/example_xcomargs.py
[2024-05-14T02:00:43.655+0000] {processor.py:830} INFO - Processing file /home/airflow/.local/lib/python3.12/site-packages/airflow/example_dags/example_xcomargs.py for tasks to queue
[2024-05-14T02:00:43.656+0000] {logging_mixin.py:188} INFO - [2024-05-14T02:00:43.656+0000] {dagbag.py:545} INFO - Filling up the DagBag from /home/airflow/.local/lib/python3.12/site-packages/airflow/example_dags/example_xcomargs.py
[2024-05-14T02:00:43.661+0000] {processor.py:840} INFO - DAG(s) 'example_xcom_args_with_operators', 'example_xcom_args' retrieved from /home/airflow/.local/lib/python3.12/site-packages/airflow/example_dags/example_xcomargs.py
[2024-05-14T02:00:43.674+0000] {logging_mixin.py:188} INFO - [2024-05-14T02:00:43.674+0000] {dag.py:3096} INFO - Sync 2 DAGs
[2024-05-14T02:00:43.682+0000] {logging_mixin.py:188} INFO - [2024-05-14T02:00:43.682+0000] {dag.py:3954} INFO - Setting next_dagrun for example_xcom_args to None, run_after=None
[2024-05-14T02:00:43.686+0000] {logging_mixin.py:188} INFO - [2024-05-14T02:00:43.686+0000] {dag.py:3954} INFO - Setting next_dagrun for example_xcom_args_with_operators to None, run_after=None
[2024-05-14T02:00:43.726+0000] {processor.py:183} INFO - Processing /home/airflow/.local/lib/python3.12/site-packages/airflow/example_dags/example_xcomargs.py took 0.075 seconds
[2024-05-14T02:01:13.816+0000] {processor.py:161} INFO - Started process (PID=884) to work on /home/airflow/.local/lib/python3.12/site-packages/airflow/example_dags/example_xcomargs.py
[2024-05-14T02:01:13.816+0000] {processor.py:830} INFO - Processing file /home/airflow/.local/lib/python3.12/site-packages/airflow/example_dags/example_xcomargs.py for tasks to queue
[2024-05-14T02:01:13.817+0000] {logging_mixin.py:188} INFO - [2024-05-14T02:01:13.817+0000] {dagbag.py:545} INFO - Filling up the DagBag from /home/airflow/.local/lib/python3.12/site-packages/airflow/example_dags/example_xcomargs.py
[2024-05-14T02:01:13.822+0000] {processor.py:840} INFO - DAG(s) 'example_xcom_args', 'example_xcom_args_with_operators' retrieved from /home/airflow/.local/lib/python3.12/site-packages/airflow/example_dags/example_xcomargs.py
[2024-05-14T02:01:13.833+0000] {logging_mixin.py:188} INFO - [2024-05-14T02:01:13.833+0000] {dag.py:3096} INFO - Sync 2 DAGs
[2024-05-14T02:01:13.839+0000] {logging_mixin.py:188} INFO - [2024-05-14T02:01:13.839+0000] {dag.py:3954} INFO - Setting next_dagrun for example_xcom_args to None, run_after=None
[2024-05-14T02:01:13.841+0000] {logging_mixin.py:188} INFO - [2024-05-14T02:01:13.841+0000] {dag.py:3954} INFO - Setting next_dagrun for example_xcom_args_with_operators to None, run_after=None
[2024-05-14T02:01:13.848+0000] {processor.py:183} INFO - Processing /home/airflow/.local/lib/python3.12/site-packages/airflow/example_dags/example_xcomargs.py took 0.035 seconds
[2024-05-14T02:01:44.921+0000] {processor.py:161} INFO - Started process (PID=943) to work on /home/airflow/.local/lib/python3.12/site-packages/airflow/example_dags/example_xcomargs.py
[2024-05-14T02:01:44.921+0000] {processor.py:830} INFO - Processing file /home/airflow/.local/lib/python3.12/site-packages/airflow/example_dags/example_xcomargs.py for tasks to queue
[2024-05-14T02:01:44.922+0000] {logging_mixin.py:188} INFO - [2024-05-14T02:01:44.922+0000] {dagbag.py:545} INFO - Filling up the DagBag from /home/airflow/.local/lib/python3.12/site-packages/airflow/example_dags/example_xcomargs.py
[2024-05-14T02:01:44.926+0000] {processor.py:840} INFO - DAG(s) 'example_xcom_args', 'example_xcom_args_with_operators' retrieved from /home/airflow/.local/lib/python3.12/site-packages/airflow/example_dags/example_xcomargs.py
[2024-05-14T02:01:44.937+0000] {logging_mixin.py:188} INFO - [2024-05-14T02:01:44.936+0000] {dag.py:3096} INFO - Sync 2 DAGs
[2024-05-14T02:01:44.942+0000] {logging_mixin.py:188} INFO - [2024-05-14T02:01:44.942+0000] {dag.py:3954} INFO - Setting next_dagrun for example_xcom_args to None, run_after=None
[2024-05-14T02:01:44.944+0000] {logging_mixin.py:188} INFO - [2024-05-14T02:01:44.944+0000] {dag.py:3954} INFO - Setting next_dagrun for example_xcom_args_with_operators to None, run_after=None
[2024-05-14T02:01:44.951+0000] {processor.py:183} INFO - Processing /home/airflow/.local/lib/python3.12/site-packages/airflow/example_dags/example_xcomargs.py took 0.033 seconds
[2024-05-14T02:02:15.242+0000] {processor.py:161} INFO - Started process (PID=1002) to work on /home/airflow/.local/lib/python3.12/site-packages/airflow/example_dags/example_xcomargs.py
[2024-05-14T02:02:15.243+0000] {processor.py:830} INFO - Processing file /home/airflow/.local/lib/python3.12/site-packages/airflow/example_dags/example_xcomargs.py for tasks to queue
[2024-05-14T02:02:15.244+0000] {logging_mixin.py:188} INFO - [2024-05-14T02:02:15.244+0000] {dagbag.py:545} INFO - Filling up the DagBag from /home/airflow/.local/lib/python3.12/site-packages/airflow/example_dags/example_xcomargs.py
[2024-05-14T02:02:15.250+0000] {processor.py:840} INFO - DAG(s) 'example_xcom_args', 'example_xcom_args_with_operators' retrieved from /home/airflow/.local/lib/python3.12/site-packages/airflow/example_dags/example_xcomargs.py
[2024-05-14T02:02:15.266+0000] {logging_mixin.py:188} INFO - [2024-05-14T02:02:15.265+0000] {dag.py:3096} INFO - Sync 2 DAGs
[2024-05-14T02:02:15.273+0000] {logging_mixin.py:188} INFO - [2024-05-14T02:02:15.273+0000] {dag.py:3954} INFO - Setting next_dagrun for example_xcom_args to None, run_after=None
[2024-05-14T02:02:15.276+0000] {logging_mixin.py:188} INFO - [2024-05-14T02:02:15.276+0000] {dag.py:3954} INFO - Setting next_dagrun for example_xcom_args_with_operators to None, run_after=None
[2024-05-14T02:02:15.287+0000] {processor.py:183} INFO - Processing /home/airflow/.local/lib/python3.12/site-packages/airflow/example_dags/example_xcomargs.py took 0.048 seconds
[2024-05-14T02:02:45.401+0000] {processor.py:161} INFO - Started process (PID=1061) to work on /home/airflow/.local/lib/python3.12/site-packages/airflow/example_dags/example_xcomargs.py
[2024-05-14T02:02:45.403+0000] {processor.py:830} INFO - Processing file /home/airflow/.local/lib/python3.12/site-packages/airflow/example_dags/example_xcomargs.py for tasks to queue
[2024-05-14T02:02:45.404+0000] {logging_mixin.py:188} INFO - [2024-05-14T02:02:45.404+0000] {dagbag.py:545} INFO - Filling up the DagBag from /home/airflow/.local/lib/python3.12/site-packages/airflow/example_dags/example_xcomargs.py
[2024-05-14T02:02:45.409+0000] {processor.py:840} INFO - DAG(s) 'example_xcom_args_with_operators', 'example_xcom_args' retrieved from /home/airflow/.local/lib/python3.12/site-packages/airflow/example_dags/example_xcomargs.py
[2024-05-14T02:02:45.423+0000] {logging_mixin.py:188} INFO - [2024-05-14T02:02:45.422+0000] {dag.py:3096} INFO - Sync 2 DAGs
[2024-05-14T02:02:45.429+0000] {logging_mixin.py:188} INFO - [2024-05-14T02:02:45.429+0000] {dag.py:3954} INFO - Setting next_dagrun for example_xcom_args to None, run_after=None
[2024-05-14T02:02:45.431+0000] {logging_mixin.py:188} INFO - [2024-05-14T02:02:45.431+0000] {dag.py:3954} INFO - Setting next_dagrun for example_xcom_args_with_operators to None, run_after=None
[2024-05-14T02:02:45.442+0000] {processor.py:183} INFO - Processing /home/airflow/.local/lib/python3.12/site-packages/airflow/example_dags/example_xcomargs.py took 0.044 seconds
[2024-05-14T02:03:15.492+0000] {processor.py:161} INFO - Started process (PID=1120) to work on /home/airflow/.local/lib/python3.12/site-packages/airflow/example_dags/example_xcomargs.py
[2024-05-14T02:03:15.492+0000] {processor.py:830} INFO - Processing file /home/airflow/.local/lib/python3.12/site-packages/airflow/example_dags/example_xcomargs.py for tasks to queue
[2024-05-14T02:03:15.493+0000] {logging_mixin.py:188} INFO - [2024-05-14T02:03:15.493+0000] {dagbag.py:545} INFO - Filling up the DagBag from /home/airflow/.local/lib/python3.12/site-packages/airflow/example_dags/example_xcomargs.py
[2024-05-14T02:03:15.497+0000] {processor.py:840} INFO - DAG(s) 'example_xcom_args_with_operators', 'example_xcom_args' retrieved from /home/airflow/.local/lib/python3.12/site-packages/airflow/example_dags/example_xcomargs.py
[2024-05-14T02:03:15.508+0000] {logging_mixin.py:188} INFO - [2024-05-14T02:03:15.508+0000] {dag.py:3096} INFO - Sync 2 DAGs
[2024-05-14T02:03:15.514+0000] {logging_mixin.py:188} INFO - [2024-05-14T02:03:15.514+0000] {dag.py:3954} INFO - Setting next_dagrun for example_xcom_args to None, run_after=None
[2024-05-14T02:03:15.516+0000] {logging_mixin.py:188} INFO - [2024-05-14T02:03:15.516+0000] {dag.py:3954} INFO - Setting next_dagrun for example_xcom_args_with_operators to None, run_after=None
[2024-05-14T02:03:15.523+0000] {processor.py:183} INFO - Processing /home/airflow/.local/lib/python3.12/site-packages/airflow/example_dags/example_xcomargs.py took 0.034 seconds
[2024-05-14T02:03:46.302+0000] {processor.py:161} INFO - Started process (PID=1179) to work on /home/airflow/.local/lib/python3.12/site-packages/airflow/example_dags/example_xcomargs.py
[2024-05-14T02:03:46.303+0000] {processor.py:830} INFO - Processing file /home/airflow/.local/lib/python3.12/site-packages/airflow/example_dags/example_xcomargs.py for tasks to queue
[2024-05-14T02:03:46.304+0000] {logging_mixin.py:188} INFO - [2024-05-14T02:03:46.304+0000] {dagbag.py:545} INFO - Filling up the DagBag from /home/airflow/.local/lib/python3.12/site-packages/airflow/example_dags/example_xcomargs.py
[2024-05-14T02:03:46.308+0000] {processor.py:840} INFO - DAG(s) 'example_xcom_args', 'example_xcom_args_with_operators' retrieved from /home/airflow/.local/lib/python3.12/site-packages/airflow/example_dags/example_xcomargs.py
[2024-05-14T02:03:46.320+0000] {logging_mixin.py:188} INFO - [2024-05-14T02:03:46.319+0000] {dag.py:3096} INFO - Sync 2 DAGs
[2024-05-14T02:03:46.326+0000] {logging_mixin.py:188} INFO - [2024-05-14T02:03:46.326+0000] {dag.py:3954} INFO - Setting next_dagrun for example_xcom_args to None, run_after=None
[2024-05-14T02:03:46.328+0000] {logging_mixin.py:188} INFO - [2024-05-14T02:03:46.328+0000] {dag.py:3954} INFO - Setting next_dagrun for example_xcom_args_with_operators to None, run_after=None
[2024-05-14T02:03:46.334+0000] {processor.py:183} INFO - Processing /home/airflow/.local/lib/python3.12/site-packages/airflow/example_dags/example_xcomargs.py took 0.035 seconds
[2024-05-14T02:04:16.396+0000] {processor.py:161} INFO - Started process (PID=1237) to work on /home/airflow/.local/lib/python3.12/site-packages/airflow/example_dags/example_xcomargs.py
[2024-05-14T02:04:16.396+0000] {processor.py:830} INFO - Processing file /home/airflow/.local/lib/python3.12/site-packages/airflow/example_dags/example_xcomargs.py for tasks to queue
[2024-05-14T02:04:16.397+0000] {logging_mixin.py:188} INFO - [2024-05-14T02:04:16.397+0000] {dagbag.py:545} INFO - Filling up the DagBag from /home/airflow/.local/lib/python3.12/site-packages/airflow/example_dags/example_xcomargs.py
[2024-05-14T02:04:16.402+0000] {processor.py:840} INFO - DAG(s) 'example_xcom_args', 'example_xcom_args_with_operators' retrieved from /home/airflow/.local/lib/python3.12/site-packages/airflow/example_dags/example_xcomargs.py
[2024-05-14T02:04:16.414+0000] {logging_mixin.py:188} INFO - [2024-05-14T02:04:16.414+0000] {dag.py:3096} INFO - Sync 2 DAGs
[2024-05-14T02:04:16.420+0000] {logging_mixin.py:188} INFO - [2024-05-14T02:04:16.420+0000] {dag.py:3954} INFO - Setting next_dagrun for example_xcom_args to None, run_after=None
[2024-05-14T02:04:16.422+0000] {logging_mixin.py:188} INFO - [2024-05-14T02:04:16.422+0000] {dag.py:3954} INFO - Setting next_dagrun for example_xcom_args_with_operators to None, run_after=None
[2024-05-14T02:04:16.430+0000] {processor.py:183} INFO - Processing /home/airflow/.local/lib/python3.12/site-packages/airflow/example_dags/example_xcomargs.py took 0.037 seconds
[2024-05-14T02:04:46.534+0000] {processor.py:161} INFO - Started process (PID=1296) to work on /home/airflow/.local/lib/python3.12/site-packages/airflow/example_dags/example_xcomargs.py
[2024-05-14T02:04:46.535+0000] {processor.py:830} INFO - Processing file /home/airflow/.local/lib/python3.12/site-packages/airflow/example_dags/example_xcomargs.py for tasks to queue
[2024-05-14T02:04:46.536+0000] {logging_mixin.py:188} INFO - [2024-05-14T02:04:46.535+0000] {dagbag.py:545} INFO - Filling up the DagBag from /home/airflow/.local/lib/python3.12/site-packages/airflow/example_dags/example_xcomargs.py
[2024-05-14T02:04:46.540+0000] {processor.py:840} INFO - DAG(s) 'example_xcom_args', 'example_xcom_args_with_operators' retrieved from /home/airflow/.local/lib/python3.12/site-packages/airflow/example_dags/example_xcomargs.py
[2024-05-14T02:04:46.551+0000] {logging_mixin.py:188} INFO - [2024-05-14T02:04:46.551+0000] {dag.py:3096} INFO - Sync 2 DAGs
[2024-05-14T02:04:46.557+0000] {logging_mixin.py:188} INFO - [2024-05-14T02:04:46.557+0000] {dag.py:3954} INFO - Setting next_dagrun for example_xcom_args to None, run_after=None
[2024-05-14T02:04:46.559+0000] {logging_mixin.py:188} INFO - [2024-05-14T02:04:46.559+0000] {dag.py:3954} INFO - Setting next_dagrun for example_xcom_args_with_operators to None, run_after=None
[2024-05-14T02:04:46.567+0000] {processor.py:183} INFO - Processing /home/airflow/.local/lib/python3.12/site-packages/airflow/example_dags/example_xcomargs.py took 0.036 seconds
[2024-05-14T02:05:16.656+0000] {processor.py:161} INFO - Started process (PID=1355) to work on /home/airflow/.local/lib/python3.12/site-packages/airflow/example_dags/example_xcomargs.py
[2024-05-14T02:05:16.657+0000] {processor.py:830} INFO - Processing file /home/airflow/.local/lib/python3.12/site-packages/airflow/example_dags/example_xcomargs.py for tasks to queue
[2024-05-14T02:05:16.658+0000] {logging_mixin.py:188} INFO - [2024-05-14T02:05:16.658+0000] {dagbag.py:545} INFO - Filling up the DagBag from /home/airflow/.local/lib/python3.12/site-packages/airflow/example_dags/example_xcomargs.py
[2024-05-14T02:05:16.662+0000] {processor.py:840} INFO - DAG(s) 'example_xcom_args_with_operators', 'example_xcom_args' retrieved from /home/airflow/.local/lib/python3.12/site-packages/airflow/example_dags/example_xcomargs.py
[2024-05-14T02:05:16.674+0000] {logging_mixin.py:188} INFO - [2024-05-14T02:05:16.674+0000] {dag.py:3096} INFO - Sync 2 DAGs
[2024-05-14T02:05:16.681+0000] {logging_mixin.py:188} INFO - [2024-05-14T02:05:16.680+0000] {dag.py:3954} INFO - Setting next_dagrun for example_xcom_args to None, run_after=None
[2024-05-14T02:05:16.683+0000] {logging_mixin.py:188} INFO - [2024-05-14T02:05:16.682+0000] {dag.py:3954} INFO - Setting next_dagrun for example_xcom_args_with_operators to None, run_after=None
[2024-05-14T02:05:16.690+0000] {processor.py:183} INFO - Processing /home/airflow/.local/lib/python3.12/site-packages/airflow/example_dags/example_xcomargs.py took 0.037 seconds
[2024-05-14T02:05:47.444+0000] {processor.py:161} INFO - Started process (PID=1414) to work on /home/airflow/.local/lib/python3.12/site-packages/airflow/example_dags/example_xcomargs.py
[2024-05-14T02:05:47.444+0000] {processor.py:830} INFO - Processing file /home/airflow/.local/lib/python3.12/site-packages/airflow/example_dags/example_xcomargs.py for tasks to queue
[2024-05-14T02:05:47.445+0000] {logging_mixin.py:188} INFO - [2024-05-14T02:05:47.445+0000] {dagbag.py:545} INFO - Filling up the DagBag from /home/airflow/.local/lib/python3.12/site-packages/airflow/example_dags/example_xcomargs.py
[2024-05-14T02:05:47.450+0000] {processor.py:840} INFO - DAG(s) 'example_xcom_args', 'example_xcom_args_with_operators' retrieved from /home/airflow/.local/lib/python3.12/site-packages/airflow/example_dags/example_xcomargs.py
[2024-05-14T02:05:47.461+0000] {logging_mixin.py:188} INFO - [2024-05-14T02:05:47.461+0000] {dag.py:3096} INFO - Sync 2 DAGs
[2024-05-14T02:05:47.484+0000] {logging_mixin.py:188} INFO - [2024-05-14T02:05:47.484+0000] {dag.py:3954} INFO - Setting next_dagrun for example_xcom_args to None, run_after=None
[2024-05-14T02:05:47.487+0000] {logging_mixin.py:188} INFO - [2024-05-14T02:05:47.487+0000] {dag.py:3954} INFO - Setting next_dagrun for example_xcom_args_with_operators to None, run_after=None
[2024-05-14T02:05:47.498+0000] {processor.py:183} INFO - Processing /home/airflow/.local/lib/python3.12/site-packages/airflow/example_dags/example_xcomargs.py took 0.057 seconds
[2024-05-14T02:06:17.554+0000] {processor.py:161} INFO - Started process (PID=1473) to work on /home/airflow/.local/lib/python3.12/site-packages/airflow/example_dags/example_xcomargs.py
[2024-05-14T02:06:17.554+0000] {processor.py:830} INFO - Processing file /home/airflow/.local/lib/python3.12/site-packages/airflow/example_dags/example_xcomargs.py for tasks to queue
[2024-05-14T02:06:17.555+0000] {logging_mixin.py:188} INFO - [2024-05-14T02:06:17.555+0000] {dagbag.py:545} INFO - Filling up the DagBag from /home/airflow/.local/lib/python3.12/site-packages/airflow/example_dags/example_xcomargs.py
[2024-05-14T02:06:17.560+0000] {processor.py:840} INFO - DAG(s) 'example_xcom_args', 'example_xcom_args_with_operators' retrieved from /home/airflow/.local/lib/python3.12/site-packages/airflow/example_dags/example_xcomargs.py
[2024-05-14T02:06:17.571+0000] {logging_mixin.py:188} INFO - [2024-05-14T02:06:17.571+0000] {dag.py:3096} INFO - Sync 2 DAGs
[2024-05-14T02:06:17.577+0000] {logging_mixin.py:188} INFO - [2024-05-14T02:06:17.577+0000] {dag.py:3954} INFO - Setting next_dagrun for example_xcom_args to None, run_after=None
[2024-05-14T02:06:17.579+0000] {logging_mixin.py:188} INFO - [2024-05-14T02:06:17.579+0000] {dag.py:3954} INFO - Setting next_dagrun for example_xcom_args_with_operators to None, run_after=None
[2024-05-14T02:06:17.587+0000] {processor.py:183} INFO - Processing /home/airflow/.local/lib/python3.12/site-packages/airflow/example_dags/example_xcomargs.py took 0.036 seconds
[2024-05-14T02:06:47.726+0000] {processor.py:161} INFO - Started process (PID=1532) to work on /home/airflow/.local/lib/python3.12/site-packages/airflow/example_dags/example_xcomargs.py
[2024-05-14T02:06:47.726+0000] {processor.py:830} INFO - Processing file /home/airflow/.local/lib/python3.12/site-packages/airflow/example_dags/example_xcomargs.py for tasks to queue
[2024-05-14T02:06:47.728+0000] {logging_mixin.py:188} INFO - [2024-05-14T02:06:47.728+0000] {dagbag.py:545} INFO - Filling up the DagBag from /home/airflow/.local/lib/python3.12/site-packages/airflow/example_dags/example_xcomargs.py
[2024-05-14T02:06:47.733+0000] {processor.py:840} INFO - DAG(s) 'example_xcom_args_with_operators', 'example_xcom_args' retrieved from /home/airflow/.local/lib/python3.12/site-packages/airflow/example_dags/example_xcomargs.py
[2024-05-14T02:06:47.745+0000] {logging_mixin.py:188} INFO - [2024-05-14T02:06:47.744+0000] {dag.py:3096} INFO - Sync 2 DAGs
[2024-05-14T02:06:47.751+0000] {logging_mixin.py:188} INFO - [2024-05-14T02:06:47.751+0000] {dag.py:3954} INFO - Setting next_dagrun for example_xcom_args to None, run_after=None
[2024-05-14T02:06:47.753+0000] {logging_mixin.py:188} INFO - [2024-05-14T02:06:47.753+0000] {dag.py:3954} INFO - Setting next_dagrun for example_xcom_args_with_operators to None, run_after=None
[2024-05-14T02:06:47.760+0000] {processor.py:183} INFO - Processing /home/airflow/.local/lib/python3.12/site-packages/airflow/example_dags/example_xcomargs.py took 0.038 seconds
[2024-05-14T02:07:18.044+0000] {processor.py:161} INFO - Started process (PID=1591) to work on /home/airflow/.local/lib/python3.12/site-packages/airflow/example_dags/example_xcomargs.py
[2024-05-14T02:07:18.045+0000] {processor.py:830} INFO - Processing file /home/airflow/.local/lib/python3.12/site-packages/airflow/example_dags/example_xcomargs.py for tasks to queue
[2024-05-14T02:07:18.046+0000] {logging_mixin.py:188} INFO - [2024-05-14T02:07:18.046+0000] {dagbag.py:545} INFO - Filling up the DagBag from /home/airflow/.local/lib/python3.12/site-packages/airflow/example_dags/example_xcomargs.py
[2024-05-14T02:07:18.052+0000] {processor.py:840} INFO - DAG(s) 'example_xcom_args', 'example_xcom_args_with_operators' retrieved from /home/airflow/.local/lib/python3.12/site-packages/airflow/example_dags/example_xcomargs.py
[2024-05-14T02:07:18.065+0000] {logging_mixin.py:188} INFO - [2024-05-14T02:07:18.065+0000] {dag.py:3096} INFO - Sync 2 DAGs
[2024-05-14T02:07:18.072+0000] {logging_mixin.py:188} INFO - [2024-05-14T02:07:18.072+0000] {dag.py:3954} INFO - Setting next_dagrun for example_xcom_args to None, run_after=None
[2024-05-14T02:07:18.074+0000] {logging_mixin.py:188} INFO - [2024-05-14T02:07:18.074+0000] {dag.py:3954} INFO - Setting next_dagrun for example_xcom_args_with_operators to None, run_after=None
[2024-05-14T02:07:18.081+0000] {processor.py:183} INFO - Processing /home/airflow/.local/lib/python3.12/site-packages/airflow/example_dags/example_xcomargs.py took 0.041 seconds
[2024-05-14T02:07:48.303+0000] {processor.py:161} INFO - Started process (PID=1650) to work on /home/airflow/.local/lib/python3.12/site-packages/airflow/example_dags/example_xcomargs.py
[2024-05-14T02:07:48.304+0000] {processor.py:830} INFO - Processing file /home/airflow/.local/lib/python3.12/site-packages/airflow/example_dags/example_xcomargs.py for tasks to queue
[2024-05-14T02:07:48.305+0000] {logging_mixin.py:188} INFO - [2024-05-14T02:07:48.305+0000] {dagbag.py:545} INFO - Filling up the DagBag from /home/airflow/.local/lib/python3.12/site-packages/airflow/example_dags/example_xcomargs.py
[2024-05-14T02:07:48.309+0000] {processor.py:840} INFO - DAG(s) 'example_xcom_args_with_operators', 'example_xcom_args' retrieved from /home/airflow/.local/lib/python3.12/site-packages/airflow/example_dags/example_xcomargs.py
[2024-05-14T02:07:48.319+0000] {logging_mixin.py:188} INFO - [2024-05-14T02:07:48.319+0000] {dag.py:3096} INFO - Sync 2 DAGs
[2024-05-14T02:07:48.325+0000] {logging_mixin.py:188} INFO - [2024-05-14T02:07:48.325+0000] {dag.py:3954} INFO - Setting next_dagrun for example_xcom_args to None, run_after=None
[2024-05-14T02:07:48.327+0000] {logging_mixin.py:188} INFO - [2024-05-14T02:07:48.327+0000] {dag.py:3954} INFO - Setting next_dagrun for example_xcom_args_with_operators to None, run_after=None
[2024-05-14T02:07:48.333+0000] {processor.py:183} INFO - Processing /home/airflow/.local/lib/python3.12/site-packages/airflow/example_dags/example_xcomargs.py took 0.033 seconds
[2024-05-14T02:08:19.369+0000] {processor.py:161} INFO - Started process (PID=1709) to work on /home/airflow/.local/lib/python3.12/site-packages/airflow/example_dags/example_xcomargs.py
[2024-05-14T02:08:19.369+0000] {processor.py:830} INFO - Processing file /home/airflow/.local/lib/python3.12/site-packages/airflow/example_dags/example_xcomargs.py for tasks to queue
[2024-05-14T02:08:19.370+0000] {logging_mixin.py:188} INFO - [2024-05-14T02:08:19.370+0000] {dagbag.py:545} INFO - Filling up the DagBag from /home/airflow/.local/lib/python3.12/site-packages/airflow/example_dags/example_xcomargs.py
[2024-05-14T02:08:19.375+0000] {processor.py:840} INFO - DAG(s) 'example_xcom_args_with_operators', 'example_xcom_args' retrieved from /home/airflow/.local/lib/python3.12/site-packages/airflow/example_dags/example_xcomargs.py
[2024-05-14T02:08:19.386+0000] {logging_mixin.py:188} INFO - [2024-05-14T02:08:19.386+0000] {dag.py:3096} INFO - Sync 2 DAGs
[2024-05-14T02:08:19.393+0000] {logging_mixin.py:188} INFO - [2024-05-14T02:08:19.392+0000] {dag.py:3954} INFO - Setting next_dagrun for example_xcom_args to None, run_after=None
[2024-05-14T02:08:19.395+0000] {logging_mixin.py:188} INFO - [2024-05-14T02:08:19.395+0000] {dag.py:3954} INFO - Setting next_dagrun for example_xcom_args_with_operators to None, run_after=None
[2024-05-14T02:08:19.402+0000] {processor.py:183} INFO - Processing /home/airflow/.local/lib/python3.12/site-packages/airflow/example_dags/example_xcomargs.py took 0.036 seconds
[2024-05-14T02:08:49.481+0000] {processor.py:161} INFO - Started process (PID=1768) to work on /home/airflow/.local/lib/python3.12/site-packages/airflow/example_dags/example_xcomargs.py
[2024-05-14T02:08:49.482+0000] {processor.py:830} INFO - Processing file /home/airflow/.local/lib/python3.12/site-packages/airflow/example_dags/example_xcomargs.py for tasks to queue
[2024-05-14T02:08:49.483+0000] {logging_mixin.py:188} INFO - [2024-05-14T02:08:49.483+0000] {dagbag.py:545} INFO - Filling up the DagBag from /home/airflow/.local/lib/python3.12/site-packages/airflow/example_dags/example_xcomargs.py
[2024-05-14T02:08:49.490+0000] {processor.py:840} INFO - DAG(s) 'example_xcom_args', 'example_xcom_args_with_operators' retrieved from /home/airflow/.local/lib/python3.12/site-packages/airflow/example_dags/example_xcomargs.py
[2024-05-14T02:08:49.506+0000] {logging_mixin.py:188} INFO - [2024-05-14T02:08:49.506+0000] {dag.py:3096} INFO - Sync 2 DAGs
[2024-05-14T02:08:49.516+0000] {logging_mixin.py:188} INFO - [2024-05-14T02:08:49.516+0000] {dag.py:3954} INFO - Setting next_dagrun for example_xcom_args to None, run_after=None
[2024-05-14T02:08:49.519+0000] {logging_mixin.py:188} INFO - [2024-05-14T02:08:49.519+0000] {dag.py:3954} INFO - Setting next_dagrun for example_xcom_args_with_operators to None, run_after=None
[2024-05-14T02:08:49.530+0000] {processor.py:183} INFO - Processing /home/airflow/.local/lib/python3.12/site-packages/airflow/example_dags/example_xcomargs.py took 0.052 seconds
[2024-05-14T02:09:20.298+0000] {processor.py:161} INFO - Started process (PID=1827) to work on /home/airflow/.local/lib/python3.12/site-packages/airflow/example_dags/example_xcomargs.py
[2024-05-14T02:09:20.299+0000] {processor.py:830} INFO - Processing file /home/airflow/.local/lib/python3.12/site-packages/airflow/example_dags/example_xcomargs.py for tasks to queue
[2024-05-14T02:09:20.300+0000] {logging_mixin.py:188} INFO - [2024-05-14T02:09:20.300+0000] {dagbag.py:545} INFO - Filling up the DagBag from /home/airflow/.local/lib/python3.12/site-packages/airflow/example_dags/example_xcomargs.py
[2024-05-14T02:09:20.304+0000] {processor.py:840} INFO - DAG(s) 'example_xcom_args_with_operators', 'example_xcom_args' retrieved from /home/airflow/.local/lib/python3.12/site-packages/airflow/example_dags/example_xcomargs.py
[2024-05-14T02:09:20.316+0000] {logging_mixin.py:188} INFO - [2024-05-14T02:09:20.316+0000] {dag.py:3096} INFO - Sync 2 DAGs
[2024-05-14T02:09:20.322+0000] {logging_mixin.py:188} INFO - [2024-05-14T02:09:20.322+0000] {dag.py:3954} INFO - Setting next_dagrun for example_xcom_args to None, run_after=None
[2024-05-14T02:09:20.324+0000] {logging_mixin.py:188} INFO - [2024-05-14T02:09:20.324+0000] {dag.py:3954} INFO - Setting next_dagrun for example_xcom_args_with_operators to None, run_after=None
[2024-05-14T02:09:20.331+0000] {processor.py:183} INFO - Processing /home/airflow/.local/lib/python3.12/site-packages/airflow/example_dags/example_xcomargs.py took 0.036 seconds
[2024-05-14T02:09:50.655+0000] {processor.py:161} INFO - Started process (PID=1886) to work on /home/airflow/.local/lib/python3.12/site-packages/airflow/example_dags/example_xcomargs.py
[2024-05-14T02:09:50.656+0000] {processor.py:830} INFO - Processing file /home/airflow/.local/lib/python3.12/site-packages/airflow/example_dags/example_xcomargs.py for tasks to queue
[2024-05-14T02:09:50.657+0000] {logging_mixin.py:188} INFO - [2024-05-14T02:09:50.657+0000] {dagbag.py:545} INFO - Filling up the DagBag from /home/airflow/.local/lib/python3.12/site-packages/airflow/example_dags/example_xcomargs.py
[2024-05-14T02:09:50.661+0000] {processor.py:840} INFO - DAG(s) 'example_xcom_args', 'example_xcom_args_with_operators' retrieved from /home/airflow/.local/lib/python3.12/site-packages/airflow/example_dags/example_xcomargs.py
[2024-05-14T02:09:50.673+0000] {logging_mixin.py:188} INFO - [2024-05-14T02:09:50.673+0000] {dag.py:3096} INFO - Sync 2 DAGs
[2024-05-14T02:09:50.679+0000] {logging_mixin.py:188} INFO - [2024-05-14T02:09:50.679+0000] {dag.py:3954} INFO - Setting next_dagrun for example_xcom_args to None, run_after=None
[2024-05-14T02:09:50.681+0000] {logging_mixin.py:188} INFO - [2024-05-14T02:09:50.681+0000] {dag.py:3954} INFO - Setting next_dagrun for example_xcom_args_with_operators to None, run_after=None
[2024-05-14T02:09:50.689+0000] {processor.py:183} INFO - Processing /home/airflow/.local/lib/python3.12/site-packages/airflow/example_dags/example_xcomargs.py took 0.036 seconds
[2024-05-14T02:10:21.239+0000] {processor.py:161} INFO - Started process (PID=1945) to work on /home/airflow/.local/lib/python3.12/site-packages/airflow/example_dags/example_xcomargs.py
[2024-05-14T02:10:21.240+0000] {processor.py:830} INFO - Processing file /home/airflow/.local/lib/python3.12/site-packages/airflow/example_dags/example_xcomargs.py for tasks to queue
[2024-05-14T02:10:21.241+0000] {logging_mixin.py:188} INFO - [2024-05-14T02:10:21.241+0000] {dagbag.py:545} INFO - Filling up the DagBag from /home/airflow/.local/lib/python3.12/site-packages/airflow/example_dags/example_xcomargs.py
[2024-05-14T02:10:21.247+0000] {processor.py:840} INFO - DAG(s) 'example_xcom_args_with_operators', 'example_xcom_args' retrieved from /home/airflow/.local/lib/python3.12/site-packages/airflow/example_dags/example_xcomargs.py
[2024-05-14T02:10:21.262+0000] {logging_mixin.py:188} INFO - [2024-05-14T02:10:21.261+0000] {dag.py:3096} INFO - Sync 2 DAGs
[2024-05-14T02:10:21.374+0000] {logging_mixin.py:188} INFO - [2024-05-14T02:10:21.374+0000] {dag.py:3954} INFO - Setting next_dagrun for example_xcom_args to None, run_after=None
[2024-05-14T02:10:21.376+0000] {logging_mixin.py:188} INFO - [2024-05-14T02:10:21.376+0000] {dag.py:3954} INFO - Setting next_dagrun for example_xcom_args_with_operators to None, run_after=None
[2024-05-14T02:10:21.384+0000] {processor.py:183} INFO - Processing /home/airflow/.local/lib/python3.12/site-packages/airflow/example_dags/example_xcomargs.py took 0.148 seconds
[2024-05-14T02:10:52.127+0000] {processor.py:161} INFO - Started process (PID=2009) to work on /home/airflow/.local/lib/python3.12/site-packages/airflow/example_dags/example_xcomargs.py
[2024-05-14T02:10:52.127+0000] {processor.py:830} INFO - Processing file /home/airflow/.local/lib/python3.12/site-packages/airflow/example_dags/example_xcomargs.py for tasks to queue
[2024-05-14T02:10:52.129+0000] {logging_mixin.py:188} INFO - [2024-05-14T02:10:52.128+0000] {dagbag.py:545} INFO - Filling up the DagBag from /home/airflow/.local/lib/python3.12/site-packages/airflow/example_dags/example_xcomargs.py
[2024-05-14T02:10:52.134+0000] {processor.py:840} INFO - DAG(s) 'example_xcom_args', 'example_xcom_args_with_operators' retrieved from /home/airflow/.local/lib/python3.12/site-packages/airflow/example_dags/example_xcomargs.py
[2024-05-14T02:10:52.149+0000] {logging_mixin.py:188} INFO - [2024-05-14T02:10:52.149+0000] {dag.py:3096} INFO - Sync 2 DAGs
[2024-05-14T02:10:52.268+0000] {logging_mixin.py:188} INFO - [2024-05-14T02:10:52.268+0000] {dag.py:3954} INFO - Setting next_dagrun for example_xcom_args to None, run_after=None
[2024-05-14T02:10:52.271+0000] {logging_mixin.py:188} INFO - [2024-05-14T02:10:52.270+0000] {dag.py:3954} INFO - Setting next_dagrun for example_xcom_args_with_operators to None, run_after=None
[2024-05-14T02:10:52.281+0000] {processor.py:183} INFO - Processing /home/airflow/.local/lib/python3.12/site-packages/airflow/example_dags/example_xcomargs.py took 0.160 seconds
[2024-05-14T02:11:22.460+0000] {processor.py:161} INFO - Started process (PID=2068) to work on /home/airflow/.local/lib/python3.12/site-packages/airflow/example_dags/example_xcomargs.py
[2024-05-14T02:11:22.460+0000] {processor.py:830} INFO - Processing file /home/airflow/.local/lib/python3.12/site-packages/airflow/example_dags/example_xcomargs.py for tasks to queue
[2024-05-14T02:11:22.461+0000] {logging_mixin.py:188} INFO - [2024-05-14T02:11:22.461+0000] {dagbag.py:545} INFO - Filling up the DagBag from /home/airflow/.local/lib/python3.12/site-packages/airflow/example_dags/example_xcomargs.py
[2024-05-14T02:11:22.466+0000] {processor.py:840} INFO - DAG(s) 'example_xcom_args_with_operators', 'example_xcom_args' retrieved from /home/airflow/.local/lib/python3.12/site-packages/airflow/example_dags/example_xcomargs.py
[2024-05-14T02:11:22.477+0000] {logging_mixin.py:188} INFO - [2024-05-14T02:11:22.477+0000] {dag.py:3096} INFO - Sync 2 DAGs
[2024-05-14T02:11:22.484+0000] {logging_mixin.py:188} INFO - [2024-05-14T02:11:22.483+0000] {dag.py:3954} INFO - Setting next_dagrun for example_xcom_args to None, run_after=None
[2024-05-14T02:11:22.486+0000] {logging_mixin.py:188} INFO - [2024-05-14T02:11:22.485+0000] {dag.py:3954} INFO - Setting next_dagrun for example_xcom_args_with_operators to None, run_after=None
[2024-05-14T02:11:22.493+0000] {processor.py:183} INFO - Processing /home/airflow/.local/lib/python3.12/site-packages/airflow/example_dags/example_xcomargs.py took 0.037 seconds
[2024-05-14T02:11:52.848+0000] {processor.py:161} INFO - Started process (PID=2126) to work on /home/airflow/.local/lib/python3.12/site-packages/airflow/example_dags/example_xcomargs.py
[2024-05-14T02:11:52.849+0000] {processor.py:830} INFO - Processing file /home/airflow/.local/lib/python3.12/site-packages/airflow/example_dags/example_xcomargs.py for tasks to queue
[2024-05-14T02:11:52.850+0000] {logging_mixin.py:188} INFO - [2024-05-14T02:11:52.850+0000] {dagbag.py:545} INFO - Filling up the DagBag from /home/airflow/.local/lib/python3.12/site-packages/airflow/example_dags/example_xcomargs.py
[2024-05-14T02:11:52.855+0000] {processor.py:840} INFO - DAG(s) 'example_xcom_args_with_operators', 'example_xcom_args' retrieved from /home/airflow/.local/lib/python3.12/site-packages/airflow/example_dags/example_xcomargs.py
[2024-05-14T02:11:52.867+0000] {logging_mixin.py:188} INFO - [2024-05-14T02:11:52.867+0000] {dag.py:3096} INFO - Sync 2 DAGs
[2024-05-14T02:11:52.873+0000] {logging_mixin.py:188} INFO - [2024-05-14T02:11:52.873+0000] {dag.py:3954} INFO - Setting next_dagrun for example_xcom_args to None, run_after=None
[2024-05-14T02:11:52.875+0000] {logging_mixin.py:188} INFO - [2024-05-14T02:11:52.875+0000] {dag.py:3954} INFO - Setting next_dagrun for example_xcom_args_with_operators to None, run_after=None
[2024-05-14T02:11:52.883+0000] {processor.py:183} INFO - Processing /home/airflow/.local/lib/python3.12/site-packages/airflow/example_dags/example_xcomargs.py took 0.037 seconds
[2024-05-14T02:12:23.897+0000] {processor.py:161} INFO - Started process (PID=2184) to work on /home/airflow/.local/lib/python3.12/site-packages/airflow/example_dags/example_xcomargs.py
[2024-05-14T02:12:23.898+0000] {processor.py:830} INFO - Processing file /home/airflow/.local/lib/python3.12/site-packages/airflow/example_dags/example_xcomargs.py for tasks to queue
[2024-05-14T02:12:23.899+0000] {logging_mixin.py:188} INFO - [2024-05-14T02:12:23.899+0000] {dagbag.py:545} INFO - Filling up the DagBag from /home/airflow/.local/lib/python3.12/site-packages/airflow/example_dags/example_xcomargs.py
[2024-05-14T02:12:23.903+0000] {processor.py:840} INFO - DAG(s) 'example_xcom_args_with_operators', 'example_xcom_args' retrieved from /home/airflow/.local/lib/python3.12/site-packages/airflow/example_dags/example_xcomargs.py
[2024-05-14T02:12:23.915+0000] {logging_mixin.py:188} INFO - [2024-05-14T02:12:23.915+0000] {dag.py:3096} INFO - Sync 2 DAGs
[2024-05-14T02:12:23.921+0000] {logging_mixin.py:188} INFO - [2024-05-14T02:12:23.921+0000] {dag.py:3954} INFO - Setting next_dagrun for example_xcom_args to None, run_after=None
[2024-05-14T02:12:23.924+0000] {logging_mixin.py:188} INFO - [2024-05-14T02:12:23.924+0000] {dag.py:3954} INFO - Setting next_dagrun for example_xcom_args_with_operators to None, run_after=None
[2024-05-14T02:12:23.931+0000] {processor.py:183} INFO - Processing /home/airflow/.local/lib/python3.12/site-packages/airflow/example_dags/example_xcomargs.py took 0.038 seconds
