[2024-05-14T01:54:07.176+0000] {processor.py:161} INFO - Started process (PID=66) to work on /home/airflow/.local/lib/python3.12/site-packages/airflow/example_dags/example_external_task_marker_dag.py
[2024-05-14T01:54:07.180+0000] {processor.py:830} INFO - Processing file /home/airflow/.local/lib/python3.12/site-packages/airflow/example_dags/example_external_task_marker_dag.py for tasks to queue
[2024-05-14T01:54:07.188+0000] {logging_mixin.py:188} INFO - [2024-05-14T01:54:07.187+0000] {dagbag.py:545} INFO - Filling up the DagBag from /home/airflow/.local/lib/python3.12/site-packages/airflow/example_dags/example_external_task_marker_dag.py
[2024-05-14T01:54:07.215+0000] {processor.py:840} INFO - DAG(s) 'example_external_task_marker_parent', 'example_external_task_marker_child' retrieved from /home/airflow/.local/lib/python3.12/site-packages/airflow/example_dags/example_external_task_marker_dag.py
[2024-05-14T01:54:07.303+0000] {logging_mixin.py:188} INFO - [2024-05-14T01:54:07.303+0000] {dag.py:3096} INFO - Sync 2 DAGs
[2024-05-14T01:54:07.454+0000] {logging_mixin.py:188} INFO - [2024-05-14T01:54:07.454+0000] {dag.py:3954} INFO - Setting next_dagrun for example_external_task_marker_child to None, run_after=None
[2024-05-14T01:54:07.488+0000] {logging_mixin.py:188} INFO - [2024-05-14T01:54:07.488+0000] {dag.py:3954} INFO - Setting next_dagrun for example_external_task_marker_parent to None, run_after=None
[2024-05-14T01:54:07.611+0000] {processor.py:183} INFO - Processing /home/airflow/.local/lib/python3.12/site-packages/airflow/example_dags/example_external_task_marker_dag.py took 0.470 seconds
[2024-05-14T01:54:37.751+0000] {processor.py:161} INFO - Started process (PID=125) to work on /home/airflow/.local/lib/python3.12/site-packages/airflow/example_dags/example_external_task_marker_dag.py
[2024-05-14T01:54:37.751+0000] {processor.py:830} INFO - Processing file /home/airflow/.local/lib/python3.12/site-packages/airflow/example_dags/example_external_task_marker_dag.py for tasks to queue
[2024-05-14T01:54:37.752+0000] {logging_mixin.py:188} INFO - [2024-05-14T01:54:37.752+0000] {dagbag.py:545} INFO - Filling up the DagBag from /home/airflow/.local/lib/python3.12/site-packages/airflow/example_dags/example_external_task_marker_dag.py
[2024-05-14T01:54:37.755+0000] {processor.py:840} INFO - DAG(s) 'example_external_task_marker_parent', 'example_external_task_marker_child' retrieved from /home/airflow/.local/lib/python3.12/site-packages/airflow/example_dags/example_external_task_marker_dag.py
[2024-05-14T01:54:37.804+0000] {logging_mixin.py:188} INFO - [2024-05-14T01:54:37.804+0000] {dag.py:3096} INFO - Sync 2 DAGs
[2024-05-14T01:54:37.809+0000] {logging_mixin.py:188} INFO - [2024-05-14T01:54:37.809+0000] {dag.py:3954} INFO - Setting next_dagrun for example_external_task_marker_child to None, run_after=None
[2024-05-14T01:54:37.811+0000] {logging_mixin.py:188} INFO - [2024-05-14T01:54:37.811+0000] {dag.py:3954} INFO - Setting next_dagrun for example_external_task_marker_parent to None, run_after=None
[2024-05-14T01:54:37.818+0000] {processor.py:183} INFO - Processing /home/airflow/.local/lib/python3.12/site-packages/airflow/example_dags/example_external_task_marker_dag.py took 0.070 seconds
[2024-05-14T01:55:08.778+0000] {processor.py:161} INFO - Started process (PID=184) to work on /home/airflow/.local/lib/python3.12/site-packages/airflow/example_dags/example_external_task_marker_dag.py
[2024-05-14T01:55:08.779+0000] {processor.py:830} INFO - Processing file /home/airflow/.local/lib/python3.12/site-packages/airflow/example_dags/example_external_task_marker_dag.py for tasks to queue
[2024-05-14T01:55:08.780+0000] {logging_mixin.py:188} INFO - [2024-05-14T01:55:08.780+0000] {dagbag.py:545} INFO - Filling up the DagBag from /home/airflow/.local/lib/python3.12/site-packages/airflow/example_dags/example_external_task_marker_dag.py
[2024-05-14T01:55:08.786+0000] {processor.py:840} INFO - DAG(s) 'example_external_task_marker_parent', 'example_external_task_marker_child' retrieved from /home/airflow/.local/lib/python3.12/site-packages/airflow/example_dags/example_external_task_marker_dag.py
[2024-05-14T01:55:08.804+0000] {logging_mixin.py:188} INFO - [2024-05-14T01:55:08.804+0000] {dag.py:3096} INFO - Sync 2 DAGs
[2024-05-14T01:55:08.812+0000] {logging_mixin.py:188} INFO - [2024-05-14T01:55:08.811+0000] {dag.py:3954} INFO - Setting next_dagrun for example_external_task_marker_child to None, run_after=None
[2024-05-14T01:55:08.814+0000] {logging_mixin.py:188} INFO - [2024-05-14T01:55:08.814+0000] {dag.py:3954} INFO - Setting next_dagrun for example_external_task_marker_parent to None, run_after=None
[2024-05-14T01:55:08.823+0000] {processor.py:183} INFO - Processing /home/airflow/.local/lib/python3.12/site-packages/airflow/example_dags/example_external_task_marker_dag.py took 0.050 seconds
[2024-05-14T01:55:38.914+0000] {processor.py:161} INFO - Started process (PID=243) to work on /home/airflow/.local/lib/python3.12/site-packages/airflow/example_dags/example_external_task_marker_dag.py
[2024-05-14T01:55:38.915+0000] {processor.py:830} INFO - Processing file /home/airflow/.local/lib/python3.12/site-packages/airflow/example_dags/example_external_task_marker_dag.py for tasks to queue
[2024-05-14T01:55:38.918+0000] {logging_mixin.py:188} INFO - [2024-05-14T01:55:38.917+0000] {dagbag.py:545} INFO - Filling up the DagBag from /home/airflow/.local/lib/python3.12/site-packages/airflow/example_dags/example_external_task_marker_dag.py
[2024-05-14T01:55:38.925+0000] {processor.py:840} INFO - DAG(s) 'example_external_task_marker_child', 'example_external_task_marker_parent' retrieved from /home/airflow/.local/lib/python3.12/site-packages/airflow/example_dags/example_external_task_marker_dag.py
[2024-05-14T01:55:38.945+0000] {logging_mixin.py:188} INFO - [2024-05-14T01:55:38.945+0000] {dag.py:3096} INFO - Sync 2 DAGs
[2024-05-14T01:55:38.954+0000] {logging_mixin.py:188} INFO - [2024-05-14T01:55:38.954+0000] {dag.py:3954} INFO - Setting next_dagrun for example_external_task_marker_child to None, run_after=None
[2024-05-14T01:55:38.957+0000] {logging_mixin.py:188} INFO - [2024-05-14T01:55:38.957+0000] {dag.py:3954} INFO - Setting next_dagrun for example_external_task_marker_parent to None, run_after=None
[2024-05-14T01:55:38.967+0000] {processor.py:183} INFO - Processing /home/airflow/.local/lib/python3.12/site-packages/airflow/example_dags/example_external_task_marker_dag.py took 0.060 seconds
[2024-05-14T01:56:09.109+0000] {processor.py:161} INFO - Started process (PID=302) to work on /home/airflow/.local/lib/python3.12/site-packages/airflow/example_dags/example_external_task_marker_dag.py
[2024-05-14T01:56:09.111+0000] {processor.py:830} INFO - Processing file /home/airflow/.local/lib/python3.12/site-packages/airflow/example_dags/example_external_task_marker_dag.py for tasks to queue
[2024-05-14T01:56:09.114+0000] {logging_mixin.py:188} INFO - [2024-05-14T01:56:09.113+0000] {dagbag.py:545} INFO - Filling up the DagBag from /home/airflow/.local/lib/python3.12/site-packages/airflow/example_dags/example_external_task_marker_dag.py
[2024-05-14T01:56:09.122+0000] {processor.py:840} INFO - DAG(s) 'example_external_task_marker_child', 'example_external_task_marker_parent' retrieved from /home/airflow/.local/lib/python3.12/site-packages/airflow/example_dags/example_external_task_marker_dag.py
[2024-05-14T01:56:09.148+0000] {logging_mixin.py:188} INFO - [2024-05-14T01:56:09.148+0000] {dag.py:3096} INFO - Sync 2 DAGs
[2024-05-14T01:56:09.157+0000] {logging_mixin.py:188} INFO - [2024-05-14T01:56:09.157+0000] {dag.py:3954} INFO - Setting next_dagrun for example_external_task_marker_child to None, run_after=None
[2024-05-14T01:56:09.160+0000] {logging_mixin.py:188} INFO - [2024-05-14T01:56:09.159+0000] {dag.py:3954} INFO - Setting next_dagrun for example_external_task_marker_parent to None, run_after=None
[2024-05-14T01:56:09.169+0000] {processor.py:183} INFO - Processing /home/airflow/.local/lib/python3.12/site-packages/airflow/example_dags/example_external_task_marker_dag.py took 0.066 seconds
[2024-05-14T01:56:39.259+0000] {processor.py:161} INFO - Started process (PID=360) to work on /home/airflow/.local/lib/python3.12/site-packages/airflow/example_dags/example_external_task_marker_dag.py
[2024-05-14T01:56:39.260+0000] {processor.py:830} INFO - Processing file /home/airflow/.local/lib/python3.12/site-packages/airflow/example_dags/example_external_task_marker_dag.py for tasks to queue
[2024-05-14T01:56:39.263+0000] {logging_mixin.py:188} INFO - [2024-05-14T01:56:39.262+0000] {dagbag.py:545} INFO - Filling up the DagBag from /home/airflow/.local/lib/python3.12/site-packages/airflow/example_dags/example_external_task_marker_dag.py
[2024-05-14T01:56:39.270+0000] {processor.py:840} INFO - DAG(s) 'example_external_task_marker_child', 'example_external_task_marker_parent' retrieved from /home/airflow/.local/lib/python3.12/site-packages/airflow/example_dags/example_external_task_marker_dag.py
[2024-05-14T01:56:39.290+0000] {logging_mixin.py:188} INFO - [2024-05-14T01:56:39.290+0000] {dag.py:3096} INFO - Sync 2 DAGs
[2024-05-14T01:56:39.299+0000] {logging_mixin.py:188} INFO - [2024-05-14T01:56:39.299+0000] {dag.py:3954} INFO - Setting next_dagrun for example_external_task_marker_child to None, run_after=None
[2024-05-14T01:56:39.302+0000] {logging_mixin.py:188} INFO - [2024-05-14T01:56:39.301+0000] {dag.py:3954} INFO - Setting next_dagrun for example_external_task_marker_parent to None, run_after=None
[2024-05-14T01:56:39.312+0000] {processor.py:183} INFO - Processing /home/airflow/.local/lib/python3.12/site-packages/airflow/example_dags/example_external_task_marker_dag.py took 0.061 seconds
[2024-05-14T01:57:10.296+0000] {processor.py:161} INFO - Started process (PID=419) to work on /home/airflow/.local/lib/python3.12/site-packages/airflow/example_dags/example_external_task_marker_dag.py
[2024-05-14T01:57:10.298+0000] {processor.py:830} INFO - Processing file /home/airflow/.local/lib/python3.12/site-packages/airflow/example_dags/example_external_task_marker_dag.py for tasks to queue
[2024-05-14T01:57:10.300+0000] {logging_mixin.py:188} INFO - [2024-05-14T01:57:10.300+0000] {dagbag.py:545} INFO - Filling up the DagBag from /home/airflow/.local/lib/python3.12/site-packages/airflow/example_dags/example_external_task_marker_dag.py
[2024-05-14T01:57:10.306+0000] {processor.py:840} INFO - DAG(s) 'example_external_task_marker_child', 'example_external_task_marker_parent' retrieved from /home/airflow/.local/lib/python3.12/site-packages/airflow/example_dags/example_external_task_marker_dag.py
[2024-05-14T01:57:10.323+0000] {logging_mixin.py:188} INFO - [2024-05-14T01:57:10.323+0000] {dag.py:3096} INFO - Sync 2 DAGs
[2024-05-14T01:57:10.331+0000] {logging_mixin.py:188} INFO - [2024-05-14T01:57:10.331+0000] {dag.py:3954} INFO - Setting next_dagrun for example_external_task_marker_child to None, run_after=None
[2024-05-14T01:57:10.333+0000] {logging_mixin.py:188} INFO - [2024-05-14T01:57:10.333+0000] {dag.py:3954} INFO - Setting next_dagrun for example_external_task_marker_parent to None, run_after=None
[2024-05-14T01:57:10.342+0000] {processor.py:183} INFO - Processing /home/airflow/.local/lib/python3.12/site-packages/airflow/example_dags/example_external_task_marker_dag.py took 0.053 seconds
[2024-05-14T01:57:41.071+0000] {processor.py:161} INFO - Started process (PID=478) to work on /home/airflow/.local/lib/python3.12/site-packages/airflow/example_dags/example_external_task_marker_dag.py
[2024-05-14T01:57:41.072+0000] {processor.py:830} INFO - Processing file /home/airflow/.local/lib/python3.12/site-packages/airflow/example_dags/example_external_task_marker_dag.py for tasks to queue
[2024-05-14T01:57:41.074+0000] {logging_mixin.py:188} INFO - [2024-05-14T01:57:41.074+0000] {dagbag.py:545} INFO - Filling up the DagBag from /home/airflow/.local/lib/python3.12/site-packages/airflow/example_dags/example_external_task_marker_dag.py
[2024-05-14T01:57:41.080+0000] {processor.py:840} INFO - DAG(s) 'example_external_task_marker_parent', 'example_external_task_marker_child' retrieved from /home/airflow/.local/lib/python3.12/site-packages/airflow/example_dags/example_external_task_marker_dag.py
[2024-05-14T01:57:41.102+0000] {logging_mixin.py:188} INFO - [2024-05-14T01:57:41.101+0000] {dag.py:3096} INFO - Sync 2 DAGs
[2024-05-14T01:57:41.110+0000] {logging_mixin.py:188} INFO - [2024-05-14T01:57:41.110+0000] {dag.py:3954} INFO - Setting next_dagrun for example_external_task_marker_child to None, run_after=None
[2024-05-14T01:57:41.113+0000] {logging_mixin.py:188} INFO - [2024-05-14T01:57:41.113+0000] {dag.py:3954} INFO - Setting next_dagrun for example_external_task_marker_parent to None, run_after=None
[2024-05-14T01:57:41.122+0000] {processor.py:183} INFO - Processing /home/airflow/.local/lib/python3.12/site-packages/airflow/example_dags/example_external_task_marker_dag.py took 0.059 seconds
[2024-05-14T01:58:11.788+0000] {processor.py:161} INFO - Started process (PID=537) to work on /home/airflow/.local/lib/python3.12/site-packages/airflow/example_dags/example_external_task_marker_dag.py
[2024-05-14T01:58:11.789+0000] {processor.py:830} INFO - Processing file /home/airflow/.local/lib/python3.12/site-packages/airflow/example_dags/example_external_task_marker_dag.py for tasks to queue
[2024-05-14T01:58:11.791+0000] {logging_mixin.py:188} INFO - [2024-05-14T01:58:11.791+0000] {dagbag.py:545} INFO - Filling up the DagBag from /home/airflow/.local/lib/python3.12/site-packages/airflow/example_dags/example_external_task_marker_dag.py
[2024-05-14T01:58:11.796+0000] {processor.py:840} INFO - DAG(s) 'example_external_task_marker_child', 'example_external_task_marker_parent' retrieved from /home/airflow/.local/lib/python3.12/site-packages/airflow/example_dags/example_external_task_marker_dag.py
[2024-05-14T01:58:11.814+0000] {logging_mixin.py:188} INFO - [2024-05-14T01:58:11.814+0000] {dag.py:3096} INFO - Sync 2 DAGs
[2024-05-14T01:58:11.822+0000] {logging_mixin.py:188} INFO - [2024-05-14T01:58:11.822+0000] {dag.py:3954} INFO - Setting next_dagrun for example_external_task_marker_child to None, run_after=None
[2024-05-14T01:58:11.824+0000] {logging_mixin.py:188} INFO - [2024-05-14T01:58:11.824+0000] {dag.py:3954} INFO - Setting next_dagrun for example_external_task_marker_parent to None, run_after=None
[2024-05-14T01:58:11.833+0000] {processor.py:183} INFO - Processing /home/airflow/.local/lib/python3.12/site-packages/airflow/example_dags/example_external_task_marker_dag.py took 0.050 seconds
[2024-05-14T01:58:42.544+0000] {processor.py:161} INFO - Started process (PID=595) to work on /home/airflow/.local/lib/python3.12/site-packages/airflow/example_dags/example_external_task_marker_dag.py
[2024-05-14T01:58:42.544+0000] {processor.py:830} INFO - Processing file /home/airflow/.local/lib/python3.12/site-packages/airflow/example_dags/example_external_task_marker_dag.py for tasks to queue
[2024-05-14T01:58:42.546+0000] {logging_mixin.py:188} INFO - [2024-05-14T01:58:42.545+0000] {dagbag.py:545} INFO - Filling up the DagBag from /home/airflow/.local/lib/python3.12/site-packages/airflow/example_dags/example_external_task_marker_dag.py
[2024-05-14T01:58:42.549+0000] {processor.py:840} INFO - DAG(s) 'example_external_task_marker_parent', 'example_external_task_marker_child' retrieved from /home/airflow/.local/lib/python3.12/site-packages/airflow/example_dags/example_external_task_marker_dag.py
[2024-05-14T01:58:42.562+0000] {logging_mixin.py:188} INFO - [2024-05-14T01:58:42.562+0000] {dag.py:3096} INFO - Sync 2 DAGs
[2024-05-14T01:58:42.569+0000] {logging_mixin.py:188} INFO - [2024-05-14T01:58:42.569+0000] {dag.py:3954} INFO - Setting next_dagrun for example_external_task_marker_child to None, run_after=None
[2024-05-14T01:58:42.571+0000] {logging_mixin.py:188} INFO - [2024-05-14T01:58:42.571+0000] {dag.py:3954} INFO - Setting next_dagrun for example_external_task_marker_parent to None, run_after=None
[2024-05-14T01:58:42.578+0000] {processor.py:183} INFO - Processing /home/airflow/.local/lib/python3.12/site-packages/airflow/example_dags/example_external_task_marker_dag.py took 0.037 seconds
[2024-05-14T01:59:13.397+0000] {processor.py:161} INFO - Started process (PID=654) to work on /home/airflow/.local/lib/python3.12/site-packages/airflow/example_dags/example_external_task_marker_dag.py
[2024-05-14T01:59:13.398+0000] {processor.py:830} INFO - Processing file /home/airflow/.local/lib/python3.12/site-packages/airflow/example_dags/example_external_task_marker_dag.py for tasks to queue
[2024-05-14T01:59:13.399+0000] {logging_mixin.py:188} INFO - [2024-05-14T01:59:13.398+0000] {dagbag.py:545} INFO - Filling up the DagBag from /home/airflow/.local/lib/python3.12/site-packages/airflow/example_dags/example_external_task_marker_dag.py
[2024-05-14T01:59:13.402+0000] {processor.py:840} INFO - DAG(s) 'example_external_task_marker_child', 'example_external_task_marker_parent' retrieved from /home/airflow/.local/lib/python3.12/site-packages/airflow/example_dags/example_external_task_marker_dag.py
[2024-05-14T01:59:13.416+0000] {logging_mixin.py:188} INFO - [2024-05-14T01:59:13.416+0000] {dag.py:3096} INFO - Sync 2 DAGs
[2024-05-14T01:59:13.423+0000] {logging_mixin.py:188} INFO - [2024-05-14T01:59:13.423+0000] {dag.py:3954} INFO - Setting next_dagrun for example_external_task_marker_child to None, run_after=None
[2024-05-14T01:59:13.425+0000] {logging_mixin.py:188} INFO - [2024-05-14T01:59:13.425+0000] {dag.py:3954} INFO - Setting next_dagrun for example_external_task_marker_parent to None, run_after=None
[2024-05-14T01:59:13.434+0000] {processor.py:183} INFO - Processing /home/airflow/.local/lib/python3.12/site-packages/airflow/example_dags/example_external_task_marker_dag.py took 0.042 seconds
[2024-05-14T01:59:44.209+0000] {processor.py:161} INFO - Started process (PID=713) to work on /home/airflow/.local/lib/python3.12/site-packages/airflow/example_dags/example_external_task_marker_dag.py
[2024-05-14T01:59:44.210+0000] {processor.py:830} INFO - Processing file /home/airflow/.local/lib/python3.12/site-packages/airflow/example_dags/example_external_task_marker_dag.py for tasks to queue
[2024-05-14T01:59:44.211+0000] {logging_mixin.py:188} INFO - [2024-05-14T01:59:44.211+0000] {dagbag.py:545} INFO - Filling up the DagBag from /home/airflow/.local/lib/python3.12/site-packages/airflow/example_dags/example_external_task_marker_dag.py
[2024-05-14T01:59:44.215+0000] {processor.py:840} INFO - DAG(s) 'example_external_task_marker_parent', 'example_external_task_marker_child' retrieved from /home/airflow/.local/lib/python3.12/site-packages/airflow/example_dags/example_external_task_marker_dag.py
[2024-05-14T01:59:44.229+0000] {logging_mixin.py:188} INFO - [2024-05-14T01:59:44.229+0000] {dag.py:3096} INFO - Sync 2 DAGs
[2024-05-14T01:59:44.239+0000] {logging_mixin.py:188} INFO - [2024-05-14T01:59:44.239+0000] {dag.py:3954} INFO - Setting next_dagrun for example_external_task_marker_child to None, run_after=None
[2024-05-14T01:59:44.242+0000] {logging_mixin.py:188} INFO - [2024-05-14T01:59:44.242+0000] {dag.py:3954} INFO - Setting next_dagrun for example_external_task_marker_parent to None, run_after=None
[2024-05-14T01:59:44.253+0000] {processor.py:183} INFO - Processing /home/airflow/.local/lib/python3.12/site-packages/airflow/example_dags/example_external_task_marker_dag.py took 0.049 seconds
[2024-05-14T02:00:14.952+0000] {processor.py:161} INFO - Started process (PID=772) to work on /home/airflow/.local/lib/python3.12/site-packages/airflow/example_dags/example_external_task_marker_dag.py
[2024-05-14T02:00:14.953+0000] {processor.py:830} INFO - Processing file /home/airflow/.local/lib/python3.12/site-packages/airflow/example_dags/example_external_task_marker_dag.py for tasks to queue
[2024-05-14T02:00:14.956+0000] {logging_mixin.py:188} INFO - [2024-05-14T02:00:14.955+0000] {dagbag.py:545} INFO - Filling up the DagBag from /home/airflow/.local/lib/python3.12/site-packages/airflow/example_dags/example_external_task_marker_dag.py
[2024-05-14T02:00:14.962+0000] {processor.py:840} INFO - DAG(s) 'example_external_task_marker_child', 'example_external_task_marker_parent' retrieved from /home/airflow/.local/lib/python3.12/site-packages/airflow/example_dags/example_external_task_marker_dag.py
[2024-05-14T02:00:14.982+0000] {logging_mixin.py:188} INFO - [2024-05-14T02:00:14.982+0000] {dag.py:3096} INFO - Sync 2 DAGs
[2024-05-14T02:00:14.991+0000] {logging_mixin.py:188} INFO - [2024-05-14T02:00:14.991+0000] {dag.py:3954} INFO - Setting next_dagrun for example_external_task_marker_child to None, run_after=None
[2024-05-14T02:00:14.993+0000] {logging_mixin.py:188} INFO - [2024-05-14T02:00:14.993+0000] {dag.py:3954} INFO - Setting next_dagrun for example_external_task_marker_parent to None, run_after=None
[2024-05-14T02:00:15.003+0000] {processor.py:183} INFO - Processing /home/airflow/.local/lib/python3.12/site-packages/airflow/example_dags/example_external_task_marker_dag.py took 0.059 seconds
[2024-05-14T02:00:45.897+0000] {processor.py:161} INFO - Started process (PID=831) to work on /home/airflow/.local/lib/python3.12/site-packages/airflow/example_dags/example_external_task_marker_dag.py
[2024-05-14T02:00:45.898+0000] {processor.py:830} INFO - Processing file /home/airflow/.local/lib/python3.12/site-packages/airflow/example_dags/example_external_task_marker_dag.py for tasks to queue
[2024-05-14T02:00:45.900+0000] {logging_mixin.py:188} INFO - [2024-05-14T02:00:45.900+0000] {dagbag.py:545} INFO - Filling up the DagBag from /home/airflow/.local/lib/python3.12/site-packages/airflow/example_dags/example_external_task_marker_dag.py
[2024-05-14T02:00:45.907+0000] {processor.py:840} INFO - DAG(s) 'example_external_task_marker_parent', 'example_external_task_marker_child' retrieved from /home/airflow/.local/lib/python3.12/site-packages/airflow/example_dags/example_external_task_marker_dag.py
[2024-05-14T02:00:45.927+0000] {logging_mixin.py:188} INFO - [2024-05-14T02:00:45.927+0000] {dag.py:3096} INFO - Sync 2 DAGs
[2024-05-14T02:00:45.936+0000] {logging_mixin.py:188} INFO - [2024-05-14T02:00:45.936+0000] {dag.py:3954} INFO - Setting next_dagrun for example_external_task_marker_child to None, run_after=None
[2024-05-14T02:00:45.939+0000] {logging_mixin.py:188} INFO - [2024-05-14T02:00:45.939+0000] {dag.py:3954} INFO - Setting next_dagrun for example_external_task_marker_parent to None, run_after=None
[2024-05-14T02:00:45.948+0000] {processor.py:183} INFO - Processing /home/airflow/.local/lib/python3.12/site-packages/airflow/example_dags/example_external_task_marker_dag.py took 0.059 seconds
[2024-05-14T02:01:15.995+0000] {processor.py:161} INFO - Started process (PID=890) to work on /home/airflow/.local/lib/python3.12/site-packages/airflow/example_dags/example_external_task_marker_dag.py
[2024-05-14T02:01:15.996+0000] {processor.py:830} INFO - Processing file /home/airflow/.local/lib/python3.12/site-packages/airflow/example_dags/example_external_task_marker_dag.py for tasks to queue
[2024-05-14T02:01:15.998+0000] {logging_mixin.py:188} INFO - [2024-05-14T02:01:15.998+0000] {dagbag.py:545} INFO - Filling up the DagBag from /home/airflow/.local/lib/python3.12/site-packages/airflow/example_dags/example_external_task_marker_dag.py
[2024-05-14T02:01:16.005+0000] {processor.py:840} INFO - DAG(s) 'example_external_task_marker_parent', 'example_external_task_marker_child' retrieved from /home/airflow/.local/lib/python3.12/site-packages/airflow/example_dags/example_external_task_marker_dag.py
[2024-05-14T02:01:16.026+0000] {logging_mixin.py:188} INFO - [2024-05-14T02:01:16.025+0000] {dag.py:3096} INFO - Sync 2 DAGs
[2024-05-14T02:01:16.034+0000] {logging_mixin.py:188} INFO - [2024-05-14T02:01:16.034+0000] {dag.py:3954} INFO - Setting next_dagrun for example_external_task_marker_child to None, run_after=None
[2024-05-14T02:01:16.037+0000] {logging_mixin.py:188} INFO - [2024-05-14T02:01:16.036+0000] {dag.py:3954} INFO - Setting next_dagrun for example_external_task_marker_parent to None, run_after=None
[2024-05-14T02:01:16.046+0000] {processor.py:183} INFO - Processing /home/airflow/.local/lib/python3.12/site-packages/airflow/example_dags/example_external_task_marker_dag.py took 0.059 seconds
[2024-05-14T02:01:46.080+0000] {processor.py:161} INFO - Started process (PID=948) to work on /home/airflow/.local/lib/python3.12/site-packages/airflow/example_dags/example_external_task_marker_dag.py
[2024-05-14T02:01:46.082+0000] {processor.py:830} INFO - Processing file /home/airflow/.local/lib/python3.12/site-packages/airflow/example_dags/example_external_task_marker_dag.py for tasks to queue
[2024-05-14T02:01:46.084+0000] {logging_mixin.py:188} INFO - [2024-05-14T02:01:46.084+0000] {dagbag.py:545} INFO - Filling up the DagBag from /home/airflow/.local/lib/python3.12/site-packages/airflow/example_dags/example_external_task_marker_dag.py
[2024-05-14T02:01:46.091+0000] {processor.py:840} INFO - DAG(s) 'example_external_task_marker_parent', 'example_external_task_marker_child' retrieved from /home/airflow/.local/lib/python3.12/site-packages/airflow/example_dags/example_external_task_marker_dag.py
[2024-05-14T02:01:46.112+0000] {logging_mixin.py:188} INFO - [2024-05-14T02:01:46.112+0000] {dag.py:3096} INFO - Sync 2 DAGs
[2024-05-14T02:01:46.121+0000] {logging_mixin.py:188} INFO - [2024-05-14T02:01:46.121+0000] {dag.py:3954} INFO - Setting next_dagrun for example_external_task_marker_child to None, run_after=None
[2024-05-14T02:01:46.123+0000] {logging_mixin.py:188} INFO - [2024-05-14T02:01:46.123+0000] {dag.py:3954} INFO - Setting next_dagrun for example_external_task_marker_parent to None, run_after=None
[2024-05-14T02:01:46.132+0000] {processor.py:183} INFO - Processing /home/airflow/.local/lib/python3.12/site-packages/airflow/example_dags/example_external_task_marker_dag.py took 0.061 seconds
[2024-05-14T02:02:16.426+0000] {processor.py:161} INFO - Started process (PID=1008) to work on /home/airflow/.local/lib/python3.12/site-packages/airflow/example_dags/example_external_task_marker_dag.py
[2024-05-14T02:02:16.428+0000] {processor.py:830} INFO - Processing file /home/airflow/.local/lib/python3.12/site-packages/airflow/example_dags/example_external_task_marker_dag.py for tasks to queue
[2024-05-14T02:02:16.431+0000] {logging_mixin.py:188} INFO - [2024-05-14T02:02:16.430+0000] {dagbag.py:545} INFO - Filling up the DagBag from /home/airflow/.local/lib/python3.12/site-packages/airflow/example_dags/example_external_task_marker_dag.py
[2024-05-14T02:02:16.438+0000] {processor.py:840} INFO - DAG(s) 'example_external_task_marker_child', 'example_external_task_marker_parent' retrieved from /home/airflow/.local/lib/python3.12/site-packages/airflow/example_dags/example_external_task_marker_dag.py
[2024-05-14T02:02:16.458+0000] {logging_mixin.py:188} INFO - [2024-05-14T02:02:16.457+0000] {dag.py:3096} INFO - Sync 2 DAGs
[2024-05-14T02:02:16.466+0000] {logging_mixin.py:188} INFO - [2024-05-14T02:02:16.466+0000] {dag.py:3954} INFO - Setting next_dagrun for example_external_task_marker_child to None, run_after=None
[2024-05-14T02:02:16.468+0000] {logging_mixin.py:188} INFO - [2024-05-14T02:02:16.468+0000] {dag.py:3954} INFO - Setting next_dagrun for example_external_task_marker_parent to None, run_after=None
[2024-05-14T02:02:16.477+0000] {processor.py:183} INFO - Processing /home/airflow/.local/lib/python3.12/site-packages/airflow/example_dags/example_external_task_marker_dag.py took 0.060 seconds
[2024-05-14T02:02:46.574+0000] {processor.py:161} INFO - Started process (PID=1067) to work on /home/airflow/.local/lib/python3.12/site-packages/airflow/example_dags/example_external_task_marker_dag.py
[2024-05-14T02:02:46.575+0000] {processor.py:830} INFO - Processing file /home/airflow/.local/lib/python3.12/site-packages/airflow/example_dags/example_external_task_marker_dag.py for tasks to queue
[2024-05-14T02:02:46.576+0000] {logging_mixin.py:188} INFO - [2024-05-14T02:02:46.576+0000] {dagbag.py:545} INFO - Filling up the DagBag from /home/airflow/.local/lib/python3.12/site-packages/airflow/example_dags/example_external_task_marker_dag.py
[2024-05-14T02:02:46.580+0000] {processor.py:840} INFO - DAG(s) 'example_external_task_marker_parent', 'example_external_task_marker_child' retrieved from /home/airflow/.local/lib/python3.12/site-packages/airflow/example_dags/example_external_task_marker_dag.py
[2024-05-14T02:02:46.595+0000] {logging_mixin.py:188} INFO - [2024-05-14T02:02:46.594+0000] {dag.py:3096} INFO - Sync 2 DAGs
[2024-05-14T02:02:46.603+0000] {logging_mixin.py:188} INFO - [2024-05-14T02:02:46.603+0000] {dag.py:3954} INFO - Setting next_dagrun for example_external_task_marker_child to None, run_after=None
[2024-05-14T02:02:46.607+0000] {logging_mixin.py:188} INFO - [2024-05-14T02:02:46.607+0000] {dag.py:3954} INFO - Setting next_dagrun for example_external_task_marker_parent to None, run_after=None
[2024-05-14T02:02:46.617+0000] {processor.py:183} INFO - Processing /home/airflow/.local/lib/python3.12/site-packages/airflow/example_dags/example_external_task_marker_dag.py took 0.046 seconds
[2024-05-14T02:03:16.639+0000] {processor.py:161} INFO - Started process (PID=1126) to work on /home/airflow/.local/lib/python3.12/site-packages/airflow/example_dags/example_external_task_marker_dag.py
[2024-05-14T02:03:16.640+0000] {processor.py:830} INFO - Processing file /home/airflow/.local/lib/python3.12/site-packages/airflow/example_dags/example_external_task_marker_dag.py for tasks to queue
[2024-05-14T02:03:16.641+0000] {logging_mixin.py:188} INFO - [2024-05-14T02:03:16.640+0000] {dagbag.py:545} INFO - Filling up the DagBag from /home/airflow/.local/lib/python3.12/site-packages/airflow/example_dags/example_external_task_marker_dag.py
[2024-05-14T02:03:16.644+0000] {processor.py:840} INFO - DAG(s) 'example_external_task_marker_parent', 'example_external_task_marker_child' retrieved from /home/airflow/.local/lib/python3.12/site-packages/airflow/example_dags/example_external_task_marker_dag.py
[2024-05-14T02:03:16.658+0000] {logging_mixin.py:188} INFO - [2024-05-14T02:03:16.658+0000] {dag.py:3096} INFO - Sync 2 DAGs
[2024-05-14T02:03:16.665+0000] {logging_mixin.py:188} INFO - [2024-05-14T02:03:16.665+0000] {dag.py:3954} INFO - Setting next_dagrun for example_external_task_marker_child to None, run_after=None
[2024-05-14T02:03:16.667+0000] {logging_mixin.py:188} INFO - [2024-05-14T02:03:16.667+0000] {dag.py:3954} INFO - Setting next_dagrun for example_external_task_marker_parent to None, run_after=None
[2024-05-14T02:03:16.676+0000] {processor.py:183} INFO - Processing /home/airflow/.local/lib/python3.12/site-packages/airflow/example_dags/example_external_task_marker_dag.py took 0.040 seconds
[2024-05-14T02:03:47.414+0000] {processor.py:161} INFO - Started process (PID=1185) to work on /home/airflow/.local/lib/python3.12/site-packages/airflow/example_dags/example_external_task_marker_dag.py
[2024-05-14T02:03:47.415+0000] {processor.py:830} INFO - Processing file /home/airflow/.local/lib/python3.12/site-packages/airflow/example_dags/example_external_task_marker_dag.py for tasks to queue
[2024-05-14T02:03:47.416+0000] {logging_mixin.py:188} INFO - [2024-05-14T02:03:47.416+0000] {dagbag.py:545} INFO - Filling up the DagBag from /home/airflow/.local/lib/python3.12/site-packages/airflow/example_dags/example_external_task_marker_dag.py
[2024-05-14T02:03:47.420+0000] {processor.py:840} INFO - DAG(s) 'example_external_task_marker_child', 'example_external_task_marker_parent' retrieved from /home/airflow/.local/lib/python3.12/site-packages/airflow/example_dags/example_external_task_marker_dag.py
[2024-05-14T02:03:47.436+0000] {logging_mixin.py:188} INFO - [2024-05-14T02:03:47.436+0000] {dag.py:3096} INFO - Sync 2 DAGs
[2024-05-14T02:03:47.444+0000] {logging_mixin.py:188} INFO - [2024-05-14T02:03:47.444+0000] {dag.py:3954} INFO - Setting next_dagrun for example_external_task_marker_child to None, run_after=None
[2024-05-14T02:03:47.446+0000] {logging_mixin.py:188} INFO - [2024-05-14T02:03:47.446+0000] {dag.py:3954} INFO - Setting next_dagrun for example_external_task_marker_parent to None, run_after=None
[2024-05-14T02:03:47.454+0000] {processor.py:183} INFO - Processing /home/airflow/.local/lib/python3.12/site-packages/airflow/example_dags/example_external_task_marker_dag.py took 0.044 seconds
[2024-05-14T02:04:17.555+0000] {processor.py:161} INFO - Started process (PID=1243) to work on /home/airflow/.local/lib/python3.12/site-packages/airflow/example_dags/example_external_task_marker_dag.py
[2024-05-14T02:04:17.556+0000] {processor.py:830} INFO - Processing file /home/airflow/.local/lib/python3.12/site-packages/airflow/example_dags/example_external_task_marker_dag.py for tasks to queue
[2024-05-14T02:04:17.558+0000] {logging_mixin.py:188} INFO - [2024-05-14T02:04:17.558+0000] {dagbag.py:545} INFO - Filling up the DagBag from /home/airflow/.local/lib/python3.12/site-packages/airflow/example_dags/example_external_task_marker_dag.py
[2024-05-14T02:04:17.565+0000] {processor.py:840} INFO - DAG(s) 'example_external_task_marker_child', 'example_external_task_marker_parent' retrieved from /home/airflow/.local/lib/python3.12/site-packages/airflow/example_dags/example_external_task_marker_dag.py
[2024-05-14T02:04:17.583+0000] {logging_mixin.py:188} INFO - [2024-05-14T02:04:17.583+0000] {dag.py:3096} INFO - Sync 2 DAGs
[2024-05-14T02:04:17.592+0000] {logging_mixin.py:188} INFO - [2024-05-14T02:04:17.592+0000] {dag.py:3954} INFO - Setting next_dagrun for example_external_task_marker_child to None, run_after=None
[2024-05-14T02:04:17.594+0000] {logging_mixin.py:188} INFO - [2024-05-14T02:04:17.594+0000] {dag.py:3954} INFO - Setting next_dagrun for example_external_task_marker_parent to None, run_after=None
[2024-05-14T02:04:17.604+0000] {processor.py:183} INFO - Processing /home/airflow/.local/lib/python3.12/site-packages/airflow/example_dags/example_external_task_marker_dag.py took 0.056 seconds
[2024-05-14T02:04:47.702+0000] {processor.py:161} INFO - Started process (PID=1302) to work on /home/airflow/.local/lib/python3.12/site-packages/airflow/example_dags/example_external_task_marker_dag.py
[2024-05-14T02:04:47.704+0000] {processor.py:830} INFO - Processing file /home/airflow/.local/lib/python3.12/site-packages/airflow/example_dags/example_external_task_marker_dag.py for tasks to queue
[2024-05-14T02:04:47.706+0000] {logging_mixin.py:188} INFO - [2024-05-14T02:04:47.706+0000] {dagbag.py:545} INFO - Filling up the DagBag from /home/airflow/.local/lib/python3.12/site-packages/airflow/example_dags/example_external_task_marker_dag.py
[2024-05-14T02:04:47.712+0000] {processor.py:840} INFO - DAG(s) 'example_external_task_marker_parent', 'example_external_task_marker_child' retrieved from /home/airflow/.local/lib/python3.12/site-packages/airflow/example_dags/example_external_task_marker_dag.py
[2024-05-14T02:04:47.732+0000] {logging_mixin.py:188} INFO - [2024-05-14T02:04:47.732+0000] {dag.py:3096} INFO - Sync 2 DAGs
[2024-05-14T02:04:47.740+0000] {logging_mixin.py:188} INFO - [2024-05-14T02:04:47.740+0000] {dag.py:3954} INFO - Setting next_dagrun for example_external_task_marker_child to None, run_after=None
[2024-05-14T02:04:47.743+0000] {logging_mixin.py:188} INFO - [2024-05-14T02:04:47.743+0000] {dag.py:3954} INFO - Setting next_dagrun for example_external_task_marker_parent to None, run_after=None
[2024-05-14T02:04:47.752+0000] {processor.py:183} INFO - Processing /home/airflow/.local/lib/python3.12/site-packages/airflow/example_dags/example_external_task_marker_dag.py took 0.057 seconds
[2024-05-14T02:05:17.803+0000] {processor.py:161} INFO - Started process (PID=1361) to work on /home/airflow/.local/lib/python3.12/site-packages/airflow/example_dags/example_external_task_marker_dag.py
[2024-05-14T02:05:17.804+0000] {processor.py:830} INFO - Processing file /home/airflow/.local/lib/python3.12/site-packages/airflow/example_dags/example_external_task_marker_dag.py for tasks to queue
[2024-05-14T02:05:17.806+0000] {logging_mixin.py:188} INFO - [2024-05-14T02:05:17.806+0000] {dagbag.py:545} INFO - Filling up the DagBag from /home/airflow/.local/lib/python3.12/site-packages/airflow/example_dags/example_external_task_marker_dag.py
[2024-05-14T02:05:17.813+0000] {processor.py:840} INFO - DAG(s) 'example_external_task_marker_child', 'example_external_task_marker_parent' retrieved from /home/airflow/.local/lib/python3.12/site-packages/airflow/example_dags/example_external_task_marker_dag.py
[2024-05-14T02:05:17.833+0000] {logging_mixin.py:188} INFO - [2024-05-14T02:05:17.833+0000] {dag.py:3096} INFO - Sync 2 DAGs
[2024-05-14T02:05:17.842+0000] {logging_mixin.py:188} INFO - [2024-05-14T02:05:17.841+0000] {dag.py:3954} INFO - Setting next_dagrun for example_external_task_marker_child to None, run_after=None
[2024-05-14T02:05:17.844+0000] {logging_mixin.py:188} INFO - [2024-05-14T02:05:17.844+0000] {dag.py:3954} INFO - Setting next_dagrun for example_external_task_marker_parent to None, run_after=None
[2024-05-14T02:05:17.853+0000] {processor.py:183} INFO - Processing /home/airflow/.local/lib/python3.12/site-packages/airflow/example_dags/example_external_task_marker_dag.py took 0.056 seconds
[2024-05-14T02:05:48.631+0000] {processor.py:161} INFO - Started process (PID=1420) to work on /home/airflow/.local/lib/python3.12/site-packages/airflow/example_dags/example_external_task_marker_dag.py
[2024-05-14T02:05:48.632+0000] {processor.py:830} INFO - Processing file /home/airflow/.local/lib/python3.12/site-packages/airflow/example_dags/example_external_task_marker_dag.py for tasks to queue
[2024-05-14T02:05:48.634+0000] {logging_mixin.py:188} INFO - [2024-05-14T02:05:48.634+0000] {dagbag.py:545} INFO - Filling up the DagBag from /home/airflow/.local/lib/python3.12/site-packages/airflow/example_dags/example_external_task_marker_dag.py
[2024-05-14T02:05:48.640+0000] {processor.py:840} INFO - DAG(s) 'example_external_task_marker_parent', 'example_external_task_marker_child' retrieved from /home/airflow/.local/lib/python3.12/site-packages/airflow/example_dags/example_external_task_marker_dag.py
[2024-05-14T02:05:48.657+0000] {logging_mixin.py:188} INFO - [2024-05-14T02:05:48.657+0000] {dag.py:3096} INFO - Sync 2 DAGs
[2024-05-14T02:05:48.665+0000] {logging_mixin.py:188} INFO - [2024-05-14T02:05:48.665+0000] {dag.py:3954} INFO - Setting next_dagrun for example_external_task_marker_child to None, run_after=None
[2024-05-14T02:05:48.667+0000] {logging_mixin.py:188} INFO - [2024-05-14T02:05:48.667+0000] {dag.py:3954} INFO - Setting next_dagrun for example_external_task_marker_parent to None, run_after=None
[2024-05-14T02:05:48.676+0000] {processor.py:183} INFO - Processing /home/airflow/.local/lib/python3.12/site-packages/airflow/example_dags/example_external_task_marker_dag.py took 0.051 seconds
[2024-05-14T02:06:19.721+0000] {processor.py:161} INFO - Started process (PID=1479) to work on /home/airflow/.local/lib/python3.12/site-packages/airflow/example_dags/example_external_task_marker_dag.py
[2024-05-14T02:06:19.722+0000] {processor.py:830} INFO - Processing file /home/airflow/.local/lib/python3.12/site-packages/airflow/example_dags/example_external_task_marker_dag.py for tasks to queue
[2024-05-14T02:06:19.724+0000] {logging_mixin.py:188} INFO - [2024-05-14T02:06:19.724+0000] {dagbag.py:545} INFO - Filling up the DagBag from /home/airflow/.local/lib/python3.12/site-packages/airflow/example_dags/example_external_task_marker_dag.py
[2024-05-14T02:06:19.730+0000] {processor.py:840} INFO - DAG(s) 'example_external_task_marker_child', 'example_external_task_marker_parent' retrieved from /home/airflow/.local/lib/python3.12/site-packages/airflow/example_dags/example_external_task_marker_dag.py
[2024-05-14T02:06:19.748+0000] {logging_mixin.py:188} INFO - [2024-05-14T02:06:19.747+0000] {dag.py:3096} INFO - Sync 2 DAGs
[2024-05-14T02:06:19.755+0000] {logging_mixin.py:188} INFO - [2024-05-14T02:06:19.755+0000] {dag.py:3954} INFO - Setting next_dagrun for example_external_task_marker_child to None, run_after=None
[2024-05-14T02:06:19.758+0000] {logging_mixin.py:188} INFO - [2024-05-14T02:06:19.758+0000] {dag.py:3954} INFO - Setting next_dagrun for example_external_task_marker_parent to None, run_after=None
[2024-05-14T02:06:19.767+0000] {processor.py:183} INFO - Processing /home/airflow/.local/lib/python3.12/site-packages/airflow/example_dags/example_external_task_marker_dag.py took 0.052 seconds
[2024-05-14T02:06:49.872+0000] {processor.py:161} INFO - Started process (PID=1538) to work on /home/airflow/.local/lib/python3.12/site-packages/airflow/example_dags/example_external_task_marker_dag.py
[2024-05-14T02:06:49.873+0000] {processor.py:830} INFO - Processing file /home/airflow/.local/lib/python3.12/site-packages/airflow/example_dags/example_external_task_marker_dag.py for tasks to queue
[2024-05-14T02:06:49.875+0000] {logging_mixin.py:188} INFO - [2024-05-14T02:06:49.875+0000] {dagbag.py:545} INFO - Filling up the DagBag from /home/airflow/.local/lib/python3.12/site-packages/airflow/example_dags/example_external_task_marker_dag.py
[2024-05-14T02:06:49.881+0000] {processor.py:840} INFO - DAG(s) 'example_external_task_marker_parent', 'example_external_task_marker_child' retrieved from /home/airflow/.local/lib/python3.12/site-packages/airflow/example_dags/example_external_task_marker_dag.py
[2024-05-14T02:06:49.903+0000] {logging_mixin.py:188} INFO - [2024-05-14T02:06:49.903+0000] {dag.py:3096} INFO - Sync 2 DAGs
[2024-05-14T02:06:49.912+0000] {logging_mixin.py:188} INFO - [2024-05-14T02:06:49.912+0000] {dag.py:3954} INFO - Setting next_dagrun for example_external_task_marker_child to None, run_after=None
[2024-05-14T02:06:49.914+0000] {logging_mixin.py:188} INFO - [2024-05-14T02:06:49.914+0000] {dag.py:3954} INFO - Setting next_dagrun for example_external_task_marker_parent to None, run_after=None
[2024-05-14T02:06:49.924+0000] {processor.py:183} INFO - Processing /home/airflow/.local/lib/python3.12/site-packages/airflow/example_dags/example_external_task_marker_dag.py took 0.060 seconds
[2024-05-14T02:07:20.204+0000] {processor.py:161} INFO - Started process (PID=1597) to work on /home/airflow/.local/lib/python3.12/site-packages/airflow/example_dags/example_external_task_marker_dag.py
[2024-05-14T02:07:20.204+0000] {processor.py:830} INFO - Processing file /home/airflow/.local/lib/python3.12/site-packages/airflow/example_dags/example_external_task_marker_dag.py for tasks to queue
[2024-05-14T02:07:20.206+0000] {logging_mixin.py:188} INFO - [2024-05-14T02:07:20.206+0000] {dagbag.py:545} INFO - Filling up the DagBag from /home/airflow/.local/lib/python3.12/site-packages/airflow/example_dags/example_external_task_marker_dag.py
[2024-05-14T02:07:20.210+0000] {processor.py:840} INFO - DAG(s) 'example_external_task_marker_parent', 'example_external_task_marker_child' retrieved from /home/airflow/.local/lib/python3.12/site-packages/airflow/example_dags/example_external_task_marker_dag.py
[2024-05-14T02:07:20.227+0000] {logging_mixin.py:188} INFO - [2024-05-14T02:07:20.227+0000] {dag.py:3096} INFO - Sync 2 DAGs
[2024-05-14T02:07:20.234+0000] {logging_mixin.py:188} INFO - [2024-05-14T02:07:20.234+0000] {dag.py:3954} INFO - Setting next_dagrun for example_external_task_marker_child to None, run_after=None
[2024-05-14T02:07:20.237+0000] {logging_mixin.py:188} INFO - [2024-05-14T02:07:20.236+0000] {dag.py:3954} INFO - Setting next_dagrun for example_external_task_marker_parent to None, run_after=None
[2024-05-14T02:07:20.247+0000] {processor.py:183} INFO - Processing /home/airflow/.local/lib/python3.12/site-packages/airflow/example_dags/example_external_task_marker_dag.py took 0.047 seconds
[2024-05-14T02:07:50.446+0000] {processor.py:161} INFO - Started process (PID=1656) to work on /home/airflow/.local/lib/python3.12/site-packages/airflow/example_dags/example_external_task_marker_dag.py
[2024-05-14T02:07:50.447+0000] {processor.py:830} INFO - Processing file /home/airflow/.local/lib/python3.12/site-packages/airflow/example_dags/example_external_task_marker_dag.py for tasks to queue
[2024-05-14T02:07:50.449+0000] {logging_mixin.py:188} INFO - [2024-05-14T02:07:50.448+0000] {dagbag.py:545} INFO - Filling up the DagBag from /home/airflow/.local/lib/python3.12/site-packages/airflow/example_dags/example_external_task_marker_dag.py
[2024-05-14T02:07:50.454+0000] {processor.py:840} INFO - DAG(s) 'example_external_task_marker_child', 'example_external_task_marker_parent' retrieved from /home/airflow/.local/lib/python3.12/site-packages/airflow/example_dags/example_external_task_marker_dag.py
[2024-05-14T02:07:50.473+0000] {logging_mixin.py:188} INFO - [2024-05-14T02:07:50.472+0000] {dag.py:3096} INFO - Sync 2 DAGs
[2024-05-14T02:07:50.480+0000] {logging_mixin.py:188} INFO - [2024-05-14T02:07:50.480+0000] {dag.py:3954} INFO - Setting next_dagrun for example_external_task_marker_child to None, run_after=None
[2024-05-14T02:07:50.483+0000] {logging_mixin.py:188} INFO - [2024-05-14T02:07:50.483+0000] {dag.py:3954} INFO - Setting next_dagrun for example_external_task_marker_parent to None, run_after=None
[2024-05-14T02:07:50.492+0000] {processor.py:183} INFO - Processing /home/airflow/.local/lib/python3.12/site-packages/airflow/example_dags/example_external_task_marker_dag.py took 0.052 seconds
[2024-05-14T02:08:20.543+0000] {processor.py:161} INFO - Started process (PID=1715) to work on /home/airflow/.local/lib/python3.12/site-packages/airflow/example_dags/example_external_task_marker_dag.py
[2024-05-14T02:08:20.544+0000] {processor.py:830} INFO - Processing file /home/airflow/.local/lib/python3.12/site-packages/airflow/example_dags/example_external_task_marker_dag.py for tasks to queue
[2024-05-14T02:08:20.547+0000] {logging_mixin.py:188} INFO - [2024-05-14T02:08:20.546+0000] {dagbag.py:545} INFO - Filling up the DagBag from /home/airflow/.local/lib/python3.12/site-packages/airflow/example_dags/example_external_task_marker_dag.py
[2024-05-14T02:08:20.553+0000] {processor.py:840} INFO - DAG(s) 'example_external_task_marker_parent', 'example_external_task_marker_child' retrieved from /home/airflow/.local/lib/python3.12/site-packages/airflow/example_dags/example_external_task_marker_dag.py
[2024-05-14T02:08:20.573+0000] {logging_mixin.py:188} INFO - [2024-05-14T02:08:20.573+0000] {dag.py:3096} INFO - Sync 2 DAGs
[2024-05-14T02:08:20.582+0000] {logging_mixin.py:188} INFO - [2024-05-14T02:08:20.582+0000] {dag.py:3954} INFO - Setting next_dagrun for example_external_task_marker_child to None, run_after=None
[2024-05-14T02:08:20.584+0000] {logging_mixin.py:188} INFO - [2024-05-14T02:08:20.584+0000] {dag.py:3954} INFO - Setting next_dagrun for example_external_task_marker_parent to None, run_after=None
[2024-05-14T02:08:20.593+0000] {processor.py:183} INFO - Processing /home/airflow/.local/lib/python3.12/site-packages/airflow/example_dags/example_external_task_marker_dag.py took 0.060 seconds
[2024-05-14T02:08:50.729+0000] {processor.py:161} INFO - Started process (PID=1774) to work on /home/airflow/.local/lib/python3.12/site-packages/airflow/example_dags/example_external_task_marker_dag.py
[2024-05-14T02:08:50.730+0000] {processor.py:830} INFO - Processing file /home/airflow/.local/lib/python3.12/site-packages/airflow/example_dags/example_external_task_marker_dag.py for tasks to queue
[2024-05-14T02:08:50.733+0000] {logging_mixin.py:188} INFO - [2024-05-14T02:08:50.732+0000] {dagbag.py:545} INFO - Filling up the DagBag from /home/airflow/.local/lib/python3.12/site-packages/airflow/example_dags/example_external_task_marker_dag.py
[2024-05-14T02:08:50.740+0000] {processor.py:840} INFO - DAG(s) 'example_external_task_marker_child', 'example_external_task_marker_parent' retrieved from /home/airflow/.local/lib/python3.12/site-packages/airflow/example_dags/example_external_task_marker_dag.py
[2024-05-14T02:08:50.760+0000] {logging_mixin.py:188} INFO - [2024-05-14T02:08:50.759+0000] {dag.py:3096} INFO - Sync 2 DAGs
[2024-05-14T02:08:50.767+0000] {logging_mixin.py:188} INFO - [2024-05-14T02:08:50.767+0000] {dag.py:3954} INFO - Setting next_dagrun for example_external_task_marker_child to None, run_after=None
[2024-05-14T02:08:50.770+0000] {logging_mixin.py:188} INFO - [2024-05-14T02:08:50.770+0000] {dag.py:3954} INFO - Setting next_dagrun for example_external_task_marker_parent to None, run_after=None
[2024-05-14T02:08:50.778+0000] {processor.py:183} INFO - Processing /home/airflow/.local/lib/python3.12/site-packages/airflow/example_dags/example_external_task_marker_dag.py took 0.058 seconds
[2024-05-14T02:09:21.456+0000] {processor.py:161} INFO - Started process (PID=1839) to work on /home/airflow/.local/lib/python3.12/site-packages/airflow/example_dags/example_external_task_marker_dag.py
[2024-05-14T02:09:21.459+0000] {processor.py:830} INFO - Processing file /home/airflow/.local/lib/python3.12/site-packages/airflow/example_dags/example_external_task_marker_dag.py for tasks to queue
[2024-05-14T02:09:21.460+0000] {logging_mixin.py:188} INFO - [2024-05-14T02:09:21.460+0000] {dagbag.py:545} INFO - Filling up the DagBag from /home/airflow/.local/lib/python3.12/site-packages/airflow/example_dags/example_external_task_marker_dag.py
[2024-05-14T02:09:21.464+0000] {processor.py:840} INFO - DAG(s) 'example_external_task_marker_child', 'example_external_task_marker_parent' retrieved from /home/airflow/.local/lib/python3.12/site-packages/airflow/example_dags/example_external_task_marker_dag.py
[2024-05-14T02:09:21.479+0000] {logging_mixin.py:188} INFO - [2024-05-14T02:09:21.479+0000] {dag.py:3096} INFO - Sync 2 DAGs
[2024-05-14T02:09:21.486+0000] {logging_mixin.py:188} INFO - [2024-05-14T02:09:21.486+0000] {dag.py:3954} INFO - Setting next_dagrun for example_external_task_marker_child to None, run_after=None
[2024-05-14T02:09:21.488+0000] {logging_mixin.py:188} INFO - [2024-05-14T02:09:21.488+0000] {dag.py:3954} INFO - Setting next_dagrun for example_external_task_marker_parent to None, run_after=None
[2024-05-14T02:09:21.498+0000] {processor.py:183} INFO - Processing /home/airflow/.local/lib/python3.12/site-packages/airflow/example_dags/example_external_task_marker_dag.py took 0.047 seconds
[2024-05-14T02:09:51.825+0000] {processor.py:161} INFO - Started process (PID=1898) to work on /home/airflow/.local/lib/python3.12/site-packages/airflow/example_dags/example_external_task_marker_dag.py
[2024-05-14T02:09:51.830+0000] {processor.py:830} INFO - Processing file /home/airflow/.local/lib/python3.12/site-packages/airflow/example_dags/example_external_task_marker_dag.py for tasks to queue
[2024-05-14T02:09:51.831+0000] {logging_mixin.py:188} INFO - [2024-05-14T02:09:51.831+0000] {dagbag.py:545} INFO - Filling up the DagBag from /home/airflow/.local/lib/python3.12/site-packages/airflow/example_dags/example_external_task_marker_dag.py
[2024-05-14T02:09:51.837+0000] {processor.py:840} INFO - DAG(s) 'example_external_task_marker_parent', 'example_external_task_marker_child' retrieved from /home/airflow/.local/lib/python3.12/site-packages/airflow/example_dags/example_external_task_marker_dag.py
[2024-05-14T02:09:51.854+0000] {logging_mixin.py:188} INFO - [2024-05-14T02:09:51.854+0000] {dag.py:3096} INFO - Sync 2 DAGs
[2024-05-14T02:09:51.861+0000] {logging_mixin.py:188} INFO - [2024-05-14T02:09:51.861+0000] {dag.py:3954} INFO - Setting next_dagrun for example_external_task_marker_child to None, run_after=None
[2024-05-14T02:09:51.864+0000] {logging_mixin.py:188} INFO - [2024-05-14T02:09:51.864+0000] {dag.py:3954} INFO - Setting next_dagrun for example_external_task_marker_parent to None, run_after=None
[2024-05-14T02:09:51.872+0000] {processor.py:183} INFO - Processing /home/airflow/.local/lib/python3.12/site-packages/airflow/example_dags/example_external_task_marker_dag.py took 0.053 seconds
[2024-05-14T02:10:22.724+0000] {processor.py:161} INFO - Started process (PID=1957) to work on /home/airflow/.local/lib/python3.12/site-packages/airflow/example_dags/example_external_task_marker_dag.py
[2024-05-14T02:10:22.726+0000] {processor.py:830} INFO - Processing file /home/airflow/.local/lib/python3.12/site-packages/airflow/example_dags/example_external_task_marker_dag.py for tasks to queue
[2024-05-14T02:10:22.728+0000] {logging_mixin.py:188} INFO - [2024-05-14T02:10:22.728+0000] {dagbag.py:545} INFO - Filling up the DagBag from /home/airflow/.local/lib/python3.12/site-packages/airflow/example_dags/example_external_task_marker_dag.py
[2024-05-14T02:10:22.735+0000] {processor.py:840} INFO - DAG(s) 'example_external_task_marker_parent', 'example_external_task_marker_child' retrieved from /home/airflow/.local/lib/python3.12/site-packages/airflow/example_dags/example_external_task_marker_dag.py
[2024-05-14T02:10:22.846+0000] {logging_mixin.py:188} INFO - [2024-05-14T02:10:22.846+0000] {dag.py:3096} INFO - Sync 2 DAGs
[2024-05-14T02:10:22.851+0000] {logging_mixin.py:188} INFO - [2024-05-14T02:10:22.851+0000] {dag.py:3954} INFO - Setting next_dagrun for example_external_task_marker_child to None, run_after=None
[2024-05-14T02:10:22.853+0000] {logging_mixin.py:188} INFO - [2024-05-14T02:10:22.853+0000] {dag.py:3954} INFO - Setting next_dagrun for example_external_task_marker_parent to None, run_after=None
[2024-05-14T02:10:22.860+0000] {processor.py:183} INFO - Processing /home/airflow/.local/lib/python3.12/site-packages/airflow/example_dags/example_external_task_marker_dag.py took 0.143 seconds
[2024-05-14T02:10:53.609+0000] {processor.py:161} INFO - Started process (PID=2015) to work on /home/airflow/.local/lib/python3.12/site-packages/airflow/example_dags/example_external_task_marker_dag.py
[2024-05-14T02:10:53.610+0000] {processor.py:830} INFO - Processing file /home/airflow/.local/lib/python3.12/site-packages/airflow/example_dags/example_external_task_marker_dag.py for tasks to queue
[2024-05-14T02:10:53.612+0000] {logging_mixin.py:188} INFO - [2024-05-14T02:10:53.612+0000] {dagbag.py:545} INFO - Filling up the DagBag from /home/airflow/.local/lib/python3.12/site-packages/airflow/example_dags/example_external_task_marker_dag.py
[2024-05-14T02:10:53.620+0000] {processor.py:840} INFO - DAG(s) 'example_external_task_marker_parent', 'example_external_task_marker_child' retrieved from /home/airflow/.local/lib/python3.12/site-packages/airflow/example_dags/example_external_task_marker_dag.py
[2024-05-14T02:10:53.644+0000] {logging_mixin.py:188} INFO - [2024-05-14T02:10:53.644+0000] {dag.py:3096} INFO - Sync 2 DAGs
[2024-05-14T02:10:53.742+0000] {logging_mixin.py:188} INFO - [2024-05-14T02:10:53.742+0000] {dag.py:3954} INFO - Setting next_dagrun for example_external_task_marker_child to None, run_after=None
[2024-05-14T02:10:53.744+0000] {logging_mixin.py:188} INFO - [2024-05-14T02:10:53.744+0000] {dag.py:3954} INFO - Setting next_dagrun for example_external_task_marker_parent to None, run_after=None
[2024-05-14T02:10:53.751+0000] {processor.py:183} INFO - Processing /home/airflow/.local/lib/python3.12/site-packages/airflow/example_dags/example_external_task_marker_dag.py took 0.151 seconds
[2024-05-14T02:11:24.603+0000] {processor.py:161} INFO - Started process (PID=2074) to work on /home/airflow/.local/lib/python3.12/site-packages/airflow/example_dags/example_external_task_marker_dag.py
[2024-05-14T02:11:24.605+0000] {processor.py:830} INFO - Processing file /home/airflow/.local/lib/python3.12/site-packages/airflow/example_dags/example_external_task_marker_dag.py for tasks to queue
[2024-05-14T02:11:24.607+0000] {logging_mixin.py:188} INFO - [2024-05-14T02:11:24.606+0000] {dagbag.py:545} INFO - Filling up the DagBag from /home/airflow/.local/lib/python3.12/site-packages/airflow/example_dags/example_external_task_marker_dag.py
[2024-05-14T02:11:24.612+0000] {processor.py:840} INFO - DAG(s) 'example_external_task_marker_parent', 'example_external_task_marker_child' retrieved from /home/airflow/.local/lib/python3.12/site-packages/airflow/example_dags/example_external_task_marker_dag.py
[2024-05-14T02:11:24.631+0000] {logging_mixin.py:188} INFO - [2024-05-14T02:11:24.631+0000] {dag.py:3096} INFO - Sync 2 DAGs
[2024-05-14T02:11:24.639+0000] {logging_mixin.py:188} INFO - [2024-05-14T02:11:24.639+0000] {dag.py:3954} INFO - Setting next_dagrun for example_external_task_marker_child to None, run_after=None
[2024-05-14T02:11:24.641+0000] {logging_mixin.py:188} INFO - [2024-05-14T02:11:24.641+0000] {dag.py:3954} INFO - Setting next_dagrun for example_external_task_marker_parent to None, run_after=None
[2024-05-14T02:11:24.650+0000] {processor.py:183} INFO - Processing /home/airflow/.local/lib/python3.12/site-packages/airflow/example_dags/example_external_task_marker_dag.py took 0.053 seconds
[2024-05-14T02:11:55.203+0000] {processor.py:161} INFO - Started process (PID=2132) to work on /home/airflow/.local/lib/python3.12/site-packages/airflow/example_dags/example_external_task_marker_dag.py
[2024-05-14T02:11:55.208+0000] {processor.py:830} INFO - Processing file /home/airflow/.local/lib/python3.12/site-packages/airflow/example_dags/example_external_task_marker_dag.py for tasks to queue
[2024-05-14T02:11:55.210+0000] {logging_mixin.py:188} INFO - [2024-05-14T02:11:55.210+0000] {dagbag.py:545} INFO - Filling up the DagBag from /home/airflow/.local/lib/python3.12/site-packages/airflow/example_dags/example_external_task_marker_dag.py
[2024-05-14T02:11:55.216+0000] {processor.py:840} INFO - DAG(s) 'example_external_task_marker_child', 'example_external_task_marker_parent' retrieved from /home/airflow/.local/lib/python3.12/site-packages/airflow/example_dags/example_external_task_marker_dag.py
[2024-05-14T02:11:55.235+0000] {logging_mixin.py:188} INFO - [2024-05-14T02:11:55.235+0000] {dag.py:3096} INFO - Sync 2 DAGs
[2024-05-14T02:11:55.244+0000] {logging_mixin.py:188} INFO - [2024-05-14T02:11:55.244+0000] {dag.py:3954} INFO - Setting next_dagrun for example_external_task_marker_child to None, run_after=None
[2024-05-14T02:11:55.248+0000] {logging_mixin.py:188} INFO - [2024-05-14T02:11:55.248+0000] {dag.py:3954} INFO - Setting next_dagrun for example_external_task_marker_parent to None, run_after=None
[2024-05-14T02:11:55.258+0000] {processor.py:183} INFO - Processing /home/airflow/.local/lib/python3.12/site-packages/airflow/example_dags/example_external_task_marker_dag.py took 0.063 seconds
[2024-05-14T02:12:26.102+0000] {processor.py:161} INFO - Started process (PID=2190) to work on /home/airflow/.local/lib/python3.12/site-packages/airflow/example_dags/example_external_task_marker_dag.py
[2024-05-14T02:12:26.105+0000] {processor.py:830} INFO - Processing file /home/airflow/.local/lib/python3.12/site-packages/airflow/example_dags/example_external_task_marker_dag.py for tasks to queue
[2024-05-14T02:12:26.107+0000] {logging_mixin.py:188} INFO - [2024-05-14T02:12:26.107+0000] {dagbag.py:545} INFO - Filling up the DagBag from /home/airflow/.local/lib/python3.12/site-packages/airflow/example_dags/example_external_task_marker_dag.py
[2024-05-14T02:12:26.114+0000] {processor.py:840} INFO - DAG(s) 'example_external_task_marker_parent', 'example_external_task_marker_child' retrieved from /home/airflow/.local/lib/python3.12/site-packages/airflow/example_dags/example_external_task_marker_dag.py
[2024-05-14T02:12:26.132+0000] {logging_mixin.py:188} INFO - [2024-05-14T02:12:26.132+0000] {dag.py:3096} INFO - Sync 2 DAGs
[2024-05-14T02:12:26.141+0000] {logging_mixin.py:188} INFO - [2024-05-14T02:12:26.141+0000] {dag.py:3954} INFO - Setting next_dagrun for example_external_task_marker_child to None, run_after=None
[2024-05-14T02:12:26.144+0000] {logging_mixin.py:188} INFO - [2024-05-14T02:12:26.143+0000] {dag.py:3954} INFO - Setting next_dagrun for example_external_task_marker_parent to None, run_after=None
[2024-05-14T02:12:26.153+0000] {processor.py:183} INFO - Processing /home/airflow/.local/lib/python3.12/site-packages/airflow/example_dags/example_external_task_marker_dag.py took 0.059 seconds
